INFO: Seed: 2253744631
INFO: Loaded 1 modules   (6960 inline 8-bit counters): 6960 [0xb584c0, 0xb59ff0), 
INFO: Loaded 1 PC tables (6960 PCs): 6960 [0x8c5310,0x8e0610), 
/out/read_pem: Running 1 inputs 1 time(s) each.
Running: /tmp/poc
Uninitialized bytes in __interceptor_memcmp at offset 2 inside [0x7ffeb88796a0, 11)
==13==WARNING: MemorySanitizer: use-of-uninitialized-value
    #0 0x59b667 in PEM_read_bio /src/boringssl/crypto/pem/pem_lib.c:640:13
    #1 0x58af74 in LLVMFuzzerTestOneInput /src/boringssl/fuzz/read_pem.cc:28:7
    #2 0x4e9fa6 in fuzzer::Fuzzer::ExecuteCallback(unsigned char const*, unsigned long) /src/libfuzzer/FuzzerLoop.cpp:570:15
    #3 0x4a3386 in fuzzer::RunOneTest(fuzzer::Fuzzer*, char const*, unsigned long) /src/libfuzzer/FuzzerDriver.cpp:280:6
    #4 0x4b3e0b in fuzzer::FuzzerDriver(int*, char***, int (*)(unsigned char const*, unsigned long)) /src/libfuzzer/FuzzerDriver.cpp:713:9
    #5 0x4a24b1 in main /src/libfuzzer/FuzzerMain.cpp:20:10
    #6 0x77cbafae383f in __libc_start_main (/lib/x86_64-linux-gnu/libc.so.6+0x2083f)
    #7 0x41f008 in _start (/out/read_pem+0x41f008)

DEDUP_TOKEN: PEM_read_bio--LLVMFuzzerTestOneInput--fuzzer::Fuzzer::ExecuteCallback(unsigned char const*, unsigned long)
  Uninitialized value was created by an allocation of 'buf' in the stack frame of function 'PEM_read_bio'
    #0 0x59b190 in PEM_read_bio /src/boringssl/crypto/pem/pem_lib.c:607

DEDUP_TOKEN: PEM_read_bio
SUMMARY: MemorySanitizer: use-of-uninitialized-value /src/boringssl/crypto/pem/pem_lib.c:640:13 in PEM_read_bio
Exiting
