INFO: Seed: 2281210115
INFO: Loaded 1 modules   (6761 inline 8-bit counters): 6761 [0xb64588, 0xb65ff1), 
INFO: Loaded 1 PC tables (6761 PCs): 6761 [0x89f0a0,0x8b9730), 
/out/libssh_server_fuzzer: Running 1 inputs 1 time(s) each.
Running: /tmp/poc
=================================================================
==13==ERROR: AddressSanitizer: stack-buffer-overflow on address 0x73cbdf54f9b0 at pc 0x00000062949b bp 0x7ffc65ef71b0 sp 0x7ffc65ef71a8
READ of size 8 at 0x73cbdf54f9b0 thread T0
SCARINESS: 38 (8-byte-read-stack-buffer-overflow)
    #0 0x62949a in ssh_buffer_unpack_va /src/libssh/src/buffer.c:1274:17
    #1 0x6299a7 in _ssh_buffer_unpack /src/libssh/src/buffer.c:1329:10
    #2 0x5cee28 in ssh_packet_userauth_request /src/libssh/src/messages.c:780:10
    #3 0x5dd744 in ssh_packet_process /src/libssh/src/packet.c:462:5
    #4 0x5dd0d2 in ssh_packet_socket_callback /src/libssh/src/packet.c:349:13
    #5 0x5f093d in ssh_socket_pollcallback /src/libssh/src/socket.c:298:25
    #6 0x63b97d in ssh_poll_ctx_dopoll /src/libssh/src/poll.c:630:27
    #7 0x5ef2a7 in ssh_handle_packets /src/libssh/src/session.c:627:10
    #8 0x5eed82 in ssh_handle_packets_termination /src/libssh/src/session.c:689:15
    #9 0x60f9e2 in ssh_handle_key_exchange /src/libssh/src/server.c:648:10
    #10 0x530b27 in LLVMFuzzerTestOneInput /src/libssh/tests/fuzz/ssh_server_fuzzer.cpp:83:9
    #11 0x55b338 in fuzzer::Fuzzer::ExecuteCallback(unsigned char const*, unsigned long) /src/libfuzzer/FuzzerLoop.cpp:570:15
    #12 0x53180a in fuzzer::RunOneTest(fuzzer::Fuzzer*, char const*, unsigned long) /src/libfuzzer/FuzzerDriver.cpp:280:6
    #13 0x53d083 in fuzzer::FuzzerDriver(int*, char***, int (*)(unsigned char const*, unsigned long)) /src/libfuzzer/FuzzerDriver.cpp:713:9
    #14 0x530e8c in main /src/libfuzzer/FuzzerMain.cpp:20:10
    #15 0x73cbde4f183f in __libc_start_main (/lib/x86_64-linux-gnu/libc.so.6+0x2083f)
    #16 0x41d728 in _start (/out/libssh_server_fuzzer+0x41d728)

DEDUP_TOKEN: ssh_buffer_unpack_va--_ssh_buffer_unpack--ssh_packet_userauth_request
Address 0x73cbdf54f9b0 is located in stack of thread T0 at offset 176 in frame
    #0 0x5ce6df in ssh_packet_userauth_request /src/libssh/src/messages.c:696

DEDUP_TOKEN: ssh_packet_userauth_request
  This frame has 6 object(s):
    [32, 40) 'service' (line 698)
    [64, 72) 'method' (line 699)
    [96, 97) 'tmp107' (line 733)
    [112, 120) 'algo' (line 774)
    [144, 152) 'pubkey_blob' (line 775)
    [176, 177) 'has_sign' (line 776) <== Memory access at offset 176 partially overflows this variable
HINT: this may be a false positive if your program uses some custom stack unwind mechanism, swapcontext or vfork
      (longjmp and C++ exceptions *are* supported)
SUMMARY: AddressSanitizer: stack-buffer-overflow /src/libssh/src/buffer.c:1274:17 in ssh_buffer_unpack_va
Shadow bytes around the buggy address:
  0x0e79fbea1ee0: f5 f5 f5 f5 f5 f5 f5 f5 f5 f5 f5 f5 f5 f5 f5 f5
  0x0e79fbea1ef0: f5 f5 f5 f5 f5 f5 f5 f5 f5 f5 f5 f5 f5 f5 f5 f5
  0x0e79fbea1f00: f5 f5 f5 f5 f5 f5 f5 f5 f5 f5 f5 f5 f5 f5 f5 f5
  0x0e79fbea1f10: f5 f5 f5 f5 f5 f5 f5 f5 f5 f5 f5 f5 f5 f5 f5 f5
  0x0e79fbea1f20: f1 f1 f1 f1 00 f2 f2 f2 00 f2 f2 f2 f8 f2 00 f2
=>0x0e79fbea1f30: f2 f2 00 f2 f2 f2[01]f3 00 00 00 00 00 00 00 00
  0x0e79fbea1f40: 00 00 00 00 00 00 00 00 00 00 00 00 00 00 00 00
  0x0e79fbea1f50: 00 00 00 00 00 00 00 00 00 00 00 00 00 00 00 00
  0x0e79fbea1f60: 00 00 00 00 00 00 00 00 00 00 00 00 00 00 00 00
  0x0e79fbea1f70: 00 00 00 00 00 00 00 00 00 00 00 00 00 00 00 00
  0x0e79fbea1f80: 00 00 00 00 00 00 00 00 00 00 00 00 00 00 00 00
Shadow byte legend (one shadow byte represents 8 application bytes):
  Addressable:           00
  Partially addressable: 01 02 03 04 05 06 07 
  Heap left redzone:       fa
  Freed heap region:       fd
  Stack left redzone:      f1
  Stack mid redzone:       f2
  Stack right redzone:     f3
  Stack after return:      f5
  Stack use after scope:   f8
  Global redzone:          f9
  Global init order:       f6
  Poisoned by user:        f7
  Container overflow:      fc
  Array cookie:            ac
  Intra object redzone:    bb
  ASan internal:           fe
  Left alloca redzone:     ca
  Right alloca redzone:    cb
  Shadow gap:              cc
==13==ABORTING
