INFO: Seed: 2299643197
INFO: Loaded 1 modules   (14270 inline 8-bit counters): 14270 [0xa45cd0, 0xa4948e), 
INFO: Loaded 1 PC tables (14270 PCs): 14270 [0xa49490,0xa81070), 
/out/hb-shape-fuzzer: Running 1 inputs 1 time(s) each.
Running: /tmp/poc
=================================================================
==13==ERROR: AddressSanitizer: heap-buffer-overflow on address 0x60300000011c at pc 0x0000005d4410 bp 0x7ffd81faf790 sp 0x7ffd81faf788
READ of size 1 at 0x60300000011c thread T0
SCARINESS: 12 (1-byte-read-heap-buffer-overflow)
    #0 0x5d440f in BEInt<unsigned int, 4>::operator unsigned int() const /src/harfbuzz/src/./hb-machinery.hh:693:13
    #1 0x6716b2 in OT::kern::has_data() const /src/harfbuzz/src/./hb-ot-kern-table.hh:419:12
    #2 0x667b28 in hb_ot_layout_has_kerning(hb_face_t*) /src/harfbuzz/src/hb-ot-layout.cc:99:27
    #3 0x60ad78 in hb_ot_shape_planner_t::compile(hb_ot_shape_plan_t&, int const*, unsigned int) /src/harfbuzz/src/hb-ot-shape.cc:72:41
    #4 0x60b8b7 in _hb_ot_shaper_shape_plan_data_create /src/harfbuzz/src/hb-ot-shape.cc:241:11
    #5 0x5f32de in hb_shape_plan_plan(hb_shape_plan_t*, hb_feature_t const*, unsigned int, int const*, unsigned int, char const* const*) /src/harfbuzz/src/./hb-shaper-list.hh:43:1
    #6 0x5f303a in hb_shape_plan_create2 /src/harfbuzz/src/hb-shape-plan.cc:198:3
    #7 0x5f4336 in hb_shape_plan_create_cached2 /src/harfbuzz/src/hb-shape-plan.cc:534:33
    #8 0x5f284d in hb_shape_full /src/harfbuzz/src/hb-shape.cc:137:33
    #9 0x53047c in LLVMFuzzerTestOneInput /src/harfbuzz/./test/fuzzing/hb-shape-fuzzer.cc:20:5
    #10 0x55ae75 in fuzzer::Fuzzer::ExecuteCallback(unsigned char const*, unsigned long) /src/libfuzzer/FuzzerLoop.cpp:570:15
    #11 0x53112d in fuzzer::RunOneTest(fuzzer::Fuzzer*, char const*, unsigned long) /src/libfuzzer/FuzzerDriver.cpp:280:6
    #12 0x53c976 in fuzzer::FuzzerDriver(int*, char***, int (*)(unsigned char const*, unsigned long)) /src/libfuzzer/FuzzerDriver.cpp:713:9
    #13 0x5307ac in main /src/libfuzzer/FuzzerMain.cpp:20:10
    #14 0x7638d480783f in __libc_start_main (/lib/x86_64-linux-gnu/libc.so.6+0x2083f)
    #15 0x41cfa8 in _start (/out/hb-shape-fuzzer+0x41cfa8)

DEDUP_TOKEN: BEInt<unsigned int, 4>::operator unsigned int() const--OT::kern::has_data() const--hb_ot_layout_has_kerning(hb_face_t*)
0x60300000011c is located 0 bytes to the right of 28-byte region [0x603000000100,0x60300000011c)
allocated by thread T0 here:
    #0 0x52bfe8 in operator new[](unsigned long) /src/llvm/projects/compiler-rt/lib/asan/asan_new_delete.cc:109
    #1 0x55ac27 in fuzzer::Fuzzer::ExecuteCallback(unsigned char const*, unsigned long) /src/libfuzzer/FuzzerLoop.cpp:557:23
    #2 0x53112d in fuzzer::RunOneTest(fuzzer::Fuzzer*, char const*, unsigned long) /src/libfuzzer/FuzzerDriver.cpp:280:6
    #3 0x53c976 in fuzzer::FuzzerDriver(int*, char***, int (*)(unsigned char const*, unsigned long)) /src/libfuzzer/FuzzerDriver.cpp:713:9
    #4 0x5307ac in main /src/libfuzzer/FuzzerMain.cpp:20:10
    #5 0x7638d480783f in __libc_start_main (/lib/x86_64-linux-gnu/libc.so.6+0x2083f)

DEDUP_TOKEN: operator new[](unsigned long)--fuzzer::Fuzzer::ExecuteCallback(unsigned char const*, unsigned long)--fuzzer::RunOneTest(fuzzer::Fuzzer*, char const*, unsigned long)
SUMMARY: AddressSanitizer: heap-buffer-overflow /src/harfbuzz/src/./hb-machinery.hh:693:13 in BEInt<unsigned int, 4>::operator unsigned int() const
Shadow bytes around the buggy address:
  0x0c067fff7fd0: 00 00 00 00 00 00 00 00 00 00 00 00 00 00 00 00
  0x0c067fff7fe0: 00 00 00 00 00 00 00 00 00 00 00 00 00 00 00 00
  0x0c067fff7ff0: 00 00 00 00 00 00 00 00 00 00 00 00 00 00 00 00
  0x0c067fff8000: fa fa 00 00 00 fa fa fa 00 00 00 fa fa fa 00 00
  0x0c067fff8010: 00 fa fa fa 00 00 00 00 fa fa 00 00 00 04 fa fa
=>0x0c067fff8020: 00 00 00[04]fa fa 00 00 00 00 fa fa 00 00 00 00
  0x0c067fff8030: fa fa 00 00 00 fa fa fa fa fa fa fa fa fa fa fa
  0x0c067fff8040: fa fa fa fa fa fa fa fa fa fa fa fa fa fa fa fa
  0x0c067fff8050: fa fa fa fa fa fa fa fa fa fa fa fa fa fa fa fa
  0x0c067fff8060: fa fa fa fa fa fa fa fa fa fa fa fa fa fa fa fa
  0x0c067fff8070: fa fa fa fa fa fa fa fa fa fa fa fa fa fa fa fa
Shadow byte legend (one shadow byte represents 8 application bytes):
  Addressable:           00
  Partially addressable: 01 02 03 04 05 06 07 
  Heap left redzone:       fa
  Freed heap region:       fd
  Stack left redzone:      f1
  Stack mid redzone:       f2
  Stack right redzone:     f3
  Stack after return:      f5
  Stack use after scope:   f8
  Global redzone:          f9
  Global init order:       f6
  Poisoned by user:        f7
  Container overflow:      fc
  Array cookie:            ac
  Intra object redzone:    bb
  ASan internal:           fe
  Left alloca redzone:     ca
  Right alloca redzone:    cb
  Shadow gap:              cc
==13==ABORTING
