======================= INFO =========================
This binary is built for AFL-fuzz.
To run the target function on individual input(s) execute this:
  /out/ffmpeg_AV_CODEC_ID_HYMT_fuzzer < INPUT_FILE
or
  /out/ffmpeg_AV_CODEC_ID_HYMT_fuzzer INPUT_FILE1 [INPUT_FILE2 ... ]
To fuzz with afl-fuzz execute this:
  afl-fuzz [afl-flags] /out/ffmpeg_AV_CODEC_ID_HYMT_fuzzer [-N]
afl-fuzz will run N iterations before re-spawning the process (default: 1000)
======================================================
Reading 1025 bytes from /tmp/poc
AddressSanitizer:DEADLYSIGNAL
=================================================================
==13==ERROR: AddressSanitizer: SEGV on unknown address 0x627ffffffd40 (pc 0x0000007ac0b0 bp 0x7ffea0c6fff0 sp 0x7ffea0c6fdf8 T0)
==13==The signal is caused by a WRITE memory access.
SCARINESS: 30 (wild-addr-write)
    #0 0x7ac0af in ff_add_hfyu_left_pred_bgr32_sse2 (/out/ffmpeg_AV_CODEC_ID_HYMT_fuzzer+0x7ac0af)

DEDUP_TOKEN: ff_add_hfyu_left_pred_bgr32_sse2
AddressSanitizer can not provide additional info.
SUMMARY: AddressSanitizer: SEGV (/out/ffmpeg_AV_CODEC_ID_HYMT_fuzzer+0x7ac0af) in ff_add_hfyu_left_pred_bgr32_sse2
==13==ABORTING
