INFO: Seed: 2333834907
INFO: Loaded 1 modules   (6461 inline 8-bit counters): 6461 [0x9a6270, 0x9a7bad), 
INFO: Loaded 1 PC tables (6461 PCs): 6461 [0x7130f0,0x72c4c0), 
/out/dex_fuzzer: Running 1 inputs 1 time(s) each.
Running: /tmp/poc
=================================================================
==13==ERROR: AddressSanitizer: heap-buffer-overflow on address 0x60c000000231 at pc 0x000000568461 bp 0x7fff304a8490 sp 0x7fff304a8488
READ of size 1 at 0x60c000000231 thread T0
SCARINESS: 12 (1-byte-read-heap-buffer-overflow)
    #0 0x568460 in read_uleb128 /src/yara/libyara/modules/dex.c:241:15
    #1 0x5691ec in load_encoded_field /src/yara/libyara/modules/dex.c:372:43
    #2 0x56d986 in dex_parse /src/yara/libyara/modules/dex.c:966:25
    #3 0x5705d0 in dex__load /src/yara/libyara/modules/dex.c:1129:7
    #4 0x532008 in yr_modules_load /src/yara/libyara/modules.c:175:16
    #5 0x586557 in yr_execute_code /src/yara/libyara/exec.c:863:18
    #6 0x53b391 in yr_scanner_scan_mem_blocks /src/yara/libyara/scanner.c:438:3
    #7 0x538613 in yr_rules_scan_mem_blocks /src/yara/libyara/rules.c:215:12
    #8 0x538872 in yr_rules_scan_mem /src/yara/libyara/rules.c:265:10
    #9 0x521828 in LLVMFuzzerTestOneInput /src/yara/tests/oss-fuzz/dex_fuzzer.cc:43:3
    #10 0x5eab41 in fuzzer::Fuzzer::ExecuteCallback(unsigned char const*, unsigned long) /src/libfuzzer/FuzzerLoop.cpp:515:13
    #11 0x5c1eea in fuzzer::RunOneTest(fuzzer::Fuzzer*, char const*, unsigned long) /src/libfuzzer/FuzzerDriver.cpp:280:6
    #12 0x5cd72b in fuzzer::FuzzerDriver(int*, char***, int (*)(unsigned char const*, unsigned long)) /src/libfuzzer/FuzzerDriver.cpp:703:9
    #13 0x5c158c in main /src/libfuzzer/FuzzerMain.cpp:20:10
    #14 0x7b230227983f in __libc_start_main (/lib/x86_64-linux-gnu/libc.so.6+0x2083f)
    #15 0x41ccc8 in _start (/out/dex_fuzzer+0x41ccc8)

DEDUP_TOKEN: read_uleb128--load_encoded_field--dex_parse
0x60c000000231 is located 0 bytes to the right of 113-byte region [0x60c0000001c0,0x60c000000231)
allocated by thread T0 here:
    #0 0x51d428 in operator new[](unsigned long) /src/llvm/projects/compiler-rt/lib/asan/asan_new_delete.cc:95
    #1 0x5ea928 in fuzzer::Fuzzer::ExecuteCallback(unsigned char const*, unsigned long) /src/libfuzzer/FuzzerLoop.cpp:506:23
    #2 0x5c1eea in fuzzer::RunOneTest(fuzzer::Fuzzer*, char const*, unsigned long) /src/libfuzzer/FuzzerDriver.cpp:280:6
    #3 0x5cd72b in fuzzer::FuzzerDriver(int*, char***, int (*)(unsigned char const*, unsigned long)) /src/libfuzzer/FuzzerDriver.cpp:703:9
    #4 0x5c158c in main /src/libfuzzer/FuzzerMain.cpp:20:10
    #5 0x7b230227983f in __libc_start_main (/lib/x86_64-linux-gnu/libc.so.6+0x2083f)

DEDUP_TOKEN: operator new[](unsigned long)--fuzzer::Fuzzer::ExecuteCallback(unsigned char const*, unsigned long)--fuzzer::RunOneTest(fuzzer::Fuzzer*, char const*, unsigned long)
SUMMARY: AddressSanitizer: heap-buffer-overflow /src/yara/libyara/modules/dex.c:241:15 in read_uleb128
Shadow bytes around the buggy address:
  0x0c187fff7ff0: 00 00 00 00 00 00 00 00 00 00 00 00 00 00 00 00
  0x0c187fff8000: fa fa fa fa fa fa fa fa 00 00 00 00 00 00 00 00
  0x0c187fff8010: 00 00 00 00 00 00 00 fa fa fa fa fa fa fa fa fa
  0x0c187fff8020: 00 00 00 00 00 00 00 00 00 00 00 00 00 00 01 fa
  0x0c187fff8030: fa fa fa fa fa fa fa fa 00 00 00 00 00 00 00 00
=>0x0c187fff8040: 00 00 00 00 00 00[01]fa fa fa fa fa fa fa fa fa
  0x0c187fff8050: 00 00 00 00 00 00 00 00 00 00 00 00 00 00 00 fa
  0x0c187fff8060: fa fa fa fa fa fa fa fa fa fa fa fa fa fa fa fa
  0x0c187fff8070: fa fa fa fa fa fa fa fa fa fa fa fa fa fa fa fa
  0x0c187fff8080: fa fa fa fa fa fa fa fa fa fa fa fa fa fa fa fa
  0x0c187fff8090: fa fa fa fa fa fa fa fa fa fa fa fa fa fa fa fa
Shadow byte legend (one shadow byte represents 8 application bytes):
  Addressable:           00
  Partially addressable: 01 02 03 04 05 06 07 
  Heap left redzone:       fa
  Freed heap region:       fd
  Stack left redzone:      f1
  Stack mid redzone:       f2
  Stack right redzone:     f3
  Stack after return:      f5
  Stack use after scope:   f8
  Global redzone:          f9
  Global init order:       f6
  Poisoned by user:        f7
  Container overflow:      fc
  Array cookie:            ac
  Intra object redzone:    bb
  ASan internal:           fe
  Left alloca redzone:     ca
  Right alloca redzone:    cb
==13==ABORTING
