======================= INFO =========================
This binary is built for AFL-fuzz.
To run the target function on individual input(s) execute this:
  /out/fuzz_format_sav < INPUT_FILE
or
  /out/fuzz_format_sav INPUT_FILE1 [INPUT_FILE2 ... ]
To fuzz with afl-fuzz execute this:
  afl-fuzz [afl-flags] /out/fuzz_format_sav [-N]
afl-fuzz will run N iterations before re-spawning the process (default: 1000)
======================================================
Reading 683 bytes from /tmp/poc
AddressSanitizer:DEADLYSIGNAL
=================================================================
==13==ERROR: AddressSanitizer: SEGV on unknown address 0x000000202010 (pc 0x000000428391 bp 0x7fff6fc5ab80 sp 0x7fff6fc5ab10 T0)
==13==The signal is caused by a WRITE memory access.
SCARINESS: 30 (wild-addr-write)
    #0 0x428390 in bool __sanitizer::atomic_compare_exchange_strong<__sanitizer::atomic_uint8_t>(__sanitizer::atomic_uint8_t volatile*, __sanitizer::atomic_uint8_t::Type*, __sanitizer::atomic_uint8_t::Type, __sanitizer::memory_order) /src/llvm/projects/compiler-rt/lib/asan/../sanitizer_common/sanitizer_atomic_clang.h:81
    #1 0x428390 in __asan::Allocator::AtomicallySetQuarantineFlagIfAllocated(__asan::AsanChunk*, void*, __sanitizer::BufferedStackTrace*) /src/llvm/projects/compiler-rt/lib/asan/asan_allocator.cc:554
    #2 0x428390 in __asan::Allocator::Deallocate(void*, unsigned long, unsigned long, __sanitizer::BufferedStackTrace*, __asan::AllocType) /src/llvm/projects/compiler-rt/lib/asan/asan_allocator.cc:631
    #3 0x428390 in __asan::asan_free(void*, __sanitizer::BufferedStackTrace*, __asan::AllocType) /src/llvm/projects/compiler-rt/lib/asan/asan_allocator.cc:867
    #4 0x4ef4ab in __interceptor_free /src/llvm/projects/compiler-rt/lib/asan/asan_malloc_linux.cc:129
    #5 0x540909 in spss_varinfo_free /src/readstat/src/spss/readstat_spss.c:79:13
    #6 0x53af59 in sav_read_variable_record /src/readstat/src/spss/readstat_sav_read.c:369:9
    #7 0x53797d in sav_parse_records_pass2 /src/readstat/src/spss/readstat_sav_read.c:1222:31
    #8 0x5367b3 in readstat_parse_sav /src/readstat/src/spss/readstat_sav_read.c:1456:19
    #9 0x535326 in LLVMFuzzerTestOneInput /src/readstat/src/fuzz/fuzz_format_sav.c:17:5
    #10 0x5507da in ExecuteFilesOnyByOne(int, char**) /src/libfuzzer/afl/afl_driver.cpp:300:5
    #11 0x550d3e in main /src/libfuzzer/afl/afl_driver.cpp:338:12
    #12 0x79d94f8b483f in __libc_start_main (/lib/x86_64-linux-gnu/libc.so.6+0x2083f)
    #13 0x41d078 in _start (/out/fuzz_format_sav+0x41d078)

DEDUP_TOKEN: bool __sanitizer::atomic_compare_exchange_strong<__sanitizer::atomic_uint8_t>(__sanitizer::atomic_uint8_t volatile*, __sanitizer::atomic_uint8_t::Type*, __sanitizer::atomic_uint8_t::Type, __sanitizer::memory_order)--__asan::Allocator::AtomicallySetQuarantineFlagIfAllocated(__asan::AsanChunk*, void*, __sanitizer::BufferedStackTrace*)--__asan::Allocator::Deallocate(void*, unsigned long, unsigned long, __sanitizer::BufferedStackTrace*, __asan::AllocType)
AddressSanitizer can not provide additional info.
SUMMARY: AddressSanitizer: SEGV /src/llvm/projects/compiler-rt/lib/asan/../sanitizer_common/sanitizer_atomic_clang.h:81 in bool __sanitizer::atomic_compare_exchange_strong<__sanitizer::atomic_uint8_t>(__sanitizer::atomic_uint8_t volatile*, __sanitizer::atomic_uint8_t::Type*, __sanitizer::atomic_uint8_t::Type, __sanitizer::memory_order)
==13==ABORTING
