======================= INFO =========================
This binary is built for AFL-fuzz.
To run the target function on individual input(s) execute this:
  /out/cli-uart-received-fuzzer < INPUT_FILE
or
  /out/cli-uart-received-fuzzer INPUT_FILE1 [INPUT_FILE2 ... ]
To fuzz with afl-fuzz execute this:
  afl-fuzz [afl-flags] /out/cli-uart-received-fuzzer [-N]
afl-fuzz will run N iterations before re-spawning the process (default: 1000)
======================================================
Reading 3396 bytes from /tmp/poc
AddressSanitizer:DEADLYSIGNAL
=================================================================
==13==ERROR: AddressSanitizer: SEGV on unknown address 0x000001c77296 (pc 0x00000055e414 bp 0x7ffe5f739cc0 sp 0x7ffe5f739cb0 T0)
==13==The signal is caused by a READ memory access.
SCARINESS: 20 (wild-addr-read)
    #0 0x55e413 in ot::Mac::LinkRaw::IsEnabled() const /src/openthread/src/core/./mac/link_raw.hpp:83:41
    #1 0x55e355 in otIp6SetEnabled /src/openthread/src/core/api/ip6_api.cpp
    #2 0x53f4a5 in ot::Cli::Interpreter::ProcessIfconfig(int, char**) /src/openthread/src/cli/cli.cpp
    #3 0x550702 in ot::Cli::Interpreter::ProcessLine(char*, unsigned short, ot::Cli::Server&) /src/openthread/src/cli/cli.cpp:3775:13
    #4 0x536318 in ot::Cli::Uart::ProcessCommand() /src/openthread/src/cli/cli_uart.cpp:259:22
    #5 0x535f8b in ot::Cli::Uart::ReceiveTask(unsigned char const*, unsigned short) /src/openthread/src/cli/cli_uart.cpp:178:17
    #6 0x534e90 in LLVMFuzzerTestOneInput /src/openthread/tests/fuzz/cli_uart_received.cpp:66:5
    #7 0x67d75a in ExecuteFilesOnyByOne(int, char**) /src/libfuzzer/afl/afl_driver.cpp:300:5
    #8 0x67dcbe in main /src/libfuzzer/afl/afl_driver.cpp:338:12
    #9 0x70a92045b83f in __libc_start_main (/lib/x86_64-linux-gnu/libc.so.6+0x2083f)
    #10 0x41ce78 in _start (/out/cli-uart-received-fuzzer+0x41ce78)

DEDUP_TOKEN: ot::Mac::LinkRaw::IsEnabled() const--otIp6SetEnabled--ot::Cli::Interpreter::ProcessIfconfig(int, char**)
AddressSanitizer can not provide additional info.
SUMMARY: AddressSanitizer: SEGV /src/openthread/src/core/./mac/link_raw.hpp:83:41 in ot::Mac::LinkRaw::IsEnabled() const
==13==ABORTING
