INFO: Seed: 2232715922
INFO: Loaded 1 modules   (211094 inline 8-bit counters): 211094 [0x4765888, 0x479911e), 
INFO: Loaded 1 PC tables (211094 PCs): 211094 [0x4799120,0x4ad1a80), 
/out/api_raster_n32_canvas: Running 1 inputs 1 time(s) each.
Running: /tmp/poc
==13==WARNING: MemorySanitizer: use-of-uninitialized-value
    #0 0xde1206 in allTrue /src/skia/out/Fuzz_mem_constraints/../../include/private/SkNx_sse.h:217:48
    #1 0xde1206 in SkRect::setBoundsCheck(SkPoint const*, int) /src/skia/out/Fuzz_mem_constraints/../../src/core/SkRect.cpp:72
    #2 0x9fff9f in SkPathRef::computeBounds() const /src/skia/out/Fuzz_mem_constraints/../../include/core/../private/SkPathRef.h:381:21
    #3 0xb5d632 in SkPathRef::isFinite() const /src/skia/out/Fuzz_mem_constraints/../../include/core/../private/SkPathRef.h:159:19
    #4 0xd681d7 in SkPaint::getFillPath(SkPath const&, SkPath*, SkRect const*, float) const /src/skia/out/Fuzz_mem_constraints/../../src/core/SkPaint.cpp:547:15
    #5 0xbb8784 in SkDraw::drawPath(SkPath const&, SkPaint const&, SkMatrix const*, bool, bool, SkBlitter*) const /src/skia/out/Fuzz_mem_constraints/../../src/core/SkDraw.cpp:952:25
    #6 0xbb351c in SkDraw::drawPath(SkPath const&, SkPaint const&, SkMatrix const*, bool) const /src/skia/out/Fuzz_mem_constraints/../../src/core/SkDraw.h:56:15
    #7 0x22f05d3 in SkBitmapDevice::drawPath(SkPath const&, SkPaint const&, bool) /src/skia/out/Fuzz_mem_constraints/../../src/core/SkBitmapDevice.cpp:398:15
    #8 0xb4a768 in SkCanvas::onDrawPath(SkPath const&, SkPaint const&) /src/skia/out/Fuzz_mem_constraints/../../src/core/SkCanvas.cpp:2222:23
    #9 0xb3e324 in SkCanvas::drawPath(SkPath const&, SkPaint const&) /src/skia/out/Fuzz_mem_constraints/../../src/core/SkCanvas.cpp:1754:11
    #10 0x994af6 in fuzz_canvas(Fuzz*, SkCanvas*, int) /src/skia/out/Fuzz_mem_constraints/../../fuzz/FuzzCanvas.cpp:1276:25
    #11 0x998af0 in fuzz_RasterN32Canvas(Fuzz*) /src/skia/out/Fuzz_mem_constraints/../../fuzz/FuzzCanvas.cpp:1577:5
    #12 0x9c9c9f in LLVMFuzzerTestOneInput /src/skia/out/Fuzz_mem_constraints/../../fuzz/oss_fuzz/FuzzRasterN32Canvas.cpp:17:5
    #13 0x908753 in fuzzer::Fuzzer::ExecuteCallback(unsigned char const*, unsigned long) /src/libfuzzer/FuzzerLoop.cpp:527:15
    #14 0x8b71a2 in fuzzer::RunOneTest(fuzzer::Fuzzer*, char const*, unsigned long) /src/libfuzzer/FuzzerDriver.cpp:285:6
    #15 0x8ca3eb in fuzzer::FuzzerDriver(int*, char***, int (*)(unsigned char const*, unsigned long)) /src/libfuzzer/FuzzerDriver.cpp:759:9
    #16 0x8b62d1 in main /src/libfuzzer/FuzzerMain.cpp:19:10
    #17 0x7fa2c2d3083f in __libc_start_main (/lib/x86_64-linux-gnu/libc.so.6+0x2083f)
    #18 0x83ff18 in _start (/out/api_raster_n32_canvas+0x83ff18)

DEDUP_TOKEN: allTrue--SkRect::setBoundsCheck(SkPoint const*, int)--SkPathRef::computeBounds() const
  Uninitialized value was stored to memory at
    #0 0xb55025 in SkPoint::set(float, float) /src/skia/out/Fuzz_mem_constraints/../../include/core/SkPoint.h:208:12
    #1 0xd7462b in SkPath::moveTo(float, float) /src/skia/out/Fuzz_mem_constraints/../../src/core/SkPath.cpp:786:33
    #2 0x2ce809c in SkContourMeasure::getSegment(float, float, SkPath*, bool) const /src/skia/out/Fuzz_mem_constraints/../../src/core/SkContourMeasure.cpp:600:14
    #3 0x23e0ee4 in SkPathMeasure::getSegment(float, float, SkPath*, bool) /src/skia/out/Fuzz_mem_constraints/../../src/core/SkPathMeasure.cpp:39:34
    #4 0x1085f5c in SkDiscretePathEffect::onFilterPath(SkPath*, SkPath const&, SkStrokeRec*, SkRect const*) const /src/skia/out/Fuzz_mem_constraints/../../src/effects/SkDiscretePathEffect.cpp:107:18
    #5 0xd9c37f in SkPathEffect::filterPath(SkPath*, SkPath const&, SkStrokeRec*, SkRect const*) const /src/skia/out/Fuzz_mem_constraints/../../src/core/SkPathEffect.cpp:21:15
    #6 0xd68064 in SkPaint::getFillPath(SkPath const&, SkPath*, SkRect const*, float) const /src/skia/out/Fuzz_mem_constraints/../../src/core/SkPaint.cpp:531:37
    #7 0xbb8784 in SkDraw::drawPath(SkPath const&, SkPaint const&, SkMatrix const*, bool, bool, SkBlitter*) const /src/skia/out/Fuzz_mem_constraints/../../src/core/SkDraw.cpp:952:25
    #8 0xbb351c in SkDraw::drawPath(SkPath const&, SkPaint const&, SkMatrix const*, bool) const /src/skia/out/Fuzz_mem_constraints/../../src/core/SkDraw.h:56:15
    #9 0x22f05d3 in SkBitmapDevice::drawPath(SkPath const&, SkPaint const&, bool) /src/skia/out/Fuzz_mem_constraints/../../src/core/SkBitmapDevice.cpp:398:15
    #10 0xb4a768 in SkCanvas::onDrawPath(SkPath const&, SkPaint const&) /src/skia/out/Fuzz_mem_constraints/../../src/core/SkCanvas.cpp:2222:23
    #11 0xb3e324 in SkCanvas::drawPath(SkPath const&, SkPaint const&) /src/skia/out/Fuzz_mem_constraints/../../src/core/SkCanvas.cpp:1754:11
    #12 0x994af6 in fuzz_canvas(Fuzz*, SkCanvas*, int) /src/skia/out/Fuzz_mem_constraints/../../fuzz/FuzzCanvas.cpp:1276:25
    #13 0x998af0 in fuzz_RasterN32Canvas(Fuzz*) /src/skia/out/Fuzz_mem_constraints/../../fuzz/FuzzCanvas.cpp:1577:5
    #14 0x9c9c9f in LLVMFuzzerTestOneInput /src/skia/out/Fuzz_mem_constraints/../../fuzz/oss_fuzz/FuzzRasterN32Canvas.cpp:17:5
    #15 0x908753 in fuzzer::Fuzzer::ExecuteCallback(unsigned char const*, unsigned long) /src/libfuzzer/FuzzerLoop.cpp:527:15
    #16 0x8b71a2 in fuzzer::RunOneTest(fuzzer::Fuzzer*, char const*, unsigned long) /src/libfuzzer/FuzzerDriver.cpp:285:6
    #17 0x8ca3eb in fuzzer::FuzzerDriver(int*, char***, int (*)(unsigned char const*, unsigned long)) /src/libfuzzer/FuzzerDriver.cpp:759:9
    #18 0x8b62d1 in main /src/libfuzzer/FuzzerMain.cpp:19:10
    #19 0x7fa2c2d3083f in __libc_start_main (/lib/x86_64-linux-gnu/libc.so.6+0x2083f)

DEDUP_TOKEN: SkPoint::set(float, float)--SkPath::moveTo(float, float)--SkContourMeasure::getSegment(float, float, SkPath*, bool) const
  Uninitialized value was stored to memory at
    #0 0xb55025 in SkPoint::set(float, float) /src/skia/out/Fuzz_mem_constraints/../../include/core/SkPoint.h:208:12
    #1 0x2ce734a in compute_pos_tan(SkPoint const*, unsigned int, float, SkPoint*, SkPoint*) /src/skia/out/Fuzz_mem_constraints/../../src/core/SkContourMeasure.cpp:377:22
    #2 0x2ce8069 in SkContourMeasure::getSegment(float, float, SkPath*, bool) const /src/skia/out/Fuzz_mem_constraints/../../src/core/SkContourMeasure.cpp:599:9
    #3 0x23e0ee4 in SkPathMeasure::getSegment(float, float, SkPath*, bool) /src/skia/out/Fuzz_mem_constraints/../../src/core/SkPathMeasure.cpp:39:34
    #4 0x1085f5c in SkDiscretePathEffect::onFilterPath(SkPath*, SkPath const&, SkStrokeRec*, SkRect const*) const /src/skia/out/Fuzz_mem_constraints/../../src/effects/SkDiscretePathEffect.cpp:107:18
    #5 0xd9c37f in SkPathEffect::filterPath(SkPath*, SkPath const&, SkStrokeRec*, SkRect const*) const /src/skia/out/Fuzz_mem_constraints/../../src/core/SkPathEffect.cpp:21:15
    #6 0xd68064 in SkPaint::getFillPath(SkPath const&, SkPath*, SkRect const*, float) const /src/skia/out/Fuzz_mem_constraints/../../src/core/SkPaint.cpp:531:37
    #7 0xbb8784 in SkDraw::drawPath(SkPath const&, SkPaint const&, SkMatrix const*, bool, bool, SkBlitter*) const /src/skia/out/Fuzz_mem_constraints/../../src/core/SkDraw.cpp:952:25
    #8 0xbb351c in SkDraw::drawPath(SkPath const&, SkPaint const&, SkMatrix const*, bool) const /src/skia/out/Fuzz_mem_constraints/../../src/core/SkDraw.h:56:15
    #9 0x22f05d3 in SkBitmapDevice::drawPath(SkPath const&, SkPaint const&, bool) /src/skia/out/Fuzz_mem_constraints/../../src/core/SkBitmapDevice.cpp:398:15
    #10 0xb4a768 in SkCanvas::onDrawPath(SkPath const&, SkPaint const&) /src/skia/out/Fuzz_mem_constraints/../../src/core/SkCanvas.cpp:2222:23
    #11 0xb3e324 in SkCanvas::drawPath(SkPath const&, SkPaint const&) /src/skia/out/Fuzz_mem_constraints/../../src/core/SkCanvas.cpp:1754:11
    #12 0x994af6 in fuzz_canvas(Fuzz*, SkCanvas*, int) /src/skia/out/Fuzz_mem_constraints/../../fuzz/FuzzCanvas.cpp:1276:25
    #13 0x998af0 in fuzz_RasterN32Canvas(Fuzz*) /src/skia/out/Fuzz_mem_constraints/../../fuzz/FuzzCanvas.cpp:1577:5
    #14 0x9c9c9f in LLVMFuzzerTestOneInput /src/skia/out/Fuzz_mem_constraints/../../fuzz/oss_fuzz/FuzzRasterN32Canvas.cpp:17:5
    #15 0x908753 in fuzzer::Fuzzer::ExecuteCallback(unsigned char const*, unsigned long) /src/libfuzzer/FuzzerLoop.cpp:527:15
    #16 0x8b71a2 in fuzzer::RunOneTest(fuzzer::Fuzzer*, char const*, unsigned long) /src/libfuzzer/FuzzerDriver.cpp:285:6
    #17 0x8ca3eb in fuzzer::FuzzerDriver(int*, char***, int (*)(unsigned char const*, unsigned long)) /src/libfuzzer/FuzzerDriver.cpp:759:9
    #18 0x8b62d1 in main /src/libfuzzer/FuzzerMain.cpp:19:10
    #19 0x7fa2c2d3083f in __libc_start_main (/lib/x86_64-linux-gnu/libc.so.6+0x2083f)

DEDUP_TOKEN: SkPoint::set(float, float)--compute_pos_tan(SkPoint const*, unsigned int, float, SkPoint*, SkPoint*)--SkContourMeasure::getSegment(float, float, SkPath*, bool) const
  Uninitialized value was created by a heap deallocation
    #0 0x87034c in cfree /src/llvm/projects/compiler-rt/lib/msan/msan_interceptors.cc:229
    #1 0xa02296 in SkTDArray<SkPoint>::~SkTDArray() /src/skia/out/Fuzz_mem_constraints/../../include/core/../private/SkTDArray.h:42:9
    #2 0x2ce87cb in SkContourMeasure::~SkContourMeasure() /src/skia/out/Fuzz_mem_constraints/../../include/core/SkContourMeasure.h:85:35
    #3 0x2ce8877 in SkContourMeasure::~SkContourMeasure() /src/skia/out/Fuzz_mem_constraints/../../include/core/SkContourMeasure.h:85:34
    #4 0x23e04c8 in sk_sp<SkContourMeasure>::operator=(sk_sp<SkContourMeasure>&&) /src/skia/out/Fuzz_mem_constraints/../../include/core/SkRefCnt.h:270:15
    #5 0x23e11c6 in SkPathMeasure::nextContour() /src/skia/out/Fuzz_mem_constraints/../../src/core/SkPathMeasure.cpp:47:14
    #6 0x10864bc in SkDiscretePathEffect::onFilterPath(SkPath*, SkPath const&, SkStrokeRec*, SkRect const*) const /src/skia/out/Fuzz_mem_constraints/../../src/effects/SkDiscretePathEffect.cpp:135:19
    #7 0xd9c37f in SkPathEffect::filterPath(SkPath*, SkPath const&, SkStrokeRec*, SkRect const*) const /src/skia/out/Fuzz_mem_constraints/../../src/core/SkPathEffect.cpp:21:15
    #8 0xd68064 in SkPaint::getFillPath(SkPath const&, SkPath*, SkRect const*, float) const /src/skia/out/Fuzz_mem_constraints/../../src/core/SkPaint.cpp:531:37
    #9 0xbb8784 in SkDraw::drawPath(SkPath const&, SkPaint const&, SkMatrix const*, bool, bool, SkBlitter*) const /src/skia/out/Fuzz_mem_constraints/../../src/core/SkDraw.cpp:952:25
    #10 0xbb351c in SkDraw::drawPath(SkPath const&, SkPaint const&, SkMatrix const*, bool) const /src/skia/out/Fuzz_mem_constraints/../../src/core/SkDraw.h:56:15
    #11 0x22f05d3 in SkBitmapDevice::drawPath(SkPath const&, SkPaint const&, bool) /src/skia/out/Fuzz_mem_constraints/../../src/core/SkBitmapDevice.cpp:398:15
    #12 0xb4a768 in SkCanvas::onDrawPath(SkPath const&, SkPaint const&) /src/skia/out/Fuzz_mem_constraints/../../src/core/SkCanvas.cpp:2222:23
    #13 0xb3e324 in SkCanvas::drawPath(SkPath const&, SkPaint const&) /src/skia/out/Fuzz_mem_constraints/../../src/core/SkCanvas.cpp:1754:11
    #14 0x994af6 in fuzz_canvas(Fuzz*, SkCanvas*, int) /src/skia/out/Fuzz_mem_constraints/../../fuzz/FuzzCanvas.cpp:1276:25
    #15 0x998af0 in fuzz_RasterN32Canvas(Fuzz*) /src/skia/out/Fuzz_mem_constraints/../../fuzz/FuzzCanvas.cpp:1577:5
    #16 0x9c9c9f in LLVMFuzzerTestOneInput /src/skia/out/Fuzz_mem_constraints/../../fuzz/oss_fuzz/FuzzRasterN32Canvas.cpp:17:5
    #17 0x908753 in fuzzer::Fuzzer::ExecuteCallback(unsigned char const*, unsigned long) /src/libfuzzer/FuzzerLoop.cpp:527:15
    #18 0x8b71a2 in fuzzer::RunOneTest(fuzzer::Fuzzer*, char const*, unsigned long) /src/libfuzzer/FuzzerDriver.cpp:285:6
    #19 0x8ca3eb in fuzzer::FuzzerDriver(int*, char***, int (*)(unsigned char const*, unsigned long)) /src/libfuzzer/FuzzerDriver.cpp:759:9

DEDUP_TOKEN: cfree--SkTDArray<SkPoint>::~SkTDArray()--SkContourMeasure::~SkContourMeasure()
SUMMARY: MemorySanitizer: use-of-uninitialized-value /src/skia/out/Fuzz_mem_constraints/../../include/private/SkNx_sse.h:217:48 in allTrue
Unique heap origins: 127
Stack depot allocated bytes: 12832
Unique origin histories: 47
History depot allocated bytes: 1128
Exiting
