INFO: Seed: 2177542808
INFO: Loaded 1 modules   (174687 inline 8-bit counters): 174687 [0x34f59f8, 0x3520457), 
INFO: Loaded 1 PC tables (174687 PCs): 174687 [0x3520458,0x37caa48), 
/out/sksl2glsl: Running 1 inputs 1 time(s) each.
Running: /tmp/poc
MemorySanitizer:DEADLYSIGNAL
==13==ERROR: MemorySanitizer: SEGV on unknown address 0x000300000037 (pc 0x0000010ed426 bp 0x7ffd5ae9ea00 sp 0x7ffd5ae9e960 T13)
==13==The signal is caused by a READ memory access.
    #0 0x10ed425 in SkSL::Constructor::getVecComponent(int) const /src/skia/out/Fuzz/../../src/sksl/ir/SkSLConstructor.h:136:22
    #1 0x10ed932 in SkSL::Constructor::getVecComponent(int) const /src/skia/out/Fuzz/../../src/sksl/ir/SkSLConstructor.h:145:56
    #2 0x111f90e in SkSL::Constructor::compareConstant(SkSL::Context const&, SkSL::Expression const&) const /src/skia/out/Fuzz/../../src/sksl/ir/SkSLConstructor.h:95:74
    #3 0x123d6ba in SkSL::IRGenerator::constantFold(SkSL::Expression const&, SkSL::Token::Kind, SkSL::Expression const&) const /src/skia/out/Fuzz/../../src/sksl/SkSLIRGenerator.cpp:1474:66
    #4 0x12325df in SkSL::IRGenerator::convertBinaryExpression(SkSL::ASTBinaryExpression const&) /src/skia/out/Fuzz/../../src/sksl/SkSLIRGenerator.cpp:1547:48
    #5 0x1215b1e in SkSL::IRGenerator::convertExpression(SkSL::ASTExpression const&) /src/skia/out/Fuzz/../../src/sksl/SkSLIRGenerator.cpp:1035:26
    #6 0x1231739 in SkSL::IRGenerator::convertBinaryExpression(SkSL::ASTBinaryExpression const&) /src/skia/out/Fuzz/../../src/sksl/SkSLIRGenerator.cpp:1509:47
    #7 0x1215b1e in SkSL::IRGenerator::convertExpression(SkSL::ASTExpression const&) /src/skia/out/Fuzz/../../src/sksl/SkSLIRGenerator.cpp:1035:26
    #8 0x12074ef in SkSL::IRGenerator::convertExpressionStatement(SkSL::ASTExpressionStatement const&) /src/skia/out/Fuzz/../../src/sksl/SkSLIRGenerator.cpp:523:43
    #9 0x120600f in SkSL::IRGenerator::convertStatement(SkSL::ASTStatement const&) /src/skia/out/Fuzz/../../src/sksl/SkSLIRGenerator.cpp:193:37
    #10 0x1206bee in SkSL::IRGenerator::convertBlock(SkSL::ASTBlock const&) /src/skia/out/Fuzz/../../src/sksl/SkSLIRGenerator.cpp:241:54
    #11 0x122562c in SkSL::IRGenerator::convertFunction(SkSL::ASTFunction const&) /src/skia/out/Fuzz/../../src/sksl/SkSLIRGenerator.cpp:816:45
    #12 0x12553fb in SkSL::IRGenerator::convertProgram(SkSL::Program::Kind, char const*, unsigned long, SkSL::SymbolTable&, std::__1::vector<std::__1::unique_ptr<SkSL::ProgramElement, std::__1::default_delete<SkSL::ProgramElement> >, std::__1::allocator<std::__1::unique_ptr<SkSL::ProgramElement, std::__1::default_delete<SkSL::ProgramElement> > > >*) /src/skia/out/Fuzz/../../src/sksl/SkSLIRGenerator.cpp:2348:23
    #13 0x10fc539 in SkSL::Compiler::convertProgram(SkSL::Program::Kind, SkSL::String, SkSL::Program::Settings const&) /src/skia/out/Fuzz/../../src/sksl/SkSLCompiler.cpp:1278:19
    #14 0x8dc36c in FuzzSKSL2GLSL(sk_sp<SkData>) /src/skia/out/Fuzz/../../fuzz/oss_fuzz/FuzzSKSL2GLSL.cpp:19:55
    #15 0x8dccb6 in LLVMFuzzerTestOneInput /src/skia/out/Fuzz/../../fuzz/oss_fuzz/FuzzSKSL2GLSL.cpp:33:5
    #16 0x856f22 in fuzzer::Fuzzer::ExecuteCallback(unsigned char const*, unsigned long) /src/libfuzzer/FuzzerLoop.cpp:529:15
    #17 0x7ed8f2 in fuzzer::RunOneTest(fuzzer::Fuzzer*, char const*, unsigned long) /src/libfuzzer/FuzzerDriver.cpp:286:6
    #18 0x7fe69b in fuzzer::FuzzerDriver(int*, char***, int (*)(unsigned char const*, unsigned long)) /src/libfuzzer/FuzzerDriver.cpp:715:9
    #19 0x7eca21 in main /src/libfuzzer/FuzzerMain.cpp:19:10
    #20 0x7c36be8a783f in __libc_start_main (/lib/x86_64-linux-gnu/libc.so.6+0x2083f)
    #21 0x775c68 in _start (/out/sksl2glsl+0x775c68)

DEDUP_TOKEN: SkSL::Constructor::getVecComponent(int) const--SkSL::Constructor::getVecComponent(int) const--SkSL::Constructor::compareConstant(SkSL::Context const&, SkSL::Expression const&) const
MemorySanitizer can not provide additional info.
SUMMARY: MemorySanitizer: SEGV /src/skia/out/Fuzz/../../src/sksl/ir/SkSLConstructor.h:136:22 in SkSL::Constructor::getVecComponent(int) const
==13==ABORTING
