INFO: Seed: 2210380930
INFO: Loaded 1 modules   (9368 inline 8-bit counters): 9368 [0xa29b50, 0xa2bfe8), 
INFO: Loaded 1 PC tables (9368 PCs): 9368 [0xa2bfe8,0xa50968), 
/out/fuzz_json_decode: Running 1 inputs 1 time(s) each.
Running: /tmp/poc
==13==WARNING: MemorySanitizer: use-of-uninitialized-value
    #0 0x6ede4d in Variant_decodeJson /src/open62541/src/ua_types_encoding_json.c:2635:17
    #1 0x6ef734 in UA_decodeJson /src/open62541/src/ua_types_encoding_json.c:3328:11
    #2 0x535154 in LLVMFuzzerTestOneInput /src/open62541/tests/fuzz/fuzz_json_decode.cc:26:28
    #3 0x46ba64 in fuzzer::Fuzzer::ExecuteCallback(unsigned char const*, unsigned long) /src/llvm/projects/compiler-rt/lib/fuzzer/FuzzerLoop.cpp:553:15
    #4 0x4565e1 in fuzzer::RunOneTest(fuzzer::Fuzzer*, char const*, unsigned long) /src/llvm/projects/compiler-rt/lib/fuzzer/FuzzerDriver.cpp:286:6
    #5 0x45bc8a in fuzzer::FuzzerDriver(int*, char***, int (*)(unsigned char const*, unsigned long)) /src/llvm/projects/compiler-rt/lib/fuzzer/FuzzerDriver.cpp:717:9
    #6 0x486e72 in main /src/llvm/projects/compiler-rt/lib/fuzzer/FuzzerMain.cpp:19:10
    #7 0x7cd54e8c783f in __libc_start_main (/lib/x86_64-linux-gnu/libc.so.6+0x2083f)
    #8 0x41e718 in _start (/out/fuzz_json_decode+0x41e718)

DEDUP_TOKEN: Variant_decodeJson--UA_decodeJson--LLVMFuzzerTestOneInput
  Uninitialized value was created by a heap allocation
    #0 0x4e68fd in malloc /src/llvm/projects/compiler-rt/lib/msan/msan_interceptors.cc:916:3
    #1 0x70d56c in UA_memoryManager_malloc /src/open62541/tests/fuzz/custom_memory_manager.c:132:18
    #2 0x6ef2d6 in UA_decodeJson /src/open62541/src/ua_types_encoding_json.c:3303:39
    #3 0x535154 in LLVMFuzzerTestOneInput /src/open62541/tests/fuzz/fuzz_json_decode.cc:26:28
    #4 0x46ba64 in fuzzer::Fuzzer::ExecuteCallback(unsigned char const*, unsigned long) /src/llvm/projects/compiler-rt/lib/fuzzer/FuzzerLoop.cpp:553:15
    #5 0x4565e1 in fuzzer::RunOneTest(fuzzer::Fuzzer*, char const*, unsigned long) /src/llvm/projects/compiler-rt/lib/fuzzer/FuzzerDriver.cpp:286:6
    #6 0x45bc8a in fuzzer::FuzzerDriver(int*, char***, int (*)(unsigned char const*, unsigned long)) /src/llvm/projects/compiler-rt/lib/fuzzer/FuzzerDriver.cpp:717:9
    #7 0x486e72 in main /src/llvm/projects/compiler-rt/lib/fuzzer/FuzzerMain.cpp:19:10
    #8 0x7cd54e8c783f in __libc_start_main (/lib/x86_64-linux-gnu/libc.so.6+0x2083f)

DEDUP_TOKEN: malloc--UA_memoryManager_malloc--UA_decodeJson
SUMMARY: MemorySanitizer: use-of-uninitialized-value /src/open62541/src/ua_types_encoding_json.c:2635:17 in Variant_decodeJson
Unique heap origins: 23
Stack depot allocated bytes: 1432
Unique origin histories: 3
History depot allocated bytes: 72
Exiting
