INFO: Seed: 2263842047
INFO: Loaded 1 modules   (116679 inline 8-bit counters): 116679 [0x1802e70, 0x181f637), 
INFO: Loaded 1 PC tables (116679 PCs): 116679 [0x181f638,0x19e72a8), 
/out/karchive_fuzzer: Running 1 inputs 1 time(s) each.
Running: /tmp/poc
kf5.karchive: directory  "ustarsssustarsssustarsssustarsssustarsssustarsssustarsssustarsssustarsssustarsssustarsssustarsssustarsssustarsssustarsssustarsssustarsssustarsssustarsssust" has entry "sustarsssustarsssustarsssustarsssustarsssustarsssustarsssustarsssustarsssustarsssustarsssustarsssust" already
kf5.karchive: directory  "ustarsssustarsssustarsssustarsssustarsssustarsssustarsssustarsssustarsssustarsssustarsssustarsssustarsssustarsssustarsssustarsssustarsssustarsssustarsssust" has entry "sustarsssustarsssustarsssustarsssustarsssustarsssustarsssustarsssustarsssustarsssustarsssustarsssust" already
kf5.karchive: directory  "ustarsssustarsssustarsssustarsssustarsssustarsssustarsssustarsssustarsssustarsssustarsssustarsssustarsssustarsssustarsssustarsssustarsssustarsssustarsssust" has entry "sustarsssustarsssustarsssustarsssustarsssustarsssustarsssustarsssustarsssustarsssustarsssustarsssust" already
kf5.karchive: directory  "ustarsssustarsssustarsssustarsssustarsssustarsssustarsssustarsssustarsssustarsssustarsssustarsssustarsssustarsssustarsssustarsssustarsssustarsssustarsssust" has entry "sustarsssustarsssustarsssustarsssustarsssustarsssustarsssustarsssustarsssustarsssustarsssustarsssust" already
kf5.karchive: directory  "ustarsssustarsssustarsssustarsssustarsssustarsssustarsssustarsssustarsssustarsssustarsssustarsssustarsssustarsssustarsssustarsssustarsssustarsssustarsssust" has entry "sustarsssustarsssustarsssustarsssustarsssustarsssustarsssustarsssustarsssustarsssustarsssustarsssust" already
kf5.karchive: directory  "ustarsssustarsssustarsssustarsssustarsssustarsssustarsssustarsssustarsssustarsssustarsssustarsssustarsssustarsssustarsssustarsssustarsssustarsssustarsssust" has entry "sustarsssustarsssustarsssustarsssustarsssustarsssustarsssustarsssustarsssustarsssustarsssustarsssust" already
kf5.karchive: directory  "ustarsssustarsssustarsssustarsssustarsssustarsssustarsssustarsssustarsssustarsssustarsssustarsssustarsssustarsssustarsssustarsssustarsssustarsssustarsssust" has entry "sustarsssustarsssustarsssustarsssustarsssustarsssustarsssustarsssustarsssustarsssustarsssustarsssust" already
kf5.karchive: directory  "ustarsssustarsssustarsssustarsssustarsssustarsssustarsssustarsssustarsssustarsssustarsssustarsssustarsssustarsssustarsssustarsssustarsssustarsssustarsssust" has entry "sustarsssustarsssustarsssustarsssustarsssustarsssustarsssustarsssustarsssustarsssustarsssustarsssust" already
kf5.karchive: directory  "ustarsssustarsssustarsssustarsssustarsssustarsssustarsssustarsssustarsssustarsssustarsssustarsssustarsssustarsssustarsssustarsssustarsssustarsssustarsssust" has entry "sustarsssustarsssustarsssustarsssustarsssustarsssustarsssustarsssustarsssustarsssustarsssustarsssust" already
kf5.karchive: directory  "ustarsssustarsssustarsssustarsssustarsssustarsssustarsssustarsssustarsssustarsssustarsssustarsssustarsssustarsssustarsssustarsssustarsssustarsssustarsssust" has entry "sustarsssustarsssustarsssustarsssustarsssustarsssustarsssustarsssustarsssustarsssustarsssustarsssust" already
kf5.karchive: directory  "ustarsssustarsssustarsssustarsssustarsssustarsssustarsssustarsssustarsssustarsssustarsssustarsssustarsssustarsssustarsssustarsssustarsssustarsssustarsssust" has entry "sustarsssustarsssustarsssustarsssustarsssustarsssustarsssustarsssustarsssustarsssustarsssustarsssust" already
kf5.karchive: directory  "ustarsssustarsssustarsssustarsssustarsssustarsssustarsssustarsssustarsssustarsssustarsssustarsssustarsssustarsssustarsssustarsssustarsssustarsssustarsssust" has entry "sustarsssustarsssustarsssustarsssustarsssustarsssustarsssustarsssustarsssustarsssustarsssustarsssust" already
kf5.karchive: directory  "ustarsssustarsssustarsssustarsssustarsssustarsssustarsssustarsssustarsssustarsssustarsssustarsssustarsssustarsssustarsssustarsssustarsssustarsssustarsssust" has entry "sustarsssustarsssustarsssustarsssustarsssustarsssustarsssustarsssustarsssustarsssustarsssustarsssust" already
kf5.karchive: directory  "ustarsssustarsssustarsssustarsssustarsssustarsssustarsssustarsssustarsssustarsssustarsssustarsssustarsssustarsssustarsssustarsssustarsssustarsssustarsssust" has entry "sustarsssustarsssustarsssustarsssustarsssustarsssustarsssustarsssustarsssustarsssustarsssustarsssust" already
kf5.karchive: directory  "ustarsssustarsssustarsssustarsssustarsssustarsssustarsssustarsssustarsssustarsssustarsssustarsssustarsssustarsssustarsssustarsssustarsssustarsssustarsssust" has entry "sustarsssustarsssustarsssustarsssustarsssustarsssustarsssustarsssustarsssustarsssustarsssustarsssust" already
kf5.karchive: directory  "ustarsssustarsssustarsssustarsssustarsssustarsssustarsssustarsssustarsssustarsssustarsssustarsssustarsssustarsssustarsssustarsssustarsssustarsssustarsssust" has entry "sustarsssustarsssustarsssustarsssustarsssustarsssustarsssustarsssustarsssustarsssustarsssustarsssust" already
kf5.karchive: directory  "ustarsssustarsssustarsssustarsssustarsssustarsssustarsssustarsssustarsssustarsssustarsssustarsssustarsssustarsssustarsssustarsssustarsssustarsssustarsssust" has entry "sustarsssustarsssustarsssustarsssustarsssustarsssustarsssustarsssustarsssustarsssustarsssustarsssust" already
kf5.karchive: directory  "ustarsssustarsssustarsssustarsssustarsssustarsssustarsssustarsssustarsssustarsssustarsssustarsssustarsssustarsssustarsssustarsssustarsssustarsssustarsssust" has entry "sustarsssustarsssustarsssustarsssustarsssustarsssustarsssustarsssustarsssustarsssustarsssustarsssust" already
kf5.karchive: directory  "ustarsssustarsssustarsssustarsssustarsssustarsssustarsssustarsssustarsssustarsssustarsssustarsssustarsssustarsssustarsssustarsssustarsssustarsssustarsssust" has entry "sustarsssustarsssustarsssustarsssustarsssustarsssustarsssustarsssustarsssustarsssustarsssustarsssust" already
kf5.karchive: directory  "ustarsssustarsssustarsssustarsssustarsssustarsssustarsssustarsssustarsssustarsssustarsssustarsssustarsssustarsssustarsssustarsssustarsssustarsssustarsssust" has entry "sustarsssustarsssustarsssustarsssustarsssustarsssustarsssustarsssustarsssustarsssustarsssustarsssust" already
kf5.karchive: directory  "ustarsssustarsssustarsssustarsssustarsssustarsssustarsssustarsssustarsssustarsssustarsssustarsssustarsssustarsssustarsssustarsssustarsssustarsssustarsssust" has entry "sustarsssustarsssustarsssustarsssustarsssustarsssustarsssustarsssustarsssustarsssustarsssustarsssust" already
kf5.karchive: directory  "ustarsssustarsssustarsssustarsssustarsssustarsssustarsssustarsssustarsssustarsssustarsssustarsssustarsssustarsssustarsssustarsssustarsssustarsssustarsssust" has entry "sustarsssustarsssustarsssustarsssustarsssustarsssustarsssustarsssustarsssustarsssustarsssustarsssust" already
kf5.karchive: directory  "ustarsssustarsssustarsssustarsssustarsssustarsssustarsssustarsssustarsssustarsssustarsssustarsssustarsssustarsssustarsssustarsssustarsssustarsssustarsssust" has entry "sustarsssustarsssustarsssustarsssustarsssustarsssustarsssustarsssustarsssustarsssustarsssustarsssust" already
kf5.karchive: directory  "ustarsssustarsssustarsssustarsssustarsssustarsssustarsssustarsssustarsssustarsssustarsssustarsssustarsssustarsssustarsssustarsssustarsssustarsssustarsssust" has entry "sustarsssustarsssustarsssustarsssustarsssustarsssustarsssustarsssustarsssustarsssustarsssustarsssust" already
kf5.karchive: directory  "ustarsssustarsssustarsssustarsssustarsssustarsssustarsssustarsssustarsssustarsssustarsssustarsssustarsssustarsssustarsssustarsssustarsssustarsssustarsssust" has entry "sustarsssustarsssustarsssustarsssustarsssustarsssustarsssustarsssustarsssustarsssustarsssustarsssust" already
kf5.karchive: directory  "ustarsssustarsssustarsssustarsssustarsssustarsssustarsssustarsssustarsssustarsssustarsssustarsssustarsssustarsssustarsssustarsssustarsssustarsssustarsssust" has entry "sustarsssustarsssustarsssustarsssustarsssustarsssustarsssustarsssustarsssustarsssustarsssustarsssust" already
kf5.karchive: directory  "ustarsssustarsssustarsssustarsssustarsssustarsssustarsssustarsssustarsssustarsssustarsssustarsssustarsssustarsssustarsssustarsssustarsssustarsssustarsssust" has entry "sustarsssustarsssustarsssustarsssustarsssustarsssustarsssustarsssustarsssustarsssustarsssustarsssust" already
kf5.karchive: directory  "ustarsssustarsssustarsssustarsssustarsssustarsssustarsssustarsssustarsssustarsssustarsssustarsssustarsssustarsssustarsssustarsssustarsssustarsssustarsssust" has entry "sustarsssustarsssustarsssustarsssustarsssustarsssustarsssustarsssustarsssustarsssustarsssustarsssust" already
kf5.karchive: directory  "ustarsssustarsssustarsssustarsssustarsssustarsssustarsssustarsssustarsssustarsssustarsssustarsssustarsssustarsssustarsssustarsssustarsssustarsssustarsssust" has entry "sustarsssustarsssustarsssustarsssustarsssustarsssustarsssustarsssustarsssustarsssustarsssustarsssust" already
kf5.karchive: directory  "ustarsssustarsssustarsssustarsssustarsssustarsssustarsssustarsssustarsssustarsssustarsssustarsssustarsssustarsssustarsssustarsssustarsssustarsssustarsssust" has entry "sustarsssustarsssustarsssustarsssustarsssustarsssustarsssustarsssustarsssustarsssustarsssustarsssust" already
kf5.karchive: directory  "ustarsssustarsssustarsssustarsssustarsssustarsssustarsssustarsssustarsssustarsssustarsssustarsssustarsssustarsssustarsssustarsssustarsssustarsssustarsssust" has entry "sustarsssustarsssustarsssustarsssustarsssustarsssustarsssustarsssustarsssustarsssustarsssustarsssust" already
kf5.karchive: directory  "ustarsssustarsssustarsssustarsssustarsssustarsssustarsssustarsssustarsssustarsssustarsssustarsssustarsssustarsssustarsssustarsssustarsssustarsssustarsssust" has entry "sustarsssustarsssustarsssustarsssustarsssustarsssustarsssustarsssustarsssustarsssustarsssustarsssust" already
kf5.karchive: directory  "ustarsssustarsssustarsssustarsssustarsssustarsssustarsssustarsssustarsssustarsssustarsssustarsssustarsssustarsssustarsssustarsssustarsssustarsssustarsssust" has entry "sustarsssustarsssustarsssustarsssustarsssustarsssustarsssustarsssustarsssustarsssustarsssustarsssust" already
kf5.karchive: directory  "ustarsssustarsssustarsssustarsssustarsssustarsssustarsssustarsssustarsssustarsssustarsssustarsssustarsssustarsssustarsssustarsssustarsssustarsssustarsssust" has entry "sustarsssustarsssustarsssustarsssustarsssustarsssustarsssustarsssustarsssustarsssustarsssustarsssust" already
kf5.karchive: directory  "ustarsssustarsssustarsssustarsssustarsssustarsssustarsssustarsssustarsssustarsssustarsssustarsssustarsssustarsssustarsssustarsssustarsssustarsssustarsssust" has entry "sustarsssustarsssustarsssustarsssustarsssustarsssustarsssustarsssustarsssustarsssustarsssustarsssust" already
kf5.karchive: directory  "ustarsssustarsssustarsssustarsssustarsssustarsssustarsssustarsssustarsssustarsssustarsssustarsssustarsssustarsssustarsssustarsssustarsssustarsssustarsssust" has entry "sustarsssustarsssustarsssustarsssustarsssustarsssustarsssustarsssustarsssustarsssustarsssustarsssust" already
kf5.karchive: directory  "ustarsssustarsssustarsssustarsssustarsssustarsssustarsssustarsssustarsssustarsssustarsssustarsssustarsssustarsssustarsssustarsssustarsssustarsssustarsssust" has entry "sustarsssustarsssustarsssustarsssustarsssustarsssustarsssustarsssustarsssustarsssustarsssustarsssust" already
kf5.karchive: directory  "ustarsssustarsssustarsssustarsssustarsssustarsssustarsssustarsssustarsssustarsssustarsssustarsssustarsssustarsssustarsssustarsssustarsssustarsssustarsssust" has entry "sustarsssustarsssustarsssustarsssustarsssustarsssustarsssustarsssustarsssustarsssustarsssustarsssust" already
kf5.karchive: directory  "ustarsssustarsssustarsssustarsssustarsssustarsssustarsssustarsssustarsssustarsssustarsssustarsssustarsssustarsssustarsssustarsssustarsssustarsssustarsssust" has entry "sustarsssustarsssustarsssustarsssustarsssustarsssustarsssustarsssustarsssustarsssustarsssustarsssust" already
kf5.karchive: directory  "ustarsssustarsssustarsssustarsssustarsssustarsssustarsssustarsssustarsssustarsssustarsssustarsssustarsssustarsssustarsssustarsssustarsssustarsssustarsssust" has entry "sustarsssustarsssustarsssustarsssustarsssustarsssustarsssustarsssustarsssustarsssustarsssustarsssust" already
kf5.karchive: directory  "ustarsssustarsssustarsssustarsssustarsssustarsssustarsssustarsssustarsssustarsssustarsssustarsssustarsssustarsssustarsssustarsssustarsssustarsssustarsssust" has entry "sustarsssustarsssustarsssustarsssustarsssustarsssustarsssustarsssustarsssustarsssustarsssustarsssust" already
kf5.karchive: directory  "ustarsssustarsssustarsssustarsssustarsssustarsssustarsssustarsssustarsssustarsssustarsssustarsssustarsssustarsssustarsssustarsssustarsssustarsssustarsssust" has entry "sustarsssustarsssustarsssustarsssustarsssustarsssustarsssustarsssustarsssustarsssustarsssustarsssust" already
kf5.karchive: directory  "ustarsssustarsssustarsssustarsssustarsssustarsssustarsssustarsssustarsssustarsssustarsssustarsssustarsssustarsssustarsssustarsssustarsssustarsssustarsssust" has entry "sustarsssustarsssustarsssustarsssustarsssustarsssustarsssustarsssustarsssustarsssustarsssustarsssust" already
kf5.karchive: directory  "ustarsssustarsssustarsssustarsssustarsssustarsssustarsssustarsssustarsssustarsssustarsssustarsssustarsssustarsssustarsssustarsssustarsssustarsssustarsssust" has entry "sustarsssustarsssustarsssustarsssustarsssustarsssustarsssustarsssustarsssustarsssustarsssustarsssust" already
kf5.karchive: directory  "ustarsssustarsssustarsssustarsssustarsssustarsssustarsssustarsssustarsssustarsssustarsssustarsssustarsssustarsssustarsssustarsssustarsssustarsssustarsssust" has entry "sustarsssustarsssustarsssustarsssustarsssustarsssustarsssustarsssustarsssustarsssustarsssustarsssust" already
kf5.karchive: directory  "ustarsssustarsssustarsssustarsssustarsssustarsssustarsssustarsssustarsssustarsssustarsssustarsssustarsssustarsssustarsssustarsssustarsssustarsssustarsssust" has entry "sustarsssustarsssustarsssustarsssustarsssustarsssustarsssustarsssustarsssustarsssustarsssustarsssust" already
=================================================================
==12==ERROR: AddressSanitizer: heap-buffer-overflow on address 0x62b000014219 at pc 0x000000df9ed3 bp 0x7ffc16be1eb0 sp 0x7ffc16be1ea8
WRITE of size 1 at 0x62b000014219 thread T0
SCARINESS: 31 (1-byte-write-heap-buffer-overflow)
    #0 0xdf9ed2 in inflate /src/zlib/inflate.c:1187:24
    #1 0xe110b3 in KGzipFilter::uncompress() /src/karchive/src/kgzipfilter.cpp:311:22
    #2 0xe0e150 in KCompressionDevice::readData(char*, long long) /src/karchive/src/kcompressiondevice.cpp:303:29
    #3 0x8270eb in QIODevicePrivate::read(char*, long long, bool) /src/qtbase/src/corelib/io/qiodevice.cpp:1108:41
    #4 0xe0d9a6 in KCompressionDevice::seek(long long) /src/karchive/src/kcompressiondevice.cpp:250:26
    #5 0xe1628e in KTar::openArchive(QFlags<QIODevice::OpenModeFlag>) /src/karchive/src/ktar.cpp:508:28
    #6 0xe5a115 in KArchive::open(QFlags<QIODevice::OpenModeFlag>) /src/karchive/src/karchive.cpp:178:12
    #7 0x56c620 in LLVMFuzzerTestOneInput /src/karchive_fuzzer.cc:61:12
    #8 0x475441 in fuzzer::Fuzzer::ExecuteCallback(unsigned char const*, unsigned long) /src/llvm/projects/compiler-rt/lib/fuzzer/FuzzerLoop.cpp:556:15
    #9 0x460721 in fuzzer::RunOneTest(fuzzer::Fuzzer*, char const*, unsigned long) /src/llvm/projects/compiler-rt/lib/fuzzer/FuzzerDriver.cpp:286:6
    #10 0x4660ea in fuzzer::FuzzerDriver(int*, char***, int (*)(unsigned char const*, unsigned long)) /src/llvm/projects/compiler-rt/lib/fuzzer/FuzzerDriver.cpp:767:9
    #11 0x48ecd2 in main /src/llvm/projects/compiler-rt/lib/fuzzer/FuzzerMain.cpp:19:10
    #12 0x7e61877a483f in __libc_start_main (/lib/x86_64-linux-gnu/libc.so.6+0x2083f)
    #13 0x4200f8 in _start (/out/karchive_fuzzer+0x4200f8)

DEDUP_TOKEN: inflate--KGzipFilter::uncompress()--KCompressionDevice::readData(char*, long long)
0x62b000014219 is located 0 bytes to the right of 24601-byte region [0x62b00000e200,0x62b000014219)
allocated by thread T0 here:
    #0 0x53ac0d in malloc /src/llvm/projects/compiler-rt/lib/asan/asan_malloc_linux.cc:145:3
    #1 0x5aa89c in QArrayData::allocate(unsigned long, unsigned long, unsigned long, QFlags<QArrayData::AllocationOption>) /src/qtbase/src/corelib/tools/qarraydata.cpp:118:52
    #2 0x5af432 in allocate /src/qtbase/src/corelib/../../include/QtCore/../../src/corelib/tools/qarraydata.h:224:47
    #3 0x5af432 in QByteArray::QByteArray(int, char) /src/qtbase/src/corelib/tools/qbytearray.cpp:1808
    #4 0xe0d971 in KCompressionDevice::seek(long long) /src/karchive/src/kcompressiondevice.cpp:249:16
    #5 0xe1628e in KTar::openArchive(QFlags<QIODevice::OpenModeFlag>) /src/karchive/src/ktar.cpp:508:28
    #6 0xe5a115 in KArchive::open(QFlags<QIODevice::OpenModeFlag>) /src/karchive/src/karchive.cpp:178:12
    #7 0x56c620 in LLVMFuzzerTestOneInput /src/karchive_fuzzer.cc:61:12
    #8 0x475441 in fuzzer::Fuzzer::ExecuteCallback(unsigned char const*, unsigned long) /src/llvm/projects/compiler-rt/lib/fuzzer/FuzzerLoop.cpp:556:15
    #9 0x460721 in fuzzer::RunOneTest(fuzzer::Fuzzer*, char const*, unsigned long) /src/llvm/projects/compiler-rt/lib/fuzzer/FuzzerDriver.cpp:286:6
    #10 0x4660ea in fuzzer::FuzzerDriver(int*, char***, int (*)(unsigned char const*, unsigned long)) /src/llvm/projects/compiler-rt/lib/fuzzer/FuzzerDriver.cpp:767:9
    #11 0x48ecd2 in main /src/llvm/projects/compiler-rt/lib/fuzzer/FuzzerMain.cpp:19:10
    #12 0x7e61877a483f in __libc_start_main (/lib/x86_64-linux-gnu/libc.so.6+0x2083f)

DEDUP_TOKEN: malloc--QArrayData::allocate(unsigned long, unsigned long, unsigned long, QFlags<QArrayData::AllocationOption>)--allocate
SUMMARY: AddressSanitizer: heap-buffer-overflow /src/zlib/inflate.c:1187:24 in inflate
Shadow bytes around the buggy address:
  0x0c567fffa7f0: 00 00 00 00 00 00 00 00 00 00 00 00 00 00 00 00
  0x0c567fffa800: 00 00 00 00 00 00 00 00 00 00 00 00 00 00 00 00
  0x0c567fffa810: 00 00 00 00 00 00 00 00 00 00 00 00 00 00 00 00
  0x0c567fffa820: 00 00 00 00 00 00 00 00 00 00 00 00 00 00 00 00
  0x0c567fffa830: 00 00 00 00 00 00 00 00 00 00 00 00 00 00 00 00
=>0x0c567fffa840: 00 00 00[01]fa fa fa fa fa fa fa fa fa fa fa fa
  0x0c567fffa850: fa fa fa fa fa fa fa fa fa fa fa fa fa fa fa fa
  0x0c567fffa860: fa fa fa fa fa fa fa fa fa fa fa fa fa fa fa fa
  0x0c567fffa870: fa fa fa fa fa fa fa fa fa fa fa fa fa fa fa fa
  0x0c567fffa880: fa fa fa fa fa fa fa fa fa fa fa fa fa fa fa fa
  0x0c567fffa890: fa fa fa fa fa fa fa fa fa fa fa fa fa fa fa fa
Shadow byte legend (one shadow byte represents 8 application bytes):
  Addressable:           00
  Partially addressable: 01 02 03 04 05 06 07 
  Heap left redzone:       fa
  Freed heap region:       fd
  Stack left redzone:      f1
  Stack mid redzone:       f2
  Stack right redzone:     f3
  Stack after return:      f5
  Stack use after scope:   f8
  Global redzone:          f9
  Global init order:       f6
  Poisoned by user:        f7
  Container overflow:      fc
  Array cookie:            ac
  Intra object redzone:    bb
  ASan internal:           fe
  Left alloca redzone:     ca
  Right alloca redzone:    cb
  Shadow gap:              cc
==12==ABORTING
