INFO: Seed: 2272626523
INFO: Loaded 1 modules   (16291 inline 8-bit counters): 16291 [0x99e110, 0x9a20b3), 
INFO: Loaded 1 PC tables (16291 PCs): 16291 [0x6dcd78,0x71c7a8), 
/out/radio-receive-done-fuzzer: Running 1 inputs 1 time(s) each.
Running: /tmp/poc
=================================================================
==13==ERROR: AddressSanitizer: stack-buffer-overflow on address 0x76b2e146886a at pc 0x00000053634a bp 0x7ffe21f1b410 sp 0x7ffe21f1abd8
READ of size 88 at 0x76b2e146886a thread T0
SCARINESS: 41 (multi-byte-read-stack-buffer-overflow)
    #0 0x536349 in __asan_memcpy /src/llvm/projects/compiler-rt/lib/asan/asan_interceptors_memintrinsics.cc:22:3
    #1 0x56ff2b in ot::Message::Write(unsigned short, unsigned short, void const*) /src/openthread/src/core/common/message.cpp:595:9
    #2 0x56fc4d in ot::Message::Append(void const*, unsigned short) /src/openthread/src/core/common/message.cpp:390:20
    #3 0x5becf8 in ot::Mle::Mle::AppendResponse(ot::Message&, unsigned char const*, unsigned char) /src/openthread/src/core/thread/mle.cpp:1197:5
    #4 0x5d5621 in ot::Mle::MleRouter::SendParentResponse(ot::Child*, ot::Mle::ChallengeTlv const&, bool) /src/openthread/src/core/thread/mle_router.cpp:1901:5
    #5 0x5d51dc in ot::Mle::MleRouter::HandleParentRequest(ot::Message const&, ot::Ip6::MessageInfo const&) /src/openthread/src/core/thread/mle_router.cpp:1664:5
    #6 0x5c64f1 in ot::Mle::Mle::HandleUdpReceive(ot::Message&, ot::Ip6::MessageInfo const&) /src/openthread/src/core/thread/mle.cpp:2797:26
    #7 0x5a0960 in ot::Ip6::Udp::HandleMessage(ot::Message&, ot::Ip6::MessageInfo&) /src/openthread/src/core/net/udp6.cpp:389:5
    #8 0x594be4 in ot::Ip6::Ip6::HandleDatagram(ot::Message&, ot::Ip6::Netif*, signed char, void const*, bool) /src/openthread/src/core/net/ip6.cpp:917:9
    #9 0x5b071a in ot::MeshForwarder::HandleLowpanHC(unsigned char*, unsigned char, ot::Mac::Address const&, ot::Mac::Address const&, otThreadLinkInfo const&) /src/openthread/src/core/thread/mesh_forwarder.cpp:1478:9
    #10 0x5afb26 in ot::MeshForwarder::HandleReceivedFrame(ot::Mac::Frame&) /src/openthread/src/core/thread/mesh_forwarder.cpp:1193:13
    #11 0x57d3e1 in ot::Mac::Mac::HandleReceivedFrame(ot::Mac::Frame*, otError) /src/openthread/src/core/mac/mac.cpp:1738:30
    #12 0x568715 in LLVMFuzzerTestOneInput /src/openthread/tests/fuzz/radio_receive_done.cpp:74:5
    #13 0x471e51 in fuzzer::Fuzzer::ExecuteCallback(unsigned char const*, unsigned long) /src/llvm/projects/compiler-rt/lib/fuzzer/FuzzerLoop.cpp:553:15
    #14 0x45ce61 in fuzzer::RunOneTest(fuzzer::Fuzzer*, char const*, unsigned long) /src/llvm/projects/compiler-rt/lib/fuzzer/FuzzerDriver.cpp:292:6
    #15 0x46282a in fuzzer::FuzzerDriver(int*, char***, int (*)(unsigned char const*, unsigned long)) /src/llvm/projects/compiler-rt/lib/fuzzer/FuzzerDriver.cpp:773:9
    #16 0x48b4f2 in main /src/llvm/projects/compiler-rt/lib/fuzzer/FuzzerMain.cpp:19:10
    #17 0x76b2e041a83f in __libc_start_main (/lib/x86_64-linux-gnu/libc.so.6+0x2083f)
    #18 0x41dc58 in _start (/out/radio-receive-done-fuzzer+0x41dc58)

DEDUP_TOKEN: __asan_memcpy--ot::Message::Write(unsigned short, unsigned short, void const*)--ot::Message::Append(void const*, unsigned short)
Address 0x76b2e146886a is located in stack of thread T0 at offset 106 in frame
    #0 0x5d4b4f in ot::Mle::MleRouter::HandleParentRequest(ot::Message const&, ot::Ip6::MessageInfo const&) /src/openthread/src/core/thread/mle_router.cpp:1557

DEDUP_TOKEN: ot::Mle::MleRouter::HandleParentRequest(ot::Message const&, ot::Ip6::MessageInfo const&)
  This frame has 4 object(s):
    [32, 40) 'macAddr' (line 1560)
    [64, 68) 'version' (line 1561)
    [80, 83) 'scanMask' (line 1562)
    [96, 106) 'challenge' (line 1563) <== Memory access at offset 106 overflows this variable
HINT: this may be a false positive if your program uses some custom stack unwind mechanism, swapcontext or vfork
      (longjmp and C++ exceptions *are* supported)
SUMMARY: AddressSanitizer: stack-buffer-overflow /src/llvm/projects/compiler-rt/lib/asan/asan_interceptors_memintrinsics.cc:22:3 in __asan_memcpy
Shadow bytes around the buggy address:
  0x0ed6dc2850b0: f5 f5 f5 f5 f5 f5 f5 f5 f5 f5 f5 f5 f5 f5 f5 f5
  0x0ed6dc2850c0: f5 f5 f5 f5 f5 f5 f5 f5 f5 f5 f5 f5 f5 f5 f5 f5
  0x0ed6dc2850d0: f5 f5 f5 f5 f5 f5 f5 f5 f5 f5 f5 f5 f5 f5 f5 f5
  0x0ed6dc2850e0: f5 f5 f5 f5 f5 f5 f5 f5 f5 f5 f5 f5 f5 f5 f5 f5
  0x0ed6dc2850f0: f5 f5 f5 f5 f5 f5 f5 f5 f5 f5 f5 f5 f5 f5 f5 f5
=>0x0ed6dc285100: f1 f1 f1 f1 00 f2 f2 f2 04 f2 03 f2 00[02]f3 f3
  0x0ed6dc285110: 00 00 00 00 00 00 00 00 00 00 00 00 00 00 00 00
  0x0ed6dc285120: 00 00 00 00 00 00 00 00 00 00 00 00 00 00 00 00
  0x0ed6dc285130: 00 00 00 00 00 00 00 00 00 00 00 00 00 00 00 00
  0x0ed6dc285140: 00 00 00 00 00 00 00 00 00 00 00 00 00 00 00 00
  0x0ed6dc285150: 00 00 00 00 00 00 00 00 00 00 00 00 00 00 00 00
Shadow byte legend (one shadow byte represents 8 application bytes):
  Addressable:           00
  Partially addressable: 01 02 03 04 05 06 07 
  Heap left redzone:       fa
  Freed heap region:       fd
  Stack left redzone:      f1
  Stack mid redzone:       f2
  Stack right redzone:     f3
  Stack after return:      f5
  Stack use after scope:   f8
  Global redzone:          f9
  Global init order:       f6
  Poisoned by user:        f7
  Container overflow:      fc
  Array cookie:            ac
  Intra object redzone:    bb
  ASan internal:           fe
  Left alloca redzone:     ca
  Right alloca redzone:    cb
  Shadow gap:              cc
==13==ABORTING
