INFO: Seed: 2208786462
INFO: Loaded 1 modules   (129018 inline 8-bit counters): 129018 [0x1f8d378, 0x1facb72), 
INFO: Loaded 1 PC tables (129018 PCs): 129018 [0x1facb78,0x21a4b18), 
/out/pngsave_buffer_fuzzer: Running 1 inputs 1 time(s) each.
Running: /tmp/poc
=================================================================
==13==ERROR: AddressSanitizer: heap-buffer-overflow on address 0x602000000cf5 at pc 0x000001185cd4 bp 0x7ffd29c1ff20 sp 0x7ffd29c1ff18
READ of size 1 at 0x602000000cf5 thread T0
SCARINESS: 12 (1-byte-read-heap-buffer-overflow)
    #0 0x1185cd3 in InternalStrnlen /src/libfuzzer/FuzzerTracePC.cpp:403:26
    #1 0x1185cd3 in __sanitizer_weak_hook_strncmp /src/libfuzzer/FuzzerTracePC.cpp:637
    #2 0x1185cd3 in __sanitizer_weak_hook_strncasecmp /src/libfuzzer/FuzzerTracePC.cpp:659
    #3 0x435938 in strncasecmp /src/llvm/projects/compiler-rt/lib/asan/../sanitizer_common/sanitizer_common_interceptors.inc:537:3
    #4 0xc09dc8 in IsHTML /src/imagemagick/coders/html.c:99:7
    #5 0xac90cf in GetImageMagick /src/imagemagick/MagickCore/magick.c:319:10
    #6 0x856e7c in magick_ismagick /src/libvips/libvips/foreign/magick.c:245:3
    #7 0x6bb39a in vips_foreign_find_load_buffer_sub /src/libvips/libvips/foreign/foreign.c:583:3
    #8 0x52472a in vips_slist_map2 /src/libvips/libvips/iofuncs/util.c:128:33
    #9 0x6ba897 in vips_foreign_map /src/libvips/libvips/foreign/foreign.c:426:11
    #10 0x6bb249 in vips_foreign_find_load_buffer /src/libvips/libvips/foreign/foreign.c:610:46
    #11 0x4e00c2 in vips_image_new_from_buffer /src/libvips/libvips/iofuncs/image.c:2150:25
    #12 0x4cb2a9 in LLVMFuzzerTestOneInput /src/libvips/fuzz/pngsave_buffer_fuzzer.cc:17:16
    #13 0x1144d30 in fuzzer::Fuzzer::ExecuteCallback(unsigned char const*, unsigned long) /src/libfuzzer/FuzzerLoop.cpp:553:15
    #14 0x10fab1f in fuzzer::RunOneTest(fuzzer::Fuzzer*, char const*, unsigned long) /src/libfuzzer/FuzzerDriver.cpp:292:6
    #15 0x1107904 in fuzzer::FuzzerDriver(int*, char***, int (*)(unsigned char const*, unsigned long)) /src/libfuzzer/FuzzerDriver.cpp:775:9
    #16 0x10fa177 in main /src/libfuzzer/FuzzerMain.cpp:19:10
    #17 0x7c56c8de683f in __libc_start_main (/lib/x86_64-linux-gnu/libc.so.6+0x2083f)
    #18 0x4211b8 in _start (/out/pngsave_buffer_fuzzer+0x4211b8)

DEDUP_TOKEN: InternalStrnlen--__sanitizer_weak_hook_strncmp--__sanitizer_weak_hook_strncasecmp
0x602000000cf5 is located 0 bytes to the right of 5-byte region [0x602000000cf0,0x602000000cf5)
allocated by thread T0 here:
    #0 0x4c899d in operator new[](unsigned long) /src/llvm/projects/compiler-rt/lib/asan/asan_new_delete.cc:102:3
    #1 0x1144adc in fuzzer::Fuzzer::ExecuteCallback(unsigned char const*, unsigned long) /src/libfuzzer/FuzzerLoop.cpp:538:23
    #2 0x10fab1f in fuzzer::RunOneTest(fuzzer::Fuzzer*, char const*, unsigned long) /src/libfuzzer/FuzzerDriver.cpp:292:6
    #3 0x1107904 in fuzzer::FuzzerDriver(int*, char***, int (*)(unsigned char const*, unsigned long)) /src/libfuzzer/FuzzerDriver.cpp:775:9
    #4 0x10fa177 in main /src/libfuzzer/FuzzerMain.cpp:19:10
    #5 0x7c56c8de683f in __libc_start_main (/lib/x86_64-linux-gnu/libc.so.6+0x2083f)

DEDUP_TOKEN: operator new[](unsigned long)--fuzzer::Fuzzer::ExecuteCallback(unsigned char const*, unsigned long)--fuzzer::RunOneTest(fuzzer::Fuzzer*, char const*, unsigned long)
SUMMARY: AddressSanitizer: heap-buffer-overflow /src/libfuzzer/FuzzerTracePC.cpp:403:26 in InternalStrnlen
Shadow bytes around the buggy address:
  0x0c047fff8140: fa fa fd fa fa fa 00 00 fa fa 00 00 fa fa 00 00
  0x0c047fff8150: fa fa 00 00 fa fa 00 00 fa fa 00 00 fa fa 00 00
  0x0c047fff8160: fa fa 00 00 fa fa 00 fa fa fa 00 00 fa fa 00 00
  0x0c047fff8170: fa fa 00 fa fa fa 00 00 fa fa 00 00 fa fa 00 00
  0x0c047fff8180: fa fa 00 00 fa fa fd fa fa fa 00 00 fa fa 00 fa
=>0x0c047fff8190: fa fa 00 fa fa fa 00 fa fa fa 05 fa fa fa[05]fa
  0x0c047fff81a0: fa fa 04 fa fa fa 00 00 fa fa 02 fa fa fa fd fa
  0x0c047fff81b0: fa fa fd fd fa fa fd fa fa fa 02 fa fa fa 02 fa
  0x0c047fff81c0: fa fa 00 fa fa fa 05 fa fa fa fd fa fa fa 05 fa
  0x0c047fff81d0: fa fa 04 fa fa fa fd fa fa fa fd fd fa fa fd fd
  0x0c047fff81e0: fa fa fd fd fa fa fd fd fa fa fd fd fa fa fd fd
Shadow byte legend (one shadow byte represents 8 application bytes):
  Addressable:           00
  Partially addressable: 01 02 03 04 05 06 07 
  Heap left redzone:       fa
  Freed heap region:       fd
  Stack left redzone:      f1
  Stack mid redzone:       f2
  Stack right redzone:     f3
  Stack after return:      f5
  Stack use after scope:   f8
  Global redzone:          f9
  Global init order:       f6
  Poisoned by user:        f7
  Container overflow:      fc
  Array cookie:            ac
  Intra object redzone:    bb
  ASan internal:           fe
  Left alloca redzone:     ca
  Right alloca redzone:    cb
  Shadow gap:              cc
==13==ABORTING
