INFO: Seed: 2241018068
INFO: Loaded 1 modules   (7249 inline 8-bit counters): 7249 [0x929980, 0x92b5d1), 
INFO: Loaded 1 PC tables (7249 PCs): 7249 [0x6bdfc8,0x6da4d8), 
/out/avc_dec_fuzzer: Running 1 inputs 1 time(s) each.
Running: /tmp/poc
=================================================================
==13==ERROR: AddressSanitizer: heap-buffer-overflow on address 0x611000001fa8 at pc 0x00000057fb38 bp 0x729ae4bffb20 sp 0x729ae4bffb18
READ of size 8 at 0x611000001fa8 thread T3
SCARINESS: 33 (8-byte-read-heap-buffer-overflow-far-from-bounds)
    #0 0x57fb37 in ih264d_compute_bs_non_mbaff_thread /src/libavc/decoder/ih264d_thread_compute_bs.c:291:39
    #1 0x58127f in ih264d_recon_deblk_slice /src/libavc/decoder/ih264d_thread_compute_bs.c:650:13
    #2 0x58198b in ih264d_recon_deblk_thread /src/libavc/decoder/ih264d_thread_compute_bs.c:702:9
    #3 0x729aeb4f56b9 in start_thread (/lib/x86_64-linux-gnu/libpthread.so.0+0x76b9)
    #4 0x729aeac0951c in clone (/lib/x86_64-linux-gnu/libc.so.6+0x10751c)

DEDUP_TOKEN: ih264d_compute_bs_non_mbaff_thread--ih264d_recon_deblk_slice--ih264d_recon_deblk_thread
Address 0x611000001fa8 is a wild pointer.
SUMMARY: AddressSanitizer: heap-buffer-overflow /src/libavc/decoder/ih264d_thread_compute_bs.c:291:39 in ih264d_compute_bs_non_mbaff_thread
Shadow bytes around the buggy address:
  0x0c227fff83a0: 00 00 00 00 00 00 00 00 00 00 fa fa fa fa fa fa
  0x0c227fff83b0: fa fa fa fa fa fa fa fa fa fa fa fa fa fa fa fa
  0x0c227fff83c0: fa fa fa fa fa fa fa fa fa fa fa fa fa fa fa fa
  0x0c227fff83d0: 00 00 00 00 00 00 00 00 00 00 00 fa fa fa fa fa
  0x0c227fff83e0: fa fa fa fa fa fa fa fa fa fa fa fa fa fa fa fa
=>0x0c227fff83f0: fa fa fa fa fa[fa]fa fa fa fa fa fa fa fa fa fa
  0x0c227fff8400: fa fa fa fa fa fa fa fa fa fa fa fa fa fa fa fa
  0x0c227fff8410: fa fa fa fa fa fa fa fa fa fa fa fa fa fa fa fa
  0x0c227fff8420: fa fa fa fa fa fa fa fa fa fa fa fa fa fa fa fa
  0x0c227fff8430: fa fa fa fa fa fa fa fa fa fa fa fa fa fa fa fa
  0x0c227fff8440: fa fa fa fa fa fa fa fa fa fa fa fa fa fa fa fa
Shadow byte legend (one shadow byte represents 8 application bytes):
  Addressable:           00
  Partially addressable: 01 02 03 04 05 06 07 
  Heap left redzone:       fa
  Freed heap region:       fd
  Stack left redzone:      f1
  Stack mid redzone:       f2
  Stack right redzone:     f3
  Stack after return:      f5
  Stack use after scope:   f8
  Global redzone:          f9
  Global init order:       f6
  Poisoned by user:        f7
  Container overflow:      fc
  Array cookie:            ac
  Intra object redzone:    bb
  ASan internal:           fe
  Left alloca redzone:     ca
  Right alloca redzone:    cb
  Shadow gap:              cc
Thread T3 created by T0 here:
    #0 0x523baa in pthread_create /src/llvm/projects/compiler-rt/lib/asan/asan_interceptors.cc:209:3
    #1 0x613ee0 in ih264d_parse_decode_slice /src/libavc/decoder/ih264d_parse_slice.c:1632:17
    #2 0x5e4f46 in ih264d_parse_nal_unit /src/libavc/decoder/ih264d_parse_headers.c:1164:40
    #3 0x573fd7 in ih264d_video_decode /src/libavc/decoder/ih264d_api.c:2222:15
    #4 0x56d5cb in Codec::decodeFrame(unsigned char const*, unsigned long, unsigned long*) /src/libavc/fuzzer/avc_dec_fuzzer.cpp:328:9
    #5 0x56ddb4 in LLVMFuzzerTestOneInput /src/libavc/fuzzer/avc_dec_fuzzer.cpp:372:18
    #6 0x473701 in fuzzer::Fuzzer::ExecuteCallback(unsigned char const*, unsigned long) /src/llvm/projects/compiler-rt/lib/fuzzer/FuzzerLoop.cpp:553:15
    #7 0x45e041 in fuzzer::RunOneTest(fuzzer::Fuzzer*, char const*, unsigned long) /src/llvm/projects/compiler-rt/lib/fuzzer/FuzzerDriver.cpp:292:6
    #8 0x463bce in fuzzer::FuzzerDriver(int*, char***, int (*)(unsigned char const*, unsigned long)) /src/llvm/projects/compiler-rt/lib/fuzzer/FuzzerDriver.cpp:775:9
    #9 0x48d172 in main /src/llvm/projects/compiler-rt/lib/fuzzer/FuzzerMain.cpp:19:10
    #10 0x729aeab2283f in __libc_start_main (/lib/x86_64-linux-gnu/libc.so.6+0x2083f)

DEDUP_TOKEN: pthread_create--ih264d_parse_decode_slice--ih264d_parse_nal_unit
==13==ABORTING
