INFO: Seed: 2280649973
INFO: Loaded 1 modules   (21227 inline 8-bit counters): 21227 [0xc03d70, 0xc0905b), 
INFO: Loaded 1 PC tables (21227 PCs): 21227 [0x8d1d90,0x924c40), 
/out/fuzz_asn1_sig_value: Running 1 inputs 1 time(s) each.
Running: /tmp/poc
=================================================================
==13==ERROR: AddressSanitizer: heap-buffer-overflow on address 0x6020000000b4 at pc 0x0000005789be bp 0x7fff948a67e0 sp 0x7fff948a67d8
READ of size 1 at 0x6020000000b4 thread T0
SCARINESS: 12 (1-byte-read-heap-buffer-overflow)
    #0 0x5789bd in asn1_decode_entry /src/opensc/src/libopensc/asn1.c:1468:8
    #1 0x574f54 in asn1_decode /src/opensc/src/libopensc/asn1.c:1644:7
    #2 0x57800e in asn1_decode_entry /src/opensc/src/libopensc/asn1.c:1407:8
    #3 0x574f54 in asn1_decode /src/opensc/src/libopensc/asn1.c:1644:7
    #4 0x574a34 in sc_asn1_decode /src/opensc/src/libopensc/asn1.c:1666:9
    #5 0x57675c in sc_asn1_sig_value_sequence_to_rs /src/opensc/src/libopensc/asn1.c:2059:7
    #6 0x56b074 in LLVMFuzzerTestOneInput /src/opensc/src/tests/fuzzing/fuzz_asn1_sig_value.c:52:5
    #7 0x475a71 in fuzzer::Fuzzer::ExecuteCallback(unsigned char const*, unsigned long) /src/llvm/projects/compiler-rt/lib/fuzzer/FuzzerLoop.cpp:553:15
    #8 0x4603b1 in fuzzer::RunOneTest(fuzzer::Fuzzer*, char const*, unsigned long) /src/llvm/projects/compiler-rt/lib/fuzzer/FuzzerDriver.cpp:292:6
    #9 0x465f3e in fuzzer::FuzzerDriver(int*, char***, int (*)(unsigned char const*, unsigned long)) /src/llvm/projects/compiler-rt/lib/fuzzer/FuzzerDriver.cpp:775:9
    #10 0x48f4e2 in main /src/llvm/projects/compiler-rt/lib/fuzzer/FuzzerMain.cpp:19:10
    #11 0x77d54897283f in __libc_start_main (/lib/x86_64-linux-gnu/libc.so.6+0x2083f)
    #12 0x4200e8 in _start (/out/fuzz_asn1_sig_value+0x4200e8)

DEDUP_TOKEN: asn1_decode_entry--asn1_decode--asn1_decode_entry
0x6020000000b4 is located 0 bytes to the right of 4-byte region [0x6020000000b0,0x6020000000b4)
allocated by thread T0 here:
    #0 0x53b78d in malloc /src/llvm/projects/compiler-rt/lib/asan/asan_malloc_linux.cc:145:3
    #1 0x434787 in operator new(unsigned long) (/out/fuzz_asn1_sig_value+0x434787)
    #2 0x4603b1 in fuzzer::RunOneTest(fuzzer::Fuzzer*, char const*, unsigned long) /src/llvm/projects/compiler-rt/lib/fuzzer/FuzzerDriver.cpp:292:6
    #3 0x465f3e in fuzzer::FuzzerDriver(int*, char***, int (*)(unsigned char const*, unsigned long)) /src/llvm/projects/compiler-rt/lib/fuzzer/FuzzerDriver.cpp:775:9
    #4 0x48f4e2 in main /src/llvm/projects/compiler-rt/lib/fuzzer/FuzzerMain.cpp:19:10
    #5 0x77d54897283f in __libc_start_main (/lib/x86_64-linux-gnu/libc.so.6+0x2083f)

DEDUP_TOKEN: malloc--operator new(unsigned long)--fuzzer::RunOneTest(fuzzer::Fuzzer*, char const*, unsigned long)
SUMMARY: AddressSanitizer: heap-buffer-overflow /src/opensc/src/libopensc/asn1.c:1468:8 in asn1_decode_entry
Shadow bytes around the buggy address:
  0x0c047fff7fc0: 00 00 00 00 00 00 00 00 00 00 00 00 00 00 00 00
  0x0c047fff7fd0: 00 00 00 00 00 00 00 00 00 00 00 00 00 00 00 00
  0x0c047fff7fe0: 00 00 00 00 00 00 00 00 00 00 00 00 00 00 00 00
  0x0c047fff7ff0: 00 00 00 00 00 00 00 00 00 00 00 00 00 00 00 00
  0x0c047fff8000: fa fa 00 00 fa fa 00 fa fa fa 00 fa fa fa 00 fa
=>0x0c047fff8010: fa fa 04 fa fa fa[04]fa fa fa 05 fa fa fa fd fa
  0x0c047fff8020: fa fa fd fa fa fa fd fd fa fa fd fa fa fa fd fd
  0x0c047fff8030: fa fa fd fa fa fa fd fa fa fa fd fa fa fa fd fd
  0x0c047fff8040: fa fa fd fd fa fa fd fa fa fa fd fa fa fa fd fd
  0x0c047fff8050: fa fa fd fa fa fa fd fd fa fa fd fd fa fa fd fa
  0x0c047fff8060: fa fa fd fd fa fa fd fa fa fa fd fa fa fa fd fd
Shadow byte legend (one shadow byte represents 8 application bytes):
  Addressable:           00
  Partially addressable: 01 02 03 04 05 06 07 
  Heap left redzone:       fa
  Freed heap region:       fd
  Stack left redzone:      f1
  Stack mid redzone:       f2
  Stack right redzone:     f3
  Stack after return:      f5
  Stack use after scope:   f8
  Global redzone:          f9
  Global init order:       f6
  Poisoned by user:        f7
  Container overflow:      fc
  Array cookie:            ac
  Intra object redzone:    bb
  ASan internal:           fe
  Left alloca redzone:     ca
  Right alloca redzone:    cb
  Shadow gap:              cc
==13==ABORTING
