INFO: Seed: 2232913855
INFO: Loaded 1 modules   (99616 inline 8-bit counters): 99616 [0x11a2c78, 0x11bb198), 
INFO: Loaded 1 PC tables (99616 PCs): 99616 [0x11bb198,0x1340398), 
/out/jpegsave_file_fuzzer: Running 1 inputs 1 time(s) each.
Running: /tmp/poc

(vips:13): VIPS-WARNING **: error reading vips image metadata: vips_realpath: unable to form filename
unix error: No such file or directory
VipsImage: XML parse error

UndefinedBehaviorSanitizer:DEADLYSIGNAL
==13==ERROR: UndefinedBehaviorSanitizer: SEGV on unknown address 0x000082d7e848 (pc 0x000000559295 bp 0x7ffff9dd0a40 sp 0x7ffff9dd09e0 T13)
==13==The signal is caused by a READ memory access.
    #0 0x559294 in vips__foreign_convert_saveable /src/libvips/libvips/foreign/foreign.c
    #1 0x5584ba in vips_foreign_save_build /src/libvips/libvips/foreign/foreign.c:1536:7
    #2 0x42d066 in vips_foreign_save_jpeg_buffer_build /src/libvips/libvips/foreign/jpegsave.c:305:6
    #3 0x43c763 in vips_object_build /src/libvips/libvips/iofuncs/object.c:367:6
    #4 0x5b05e6 in vips_cache_operation_buildp /src/libvips/libvips/iofuncs/cache.c:866:7
    #5 0x4446b1 in vips_call_required_optional /src/libvips/libvips/iofuncs/operation.c:880:6
    #6 0x445c34 in vips_call_by_name /src/libvips/libvips/iofuncs/operation.c:920:11
    #7 0x445d3a in vips_call_split /src/libvips/libvips/iofuncs/operation.c:1024:11
    #8 0x42d9d2 in vips_jpegsave_buffer /src/libvips/libvips/foreign/jpegsave.c:567:11
    #9 0x42c677 in test_one_file(char const*) /src/libvips/fuzz/jpegsave_file_fuzzer.cc:31:6
    #10 0x42c771 in LLVMFuzzerTestOneInput /src/libvips/fuzz/jpegsave_file_fuzzer.cc:51:3
    #11 0x87929e in fuzzer::Fuzzer::ExecuteCallback(unsigned char const*, unsigned long) /src/libfuzzer/FuzzerLoop.cpp:554:15
    #12 0x85f1d2 in fuzzer::RunOneTest(fuzzer::Fuzzer*, char const*, unsigned long) /src/libfuzzer/FuzzerDriver.cpp:292:6
    #13 0x86344e in fuzzer::FuzzerDriver(int*, char***, int (*)(unsigned char const*, unsigned long)) /src/libfuzzer/FuzzerDriver.cpp:775:9
    #14 0x85ef3a in main /src/libfuzzer/FuzzerMain.cpp:19:10
    #15 0x771a23b2983f in __libc_start_main (/lib/x86_64-linux-gnu/libc.so.6+0x2083f)
    #16 0x40aca8 in _start (/out/jpegsave_file_fuzzer+0x40aca8)

DEDUP_TOKEN: vips__foreign_convert_saveable--vips_foreign_save_build--vips_foreign_save_jpeg_buffer_build
UndefinedBehaviorSanitizer can not provide additional info.
SUMMARY: UndefinedBehaviorSanitizer: SEGV /src/libvips/libvips/foreign/foreign.c in vips__foreign_convert_saveable
==13==ABORTING
