INFO: Seed: 2305719014
INFO: Loaded 1 modules   (71488 inline 8-bit counters): 71488 [0x1771498, 0x1782bd8), 
INFO: Loaded 1 PC tables (71488 PCs): 71488 [0x1782bd8,0x1899fd8), 
/out/jpegsave_file_fuzzer: Running 1 inputs 1 time(s) each.
Running: /tmp/poc
=================================================================
==12==ERROR: AddressSanitizer: unknown-crash on address 0x7c066b280000 at pc 0x0000005f8de5 bp 0x7c06639ff1f0 sp 0x7c06639ff1e8
READ of size 1 at 0x7c066b280000 thread T4 (worker)
SCARINESS: 2 (1-byte-read-unknown-crash)
    #0 0x5f8de4 in vips_rad2float_line /src/libvips/libvips/colour/rad2float.c:170:7
    #1 0x5f1d97 in vips_colour_gen /src/libvips/libvips/colour/colour.c:248:3
    #2 0x50b2f5 in vips_region_generate /src/libvips/libvips/iofuncs/region.c:1564:6
    #3 0x505879 in vips_region_fill /src/libvips/libvips/iofuncs/region.c:879:7
    #4 0x50af38 in vips_region_prepare /src/libvips/libvips/iofuncs/region.c:1633:7
    #5 0x4dc718 in vips_image_write_gen /src/libvips/libvips/iofuncs/image.c:2503:6
    #6 0x50b2f5 in vips_region_generate /src/libvips/libvips/iofuncs/region.c:1564:6
    #7 0x505879 in vips_region_fill /src/libvips/libvips/iofuncs/region.c:879:7
    #8 0x50af38 in vips_region_prepare /src/libvips/libvips/iofuncs/region.c:1633:7
    #9 0x5fed35 in vips_scRGB2sRGB_gen /src/libvips/libvips/colour/scRGB2sRGB.c:162:6
    #10 0x50b2f5 in vips_region_generate /src/libvips/libvips/iofuncs/region.c:1564:6
    #11 0x505879 in vips_region_fill /src/libvips/libvips/iofuncs/region.c:879:7
    #12 0x50af38 in vips_region_prepare /src/libvips/libvips/iofuncs/region.c:1633:7
    #13 0x4dc718 in vips_image_write_gen /src/libvips/libvips/iofuncs/image.c:2503:6
    #14 0x50b2f5 in vips_region_generate /src/libvips/libvips/iofuncs/region.c:1564:6
    #15 0x505879 in vips_region_fill /src/libvips/libvips/iofuncs/region.c:879:7
    #16 0x50af38 in vips_region_prepare /src/libvips/libvips/iofuncs/region.c:1633:7
    #17 0x4dc718 in vips_image_write_gen /src/libvips/libvips/iofuncs/image.c:2503:6
    #18 0x50b2f5 in vips_region_generate /src/libvips/libvips/iofuncs/region.c:1564:6
    #19 0x50c1a7 in vips_region_prepare_to_generate /src/libvips/libvips/iofuncs/region.c:1690:6
    #20 0x50bc82 in vips_region_prepare_to /src/libvips/libvips/iofuncs/region.c:1807:7
    #21 0x50f630 in wbuffer_work_fn /src/libvips/libvips/iofuncs/sinkdisc.c:425:11
    #22 0x51a1eb in vips_thread_work_unit /src/libvips/libvips/iofuncs/threadpool.c:661:6
    #23 0x519b51 in vips_thread_main_loop /src/libvips/libvips/iofuncs/threadpool.c:684:3
    #24 0x517f86 in vips_thread_run /src/libvips/libvips/iofuncs/threadpool.c:209:11
    #25 0xeda8be in g_thread_proxy (/out/jpegsave_file_fuzzer+0xeda8be)
    #26 0x7c066ac5c6b9 in start_thread (/lib/x86_64-linux-gnu/libpthread.so.0+0x76b9)
    #27 0x7c066a37051c in clone (/lib/x86_64-linux-gnu/libc.so.6+0x10751c)

DEDUP_TOKEN: vips_rad2float_line--vips_colour_gen--vips_region_generate
Address 0x7c066b280000 is a wild pointer.
SUMMARY: AddressSanitizer: unknown-crash /src/libvips/libvips/colour/rad2float.c:170:7 in vips_rad2float_line
Shadow bytes around the buggy address:
  0x0f814d647fb0: 00 00 00 00 00 00 00 00 00 00 00 00 00 00 00 00
  0x0f814d647fc0: 00 00 00 00 00 00 00 00 00 00 00 00 00 00 00 00
  0x0f814d647fd0: 00 00 00 00 00 00 00 00 00 00 00 00 00 00 00 00
  0x0f814d647fe0: 00 00 00 00 00 00 00 00 00 00 00 00 00 00 00 00
  0x0f814d647ff0: 00 00 00 00 00 00 00 00 00 00 00 00 00 00 00 00
=>0x0f814d648000:[fe]fe fe fe fe fe fe fe fe fe fe fe fe fe fe fe
  0x0f814d648010: fe fe fe fe fe fe fe fe fe fe fe fe fe fe fe fe
  0x0f814d648020: fe fe fe fe fe fe fe fe fe fe fe fe fe fe fe fe
  0x0f814d648030: fe fe fe fe fe fe fe fe fe fe fe fe fe fe fe fe
  0x0f814d648040: fe fe fe fe fe fe fe fe fe fe fe fe fe fe fe fe
  0x0f814d648050: fe fe fe fe fe fe fe fe fe fe fe fe fe fe fe fe
Shadow byte legend (one shadow byte represents 8 application bytes):
  Addressable:           00
  Partially addressable: 01 02 03 04 05 06 07 
  Heap left redzone:       fa
  Freed heap region:       fd
  Stack left redzone:      f1
  Stack mid redzone:       f2
  Stack right redzone:     f3
  Stack after return:      f5
  Stack use after scope:   f8
  Global redzone:          f9
  Global init order:       f6
  Poisoned by user:        f7
  Container overflow:      fc
  Array cookie:            ac
  Intra object redzone:    bb
  ASan internal:           fe
  Left alloca redzone:     ca
  Right alloca redzone:    cb
  Shadow gap:              cc
Thread T4 (worker) created by T0 here:
    #0 0x48349a in pthread_create /src/llvm/projects/compiler-rt/lib/asan/asan_interceptors.cpp:209:3
    #1 0xef1366 in g_system_thread_new (/out/jpegsave_file_fuzzer+0xef1366)

DEDUP_TOKEN: pthread_create--g_system_thread_new
==12==ABORTING
