INFO: Seed: 2312524184
INFO: Loaded 1 modules   (218189 inline 8-bit counters): 218189 [0x25d03e0, 0x260582d), 
INFO: Loaded 1 PC tables (218189 PCs): 218189 [0x2605830,0x2959d00), 
/out/fuzz_emu_mips_32be: Running 1 inputs 1 time(s) each.
Running: /tmp/poc
AddressSanitizer:DEADLYSIGNAL
=================================================================
==13==ERROR: AddressSanitizer: SEGV on unknown address 0x61800002d040 (pc 0x000000b0b303 bp 0x7fffbba734b0 sp 0x7fffbba734b0 T0)
==13==The signal is caused by a READ memory access.
SCARINESS: 20 (wild-addr-read)
    #0 0xb0b302 in iotlb_to_region_mips /src/unicorn/qemu/exec.c:1433:66
    #1 0xb17052 in get_page_addr_code_mips /src/unicorn/qemu/cputlb.c:307:10
    #2 0xb7932b in tb_find_slow_mips /src/unicorn/qemu/cpu-exec.c:350:15
    #3 0xb77e63 in cpu_mips_exec_mips /src/unicorn/qemu/cpu-exec.c:219:22
    #4 0xb79d1c in tcg_exec_all_mips /src/unicorn/qemu/cpus.c:133:17
    #5 0xb79b27 in qemu_tcg_cpu_loop /src/unicorn/qemu/cpus.c:102:13
    #6 0xb79856 in resume_all_vcpus_mips /src/unicorn/qemu/cpus.c:76:5
    #7 0xb79770 in vm_start_mips /src/unicorn/qemu/cpus.c:46:9
    #8 0x555bc5 in uc_emu_start /src/unicorn/qemu/../uc.c:623:9
    #9 0x55368a in LLVMFuzzerTestOneInput /src/unicorn/tests/fuzz/fuzz_emu_mips_32be.c:48:9
    #10 0x45a5b1 in fuzzer::Fuzzer::ExecuteCallback(unsigned char const*, unsigned long) /src/llvm/projects/compiler-rt/lib/fuzzer/FuzzerLoop.cpp:554:15
    #11 0x444df1 in fuzzer::RunOneTest(fuzzer::Fuzzer*, char const*, unsigned long) /src/llvm/projects/compiler-rt/lib/fuzzer/FuzzerDriver.cpp:292:6
    #12 0x44aafe in fuzzer::FuzzerDriver(int*, char***, int (*)(unsigned char const*, unsigned long)) /src/llvm/projects/compiler-rt/lib/fuzzer/FuzzerDriver.cpp:775:9
    #13 0x474482 in main /src/llvm/projects/compiler-rt/lib/fuzzer/FuzzerMain.cpp:19:10
    #14 0x7d3de45a683f in __libc_start_main (/lib/x86_64-linux-gnu/libc.so.6+0x2083f)
    #15 0x41e288 in _start (/out/fuzz_emu_mips_32be+0x41e288)

DEDUP_TOKEN: iotlb_to_region_mips--get_page_addr_code_mips--tb_find_slow_mips
AddressSanitizer can not provide additional info.
SUMMARY: AddressSanitizer: SEGV /src/unicorn/qemu/exec.c:1433:66 in iotlb_to_region_mips
==13==ABORTING
