INFO: Seed: 2258897542
INFO: Loaded 1 modules   (6880 inline 8-bit counters): 6880 [0x912ac0, 0x9145a0), 
INFO: Loaded 1 PC tables (6880 PCs): 6880 [0x9145a0,0x92f3a0), 
/out/wkb_import_fuzzer: Running 1 inputs 1 time(s) each.
Running: /tmp/poc
=================================================================
==13==ERROR: AddressSanitizer: heap-buffer-overflow on address 0x6020000000b9 at pc 0x000000600d6c bp 0x7ffc839f9490 sp 0x7ffc839f9488
READ of size 4 at 0x6020000000b9 thread T0
SCARINESS: 17 (4-byte-read-heap-buffer-overflow)
    #0 0x600d6b in integer_from_wkb_state /src/postgis/liblwgeom/lwin_wkb.c:277:2
    #1 0x603103 in ptarray_from_wkb_state /src/postgis/liblwgeom/lwin_wkb.c:342:12
    #2 0x6020a7 in lwpoly_from_wkb_state /src/postgis/liblwgeom/lwin_wkb.c:521:20
    #3 0x602b8a in lwgeom_from_wkb /src/postgis/liblwgeom/lwin_wkb.c:783:9
    #4 0x4c946d in LLVMFuzzerTestOneInput /src/postgis/./fuzzers/wkb_import_fuzzer.cpp:116:22
    #5 0x514a00 in fuzzer::Fuzzer::ExecuteCallback(unsigned char const*, unsigned long) /src/libfuzzer/FuzzerLoop.cpp:554:15
    #6 0x4ca7bf in fuzzer::RunOneTest(fuzzer::Fuzzer*, char const*, unsigned long) /src/libfuzzer/FuzzerDriver.cpp:292:6
    #7 0x4d75a4 in fuzzer::FuzzerDriver(int*, char***, int (*)(unsigned char const*, unsigned long)) /src/libfuzzer/FuzzerDriver.cpp:775:9
    #8 0x4c9e17 in main /src/libfuzzer/FuzzerMain.cpp:19:10
    #9 0x7131ff381b96 in __libc_start_main (/lib/x86_64-linux-gnu/libc.so.6+0x21b96)
    #10 0x41e3e9 in _start (/out/wkb_import_fuzzer+0x41e3e9)

DEDUP_TOKEN: integer_from_wkb_state--ptarray_from_wkb_state--lwpoly_from_wkb_state
0x6020000000b9 is located 0 bytes to the right of 9-byte region [0x6020000000b0,0x6020000000b9)
allocated by thread T0 here:
    #0 0x4c5bbd in operator new[](unsigned long) /src/llvm/projects/compiler-rt/lib/asan/asan_new_delete.cc:102:3
    #1 0x5147ac in fuzzer::Fuzzer::ExecuteCallback(unsigned char const*, unsigned long) /src/libfuzzer/FuzzerLoop.cpp:539:23
    #2 0x4ca7bf in fuzzer::RunOneTest(fuzzer::Fuzzer*, char const*, unsigned long) /src/libfuzzer/FuzzerDriver.cpp:292:6
    #3 0x4d75a4 in fuzzer::FuzzerDriver(int*, char***, int (*)(unsigned char const*, unsigned long)) /src/libfuzzer/FuzzerDriver.cpp:775:9
    #4 0x4c9e17 in main /src/libfuzzer/FuzzerMain.cpp:19:10
    #5 0x7131ff381b96 in __libc_start_main (/lib/x86_64-linux-gnu/libc.so.6+0x21b96)

DEDUP_TOKEN: operator new[](unsigned long)--fuzzer::Fuzzer::ExecuteCallback(unsigned char const*, unsigned long)--fuzzer::RunOneTest(fuzzer::Fuzzer*, char const*, unsigned long)
SUMMARY: AddressSanitizer: heap-buffer-overflow /src/postgis/liblwgeom/lwin_wkb.c:277:2 in integer_from_wkb_state
Shadow bytes around the buggy address:
  0x0c047fff7fc0: 00 00 00 00 00 00 00 00 00 00 00 00 00 00 00 00
  0x0c047fff7fd0: 00 00 00 00 00 00 00 00 00 00 00 00 00 00 00 00
  0x0c047fff7fe0: 00 00 00 00 00 00 00 00 00 00 00 00 00 00 00 00
  0x0c047fff7ff0: 00 00 00 00 00 00 00 00 00 00 00 00 00 00 00 00
  0x0c047fff8000: fa fa 00 00 fa fa 00 fa fa fa 00 fa fa fa 00 fa
=>0x0c047fff8010: fa fa 00 01 fa fa 00[01]fa fa 00 fa fa fa fa fa
  0x0c047fff8020: fa fa fa fa fa fa fa fa fa fa fa fa fa fa fa fa
  0x0c047fff8030: fa fa fa fa fa fa fa fa fa fa fa fa fa fa fa fa
  0x0c047fff8040: fa fa fa fa fa fa fa fa fa fa fa fa fa fa fa fa
  0x0c047fff8050: fa fa fa fa fa fa fa fa fa fa fa fa fa fa fa fa
  0x0c047fff8060: fa fa fa fa fa fa fa fa fa fa fa fa fa fa fa fa
Shadow byte legend (one shadow byte represents 8 application bytes):
  Addressable:           00
  Partially addressable: 01 02 03 04 05 06 07 
  Heap left redzone:       fa
  Freed heap region:       fd
  Stack left redzone:      f1
  Stack mid redzone:       f2
  Stack right redzone:     f3
  Stack after return:      f5
  Stack use after scope:   f8
  Global redzone:          f9
  Global init order:       f6
  Poisoned by user:        f7
  Container overflow:      fc
  Array cookie:            ac
  Intra object redzone:    bb
  ASan internal:           fe
  Left alloca redzone:     ca
  Right alloca redzone:    cb
  Shadow gap:              cc
==13==ABORTING
