INFO: Seed: 2290001893
INFO: Loaded 1 modules   (26354 inline 8-bit counters): 26354 [0xb8fa0c, 0xb960fe), 
INFO: Loaded 1 PC tables (26354 PCs): 26354 [0x8d9a70,0x940990), 
/out/fuzzer_connect: Running 1 inputs 1 time(s) each.
Running: /tmp/poc
==13==WARNING: MemorySanitizer: use-of-uninitialized-value
    #0 0x80eef2 in sctp_process_asconf_add_ip /src/usrsctp/usrsctplib/netinet/sctp_asconf.c:200:7
    #1 0x80eef2 in sctp_handle_asconf /src/usrsctp/usrsctplib/netinet/sctp_asconf.c:734:15
    #2 0x56b26e in sctp_process_control /src/usrsctp/usrsctplib/netinet/sctp_input.c:5492:5
    #3 0x562bde in sctp_common_input_processing /src/usrsctp/usrsctplib/netinet/sctp_input.c:5899:10
    #4 0x54f042 in usrsctp_conninput /src/usrsctp/usrsctplib/user_socket.c:3518:2
    #5 0x526279 in LLVMFuzzerTestOneInput /src/usrsctp/fuzzer/fuzzer_connect.c:458:2
    #6 0x459fe1 in fuzzer::Fuzzer::ExecuteCallback(unsigned char const*, unsigned long) /src/llvm/projects/compiler-rt/lib/fuzzer/FuzzerLoop.cpp:554:15
    #7 0x444c11 in fuzzer::RunOneTest(fuzzer::Fuzzer*, char const*, unsigned long) /src/llvm/projects/compiler-rt/lib/fuzzer/FuzzerDriver.cpp:292:6
    #8 0x44a8ce in fuzzer::FuzzerDriver(int*, char***, int (*)(unsigned char const*, unsigned long)) /src/llvm/projects/compiler-rt/lib/fuzzer/FuzzerDriver.cpp:775:9
    #9 0x474cf2 in main /src/llvm/projects/compiler-rt/lib/fuzzer/FuzzerMain.cpp:19:10
    #10 0x7e317965d83f in __libc_start_main (/lib/x86_64-linux-gnu/libc.so.6+0x2083f)
    #11 0x41dfc8 in _start (/out/fuzzer_connect+0x41dfc8)

DEDUP_TOKEN: sctp_process_asconf_add_ip--sctp_handle_asconf--sctp_process_control
  Uninitialized value was created by a heap allocation
    #0 0x4d587d in malloc /src/llvm/projects/compiler-rt/lib/msan/msan_interceptors.cpp:916:3
    #1 0x7fb907 in m_get /src/usrsctp/usrsctplib/user_mbuf.c:125:9
    #2 0x7fb907 in m_copyback /src/usrsctp/usrsctplib/user_mbuf.c:1328:8
    #3 0x54ed6f in usrsctp_conninput /src/usrsctp/usrsctplib/user_socket.c:3507:2
    #4 0x526279 in LLVMFuzzerTestOneInput /src/usrsctp/fuzzer/fuzzer_connect.c:458:2
    #5 0x459fe1 in fuzzer::Fuzzer::ExecuteCallback(unsigned char const*, unsigned long) /src/llvm/projects/compiler-rt/lib/fuzzer/FuzzerLoop.cpp:554:15
    #6 0x444c11 in fuzzer::RunOneTest(fuzzer::Fuzzer*, char const*, unsigned long) /src/llvm/projects/compiler-rt/lib/fuzzer/FuzzerDriver.cpp:292:6
    #7 0x44a8ce in fuzzer::FuzzerDriver(int*, char***, int (*)(unsigned char const*, unsigned long)) /src/llvm/projects/compiler-rt/lib/fuzzer/FuzzerDriver.cpp:775:9
    #8 0x474cf2 in main /src/llvm/projects/compiler-rt/lib/fuzzer/FuzzerMain.cpp:19:10
    #9 0x7e317965d83f in __libc_start_main (/lib/x86_64-linux-gnu/libc.so.6+0x2083f)

DEDUP_TOKEN: malloc--m_get--m_copyback
SUMMARY: MemorySanitizer: use-of-uninitialized-value /src/usrsctp/usrsctplib/netinet/sctp_asconf.c:200:7 in sctp_process_asconf_add_ip
Unique heap origins: 124
Stack depot allocated bytes: 12368
Unique origin histories: 4
History depot allocated bytes: 96
Exiting
