INFO: Seed: 2264059245
INFO: Loaded 1 modules   (26419 inline 8-bit counters): 26419 [0xa65b60, 0xa6c293), 
INFO: Loaded 1 PC tables (26419 PCs): 26419 [0x7a6a50,0x80dd80), 
/out/fuzzer_connect: Running 1 inputs 1 time(s) each.
Running: /tmp/poc
=================================================================
==13==ERROR: AddressSanitizer: heap-use-after-free on address 0x616000001058 at pc 0x0000006d0460 bp 0x7ffd56d4ba20 sp 0x7ffd56d4ba18
READ of size 2 at 0x616000001058 thread T0
SCARINESS: 42 (2-byte-read-heap-use-after-free)
    #0 0x6d045f in sctp_notify_peer_addr_change /src/usrsctp/usrsctplib/netinet/sctputil.c:2993:14
    #1 0x6cbc47 in sctp_ulp_notify /src/usrsctp/usrsctplib/netinet/sctputil.c
    #2 0x7076a0 in sctp_asconf_del_remote_addrs_except /src/usrsctp/usrsctplib/netinet/sctp_asconf.c:300:4
    #3 0x7076a0 in sctp_process_asconf_delete_ip /src/usrsctp/usrsctplib/netinet/sctp_asconf.c:403:12
    #4 0x7076a0 in sctp_handle_asconf /src/usrsctp/usrsctplib/netinet/sctp_asconf.c:739:15
    #5 0x57b8b9 in sctp_process_control /src/usrsctp/usrsctplib/netinet/sctp_input.c:5492:5
    #6 0x576a30 in sctp_common_input_processing /src/usrsctp/usrsctplib/netinet/sctp_input.c:5899:10
    #7 0x56bb33 in usrsctp_conninput /src/usrsctp/usrsctplib/user_socket.c:3518:2
    #8 0x5547ef in LLVMFuzzerTestOneInput /src/usrsctp/fuzzer/fuzzer_connect.c:458:2
    #9 0x459ec1 in fuzzer::Fuzzer::ExecuteCallback(unsigned char const*, unsigned long) /src/llvm/projects/compiler-rt/lib/fuzzer/FuzzerLoop.cpp:554:15
    #10 0x444af1 in fuzzer::RunOneTest(fuzzer::Fuzzer*, char const*, unsigned long) /src/llvm/projects/compiler-rt/lib/fuzzer/FuzzerDriver.cpp:292:6
    #11 0x44a7ae in fuzzer::FuzzerDriver(int*, char***, int (*)(unsigned char const*, unsigned long)) /src/llvm/projects/compiler-rt/lib/fuzzer/FuzzerDriver.cpp:775:9
    #12 0x474bd2 in main /src/llvm/projects/compiler-rt/lib/fuzzer/FuzzerMain.cpp:19:10
    #13 0x7f1c63e4883f in __libc_start_main (/lib/x86_64-linux-gnu/libc.so.6+0x2083f)
    #14 0x41dea8 in _start (/out/fuzzer_connect+0x41dea8)

DEDUP_TOKEN: sctp_notify_peer_addr_change--sctp_ulp_notify--sctp_asconf_del_remote_addrs_except
0x616000001058 is located 216 bytes inside of 632-byte region [0x616000000f80,0x6160000011f8)
freed by thread T0 here:
    #0 0x52171d in free /src/llvm/projects/compiler-rt/lib/asan/asan_malloc_linux.cpp:123:3
    #1 0x635172 in sctp_remove_net /src/usrsctp/usrsctplib/netinet/sctp_pcb.c:5245:2
    #2 0x707687 in sctp_asconf_del_remote_addrs_except /src/usrsctp/usrsctplib/netinet/sctp_asconf.c:294:4
    #3 0x707687 in sctp_process_asconf_delete_ip /src/usrsctp/usrsctplib/netinet/sctp_asconf.c:403:12
    #4 0x707687 in sctp_handle_asconf /src/usrsctp/usrsctplib/netinet/sctp_asconf.c:739:15
    #5 0x57b8b9 in sctp_process_control /src/usrsctp/usrsctplib/netinet/sctp_input.c:5492:5
    #6 0x576a30 in sctp_common_input_processing /src/usrsctp/usrsctplib/netinet/sctp_input.c:5899:10
    #7 0x56bb33 in usrsctp_conninput /src/usrsctp/usrsctplib/user_socket.c:3518:2
    #8 0x5547ef in LLVMFuzzerTestOneInput /src/usrsctp/fuzzer/fuzzer_connect.c:458:2
    #9 0x459ec1 in fuzzer::Fuzzer::ExecuteCallback(unsigned char const*, unsigned long) /src/llvm/projects/compiler-rt/lib/fuzzer/FuzzerLoop.cpp:554:15
    #10 0x444af1 in fuzzer::RunOneTest(fuzzer::Fuzzer*, char const*, unsigned long) /src/llvm/projects/compiler-rt/lib/fuzzer/FuzzerDriver.cpp:292:6
    #11 0x44a7ae in fuzzer::FuzzerDriver(int*, char***, int (*)(unsigned char const*, unsigned long)) /src/llvm/projects/compiler-rt/lib/fuzzer/FuzzerDriver.cpp:775:9
    #12 0x474bd2 in main /src/llvm/projects/compiler-rt/lib/fuzzer/FuzzerMain.cpp:19:10
    #13 0x7f1c63e4883f in __libc_start_main (/lib/x86_64-linux-gnu/libc.so.6+0x2083f)

DEDUP_TOKEN: free--sctp_remove_net--sctp_asconf_del_remote_addrs_except
previously allocated by thread T0 here:
    #0 0x52199d in malloc /src/llvm/projects/compiler-rt/lib/asan/asan_malloc_linux.cpp:145:3
    #1 0x6302c0 in sctp_add_remote_addr /src/usrsctp/usrsctplib/netinet/sctp_pcb.c:4517:8
    #2 0x7085b7 in sctp_process_asconf_add_ip /src/usrsctp/usrsctplib/netinet/sctp_asconf.c:253:13
    #3 0x7085b7 in sctp_handle_asconf /src/usrsctp/usrsctplib/netinet/sctp_asconf.c:734:15
    #4 0x57b8b9 in sctp_process_control /src/usrsctp/usrsctplib/netinet/sctp_input.c:5492:5
    #5 0x576a30 in sctp_common_input_processing /src/usrsctp/usrsctplib/netinet/sctp_input.c:5899:10
    #6 0x56bb33 in usrsctp_conninput /src/usrsctp/usrsctplib/user_socket.c:3518:2
    #7 0x5547ef in LLVMFuzzerTestOneInput /src/usrsctp/fuzzer/fuzzer_connect.c:458:2
    #8 0x459ec1 in fuzzer::Fuzzer::ExecuteCallback(unsigned char const*, unsigned long) /src/llvm/projects/compiler-rt/lib/fuzzer/FuzzerLoop.cpp:554:15
    #9 0x444af1 in fuzzer::RunOneTest(fuzzer::Fuzzer*, char const*, unsigned long) /src/llvm/projects/compiler-rt/lib/fuzzer/FuzzerDriver.cpp:292:6
    #10 0x44a7ae in fuzzer::FuzzerDriver(int*, char***, int (*)(unsigned char const*, unsigned long)) /src/llvm/projects/compiler-rt/lib/fuzzer/FuzzerDriver.cpp:775:9
    #11 0x474bd2 in main /src/llvm/projects/compiler-rt/lib/fuzzer/FuzzerMain.cpp:19:10
    #12 0x7f1c63e4883f in __libc_start_main (/lib/x86_64-linux-gnu/libc.so.6+0x2083f)

DEDUP_TOKEN: malloc--sctp_add_remote_addr--sctp_process_asconf_add_ip
SUMMARY: AddressSanitizer: heap-use-after-free /src/usrsctp/usrsctplib/netinet/sctputil.c:2993:14 in sctp_notify_peer_addr_change
Shadow bytes around the buggy address:
  0x0c2c7fff81b0: 00 00 00 00 00 00 00 00 00 00 00 00 00 00 00 00
  0x0c2c7fff81c0: 00 00 00 00 00 00 00 00 00 00 00 00 00 00 00 00
  0x0c2c7fff81d0: 00 00 00 00 00 00 00 00 00 00 00 00 00 00 00 fa
  0x0c2c7fff81e0: fa fa fa fa fa fa fa fa fa fa fa fa fa fa fa fa
  0x0c2c7fff81f0: fd fd fd fd fd fd fd fd fd fd fd fd fd fd fd fd
=>0x0c2c7fff8200: fd fd fd fd fd fd fd fd fd fd fd[fd]fd fd fd fd
  0x0c2c7fff8210: fd fd fd fd fd fd fd fd fd fd fd fd fd fd fd fd
  0x0c2c7fff8220: fd fd fd fd fd fd fd fd fd fd fd fd fd fd fd fd
  0x0c2c7fff8230: fd fd fd fd fd fd fd fd fd fd fd fd fd fd fd fa
  0x0c2c7fff8240: fa fa fa fa fa fa fa fa fa fa fa fa fa fa fa fa
  0x0c2c7fff8250: fa fa fa fa fa fa fa fa fa fa fa fa fa fa fa fa
Shadow byte legend (one shadow byte represents 8 application bytes):
  Addressable:           00
  Partially addressable: 01 02 03 04 05 06 07 
  Heap left redzone:       fa
  Freed heap region:       fd
  Stack left redzone:      f1
  Stack mid redzone:       f2
  Stack right redzone:     f3
  Stack after return:      f5
  Stack use after scope:   f8
  Global redzone:          f9
  Global init order:       f6
  Poisoned by user:        f7
  Container overflow:      fc
  Array cookie:            ac
  Intra object redzone:    bb
  ASan internal:           fe
  Left alloca redzone:     ca
  Right alloca redzone:    cb
  Shadow gap:              cc
==13==ABORTING
