INFO: Seed: 2292035033
INFO: Loaded 1 modules   (21472 inline 8-bit counters): 21472 [0xbefd80, 0xbf5160), 
INFO: Loaded 1 PC tables (21472 PCs): 21472 [0x8bd9a8,0x9117a8), 
/out/fuzz_pkcs15_reader: Running 1 inputs 1 time(s) each.
Running: /tmp/poc
=================================================================
==13==ERROR: AddressSanitizer: heap-buffer-overflow on address 0x6110000003c0 at pc 0x000000522e4a bp 0x7fff263960d0 sp 0x7fff26395898
READ of size 8224 at 0x6110000003c0 thread T0
SCARINESS: 26 (multi-byte-read-heap-buffer-overflow)
    #0 0x522e49 in __asan_memcpy /src/llvm/projects/compiler-rt/lib/asan/asan_interceptors_memintrinsics.cpp:22:3
    #1 0x79158e in coolkey_get_certificate /src/opensc/src/libopensc/pkcs15-coolkey.c:291:3
    #2 0x78fbe2 in sc_pkcs15emu_coolkey_init /src/opensc/src/libopensc/pkcs15-coolkey.c:657:8
    #3 0x78ec8a in sc_pkcs15emu_coolkey_init_ex /src/opensc/src/libopensc/pkcs15-coolkey.c:727:7
    #4 0x5a2234 in sc_pkcs15_bind_synthetic /src/opensc/src/libopensc/pkcs15-syn.c:121:8
    #5 0x57211b in sc_pkcs15_bind /src/opensc/src/libopensc/pkcs15.c:1269:8
    #6 0x55462c in LLVMFuzzerTestOneInput /src/opensc/src/tests/fuzzing/fuzz_pkcs15_reader.c:210:5
    #7 0x45c1e1 in fuzzer::Fuzzer::ExecuteCallback(unsigned char const*, unsigned long) /src/llvm/projects/compiler-rt/lib/fuzzer/FuzzerLoop.cpp:556:15
    #8 0x446e01 in fuzzer::RunOneTest(fuzzer::Fuzzer*, char const*, unsigned long) /src/llvm/projects/compiler-rt/lib/fuzzer/FuzzerDriver.cpp:292:6
    #9 0x44cabe in fuzzer::FuzzerDriver(int*, char***, int (*)(unsigned char const*, unsigned long)) /src/llvm/projects/compiler-rt/lib/fuzzer/FuzzerDriver.cpp:774:9
    #10 0x476c32 in main /src/llvm/projects/compiler-rt/lib/fuzzer/FuzzerMain.cpp:19:10
    #11 0x7a6956f0d83f in __libc_start_main (/lib/x86_64-linux-gnu/libc.so.6+0x2083f)
    #12 0x4201b8 in _start (/out/fuzz_pkcs15_reader+0x4201b8)

DEDUP_TOKEN: __asan_memcpy--coolkey_get_certificate--sc_pkcs15emu_coolkey_init
0x6110000003c0 is located 0 bytes to the right of 256-byte region [0x6110000002c0,0x6110000003c0)
allocated by thread T0 here:
    #0 0x523a0d in malloc /src/llvm/projects/compiler-rt/lib/asan/asan_malloc_linux.cpp:145:3
    #1 0x6519ec in coolkey_fill_object /src/opensc/src/libopensc/card-coolkey.c:1401:17
    #2 0x652693 in coolkey_find_attribute /src/opensc/src/libopensc/card-coolkey.c:1446:11
    #3 0x563328 in sc_card_ctl /src/opensc/src/libopensc/card.c:1019:7
    #4 0x790beb in coolkey_get_attribute /src/opensc/src/libopensc/pkcs15-coolkey.c:98:6
    #5 0x790e64 in coolkey_get_attribute_bytes /src/opensc/src/libopensc/pkcs15-coolkey.c:192:6
    #6 0x78f97b in sc_pkcs15emu_coolkey_init /src/opensc/src/libopensc/pkcs15-coolkey.c:562:3
    #7 0x78ec8a in sc_pkcs15emu_coolkey_init_ex /src/opensc/src/libopensc/pkcs15-coolkey.c:727:7
    #8 0x5a2234 in sc_pkcs15_bind_synthetic /src/opensc/src/libopensc/pkcs15-syn.c:121:8
    #9 0x57211b in sc_pkcs15_bind /src/opensc/src/libopensc/pkcs15.c:1269:8
    #10 0x55462c in LLVMFuzzerTestOneInput /src/opensc/src/tests/fuzzing/fuzz_pkcs15_reader.c:210:5
    #11 0x45c1e1 in fuzzer::Fuzzer::ExecuteCallback(unsigned char const*, unsigned long) /src/llvm/projects/compiler-rt/lib/fuzzer/FuzzerLoop.cpp:556:15
    #12 0x446e01 in fuzzer::RunOneTest(fuzzer::Fuzzer*, char const*, unsigned long) /src/llvm/projects/compiler-rt/lib/fuzzer/FuzzerDriver.cpp:292:6
    #13 0x44cabe in fuzzer::FuzzerDriver(int*, char***, int (*)(unsigned char const*, unsigned long)) /src/llvm/projects/compiler-rt/lib/fuzzer/FuzzerDriver.cpp:774:9
    #14 0x476c32 in main /src/llvm/projects/compiler-rt/lib/fuzzer/FuzzerMain.cpp:19:10
    #15 0x7a6956f0d83f in __libc_start_main (/lib/x86_64-linux-gnu/libc.so.6+0x2083f)

DEDUP_TOKEN: malloc--coolkey_fill_object--coolkey_find_attribute
SUMMARY: AddressSanitizer: heap-buffer-overflow /src/llvm/projects/compiler-rt/lib/asan/asan_interceptors_memintrinsics.cpp:22:3 in __asan_memcpy
Shadow bytes around the buggy address:
  0x0c227fff8020: 00 00 fa fa fa fa fa fa fa fa fa fa fa fa fa fa
  0x0c227fff8030: fd fd fd fd fd fd fd fd fd fd fd fd fd fd fd fd
  0x0c227fff8040: fd fd fd fd fd fd fd fd fd fd fd fd fd fd fd fd
  0x0c227fff8050: fa fa fa fa fa fa fa fa 00 00 00 00 00 00 00 00
  0x0c227fff8060: 00 00 00 00 00 00 00 00 00 00 00 00 00 00 00 00
=>0x0c227fff8070: 00 00 00 00 00 00 00 00[fa]fa fa fa fa fa fa fa
  0x0c227fff8080: fa fa fa fa fa fa fa fa fa fa fa fa fa fa fa fa
  0x0c227fff8090: fa fa fa fa fa fa fa fa fa fa fa fa fa fa fa fa
  0x0c227fff80a0: fa fa fa fa fa fa fa fa fa fa fa fa fa fa fa fa
  0x0c227fff80b0: fa fa fa fa fa fa fa fa fa fa fa fa fa fa fa fa
  0x0c227fff80c0: fa fa fa fa fa fa fa fa fa fa fa fa fa fa fa fa
Shadow byte legend (one shadow byte represents 8 application bytes):
  Addressable:           00
  Partially addressable: 01 02 03 04 05 06 07 
  Heap left redzone:       fa
  Freed heap region:       fd
  Stack left redzone:      f1
  Stack mid redzone:       f2
  Stack right redzone:     f3
  Stack after return:      f5
  Stack use after scope:   f8
  Global redzone:          f9
  Global init order:       f6
  Poisoned by user:        f7
  Container overflow:      fc
  Array cookie:            ac
  Intra object redzone:    bb
  ASan internal:           fe
  Left alloca redzone:     ca
  Right alloca redzone:    cb
  Shadow gap:              cc
==13==ABORTING
