INFO: Seed: 2246098775
INFO: Loaded 1 modules   (93275 inline 8-bit counters): 93275 [0x1313450, 0x132a0ab), 
INFO: Loaded 1 PC tables (93275 PCs): 93275 [0x132a0b0,0x1496660), 
/out/pix_rotate_shear_fuzzer: Running 1 inputs 1 time(s) each.
Running: /tmp/poc
=================================================================
==13==ERROR: AddressSanitizer: heap-buffer-overflow on address 0x607000000000 at pc 0x00000052192a bp 0x7ffe68e383b0 sp 0x7ffe68e37b78
READ of size 196 at 0x607000000000 thread T0
SCARINESS: 26 (multi-byte-read-heap-buffer-overflow)
    #0 0x521929 in __asan_memcpy /src/llvm-project/compiler-rt/lib/asan/asan_interceptors_memintrinsics.cpp:22:3
    #1 0x65f74c in pixReadMemBmp /src/leptonica/src/bmpio.c:250:9
    #2 0x5c74f0 in pixReadMem /src/leptonica/src/readfile.c:859:20
    #3 0x554e0d in LLVMFuzzerTestOneInput /src/pix_rotate_shear_fuzzer.cc:59:14
    #4 0x45a951 in fuzzer::Fuzzer::ExecuteCallback(unsigned char const*, unsigned long) /src/llvm-project/compiler-rt/lib/fuzzer/FuzzerLoop.cpp:556:15
    #5 0x445471 in fuzzer::RunOneTest(fuzzer::Fuzzer*, char const*, unsigned long) /src/llvm-project/compiler-rt/lib/fuzzer/FuzzerDriver.cpp:292:6
    #6 0x44b12e in fuzzer::FuzzerDriver(int*, char***, int (*)(unsigned char const*, unsigned long)) /src/llvm-project/compiler-rt/lib/fuzzer/FuzzerDriver.cpp:774:9
    #7 0x475052 in main /src/llvm-project/compiler-rt/lib/fuzzer/FuzzerMain.cpp:19:10
    #8 0x78ec1084783f in __libc_start_main (/lib/x86_64-linux-gnu/libc.so.6+0x2083f)
    #9 0x41e8e8 in _start (/out/pix_rotate_shear_fuzzer+0x41e8e8)

DEDUP_TOKEN: __asan_memcpy--pixReadMemBmp--pixReadMem
0x607000000000 is located 32 bytes to the left of 65-byte region [0x607000000020,0x607000000061)
allocated by thread T0 here:
    #0 0x5224ed in malloc /src/llvm-project/compiler-rt/lib/asan/asan_malloc_linux.cpp:145:3
    #1 0x433757 in operator new(unsigned long) (/out/pix_rotate_shear_fuzzer+0x433757)
    #2 0x44542b in fuzzer::RunOneTest(fuzzer::Fuzzer*, char const*, unsigned long) /src/llvm-project/compiler-rt/lib/fuzzer/FuzzerDriver.cpp:289:12
    #3 0x44b12e in fuzzer::FuzzerDriver(int*, char***, int (*)(unsigned char const*, unsigned long)) /src/llvm-project/compiler-rt/lib/fuzzer/FuzzerDriver.cpp:774:9
    #4 0x475052 in main /src/llvm-project/compiler-rt/lib/fuzzer/FuzzerMain.cpp:19:10
    #5 0x78ec1084783f in __libc_start_main (/lib/x86_64-linux-gnu/libc.so.6+0x2083f)

DEDUP_TOKEN: malloc--operator new(unsigned long)--fuzzer::RunOneTest(fuzzer::Fuzzer*, char const*, unsigned long)
SUMMARY: AddressSanitizer: heap-buffer-overflow /src/llvm-project/compiler-rt/lib/asan/asan_interceptors_memintrinsics.cpp:22:3 in __asan_memcpy
Shadow bytes around the buggy address:
  0x0c0e7fff7fb0: 00 00 00 00 00 00 00 00 00 00 00 00 00 00 00 00
  0x0c0e7fff7fc0: 00 00 00 00 00 00 00 00 00 00 00 00 00 00 00 00
  0x0c0e7fff7fd0: 00 00 00 00 00 00 00 00 00 00 00 00 00 00 00 00
  0x0c0e7fff7fe0: 00 00 00 00 00 00 00 00 00 00 00 00 00 00 00 00
  0x0c0e7fff7ff0: 00 00 00 00 00 00 00 00 00 00 00 00 00 00 00 00
=>0x0c0e7fff8000:[fa]fa fa fa 00 00 00 00 00 00 00 00 01 fa fa fa
  0x0c0e7fff8010: fa fa 00 00 00 00 00 00 00 00 01 fa fa fa fa fa
  0x0c0e7fff8020: fa fa fa fa fa fa fa fa fa fa fa fa fa fa fa fa
  0x0c0e7fff8030: fa fa fa fa fa fa fa fa fa fa fa fa fa fa fa fa
  0x0c0e7fff8040: fa fa fa fa fa fa fa fa fa fa fa fa fa fa fa fa
  0x0c0e7fff8050: fa fa fa fa fa fa fa fa fa fa fa fa fa fa fa fa
Shadow byte legend (one shadow byte represents 8 application bytes):
  Addressable:           00
  Partially addressable: 01 02 03 04 05 06 07 
  Heap left redzone:       fa
  Freed heap region:       fd
  Stack left redzone:      f1
  Stack mid redzone:       f2
  Stack right redzone:     f3
  Stack after return:      f5
  Stack use after scope:   f8
  Global redzone:          f9
  Global init order:       f6
  Poisoned by user:        f7
  Container overflow:      fc
  Array cookie:            ac
  Intra object redzone:    bb
  ASan internal:           fe
  Left alloca redzone:     ca
  Right alloca redzone:    cb
  Shadow gap:              cc
==13==ABORTING
