======================= INFO =========================
This binary is built for AFL-fuzz.
To run the target function on individual input(s) execute this:
  /out/fuzz_emu_arm64_arm < INPUT_FILE
or
  /out/fuzz_emu_arm64_arm INPUT_FILE1 [INPUT_FILE2 ... ]
To fuzz with afl-fuzz execute this:
  afl-fuzz [afl-flags] /out/fuzz_emu_arm64_arm [-N]
afl-fuzz will run N iterations before re-spawning the process (default: 1000)
======================================================
Reading 60 bytes from /tmp/poc
AddressSanitizer:DEADLYSIGNAL
=================================================================
==13==ERROR: AddressSanitizer: SEGV on unknown address 0x10ea56881639 (pc 0x000001970c46 bp 0x7fff53a018c0 sp 0x7fff53a01800 T0)
==13==The signal is caused by a READ memory access.
SCARINESS: 20 (wild-addr-read)
    #0 0x1970c45 in tcg_constant_folding_aarch64 /src/unicorn/qemu/tcg/optimize.c:574:32
    #1 0x7c6d5b in tcg_gen_code_common_aarch64 /src/unicorn/qemu/tcg/tcg.c:2545:9
    #2 0x7c6d5b in tcg_gen_code_aarch64 /src/unicorn/qemu/tcg/tcg.c:2670
    #3 0x8014c9 in cpu_arm_gen_code_aarch64 /src/unicorn/qemu/translate-all.c:208:21
    #4 0x800d57 in tb_gen_code_aarch64 /src/unicorn/qemu/translate-all.c:1115:5
    #5 0x80565c in tb_find_slow_aarch64 /src/unicorn/qemu/cpu-exec.c:371:10
    #6 0x8039b9 in cpu_arm_exec_aarch64 /src/unicorn/qemu/cpu-exec.c:211:22
    #7 0x805ddc in tcg_exec_all_aarch64 /src/unicorn/qemu/cpus.c:135:17
    #8 0x805bdf in qemu_tcg_cpu_loop /src/unicorn/qemu/cpus.c:102:13
    #9 0x805920 in resume_all_vcpus_aarch64 /src/unicorn/qemu/cpus.c:76:5
    #10 0x80584c in vm_start_aarch64 /src/unicorn/qemu/cpus.c:46:9
    #11 0x5325b4 in uc_emu_start /src/unicorn/qemu/../uc.c:622:9
    #12 0x53034f in LLVMFuzzerTestOneInput /src/unicorn/tests/fuzz/fuzz_emu_arm64_arm.c:48:9
    #13 0x1d1fde1 in ExecuteFilesOnyByOne(int, char**) /src/libfuzzer/afl/afl_driver.cpp:301:5
    #14 0x1d2038e in main /src/libfuzzer/afl/afl_driver.cpp:339:12
    #15 0x7c0eb3a7383f in __libc_start_main (/lib/x86_64-linux-gnu/libc.so.6+0x2083f)
    #16 0x41cfc8 in _start (/out/fuzz_emu_arm64_arm+0x41cfc8)

DEDUP_TOKEN: tcg_constant_folding_aarch64--tcg_gen_code_common_aarch64--tcg_gen_code_aarch64
AddressSanitizer can not provide additional info.
SUMMARY: AddressSanitizer: SEGV /src/unicorn/qemu/tcg/optimize.c:574:32 in tcg_constant_folding_aarch64
==13==ABORTING
