INFO: Seed: 2306303511
INFO: Loaded 1 modules   (10308 inline 8-bit counters): 10308 [0xa201f0, 0xa22a34), 
INFO: Loaded 1 PC tables (10308 PCs): 10308 [0xa22a38,0xa4ae78), 
/out/fuzz_json_decode: Running 1 inputs 1 time(s) each.
Running: /tmp/poc
==12==WARNING: MemorySanitizer: use-of-uninitialized-value
    #0 0x6f4649 in jumpOverRec /src/open62541/src/ua_types_encoding_json.c:2353:16
    #1 0x6f40ed in jumpOverRec /src/open62541/src/ua_types_encoding_json.c:2339:16
    #2 0x6f4048 in jumpOverRec /src/open62541/src/ua_types_encoding_json.c:2337:16
    #3 0x6e8ccb in jumpOverObject /src/open62541/src/ua_types_encoding_json.c:2370:5
    #4 0x6e8ccb in ExtensionObject_decodeJson /src/open62541/src/ua_types_encoding_json.c:2838:13
    #5 0x6f5da7 in Array_decodeJson_internal /src/open62541/src/ua_types_encoding_json.c:3142:15
    #6 0x6d8ea7 in decodeFields /src/open62541/src/ua_types_encoding_json.c:3096:23
    #7 0x6eb7bc in Variant_decodeJson /src/open62541/src/ua_types_encoding_json.c
    #8 0x6ed5d4 in UA_decodeJson /src/open62541/src/ua_types_encoding_json.c:3321:11
    #9 0x524bb4 in LLVMFuzzerTestOneInput /src/open62541/tests/fuzz/fuzz_json_decode.cc:26:28
    #10 0x45ab51 in fuzzer::Fuzzer::ExecuteCallback(unsigned char const*, unsigned long) /src/llvm/projects/compiler-rt/lib/fuzzer/FuzzerLoop.cpp:554:15
    #11 0x445381 in fuzzer::RunOneTest(fuzzer::Fuzzer*, char const*, unsigned long) /src/llvm/projects/compiler-rt/lib/fuzzer/FuzzerDriver.cpp:292:6
    #12 0x44b09e in fuzzer::FuzzerDriver(int*, char***, int (*)(unsigned char const*, unsigned long)) /src/llvm/projects/compiler-rt/lib/fuzzer/FuzzerDriver.cpp:775:9
    #13 0x474a22 in main /src/llvm/projects/compiler-rt/lib/fuzzer/FuzzerMain.cpp:19:10
    #14 0x75ebff9ba83f in __libc_start_main (/lib/x86_64-linux-gnu/libc.so.6+0x2083f)
    #15 0x41e828 in _start (/out/fuzz_json_decode+0x41e828)

DEDUP_TOKEN: jumpOverRec--jumpOverRec--jumpOverRec
  Uninitialized value was created by a heap allocation
    #0 0x4d552d in malloc /src/llvm/projects/compiler-rt/lib/msan/msan_interceptors.cpp:916:3
    #1 0x7086cb in UA_memoryManager_malloc /src/open62541/tests/fuzz/custom_memory_manager.c:132:18
    #2 0x6ed176 in UA_decodeJson /src/open62541/src/ua_types_encoding_json.c:3296:39
    #3 0x524bb4 in LLVMFuzzerTestOneInput /src/open62541/tests/fuzz/fuzz_json_decode.cc:26:28
    #4 0x45ab51 in fuzzer::Fuzzer::ExecuteCallback(unsigned char const*, unsigned long) /src/llvm/projects/compiler-rt/lib/fuzzer/FuzzerLoop.cpp:554:15
    #5 0x445381 in fuzzer::RunOneTest(fuzzer::Fuzzer*, char const*, unsigned long) /src/llvm/projects/compiler-rt/lib/fuzzer/FuzzerDriver.cpp:292:6
    #6 0x44b09e in fuzzer::FuzzerDriver(int*, char***, int (*)(unsigned char const*, unsigned long)) /src/llvm/projects/compiler-rt/lib/fuzzer/FuzzerDriver.cpp:775:9
    #7 0x474a22 in main /src/llvm/projects/compiler-rt/lib/fuzzer/FuzzerMain.cpp:19:10
    #8 0x75ebff9ba83f in __libc_start_main (/lib/x86_64-linux-gnu/libc.so.6+0x2083f)

DEDUP_TOKEN: malloc--UA_memoryManager_malloc--UA_decodeJson
SUMMARY: MemorySanitizer: use-of-uninitialized-value /src/open62541/src/ua_types_encoding_json.c:2353:16 in jumpOverRec
Unique heap origins: 27
Stack depot allocated bytes: 1952
Unique origin histories: 3
History depot allocated bytes: 72
Exiting
