======================= INFO =========================
This binary is built for AFL-fuzz.
To run the target function on individual input(s) execute this:
  /out/arrow-ipc-stream-fuzz < INPUT_FILE
or
  /out/arrow-ipc-stream-fuzz INPUT_FILE1 [INPUT_FILE2 ... ]
To fuzz with afl-fuzz execute this:
  afl-fuzz [afl-flags] /out/arrow-ipc-stream-fuzz [-N]
afl-fuzz will run N iterations before re-spawning the process (default: 1000)
======================================================
AddressSanitizer:DEADLYSIGNAL
=================================================================
Reading 34816 bytes from /tmp/poc
==13==ERROR: AddressSanitizer: SEGV on unknown address 0x62d000010978 (pc 0x0000013a2527 bp 0x7ffc9ecab170 sp 0x7ffc9ecab100 T0)
==13==The signal is caused by a READ memory access.
SCARINESS: 20 (wild-addr-read)
    #0 0x13a2527 in arrow::internal::CountSetBits(unsigned char const*, long, long) /src/arrow/cpp/src/arrow/util/bit_util.cc:95:16
    #1 0x10686be in GetNullCount /src/arrow/cpp/src/arrow/array.cc:113:21
    #2 0x10686be in arrow::Array::null_count() const /src/arrow/cpp/src/arrow/array.cc:125:51
    #3 0x113edd5 in arrow::internal::ValidateArray(arrow::Array const&) /src/arrow/cpp/src/arrow/array/validate.cc:269:13
    #4 0x114430b in Visit /src/arrow/cpp/src/arrow/array/validate.cc:135:34
    #5 0x114430b in arrow::Status arrow::VisitArrayInline<arrow::internal::(anonymous namespace)::ValidateArrayVisitor>(arrow::Array const&, arrow::internal::(anonymous namespace)::ValidateArrayVisitor*) /src/arrow/cpp/src/arrow/visitor_inline.h:110:5
    #6 0x113fa0d in arrow::internal::ValidateArray(arrow::Array const&) /src/arrow/cpp/src/arrow/array/validate.cc:297:10
    #7 0x6a3f30 in arrow::RecordBatch::Validate() const /src/arrow/cpp/src/arrow/record_batch.cc:263:5
    #8 0x6aff1d in arrow::SimpleRecordBatch::Validate() const /src/arrow/cpp/src/arrow/record_batch.cc:162:25
    #9 0x6a5708 in arrow::RecordBatch::ValidateFull() const /src/arrow/cpp/src/arrow/record_batch.cc:269:3
    #10 0x602727 in arrow::ipc::internal::FuzzIpcStream(unsigned char const*, long) /src/arrow/cpp/src/arrow/ipc/reader.cc:1167:5
    #11 0x5ac6e9 in LLVMFuzzerTestOneInput /src/arrow/cpp/src/arrow/ipc/stream_fuzz.cc:25:17
    #12 0x5aad7e in ExecuteFilesOnyByOne /src/libfuzzer/afl/afl_driver.cpp:216:5
    #13 0x5aad7e in main /src/libfuzzer/afl/afl_driver.cpp:253:12
    #14 0x74473b0e183f in __libc_start_main (/lib/x86_64-linux-gnu/libc.so.6+0x2083f)
    #15 0x4ff678 in _start (/out/arrow-ipc-stream-fuzz+0x4ff678)

DEDUP_TOKEN: arrow::internal::CountSetBits(unsigned char const*, long, long)--GetNullCount--arrow::Array::null_count() const
AddressSanitizer can not provide additional info.
SUMMARY: AddressSanitizer: SEGV /src/arrow/cpp/src/arrow/util/bit_util.cc:95:16 in arrow::internal::CountSetBits(unsigned char const*, long, long)
==13==ABORTING
