Accepting input from '/tmp/poc'
Usage for fuzzing: honggfuzz -P [flags] -- /out/fuzz_ndpi_reader
=================================================================
==13==ERROR: AddressSanitizer: heap-buffer-overflow on address 0x60400000097b at pc 0x0000004d995c bp 0x7fffced98470 sp 0x7fffced98468
READ of size 4 at 0x60400000097b thread T0
SCARINESS: 17 (4-byte-read-heap-buffer-overflow)
    #0 0x4d995b in get_ndpi_flow_info6 /src/ndpi/example/reader_util.c:916:52
    #1 0x4d47e5 in packet_processing /src/ndpi/example/reader_util.c:1164:12
    #2 0x4d3f38 in ndpi_workflow_process_packet /src/ndpi/example/reader_util.c:1741:10
    #3 0x4c7eac in LLVMFuzzerTestOneInput /src/ndpi/fuzz/fuzz_ndpi_reader.c:82:9
    #4 0x66cca4 in HonggfuzzMain (/out/fuzz_ndpi_reader+0x66cca4)
    #5 0x772cf7c3e83f in __libc_start_main (/lib/x86_64-linux-gnu/libc.so.6+0x2083f)
    #6 0x41c678 in _start (/out/fuzz_ndpi_reader+0x41c678)

DEDUP_TOKEN: get_ndpi_flow_info6--packet_processing--ndpi_workflow_process_packet
0x60400000097b is located 0 bytes to the right of 43-byte region [0x604000000950,0x60400000097b)
allocated by thread T0 here:
    #0 0x49525d in malloc /src/llvm-project/compiler-rt/lib/asan/asan_malloc_linux.cpp:145:3
    #1 0x4c7e69 in LLVMFuzzerTestOneInput /src/ndpi/fuzz/fuzz_ndpi_reader.c:80:35
    #2 0x66cca4 in HonggfuzzMain (/out/fuzz_ndpi_reader+0x66cca4)

DEDUP_TOKEN: malloc--LLVMFuzzerTestOneInput--HonggfuzzMain
SUMMARY: AddressSanitizer: heap-buffer-overflow /src/ndpi/example/reader_util.c:916:52 in get_ndpi_flow_info6
Shadow bytes around the buggy address:
  0x0c087fff80d0: fa fa fd fd fd fd fd fd fa fa 00 00 00 00 00 fa
  0x0c087fff80e0: fa fa 00 00 00 00 00 fa fa fa 00 00 00 00 00 fa
  0x0c087fff80f0: fa fa 00 00 00 00 00 fa fa fa 00 00 00 00 00 fa
  0x0c087fff8100: fa fa fd fd fd fd fd fd fa fa fd fd fd fd fd fd
  0x0c087fff8110: fa fa fd fd fd fd fd fd fa fa fd fd fd fd fd fd
=>0x0c087fff8120: fa fa fd fd fd fd fd fd fa fa 00 00 00 00 00[03]
  0x0c087fff8130: fa fa fa fa fa fa fa fa fa fa fa fa fa fa fa fa
  0x0c087fff8140: fa fa fa fa fa fa fa fa fa fa fa fa fa fa fa fa
  0x0c087fff8150: fa fa fa fa fa fa fa fa fa fa fa fa fa fa fa fa
  0x0c087fff8160: fa fa fa fa fa fa fa fa fa fa fa fa fa fa fa fa
  0x0c087fff8170: fa fa fa fa fa fa fa fa fa fa fa fa fa fa fa fa
Shadow byte legend (one shadow byte represents 8 application bytes):
  Addressable:           00
  Partially addressable: 01 02 03 04 05 06 07 
  Heap left redzone:       fa
  Freed heap region:       fd
  Stack left redzone:      f1
  Stack mid redzone:       f2
  Stack right redzone:     f3
  Stack after return:      f5
  Stack use after scope:   f8
  Global redzone:          f9
  Global init order:       f6
  Poisoned by user:        f7
  Container overflow:      fc
  Array cookie:            ac
  Intra object redzone:    bb
  ASan internal:           fe
  Left alloca redzone:     ca
  Right alloca redzone:    cb
  Shadow gap:              cc
==13==ABORTING
