INFO: Seed: 2301727487
INFO: Loaded 1 modules   (5960 inline 8-bit counters): 5960 [0x7809c0, 0x782108), 
INFO: Loaded 1 PC tables (5960 PCs): 5960 [0x782108,0x799588), 
/out/magic_fuzzer: Running 1 inputs 1 time(s) each.
Running: /tmp/poc
der.c:228:16: runtime error: index 36 out of bounds for type 'const char *[36]'
    #0 0x4e2b83 in der_tag /src/file/src/der.c:228:16
    #1 0x4e2611 in der_cmp /src/file/src/der.c:324:2
    #2 0x4d16a4 in magiccheck /src/file/src/softmagic.c:2218:13
    #3 0x4cde7b in match /src/file/src/softmagic.c:260:12
    #4 0x4cd920 in file_softmagic /src/file/src/softmagic.c:134:13
    #5 0x4c95e9 in file_buffer /src/file/src/funcs.c:383:7
    #6 0x4b6977 in magic_buffer /src/file/src/magic.c:540:6
    #7 0x4b488c in LLVMFuzzerTestOneInput /src/magic_fuzzer.cc:52:3
    #8 0x443941 in fuzzer::Fuzzer::ExecuteCallback(unsigned char const*, unsigned long) /src/llvm-project/compiler-rt/lib/fuzzer/FuzzerLoop.cpp:556:15
    #9 0x42e461 in fuzzer::RunOneTest(fuzzer::Fuzzer*, char const*, unsigned long) /src/llvm-project/compiler-rt/lib/fuzzer/FuzzerDriver.cpp:292:6
    #10 0x43411e in fuzzer::FuzzerDriver(int*, char***, int (*)(unsigned char const*, unsigned long)) /src/llvm-project/compiler-rt/lib/fuzzer/FuzzerDriver.cpp:774:9
    #11 0x45e042 in main /src/llvm-project/compiler-rt/lib/fuzzer/FuzzerMain.cpp:19:10
    #12 0x7f14dbfd283f in __libc_start_main (/lib/x86_64-linux-gnu/libc.so.6+0x2083f)
    #13 0x4078d8 in _start (/out/magic_fuzzer+0x4078d8)

DEDUP_TOKEN: der_tag--der_cmp--magiccheck
SUMMARY: UndefinedBehaviorSanitizer: undefined-behavior der.c:228:16 in 
