INFO: Seed: 2186485379
INFO: Loaded 1 modules   (12037 inline 8-bit counters): 12037 [0xab8c20, 0xabbb25), 
INFO: Loaded 1 PC tables (12037 PCs): 12037 [0xabbb28,0xaeab78), 
/out/fuzz_process_packet: Running 1 inputs 1 time(s) each.
Running: /tmp/poc
=================================================================
==13==ERROR: AddressSanitizer: heap-buffer-overflow on address 0x6070000000d8 at pc 0x000000520fea bp 0x7ffdc866da70 sp 0x7ffdc866d238
READ of size 20 at 0x6070000000d8 thread T0
SCARINESS: 26 (multi-byte-read-heap-buffer-overflow)
    #0 0x520fe9 in __asan_memcpy /src/llvm-project/compiler-rt/lib/asan/asan_interceptors_memintrinsics.cpp:22:3
    #1 0x5a978e in ndpi_add_connection_as_bittorrent /src/ndpi/src/lib/protocols/bittorrent.c:75:17
    #2 0x5a9eea in ndpi_int_search_bittorrent_tcp_zero /src/ndpi/src/lib/protocols/bittorrent.c
    #3 0x564c91 in check_ndpi_tcp_flow_func /src/ndpi/src/lib/ndpi_main.c:4129:4
    #4 0x56a384 in ndpi_detection_process_packet /src/ndpi/src/lib/ndpi_main.c:4879:3
    #5 0x55453a in LLVMFuzzerTestOneInput /src/ndpi/fuzz/fuzz_process_packet.c:24:3
    #6 0x45a011 in fuzzer::Fuzzer::ExecuteCallback(unsigned char const*, unsigned long) /src/llvm-project/compiler-rt/lib/fuzzer/FuzzerLoop.cpp:556:15
    #7 0x444b31 in fuzzer::RunOneTest(fuzzer::Fuzzer*, char const*, unsigned long) /src/llvm-project/compiler-rt/lib/fuzzer/FuzzerDriver.cpp:292:6
    #8 0x44a7ee in fuzzer::FuzzerDriver(int*, char***, int (*)(unsigned char const*, unsigned long)) /src/llvm-project/compiler-rt/lib/fuzzer/FuzzerDriver.cpp:774:9
    #9 0x474712 in main /src/llvm-project/compiler-rt/lib/fuzzer/FuzzerMain.cpp:19:10
    #10 0x700557d5783f in __libc_start_main (/lib/x86_64-linux-gnu/libc.so.6+0x2083f)
    #11 0x41dfa8 in _start (/out/fuzz_process_packet+0x41dfa8)

DEDUP_TOKEN: __asan_memcpy--ndpi_add_connection_as_bittorrent--ndpi_int_search_bittorrent_tcp_zero
0x6070000000d8 is located 7 bytes to the right of 65-byte region [0x607000000090,0x6070000000d1)
allocated by thread T0 here:
    #0 0x521bad in malloc /src/llvm-project/compiler-rt/lib/asan/asan_malloc_linux.cpp:145:3
    #1 0x432e17 in operator new(unsigned long) (/out/fuzz_process_packet+0x432e17)
    #2 0x444b31 in fuzzer::RunOneTest(fuzzer::Fuzzer*, char const*, unsigned long) /src/llvm-project/compiler-rt/lib/fuzzer/FuzzerDriver.cpp:292:6
    #3 0x44a7ee in fuzzer::FuzzerDriver(int*, char***, int (*)(unsigned char const*, unsigned long)) /src/llvm-project/compiler-rt/lib/fuzzer/FuzzerDriver.cpp:774:9
    #4 0x474712 in main /src/llvm-project/compiler-rt/lib/fuzzer/FuzzerMain.cpp:19:10
    #5 0x700557d5783f in __libc_start_main (/lib/x86_64-linux-gnu/libc.so.6+0x2083f)

DEDUP_TOKEN: malloc--operator new(unsigned long)--fuzzer::RunOneTest(fuzzer::Fuzzer*, char const*, unsigned long)
SUMMARY: AddressSanitizer: heap-buffer-overflow /src/llvm-project/compiler-rt/lib/asan/asan_interceptors_memintrinsics.cpp:22:3 in __asan_memcpy
Shadow bytes around the buggy address:
  0x0c0e7fff7fc0: 00 00 00 00 00 00 00 00 00 00 00 00 00 00 00 00
  0x0c0e7fff7fd0: 00 00 00 00 00 00 00 00 00 00 00 00 00 00 00 00
  0x0c0e7fff7fe0: 00 00 00 00 00 00 00 00 00 00 00 00 00 00 00 00
  0x0c0e7fff7ff0: 00 00 00 00 00 00 00 00 00 00 00 00 00 00 00 00
  0x0c0e7fff8000: fa fa fa fa 00 00 00 00 00 00 00 00 01 fa fa fa
=>0x0c0e7fff8010: fa fa 00 00 00 00 00 00 00 00 01[fa]fa fa fa fa
  0x0c0e7fff8020: 00 00 00 00 00 00 00 00 00 fa fa fa fa fa 00 00
  0x0c0e7fff8030: 00 00 00 00 00 00 00 fa fa fa fa fa 00 00 00 00
  0x0c0e7fff8040: 00 00 00 00 00 fa fa fa fa fa 00 00 00 00 00 00
  0x0c0e7fff8050: 00 00 00 fa fa fa fa fa fd fd fd fd fd fd fd fd
  0x0c0e7fff8060: fd fa fa fa fa fa 00 00 00 00 00 00 00 00 00 fa
Shadow byte legend (one shadow byte represents 8 application bytes):
  Addressable:           00
  Partially addressable: 01 02 03 04 05 06 07 
  Heap left redzone:       fa
  Freed heap region:       fd
  Stack left redzone:      f1
  Stack mid redzone:       f2
  Stack right redzone:     f3
  Stack after return:      f5
  Stack use after scope:   f8
  Global redzone:          f9
  Global init order:       f6
  Poisoned by user:        f7
  Container overflow:      fc
  Array cookie:            ac
  Intra object redzone:    bb
  ASan internal:           fe
  Left alloca redzone:     ca
  Right alloca redzone:    cb
  Shadow gap:              cc
==13==ABORTING
