INFO: Seed: 2519020136
INFO: Loaded 1 modules   (40412 inline 8-bit counters): 40412 [0xf82dd8, 0xf8cbb4),
INFO: Loaded 1 PC tables (40412 PCs): 40412 [0xbcae08,0xc68bc8),
/out/odp_target: Running 1 inputs 1 time(s) each.
Running: /tmp/poc
odp_flow_key_to_flow: error
==18==WARNING: MemorySanitizer: use-of-uninitialized-value
    #0 0x55223e in format_u8x /src/openvswitch/lib/odp-util.c:3456:9
    #1 0x570e03 in format_odp_tun_gtpu_opt /src/openvswitch/lib/odp-util.c:3699:5
    #2 0x56b71b in format_odp_tun_attr /src/openvswitch/lib/odp-util.c:3959:13
    #3 0x535032 in format_odp_key_attr__ /src/openvswitch/lib/odp-util.c:4165:9
    #4 0x532753 in odp_flow_format /src/openvswitch/lib/odp-util.c:4549:17
    #5 0x52538d in parse_keys /src/openvswitch/tests/oss-fuzz/odp_target.c:83:9
    #6 0x524fc1 in LLVMFuzzerTestOneInput /src/openvswitch/tests/oss-fuzz/odp_target.c:143:5
    #7 0x45c361 in fuzzer::Fuzzer::ExecuteCallback(unsigned char const*, unsigned long) /src/llvm-project/compiler-rt/lib/fuzzer/FuzzerLoop.cpp:556:15
    #8 0x446e81 in fuzzer::RunOneTest(fuzzer::Fuzzer*, char const*, unsigned long) /src/llvm-project/compiler-rt/lib/fuzzer/FuzzerDriver.cpp:292:6
    #9 0x44cb3e in fuzzer::FuzzerDriver(int*, char***, int (*)(unsigned char const*, unsigned long)) /src/llvm-project/compiler-rt/lib/fuzzer/FuzzerDriver.cpp:774:9
    #10 0x476a62 in main /src/llvm-project/compiler-rt/lib/fuzzer/FuzzerMain.cpp:19:10
    #11 0x76f51b18783f in __libc_start_main (/lib/x86_64-linux-gnu/libc.so.6+0x2083f)
    #12 0x4202f8 in _start (/out/odp_target+0x4202f8)

DEDUP_TOKEN: format_u8x--format_odp_tun_gtpu_opt--format_odp_tun_attr
  Uninitialized value was stored to memory at
    #0 0x4d1246 in __msan_memcpy /src/llvm-project/compiler-rt/lib/msan/msan_interceptors.cpp:1567:3
    #1 0x6a8c48 in nullable_memcpy /src/openvswitch/./lib/util.h:184:9
    #2 0x5778b1 in parse_odp_key_mask_attr__ /src/openvswitch/lib/odp-util.c:5848:9
    #3 0x53a124 in parse_odp_key_mask_attr /src/openvswitch/lib/odp-util.c:5794:18
    #4 0x539b02 in odp_flow_from_string /src/openvswitch/lib/odp-util.c:6051:18
    #5 0x525233 in parse_keys /src/openvswitch/tests/oss-fuzz/odp_target.c:29:13
    #6 0x524fc1 in LLVMFuzzerTestOneInput /src/openvswitch/tests/oss-fuzz/odp_target.c:143:5
    #7 0x45c361 in fuzzer::Fuzzer::ExecuteCallback(unsigned char const*, unsigned long) /src/llvm-project/compiler-rt/lib/fuzzer/FuzzerLoop.cpp:556:15
    #8 0x446e81 in fuzzer::RunOneTest(fuzzer::Fuzzer*, char const*, unsigned long) /src/llvm-project/compiler-rt/lib/fuzzer/FuzzerDriver.cpp:292:6
    #9 0x44cb3e in fuzzer::FuzzerDriver(int*, char***, int (*)(unsigned char const*, unsigned long)) /src/llvm-project/compiler-rt/lib/fuzzer/FuzzerDriver.cpp:774:9
    #10 0x476a62 in main /src/llvm-project/compiler-rt/lib/fuzzer/FuzzerMain.cpp:19:10
    #11 0x76f51b18783f in __libc_start_main (/lib/x86_64-linux-gnu/libc.so.6+0x2083f)

DEDUP_TOKEN: __msan_memcpy--nullable_memcpy--parse_odp_key_mask_attr__
  Uninitialized value was stored to memory at
    #0 0x583bb1 in scan_gtpu_metadata /src/openvswitch/lib/odp-util.c:5207:27
    #1 0x5777b1 in parse_odp_key_mask_attr__ /src/openvswitch/lib/odp-util.c:5848:9
    #2 0x53a124 in parse_odp_key_mask_attr /src/openvswitch/lib/odp-util.c:5794:18
    #3 0x539b02 in odp_flow_from_string /src/openvswitch/lib/odp-util.c:6051:18
    #4 0x525233 in parse_keys /src/openvswitch/tests/oss-fuzz/odp_target.c:29:13
    #5 0x524fc1 in LLVMFuzzerTestOneInput /src/openvswitch/tests/oss-fuzz/odp_target.c:143:5
    #6 0x45c361 in fuzzer::Fuzzer::ExecuteCallback(unsigned char const*, unsigned long) /src/llvm-project/compiler-rt/lib/fuzzer/FuzzerLoop.cpp:556:15
    #7 0x446e81 in fuzzer::RunOneTest(fuzzer::Fuzzer*, char const*, unsigned long) /src/llvm-project/compiler-rt/lib/fuzzer/FuzzerDriver.cpp:292:6
    #8 0x44cb3e in fuzzer::FuzzerDriver(int*, char***, int (*)(unsigned char const*, unsigned long)) /src/llvm-project/compiler-rt/lib/fuzzer/FuzzerDriver.cpp:774:9
    #9 0x476a62 in main /src/llvm-project/compiler-rt/lib/fuzzer/FuzzerMain.cpp:19:10
    #10 0x76f51b18783f in __libc_start_main (/lib/x86_64-linux-gnu/libc.so.6+0x2083f)

DEDUP_TOKEN: scan_gtpu_metadata--parse_odp_key_mask_attr__--parse_odp_key_mask_attr
  Uninitialized value was created by an allocation of 'msgtype_ma' in the stack frame of function 'scan_gtpu_metadata'
    #0 0x583490 in scan_gtpu_metadata /src/openvswitch/lib/odp-util.c:5173

DEDUP_TOKEN: scan_gtpu_metadata
SUMMARY: MemorySanitizer: use-of-uninitialized-value /src/openvswitch/lib/odp-util.c:3456:9 in format_u8x
Unique heap origins: 52
Stack depot allocated bytes: 4792
Unique origin histories: 18
History depot allocated bytes: 432
Exiting
