INFO: Seed: 2178624975
INFO: Loaded 1 modules   (2880 inline 8-bit counters): 2880 [0x802770, 0x8032b0), 
INFO: Loaded 1 PC tables (2880 PCs): 2880 [0x5b0818,0x5bbc18), 
/out/ucl_add_string_fuzzer: Running 1 inputs 1 time(s) each.
Running: /tmp/poc
=================================================================
==13==ERROR: AddressSanitizer: heap-buffer-overflow on address 0x604000000134 at pc 0x00000056078f bp 0x7ffd51e7b430 sp 0x7ffd51e7b428
READ of size 1 at 0x604000000134 thread T0
SCARINESS: 12 (1-byte-read-heap-buffer-overflow)
    #0 0x56078e in ucl_parse_value /src/libucl/src/ucl_parser.c:1811:10
    #1 0x5583e5 in ucl_state_machine /src/libucl/src/ucl_parser.c:2461:29
    #2 0x557116 in ucl_parser_add_chunk_full /src/libucl/src/ucl_parser.c:2947:12
    #3 0x5513be in LLVMFuzzerTestOneInput /src/libucl/tests/fuzzers/ucl_add_string_fuzzer.c:17:2
    #4 0x459a11 in fuzzer::Fuzzer::ExecuteCallback(unsigned char const*, unsigned long) /src/llvm-project/compiler-rt/lib/fuzzer/FuzzerLoop.cpp:556:15
    #5 0x444531 in fuzzer::RunOneTest(fuzzer::Fuzzer*, char const*, unsigned long) /src/llvm-project/compiler-rt/lib/fuzzer/FuzzerDriver.cpp:292:6
    #6 0x44a1ee in fuzzer::FuzzerDriver(int*, char***, int (*)(unsigned char const*, unsigned long)) /src/llvm-project/compiler-rt/lib/fuzzer/FuzzerDriver.cpp:774:9
    #7 0x474112 in main /src/llvm-project/compiler-rt/lib/fuzzer/FuzzerMain.cpp:19:10
    #8 0x778d36e5f83f in __libc_start_main (/lib/x86_64-linux-gnu/libc.so.6+0x2083f)
    #9 0x41d9a8 in _start (/out/ucl_add_string_fuzzer+0x41d9a8)

DEDUP_TOKEN: ucl_parse_value--ucl_state_machine--ucl_parser_add_chunk_full
0x604000000134 is located 0 bytes to the right of 36-byte region [0x604000000110,0x604000000134)
allocated by thread T0 here:
    #0 0x5215ad in malloc /src/llvm-project/compiler-rt/lib/asan/asan_malloc_linux.cpp:145:3
    #1 0x432817 in operator new(unsigned long) (/out/ucl_add_string_fuzzer+0x432817)
    #2 0x444531 in fuzzer::RunOneTest(fuzzer::Fuzzer*, char const*, unsigned long) /src/llvm-project/compiler-rt/lib/fuzzer/FuzzerDriver.cpp:292:6
    #3 0x44a1ee in fuzzer::FuzzerDriver(int*, char***, int (*)(unsigned char const*, unsigned long)) /src/llvm-project/compiler-rt/lib/fuzzer/FuzzerDriver.cpp:774:9
    #4 0x474112 in main /src/llvm-project/compiler-rt/lib/fuzzer/FuzzerMain.cpp:19:10
    #5 0x778d36e5f83f in __libc_start_main (/lib/x86_64-linux-gnu/libc.so.6+0x2083f)

DEDUP_TOKEN: malloc--operator new(unsigned long)--fuzzer::RunOneTest(fuzzer::Fuzzer*, char const*, unsigned long)
SUMMARY: AddressSanitizer: heap-buffer-overflow /src/libucl/src/ucl_parser.c:1811:10 in ucl_parse_value
Shadow bytes around the buggy address:
  0x0c087fff7fd0: 00 00 00 00 00 00 00 00 00 00 00 00 00 00 00 00
  0x0c087fff7fe0: 00 00 00 00 00 00 00 00 00 00 00 00 00 00 00 00
  0x0c087fff7ff0: 00 00 00 00 00 00 00 00 00 00 00 00 00 00 00 00
  0x0c087fff8000: fa fa 00 00 00 00 00 00 fa fa 00 00 00 00 00 00
  0x0c087fff8010: fa fa 00 00 00 00 00 00 fa fa 00 00 00 00 04 fa
=>0x0c087fff8020: fa fa 00 00 00 00[04]fa fa fa 00 00 00 00 00 00
  0x0c087fff8030: fa fa 00 00 00 00 00 00 fa fa fa fa fa fa fa fa
  0x0c087fff8040: fa fa fa fa fa fa fa fa fa fa fa fa fa fa fa fa
  0x0c087fff8050: fa fa fa fa fa fa fa fa fa fa fa fa fa fa fa fa
  0x0c087fff8060: fa fa fa fa fa fa fa fa fa fa fa fa fa fa fa fa
  0x0c087fff8070: fa fa fa fa fa fa fa fa fa fa fa fa fa fa fa fa
Shadow byte legend (one shadow byte represents 8 application bytes):
  Addressable:           00
  Partially addressable: 01 02 03 04 05 06 07 
  Heap left redzone:       fa
  Freed heap region:       fd
  Stack left redzone:      f1
  Stack mid redzone:       f2
  Stack right redzone:     f3
  Stack after return:      f5
  Stack use after scope:   f8
  Global redzone:          f9
  Global init order:       f6
  Poisoned by user:        f7
  Container overflow:      fc
  Array cookie:            ac
  Intra object redzone:    bb
  ASan internal:           fe
  Left alloca redzone:     ca
  Right alloca redzone:    cb
  Shadow gap:              cc
==13==ABORTING
