INFO: Seed: 2247246658
INFO: Loaded 1 modules   (19481 inline 8-bit counters): 19481 [0xaa57c0, 0xaaa3d9), 
INFO: Loaded 1 PC tables (19481 PCs): 19481 [0xaaa3e0,0xaf6570), 
/out/parse_logfmt_fuzzer: Running 1 inputs 1 time(s) each.
Running: /tmp/poc
=================================================================
==13==ERROR: AddressSanitizer: heap-buffer-overflow on address 0x6020000000b4 at pc 0x0000005910c9 bp 0x7ffd6acebaf0 sp 0x7ffd6acebae8
READ of size 1 at 0x6020000000b4 thread T0
SCARINESS: 12 (1-byte-read-heap-buffer-overflow)
    #0 0x5910c8 in flb_unescape_string_utf8 /src/fluent-bit/src/flb_unescape.c:141:21
    #1 0x56f391 in logfmt_parser /src/fluent-bit/src/flb_parser_logfmt.c:200:33
    #2 0x56e7f8 in flb_parser_logfmt_do /src/fluent-bit/src/flb_parser_logfmt.c:292:17
    #3 0x555325 in LLVMFuzzerTestOneInput /src/fluent-bit/build/parse_logfmt_fuzzer.c:19:5
    #4 0x45aed1 in fuzzer::Fuzzer::ExecuteCallback(unsigned char const*, unsigned long) /src/llvm-project/compiler-rt/lib/fuzzer/FuzzerLoop.cpp:556:15
    #5 0x4459f1 in fuzzer::RunOneTest(fuzzer::Fuzzer*, char const*, unsigned long) /src/llvm-project/compiler-rt/lib/fuzzer/FuzzerDriver.cpp:292:6
    #6 0x44b6ae in fuzzer::FuzzerDriver(int*, char***, int (*)(unsigned char const*, unsigned long)) /src/llvm-project/compiler-rt/lib/fuzzer/FuzzerDriver.cpp:774:9
    #7 0x4755d2 in main /src/llvm-project/compiler-rt/lib/fuzzer/FuzzerMain.cpp:19:10
    #8 0x77dcd5c6283f in __libc_start_main (/lib/x86_64-linux-gnu/libc.so.6+0x2083f)
    #9 0x41ee68 in _start (/out/parse_logfmt_fuzzer+0x41ee68)

DEDUP_TOKEN: flb_unescape_string_utf8--logfmt_parser--flb_parser_logfmt_do
0x6020000000b4 is located 0 bytes to the right of 4-byte region [0x6020000000b0,0x6020000000b4)
allocated by thread T0 here:
    #0 0x522a6d in malloc /src/llvm-project/compiler-rt/lib/asan/asan_malloc_linux.cpp:145:3
    #1 0x433cd7 in operator new(unsigned long) (/out/parse_logfmt_fuzzer+0x433cd7)
    #2 0x4459f1 in fuzzer::RunOneTest(fuzzer::Fuzzer*, char const*, unsigned long) /src/llvm-project/compiler-rt/lib/fuzzer/FuzzerDriver.cpp:292:6
    #3 0x44b6ae in fuzzer::FuzzerDriver(int*, char***, int (*)(unsigned char const*, unsigned long)) /src/llvm-project/compiler-rt/lib/fuzzer/FuzzerDriver.cpp:774:9
    #4 0x4755d2 in main /src/llvm-project/compiler-rt/lib/fuzzer/FuzzerMain.cpp:19:10
    #5 0x77dcd5c6283f in __libc_start_main (/lib/x86_64-linux-gnu/libc.so.6+0x2083f)

DEDUP_TOKEN: malloc--operator new(unsigned long)--fuzzer::RunOneTest(fuzzer::Fuzzer*, char const*, unsigned long)
SUMMARY: AddressSanitizer: heap-buffer-overflow /src/fluent-bit/src/flb_unescape.c:141:21 in flb_unescape_string_utf8
Shadow bytes around the buggy address:
  0x0c047fff7fc0: 00 00 00 00 00 00 00 00 00 00 00 00 00 00 00 00
  0x0c047fff7fd0: 00 00 00 00 00 00 00 00 00 00 00 00 00 00 00 00
  0x0c047fff7fe0: 00 00 00 00 00 00 00 00 00 00 00 00 00 00 00 00
  0x0c047fff7ff0: 00 00 00 00 00 00 00 00 00 00 00 00 00 00 00 00
  0x0c047fff8000: fa fa 00 00 fa fa 00 fa fa fa 00 fa fa fa 00 fa
=>0x0c047fff8010: fa fa 04 fa fa fa[04]fa fa fa fd fa fa fa fd fa
  0x0c047fff8020: fa fa 00 00 fa fa 00 00 fa fa 07 fa fa fa 02 fa
  0x0c047fff8030: fa fa fa fa fa fa fa fa fa fa fa fa fa fa fa fa
  0x0c047fff8040: fa fa fa fa fa fa fa fa fa fa fa fa fa fa fa fa
  0x0c047fff8050: fa fa fa fa fa fa fa fa fa fa fa fa fa fa fa fa
  0x0c047fff8060: fa fa fa fa fa fa fa fa fa fa fa fa fa fa fa fa
Shadow byte legend (one shadow byte represents 8 application bytes):
  Addressable:           00
  Partially addressable: 01 02 03 04 05 06 07 
  Heap left redzone:       fa
  Freed heap region:       fd
  Stack left redzone:      f1
  Stack mid redzone:       f2
  Stack right redzone:     f3
  Stack after return:      f5
  Stack use after scope:   f8
  Global redzone:          f9
  Global init order:       f6
  Poisoned by user:        f7
  Container overflow:      fc
  Array cookie:            ac
  Intra object redzone:    bb
  ASan internal:           fe
  Left alloca redzone:     ca
  Right alloca redzone:    cb
  Shadow gap:              cc
==13==ABORTING
