Accepting input from '/tmp/poc'
Usage for fuzzing: honggfuzz -P [flags] -- /out/enhance_fuzzer
Error in pixModifyHue: pixs colormapped
Error in pixModifySaturation: pixs not 32 bpp
Error in pixMosaicColorShiftRGB: pixs undefined or not rgb
Warning in pixRemoveColormap: pixel value out of bounds
Warning in pixRemoveColormap: pixel value out of bounds
Warning in pixRemoveColormap: pixel value out of bounds
Warning in pixRemoveColormap: pixel value out of bounds
Warning in pixRemoveColormap: pixel value out of bounds
Warning in pixRemoveColormap: pixel value out of bounds
Warning in pixRemoveColormap: pixel value out of bounds
=================================================================
==13==ERROR: AddressSanitizer: heap-buffer-overflow on address 0x60200000003e at pc 0x00000051be30 bp 0x7ffefbaaf3b0 sp 0x7ffefbaaf3a8
READ of size 1 at 0x60200000003e thread T0
SCARINESS: 12 (1-byte-read-heap-buffer-overflow)
    #0 0x51be2f in pixGetRGBComponentCmap /src/leptonica/src/pix2.c:2635:34
    #1 0x50ff39 in pixGetRGBComponent /src/leptonica/src/pix2.c:2481:16
    #2 0x4cd1af in pixUnsharpMasking /src/leptonica/src/enhance.c:1029:16
    #3 0x4c8033 in LLVMFuzzerTestOneInput /src/leptonica/prog/fuzzing/enhance_fuzzer.cc:22:16
    #4 0xdb780c in main (/out/enhance_fuzzer+0xdb780c)
    #5 0x7c45c8a9983f in __libc_start_main (/lib/x86_64-linux-gnu/libc.so.6+0x2083f)
    #6 0x41cab8 in _start (/out/enhance_fuzzer+0x41cab8)

DEDUP_TOKEN: pixGetRGBComponentCmap--pixGetRGBComponent--pixUnsharpMasking
0x60200000003e is located 6 bytes to the right of 8-byte region [0x602000000030,0x602000000038)
allocated by thread T0 here:
    #0 0x495812 in calloc /src/llvm-project/compiler-rt/lib/asan/asan_malloc_linux.cpp:154:3
    #1 0x6a0155 in pixReadMemBmp /src/leptonica/src/bmpio.c:259:35
    #2 0x5e5e1c in pixReadMem /src/leptonica/src/readfile.c:859:20
    #3 0x4c7ec9 in LLVMFuzzerTestOneInput /src/leptonica/prog/fuzzing/enhance_fuzzer.cc:15:15
    #4 0xdb780c in main (/out/enhance_fuzzer+0xdb780c)

DEDUP_TOKEN: calloc--pixReadMemBmp--pixReadMem
SUMMARY: AddressSanitizer: heap-buffer-overflow /src/leptonica/src/pix2.c:2635:34 in pixGetRGBComponentCmap
Shadow bytes around the buggy address:
  0x0c047fff7fb0: 00 00 00 00 00 00 00 00 00 00 00 00 00 00 00 00
  0x0c047fff7fc0: 00 00 00 00 00 00 00 00 00 00 00 00 00 00 00 00
  0x0c047fff7fd0: 00 00 00 00 00 00 00 00 00 00 00 00 00 00 00 00
  0x0c047fff7fe0: 00 00 00 00 00 00 00 00 00 00 00 00 00 00 00 00
  0x0c047fff7ff0: 00 00 00 00 00 00 00 00 00 00 00 00 00 00 00 00
=>0x0c047fff8000: fa fa 00 07 fa fa 00[fa]fa fa fd fd fa fa 00 00
  0x0c047fff8010: fa fa fd fa fa fa fd fa fa fa fd fa fa fa fd fa
  0x0c047fff8020: fa fa fd fa fa fa fd fa fa fa fd fa fa fa fd fa
  0x0c047fff8030: fa fa fd fa fa fa fd fa fa fa fd fd fa fa fa fa
  0x0c047fff8040: fa fa fa fa fa fa fa fa fa fa fa fa fa fa fa fa
  0x0c047fff8050: fa fa fa fa fa fa fa fa fa fa fa fa fa fa fa fa
Shadow byte legend (one shadow byte represents 8 application bytes):
  Addressable:           00
  Partially addressable: 01 02 03 04 05 06 07 
  Heap left redzone:       fa
  Freed heap region:       fd
  Stack left redzone:      f1
  Stack mid redzone:       f2
  Stack right redzone:     f3
  Stack after return:      f5
  Stack use after scope:   f8
  Global redzone:          f9
  Global init order:       f6
  Poisoned by user:        f7
  Container overflow:      fc
  Array cookie:            ac
  Intra object redzone:    bb
  ASan internal:           fe
  Left alloca redzone:     ca
  Right alloca redzone:    cb
  Shadow gap:              cc
==13==ABORTING
