INFO: Seed: 2287564042
INFO: Loaded 1 modules   (16528 inline 8-bit counters): 16528 [0xa54b18, 0xa58ba8), 
INFO: Loaded 1 PC tables (16528 PCs): 16528 [0xa58ba8,0xa994a8), 
/out/FuzzTarget: Running 1 inputs 1 time(s) each.
Running: /tmp/poc
=================================================================
==13==ERROR: AddressSanitizer: heap-buffer-overflow on address 0x6020000000dc at pc 0x00000055c5ba bp 0x7fff11dca2d0 sp 0x7fff11dca2c8
READ of size 4 at 0x6020000000dc thread T0
SCARINESS: 17 (4-byte-read-heap-buffer-overflow)
    #0 0x55c5b9 in pcpp::IPv4Layer::getSrcIpAddress() const /src/PcapPlusPlus/Dist/header/IPv4Layer.h:463:77
    #1 0x55bff5 in LLVMFuzzerTestOneInput /src/PcapPlusPlus/Tests/Fuzzers/FuzzTarget.cpp:58:77
    #2 0x464a21 in fuzzer::Fuzzer::ExecuteCallback(unsigned char const*, unsigned long) /src/llvm-project/compiler-rt/lib/fuzzer/FuzzerLoop.cpp:558:15
    #3 0x44fd52 in fuzzer::RunOneTest(fuzzer::Fuzzer*, char const*, unsigned long) /src/llvm-project/compiler-rt/lib/fuzzer/FuzzerDriver.cpp:296:6
    #4 0x455eae in fuzzer::FuzzerDriver(int*, char***, int (*)(unsigned char const*, unsigned long)) /src/llvm-project/compiler-rt/lib/fuzzer/FuzzerDriver.cpp:796:9
    #5 0x47dd72 in main /src/llvm-project/compiler-rt/lib/fuzzer/FuzzerMain.cpp:19:10
    #6 0x7b6687c6683f in __libc_start_main (/lib/x86_64-linux-gnu/libc.so.6+0x2083f)
    #7 0x42a448 in _start (/out/FuzzTarget+0x42a448)

DEDUP_TOKEN: pcpp::IPv4Layer::getSrcIpAddress() const--LLVMFuzzerTestOneInput--fuzzer::Fuzzer::ExecuteCallback(unsigned char const*, unsigned long)
0x6020000000dc is located 1 bytes to the right of 11-byte region [0x6020000000d0,0x6020000000db)
allocated by thread T0 here:
    #0 0x5594fd in operator new[](unsigned long) /src/llvm-project/compiler-rt/lib/asan/asan_new_delete.cpp:102:3
    #1 0x55ec54 in pcpp::PcapFileReaderDevice::getNextPacket(pcpp::RawPacket&) /src/PcapPlusPlus/Pcap++/src/PcapFileDevice.cpp:173:27
    #2 0x55bf74 in LLVMFuzzerTestOneInput /src/PcapPlusPlus/Tests/Fuzzers/FuzzTarget.cpp:45:14
    #3 0x464a21 in fuzzer::Fuzzer::ExecuteCallback(unsigned char const*, unsigned long) /src/llvm-project/compiler-rt/lib/fuzzer/FuzzerLoop.cpp:558:15
    #4 0x44fd52 in fuzzer::RunOneTest(fuzzer::Fuzzer*, char const*, unsigned long) /src/llvm-project/compiler-rt/lib/fuzzer/FuzzerDriver.cpp:296:6
    #5 0x455eae in fuzzer::FuzzerDriver(int*, char***, int (*)(unsigned char const*, unsigned long)) /src/llvm-project/compiler-rt/lib/fuzzer/FuzzerDriver.cpp:796:9
    #6 0x47dd72 in main /src/llvm-project/compiler-rt/lib/fuzzer/FuzzerMain.cpp:19:10
    #7 0x7b6687c6683f in __libc_start_main (/lib/x86_64-linux-gnu/libc.so.6+0x2083f)

DEDUP_TOKEN: operator new[](unsigned long)--pcpp::PcapFileReaderDevice::getNextPacket(pcpp::RawPacket&)--LLVMFuzzerTestOneInput
SUMMARY: AddressSanitizer: heap-buffer-overflow /src/PcapPlusPlus/Dist/header/IPv4Layer.h:463:77 in pcpp::IPv4Layer::getSrcIpAddress() const
Shadow bytes around the buggy address:
  0x0c047fff7fc0: 00 00 00 00 00 00 00 00 00 00 00 00 00 00 00 00
  0x0c047fff7fd0: 00 00 00 00 00 00 00 00 00 00 00 00 00 00 00 00
  0x0c047fff7fe0: 00 00 00 00 00 00 00 00 00 00 00 00 00 00 00 00
  0x0c047fff7ff0: 00 00 00 00 00 00 00 00 00 00 00 00 00 00 00 00
  0x0c047fff8000: fa fa 04 fa fa fa 00 00 fa fa 00 00 fa fa 00 fa
=>0x0c047fff8010: fa fa 00 fa fa fa 00 fa fa fa 00[03]fa fa fa fa
  0x0c047fff8020: fa fa fa fa fa fa fa fa fa fa fa fa fa fa fa fa
  0x0c047fff8030: fa fa fa fa fa fa fa fa fa fa fa fa fa fa fa fa
  0x0c047fff8040: fa fa fa fa fa fa fa fa fa fa fa fa fa fa fa fa
  0x0c047fff8050: fa fa fa fa fa fa fa fa fa fa fa fa fa fa fa fa
  0x0c047fff8060: fa fa fa fa fa fa fa fa fa fa fa fa fa fa fa fa
Shadow byte legend (one shadow byte represents 8 application bytes):
  Addressable:           00
  Partially addressable: 01 02 03 04 05 06 07 
  Heap left redzone:       fa
  Freed heap region:       fd
  Stack left redzone:      f1
  Stack mid redzone:       f2
  Stack right redzone:     f3
  Stack after return:      f5
  Stack use after scope:   f8
  Global redzone:          f9
  Global init order:       f6
  Poisoned by user:        f7
  Container overflow:      fc
  Array cookie:            ac
  Intra object redzone:    bb
  ASan internal:           fe
  Left alloca redzone:     ca
  Right alloca redzone:    cb
  Shadow gap:              cc
==13==ABORTING
