INFO: Seed: 2326814697
INFO: Loaded 1 modules   (80490 inline 8-bit counters): 80490 [0xd7cd40, 0xd907aa), 
INFO: Loaded 1 PC tables (80490 PCs): 80490 [0xd907b0,0xecae50), 
/out/mol_data_stream_to_mol_fuzzer: Running 1 inputs 1 time(s) each.
Running: /tmp/poc
/src/rdkit/Code/GraphMol/SubstanceGroup.cpp:62:27: runtime error: member call on address 0x00000217b240 which does not point to an object of type 'RDKit::Atom'
0x00000217b240: note: object has invalid vptr
 00 00 00 00  00 00 00 00 00 00 00 00  00 00 00 00 00 00 00 00  00 00 00 00 00 00 00 00  00 00 00 00
              ^~~~~~~~~~~~~~~~~~~~~~~
              invalid vptr
    #0 0x806374 in RDKit::SubstanceGroup::addAtomWithBookmark(int) /src/rdkit/Code/GraphMol/SubstanceGroup.cpp:62:27
    #1 0x58fabd in RDKit::SGroupParsing::ParseSGroupV2000VectorDataLine(std::__1::map<int, RDKit::SubstanceGroup, std::__1::less<int>, std::__1::allocator<std::__1::pair<int const, RDKit::SubstanceGroup> > >&, RDKit::RWMol*, std::__1::basic_string<char, std::__1::char_traits<char>, std::__1::allocator<char> > const&, unsigned int) /src/rdkit/Code/GraphMol/FileParsers/MolSGroupParsing.cpp:131:5
    #2 0x4e75c7 in RDKit::(anonymous namespace)::ParseMolBlockProperties(std::__1::basic_istream<char, std::__1::char_traits<char> >*, unsigned int&, RDKit::RWMol*, bool) /src/rdkit/Code/GraphMol/FileParsers/MolFileParser.cpp:1694:7
    #3 0x4ed2a0 in RDKit::MolDataStreamToMol(std::__1::basic_istream<char, std::__1::char_traits<char> >*, unsigned int&, bool, bool, bool) /src/rdkit/Code/GraphMol/FileParsers/MolFileParser.cpp:2904:22
    #4 0x4cb45b in LLVMFuzzerTestOneInput /src/rdkit/Code/Fuzz/mol_data_stream_to_mol_fuzzer.cc:35:18
    #5 0x45cf61 in fuzzer::Fuzzer::ExecuteCallback(unsigned char const*, unsigned long) /src/llvm-project/compiler-rt/lib/fuzzer/FuzzerLoop.cpp:558:15
    #6 0x448292 in fuzzer::RunOneTest(fuzzer::Fuzzer*, char const*, unsigned long) /src/llvm-project/compiler-rt/lib/fuzzer/FuzzerDriver.cpp:296:6
    #7 0x44e3ee in fuzzer::FuzzerDriver(int*, char***, int (*)(unsigned char const*, unsigned long)) /src/llvm-project/compiler-rt/lib/fuzzer/FuzzerDriver.cpp:796:9
    #8 0x4762b2 in main /src/llvm-project/compiler-rt/lib/fuzzer/FuzzerMain.cpp:19:10
    #9 0x794c679a183f in __libc_start_main (/lib/x86_64-linux-gnu/libc.so.6+0x2083f)
    #10 0x422988 in _start (/out/mol_data_stream_to_mol_fuzzer+0x422988)

DEDUP_TOKEN: RDKit::SubstanceGroup::addAtomWithBookmark(int)--RDKit::SGroupParsing::ParseSGroupV2000VectorDataLine(std::__1::map<int, RDKit::SubstanceGroup, std::__1::less<int>, std::__1::allocator<std::__1::pair<int const, RDKit::SubstanceGroup> > >&, RDKit::RWMol*, std::__1::basic_string<char, std::__1::char_traits<char>, std::__1::allocator<char> > const&, unsigned int)--RDKit::(anonymous namespace)::ParseMolBlockProperties(std::__1::basic_istream<char, std::__1::char_traits<char> >*, unsigned int&, RDKit::RWMol*, bool)
SUMMARY: UndefinedBehaviorSanitizer: undefined-behavior /src/rdkit/Code/GraphMol/SubstanceGroup.cpp:62:27 in 
