INFO: Seed: 2272273949
INFO: Loaded 1 modules   (1915 inline 8-bit counters): 1915 [0x82a650, 0x82adcb), 
INFO: Loaded 1 PC tables (1915 PCs): 1915 [0x5d90c8,0x5e0878), 
/out/mpeg2_dec_fuzzer: Running 1 inputs 1 time(s) each.
Running: /tmp/poc
AddressSanitizer:DEADLYSIGNAL
=================================================================
==13==ERROR: AddressSanitizer: SEGV on unknown address 0x0000006cab20 (pc 0x742360ffcc3d bp 0x7423555ff9d0 sp 0x7423555ff188 T4)
==13==The signal is caused by a WRITE memory access.
SCARINESS: 30 (wild-addr-write)
    #0 0x742360ffcc3c  (/lib/x86_64-linux-gnu/libc.so.6+0x14dc3c)
    #1 0x51fa97 in __asan_memcpy /src/llvm/projects/compiler-rt/lib/asan/asan_interceptors_memintrinsics.cpp:22:3
    #2 0x570c36 in ideint_weave_blk /src/libmpeg2/common/ideint_utils.c:197:9
    #3 0x56ff0e in ideint_process /src/libmpeg2/common/ideint.c:367:21
    #4 0x56ede2 in impeg2d_deinterlace /src/libmpeg2/decoder/impeg2d_deinterlace.c:256:11
    #5 0x5882f5 in impeg2d_dec_pic_data_thread /src/libmpeg2/decoder/impeg2d_dec_hdr.c:996:25
    #6 0x7423618a26b9 in start_thread (/lib/x86_64-linux-gnu/libpthread.so.0+0x76b9)
    #7 0x742360fb651c in clone (/lib/x86_64-linux-gnu/libc.so.6+0x10751c)

DEDUP_TOKEN: __asan_memcpy--ideint_weave_blk
AddressSanitizer can not provide additional info.
SUMMARY: AddressSanitizer: SEGV (/lib/x86_64-linux-gnu/libc.so.6+0x14dc3c) 
Thread T4 created by T0 here:
    #0 0x50ac6a in pthread_create /src/llvm/projects/compiler-rt/lib/asan/asan_interceptors.cpp:209:3
    #1 0x589c6a in impeg2d_dec_pic_data /src/libmpeg2/decoder/impeg2d_dec_hdr.c:1445:13
    #2 0x58d89e in impeg2d_process_video_bit_stream /src/libmpeg2/decoder/impeg2d_dec_hdr.c:1823:17
    #3 0x562ce8 in impeg2d_dec_frm /src/libmpeg2/decoder/impeg2d_decoder.c:226:19
    #4 0x5609a5 in impeg2d_api_entity /src/libmpeg2/decoder/impeg2d_api_main.c:3463:17
    #5 0x554d3b in Codec::decodeFrame(unsigned char const*, unsigned long, unsigned long*) /src/libmpeg2/fuzzer/mpeg2_dec_fuzzer.cpp:362:9
    #6 0x555551 in LLVMFuzzerTestOneInput /src/libmpeg2/fuzzer/mpeg2_dec_fuzzer.cpp:408:18
    #7 0x459df1 in fuzzer::Fuzzer::ExecuteCallback(unsigned char const*, unsigned long) /src/llvm/projects/compiler-rt/lib/fuzzer/FuzzerLoop.cpp:554:15
    #8 0x444881 in fuzzer::RunOneTest(fuzzer::Fuzzer*, char const*, unsigned long) /src/llvm/projects/compiler-rt/lib/fuzzer/FuzzerDriver.cpp:292:6
    #9 0x44a45a in fuzzer::FuzzerDriver(int*, char***, int (*)(unsigned char const*, unsigned long)) /src/llvm/projects/compiler-rt/lib/fuzzer/FuzzerDriver.cpp:775:9
    #10 0x473b62 in main /src/llvm/projects/compiler-rt/lib/fuzzer/FuzzerMain.cpp:19:10
    #11 0x742360ecf83f in __libc_start_main (/lib/x86_64-linux-gnu/libc.so.6+0x2083f)

DEDUP_TOKEN: pthread_create--impeg2d_dec_pic_data--impeg2d_process_video_bit_stream
==13==ABORTING
