INFO: Seed: 2234703632
INFO: Loaded 1 modules   (21532 inline 8-bit counters): 21532 [0xbf5780, 0xbfab9c), 
INFO: Loaded 1 PC tables (21532 PCs): 21532 [0x8c17a8,0x915968), 
/out/fuzz_pkcs15_reader: Running 1 inputs 1 time(s) each.
Running: /tmp/poc
=================================================================
==13==ERROR: AddressSanitizer: heap-buffer-overflow on address 0x6160000011da at pc 0x000000671e46 bp 0x7ffc3e42b7d0 sp 0x7ffc3e42b7c8
READ of size 1 at 0x6160000011da thread T0
SCARINESS: 12 (1-byte-read-heap-buffer-overflow)
    #0 0x671e45 in piv_cache_internal_data /src/opensc/src/libopensc/card-piv.c:1064:17
    #1 0x663f5f in piv_select_file /src/opensc/src/libopensc/card-piv.c:2505:8
    #2 0x5627eb in sc_select_file /src/opensc/src/libopensc/card.c:838:6
    #3 0x576ebc in sc_pkcs15_read_file /src/opensc/src/libopensc/pkcs15.c:2350:7
    #4 0x76e6a9 in sc_pkcs15emu_piv_init /src/opensc/src/libopensc/pkcs15-piv.c:741:7
    #5 0x5a2f14 in sc_pkcs15_bind_synthetic /src/opensc/src/libopensc/pkcs15-syn.c:121:8
    #6 0x572d10 in sc_pkcs15_bind /src/opensc/src/libopensc/pkcs15.c:1259:8
    #7 0x554f0a in LLVMFuzzerTestOneInput /src/opensc/src/tests/fuzzing/fuzz_pkcs15_reader.c:210:5
    #8 0x45c2e1 in fuzzer::Fuzzer::ExecuteCallback(unsigned char const*, unsigned long) /src/llvm-project/compiler-rt/lib/fuzzer/FuzzerLoop.cpp:556:15
    #9 0x446e01 in fuzzer::RunOneTest(fuzzer::Fuzzer*, char const*, unsigned long) /src/llvm-project/compiler-rt/lib/fuzzer/FuzzerDriver.cpp:292:6
    #10 0x44cabe in fuzzer::FuzzerDriver(int*, char***, int (*)(unsigned char const*, unsigned long)) /src/llvm-project/compiler-rt/lib/fuzzer/FuzzerDriver.cpp:774:9
    #11 0x4769e2 in main /src/llvm-project/compiler-rt/lib/fuzzer/FuzzerMain.cpp:19:10
    #12 0x7587dde1283f in __libc_start_main (/lib/x86_64-linux-gnu/libc.so.6+0x2083f)
    #13 0x420278 in _start (/out/fuzz_pkcs15_reader+0x420278)

DEDUP_TOKEN: piv_cache_internal_data--piv_select_file--sc_select_file
0x6160000011da is located 0 bytes to the right of 602-byte region [0x616000000f80,0x6160000011da)
allocated by thread T0 here:
    #0 0x523e7d in malloc /src/llvm-project/compiler-rt/lib/asan/asan_malloc_linux.cpp:145:3
    #1 0x66c77c in piv_get_data /src/opensc/src/libopensc/card-piv.c:930:10
    #2 0x66d685 in piv_get_cached_data /src/opensc/src/libopensc/card-piv.c:997:6
    #3 0x663e68 in piv_select_file /src/opensc/src/libopensc/card-piv.c:2498:7
    #4 0x5627eb in sc_select_file /src/opensc/src/libopensc/card.c:838:6
    #5 0x576ebc in sc_pkcs15_read_file /src/opensc/src/libopensc/pkcs15.c:2350:7
    #6 0x76e6a9 in sc_pkcs15emu_piv_init /src/opensc/src/libopensc/pkcs15-piv.c:741:7
    #7 0x5a2f14 in sc_pkcs15_bind_synthetic /src/opensc/src/libopensc/pkcs15-syn.c:121:8
    #8 0x572d10 in sc_pkcs15_bind /src/opensc/src/libopensc/pkcs15.c:1259:8
    #9 0x554f0a in LLVMFuzzerTestOneInput /src/opensc/src/tests/fuzzing/fuzz_pkcs15_reader.c:210:5
    #10 0x45c2e1 in fuzzer::Fuzzer::ExecuteCallback(unsigned char const*, unsigned long) /src/llvm-project/compiler-rt/lib/fuzzer/FuzzerLoop.cpp:556:15
    #11 0x446e01 in fuzzer::RunOneTest(fuzzer::Fuzzer*, char const*, unsigned long) /src/llvm-project/compiler-rt/lib/fuzzer/FuzzerDriver.cpp:292:6
    #12 0x44cabe in fuzzer::FuzzerDriver(int*, char***, int (*)(unsigned char const*, unsigned long)) /src/llvm-project/compiler-rt/lib/fuzzer/FuzzerDriver.cpp:774:9
    #13 0x4769e2 in main /src/llvm-project/compiler-rt/lib/fuzzer/FuzzerMain.cpp:19:10
    #14 0x7587dde1283f in __libc_start_main (/lib/x86_64-linux-gnu/libc.so.6+0x2083f)

DEDUP_TOKEN: malloc--piv_get_data--piv_get_cached_data
SUMMARY: AddressSanitizer: heap-buffer-overflow /src/opensc/src/libopensc/card-piv.c:1064:17 in piv_cache_internal_data
Shadow bytes around the buggy address:
  0x0c2c7fff81e0: fa fa fa fa fa fa fa fa fa fa fa fa fa fa fa fa
  0x0c2c7fff81f0: 00 00 00 00 00 00 00 00 00 00 00 00 00 00 00 00
  0x0c2c7fff8200: 00 00 00 00 00 00 00 00 00 00 00 00 00 00 00 00
  0x0c2c7fff8210: 00 00 00 00 00 00 00 00 00 00 00 00 00 00 00 00
  0x0c2c7fff8220: 00 00 00 00 00 00 00 00 00 00 00 00 00 00 00 00
=>0x0c2c7fff8230: 00 00 00 00 00 00 00 00 00 00 00[02]fa fa fa fa
  0x0c2c7fff8240: fa fa fa fa fa fa fa fa fa fa fa fa fa fa fa fa
  0x0c2c7fff8250: fd fd fd fd fd fd fd fd fd fd fd fd fd fd fd fd
  0x0c2c7fff8260: fd fd fd fd fd fd fd fd fd fd fd fd fd fd fd fd
  0x0c2c7fff8270: fd fd fd fd fd fd fd fd fd fd fd fd fd fd fd fd
  0x0c2c7fff8280: fd fd fd fd fd fd fd fd fd fd fd fd fd fd fd fd
Shadow byte legend (one shadow byte represents 8 application bytes):
  Addressable:           00
  Partially addressable: 01 02 03 04 05 06 07 
  Heap left redzone:       fa
  Freed heap region:       fd
  Stack left redzone:      f1
  Stack mid redzone:       f2
  Stack right redzone:     f3
  Stack after return:      f5
  Stack use after scope:   f8
  Global redzone:          f9
  Global init order:       f6
  Poisoned by user:        f7
  Container overflow:      fc
  Array cookie:            ac
  Intra object redzone:    bb
  ASan internal:           fe
  Left alloca redzone:     ca
  Right alloca redzone:    cb
  Shadow gap:              cc
==13==ABORTING
