Accepting input from '/tmp/poc'
Usage for fuzzing: honggfuzz -P [flags] -- /out/php-fuzz-parser
=================================================================
==14==ERROR: AddressSanitizer: heap-use-after-free on address 0x6060000137c0 at pc 0x000000bbdbdf bp 0x7ffde08c0320 sp 0x7ffde08c0318
READ of size 4 at 0x6060000137c0 thread T0
SCARINESS: 45 (4-byte-read-heap-use-after-free)
    #0 0xbbdbde in zend_gc_delref /src/php-src/Zend/zend_types.h:1162:2
    #1 0xbbdbde in zval_delref_p /src/php-src/Zend/zend_types.h:1198:9
    #2 0xbbdbde in zval_ptr_dtor_nogc /src/php-src/Zend/zend_variables.h:34:35
    #3 0xbbdbde in destroy_op_array /src/php-src/Zend/zend_opcode.c:489:4
    #4 0xf0494d in fuzzer_do_request /src/php-src/sapi/fuzzer/fuzzer-sapi.c:227:4
    #5 0xf05076 in fuzzer_do_request_from_buffer /src/php-src/sapi/fuzzer/fuzzer-sapi.c:269:9
    #6 0xf04201 in LLVMFuzzerTestOneInput /src/php-src/sapi/fuzzer/fuzzer-parser.c:40:2
    #7 0xf9b65b in main (/out/php-fuzz-parser+0xf9b65b)
    #8 0x79ab830e783f in __libc_start_main (/lib/x86_64-linux-gnu/libc.so.6+0x2083f)
    #9 0x4452a8 in _start (/out/php-fuzz-parser+0x4452a8)

DEDUP_TOKEN: zend_gc_delref--zval_delref_p--zval_ptr_dtor_nogc
0x6060000137c0 is located 0 bytes inside of 56-byte region [0x6060000137c0,0x6060000137f8)
freed by thread T0 here:
    #0 0x4bec0d in free /src/llvm-project/compiler-rt/lib/asan/asan_malloc_linux.cpp:123:3
    #1 0xb57a37 in tracked_free /src/php-src/Zend/zend_alloc.c:2724:2
    #2 0xb4d151 in _efree_custom /src/php-src/Zend/zend_alloc.c:2426:3
    #3 0xb4d8df in _efree_56 /src/php-src/Zend/zend_alloc.c:2506:1
    #4 0xc40552 in zend_array_destroy /src/php-src/Zend/zend_hash.c:1662:2
    #5 0xbe9f56 in rc_dtor_func /src/php-src/Zend/zend_variables.c:57:2
    #6 0xbbd246 in zval_ptr_dtor_nogc /src/php-src/Zend/zend_variables.h:35:3
    #7 0xbbd246 in destroy_op_array /src/php-src/Zend/zend_opcode.c:489:4
    #8 0xf0494d in fuzzer_do_request /src/php-src/sapi/fuzzer/fuzzer-sapi.c:227:4
    #9 0xf05076 in fuzzer_do_request_from_buffer /src/php-src/sapi/fuzzer/fuzzer-sapi.c:269:9
    #10 0xf04201 in LLVMFuzzerTestOneInput /src/php-src/sapi/fuzzer/fuzzer-parser.c:40:2
    #11 0xf9b65b in main (/out/php-fuzz-parser+0xf9b65b)

DEDUP_TOKEN: free--tracked_free--_efree_custom
previously allocated by thread T0 here:
    #0 0x4bee8d in malloc /src/llvm-project/compiler-rt/lib/asan/asan_malloc_linux.cpp:145:3
    #1 0xb5259d in __zend_malloc /src/php-src/Zend/zend_alloc.c:2992:14
    #2 0xb4682d in tracked_malloc /src/php-src/Zend/zend_alloc.c:2714:14
    #3 0xb496d1 in _malloc_custom /src/php-src/Zend/zend_alloc.c:2417:10
    #4 0xb4a0e8 in _emalloc_56 /src/php-src/Zend/zend_alloc.c:2466:1
    #5 0xc252bd in _zend_new_array /src/php-src/Zend/zend_hash.c:278:18
    #6 0xb9806d in zend_try_ct_eval_array /src/php-src/Zend/zend_compile.c:7842:2
    #7 0xb970b2 in zend_compile_array /src/php-src/Zend/zend_compile.c:8646:6
    #8 0xb9feab in zend_compile_expr_inner /src/php-src/Zend/zend_compile.c:9428:4
    #9 0xb618be in zend_compile_expr /src/php-src/Zend/zend_compile.c:9464:2
    #10 0xba08a1 in zend_compile_var_inner /src/php-src/Zend/zend_compile.c:9501:4
    #11 0xb650ce in zend_compile_var /src/php-src/Zend/zend_compile.c:9509:20
    #12 0xb63834 in zend_delayed_compile_var /src/php-src/Zend/zend_compile.c:9533:11
    #13 0xb64a75 in zend_delayed_compile_prop /src/php-src/Zend/zend_compile.c:2790:12
    #14 0xb75c6a in zend_compile_prop /src/php-src/Zend/zend_compile.c:2815:20
    #15 0xba0949 in zend_compile_var_inner /src/php-src/Zend/zend_compile.c:9479:11
    #16 0xb650ce in zend_compile_var /src/php-src/Zend/zend_compile.c:9509:20
    #17 0xba00cb in zend_compile_expr_inner /src/php-src/Zend/zend_compile.c:9344:4
    #18 0xb618be in zend_compile_expr /src/php-src/Zend/zend_compile.c:9464:2
    #19 0xb79318 in zend_compile_stmt /src/php-src/Zend/zend_compile.c:9306:4
    #20 0xb9007b in zend_compile_top_stmt /src/php-src/Zend/zend_compile.c:9196:3
    #21 0xb8ff4c in zend_compile_top_stmt /src/php-src/Zend/zend_compile.c:9182:4
    #22 0xb00253 in zend_compile /src/php-src/Zend/zend_language_scanner.l:629:3
    #23 0xaffd5a in compile_file /src/php-src/Zend/zend_language_scanner.l:665:14
    #24 0xf04931 in fuzzer_do_request /src/php-src/sapi/fuzzer/fuzzer-sapi.c:225:29
    #25 0xf05076 in fuzzer_do_request_from_buffer /src/php-src/sapi/fuzzer/fuzzer-sapi.c:269:9
    #26 0xf04201 in LLVMFuzzerTestOneInput /src/php-src/sapi/fuzzer/fuzzer-parser.c:40:2
    #27 0xf9b65b in main (/out/php-fuzz-parser+0xf9b65b)

DEDUP_TOKEN: malloc--__zend_malloc--tracked_malloc
SUMMARY: AddressSanitizer: heap-use-after-free /src/php-src/Zend/zend_types.h:1162:2 in zend_gc_delref
Shadow bytes around the buggy address:
  0x0c0c7fffa6a0: fa fa fa fa 00 00 00 00 00 00 00 fa fa fa fa fa
  0x0c0c7fffa6b0: 00 00 00 00 00 00 00 fa fa fa fa fa 00 00 00 00
  0x0c0c7fffa6c0: 00 00 00 fa fa fa fa fa 00 00 00 00 00 00 00 fa
  0x0c0c7fffa6d0: fa fa fa fa 00 00 00 00 00 00 00 fa fa fa fa fa
  0x0c0c7fffa6e0: fd fd fd fd fd fd fd fa fa fa fa fa fd fd fd fd
=>0x0c0c7fffa6f0: fd fd fd fd fa fa fa fa[fd]fd fd fd fd fd fd fa
  0x0c0c7fffa700: fa fa fa fa 00 00 00 00 00 00 00 00 fa fa fa fa
  0x0c0c7fffa710: fa fa fa fa fa fa fa fa fa fa fa fa fa fa fa fa
  0x0c0c7fffa720: fa fa fa fa fa fa fa fa fa fa fa fa fa fa fa fa
  0x0c0c7fffa730: fa fa fa fa fa fa fa fa fa fa fa fa fa fa fa fa
  0x0c0c7fffa740: fa fa fa fa fa fa fa fa fa fa fa fa fa fa fa fa
Shadow byte legend (one shadow byte represents 8 application bytes):
  Addressable:           00
  Partially addressable: 01 02 03 04 05 06 07 
  Heap left redzone:       fa
  Freed heap region:       fd
  Stack left redzone:      f1
  Stack mid redzone:       f2
  Stack right redzone:     f3
  Stack after return:      f5
  Stack use after scope:   f8
  Global redzone:          f9
  Global init order:       f6
  Poisoned by user:        f7
  Container overflow:      fc
  Array cookie:            ac
  Intra object redzone:    bb
  ASan internal:           fe
  Left alloca redzone:     ca
  Right alloca redzone:    cb
  Shadow gap:              cc
==14==ABORTING
