======================= INFO =========================
This binary is built for AFL-fuzz.
To run the target function on individual input(s) execute this:
  /out/alembic_dump_info_fuzzer < INPUT_FILE
or
  /out/alembic_dump_info_fuzzer INPUT_FILE1 [INPUT_FILE2 ... ]
To fuzz with afl-fuzz execute this:
  afl-fuzz [afl-flags] /out/alembic_dump_info_fuzzer [-N]
afl-fuzz will run N iterations before re-spawning the process (default: 1000)
======================================================
Reading 1240 bytes from /tmp/poc
=================================================================
==13==ERROR: AddressSanitizer: heap-buffer-overflow on address 0x61f000001790 at pc 0x0000004e1772 bp 0x7fffbe4e9f90 sp 0x7fffbe4e9f88
READ of size 8 at 0x61f000001790 thread T0
SCARINESS: 33 (8-byte-read-heap-buffer-overflow-far-from-bounds)
    #0 0x4e1771 in std::__1::__tree<std::__1::__value_type<std::__1::basic_string<char, std::__1::char_traits<char>, std::__1::allocator<char> >, std::__1::basic_string<char, std::__1::char_traits<char>, std::__1::allocator<char> > >, std::__1::__map_value_compare<std::__1::basic_string<char, std::__1::char_traits<char>, std::__1::allocator<char> >, std::__1::__value_type<std::__1::basic_string<char, std::__1::char_traits<char>, std::__1::allocator<char> >, std::__1::basic_string<char, std::__1::char_traits<char>, std::__1::allocator<char> > >, std::__1::less<std::__1::basic_string<char, std::__1::char_traits<char>, std::__1::allocator<char> > >, true>, std::__1::allocator<std::__1::__value_type<std::__1::basic_string<char, std::__1::char_traits<char>, std::__1::allocator<char> >, std::__1::basic_string<char, std::__1::char_traits<char>, std::__1::allocator<char> > > > >::begin() const /usr/local/bin/../include/c++/v1/__tree:1124:67
    #1 0x4e1bdb in std::__1::__tree<std::__1::__value_type<std::__1::basic_string<char, std::__1::char_traits<char>, std::__1::allocator<char> >, std::__1::basic_string<char, std::__1::char_traits<char>, std::__1::allocator<char> > >, std::__1::__map_value_compare<std::__1::basic_string<char, std::__1::char_traits<char>, std::__1::allocator<char> >, std::__1::__value_type<std::__1::basic_string<char, std::__1::char_traits<char>, std::__1::allocator<char> >, std::__1::basic_string<char, std::__1::char_traits<char>, std::__1::allocator<char> > >, std::__1::less<std::__1::basic_string<char, std::__1::char_traits<char>, std::__1::allocator<char> > >, true>, std::__1::allocator<std::__1::__value_type<std::__1::basic_string<char, std::__1::char_traits<char>, std::__1::allocator<char> >, std::__1::basic_string<char, std::__1::char_traits<char>, std::__1::allocator<char> > > > >::operator=(std::__1::__tree<std::__1::__value_type<std::__1::basic_string<char, std::__1::char_traits<char>, std::__1::allocator<char> >, std::__1::basic_string<char, std::__1::char_traits<char>, std::__1::allocator<char> > >, std::__1::__map_value_compare<std::__1::basic_string<char, std::__1::char_traits<char>, std::__1::allocator<char> >, std::__1::__value_type<std::__1::basic_string<char, std::__1::char_traits<char>, std::__1::allocator<char> >, std::__1::basic_string<char, std::__1::char_traits<char>, std::__1::allocator<char> > >, std::__1::less<std::__1::basic_string<char, std::__1::char_traits<char>, std::__1::allocator<char> > >, true>, std::__1::allocator<std::__1::__value_type<std::__1::basic_string<char, std::__1::char_traits<char>, std::__1::allocator<char> >, std::__1::basic_string<char, std::__1::char_traits<char>, std::__1::allocator<char> > > > > const&) /usr/local/bin/../include/c++/v1/__tree:1648:28
    #2 0x4e1b81 in std::__1::map<std::__1::basic_string<char, std::__1::char_traits<char>, std::__1::allocator<char> >, std::__1::basic_string<char, std::__1::char_traits<char>, std::__1::allocator<char> >, std::__1::less<std::__1::basic_string<char, std::__1::char_traits<char>, std::__1::allocator<char> > >, std::__1::allocator<std::__1::pair<std::__1::basic_string<char, std::__1::char_traits<char>, std::__1::allocator<char> > const, std::__1::basic_string<char, std::__1::char_traits<char>, std::__1::allocator<char> > > > >::operator=(std::__1::map<std::__1::basic_string<char, std::__1::char_traits<char>, std::__1::allocator<char> >, std::__1::basic_string<char, std::__1::char_traits<char>, std::__1::allocator<char> >, std::__1::less<std::__1::basic_string<char, std::__1::char_traits<char>, std::__1::allocator<char> > >, std::__1::allocator<std::__1::pair<std::__1::basic_string<char, std::__1::char_traits<char>, std::__1::allocator<char> > const, std::__1::basic_string<char, std::__1::char_traits<char>, std::__1::allocator<char> > > > > const&) /usr/local/bin/../include/c++/v1/map:1016:21
    #3 0x4e1b51 in Alembic::Util::v12::TokenMap::operator=(Alembic::Util::v12::TokenMap const&) /src/alembic/lib/Alembic/Util/TokenMap.h:60:22
    #4 0x4e1b21 in Alembic::AbcCoreAbstract::v12::MetaData::operator=(Alembic::AbcCoreAbstract::v12::MetaData const&) /src/alembic/lib/Alembic/AbcCoreAbstract/MetaData.h:111:20
    #5 0x608077 in Alembic::AbcCoreAbstract::v12::PropertyHeader::setMetaData(Alembic::AbcCoreAbstract::v12::MetaData const&) /src/alembic/lib/Alembic/AbcCoreAbstract/PropertyHeader.h:167:64
    #6 0x606f4f in Alembic::AbcCoreOgawa::v12::ReadPropertyHeaders(std::__1::shared_ptr<Alembic::Ogawa::v12::IGroup>, unsigned long, unsigned long, Alembic::AbcCoreAbstract::v12::ArchiveReader&, std::__1::vector<Alembic::AbcCoreAbstract::v12::MetaData, std::__1::allocator<Alembic::AbcCoreAbstract::v12::MetaData> > const&, std::__1::vector<std::__1::shared_ptr<Alembic::AbcCoreOgawa::v12::PropertyHeaderAndFriends>, std::__1::allocator<std::__1::shared_ptr<Alembic::AbcCoreOgawa::v12::PropertyHeaderAndFriends> > >&) /src/alembic/lib/Alembic/AbcCoreOgawa/ReadUtil.cpp:1825:28
    #7 0x658045 in Alembic::AbcCoreOgawa::v12::CprData::CprData(std::__1::shared_ptr<Alembic::Ogawa::v12::IGroup>, unsigned long, Alembic::AbcCoreAbstract::v12::ArchiveReader&, std::__1::vector<Alembic::AbcCoreAbstract::v12::MetaData, std::__1::allocator<Alembic::AbcCoreAbstract::v12::MetaData> > const&) /src/alembic/lib/Alembic/AbcCoreOgawa/CprData.cpp:65:9
    #8 0x5cb4d4 in Alembic::AbcCoreOgawa::v12::OrData::OrData(std::__1::shared_ptr<Alembic::Ogawa::v12::IGroup>, std::__1::basic_string<char, std::__1::char_traits<char>, std::__1::allocator<char> > const&, unsigned long, Alembic::AbcCoreAbstract::v12::ArchiveReader&, std::__1::vector<Alembic::AbcCoreAbstract::v12::MetaData, std::__1::allocator<Alembic::AbcCoreAbstract::v12::MetaData> > const&) /src/alembic/lib/Alembic/AbcCoreOgawa/OrData.cpp:83:17
    #9 0x5ad38e in Alembic::AbcCoreOgawa::v12::ArImpl::init() /src/alembic/lib/Alembic/AbcCoreOgawa/ArImpl.cpp:125:23
    #10 0x5ac7e7 in Alembic::AbcCoreOgawa::v12::ArImpl::ArImpl(std::__1::basic_string<char, std::__1::char_traits<char>, std::__1::allocator<char> > const&, unsigned long, bool) /src/alembic/lib/Alembic/AbcCoreOgawa/ArImpl.cpp:61:5
    #11 0x57d52d in Alembic::AbcCoreOgawa::v12::ReadArchive::operator()(std::__1::basic_string<char, std::__1::char_traits<char>, std::__1::allocator<char> > const&, std::__1::shared_ptr<Alembic::AbcCoreAbstract::v12::ReadArraySampleCache>) const /src/alembic/lib/Alembic/AbcCoreOgawa/ReadWrite.cpp:121:17
    #12 0x519988 in Alembic::Abc::v12::IArchive::IArchive<Alembic::AbcCoreOgawa::v12::ReadArchive>(Alembic::AbcCoreOgawa::v12::ReadArchive, std::__1::basic_string<char, std::__1::char_traits<char>, std::__1::allocator<char> > const&, Alembic::Abc::v12::ErrorHandler::Policy, std::__1::shared_ptr<Alembic::AbcCoreAbstract::v12::ReadArraySampleCache>) /src/alembic/lib/Alembic/Abc/IArchive.h:208:17
    #13 0x519141 in Alembic::AbcCoreFactory::v12::IFactory::getArchive(std::__1::basic_string<char, std::__1::char_traits<char>, std::__1::allocator<char> > const&, Alembic::AbcCoreFactory::v12::IFactory::CoreType&) /src/alembic/lib/Alembic/AbcCoreFactory/IFactory.cpp:70:28
    #14 0x519f8e in Alembic::AbcCoreFactory::v12::IFactory::getArchive(std::__1::basic_string<char, std::__1::char_traits<char>, std::__1::allocator<char> > const&) /src/alembic/lib/Alembic/AbcCoreFactory/IFactory.cpp:118:12
    #15 0x4d4910 in dumpInfo(char const*) /src/alembic_dump_info_fuzzer.cc:191:30
    #16 0x4d4c7b in LLVMFuzzerTestOneInput /src/alembic_dump_info_fuzzer.cc:201:3
    #17 0x67c1be in ExecuteFilesOnyByOne /src/libfuzzer/afl/afl_driver.cpp:217:5
    #18 0x67c1be in main /src/libfuzzer/afl/afl_driver.cpp:254:12
    #19 0x7037759d283f in __libc_start_main (/lib/x86_64-linux-gnu/libc.so.6+0x2083f)
    #20 0x41ec68 in _start (/out/alembic_dump_info_fuzzer+0x41ec68)

DEDUP_TOKEN: std::__1::__tree<std::__1::__value_type<std::__1::basic_string<char, std::__1::char_traits<char>, std::__1::allocator<char> >, std::__1::basic_string<char, std::__1::char_traits<char>, std::__1::allocator<char> > >, std::__1::__map_value_compare<std::__1::basic_string<char, std::__1::char_traits<char>, std::__1::allocator<char> >, std::__1::__value_type<std::__1::basic_string<char, std::__1::char_traits<char>, std::__1::allocator<char> >, std::__1::basic_string<char, std::__1::char_traits<char>, std::__1::allocator<char> > >, std::__1::less<std::__1::basic_string<char, std::__1::char_traits<char>, std::__1::allocator<char> > >, true>, std::__1::allocator<std::__1::__value_type<std::__1::basic_string<char, std::__1::char_traits<char>, std::__1::allocator<char> >, std::__1::basic_string<char, std::__1::char_traits<char>, std::__1::allocator<char> > > > >::begin() const--std::__1::__tree<std::__1::__value_type<std::__1::basic_string<char, std::__1::char_traits<char>, std::__1::allocator<char> >, std::__1::basic_string<char, std::__1::char_traits<char>, std::__1::allocator<char> > >, std::__1::__map_value_compare<std::__1::basic_string<char, std::__1::char_traits<char>, std::__1::allocator<char> >, std::__1::__value_type<std::__1::basic_string<char, std::__1::char_traits<char>, std::__1::allocator<char> >, std::__1::basic_string<char, std::__1::char_traits<char>, std::__1::allocator<char> > >, std::__1::less<std::__1::basic_string<char, std::__1::char_traits<char>, std::__1::allocator<char> > >, true>, std::__1::allocator<std::__1::__value_type<std::__1::basic_string<char, std::__1::char_traits<char>, std::__1::allocator<char> >, std::__1::basic_string<char, std::__1::char_traits<char>, std::__1::allocator<char> > > > >::operator=(std::__1::__tree<std::__1::__value_type<std::__1::basic_string<char, std::__1::char_traits<char>, std::__1::allocator<char> >, std::__1::basic_string<char, std::__1::char_traits<char>, std::__1::allocator<char> > >, std::__1::__map_value_compare<std::__1::basic_string<char, std::__1::char_traits<char>, std::__1::allocator<char> >, std::__1::__value_type<std::__1::basic_string<char, std::__1::char_traits<char>, std::__1::allocator<char> >, std::__1::basic_string<char, std::__1::char_traits<char>, std::__1::allocator<char> > >, std::__1::less<std::__1::basic_string<char, std::__1::char_traits<char>, std::__1::allocator<char> > >, true>, std::__1::allocator<std::__1::__value_type<std::__1::basic_string<char, std::__1::char_traits<char>, std::__1::allocator<char> >, std::__1::basic_string<char, std::__1::char_traits<char>, std::__1::allocator<char> > > > > const&)--std::__1::map<std::__1::basic_string<char, std::__1::char_traits<char>, std::__1::allocator<char> >, std::__1::basic_string<char, std::__1::char_traits<char>, std::__1::allocator<char> >, std::__1::less<std::__1::basic_string<char, std::__1::char_traits<char>, std::__1::allocator<char> > >, std::__1::allocator<std::__1::pair<std::__1::basic_string<char, std::__1::char_traits<char>, std::__1::allocator<char> > const, std::__1::basic_string<char, std::__1::char_traits<char>, std::__1::allocator<char> > > > >::operator=(std::__1::map<std::__1::basic_string<char, std::__1::char_traits<char>, std::__1::allocator<char> >, std::__1::basic_string<char, std::__1::char_traits<char>, std::__1::allocator<char> >, std::__1::less<std::__1::basic_string<char, std::__1::char_traits<char>, std::__1::allocator<char> > >, std::__1::allocator<std::__1::pair<std::__1::basic_string<char, std::__1::char_traits<char>, std::__1::allocator<char> > const, std::__1::basic_string<char, std::__1::char_traits<char>, std::__1::allocator<char> > > > > const&)
Address 0x61f000001790 is a wild pointer.
SUMMARY: AddressSanitizer: heap-buffer-overflow /usr/local/bin/../include/c++/v1/__tree:1124:67 in std::__1::__tree<std::__1::__value_type<std::__1::basic_string<char, std::__1::char_traits<char>, std::__1::allocator<char> >, std::__1::basic_string<char, std::__1::char_traits<char>, std::__1::allocator<char> > >, std::__1::__map_value_compare<std::__1::basic_string<char, std::__1::char_traits<char>, std::__1::allocator<char> >, std::__1::__value_type<std::__1::basic_string<char, std::__1::char_traits<char>, std::__1::allocator<char> >, std::__1::basic_string<char, std::__1::char_traits<char>, std::__1::allocator<char> > >, std::__1::less<std::__1::basic_string<char, std::__1::char_traits<char>, std::__1::allocator<char> > >, true>, std::__1::allocator<std::__1::__value_type<std::__1::basic_string<char, std::__1::char_traits<char>, std::__1::allocator<char> >, std::__1::basic_string<char, std::__1::char_traits<char>, std::__1::allocator<char> > > > >::begin() const
Shadow bytes around the buggy address:
  0x0c3e7fff82a0: fa fa fa fa fa fa fa fa fa fa fa fa fa fa fa fa
  0x0c3e7fff82b0: fa fa fa fa fa fa fa fa fa fa fa fa fa fa fa fa
  0x0c3e7fff82c0: fa fa fa fa fa fa fa fa fa fa fa fa fa fa fa fa
  0x0c3e7fff82d0: fa fa fa fa fa fa fa fa fa fa fa fa fa fa fa fa
  0x0c3e7fff82e0: fa fa fa fa fa fa fa fa fa fa fa fa fa fa fa fa
=>0x0c3e7fff82f0: fa fa[fa]fa fa fa fa fa fa fa fa fa fa fa fa fa
  0x0c3e7fff8300: fa fa fa fa fa fa fa fa fa fa fa fa fa fa fa fa
  0x0c3e7fff8310: fa fa fa fa fa fa fa fa fa fa fa fa fa fa fa fa
  0x0c3e7fff8320: fa fa fa fa fa fa fa fa fa fa fa fa fa fa fa fa
  0x0c3e7fff8330: fa fa fa fa fa fa fa fa fa fa fa fa fa fa fa fa
  0x0c3e7fff8340: fa fa fa fa fa fa fa fa fa fa fa fa fa fa fa fa
Shadow byte legend (one shadow byte represents 8 application bytes):
  Addressable:           00
  Partially addressable: 01 02 03 04 05 06 07 
  Heap left redzone:       fa
  Freed heap region:       fd
  Stack left redzone:      f1
  Stack mid redzone:       f2
  Stack right redzone:     f3
  Stack after return:      f5
  Stack use after scope:   f8
  Global redzone:          f9
  Global init order:       f6
  Poisoned by user:        f7
  Container overflow:      fc
  Array cookie:            ac
  Intra object redzone:    bb
  ASan internal:           fe
  Left alloca redzone:     ca
  Right alloca redzone:    cb
  Shadow gap:              cc
==13==ABORTING
