INFO: Seed: 2240752541
INFO: Loaded 1 modules (565 guards): [0x9b0910, 0x9b11e4), 
/out/libteken_fuzzer: Running 1 inputs 1 time(s) each.
Running: /tmp/poc
==13==WARNING: MemorySanitizer: use-of-uninitialized-value
    #0 0x54dccf in teken_trim_cursor_pos /src/libteken/libteken/../teken.c:350:32
    #1 0x54ca87 in teken_set_winsize /src/libteken/libteken/../teken.c:362:2
    #2 0x54c622 in teken_init /src/libteken/libteken/../teken.c:166:2
    #3 0x49601a in LLVMFuzzerTestOneInput /src/libteken_fuzzer.c:28:3
    #4 0x4cac99 in fuzzer::Fuzzer::ExecuteCallback(unsigned char const*, unsigned long) /src/libfuzzer/FuzzerLoop.cpp:468:13
    #5 0x4970fc in fuzzer::RunOneTest(fuzzer::Fuzzer*, char const*, unsigned long) /src/libfuzzer/FuzzerDriver.cpp:268:6
    #6 0x4a8928 in fuzzer::FuzzerDriver(int*, char***, int (*)(unsigned char const*, unsigned long)) /src/libfuzzer/FuzzerDriver.cpp:683:9
    #7 0x496271 in main /src/libfuzzer/FuzzerMain.cpp:20:10
    #8 0x77baa92b883f in __libc_start_main (/lib/x86_64-linux-gnu/libc.so.6+0x2083f)
    #9 0x41eaf8 in _start (/out/libteken_fuzzer+0x41eaf8)

DEDUP_TOKEN: teken_trim_cursor_pos--teken_set_winsize--teken_init
  Uninitialized value was created by an allocation of 't' in the stack frame of function 'LLVMFuzzerTestOneInput'
    #0 0x495f40 in LLVMFuzzerTestOneInput /src/libteken_fuzzer.c:26

DEDUP_TOKEN: LLVMFuzzerTestOneInput
SUMMARY: MemorySanitizer: use-of-uninitialized-value /src/libteken/libteken/../teken.c:350:32 in teken_trim_cursor_pos
Unique heap origins: 34
Stack depot allocated bytes: 2152
Unique origin histories: 6
History depot allocated bytes: 144
Exiting
