INFO: Seed: 2197017559
INFO: Loaded 1 modules   (4202 inline 8-bit counters): 4202 [0x80aec0, 0x80bf2a), 
INFO: Loaded 1 PC tables (4202 PCs): 4202 [0x80bf30,0x81c5d0), 
/out/flb-it-fuzz-msgpack_parse_fuzzer_OSSFUZZ: Running 1 inputs 1 time(s) each.
Running: /tmp/poc
[2024/10/25 05:37:15] [ warn] [pack] invalid UTF-8 bytes found, skipping bytes
[2024/10/25 05:37:15] [ warn] [pack] invalid UTF-8 bytes found, skipping bytes
[2024/10/25 05:37:15] [ warn] [pack] invalid UTF-8 bytes found, skipping bytes
[2024/10/25 05:37:15] [ warn] [pack] invalid UTF-8 bytes found, skipping bytes
[2024/10/25 05:37:15] [ warn] [pack] invalid UTF-8 bytes found, skipping bytes
[2024/10/25 05:37:15] [ warn] [pack] invalid UTF-8 bytes found, skipping bytes
[2024/10/25 05:37:15] [ warn] [pack] invalid UTF-8 bytes found, skipping bytes
[2024/10/25 05:37:15] [ warn] [pack] invalid UTF-8 bytes found, skipping bytes
[2024/10/25 05:37:15] [ warn] [pack] invalid UTF-8 bytes found, skipping bytes
[2024/10/25 05:37:15] [ warn] [pack] invalid UTF-8 bytes found, skipping bytes
[2024/10/25 05:37:15] [ warn] [pack] invalid UTF-8 bytes found, skipping bytes
[2024/10/25 05:37:15] [ warn] [pack] invalid UTF-8 bytes found, skipping bytes
[2024/10/25 05:37:15] [ warn] [pack] invalid UTF-8 bytes found, skipping bytes
[2024/10/25 05:37:15] [ warn] [pack] invalid UTF-8 bytes found, skipping bytes
[2024/10/25 05:37:15] [ warn] [pack] invalid UTF-8 bytes found, skipping bytes
[2024/10/25 05:37:15] [ warn] [pack] invalid UTF-8 bytes found, skipping bytes
[2024/10/25 05:37:15] [ warn] [pack] invalid UTF-8 bytes found, skipping bytes
[2024/10/25 05:37:15] [ warn] [pack] invalid UTF-8 bytes found, skipping bytes
[2024/10/25 05:37:15] [ warn] [pack] invalid UTF-8 bytes found, skipping bytes
[2024/10/25 05:37:15] [ warn] [pack] invalid UTF-8 bytes found, skipping bytes
[2024/10/25 05:37:15] [ warn] [pack] invalid UTF-8 bytes found, skipping bytes
[2024/10/25 05:37:15] [ warn] [pack] invalid UTF-8 bytes found, skipping bytes
[2024/10/25 05:37:15] [ warn] [pack] invalid UTF-8 bytes found, skipping bytes
[2024/10/25 05:37:15] [ warn] [pack] invalid UTF-8 bytes found, skipping bytes
[2024/10/25 05:37:15] [ warn] [pack] invalid UTF-8 bytes found, skipping bytes
[2024/10/25 05:37:15] [ warn] [pack] invalid UTF-8 bytes found, skipping bytes
[2024/10/25 05:37:15] [ warn] [pack] invalid UTF-8 bytes found, skipping bytes
[2024/10/25 05:37:15] [ warn] [pack] invalid UTF-8 bytes found, skipping bytes
[2024/10/25 05:37:15] [ warn] [pack] invalid UTF-8 bytes found, skipping bytes
[2024/10/25 05:37:15] [ warn] [pack] invalid UTF-8 bytes found, skipping bytes
[2024/10/25 05:37:15] [ warn] [pack] invalid UTF-8 bytes found, skipping bytes
[2024/10/25 05:37:15] [ warn] [pack] invalid UTF-8 bytes found, skipping bytes
[2024/10/25 05:37:15] [ warn] [pack] invalid UTF-8 bytes found, skipping bytes
[2024/10/25 05:37:15] [ warn] [pack] invalid UTF-8 bytes found, skipping bytes
[2024/10/25 05:37:15] [ warn] [pack] invalid UTF-8 bytes found, skipping bytes
[2024/10/25 05:37:15] [ warn] [pack] invalid UTF-8 bytes found, skipping bytes
[2024/10/25 05:37:15] [ warn] [pack] invalid UTF-8 bytes found, skipping bytes
[2024/10/25 05:37:15] [ warn] [pack] invalid UTF-8 bytes found, skipping bytes
[2024/10/25 05:37:15] [ warn] [pack] invalid UTF-8 bytes found, skipping bytes
[2024/10/25 05:37:15] [ warn] [pack] invalid UTF-8 bytes found, skipping bytes
[2024/10/25 05:37:15] [ warn] [pack] invalid UTF-8 bytes found, skipping bytes
[2024/10/25 05:37:15] [ warn] [pack] invalid UTF-8 bytes found, skipping bytes
[2024/10/25 05:37:15] [ warn] [pack] invalid UTF-8 bytes found, skipping bytes
[2024/10/25 05:37:15] [ warn] [pack] invalid UTF-8 bytes found, skipping bytes
[2024/10/25 05:37:15] [ warn] [pack] invalid UTF-8 bytes found, skipping bytes
[2024/10/25 05:37:15] [ warn] [pack] invalid UTF-8 bytes found, skipping bytes
[2024/10/25 05:37:15] [ warn] [pack] invalid UTF-8 bytes found, skipping bytes
[2024/10/25 05:37:15] [ warn] [pack] invalid UTF-8 bytes found, skipping bytes
[2024/10/25 05:37:15] [ warn] [pack] invalid UTF-8 bytes found, skipping bytes
[2024/10/25 05:37:15] [ warn] [pack] invalid UTF-8 bytes found, skipping bytes
[2024/10/25 05:37:15] [ warn] [pack] invalid UTF-8 bytes found, skipping bytes
[2024/10/25 05:37:15] [ warn] [pack] invalid UTF-8 bytes found, skipping bytes
[2024/10/25 05:37:15] [ warn] [pack] invalid UTF-8 bytes found, skipping bytes
[2024/10/25 05:37:15] [ warn] [pack] invalid UTF-8 bytes found, skipping bytes
=================================================================
==13==ERROR: AddressSanitizer: heap-buffer-overflow on address 0x618000000791 at pc 0x000000566610 bp 0x7ffef73634c0 sp 0x7ffef73634b8
WRITE of size 1 at 0x618000000791 thread T0
SCARINESS: 31 (1-byte-write-heap-buffer-overflow)
    #0 0x56660f in encoded_to_buf /src/fluent-bit/src/flb_utils.c:577:14
    #1 0x565f7a in flb_utils_write_str /src/fluent-bit/src/flb_utils.c:650:13
    #2 0x55b6d2 in msgpack2json /src/fluent-bit/src/flb_pack.c:528:14
    #3 0x55b4c7 in msgpack2json /src/fluent-bit/src/flb_pack.c:616:22
    #4 0x55ad04 in flb_msgpack_to_json /src/fluent-bit/src/flb_pack.c:655:11
    #5 0x55c02b in flb_msgpack_raw_to_json_sds /src/fluent-bit/src/flb_pack.c:686:15
    #6 0x558a4e in LLVMFuzzerTestOneInput /src/fluent-bit/tests/internal/fuzzers/msgpack_parse_fuzzer.c:12:14
    #7 0x460091 in fuzzer::Fuzzer::ExecuteCallback(unsigned char const*, unsigned long) /src/llvm-project/compiler-rt/lib/fuzzer/FuzzerLoop.cpp:595:15
    #8 0x44b162 in fuzzer::RunOneTest(fuzzer::Fuzzer*, char const*, unsigned long) /src/llvm-project/compiler-rt/lib/fuzzer/FuzzerDriver.cpp:323:6
    #9 0x45121e in fuzzer::FuzzerDriver(int*, char***, int (*)(unsigned char const*, unsigned long)) /src/llvm-project/compiler-rt/lib/fuzzer/FuzzerDriver.cpp:852:9
    #10 0x479202 in main /src/llvm-project/compiler-rt/lib/fuzzer/FuzzerMain.cpp:20:10
    #11 0x7f64184ad83f in __libc_start_main (/lib/x86_64-linux-gnu/libc.so.6+0x2083f)
    #12 0x426438 in _start (/out/flb-it-fuzz-msgpack_parse_fuzzer_OSSFUZZ+0x426438)

DEDUP_TOKEN: encoded_to_buf--flb_utils_write_str--msgpack2json
0x618000000791 is located 0 bytes to the right of 785-byte region [0x618000000480,0x618000000791)
allocated by thread T0 here:
    #0 0x528e2d in malloc /src/llvm-project/compiler-rt/lib/asan/asan_malloc_linux.cpp:145:3
    #1 0x5630f7 in flb_malloc /src/fluent-bit/include/fluent-bit/flb_mem.h:62:11
    #2 0x5606e9 in sds_alloc /src/fluent-bit/src/flb_sds.c:40:11
    #3 0x5608d0 in flb_sds_create_size /src/fluent-bit/src/flb_sds.c:92:12
    #4 0x55bfcc in flb_msgpack_raw_to_json_sds /src/fluent-bit/src/flb_pack.c:671:15
    #5 0x558a4e in LLVMFuzzerTestOneInput /src/fluent-bit/tests/internal/fuzzers/msgpack_parse_fuzzer.c:12:14
    #6 0x460091 in fuzzer::Fuzzer::ExecuteCallback(unsigned char const*, unsigned long) /src/llvm-project/compiler-rt/lib/fuzzer/FuzzerLoop.cpp:595:15
    #7 0x44b162 in fuzzer::RunOneTest(fuzzer::Fuzzer*, char const*, unsigned long) /src/llvm-project/compiler-rt/lib/fuzzer/FuzzerDriver.cpp:323:6
    #8 0x45121e in fuzzer::FuzzerDriver(int*, char***, int (*)(unsigned char const*, unsigned long)) /src/llvm-project/compiler-rt/lib/fuzzer/FuzzerDriver.cpp:852:9
    #9 0x479202 in main /src/llvm-project/compiler-rt/lib/fuzzer/FuzzerMain.cpp:20:10
    #10 0x7f64184ad83f in __libc_start_main (/lib/x86_64-linux-gnu/libc.so.6+0x2083f)

DEDUP_TOKEN: malloc--flb_malloc--sds_alloc
SUMMARY: AddressSanitizer: heap-buffer-overflow /src/fluent-bit/src/flb_utils.c:577:14 in encoded_to_buf
Shadow bytes around the buggy address:
  0x0c307fff80a0: 00 00 00 00 00 00 00 00 00 00 00 00 00 00 00 00
  0x0c307fff80b0: 00 00 00 00 00 00 00 00 00 00 00 00 00 00 00 00
  0x0c307fff80c0: 00 00 00 00 00 00 00 00 00 00 00 00 00 00 00 00
  0x0c307fff80d0: 00 00 00 00 00 00 00 00 00 00 00 00 00 00 00 00
  0x0c307fff80e0: 00 00 00 00 00 00 00 00 00 00 00 00 00 00 00 00
=>0x0c307fff80f0: 00 00[01]fa fa fa fa fa fa fa fa fa fa fa fa fa
  0x0c307fff8100: fa fa fa fa fa fa fa fa fa fa fa fa fa fa fa fa
  0x0c307fff8110: fa fa fa fa fa fa fa fa fa fa fa fa fa fa fa fa
  0x0c307fff8120: fa fa fa fa fa fa fa fa fa fa fa fa fa fa fa fa
  0x0c307fff8130: fa fa fa fa fa fa fa fa fa fa fa fa fa fa fa fa
  0x0c307fff8140: fa fa fa fa fa fa fa fa fa fa fa fa fa fa fa fa
Shadow byte legend (one shadow byte represents 8 application bytes):
  Addressable:           00
  Partially addressable: 01 02 03 04 05 06 07 
  Heap left redzone:       fa
  Freed heap region:       fd
  Stack left redzone:      f1
  Stack mid redzone:       f2
  Stack right redzone:     f3
  Stack after return:      f5
  Stack use after scope:   f8
  Global redzone:          f9
  Global init order:       f6
  Poisoned by user:        f7
  Container overflow:      fc
  Array cookie:            ac
  Intra object redzone:    bb
  ASan internal:           fe
  Left alloca redzone:     ca
  Right alloca redzone:    cb
  Shadow gap:              cc
==13==ABORTING
