INFO: Seed: 2271913321
INFO: Loaded 1 modules   (24225 inline 8-bit counters): 24225 [0xb4b3a0, 0xb51241), 
INFO: Loaded 1 PC tables (24225 PCs): 24225 [0xb51248,0xbafc58), 
/out/flb-it-fuzz-parser_fuzzer_OSSFUZZ: Running 1 inputs 1 time(s) each.
Running: /tmp/poc
=================================================================
==13==ERROR: AddressSanitizer: heap-buffer-overflow on address 0x60b000000204 at pc 0x0000005b9511 bp 0x7ffd82881a80 sp 0x7ffd82881a78
READ of size 1 at 0x60b000000204 thread T0
SCARINESS: 12 (1-byte-read-heap-buffer-overflow)
    #0 0x5b9510 in _conv_num /src/fluent-bit/src/flb_strptime.c:674:6
    #1 0x5b74c5 in _flb_strptime /src/fluent-bit/src/flb_strptime.c:314:10
    #2 0x5b58e5 in flb_strptime /src/fluent-bit/src/flb_strptime.c:138:9
    #3 0x5806b4 in flb_parser_time_lookup /src/fluent-bit/src/flb_parser.c:765:13
    #4 0x58e23d in logfmt_parser /src/fluent-bit/src/flb_parser_logfmt.c:157:27
    #5 0x58d874 in flb_parser_logfmt_do /src/fluent-bit/src/flb_parser_logfmt.c:292:17
    #6 0x580409 in flb_parser_do /src/fluent-bit/src/flb_parser.c:641:16
    #7 0x56fac1 in LLVMFuzzerTestOneInput /src/fluent-bit/tests/internal/fuzzers/parser_fuzzer.c:145:9
    #8 0x476451 in fuzzer::Fuzzer::ExecuteCallback(unsigned char const*, unsigned long) /src/llvm-project/compiler-rt/lib/fuzzer/FuzzerLoop.cpp:595:15
    #9 0x461522 in fuzzer::RunOneTest(fuzzer::Fuzzer*, char const*, unsigned long) /src/llvm-project/compiler-rt/lib/fuzzer/FuzzerDriver.cpp:323:6
    #10 0x4675de in fuzzer::FuzzerDriver(int*, char***, int (*)(unsigned char const*, unsigned long)) /src/llvm-project/compiler-rt/lib/fuzzer/FuzzerDriver.cpp:852:9
    #11 0x48f5c2 in main /src/llvm-project/compiler-rt/lib/fuzzer/FuzzerMain.cpp:20:10
    #12 0x7c1c1b8a683f in __libc_start_main (/lib/x86_64-linux-gnu/libc.so.6+0x2083f)
    #13 0x43c7f8 in _start (/out/flb-it-fuzz-parser_fuzzer_OSSFUZZ+0x43c7f8)

DEDUP_TOKEN: _conv_num--_flb_strptime--flb_strptime
0x60b000000204 is located 0 bytes to the right of 100-byte region [0x60b0000001a0,0x60b000000204)
allocated by thread T0 here:
    #0 0x53f1ed in malloc /src/llvm-project/compiler-rt/lib/asan/asan_malloc_linux.cpp:145:3
    #1 0x4500a7 in operator new(unsigned long) (/out/flb-it-fuzz-parser_fuzzer_OSSFUZZ+0x4500a7)
    #2 0x461522 in fuzzer::RunOneTest(fuzzer::Fuzzer*, char const*, unsigned long) /src/llvm-project/compiler-rt/lib/fuzzer/FuzzerDriver.cpp:323:6
    #3 0x4675de in fuzzer::FuzzerDriver(int*, char***, int (*)(unsigned char const*, unsigned long)) /src/llvm-project/compiler-rt/lib/fuzzer/FuzzerDriver.cpp:852:9
    #4 0x48f5c2 in main /src/llvm-project/compiler-rt/lib/fuzzer/FuzzerMain.cpp:20:10
    #5 0x7c1c1b8a683f in __libc_start_main (/lib/x86_64-linux-gnu/libc.so.6+0x2083f)

DEDUP_TOKEN: malloc--operator new(unsigned long)--fuzzer::RunOneTest(fuzzer::Fuzzer*, char const*, unsigned long)
SUMMARY: AddressSanitizer: heap-buffer-overflow /src/fluent-bit/src/flb_strptime.c:674:6 in _conv_num
Shadow bytes around the buggy address:
  0x0c167fff7ff0: 00 00 00 00 00 00 00 00 00 00 00 00 00 00 00 00
  0x0c167fff8000: fa fa fa fa fa fa fa fa fd fd fd fd fd fd fd fd
  0x0c167fff8010: fd fd fd fd fd fa fa fa fa fa fa fa fa fa 00 00
  0x0c167fff8020: 00 00 00 00 00 00 00 00 00 00 04 fa fa fa fa fa
  0x0c167fff8030: fa fa fa fa 00 00 00 00 00 00 00 00 00 00 00 00
=>0x0c167fff8040:[04]fa fa fa fa fa fa fa fa fa fa fa fa fa fa fa
  0x0c167fff8050: fa fa fa fa fa fa fa fa fa fa fa fa fa fa fa fa
  0x0c167fff8060: fa fa fa fa fa fa fa fa fa fa fa fa fa fa fa fa
  0x0c167fff8070: fa fa fa fa fa fa fa fa fa fa fa fa fa fa fa fa
  0x0c167fff8080: fa fa fa fa fa fa fa fa fa fa fa fa fa fa fa fa
  0x0c167fff8090: fa fa fa fa fa fa fa fa fa fa fa fa fa fa fa fa
Shadow byte legend (one shadow byte represents 8 application bytes):
  Addressable:           00
  Partially addressable: 01 02 03 04 05 06 07 
  Heap left redzone:       fa
  Freed heap region:       fd
  Stack left redzone:      f1
  Stack mid redzone:       f2
  Stack right redzone:     f3
  Stack after return:      f5
  Stack use after scope:   f8
  Global redzone:          f9
  Global init order:       f6
  Poisoned by user:        f7
  Container overflow:      fc
  Array cookie:            ac
  Intra object redzone:    bb
  ASan internal:           fe
  Left alloca redzone:     ca
  Right alloca redzone:    cb
  Shadow gap:              cc
==13==ABORTING
