Accepting input from '/tmp/poc'
Usage for fuzzing: honggfuzz -P [flags] -- /out/php-fuzz-execute
=================================================================
==13==ERROR: AddressSanitizer: heap-use-after-free on address 0x612000014480 at pc 0x000000cf8feb bp 0x7ffd1a974040 sp 0x7ffd1a974038
READ of size 8 at 0x612000014480 thread T0
SCARINESS: 51 (8-byte-read-heap-use-after-free)
    #0 0xcf8fea in zend_assign_to_string_offset /src/php-src/Zend/zend_execute.c:1504:27
    #1 0xbfd44d in ZEND_ASSIGN_DIM_SPEC_VAR_CV_OP_DATA_CONST_HANDLER /src/php-src/Zend/zend_vm_execute.h:29025:5
    #2 0xd926f9 in fuzzer_execute_ex /src/php-src/sapi/fuzzer/fuzzer-execute.c:39:14
    #3 0xbd2cd1 in zend_execute /src/php-src/Zend/zend_vm_execute.h:57958:2
    #4 0xd931de in fuzzer_do_request_from_buffer /src/php-src/sapi/fuzzer/fuzzer-sapi.c:255:5
    #5 0xd92869 in LLVMFuzzerTestOneInput /src/php-src/sapi/fuzzer/fuzzer-execute.c:57:2
    #6 0xe2a21b in main (/out/php-fuzz-execute+0xe2a21b)
    #7 0x7392c8fa783f in __libc_start_main (/lib/x86_64-linux-gnu/libc.so.6+0x2083f)
    #8 0x444bd8 in _start (/out/php-fuzz-execute+0x444bd8)

DEDUP_TOKEN: zend_assign_to_string_offset--ZEND_ASSIGN_DIM_SPEC_VAR_CV_OP_DATA_CONST_HANDLER--fuzzer_execute_ex
0x612000014480 is located 64 bytes inside of 320-byte region [0x612000014440,0x612000014580)
freed by thread T0 here:
    #0 0x4bfe3d in free /src/llvm-project/compiler-rt/lib/asan/asan_malloc_linux.cpp:123:3
    #1 0xae438d in tracked_free /src/php-src/Zend/zend_alloc.c:2748:2
    #2 0xadd6fe in _efree_custom /src/php-src/Zend/zend_alloc.c:2427:3
    #3 0xadd60f in _efree /src/php-src/Zend/zend_alloc.c:2547:3
    #4 0xba2c5c in zend_array_destroy /src/php-src/Zend/zend_hash.c:1660:2
    #5 0xb6390c in rc_dtor_func /src/php-src/Zend/zend_variables.c:57:2
    #6 0xcf8164 in zend_assign_to_variable /src/php-src/Zend/zend_execute.h:143:5
    #7 0xbf5684 in ZEND_ASSIGN_DIM_SPEC_VAR_CONST_OP_DATA_CONST_HANDLER /src/php-src/Zend/zend_vm_execute.h:22503:12
    #8 0xd926f9 in fuzzer_execute_ex /src/php-src/sapi/fuzzer/fuzzer-execute.c:39:14
    #9 0xb34efe in zend_call_function /src/php-src/Zend/zend_execute_API.c:869:3
    #10 0xb33415 in _call_user_function_impl /src/php-src/Zend/zend_execute_API.c:634:9
    #11 0xb6ae79 in zend_error_impl /src/php-src/Zend/zend.c:1384:8
    #12 0xb69aa9 in zend_error_va_list /src/php-src/Zend/zend.c:1432:2
    #13 0xb69c6c in zend_error /src/php-src/Zend/zend.c:1504:2
    #14 0xcf22a6 in zval_undefined_cv /src/php-src/Zend/zend_execute.c:270:3
    #15 0xcf4a69 in _get_zval_ptr_cv_BP_VAR_R /src/php-src/Zend/zend_execute.c:343:10
    #16 0xbfd417 in ZEND_ASSIGN_DIM_SPEC_VAR_CV_OP_DATA_CONST_HANDLER /src/php-src/Zend/zend_vm_execute.h:29023:11
    #17 0xd926f9 in fuzzer_execute_ex /src/php-src/sapi/fuzzer/fuzzer-execute.c:39:14
    #18 0xbd2cd1 in zend_execute /src/php-src/Zend/zend_vm_execute.h:57958:2
    #19 0xd931de in fuzzer_do_request_from_buffer /src/php-src/sapi/fuzzer/fuzzer-sapi.c:255:5
    #20 0xd92869 in LLVMFuzzerTestOneInput /src/php-src/sapi/fuzzer/fuzzer-execute.c:57:2
    #21 0xe2a21b in main (/out/php-fuzz-execute+0xe2a21b)

DEDUP_TOKEN: free--tracked_free--_efree_custom
previously allocated by thread T0 here:
    #0 0x4c00bd in malloc /src/llvm-project/compiler-rt/lib/asan/asan_malloc_linux.cpp:145:3
    #1 0xaddd0d in __zend_malloc /src/php-src/Zend/zend_alloc.c:3030:14
    #2 0xadabe2 in tracked_malloc /src/php-src/Zend/zend_alloc.c:2733:14
    #3 0xadd535 in _malloc_custom /src/php-src/Zend/zend_alloc.c:2418:10
    #4 0xadd43d in _emalloc /src/php-src/Zend/zend_alloc.c:2537:10
    #5 0xb9759e in zend_hash_real_init_mixed_ex /src/php-src/Zend/zend_hash.c:171:10
    #6 0xb974a7 in zend_hash_real_init_mixed /src/php-src/Zend/zend_hash.c:334:2
    #7 0xb9cd99 in _zend_hash_add_or_update_i /src/php-src/Zend/zend_hash.c:735:4
    #8 0xb9c761 in zend_hash_add_new /src/php-src/Zend/zend_hash.c:911:9
    #9 0xcf1258 in zend_fetch_dimension_address_inner /src/php-src/Zend/zend_execute.c:2123:15
    #10 0xcf95c6 in zend_fetch_dimension_address_inner_W /src/php-src/Zend/zend_execute.c:2150:9
    #11 0xc06c6e in ZEND_ASSIGN_DIM_SPEC_CV_CV_OP_DATA_CONST_HANDLER /src/php-src/Zend/zend_vm_execute.h:48661:20
    #12 0xd926f9 in fuzzer_execute_ex /src/php-src/sapi/fuzzer/fuzzer-execute.c:39:14
    #13 0xbd2cd1 in zend_execute /src/php-src/Zend/zend_vm_execute.h:57958:2
    #14 0xd931de in fuzzer_do_request_from_buffer /src/php-src/sapi/fuzzer/fuzzer-sapi.c:255:5
    #15 0xd92869 in LLVMFuzzerTestOneInput /src/php-src/sapi/fuzzer/fuzzer-execute.c:57:2
    #16 0xe2a21b in main (/out/php-fuzz-execute+0xe2a21b)

DEDUP_TOKEN: malloc--__zend_malloc--tracked_malloc
SUMMARY: AddressSanitizer: heap-use-after-free /src/php-src/Zend/zend_execute.c:1504:27 in zend_assign_to_string_offset
Shadow bytes around the buggy address:
  0x0c247fffa840: fd fd fd fd fd fd fd fd fd fd fd fd fd fd fd fd
  0x0c247fffa850: fa fa fa fa fa fa fa fa 00 00 00 00 00 00 00 00
  0x0c247fffa860: 00 00 00 00 00 00 00 00 00 00 00 00 00 00 00 00
  0x0c247fffa870: 00 00 00 00 00 00 00 00 00 00 00 00 00 00 00 00
  0x0c247fffa880: fa fa fa fa fa fa fa fa fd fd fd fd fd fd fd fd
=>0x0c247fffa890:[fd]fd fd fd fd fd fd fd fd fd fd fd fd fd fd fd
  0x0c247fffa8a0: fd fd fd fd fd fd fd fd fd fd fd fd fd fd fd fd
  0x0c247fffa8b0: fa fa fa fa fa fa fa fa fa fa fa fa fa fa fa fa
  0x0c247fffa8c0: fa fa fa fa fa fa fa fa fa fa fa fa fa fa fa fa
  0x0c247fffa8d0: fa fa fa fa fa fa fa fa fa fa fa fa fa fa fa fa
  0x0c247fffa8e0: fa fa fa fa fa fa fa fa fa fa fa fa fa fa fa fa
Shadow byte legend (one shadow byte represents 8 application bytes):
  Addressable:           00
  Partially addressable: 01 02 03 04 05 06 07 
  Heap left redzone:       fa
  Freed heap region:       fd
  Stack left redzone:      f1
  Stack mid redzone:       f2
  Stack right redzone:     f3
  Stack after return:      f5
  Stack use after scope:   f8
  Global redzone:          f9
  Global init order:       f6
  Poisoned by user:        f7
  Container overflow:      fc
  Array cookie:            ac
  Intra object redzone:    bb
  ASan internal:           fe
  Left alloca redzone:     ca
  Right alloca redzone:    cb
  Shadow gap:              cc
==13==ABORTING
