INFO: Seed: 2256589630
INFO: Loaded 1 modules   (2976 inline 8-bit counters): 2976 [0x830de0, 0x831980), 
INFO: Loaded 1 PC tables (2976 PCs): 2976 [0x5d2da8,0x5de7a8), 
/out/fuzzer-wolfssl-rsa: Running 1 inputs 1 time(s) each.
Running: /tmp/poc
=================================================================
==13==ERROR: AddressSanitizer: heap-buffer-overflow on address 0x60d0000000c7 at pc 0x00000051effa bp 0x7ffc65fd27f0 sp 0x7ffc65fd1fb8
WRITE of size 64 at 0x60d0000000c7 thread T0
SCARINESS: 45 (multi-byte-write-heap-buffer-overflow)
    #0 0x51eff9 in __asan_memcpy /src/llvm-project/compiler-rt/lib/asan/asan_interceptors_memintrinsics.cpp:22:3
    #1 0x5609fb in RsaPad_PSS /src/wolf-ssl-ssh-fuzzers/oss-fuzz/projects/wolf-ssl-ssh/fuzzers/wolfssl/wolfssl/wolfcrypt/src/rsa.c:1215:13
    #2 0x55fc15 in wc_RsaPad_ex /src/wolf-ssl-ssh-fuzzers/oss-fuzz/projects/wolf-ssl-ssh/fuzzers/wolfssl/wolfssl/wolfcrypt/src/rsa.c:1331:19
    #3 0x562f86 in RsaPublicEncryptEx /src/wolf-ssl-ssh-fuzzers/oss-fuzz/projects/wolf-ssl-ssh/fuzzers/wolfssl/wolfssl/wolfcrypt/src/rsa.c:2834:15
    #4 0x56479a in wc_RsaPSS_Sign_ex /src/wolf-ssl-ssh-fuzzers/oss-fuzz/projects/wolf-ssl-ssh/fuzzers/wolfssl/wolfssl/wolfcrypt/src/rsa.c:3597:12
    #5 0x564742 in wc_RsaPSS_Sign /src/wolf-ssl-ssh-fuzzers/oss-fuzz/projects/wolf-ssl-ssh/fuzzers/wolfssl/wolfssl/wolfcrypt/src/rsa.c:3573:12
    #6 0x554348 in LLVMFuzzerTestOneInput /src/wolf-ssl-ssh-fuzzers/oss-fuzz/projects/wolf-ssl-ssh/fuzzers/wolfssl/wolfssl/wolfssl-fuzzers/rsa.cpp:91:17
    #7 0x458021 in fuzzer::Fuzzer::ExecuteCallback(unsigned char const*, unsigned long) /src/llvm-project/compiler-rt/lib/fuzzer/FuzzerLoop.cpp:562:15
    #8 0x443422 in fuzzer::RunOneTest(fuzzer::Fuzzer*, char const*, unsigned long) /src/llvm-project/compiler-rt/lib/fuzzer/FuzzerDriver.cpp:323:6
    #9 0x4494fe in fuzzer::FuzzerDriver(int*, char***, int (*)(unsigned char const*, unsigned long)) /src/llvm-project/compiler-rt/lib/fuzzer/FuzzerDriver.cpp:850:9
    #10 0x471412 in main /src/llvm-project/compiler-rt/lib/fuzzer/FuzzerMain.cpp:20:10
    #11 0x706a4391883f in __libc_start_main (/lib/x86_64-linux-gnu/libc.so.6+0x2083f)
    #12 0x41e628 in _start (/out/fuzzer-wolfssl-rsa+0x41e628)

DEDUP_TOKEN: __asan_memcpy--RsaPad_PSS--wc_RsaPad_ex
0x60d0000000c7 is located 0 bytes to the right of 135-byte region [0x60d000000040,0x60d0000000c7)
allocated by thread T0 here:
    #0 0x51fb9d in malloc /src/llvm-project/compiler-rt/lib/asan/asan_malloc_linux.cpp:145:3
    #1 0x553c76 in LLVMFuzzerTestOneInput /src/wolf-ssl-ssh-fuzzers/oss-fuzz/projects/wolf-ssl-ssh/fuzzers/wolfssl/wolfssl/wolfssl-fuzzers/rsa.cpp:43:31
    #2 0x458021 in fuzzer::Fuzzer::ExecuteCallback(unsigned char const*, unsigned long) /src/llvm-project/compiler-rt/lib/fuzzer/FuzzerLoop.cpp:562:15
    #3 0x443422 in fuzzer::RunOneTest(fuzzer::Fuzzer*, char const*, unsigned long) /src/llvm-project/compiler-rt/lib/fuzzer/FuzzerDriver.cpp:323:6
    #4 0x4494fe in fuzzer::FuzzerDriver(int*, char***, int (*)(unsigned char const*, unsigned long)) /src/llvm-project/compiler-rt/lib/fuzzer/FuzzerDriver.cpp:850:9
    #5 0x471412 in main /src/llvm-project/compiler-rt/lib/fuzzer/FuzzerMain.cpp:20:10
    #6 0x706a4391883f in __libc_start_main (/lib/x86_64-linux-gnu/libc.so.6+0x2083f)

DEDUP_TOKEN: malloc--LLVMFuzzerTestOneInput--fuzzer::Fuzzer::ExecuteCallback(unsigned char const*, unsigned long)
SUMMARY: AddressSanitizer: heap-buffer-overflow /src/llvm-project/compiler-rt/lib/asan/asan_interceptors_memintrinsics.cpp:22:3 in __asan_memcpy
Shadow bytes around the buggy address:
  0x0c1a7fff7fc0: 00 00 00 00 00 00 00 00 00 00 00 00 00 00 00 00
  0x0c1a7fff7fd0: 00 00 00 00 00 00 00 00 00 00 00 00 00 00 00 00
  0x0c1a7fff7fe0: 00 00 00 00 00 00 00 00 00 00 00 00 00 00 00 00
  0x0c1a7fff7ff0: 00 00 00 00 00 00 00 00 00 00 00 00 00 00 00 00
  0x0c1a7fff8000: fa fa fa fa fa fa fa fa 00 00 00 00 00 00 00 00
=>0x0c1a7fff8010: 00 00 00 00 00 00 00 00[07]fa fa fa fa fa fa fa
  0x0c1a7fff8020: fa fa fa fa fa fa fa fa fa fa fa fa fa fa fa fa
  0x0c1a7fff8030: fa fa fa fa fa fa fa fa fa fa fa fa fa fa fa fa
  0x0c1a7fff8040: fa fa fa fa fa fa fa fa fa fa fa fa fa fa fa fa
  0x0c1a7fff8050: fa fa fa fa fa fa fa fa fa fa fa fa fa fa fa fa
  0x0c1a7fff8060: fa fa fa fa fa fa fa fa fa fa fa fa fa fa fa fa
Shadow byte legend (one shadow byte represents 8 application bytes):
  Addressable:           00
  Partially addressable: 01 02 03 04 05 06 07 
  Heap left redzone:       fa
  Freed heap region:       fd
  Stack left redzone:      f1
  Stack mid redzone:       f2
  Stack right redzone:     f3
  Stack after return:      f5
  Stack use after scope:   f8
  Global redzone:          f9
  Global init order:       f6
  Poisoned by user:        f7
  Container overflow:      fc
  Array cookie:            ac
  Intra object redzone:    bb
  ASan internal:           fe
  Left alloca redzone:     ca
  Right alloca redzone:    cb
  Shadow gap:              cc
==13==ABORTING
