INFO: Seed: 2290307233
INFO: Loaded 1 modules   (109997 inline 8-bit counters): 109997 [0x3d12b14, 0x3d2d8c1), 
INFO: Loaded 1 PC tables (109997 PCs): 109997 [0x18500f0,0x19fdbc0), 
/out/pdf_fuzzer: Running 1 inputs 1 time(s) each.
Running: /tmp/poc
error: cannot find startxref
warning: trying to repair broken xref
warning: repairing PDF document
warning: invalid indirect reference in dict
error: invalid key in dict
error: invalid key in dict
warning: invalid indirect reference in dict
error: invalid key in dict
warning: object missing 'endobj' token
warning: ignoring object with invalid object number (0 0 R)
warning: object missing 'endobj' token
warning: ... repeated 2 times...
warning: invalid indirect reference in dict
error: invalid key in dict
warning: ignoring broken object (7 0 R)
warning: non-page object in page tree (Pag)
error: overflow in 2d faxd
warning: padding truncated image
error: overflow in 2d faxd
MemorySanitizer:DEADLYSIGNAL
==12==ERROR: MemorySanitizer: SEGV on unknown address 0xffffffffffffffff (pc 0x7c68e9812c7a bp 0x7fff213177a0 sp 0x7fff21316f58 T12)
==12==The signal is caused by a READ memory access.
    #0 0x7c68e9812c7a  (/lib/x86_64-linux-gnu/libc.so.6+0x14dc7a)
    #1 0x4cbd42 in __msan_memcpy /src/llvm-project/compiler-rt/lib/msan/msan_interceptors.cpp:1559:15
    #2 0x8a4081 in unpack_next /src/mupdf/source/fitz/draw-unpack.c:394:3
    #3 0x6dc867 in fz_available /src/mupdf/include/mupdf/fitz/stream.h:318:7
    #4 0x6dc2b7 in fz_read /src/mupdf/source/fitz/stream-read.c:15:7
    #5 0x601cf3 in fz_decomp_image_from_stream /src/mupdf/source/fitz/image.c:593:9
    #6 0x60c61a in compressed_image_get_pixmap /src/mupdf/source/fitz/image.c:755:11
    #7 0x60712b in fz_get_pixmap_from_image /src/mupdf/source/fitz/image.c:946:9
    #8 0x556857 in fz_draw_fill_image_mask /src/mupdf/source/fitz/draw-device.c:1896:11
    #9 0x82abc7 in fz_fill_image_mask /src/mupdf/source/fitz/device.c:345:4
    #10 0xb747d1 in pdf_show_image_imp /src/mupdf/source/pdf/pdf-op-run.c:496:3
    #11 0xb74328 in pdf_show_image /src/mupdf/source/pdf/pdf-op-run.c:546:3
    #12 0xb6470a in pdf_run_BI /src/mupdf/source/pdf/pdf-op-run.c:1890:2
    #13 0xa1eba9 in pdf_process_keyword /src/mupdf/source/pdf/pdf-interpret.c:745:6
    #14 0xa144a1 in pdf_process_stream /src/mupdf/source/pdf/pdf-interpret.c:948:6
    #15 0xa134e5 in pdf_process_contents /src/mupdf/source/pdf/pdf-interpret.c:1042:3
    #16 0xacc4b5 in pdf_run_page_contents_with_usage /src/mupdf/source/pdf/pdf-run.c:126:3
    #17 0xacafe6 in pdf_run_page_contents /src/mupdf/source/pdf/pdf-run.c:157:3
    #18 0x54141a in fz_run_page_contents /src/mupdf/source/fitz/document.c:577:4
    #19 0x5420eb in fz_run_page /src/mupdf/source/fitz/document.c:627:2
    #20 0x6f6cc5 in fz_new_pixmap_from_page_with_separations /src/mupdf/source/fitz/util.c:197:3
    #21 0x6f73cf in fz_new_pixmap_from_page_number_with_separations /src/mupdf/source/fitz/util.c:227:9
    #22 0x6f705b in fz_new_pixmap_from_page_number /src/mupdf/source/fitz/util.c:216:9
    #23 0x523f62 in LLVMFuzzerTestOneInput /src/mupdf/source/fuzz/pdf_fuzzer.cc:127:13
    #24 0x459111 in fuzzer::Fuzzer::ExecuteCallback(unsigned char const*, unsigned long) /src/llvm-project/compiler-rt/lib/fuzzer/FuzzerLoop.cpp:595:15
    #25 0x4441e2 in fuzzer::RunOneTest(fuzzer::Fuzzer*, char const*, unsigned long) /src/llvm-project/compiler-rt/lib/fuzzer/FuzzerDriver.cpp:323:6
    #26 0x44a29e in fuzzer::FuzzerDriver(int*, char***, int (*)(unsigned char const*, unsigned long)) /src/llvm-project/compiler-rt/lib/fuzzer/FuzzerDriver.cpp:852:9
    #27 0x472282 in main /src/llvm-project/compiler-rt/lib/fuzzer/FuzzerMain.cpp:20:10
    #28 0x7c68e96e583f in __libc_start_main (/lib/x86_64-linux-gnu/libc.so.6+0x2083f)
    #29 0x41f4b8 in _start (/out/pdf_fuzzer+0x41f4b8)

DEDUP_TOKEN: __msan_memcpy--unpack_next
MemorySanitizer can not provide additional info.
SUMMARY: MemorySanitizer: SEGV (/lib/x86_64-linux-gnu/libc.so.6+0x14dc7a) 
==12==ABORTING
