======================= INFO =========================
This binary is built for AFL-fuzz.
To run the target function on individual input(s) execute this:
  /out/jpegsave_buffer_fuzzer < INPUT_FILE
or
  /out/jpegsave_buffer_fuzzer INPUT_FILE1 [INPUT_FILE2 ... ]
To fuzz with afl-fuzz execute this:
  afl-fuzz [afl-flags] /out/jpegsave_buffer_fuzzer [-N]
afl-fuzz will run N iterations before re-spawning the process (default: 1000)
======================================================
Reading 9474 bytes from /tmp/poc

(vips:12): VIPS-WARNING **: Invalid TIFF directory; tags are not sorted in ascending order

(vips:12): VIPS-WARNING **: Unknown field with tag 146 (0x92) encountered

(vips:12): VIPS-WARNING **: Unknown field with tag 24067 (0x5e03) encountered

(vips:12): VIPS-WARNING **: Unknown field with tag 512 (0x200) encountered

(vips:12): VIPS-WARNING **: Unknown field with tag 65268 (0xfef4) encountered

(vips:12): VIPS-WARNING **: Nonstandard tile width 1, convert file

(vips:12): VIPS-WARNING **: Unknown field with tag 47458 (0xb962) encountered

(vips:12): VIPS-WARNING **: Unknown field with tag 12845 (0x322d) encountered

(vips:12): VIPS-WARNING **: Unknown field with tag 469 (0x1d5) encountered

(vips:12): VIPS-WARNING **: Unknown field with tag 25957 (0x6565) encountered

(vips:12): VIPS-WARNING **: Unknown field with tag 64771 (0xfd03) encountered

(vips:12): VIPS-WARNING **: Unknown field with tag 0 (0x0) encountered

(vips:12): VIPS-WARNING **: Unknown field with tag 195 (0xc3) encountered

(vips:12): VIPS-WARNING **: Unknown field with tag 42785 (0xa721) encountered

(vips:12): VIPS-WARNING **: Unknown field with tag 35248 (0x89b0) encountered

(vips:12): VIPS-WARNING **: Unknown field with tag 48942 (0xbf2e) encountered

(vips:12): VIPS-WARNING **: Unknown field with tag 769 (0x301) encountered

(vips:12): VIPS-WARNING **: Unknown field with tag 1 (0x1) encountered

(vips:12): VIPS-WARNING **: Unknown field with tag 3 (0x3) encountered

(vips:12): VIPS-WARNING **: Unknown field with tag 4 (0x4) encountered

(vips:12): VIPS-WARNING **: Unknown field with tag 27753 (0x6c69) encountered

(vips:12): VIPS-WARNING **: Unknown field with tag 31097 (0x7979) encountered

(vips:12): VIPS-WARNING **: Unknown field with tag 25721 (0x6479) encountered

(vips:12): VIPS-WARNING **: Unknown field with tag 65535 (0xffff) encountered

(vips:12): VIPS-WARNING **: Unknown field with tag 65519 (0xffef) encountered

(vips:12): VIPS-WARNING **: Unknown field with tag 25700 (0x6464) encountered

(vips:12): VIPS-WARNING **: Unknown field with tag 11621 (0x2d65) encountered

(vips:12): VIPS-WARNING **: Unknown field with tag 32767 (0x7fff) encountered

(vips:12): VIPS-WARNING **: Unknown field with tag 26711 (0x6857) encountered

(vips:12): VIPS-WARNING **: Unknown field with tag 58624 (0xe500) encountered

(vips:12): VIPS-WARNING **: Unknown field with tag 32 (0x20) encountered

(vips:12): VIPS-WARNING **: Unknown field with tag 1024 (0x400) encountered

(vips:12): VIPS-WARNING **: Unknown field with tag 65397 (0xff75) encountered

(vips:12): VIPS-WARNING **: Unknown field with tag 25705 (0x6469) encountered

(vips:12): VIPS-WARNING **: Unknown field with tag 768 (0x300) encountered

(vips:12): VIPS-WARNING **: Unknown field with tag 21560 (0x5438) encountered

(vips:12): VIPS-WARNING **: Unknown field with tag 595 (0x253) encountered

(vips:12): VIPS-WARNING **: Unknown field with tag 26117 (0x6605) encountered

(vips:12): VIPS-WARNING **: Unknown field with tag 73 (0x49) encountered

(vips:12): VIPS-WARNING **: Unknown field with tag 253 (0xfd) encountered

(vips:12): VIPS-WARNING **: Unknown field with tag 18761 (0x4949) encountered

(vips:12): VIPS-WARNING **: Unknown field with tag 16448 (0x4040) encountered

(vips:12): VIPS-WARNING **: Unknown field with tag 8995 (0x2323) encountered

(vips:12): VIPS-WARNING **: Unknown field with tag 154 (0x9a) encountered

(vips:12): VIPS-WARNING **: Unknown field with tag 10825 (0x2a49) encountered

(vips:12): VIPS-WARNING **: Unknown field with tag 32813 (0x802d) encountered

(vips:12): VIPS-WARNING **: Unknown field with tag 7983 (0x1f2f) encountered

(vips:12): VIPS-WARNING **: Unknown field with tag 5188 (0x1444) encountered

(vips:12): VIPS-WARNING **: Unknown field with tag 65281 (0xff01) encountered

(vips:12): VIPS-WARNING **: Unknown field with tag 8 (0x8) encountered

(vips:12): VIPS-WARNING **: Unknown field with tag 65280 (0xff00) encountered

(vips:12): VIPS-WARNING **: Unknown field with tag 78 (0x4e) encountered

(vips:12): VIPS-WARNING **: Unknown field with tag 7771 (0x1e5b) encountered

(vips:12): VIPS-WARNING **: Unknown field with tag 2 (0x2) encountered

(vips:12): VIPS-WARNING **: Unknown field with tag 12 (0xc) encountered

(vips:12): VIPS-WARNING **: Unknown field with tag 72 (0x48) encountered

(vips:12): VIPS-WARNING **: Unknown field with tag 3399 (0xd47) encountered

(vips:12): VIPS-WARNING **: Unknown field with tag 82 (0x52) encountered

(vips:12): VIPS-WARNING **: Unknown field with tag 2049 (0x801) encountered

(vips:12): VIPS-WARNING **: Unknown field with tag 1281 (0x501) encountered

(vips:12): VIPS-WARNING **: Unknown field with tag 4865 (0x1301) encountered

(vips:12): VIPS-WARNING **: Unknown field with tag 20617 (0x5089) encountered

(vips:12): VIPS-WARNING **: Unknown field with tag 18505 (0x4849) encountered

(vips:12): VIPS-WARNING **: Unknown field with tag 772 (0x304) encountered

(vips:12): VIPS-WARNING **: Unknown field with tag 26900 (0x6914) encountered

(vips:12): VIPS-WARNING **: Unknown field with tag 24675 (0x6063) encountered

(vips:12): VIPS-WARNING **: Unknown field with tag 31177 (0x79c9) encountered

(vips:12): VIPS-WARNING **: Unknown field with tag 6423 (0x1917) encountered

(vips:12): VIPS-WARNING **: Unknown field with tag 22802 (0x5912) encountered

(vips:12): VIPS-WARNING **: Unknown field with tag 60471 (0xec37) encountered

(vips:12): VIPS-WARNING **: Unknown field with tag 32855 (0x8057) encountered

(vips:12): VIPS-WARNING **: Unknown field with tag 28488 (0x6f48) encountered

(vips:12): VIPS-WARNING **: Unknown field with tag 27776 (0x6c80) encountered

(vips:12): VIPS-WARNING **: Unknown field with tag 56431 (0xdc6f) encountered

(vips:12): VIPS-WARNING **: Unknown field with tag 60064 (0xeaa0) encountered

(vips:12): VIPS-WARNING **: Unknown field with tag 9509 (0x2525) encountered

(vips:12): VIPS-WARNING **: Unknown field with tag 41509 (0xa225) encountered

(vips:12): VIPS-WARNING **: Unknown field with tag 11796 (0x2e14) encountered

(vips:12): VIPS-WARNING **: Unknown field with tag 57790 (0xe1be) encountered

(vips:12): VIPS-WARNING **: Unknown field with tag 10285 (0x282d) encountered

(vips:12): VIPS-WARNING **: Unknown field with tag 63897 (0xf999) encountered

(vips:12): VIPS-WARNING **: Unknown field with tag 43301 (0xa925) encountered

(vips:12): VIPS-WARNING **: Unknown field with tag 10543 (0x292f) encountered

(vips:12): VIPS-WARNING **: Unknown field with tag 16739 (0x4163) encountered

(vips:12): VIPS-WARNING **: Unknown field with tag 25874 (0x6512) encountered

(vips:12): VIPS-WARNING **: Unknown field with tag 7470 (0x1d2e) encountered

(vips:12): VIPS-WARNING **: Unknown field with tag 34024 (0x84e8) encountered

(vips:12): VIPS-WARNING **: Unknown field with tag 1092 (0x444) encountered

(vips:12): VIPS-WARNING **: Unknown field with tag 3621 (0xe25) encountered

(vips:12): VIPS-WARNING **: Unknown field with tag 4096 (0x1000) encountered

(vips:12): VIPS-WARNING **: Unknown field with tag 4608 (0x1200) encountered

(vips:12): VIPS-WARNING **: Unknown field with tag 6656 (0x1a00) encountered

(vips:12): VIPS-WARNING **: Unknown field with tag 6912 (0x1b00) encountered

(vips:12): VIPS-WARNING **: Unknown field with tag 10240 (0x2800) encountered

(vips:12): VIPS-WARNING **: Unknown field with tag 13312 (0x3400) encountered

(vips:12): VIPS-WARNING **: Unknown field with tag 15104 (0x3b00) encountered

(vips:12): VIPS-WARNING **: Unknown field with tag 4864 (0x1300) encountered

(vips:12): VIPS-WARNING **: Unknown field with tag 38912 (0x9800) encountered

(vips:12): VIPS-WARNING **: Unknown field with tag 26880 (0x6900) encountered

(vips:12): VIPS-WARNING **: Unknown field with tag 9472 (0x2500) encountered

(vips:12): VIPS-WARNING **: Unknown field with tag 7424 (0x1d00) encountered

(vips:12): VIPS-WARNING **: Unknown field with tag 14906 (0x3a3a) encountered

(vips:12): VIPS-WARNING **: Unknown field with tag 11766 (0x2df6) encountered

(vips:12): VIPS-WARNING **: Unknown field with tag 1199 (0x4af) encountered

(vips:12): VIPS-WARNING **: Unknown field with tag 11967 (0x2ebf) encountered

(vips:12): VIPS-WARNING **: Unknown field with tag 46008 (0xb3b8) encountered

(vips:12): VIPS-WARNING **: Unknown field with tag 16128 (0x3f00) encountered

(vips:12): VIPS-WARNING **: Unknown field with tag 27865 (0x6cd9) encountered

(vips:12): VIPS-WARNING **: Unknown field with tag 43088 (0xa850) encountered

(vips:12): VIPS-WARNING **: Unknown field with tag 27 (0x1b) encountered

(vips:12): VIPS-WARNING **: Unknown field with tag 211 (0xd3) encountered

(vips:12): VIPS-WARNING **: Unknown field with tag 151 (0x97) encountered

(vips:12): VIPS-WARNING **: IO error during reading of "Tag 24067"; tag ignored

(vips:12): VIPS-WARNING **: Incorrect value for "Software"; tag ignored

(vips:12): VIPS-WARNING **: Invalid data type for tag StripByteCounts

(vips:12): VIPS-WARNING **: Sanity check on size of "Tag 469" value failed; tag ignored

(vips:12): VIPS-WARNING **: Sanity check on size of "Tag 48942" value failed; tag ignored

(vips:12): VIPS-WARNING **: IO error during reading of "Tag 3"; tag ignored

(vips:12): VIPS-WARNING **: Incorrect count for "TransferFunction"; tag ignored

(vips:12): VIPS-WARNING **: Incorrect count for "Group3Options"; tag ignored

(vips:12): VIPS-WARNING **: Invalid TIFF directory; tags are not sorted in ascending order

(vips:12): VIPS-WARNING **: Unknown field with tag 146 (0x92) encountered

(vips:12): VIPS-WARNING **: Unknown field with tag 24067 (0x5e03) encountered

(vips:12): VIPS-WARNING **: Unknown field with tag 512 (0x200) encountered

(vips:12): VIPS-WARNING **: Unknown field with tag 65268 (0xfef4) encountered

(vips:12): VIPS-WARNING **: Nonstandard tile width 1, convert file

(vips:12): VIPS-WARNING **: Unknown field with tag 47458 (0xb962) encountered

(vips:12): VIPS-WARNING **: Unknown field with tag 12845 (0x322d) encountered

(vips:12): VIPS-WARNING **: Unknown field with tag 469 (0x1d5) encountered

(vips:12): VIPS-WARNING **: Unknown field with tag 25957 (0x6565) encountered

(vips:12): VIPS-WARNING **: Unknown field with tag 64771 (0xfd03) encountered

(vips:12): VIPS-WARNING **: Unknown field with tag 0 (0x0) encountered

(vips:12): VIPS-WARNING **: Unknown field with tag 195 (0xc3) encountered

(vips:12): VIPS-WARNING **: Unknown field with tag 42785 (0xa721) encountered

(vips:12): VIPS-WARNING **: Unknown field with tag 35248 (0x89b0) encountered

(vips:12): VIPS-WARNING **: Unknown field with tag 48942 (0xbf2e) encountered

(vips:12): VIPS-WARNING **: Unknown field with tag 769 (0x301) encountered

(vips:12): VIPS-WARNING **: Unknown field with tag 1 (0x1) encountered

(vips:12): VIPS-WARNING **: Unknown field with tag 3 (0x3) encountered

(vips:12): VIPS-WARNING **: Unknown field with tag 4 (0x4) encountered

(vips:12): VIPS-WARNING **: Unknown field with tag 27753 (0x6c69) encountered

(vips:12): VIPS-WARNING **: Unknown field with tag 31097 (0x7979) encountered

(vips:12): VIPS-WARNING **: Unknown field with tag 25721 (0x6479) encountered

(vips:12): VIPS-WARNING **: Unknown field with tag 65535 (0xffff) encountered

(vips:12): VIPS-WARNING **: Unknown field with tag 65519 (0xffef) encountered

(vips:12): VIPS-WARNING **: Unknown field with tag 25700 (0x6464) encountered

(vips:12): VIPS-WARNING **: Unknown field with tag 11621 (0x2d65) encountered

(vips:12): VIPS-WARNING **: Unknown field with tag 32767 (0x7fff) encountered

(vips:12): VIPS-WARNING **: Unknown field with tag 26711 (0x6857) encountered

(vips:12): VIPS-WARNING **: Unknown field with tag 58624 (0xe500) encountered

(vips:12): VIPS-WARNING **: Unknown field with tag 32 (0x20) encountered

(vips:12): VIPS-WARNING **: Unknown field with tag 1024 (0x400) encountered

(vips:12): VIPS-WARNING **: Unknown field with tag 65397 (0xff75) encountered

(vips:12): VIPS-WARNING **: Unknown field with tag 25705 (0x6469) encountered

(vips:12): VIPS-WARNING **: Unknown field with tag 768 (0x300) encountered

(vips:12): VIPS-WARNING **: Unknown field with tag 21560 (0x5438) encountered

(vips:12): VIPS-WARNING **: Unknown field with tag 595 (0x253) encountered

(vips:12): VIPS-WARNING **: Unknown field with tag 26117 (0x6605) encountered

(vips:12): VIPS-WARNING **: Unknown field with tag 73 (0x49) encountered

(vips:12): VIPS-WARNING **: Unknown field with tag 253 (0xfd) encountered

(vips:12): VIPS-WARNING **: Unknown field with tag 18761 (0x4949) encountered

(vips:12): VIPS-WARNING **: Unknown field with tag 16448 (0x4040) encountered

(vips:12): VIPS-WARNING **: Unknown field with tag 8995 (0x2323) encountered

(vips:12): VIPS-WARNING **: Unknown field with tag 154 (0x9a) encountered

(vips:12): VIPS-WARNING **: Unknown field with tag 10825 (0x2a49) encountered

(vips:12): VIPS-WARNING **: Unknown field with tag 32813 (0x802d) encountered

(vips:12): VIPS-WARNING **: Unknown field with tag 7983 (0x1f2f) encountered

(vips:12): VIPS-WARNING **: Unknown field with tag 5188 (0x1444) encountered

(vips:12): VIPS-WARNING **: Unknown field with tag 65281 (0xff01) encountered

(vips:12): VIPS-WARNING **: Unknown field with tag 8 (0x8) encountered

(vips:12): VIPS-WARNING **: Unknown field with tag 65280 (0xff00) encountered

(vips:12): VIPS-WARNING **: Unknown field with tag 78 (0x4e) encountered

(vips:12): VIPS-WARNING **: Unknown field with tag 7771 (0x1e5b) encountered

(vips:12): VIPS-WARNING **: Unknown field with tag 2 (0x2) encountered

(vips:12): VIPS-WARNING **: Unknown field with tag 12 (0xc) encountered

(vips:12): VIPS-WARNING **: Unknown field with tag 72 (0x48) encountered

(vips:12): VIPS-WARNING **: Unknown field with tag 3399 (0xd47) encountered

(vips:12): VIPS-WARNING **: Unknown field with tag 82 (0x52) encountered

(vips:12): VIPS-WARNING **: Unknown field with tag 2049 (0x801) encountered

(vips:12): VIPS-WARNING **: Unknown field with tag 1281 (0x501) encountered

(vips:12): VIPS-WARNING **: Unknown field with tag 4865 (0x1301) encountered

(vips:12): VIPS-WARNING **: Unknown field with tag 20617 (0x5089) encountered

(vips:12): VIPS-WARNING **: Unknown field with tag 18505 (0x4849) encountered

(vips:12): VIPS-WARNING **: Unknown field with tag 772 (0x304) encountered

(vips:12): VIPS-WARNING **: Unknown field with tag 26900 (0x6914) encountered

(vips:12): VIPS-WARNING **: Unknown field with tag 24675 (0x6063) encountered

(vips:12): VIPS-WARNING **: Unknown field with tag 31177 (0x79c9) encountered

(vips:12): VIPS-WARNING **: Unknown field with tag 6423 (0x1917) encountered

(vips:12): VIPS-WARNING **: Unknown field with tag 22802 (0x5912) encountered

(vips:12): VIPS-WARNING **: Unknown field with tag 60471 (0xec37) encountered

(vips:12): VIPS-WARNING **: Unknown field with tag 32855 (0x8057) encountered

(vips:12): VIPS-WARNING **: Unknown field with tag 28488 (0x6f48) encountered

(vips:12): VIPS-WARNING **: Unknown field with tag 27776 (0x6c80) encountered

(vips:12): VIPS-WARNING **: Unknown field with tag 56431 (0xdc6f) encountered

(vips:12): VIPS-WARNING **: Unknown field with tag 60064 (0xeaa0) encountered

(vips:12): VIPS-WARNING **: Unknown field with tag 9509 (0x2525) encountered

(vips:12): VIPS-WARNING **: Unknown field with tag 41509 (0xa225) encountered

(vips:12): VIPS-WARNING **: Unknown field with tag 11796 (0x2e14) encountered

(vips:12): VIPS-WARNING **: Unknown field with tag 57790 (0xe1be) encountered

(vips:12): VIPS-WARNING **: Unknown field with tag 10285 (0x282d) encountered

(vips:12): VIPS-WARNING **: Unknown field with tag 63897 (0xf999) encountered

(vips:12): VIPS-WARNING **: Unknown field with tag 43301 (0xa925) encountered

(vips:12): VIPS-WARNING **: Unknown field with tag 10543 (0x292f) encountered

(vips:12): VIPS-WARNING **: Unknown field with tag 16739 (0x4163) encountered

(vips:12): VIPS-WARNING **: Unknown field with tag 25874 (0x6512) encountered

(vips:12): VIPS-WARNING **: Unknown field with tag 7470 (0x1d2e) encountered

(vips:12): VIPS-WARNING **: Unknown field with tag 34024 (0x84e8) encountered

(vips:12): VIPS-WARNING **: Unknown field with tag 1092 (0x444) encountered

(vips:12): VIPS-WARNING **: Unknown field with tag 3621 (0xe25) encountered

(vips:12): VIPS-WARNING **: Unknown field with tag 4096 (0x1000) encountered

(vips:12): VIPS-WARNING **: Unknown field with tag 4608 (0x1200) encountered

(vips:12): VIPS-WARNING **: Unknown field with tag 6656 (0x1a00) encountered

(vips:12): VIPS-WARNING **: Unknown field with tag 6912 (0x1b00) encountered

(vips:12): VIPS-WARNING **: Unknown field with tag 10240 (0x2800) encountered

(vips:12): VIPS-WARNING **: Unknown field with tag 13312 (0x3400) encountered

(vips:12): VIPS-WARNING **: Unknown field with tag 15104 (0x3b00) encountered

(vips:12): VIPS-WARNING **: Unknown field with tag 4864 (0x1300) encountered

(vips:12): VIPS-WARNING **: Unknown field with tag 38912 (0x9800) encountered

(vips:12): VIPS-WARNING **: Unknown field with tag 26880 (0x6900) encountered

(vips:12): VIPS-WARNING **: Unknown field with tag 9472 (0x2500) encountered

(vips:12): VIPS-WARNING **: Unknown field with tag 7424 (0x1d00) encountered

(vips:12): VIPS-WARNING **: Unknown field with tag 14906 (0x3a3a) encountered

(vips:12): VIPS-WARNING **: Unknown field with tag 11766 (0x2df6) encountered

(vips:12): VIPS-WARNING **: Unknown field with tag 1199 (0x4af) encountered

(vips:12): VIPS-WARNING **: Unknown field with tag 11967 (0x2ebf) encountered

(vips:12): VIPS-WARNING **: Unknown field with tag 46008 (0xb3b8) encountered

(vips:12): VIPS-WARNING **: Unknown field with tag 16128 (0x3f00) encountered

(vips:12): VIPS-WARNING **: Unknown field with tag 27865 (0x6cd9) encountered

(vips:12): VIPS-WARNING **: Unknown field with tag 43088 (0xa850) encountered

(vips:12): VIPS-WARNING **: Unknown field with tag 27 (0x1b) encountered

(vips:12): VIPS-WARNING **: Unknown field with tag 211 (0xd3) encountered

(vips:12): VIPS-WARNING **: Unknown field with tag 151 (0x97) encountered

(vips:12): VIPS-WARNING **: IO error during reading of "Tag 24067"; tag ignored

(vips:12): VIPS-WARNING **: Incorrect value for "Software"; tag ignored

(vips:12): VIPS-WARNING **: Invalid data type for tag StripByteCounts

(vips:12): VIPS-WARNING **: Sanity check on size of "Tag 469" value failed; tag ignored

(vips:12): VIPS-WARNING **: Sanity check on size of "Tag 48942" value failed; tag ignored

(vips:12): VIPS-WARNING **: IO error during reading of "Tag 3"; tag ignored

(vips:12): VIPS-WARNING **: Incorrect count for "TransferFunction"; tag ignored

(vips:12): VIPS-WARNING **: Incorrect count for "Group3Options"; tag ignored

(vips:12): VIPS-WARNING **: Invalid TIFF directory; tags are not sorted in ascending order

(vips:12): VIPS-WARNING **: Unknown field with tag 146 (0x92) encountered

(vips:12): VIPS-WARNING **: Unknown field with tag 24067 (0x5e03) encountered

(vips:12): VIPS-WARNING **: Unknown field with tag 512 (0x200) encountered

(vips:12): VIPS-WARNING **: Unknown field with tag 65268 (0xfef4) encountered

(vips:12): VIPS-WARNING **: Nonstandard tile width 1, convert file

(vips:12): VIPS-WARNING **: Unknown field with tag 47458 (0xb962) encountered

(vips:12): VIPS-WARNING **: Unknown field with tag 12845 (0x322d) encountered

(vips:12): VIPS-WARNING **: Unknown field with tag 469 (0x1d5) encountered

(vips:12): VIPS-WARNING **: Unknown field with tag 25957 (0x6565) encountered

(vips:12): VIPS-WARNING **: Unknown field with tag 64771 (0xfd03) encountered

(vips:12): VIPS-WARNING **: Unknown field with tag 0 (0x0) encountered

(vips:12): VIPS-WARNING **: Unknown field with tag 195 (0xc3) encountered

(vips:12): VIPS-WARNING **: Unknown field with tag 42785 (0xa721) encountered

(vips:12): VIPS-WARNING **: Unknown field with tag 35248 (0x89b0) encountered

(vips:12): VIPS-WARNING **: Unknown field with tag 48942 (0xbf2e) encountered

(vips:12): VIPS-WARNING **: Unknown field with tag 769 (0x301) encountered

(vips:12): VIPS-WARNING **: Unknown field with tag 1 (0x1) encountered

(vips:12): VIPS-WARNING **: Unknown field with tag 3 (0x3) encountered

(vips:12): VIPS-WARNING **: Unknown field with tag 4 (0x4) encountered

(vips:12): VIPS-WARNING **: Unknown field with tag 27753 (0x6c69) encountered

(vips:12): VIPS-WARNING **: Unknown field with tag 31097 (0x7979) encountered

(vips:12): VIPS-WARNING **: Unknown field with tag 25721 (0x6479) encountered

(vips:12): VIPS-WARNING **: Unknown field with tag 65535 (0xffff) encountered

(vips:12): VIPS-WARNING **: Unknown field with tag 65519 (0xffef) encountered

(vips:12): VIPS-WARNING **: Unknown field with tag 25700 (0x6464) encountered

(vips:12): VIPS-WARNING **: Unknown field with tag 11621 (0x2d65) encountered

(vips:12): VIPS-WARNING **: Unknown field with tag 32767 (0x7fff) encountered

(vips:12): VIPS-WARNING **: Unknown field with tag 26711 (0x6857) encountered

(vips:12): VIPS-WARNING **: Unknown field with tag 58624 (0xe500) encountered

(vips:12): VIPS-WARNING **: Unknown field with tag 32 (0x20) encountered

(vips:12): VIPS-WARNING **: Unknown field with tag 1024 (0x400) encountered

(vips:12): VIPS-WARNING **: Unknown field with tag 65397 (0xff75) encountered

(vips:12): VIPS-WARNING **: Unknown field with tag 25705 (0x6469) encountered

(vips:12): VIPS-WARNING **: Unknown field with tag 768 (0x300) encountered

(vips:12): VIPS-WARNING **: Unknown field with tag 21560 (0x5438) encountered

(vips:12): VIPS-WARNING **: Unknown field with tag 595 (0x253) encountered

(vips:12): VIPS-WARNING **: Unknown field with tag 26117 (0x6605) encountered

(vips:12): VIPS-WARNING **: Unknown field with tag 73 (0x49) encountered

(vips:12): VIPS-WARNING **: Unknown field with tag 253 (0xfd) encountered

(vips:12): VIPS-WARNING **: Unknown field with tag 18761 (0x4949) encountered

(vips:12): VIPS-WARNING **: Unknown field with tag 16448 (0x4040) encountered

(vips:12): VIPS-WARNING **: Unknown field with tag 8995 (0x2323) encountered

(vips:12): VIPS-WARNING **: Unknown field with tag 154 (0x9a) encountered

(vips:12): VIPS-WARNING **: Unknown field with tag 10825 (0x2a49) encountered

(vips:12): VIPS-WARNING **: Unknown field with tag 32813 (0x802d) encountered

(vips:12): VIPS-WARNING **: Unknown field with tag 7983 (0x1f2f) encountered

(vips:12): VIPS-WARNING **: Unknown field with tag 5188 (0x1444) encountered

(vips:12): VIPS-WARNING **: Unknown field with tag 65281 (0xff01) encountered

(vips:12): VIPS-WARNING **: Unknown field with tag 8 (0x8) encountered

(vips:12): VIPS-WARNING **: Unknown field with tag 65280 (0xff00) encountered

(vips:12): VIPS-WARNING **: Unknown field with tag 78 (0x4e) encountered

(vips:12): VIPS-WARNING **: Unknown field with tag 7771 (0x1e5b) encountered

(vips:12): VIPS-WARNING **: Unknown field with tag 2 (0x2) encountered

(vips:12): VIPS-WARNING **: Unknown field with tag 12 (0xc) encountered

(vips:12): VIPS-WARNING **: Unknown field with tag 72 (0x48) encountered

(vips:12): VIPS-WARNING **: Unknown field with tag 3399 (0xd47) encountered

(vips:12): VIPS-WARNING **: Unknown field with tag 82 (0x52) encountered

(vips:12): VIPS-WARNING **: Unknown field with tag 2049 (0x801) encountered

(vips:12): VIPS-WARNING **: Unknown field with tag 1281 (0x501) encountered

(vips:12): VIPS-WARNING **: Unknown field with tag 4865 (0x1301) encountered

(vips:12): VIPS-WARNING **: Unknown field with tag 20617 (0x5089) encountered

(vips:12): VIPS-WARNING **: Unknown field with tag 18505 (0x4849) encountered

(vips:12): VIPS-WARNING **: Unknown field with tag 772 (0x304) encountered

(vips:12): VIPS-WARNING **: Unknown field with tag 26900 (0x6914) encountered

(vips:12): VIPS-WARNING **: Unknown field with tag 24675 (0x6063) encountered

(vips:12): VIPS-WARNING **: Unknown field with tag 31177 (0x79c9) encountered

(vips:12): VIPS-WARNING **: Unknown field with tag 6423 (0x1917) encountered

(vips:12): VIPS-WARNING **: Unknown field with tag 22802 (0x5912) encountered

(vips:12): VIPS-WARNING **: Unknown field with tag 60471 (0xec37) encountered

(vips:12): VIPS-WARNING **: Unknown field with tag 32855 (0x8057) encountered

(vips:12): VIPS-WARNING **: Unknown field with tag 28488 (0x6f48) encountered

(vips:12): VIPS-WARNING **: Unknown field with tag 27776 (0x6c80) encountered

(vips:12): VIPS-WARNING **: Unknown field with tag 56431 (0xdc6f) encountered

(vips:12): VIPS-WARNING **: Unknown field with tag 60064 (0xeaa0) encountered

(vips:12): VIPS-WARNING **: Unknown field with tag 9509 (0x2525) encountered

(vips:12): VIPS-WARNING **: Unknown field with tag 41509 (0xa225) encountered

(vips:12): VIPS-WARNING **: Unknown field with tag 11796 (0x2e14) encountered

(vips:12): VIPS-WARNING **: Unknown field with tag 57790 (0xe1be) encountered

(vips:12): VIPS-WARNING **: Unknown field with tag 10285 (0x282d) encountered

(vips:12): VIPS-WARNING **: Unknown field with tag 63897 (0xf999) encountered

(vips:12): VIPS-WARNING **: Unknown field with tag 43301 (0xa925) encountered

(vips:12): VIPS-WARNING **: Unknown field with tag 10543 (0x292f) encountered

(vips:12): VIPS-WARNING **: Unknown field with tag 16739 (0x4163) encountered

(vips:12): VIPS-WARNING **: Unknown field with tag 25874 (0x6512) encountered

(vips:12): VIPS-WARNING **: Unknown field with tag 7470 (0x1d2e) encountered

(vips:12): VIPS-WARNING **: Unknown field with tag 34024 (0x84e8) encountered

(vips:12): VIPS-WARNING **: Unknown field with tag 1092 (0x444) encountered

(vips:12): VIPS-WARNING **: Unknown field with tag 3621 (0xe25) encountered

(vips:12): VIPS-WARNING **: Unknown field with tag 4096 (0x1000) encountered

(vips:12): VIPS-WARNING **: Unknown field with tag 4608 (0x1200) encountered

(vips:12): VIPS-WARNING **: Unknown field with tag 6656 (0x1a00) encountered

(vips:12): VIPS-WARNING **: Unknown field with tag 6912 (0x1b00) encountered

(vips:12): VIPS-WARNING **: Unknown field with tag 10240 (0x2800) encountered

(vips:12): VIPS-WARNING **: Unknown field with tag 13312 (0x3400) encountered

(vips:12): VIPS-WARNING **: Unknown field with tag 15104 (0x3b00) encountered

(vips:12): VIPS-WARNING **: Unknown field with tag 4864 (0x1300) encountered

(vips:12): VIPS-WARNING **: Unknown field with tag 38912 (0x9800) encountered

(vips:12): VIPS-WARNING **: Unknown field with tag 26880 (0x6900) encountered

(vips:12): VIPS-WARNING **: Unknown field with tag 9472 (0x2500) encountered

(vips:12): VIPS-WARNING **: Unknown field with tag 7424 (0x1d00) encountered

(vips:12): VIPS-WARNING **: Unknown field with tag 14906 (0x3a3a) encountered

(vips:12): VIPS-WARNING **: Unknown field with tag 11766 (0x2df6) encountered

(vips:12): VIPS-WARNING **: Unknown field with tag 1199 (0x4af) encountered

(vips:12): VIPS-WARNING **: Unknown field with tag 11967 (0x2ebf) encountered

(vips:12): VIPS-WARNING **: Unknown field with tag 46008 (0xb3b8) encountered

(vips:12): VIPS-WARNING **: Unknown field with tag 16128 (0x3f00) encountered

(vips:12): VIPS-WARNING **: Unknown field with tag 27865 (0x6cd9) encountered

(vips:12): VIPS-WARNING **: Unknown field with tag 43088 (0xa850) encountered

(vips:12): VIPS-WARNING **: Unknown field with tag 27 (0x1b) encountered

(vips:12): VIPS-WARNING **: Unknown field with tag 211 (0xd3) encountered

(vips:12): VIPS-WARNING **: Unknown field with tag 151 (0x97) encountered

(vips:12): VIPS-WARNING **: IO error during reading of "Tag 24067"; tag ignored

(vips:12): VIPS-WARNING **: Incorrect value for "Software"; tag ignored

(vips:12): VIPS-WARNING **: Invalid data type for tag StripByteCounts

(vips:12): VIPS-WARNING **: Sanity check on size of "Tag 469" value failed; tag ignored

(vips:12): VIPS-WARNING **: Sanity check on size of "Tag 48942" value failed; tag ignored

(vips:12): VIPS-WARNING **: IO error during reading of "Tag 3"; tag ignored

(vips:12): VIPS-WARNING **: Incorrect count for "TransferFunction"; tag ignored

(vips:12): VIPS-WARNING **: Incorrect count for "Group3Options"; tag ignored

(vips:12): VIPS-WARNING **: Invalid TIFF directory; tags are not sorted in ascending order

(vips:12): VIPS-WARNING **: Unknown field with tag 146 (0x92) encountered

(vips:12): VIPS-WARNING **: Unknown field with tag 24067 (0x5e03) encountered

(vips:12): VIPS-WARNING **: Unknown field with tag 512 (0x200) encountered

(vips:12): VIPS-WARNING **: Unknown field with tag 65268 (0xfef4) encountered

(vips:12): VIPS-WARNING **: Nonstandard tile width 1, convert file

(vips:12): VIPS-WARNING **: Unknown field with tag 47458 (0xb962) encountered

(vips:12): VIPS-WARNING **: Unknown field with tag 12845 (0x322d) encountered

(vips:12): VIPS-WARNING **: Unknown field with tag 469 (0x1d5) encountered

(vips:12): VIPS-WARNING **: Unknown field with tag 25957 (0x6565) encountered

(vips:12): VIPS-WARNING **: Unknown field with tag 64771 (0xfd03) encountered

(vips:12): VIPS-WARNING **: Unknown field with tag 0 (0x0) encountered

(vips:12): VIPS-WARNING **: Unknown field with tag 195 (0xc3) encountered

(vips:12): VIPS-WARNING **: Unknown field with tag 42785 (0xa721) encountered

(vips:12): VIPS-WARNING **: Unknown field with tag 35248 (0x89b0) encountered

(vips:12): VIPS-WARNING **: Unknown field with tag 48942 (0xbf2e) encountered

(vips:12): VIPS-WARNING **: Unknown field with tag 769 (0x301) encountered

(vips:12): VIPS-WARNING **: Unknown field with tag 1 (0x1) encountered

(vips:12): VIPS-WARNING **: Unknown field with tag 3 (0x3) encountered

(vips:12): VIPS-WARNING **: Unknown field with tag 4 (0x4) encountered

(vips:12): VIPS-WARNING **: Unknown field with tag 27753 (0x6c69) encountered

(vips:12): VIPS-WARNING **: Unknown field with tag 31097 (0x7979) encountered

(vips:12): VIPS-WARNING **: Unknown field with tag 25721 (0x6479) encountered

(vips:12): VIPS-WARNING **: Unknown field with tag 65535 (0xffff) encountered

(vips:12): VIPS-WARNING **: Unknown field with tag 65519 (0xffef) encountered

(vips:12): VIPS-WARNING **: Unknown field with tag 25700 (0x6464) encountered

(vips:12): VIPS-WARNING **: Unknown field with tag 11621 (0x2d65) encountered

(vips:12): VIPS-WARNING **: Unknown field with tag 32767 (0x7fff) encountered

(vips:12): VIPS-WARNING **: Unknown field with tag 26711 (0x6857) encountered

(vips:12): VIPS-WARNING **: Unknown field with tag 58624 (0xe500) encountered

(vips:12): VIPS-WARNING **: Unknown field with tag 32 (0x20) encountered

(vips:12): VIPS-WARNING **: Unknown field with tag 1024 (0x400) encountered

(vips:12): VIPS-WARNING **: Unknown field with tag 65397 (0xff75) encountered

(vips:12): VIPS-WARNING **: Unknown field with tag 25705 (0x6469) encountered

(vips:12): VIPS-WARNING **: Unknown field with tag 768 (0x300) encountered

(vips:12): VIPS-WARNING **: Unknown field with tag 21560 (0x5438) encountered

(vips:12): VIPS-WARNING **: Unknown field with tag 595 (0x253) encountered

(vips:12): VIPS-WARNING **: Unknown field with tag 26117 (0x6605) encountered

(vips:12): VIPS-WARNING **: Unknown field with tag 73 (0x49) encountered

(vips:12): VIPS-WARNING **: Unknown field with tag 253 (0xfd) encountered

(vips:12): VIPS-WARNING **: Unknown field with tag 18761 (0x4949) encountered

(vips:12): VIPS-WARNING **: Unknown field with tag 16448 (0x4040) encountered

(vips:12): VIPS-WARNING **: Unknown field with tag 8995 (0x2323) encountered

(vips:12): VIPS-WARNING **: Unknown field with tag 154 (0x9a) encountered

(vips:12): VIPS-WARNING **: Unknown field with tag 10825 (0x2a49) encountered

(vips:12): VIPS-WARNING **: Unknown field with tag 32813 (0x802d) encountered

(vips:12): VIPS-WARNING **: Unknown field with tag 7983 (0x1f2f) encountered

(vips:12): VIPS-WARNING **: Unknown field with tag 5188 (0x1444) encountered

(vips:12): VIPS-WARNING **: Unknown field with tag 65281 (0xff01) encountered

(vips:12): VIPS-WARNING **: Unknown field with tag 8 (0x8) encountered

(vips:12): VIPS-WARNING **: Unknown field with tag 65280 (0xff00) encountered

(vips:12): VIPS-WARNING **: Unknown field with tag 78 (0x4e) encountered

(vips:12): VIPS-WARNING **: Unknown field with tag 7771 (0x1e5b) encountered

(vips:12): VIPS-WARNING **: Unknown field with tag 2 (0x2) encountered

(vips:12): VIPS-WARNING **: Unknown field with tag 12 (0xc) encountered

(vips:12): VIPS-WARNING **: Unknown field with tag 72 (0x48) encountered

(vips:12): VIPS-WARNING **: Unknown field with tag 3399 (0xd47) encountered

(vips:12): VIPS-WARNING **: Unknown field with tag 82 (0x52) encountered

(vips:12): VIPS-WARNING **: Unknown field with tag 2049 (0x801) encountered

(vips:12): VIPS-WARNING **: Unknown field with tag 1281 (0x501) encountered

(vips:12): VIPS-WARNING **: Unknown field with tag 4865 (0x1301) encountered

(vips:12): VIPS-WARNING **: Unknown field with tag 20617 (0x5089) encountered

(vips:12): VIPS-WARNING **: Unknown field with tag 18505 (0x4849) encountered

(vips:12): VIPS-WARNING **: Unknown field with tag 772 (0x304) encountered

(vips:12): VIPS-WARNING **: Unknown field with tag 26900 (0x6914) encountered

(vips:12): VIPS-WARNING **: Unknown field with tag 24675 (0x6063) encountered

(vips:12): VIPS-WARNING **: Unknown field with tag 31177 (0x79c9) encountered

(vips:12): VIPS-WARNING **: Unknown field with tag 6423 (0x1917) encountered

(vips:12): VIPS-WARNING **: Unknown field with tag 22802 (0x5912) encountered

(vips:12): VIPS-WARNING **: Unknown field with tag 60471 (0xec37) encountered

(vips:12): VIPS-WARNING **: Unknown field with tag 32855 (0x8057) encountered

(vips:12): VIPS-WARNING **: Unknown field with tag 28488 (0x6f48) encountered

(vips:12): VIPS-WARNING **: Unknown field with tag 27776 (0x6c80) encountered

(vips:12): VIPS-WARNING **: Unknown field with tag 56431 (0xdc6f) encountered

(vips:12): VIPS-WARNING **: Unknown field with tag 60064 (0xeaa0) encountered

(vips:12): VIPS-WARNING **: Unknown field with tag 9509 (0x2525) encountered

(vips:12): VIPS-WARNING **: Unknown field with tag 41509 (0xa225) encountered

(vips:12): VIPS-WARNING **: Unknown field with tag 11796 (0x2e14) encountered

(vips:12): VIPS-WARNING **: Unknown field with tag 57790 (0xe1be) encountered

(vips:12): VIPS-WARNING **: Unknown field with tag 10285 (0x282d) encountered

(vips:12): VIPS-WARNING **: Unknown field with tag 63897 (0xf999) encountered

(vips:12): VIPS-WARNING **: Unknown field with tag 43301 (0xa925) encountered

(vips:12): VIPS-WARNING **: Unknown field with tag 10543 (0x292f) encountered

(vips:12): VIPS-WARNING **: Unknown field with tag 16739 (0x4163) encountered

(vips:12): VIPS-WARNING **: Unknown field with tag 25874 (0x6512) encountered

(vips:12): VIPS-WARNING **: Unknown field with tag 7470 (0x1d2e) encountered

(vips:12): VIPS-WARNING **: Unknown field with tag 34024 (0x84e8) encountered

(vips:12): VIPS-WARNING **: Unknown field with tag 1092 (0x444) encountered

(vips:12): VIPS-WARNING **: Unknown field with tag 3621 (0xe25) encountered

(vips:12): VIPS-WARNING **: Unknown field with tag 4096 (0x1000) encountered

(vips:12): VIPS-WARNING **: Unknown field with tag 4608 (0x1200) encountered

(vips:12): VIPS-WARNING **: Unknown field with tag 6656 (0x1a00) encountered

(vips:12): VIPS-WARNING **: Unknown field with tag 6912 (0x1b00) encountered

(vips:12): VIPS-WARNING **: Unknown field with tag 10240 (0x2800) encountered

(vips:12): VIPS-WARNING **: Unknown field with tag 13312 (0x3400) encountered

(vips:12): VIPS-WARNING **: Unknown field with tag 15104 (0x3b00) encountered

(vips:12): VIPS-WARNING **: Unknown field with tag 4864 (0x1300) encountered

(vips:12): VIPS-WARNING **: Unknown field with tag 38912 (0x9800) encountered

(vips:12): VIPS-WARNING **: Unknown field with tag 26880 (0x6900) encountered

(vips:12): VIPS-WARNING **: Unknown field with tag 9472 (0x2500) encountered

(vips:12): VIPS-WARNING **: Unknown field with tag 7424 (0x1d00) encountered

(vips:12): VIPS-WARNING **: Unknown field with tag 14906 (0x3a3a) encountered

(vips:12): VIPS-WARNING **: Unknown field with tag 11766 (0x2df6) encountered

(vips:12): VIPS-WARNING **: Unknown field with tag 1199 (0x4af) encountered

(vips:12): VIPS-WARNING **: Unknown field with tag 11967 (0x2ebf) encountered

(vips:12): VIPS-WARNING **: Unknown field with tag 46008 (0xb3b8) encountered

(vips:12): VIPS-WARNING **: Unknown field with tag 16128 (0x3f00) encountered

(vips:12): VIPS-WARNING **: Unknown field with tag 27865 (0x6cd9) encountered

(vips:12): VIPS-WARNING **: Unknown field with tag 43088 (0xa850) encountered

(vips:12): VIPS-WARNING **: Unknown field with tag 27 (0x1b) encountered

(vips:12): VIPS-WARNING **: Unknown field with tag 211 (0xd3) encountered

(vips:12): VIPS-WARNING **: Unknown field with tag 151 (0x97) encountered

(vips:12): VIPS-WARNING **: IO error during reading of "Tag 24067"; tag ignored

(vips:12): VIPS-WARNING **: Incorrect value for "Software"; tag ignored

(vips:12): VIPS-WARNING **: Invalid data type for tag StripByteCounts

(vips:12): VIPS-WARNING **: Sanity check on size of "Tag 469" value failed; tag ignored

(vips:12): VIPS-WARNING **: Sanity check on size of "Tag 48942" value failed; tag ignored

(vips:12): VIPS-WARNING **: IO error during reading of "Tag 3"; tag ignored

(vips:12): VIPS-WARNING **: Incorrect count for "TransferFunction"; tag ignored

(vips:12): VIPS-WARNING **: Incorrect count for "Group3Options"; tag ignored

(vips:12): VIPS-WARNING **: Invalid TIFF directory; tags are not sorted in ascending order

(vips:12): VIPS-WARNING **: Unknown field with tag 146 (0x92) encountered

(vips:12): VIPS-WARNING **: Unknown field with tag 24067 (0x5e03) encountered

(vips:12): VIPS-WARNING **: Unknown field with tag 512 (0x200) encountered

(vips:12): VIPS-WARNING **: Unknown field with tag 65268 (0xfef4) encountered

(vips:12): VIPS-WARNING **: Nonstandard tile width 1, convert file

(vips:12): VIPS-WARNING **: Unknown field with tag 47458 (0xb962) encountered

(vips:12): VIPS-WARNING **: Unknown field with tag 12845 (0x322d) encountered

(vips:12): VIPS-WARNING **: Unknown field with tag 469 (0x1d5) encountered

(vips:12): VIPS-WARNING **: Unknown field with tag 25957 (0x6565) encountered

(vips:12): VIPS-WARNING **: Unknown field with tag 64771 (0xfd03) encountered

(vips:12): VIPS-WARNING **: Unknown field with tag 0 (0x0) encountered

(vips:12): VIPS-WARNING **: Unknown field with tag 195 (0xc3) encountered

(vips:12): VIPS-WARNING **: Unknown field with tag 42785 (0xa721) encountered

(vips:12): VIPS-WARNING **: Unknown field with tag 35248 (0x89b0) encountered

(vips:12): VIPS-WARNING **: Unknown field with tag 48942 (0xbf2e) encountered

(vips:12): VIPS-WARNING **: Unknown field with tag 769 (0x301) encountered

(vips:12): VIPS-WARNING **: Unknown field with tag 1 (0x1) encountered

(vips:12): VIPS-WARNING **: Unknown field with tag 3 (0x3) encountered

(vips:12): VIPS-WARNING **: Unknown field with tag 4 (0x4) encountered

(vips:12): VIPS-WARNING **: Unknown field with tag 27753 (0x6c69) encountered

(vips:12): VIPS-WARNING **: Unknown field with tag 31097 (0x7979) encountered

(vips:12): VIPS-WARNING **: Unknown field with tag 25721 (0x6479) encountered

(vips:12): VIPS-WARNING **: Unknown field with tag 65535 (0xffff) encountered

(vips:12): VIPS-WARNING **: Unknown field with tag 65519 (0xffef) encountered

(vips:12): VIPS-WARNING **: Unknown field with tag 25700 (0x6464) encountered

(vips:12): VIPS-WARNING **: Unknown field with tag 11621 (0x2d65) encountered

(vips:12): VIPS-WARNING **: Unknown field with tag 32767 (0x7fff) encountered

(vips:12): VIPS-WARNING **: Unknown field with tag 26711 (0x6857) encountered

(vips:12): VIPS-WARNING **: Unknown field with tag 58624 (0xe500) encountered

(vips:12): VIPS-WARNING **: Unknown field with tag 32 (0x20) encountered

(vips:12): VIPS-WARNING **: Unknown field with tag 1024 (0x400) encountered

(vips:12): VIPS-WARNING **: Unknown field with tag 65397 (0xff75) encountered

(vips:12): VIPS-WARNING **: Unknown field with tag 25705 (0x6469) encountered

(vips:12): VIPS-WARNING **: Unknown field with tag 768 (0x300) encountered

(vips:12): VIPS-WARNING **: Unknown field with tag 21560 (0x5438) encountered

(vips:12): VIPS-WARNING **: Unknown field with tag 595 (0x253) encountered

(vips:12): VIPS-WARNING **: Unknown field with tag 26117 (0x6605) encountered

(vips:12): VIPS-WARNING **: Unknown field with tag 73 (0x49) encountered

(vips:12): VIPS-WARNING **: Unknown field with tag 253 (0xfd) encountered

(vips:12): VIPS-WARNING **: Unknown field with tag 18761 (0x4949) encountered

(vips:12): VIPS-WARNING **: Unknown field with tag 16448 (0x4040) encountered

(vips:12): VIPS-WARNING **: Unknown field with tag 8995 (0x2323) encountered

(vips:12): VIPS-WARNING **: Unknown field with tag 154 (0x9a) encountered

(vips:12): VIPS-WARNING **: Unknown field with tag 10825 (0x2a49) encountered

(vips:12): VIPS-WARNING **: Unknown field with tag 32813 (0x802d) encountered

(vips:12): VIPS-WARNING **: Unknown field with tag 7983 (0x1f2f) encountered

(vips:12): VIPS-WARNING **: Unknown field with tag 5188 (0x1444) encountered

(vips:12): VIPS-WARNING **: Unknown field with tag 65281 (0xff01) encountered

(vips:12): VIPS-WARNING **: Unknown field with tag 8 (0x8) encountered

(vips:12): VIPS-WARNING **: Unknown field with tag 65280 (0xff00) encountered

(vips:12): VIPS-WARNING **: Unknown field with tag 78 (0x4e) encountered

(vips:12): VIPS-WARNING **: Unknown field with tag 7771 (0x1e5b) encountered

(vips:12): VIPS-WARNING **: Unknown field with tag 2 (0x2) encountered

(vips:12): VIPS-WARNING **: Unknown field with tag 12 (0xc) encountered

(vips:12): VIPS-WARNING **: Unknown field with tag 72 (0x48) encountered

(vips:12): VIPS-WARNING **: Unknown field with tag 3399 (0xd47) encountered

(vips:12): VIPS-WARNING **: Unknown field with tag 82 (0x52) encountered

(vips:12): VIPS-WARNING **: Unknown field with tag 2049 (0x801) encountered

(vips:12): VIPS-WARNING **: Unknown field with tag 1281 (0x501) encountered

(vips:12): VIPS-WARNING **: Unknown field with tag 4865 (0x1301) encountered

(vips:12): VIPS-WARNING **: Unknown field with tag 20617 (0x5089) encountered

(vips:12): VIPS-WARNING **: Unknown field with tag 18505 (0x4849) encountered

(vips:12): VIPS-WARNING **: Unknown field with tag 772 (0x304) encountered

(vips:12): VIPS-WARNING **: Unknown field with tag 26900 (0x6914) encountered

(vips:12): VIPS-WARNING **: Unknown field with tag 24675 (0x6063) encountered

(vips:12): VIPS-WARNING **: Unknown field with tag 31177 (0x79c9) encountered

(vips:12): VIPS-WARNING **: Unknown field with tag 6423 (0x1917) encountered

(vips:12): VIPS-WARNING **: Unknown field with tag 22802 (0x5912) encountered

(vips:12): VIPS-WARNING **: Unknown field with tag 60471 (0xec37) encountered

(vips:12): VIPS-WARNING **: Unknown field with tag 32855 (0x8057) encountered

(vips:12): VIPS-WARNING **: Unknown field with tag 28488 (0x6f48) encountered

(vips:12): VIPS-WARNING **: Unknown field with tag 27776 (0x6c80) encountered

(vips:12): VIPS-WARNING **: Unknown field with tag 56431 (0xdc6f) encountered

(vips:12): VIPS-WARNING **: Unknown field with tag 60064 (0xeaa0) encountered

(vips:12): VIPS-WARNING **: Unknown field with tag 9509 (0x2525) encountered

(vips:12): VIPS-WARNING **: Unknown field with tag 41509 (0xa225) encountered

(vips:12): VIPS-WARNING **: Unknown field with tag 11796 (0x2e14) encountered

(vips:12): VIPS-WARNING **: Unknown field with tag 57790 (0xe1be) encountered

(vips:12): VIPS-WARNING **: Unknown field with tag 10285 (0x282d) encountered

(vips:12): VIPS-WARNING **: Unknown field with tag 63897 (0xf999) encountered

(vips:12): VIPS-WARNING **: Unknown field with tag 43301 (0xa925) encountered

(vips:12): VIPS-WARNING **: Unknown field with tag 10543 (0x292f) encountered

(vips:12): VIPS-WARNING **: Unknown field with tag 16739 (0x4163) encountered

(vips:12): VIPS-WARNING **: Unknown field with tag 25874 (0x6512) encountered

(vips:12): VIPS-WARNING **: Unknown field with tag 7470 (0x1d2e) encountered

(vips:12): VIPS-WARNING **: Unknown field with tag 34024 (0x84e8) encountered

(vips:12): VIPS-WARNING **: Unknown field with tag 1092 (0x444) encountered

(vips:12): VIPS-WARNING **: Unknown field with tag 3621 (0xe25) encountered

(vips:12): VIPS-WARNING **: Unknown field with tag 4096 (0x1000) encountered

(vips:12): VIPS-WARNING **: Unknown field with tag 4608 (0x1200) encountered

(vips:12): VIPS-WARNING **: Unknown field with tag 6656 (0x1a00) encountered

(vips:12): VIPS-WARNING **: Unknown field with tag 6912 (0x1b00) encountered

(vips:12): VIPS-WARNING **: Unknown field with tag 10240 (0x2800) encountered

(vips:12): VIPS-WARNING **: Unknown field with tag 13312 (0x3400) encountered

(vips:12): VIPS-WARNING **: Unknown field with tag 15104 (0x3b00) encountered

(vips:12): VIPS-WARNING **: Unknown field with tag 4864 (0x1300) encountered

(vips:12): VIPS-WARNING **: Unknown field with tag 38912 (0x9800) encountered

(vips:12): VIPS-WARNING **: Unknown field with tag 26880 (0x6900) encountered

(vips:12): VIPS-WARNING **: Unknown field with tag 9472 (0x2500) encountered

(vips:12): VIPS-WARNING **: Unknown field with tag 7424 (0x1d00) encountered

(vips:12): VIPS-WARNING **: Unknown field with tag 14906 (0x3a3a) encountered

(vips:12): VIPS-WARNING **: Unknown field with tag 11766 (0x2df6) encountered

(vips:12): VIPS-WARNING **: Unknown field with tag 1199 (0x4af) encountered

(vips:12): VIPS-WARNING **: Unknown field with tag 11967 (0x2ebf) encountered

(vips:12): VIPS-WARNING **: Unknown field with tag 46008 (0xb3b8) encountered

(vips:12): VIPS-WARNING **: Unknown field with tag 16128 (0x3f00) encountered

(vips:12): VIPS-WARNING **: Unknown field with tag 27865 (0x6cd9) encountered

(vips:12): VIPS-WARNING **: Unknown field with tag 43088 (0xa850) encountered

(vips:12): VIPS-WARNING **: Unknown field with tag 27 (0x1b) encountered

(vips:12): VIPS-WARNING **: Unknown field with tag 211 (0xd3) encountered

(vips:12): VIPS-WARNING **: Unknown field with tag 151 (0x97) encountered

(vips:12): VIPS-WARNING **: IO error during reading of "Tag 24067"; tag ignored

(vips:12): VIPS-WARNING **: Incorrect value for "Software"; tag ignored

(vips:12): VIPS-WARNING **: Invalid data type for tag StripByteCounts

(vips:12): VIPS-WARNING **: Sanity check on size of "Tag 469" value failed; tag ignored

(vips:12): VIPS-WARNING **: Sanity check on size of "Tag 48942" value failed; tag ignored

(vips:12): VIPS-WARNING **: IO error during reading of "Tag 3"; tag ignored

(vips:12): VIPS-WARNING **: Incorrect count for "TransferFunction"; tag ignored

(vips:12): VIPS-WARNING **: Incorrect count for "Group3Options"; tag ignored

(vips:12): VIPS-WARNING **: Invalid TIFF directory; tags are not sorted in ascending order

(vips:12): VIPS-WARNING **: Unknown field with tag 253 (0xfd) encountered

(vips:12): VIPS-WARNING **: Unknown field with tag 0 (0x0) encountered

(vips:12): VIPS-WARNING **: Unknown field with tag 4608 (0x1200) encountered

(vips:12): VIPS-WARNING **: Unknown field with tag 8009 (0x1f49) encountered

(vips:12): VIPS-WARNING **: Unknown field with tag 18004 (0x4654) encountered

(vips:12): VIPS-WARNING **: Unknown field with tag 2 (0x2) encountered

(vips:12): VIPS-WARNING **: Unknown field with tag 26982 (0x6966) encountered

(vips:12): VIPS-WARNING **: Unknown field with tag 53759 (0xd1ff) encountered

(vips:12): VIPS-WARNING **: Unknown field with tag 42785 (0xa721) encountered

(vips:12): VIPS-WARNING **: Unknown field with tag 35248 (0x89b0) encountered

(vips:12): VIPS-WARNING **: Unknown field with tag 20048 (0x4e50) encountered

(vips:12): VIPS-WARNING **: Unknown field with tag 30977 (0x7901) encountered

(vips:12): VIPS-WARNING **: Unknown field with tag 31097 (0x7979) encountered

(vips:12): VIPS-WARNING **: Unknown field with tag 33892 (0x8464) encountered

(vips:12): VIPS-WARNING **: Unknown field with tag 65535 (0xffff) encountered

(vips:12): VIPS-WARNING **: Unknown field with tag 25855 (0x64ff) encountered

(vips:12): VIPS-WARNING **: Unknown field with tag 25700 (0x6464) encountered

(vips:12): VIPS-WARNING **: Unknown field with tag 26724 (0x6864) encountered

(vips:12): VIPS-WARNING **: Unknown field with tag 1 (0x1) encountered

(vips:12): VIPS-WARNING **: Unknown field with tag 8 (0x8) encountered

(vips:12): VIPS-WARNING **: Unknown field with tag 3 (0x3) encountered

(vips:12): VIPS-WARNING **: Unknown field with tag 59985 (0xea51) encountered

(vips:12): VIPS-WARNING **: Unknown field with tag 35 (0x23) encountered

(vips:12): VIPS-WARNING **: Unknown field with tag 1422 (0x58e) encountered

(vips:12): VIPS-WARNING **: Unknown field with tag 261 (0x105) encountered

(vips:12): VIPS-WARNING **: Unknown field with tag 3203 (0xc83) encountered

(vips:12): VIPS-WARNING **: Unknown field with tag 3204 (0xc84) encountered

(vips:12): VIPS-WARNING **: Unknown field with tag 10887 (0x2a87) encountered

(vips:12): VIPS-WARNING **: Unknown field with tag 3030 (0xbd6) encountered

(vips:12): VIPS-WARNING **: Unknown field with tag 21247 (0x52ff) encountered

(vips:12): VIPS-WARNING **: Unknown field with tag 1536 (0x600) encountered

(vips:12): VIPS-WARNING **: Unknown field with tag 12851 (0x3233) encountered

(vips:12): VIPS-WARNING **: Unknown field with tag 55 (0x37) encountered

(vips:12): VIPS-WARNING **: Unknown field with tag 8448 (0x2100) encountered

(vips:12): VIPS-WARNING **: Unknown field with tag 45261 (0xb0cd) encountered

(vips:12): VIPS-WARNING **: Unknown field with tag 16448 (0x4040) encountered

(vips:12): VIPS-WARNING **: Unknown field with tag 8995 (0x2323) encountered

(vips:12): VIPS-WARNING **: Unknown field with tag 39424 (0x9a00) encountered

(vips:12): VIPS-WARNING **: Unknown field with tag 512 (0x200) encountered

(vips:12): VIPS-WARNING **: Unknown field with tag 13824 (0x3600) encountered

(vips:12): VIPS-WARNING **: Unknown field with tag 27865 (0x6cd9) encountered

(vips:12): VIPS-WARNING **: Unknown field with tag 21075 (0x5253) encountered

(vips:12): VIPS-WARNING **: Unknown field with tag 24864 (0x6120) encountered

(vips:12): VIPS-WARNING **: Nonstandard tile width 1, convert file

(vips:12): VIPS-WARNING **: Unknown field with tag 35197 (0x897d) encountered

(vips:12): VIPS-WARNING **: Unknown field with tag 18701 (0x490d) encountered

(vips:12): VIPS-WARNING **: Unknown field with tag 5376 (0x1500) encountered

(vips:12): VIPS-WARNING **: Unknown field with tag 4 (0x4) encountered

(vips:12): VIPS-WARNING **: Unknown field with tag 767 (0x2ff) encountered

(vips:12): VIPS-WARNING **: Unknown field with tag 32125 (0x7d7d) encountered

(vips:12): VIPS-WARNING **: Unknown field with tag 199 (0xc7) encountered

(vips:12): VIPS-WARNING **: Unknown field with tag 3082 (0xc0a) encountered

(vips:12): VIPS-WARNING **: Unknown field with tag 20881 (0x5191) encountered

(vips:12): VIPS-WARNING **: Unknown field with tag 10625 (0x2981) encountered

(vips:12): VIPS-WARNING **: Unknown field with tag 52955 (0xcedb) encountered

(vips:12): VIPS-WARNING **: Unknown field with tag 64032 (0xfa20) encountered

(vips:12): VIPS-WARNING **: Unknown field with tag 46373 (0xb525) encountered

(vips:12): VIPS-WARNING **: Unknown field with tag 37 (0x25) encountered

(vips:12): VIPS-WARNING **: Unknown field with tag 4098 (0x1002) encountered

(vips:12): VIPS-WARNING **: Unknown field with tag 175 (0xaf) encountered

(vips:12): VIPS-WARNING **: Unknown field with tag 10421 (0x28b5) encountered

(vips:12): VIPS-WARNING **: Unknown field with tag 9509 (0x2525) encountered

(vips:12): VIPS-WARNING **: Unknown field with tag 40852 (0x9f94) encountered

(vips:12): VIPS-WARNING **: Unknown field with tag 52684 (0xcdcc) encountered

(vips:12): VIPS-WARNING **: Unknown field with tag 21452 (0x53cc) encountered

(vips:12): VIPS-WARNING **: Unknown field with tag 14815 (0x39df) encountered

(vips:12): VIPS-WARNING **: Unknown field with tag 3241 (0xca9) encountered

(vips:12): VIPS-WARNING **: Unknown field with tag 35962 (0x8c7a) encountered

(vips:12): VIPS-WARNING **: Unknown field with tag 42169 (0xa4b9) encountered

(vips:12): VIPS-WARNING **: Unknown field with tag 61646 (0xf0ce) encountered

(vips:12): VIPS-WARNING **: Unknown field with tag 3627 (0xe2b) encountered

(vips:12): VIPS-WARNING **: Unknown field with tag 56455 (0xdc87) encountered

(vips:12): VIPS-WARNING **: Unknown field with tag 25089 (0x6201) encountered

(vips:12): VIPS-WARNING **: Unknown field with tag 51712 (0xca00) encountered

(vips:12): VIPS-WARNING **: Unknown field with tag 53248 (0xd000) encountered

(vips:12): VIPS-WARNING **: Unknown field with tag 1577 (0x629) encountered

(vips:12): VIPS-WARNING **: Unknown field with tag 59392 (0xe800) encountered

(vips:12): VIPS-WARNING **: Unknown field with tag 61440 (0xf000) encountered

(vips:12): VIPS-WARNING **: Unknown field with tag 63488 (0xf800) encountered

(vips:12): VIPS-WARNING **: Unknown field with tag 200 (0xc8) encountered

(vips:12): VIPS-WARNING **: Unknown field with tag 3072 (0xc00) encountered

(vips:12): VIPS-WARNING **: Unknown field with tag 22528 (0x5800) encountered

(vips:12): VIPS-WARNING **: Unknown field with tag 14906 (0x3a3a) encountered

(vips:12): VIPS-WARNING **: Unknown field with tag 25658 (0x643a) encountered

(vips:12): VIPS-WARNING **: Unknown field with tag 53296 (0xd030) encountered

(vips:12): VIPS-WARNING **: Unknown field with tag 2534 (0x9e6) encountered

(vips:12): VIPS-WARNING **: Unknown field with tag 120 (0x78) encountered

(vips:12): VIPS-WARNING **: Unknown field with tag 42880 (0xa780) encountered

(vips:12): VIPS-WARNING **: Unknown field with tag 23477 (0x5bb5) encountered

(vips:12): VIPS-WARNING **: Unknown field with tag 10481 (0x28f1) encountered

(vips:12): VIPS-WARNING **: Unknown field with tag 522 (0x20a) encountered

(vips:12): VIPS-WARNING **: Unknown field with tag 32 (0x20) encountered

(vips:12): VIPS-WARNING **: Unknown field with tag 99 (0x63) encountered

(vips:12): VIPS-WARNING **: Unknown field with tag 5 (0x5) encountered

(vips:12): VIPS-WARNING **: Unknown field with tag 3330 (0xd02) encountered

(vips:12): VIPS-WARNING **: Unknown field with tag 1345 (0x541) encountered

(vips:12): VIPS-WARNING **: Unknown field with tag 1281 (0x501) encountered

(vips:12): VIPS-WARNING **: Unknown field with tag 48894 (0xbefe) encountered

(vips:12): VIPS-WARNING **: Unknown field with tag 20517 (0x5025) encountered

(vips:12): VIPS-WARNING **: Unknown field with tag 21474 (0x53e2) encountered

(vips:12): VIPS-WARNING **: Unknown field with tag 2572 (0xa0c) encountered

(vips:12): VIPS-WARNING **: Unknown field with tag 62205 (0xf2fd) encountered

(vips:12): VIPS-WARNING **: Unknown field with tag 59813 (0xe9a5) encountered

(vips:12): VIPS-WARNING **: Unknown field with tag 1069 (0x42d) encountered

(vips:12): VIPS-WARNING **: Unknown field with tag 6 (0x6) encountered

(vips:12): VIPS-WARNING **: Unknown field with tag 39177 (0x9909) encountered

(vips:12): VIPS-WARNING **: Unknown field with tag 9901 (0x26ad) encountered

(vips:12): VIPS-WARNING **: Unknown field with tag 10 (0xa) encountered

(vips:12): VIPS-WARNING **: Unknown field with tag 34304 (0x8600) encountered

(vips:12): VIPS-WARNING **: Unknown field with tag 36357 (0x8e05) encountered

(vips:12): VIPS-WARNING **: Unknown field with tag 32768 (0x8000) encountered

(vips:12): VIPS-WARNING **: Unknown field with tag 63087 (0xf66f) encountered

(vips:12): VIPS-WARNING **: Unknown field with tag 44928 (0xaf80) encountered

(vips:12): VIPS-WARNING **: Unknown field with tag 48927 (0xbf1f) encountered

(vips:12): VIPS-WARNING **: Unknown field with tag 47124 (0xb814) encountered

(vips:12): VIPS-WARNING **: Unknown field with tag 8195 (0x2003) encountered

(vips:12): VIPS-WARNING **: Unknown field with tag 1141 (0x475) encountered

(vips:12): VIPS-WARNING **: Unknown field with tag 27273 (0x6a89) encountered

(vips:12): VIPS-WARNING **: Unknown field with tag 1861 (0x745) encountered

(vips:12): VIPS-WARNING **: Unknown field with tag 42597 (0xa665) encountered

(vips:12): VIPS-WARNING **: Unknown field with tag 52770 (0xce22) encountered

(vips:12): VIPS-WARNING **: Unknown field with tag 56393 (0xdc49) encountered

(vips:12): VIPS-WARNING **: Unknown field with tag 22567 (0x5827) encountered

(vips:12): VIPS-WARNING **: Unknown field with tag 17480 (0x4448) encountered

(vips:12): VIPS-WARNING **: Unknown field with tag 18804 (0x4974) encountered

(vips:12): VIPS-WARNING **: Unknown field with tag 60893 (0xeddd) encountered

(vips:12): VIPS-WARNING **: Unknown field with tag 28270 (0x6e6e) encountered

(vips:12): VIPS-WARNING **: Unknown field with tag 3584 (0xe00) encountered

(vips:12): VIPS-WARNING **: Unknown field with tag 16760 (0x4178) encountered

(vips:12): VIPS-WARNING **: Unknown field with tag 36736 (0x8f80) encountered

(vips:12): VIPS-WARNING **: Unknown field with tag 36751 (0x8f8f) encountered

(vips:12): VIPS-WARNING **: Unknown field with tag 48059 (0xbbbb) encountered

(vips:12): VIPS-WARNING **: Unknown field with tag 47291 (0xb8bb) encountered

(vips:12): VIPS-WARNING **: Unknown field with tag 53713 (0xd1d1) encountered

(vips:12): VIPS-WARNING **: Unknown field with tag 65441 (0xffa1) encountered

(vips:12): VIPS-WARNING **: Unknown field with tag 30840 (0x7878) encountered

(vips:12): VIPS-WARNING **: Unknown field with tag 34695 (0x8787) encountered

(vips:12): VIPS-WARNING **: Unknown field with tag 17 (0x11) encountered

(vips:12): VIPS-WARNING **: Unknown field with tag 9219 (0x2403) encountered

(vips:12): VIPS-WARNING **: Unknown field with tag 196 (0xc4) encountered

(vips:12): VIPS-WARNING **: Unknown field with tag 27 (0x1b) encountered

(vips:12): VIPS-WARNING **: Unknown field with tag 65297 (0xff11) encountered

(vips:12): VIPS-WARNING **: Unknown field with tag 1028 (0x404) encountered

(vips:12): VIPS-WARNING **: Unknown field with tag 11775 (0x2dff) encountered

(vips:12): VIPS-WARNING **: Unknown field with tag 13625 (0x3539) encountered

(vips:12): VIPS-WARNING **: Unknown field with tag 17733 (0x4545) encountered

(vips:12): VIPS-WARNING **: Unknown field with tag 128 (0x80) encountered

(vips:12): VIPS-WARNING **: Unknown field with tag 47802 (0xbaba) encountered

(vips:12): VIPS-WARNING **: Unknown field with tag 62338 (0xf382) encountered

(vips:12): VIPS-WARNING **: Unknown field with tag 513 (0x201) encountered

(vips:12): VIPS-WARNING **: Unknown field with tag 770 (0x302) encountered

(vips:12): VIPS-WARNING **: Unknown field with tag 642 (0x282) encountered

(vips:12): VIPS-WARNING **: Unknown field with tag 1159 (0x487) encountered

(vips:12): VIPS-WARNING **: Unknown field with tag 1160 (0x488) encountered

(vips:12): VIPS-WARNING **: Unknown field with tag 18761 (0x4949) encountered

(vips:12): VIPS-WARNING **: Unknown field with tag 58 (0x3a) encountered

(vips:12): VIPS-WARNING **: Unknown field with tag 21562 (0x543a) encountered

(vips:12): VIPS-WARNING **: Unknown field with tag 37760 (0x9380) encountered

(vips:12): VIPS-WARNING **: Unknown field with tag 23360 (0x5b40) encountered

(vips:12): VIPS-WARNING **: Unknown field with tag 2306 (0x902) encountered

(vips:12): VIPS-WARNING **: Unknown field with tag 211 (0xd3) encountered

(vips:12): VIPS-WARNING **: Unknown field with tag 151 (0x97) encountered

(vips:12): VIPS-WARNING **: Unknown field with tag 11728 (0x2dd0) encountered

(vips:12): VIPS-WARNING **: Unknown field with tag 12041 (0x2f09) encountered

(vips:12): VIPS-WARNING **: Unknown field with tag 6144 (0x1800) encountered

(vips:12): VIPS-WARNING **: Unknown field with tag 39499 (0x9a4b) encountered

(vips:12): VIPS-WARNING **: Unknown field with tag 55940 (0xda84) encountered

(vips:12): VIPS-WARNING **: Unknown field with tag 52325 (0xcc65) encountered

(vips:12): VIPS-WARNING **: Unknown field with tag 18510 (0x484e) encountered

(vips:12): VIPS-WARNING **: Unknown field with tag 32810 (0x802a) encountered

(vips:12): VIPS-WARNING **: Unknown field with tag 1243 (0x4db) encountered

(vips:12): VIPS-WARNING **: Unknown field with tag 1255 (0x4e7) encountered

(vips:12): VIPS-WARNING **: Unknown field with tag 27564 (0x6bac) encountered

(vips:12): VIPS-WARNING **: Unknown field with tag 42866 (0xa772) encountered

(vips:12): VIPS-WARNING **: Unknown field with tag 33902 (0x846e) encountered

(vips:12): VIPS-WARNING **: Unknown field with tag 16511 (0x407f) encountered

(vips:12): VIPS-WARNING **: Unknown field with tag 26368 (0x6700) encountered

(vips:12): VIPS-WARNING **: Unknown field with tag 6753 (0x1a61) encountered

(vips:12): VIPS-WARNING **: Unknown field with tag 21799 (0x5527) encountered

(vips:12): VIPS-WARNING **: Unknown field with tag 2454 (0x996) encountered

(vips:12): VIPS-WARNING **: Unknown field with tag 53837 (0xd24d) encountered

(vips:12): VIPS-WARNING **: Unknown field with tag 54448 (0xd4b0) encountered

(vips:12): VIPS-WARNING **: Unknown field with tag 9609 (0x2589) encountered

(vips:12): VIPS-WARNING **: Unknown field with tag 1876 (0x754) encountered

(vips:12): VIPS-WARNING **: Unknown field with tag 12105 (0x2f49) encountered

(vips:12): VIPS-WARNING **: Unknown field with tag 25376 (0x6320) encountered

(vips:12): VIPS-WARNING **: Unknown field with tag 6488 (0x1958) encountered

(vips:12): VIPS-WARNING **: Unknown field with tag 8704 (0x2200) encountered

(vips:12): VIPS-WARNING **: Unknown field with tag 14848 (0x3a00) encountered

(vips:12): VIPS-WARNING **: Unknown field with tag 11766 (0x2df6) encountered

(vips:12): VIPS-WARNING **: Unknown field with tag 1199 (0x4af) encountered

(vips:12): VIPS-WARNING **: Unknown field with tag 11967 (0x2ebf) encountered

(vips:12): VIPS-WARNING **: Unknown field with tag 46008 (0xb3b8) encountered

(vips:12): VIPS-WARNING **: Unknown field with tag 16128 (0x3f00) encountered

(vips:12): VIPS-WARNING **: Unknown field with tag 12338 (0x3032) encountered

(vips:12): VIPS-WARNING **: Unknown field with tag 13367 (0x3437) encountered

(vips:12): VIPS-WARNING **: Unknown field with tag 12593 (0x3131) encountered

(vips:12): VIPS-WARNING **: Unknown field with tag 9702 (0x25e6) encountered

(vips:12): VIPS-WARNING **: Unknown field with tag 57901 (0xe22d) encountered

(vips:12): VIPS-WARNING **: Unknown field with tag 16 (0x10) encountered

(vips:12): VIPS-WARNING **: Unknown field with tag 64443 (0xfbbb) encountered

(vips:12): VIPS-WARNING **: Unknown field with tag 32647 (0x7f87) encountered

(vips:12): VIPS-WARNING **: Unknown field with tag 12596 (0x3134) encountered

(vips:12): VIPS-WARNING **: Unknown field with tag 32887 (0x8077) encountered

(vips:12): VIPS-WARNING **: Unknown field with tag 48015 (0xbb8f) encountered

(vips:12): VIPS-WARNING **: Unknown field with tag 47941 (0xbb45) encountered

(vips:12): VIPS-WARNING **: Unknown field with tag 41433 (0xa1d9) encountered

(vips:12): VIPS-WARNING **: Unknown field with tag 399 (0x18f) encountered

(vips:12): VIPS-WARNING **: Unknown field with tag 4421 (0x1145) encountered

(vips:12): VIPS-WARNING **: Unknown field with tag 862 (0x35e) encountered

(vips:12): VIPS-WARNING **: Unknown field with tag 50431 (0xc4ff) encountered

(vips:12): VIPS-WARNING **: Unknown field with tag 6912 (0x1b00) encountered

(vips:12): VIPS-WARNING **: Unknown field with tag 4352 (0x1100) encountered

(vips:12): VIPS-WARNING **: Unknown field with tag 1189 (0x4a5) encountered

(vips:12): VIPS-WARNING **: Unknown field with tag 65390 (0xff6e) encountered

(vips:12): VIPS-WARNING **: Unknown field with tag 14649 (0x3939) encountered

(vips:12): VIPS-WARNING **: Unknown field with tag 25410 (0x6342) encountered

(vips:12): VIPS-WARNING **: Unknown field with tag 2586 (0xa1a) encountered

(vips:12): VIPS-WARNING **: Unknown field with tag 65280 (0xff00) encountered

(vips:12): VIPS-WARNING **: Unknown field with tag 6666 (0x1a0a) encountered

(vips:12): VIPS-WARNING **: Unknown field with tag 21633 (0x5481) encountered

(vips:12): VIPS-WARNING **: Unknown field with tag 25449 (0x6369) encountered

(vips:12): VIPS-WARNING **: Unknown field with tag 1024 (0x400) encountered

(vips:12): VIPS-WARNING **: Unknown field with tag 37262 (0x918e) encountered

(vips:12): VIPS-WARNING **: Unknown field with tag 20608 (0x5080) encountered

(vips:12): VIPS-WARNING **: Unknown field with tag 4842 (0x12ea) encountered

(vips:12): VIPS-WARNING **: Unknown field with tag 11803 (0x2e1b) encountered

(vips:12): VIPS-WARNING **: Unknown field with tag 32873 (0x8069) encountered

(vips:12): VIPS-WARNING **: Unknown field with tag 1481 (0x5c9) encountered

(vips:12): VIPS-WARNING **: Unknown field with tag 3300 (0xce4) encountered

(vips:12): VIPS-WARNING **: Unknown field with tag 13629 (0x353d) encountered

(vips:12): VIPS-WARNING **: Unknown field with tag 14648 (0x3938) encountered

(vips:12): VIPS-WARNING **: Unknown field with tag 37458 (0x9252) encountered

(vips:12): VIPS-WARNING **: Unknown field with tag 37968 (0x9450) encountered

(vips:12): VIPS-WARNING **: Unknown field with tag 52303 (0xcc4f) encountered

(vips:12): VIPS-WARNING **: Unknown field with tag 52424 (0xccc8) encountered

(vips:12): VIPS-WARNING **: Unknown field with tag 57093 (0xdf05) encountered

(vips:12): VIPS-WARNING **: Unknown field with tag 43321 (0xa939) encountered

(vips:12): VIPS-WARNING **: Unknown field with tag 32256 (0x7e00) encountered

(vips:12): VIPS-WARNING **: Unknown field with tag 160 (0xa0) encountered

(vips:12): VIPS-WARNING **: Unknown field with tag 57956 (0xe264) encountered

(vips:12): VIPS-WARNING **: Unknown field with tag 935 (0x3a7) encountered

(vips:12): VIPS-WARNING **: Unknown field with tag 13878 (0x3636) encountered

(vips:12): VIPS-WARNING **: Unknown field with tag 13110 (0x3336) encountered

(vips:12): VIPS-WARNING **: Unknown field with tag 14390 (0x3836) encountered

(vips:12): VIPS-WARNING **: Unknown field with tag 46340 (0xb504) encountered

(vips:12): VIPS-WARNING **: Unknown field with tag 61728 (0xf120) encountered

(vips:12): VIPS-WARNING **: Unknown field with tag 2636 (0xa4c) encountered

(vips:12): VIPS-WARNING **: Unknown field with tag 8192 (0x2000) encountered

(vips:12): VIPS-WARNING **: Unknown field with tag 25344 (0x6300) encountered

(vips:12): VIPS-WARNING **: Unknown field with tag 768 (0x300) encountered

(vips:12): VIPS-WARNING **: Unknown field with tag 1280 (0x500) encountered

(vips:12): VIPS-WARNING **: Unknown field with tag 34936 (0x8878) encountered

(vips:12): VIPS-WARNING **: Unknown field with tag 2048 (0x800) encountered

(vips:12): VIPS-WARNING **: Unknown field with tag 21955 (0x55c3) encountered

(vips:12): VIPS-WARNING **: Unknown field with tag 526 (0x20e) encountered

(vips:12): VIPS-WARNING **: Unknown field with tag 6025 (0x1789) encountered

(vips:12): VIPS-WARNING **: Unknown field with tag 42405 (0xa5a5) encountered

(vips:12): VIPS-WARNING **: Unknown field with tag 13105 (0x3331) encountered

(vips:12): VIPS-WARNING **: Unknown field with tag 14642 (0x3932) encountered

(vips:12): VIPS-WARNING **: Unknown field with tag 13361 (0x3431) encountered

(vips:12): VIPS-WARNING **: Unknown field with tag 9216 (0x2400) encountered

(vips:12): VIPS-WARNING **: Unknown field with tag 65211 (0xfebb) encountered

(vips:12): VIPS-WARNING **: Unknown field with tag 48123 (0xbbfb) encountered

(vips:12): VIPS-WARNING **: Unknown field with tag 17851 (0x45bb) encountered

(vips:12): VIPS-WARNING **: Unknown field with tag 829 (0x33d) encountered

(vips:12): VIPS-WARNING **: Unknown field with tag 25600 (0x6400) encountered

(vips:12): VIPS-WARNING **: Unknown field with tag 4355 (0x1103) encountered

(vips:12): VIPS-WARNING **: Unknown field with tag 47 (0x2f) encountered

(vips:12): VIPS-WARNING **: Unknown field with tag 248 (0xf8) encountered

(vips:12): VIPS-WARNING **: Unknown field with tag 12339 (0x3033) encountered

(vips:12): VIPS-WARNING **: IO error during reading of "Tag 253"; tag ignored

(vips:12): VIPS-WARNING **: Sanity check on size of "Tag 10887" value failed; tag ignored

(vips:12): VIPS-WARNING **: IO error during reading of "Tag 55"; tag ignored

(vips:12): VIPS-WARNING **: Incorrect count for "FillOrder"; tag ignored

(vips:12): VIPS-WARNING **: Invalid data type for tag StripByteCounts

(vips:12): VIPS-WARNING **: Incorrect count for "XResolution"; tag ignored

(vips:12): VIPS-WARNING **: Incompatible type for "PageNumber"; tag ignored

(vips:12): VIPS-WARNING **: IO error during reading of "Tag 3072"; tag ignored

(vips:12): VIPS-WARNING **: IO error during reading of "Tag 522"; tag ignored

(vips:12): VIPS-WARNING **: IO error during reading of "Tag 3330"; tag ignored

(vips:12): VIPS-WARNING **: IO error during reading of "Tag 34304"; tag ignored

(vips:12): VIPS-WARNING **: IO error during reading of "Tag 60893"; tag ignored

(vips:12): VIPS-WARNING **: Sanity check on size of "Tag 3584" value failed; tag ignored

(vips:12): VIPS-WARNING **: Sanity check on size of "Tag 6666" value failed; tag ignored

(vips:12): VIPS-WARNING **: Sanity check on size of "Tag 47" value failed; tag ignored
=================================================================
==12==ERROR: AddressSanitizer: heap-buffer-overflow on address 0x60200001ae38 at pc 0x0000006e62fc bp 0x7ffd2d90def0 sp 0x7ffd2d90dee8
READ of size 2 at 0x60200001ae38 thread T0
SCARINESS: 14 (2-byte-read-heap-buffer-overflow)
    #0 0x6e62fb in rtiff_parse_palette /src/libvips/libvips/foreign/tiff2vips.c:1362:20
    #1 0x6e05a4 in rtiff_set_header /src/libvips/libvips/foreign/tiff2vips.c:1582:6
    #2 0x6df83d in vips__tiff_read_header_source /src/libvips/libvips/foreign/tiff2vips.c:2755:6
    #3 0x6ed92f in vips_foreign_load_tiff_header /src/libvips/libvips/foreign/tiffload.c:139:6
    #4 0x6beaea in vips_foreign_load_build /src/libvips/libvips/foreign/foreign.c:1047:3
    #5 0x6ee37c in vips_foreign_load_tiff_buffer_build /src/libvips/libvips/foreign/tiffload.c:405:6
    #6 0x4e5403 in vips_object_build /src/libvips/libvips/iofuncs/object.c:367:6
    #7 0x75ed55 in vips_cache_operation_buildp /src/libvips/libvips/iofuncs/cache.c:918:7
    #8 0x4f22ff in vips_call_required_optional /src/libvips/libvips/iofuncs/operation.c:880:6
    #9 0x4f5e08 in vips_call_by_name /src/libvips/libvips/iofuncs/operation.c:920:11
    #10 0x4f61be in vips_call_split_option_string /src/libvips/libvips/iofuncs/operation.c:1039:11
    #11 0x4da272 in vips_image_new_from_buffer /src/libvips/libvips/iofuncs/image.c:2154:11
    #12 0x4caaba in LLVMFuzzerTestOneInput /src/libvips/fuzz/jpegsave_buffer_fuzzer.cc:17:16
    #13 0xbea7de in ExecuteFilesOnyByOne /src/libfuzzer/afl/afl_driver.cpp:217:5
    #14 0xbea7de in main /src/libfuzzer/afl/afl_driver.cpp:254:12
    #15 0x7e452b87483f in __libc_start_main (/lib/x86_64-linux-gnu/libc.so.6+0x2083f)
    #16 0x420458 in _start (/out/jpegsave_buffer_fuzzer+0x420458)

DEDUP_TOKEN: rtiff_parse_palette--rtiff_set_header--vips__tiff_read_header_source
0x60200001ae38 is located 0 bytes to the right of 8-byte region [0x60200001ae30,0x60200001ae38)
allocated by thread T0 here:
    #0 0x49873d in malloc /src/llvm-project/compiler-rt/lib/asan/asan_malloc_linux.cpp:145:3
    #1 0xbb2989 in _TIFFmalloc /src/libtiff/libtiff/tif_unix.c:314:10
    #2 0xb5cb9c in setByteArray /src/libtiff/libtiff/tif_dir.c:52:19
    #3 0xb5ccbd in _TIFFsetShortArray /src/libtiff/libtiff/tif_dir.c:64:7
    #4 0xb602c7 in _TIFFVSetField /src/libtiff/libtiff/tif_dir.c:376:3
    #5 0xb5cf7b in TIFFVSetField /src/libtiff/libtiff/tif_dir.c:890:6
    #6 0xb5ceba in TIFFSetField /src/libtiff/libtiff/tif_dir.c:834:11
    #7 0xb7428f in TIFFReadDirectory /src/libtiff/libtiff/tif_dirread.c:4008:8
    #8 0x6e3547 in rtiff_n_pages /src/libvips/libvips/foreign/tiff2vips.c:683:14
    #9 0x6dfdcc in rtiff_header_read_all /src/libvips/libvips/foreign/tiff2vips.c:2652:19
    #10 0x6df80c in vips__tiff_read_header_source /src/libvips/libvips/foreign/tiff2vips.c:2752:3
    #11 0x6ed92f in vips_foreign_load_tiff_header /src/libvips/libvips/foreign/tiffload.c:139:6
    #12 0x6beaea in vips_foreign_load_build /src/libvips/libvips/foreign/foreign.c:1047:3
    #13 0x6ee37c in vips_foreign_load_tiff_buffer_build /src/libvips/libvips/foreign/tiffload.c:405:6
    #14 0x4e5403 in vips_object_build /src/libvips/libvips/iofuncs/object.c:367:6
    #15 0x75ed55 in vips_cache_operation_buildp /src/libvips/libvips/iofuncs/cache.c:918:7
    #16 0x4f22ff in vips_call_required_optional /src/libvips/libvips/iofuncs/operation.c:880:6
    #17 0x4f5e08 in vips_call_by_name /src/libvips/libvips/iofuncs/operation.c:920:11
    #18 0x4f61be in vips_call_split_option_string /src/libvips/libvips/iofuncs/operation.c:1039:11
    #19 0x4da272 in vips_image_new_from_buffer /src/libvips/libvips/iofuncs/image.c:2154:11
    #20 0x4caaba in LLVMFuzzerTestOneInput /src/libvips/fuzz/jpegsave_buffer_fuzzer.cc:17:16
    #21 0xbea7de in ExecuteFilesOnyByOne /src/libfuzzer/afl/afl_driver.cpp:217:5
    #22 0xbea7de in main /src/libfuzzer/afl/afl_driver.cpp:254:12
    #23 0x7e452b87483f in __libc_start_main (/lib/x86_64-linux-gnu/libc.so.6+0x2083f)

DEDUP_TOKEN: malloc--_TIFFmalloc--setByteArray
SUMMARY: AddressSanitizer: heap-buffer-overflow /src/libvips/libvips/foreign/tiff2vips.c:1362:20 in rtiff_parse_palette
Shadow bytes around the buggy address:
  0x0c047fffb570: fa fa fd fd fa fa fd fa fa fa fd fd fa fa fd fd
  0x0c047fffb580: fa fa fd fa fa fa fd fd fa fa fd fd fa fa fd fa
  0x0c047fffb590: fa fa fd fd fa fa fd fd fa fa fd fa fa fa 00 fa
  0x0c047fffb5a0: fa fa fd fa fa fa fd fd fa fa fd fd fa fa fd fa
  0x0c047fffb5b0: fa fa fd fd fa fa fd fd fa fa fd fa fa fa fd fd
=>0x0c047fffb5c0: fa fa fd fd fa fa 00[fa]fa fa 00 fa fa fa 00 fa
  0x0c047fffb5d0: fa fa fd fa fa fa fd fd fa fa fd fd fa fa fa fa
  0x0c047fffb5e0: fa fa fa fa fa fa fa fa fa fa fa fa fa fa fa fa
  0x0c047fffb5f0: fa fa fa fa fa fa fa fa fa fa fa fa fa fa fa fa
  0x0c047fffb600: fa fa fa fa fa fa fa fa fa fa fa fa fa fa fa fa
  0x0c047fffb610: fa fa fa fa fa fa fa fa fa fa fa fa fa fa fd fa
Shadow byte legend (one shadow byte represents 8 application bytes):
  Addressable:           00
  Partially addressable: 01 02 03 04 05 06 07 
  Heap left redzone:       fa
  Freed heap region:       fd
  Stack left redzone:      f1
  Stack mid redzone:       f2
  Stack right redzone:     f3
  Stack after return:      f5
  Stack use after scope:   f8
  Global redzone:          f9
  Global init order:       f6
  Poisoned by user:        f7
  Container overflow:      fc
  Array cookie:            ac
  Intra object redzone:    bb
  ASan internal:           fe
  Left alloca redzone:     ca
  Right alloca redzone:    cb
  Shadow gap:              cc
==12==ABORTING
