INFO: Seed: 2213874269
INFO: Loaded 1 modules   (115941 inline 8-bit counters): 115941 [0x1acf2c8, 0x1aeb7ad), 
INFO: Loaded 1 PC tables (115941 PCs): 115941 [0x1aeb7b0,0x1cb0600), 
/out/pix_rotate_shear_fuzzer: Running 1 inputs 1 time(s) each.
Running: /tmp/poc
Premature end of JPEG file
==13==WARNING: MemorySanitizer: use-of-uninitialized-value
    #0 0x118163e in ycck_cmyk_convert /src/libjpeg-turbo/jdcolor.c:557:49
    #1 0x109f936 in sep_upsample /src/libjpeg-turbo/jdsample.c:98:3
    #2 0x11a3430 in process_data_simple_main /src/libjpeg-turbo/jdmainct.c:313:3
    #3 0x104feed in jpeg_read_scanlines /src/libjpeg-turbo/jdapistd.c:287:3
    #4 0x8dcef2 in pixReadStreamJpeg /src/leptonica/src/jpegio.c:394:22
    #5 0x8e3925 in pixReadMemJpeg /src/leptonica/src/jpegio.c:1019:11
    #6 0x5ef0cd in pixReadMem /src/leptonica/src/readfile.c:865:20
    #7 0x523683 in LLVMFuzzerTestOneInput /src/leptonica/prog/fuzzing/pix_rotate_shear_fuzzer.cc:46:14
    #8 0x458c21 in fuzzer::Fuzzer::ExecuteCallback(unsigned char const*, unsigned long) /src/llvm-project/compiler-rt/lib/fuzzer/FuzzerLoop.cpp:595:15
    #9 0x443cf2 in fuzzer::RunOneTest(fuzzer::Fuzzer*, char const*, unsigned long) /src/llvm-project/compiler-rt/lib/fuzzer/FuzzerDriver.cpp:323:6
    #10 0x449dae in fuzzer::FuzzerDriver(int*, char***, int (*)(unsigned char const*, unsigned long)) /src/llvm-project/compiler-rt/lib/fuzzer/FuzzerDriver.cpp:852:9
    #11 0x471d92 in main /src/llvm-project/compiler-rt/lib/fuzzer/FuzzerMain.cpp:20:10
    #12 0x74ef7b91883f in __libc_start_main (/lib/x86_64-linux-gnu/libc.so.6+0x2083f)
    #13 0x41efc8 in _start (/out/pix_rotate_shear_fuzzer+0x41efc8)

DEDUP_TOKEN: ycck_cmyk_convert--sep_upsample--process_data_simple_main
  Uninitialized value was created by a heap allocation
    #0 0x4d1efd in malloc /src/llvm-project/compiler-rt/lib/msan/msan_interceptors.cpp:901:3
    #1 0x10c081e in alloc_large /src/libjpeg-turbo/jmemmgr.c:391:29
    #2 0x10c1192 in alloc_sarray /src/libjpeg-turbo/jmemmgr.c:475:27
    #3 0x109ed09 in jinit_upsampler /src/libjpeg-turbo/jdsample.c:511:33
    #4 0x107b369 in master_selection /src/libjpeg-turbo/jdmaster.c:541:7
    #5 0x107b369 in jinit_master_decompress /src/libjpeg-turbo/jdmaster.c:736:3
    #6 0x104d7a8 in jpeg_start_decompress /src/libjpeg-turbo/jdapistd.c:49:5
    #7 0x8dc855 in pixReadStreamJpeg /src/leptonica/src/jpegio.c
    #8 0x8e3925 in pixReadMemJpeg /src/leptonica/src/jpegio.c:1019:11
    #9 0x5ef0cd in pixReadMem /src/leptonica/src/readfile.c:865:20
    #10 0x523683 in LLVMFuzzerTestOneInput /src/leptonica/prog/fuzzing/pix_rotate_shear_fuzzer.cc:46:14
    #11 0x458c21 in fuzzer::Fuzzer::ExecuteCallback(unsigned char const*, unsigned long) /src/llvm-project/compiler-rt/lib/fuzzer/FuzzerLoop.cpp:595:15
    #12 0x443cf2 in fuzzer::RunOneTest(fuzzer::Fuzzer*, char const*, unsigned long) /src/llvm-project/compiler-rt/lib/fuzzer/FuzzerDriver.cpp:323:6
    #13 0x449dae in fuzzer::FuzzerDriver(int*, char***, int (*)(unsigned char const*, unsigned long)) /src/llvm-project/compiler-rt/lib/fuzzer/FuzzerDriver.cpp:852:9
    #14 0x471d92 in main /src/llvm-project/compiler-rt/lib/fuzzer/FuzzerMain.cpp:20:10
    #15 0x74ef7b91883f in __libc_start_main (/lib/x86_64-linux-gnu/libc.so.6+0x2083f)

DEDUP_TOKEN: malloc--alloc_large--alloc_sarray
SUMMARY: MemorySanitizer: use-of-uninitialized-value /src/libjpeg-turbo/jdcolor.c:557:49 in ycck_cmyk_convert
Unique heap origins: 31
Stack depot allocated bytes: 2384
Unique origin histories: 3
History depot allocated bytes: 72
Exiting
