INFO: Running with entropic power schedule (0xFF, 100).
INFO: Seed: 2210096924
INFO: Loaded 1 modules   (4219 inline 8-bit counters): 4219 [0x80cec0, 0x80df3b), 
INFO: Loaded 1 PC tables (4219 PCs): 4219 [0x80df40,0x81e6f0), 
/out/flb-it-fuzz-flb_json_fuzzer_OSSFUZZ: Running 1 inputs 1 time(s) each.
Running: /tmp/poc
=================================================================
==13==ERROR: AddressSanitizer: heap-use-after-free on address 0x625000002908 at pc 0x00000055dd68 bp 0x7ffe865b7150 sp 0x7ffe865b7148
READ of size 24 at 0x625000002908 thread T0
SCARINESS: 54 (multi-byte-read-heap-use-after-free)
    #0 0x55dd67 in flb_pack_msgpack_to_json_format /src/fluent-bit/src/flb_pack.c:867:13
    #1 0x55972e in LLVMFuzzerTestOneInput /src/fluent-bit/tests/internal/fuzzers/flb_json_fuzzer.c:32:9
    #2 0x460c21 in fuzzer::Fuzzer::ExecuteCallback(unsigned char const*, unsigned long) /src/llvm-project/compiler-rt/lib/fuzzer/FuzzerLoop.cpp:599:15
    #3 0x44a9a2 in fuzzer::RunOneTest(fuzzer::Fuzzer*, char const*, unsigned long) /src/llvm-project/compiler-rt/lib/fuzzer/FuzzerDriver.cpp:323:6
    #4 0x450ce5 in fuzzer::FuzzerDriver(int*, char***, int (*)(unsigned char const*, unsigned long)) /src/llvm-project/compiler-rt/lib/fuzzer/FuzzerDriver.cpp:856:9
    #5 0x47ac02 in main /src/llvm-project/compiler-rt/lib/fuzzer/FuzzerMain.cpp:20:10
    #6 0x77cd346b883f in __libc_start_main (/lib/x86_64-linux-gnu/libc.so.6+0x2083f)
    #7 0x4259b8 in _start (/out/flb-it-fuzz-flb_json_fuzzer_OSSFUZZ+0x4259b8)

DEDUP_TOKEN: flb_pack_msgpack_to_json_format--LLVMFuzzerTestOneInput--fuzzer::Fuzzer::ExecuteCallback(unsigned char const*, unsigned long)
0x625000002908 is located 8 bytes inside of 8200-byte region [0x625000002900,0x625000004908)
freed by thread T0 here:
    #0 0x5290e2 in free /src/llvm-project/compiler-rt/lib/asan/asan_malloc_linux.cpp:127:3
    #1 0x59c6ca in destroy_chunk_list /src/fluent-bit/lib/msgpack-3.2.0/src/zone.c:40:9
    #2 0x59c601 in msgpack_zone_destroy /src/fluent-bit/lib/msgpack-3.2.0/src/zone.c:175:5
    #3 0x59cba4 in msgpack_zone_free /src/fluent-bit/lib/msgpack-3.2.0/src/zone.c:220:5
    #4 0x59ad34 in msgpack_unpacked_destroy /src/fluent-bit/lib/msgpack-3.2.0/include/msgpack/unpack.h:260:9
    #5 0x59aa2b in msgpack_unpack_next /src/fluent-bit/lib/msgpack-3.2.0/src/unpack.c:661:5
    #6 0x55d9db in flb_pack_msgpack_to_json_format /src/fluent-bit/src/flb_pack.c:812:12
    #7 0x55972e in LLVMFuzzerTestOneInput /src/fluent-bit/tests/internal/fuzzers/flb_json_fuzzer.c:32:9
    #8 0x460c21 in fuzzer::Fuzzer::ExecuteCallback(unsigned char const*, unsigned long) /src/llvm-project/compiler-rt/lib/fuzzer/FuzzerLoop.cpp:599:15
    #9 0x44a9a2 in fuzzer::RunOneTest(fuzzer::Fuzzer*, char const*, unsigned long) /src/llvm-project/compiler-rt/lib/fuzzer/FuzzerDriver.cpp:323:6
    #10 0x450ce5 in fuzzer::FuzzerDriver(int*, char***, int (*)(unsigned char const*, unsigned long)) /src/llvm-project/compiler-rt/lib/fuzzer/FuzzerDriver.cpp:856:9
    #11 0x47ac02 in main /src/llvm-project/compiler-rt/lib/fuzzer/FuzzerMain.cpp:20:10
    #12 0x77cd346b883f in __libc_start_main (/lib/x86_64-linux-gnu/libc.so.6+0x2083f)

DEDUP_TOKEN: free--destroy_chunk_list--msgpack_zone_destroy
previously allocated by thread T0 here:
    #0 0x52934d in malloc /src/llvm-project/compiler-rt/lib/asan/asan_malloc_linux.cpp:145:3
    #1 0x59ca0d in init_chunk_list /src/fluent-bit/lib/msgpack-3.2.0/src/zone.c:21:54
    #2 0x59cb26 in msgpack_zone_new /src/fluent-bit/lib/msgpack-3.2.0/src/zone.c:207:9
    #3 0x59b0ad in template_callback_array /src/fluent-bit/lib/msgpack-3.2.0/src/unpack.c:208:17
    #4 0x597965 in template_execute /src/fluent-bit/lib/msgpack-3.2.0/include/msgpack/unpack_template.h:231:21
    #5 0x59ab0b in msgpack_unpack_next /src/fluent-bit/lib/msgpack-3.2.0/src/unpack.c:677:13
    #6 0x55d4eb in flb_pack_msgpack_to_json_format /src/fluent-bit/src/flb_pack.c:812:12
    #7 0x55972e in LLVMFuzzerTestOneInput /src/fluent-bit/tests/internal/fuzzers/flb_json_fuzzer.c:32:9
    #8 0x460c21 in fuzzer::Fuzzer::ExecuteCallback(unsigned char const*, unsigned long) /src/llvm-project/compiler-rt/lib/fuzzer/FuzzerLoop.cpp:599:15
    #9 0x44a9a2 in fuzzer::RunOneTest(fuzzer::Fuzzer*, char const*, unsigned long) /src/llvm-project/compiler-rt/lib/fuzzer/FuzzerDriver.cpp:323:6
    #10 0x450ce5 in fuzzer::FuzzerDriver(int*, char***, int (*)(unsigned char const*, unsigned long)) /src/llvm-project/compiler-rt/lib/fuzzer/FuzzerDriver.cpp:856:9
    #11 0x47ac02 in main /src/llvm-project/compiler-rt/lib/fuzzer/FuzzerMain.cpp:20:10
    #12 0x77cd346b883f in __libc_start_main (/lib/x86_64-linux-gnu/libc.so.6+0x2083f)

DEDUP_TOKEN: malloc--init_chunk_list--msgpack_zone_new
SUMMARY: AddressSanitizer: heap-use-after-free /src/fluent-bit/src/flb_pack.c:867:13 in flb_pack_msgpack_to_json_format
Shadow bytes around the buggy address:
  0x0c4a7fff84d0: fa fa fa fa fa fa fa fa fa fa fa fa fa fa fa fa
  0x0c4a7fff84e0: fa fa fa fa fa fa fa fa fa fa fa fa fa fa fa fa
  0x0c4a7fff84f0: fa fa fa fa fa fa fa fa fa fa fa fa fa fa fa fa
  0x0c4a7fff8500: fa fa fa fa fa fa fa fa fa fa fa fa fa fa fa fa
  0x0c4a7fff8510: fa fa fa fa fa fa fa fa fa fa fa fa fa fa fa fa
=>0x0c4a7fff8520: fd[fd]fd fd fd fd fd fd fd fd fd fd fd fd fd fd
  0x0c4a7fff8530: fd fd fd fd fd fd fd fd fd fd fd fd fd fd fd fd
  0x0c4a7fff8540: fd fd fd fd fd fd fd fd fd fd fd fd fd fd fd fd
  0x0c4a7fff8550: fd fd fd fd fd fd fd fd fd fd fd fd fd fd fd fd
  0x0c4a7fff8560: fd fd fd fd fd fd fd fd fd fd fd fd fd fd fd fd
  0x0c4a7fff8570: fd fd fd fd fd fd fd fd fd fd fd fd fd fd fd fd
Shadow byte legend (one shadow byte represents 8 application bytes):
  Addressable:           00
  Partially addressable: 01 02 03 04 05 06 07 
  Heap left redzone:       fa
  Freed heap region:       fd
  Stack left redzone:      f1
  Stack mid redzone:       f2
  Stack right redzone:     f3
  Stack after return:      f5
  Stack use after scope:   f8
  Global redzone:          f9
  Global init order:       f6
  Poisoned by user:        f7
  Container overflow:      fc
  Array cookie:            ac
  Intra object redzone:    bb
  ASan internal:           fe
  Left alloca redzone:     ca
  Right alloca redzone:    cb
  Shadow gap:              cc
==13==ABORTING
