INFO: Running with entropic power schedule (0xFF, 100).
INFO: Seed: 2265183374
INFO: Loaded 1 modules   (46625 inline 8-bit counters): 46625 [0xbcfe38, 0xbdb459), 
INFO: Loaded 1 PC tables (46625 PCs): 46625 [0xbdb460,0xc91670), 
/out/FuzzShell: Running 1 inputs 1 time(s) each.
Running: /tmp/poc
/src/serenity/Shell/Parser.cpp:1380:29: runtime error: downcast of address 0x0000031fddc0 which does not point to an object of type 'AST::BarewordLiteral'
0x0000031fddc0: note: object is of type 'Shell::AST::Glob'
 00 00 00 00  a8 24 ab 00 00 00 00 00  01 00 00 00 00 00 00 00  01 00 00 00 00 00 00 00  02 00 00 00
              ^~~~~~~~~~~~~~~~~~~~~~~
              vptr for 'Shell::AST::Glob'
    #0 0x60e6d2 in Shell::Parser::parse_glob() /src/serenity/Shell/Parser.cpp:1380:29
    #1 0x609736 in Shell::Parser::parse_string_composite() /src/serenity/Shell/Parser.cpp:1035:21
    #2 0x5ebbc8 in Shell::Parser::parse_expression() /src/serenity/Shell/Parser.cpp:1012:26
    #3 0x5f3abf in Shell::Parser::parse_list_expression() /src/serenity/Shell/Parser.cpp:947:21
    #4 0x5efb75 in Shell::Parser::parse_command() /src/serenity/Shell/Parser.cpp:478:26
    #5 0x5ece62 in Shell::Parser::parse_pipe_sequence() /src/serenity/Shell/Parser.cpp:449:24
    #6 0x5ee21a in Shell::Parser::parse_and_logical_sequence() /src/serenity/Shell/Parser.cpp:424:26
    #7 0x5ea00a in Shell::Parser::parse_or_logical_sequence() /src/serenity/Shell/Parser.cpp:400:25
    #8 0x5e3861 in Shell::Parser::parse_sequence() /src/serenity/Shell/Parser.cpp:206:17
    #9 0x5e3074 in Shell::Parser::parse_toplevel() /src/serenity/Shell/Parser.cpp:164:25
    #10 0x5e2ad6 in Shell::Parser::parse() /src/serenity/Shell/Parser.cpp:143:21
    #11 0x552382 in LLVMFuzzerTestOneInput /src/serenity/Meta/Lagom/build/../Fuzzers/FuzzShell.cpp:36:12
    #12 0x4e1ca1 in fuzzer::Fuzzer::ExecuteCallback(unsigned char const*, unsigned long) /src/llvm-project/compiler-rt/lib/fuzzer/FuzzerLoop.cpp:599:15
    #13 0x4cba32 in fuzzer::RunOneTest(fuzzer::Fuzzer*, char const*, unsigned long) /src/llvm-project/compiler-rt/lib/fuzzer/FuzzerDriver.cpp:323:6
    #14 0x4d1d75 in fuzzer::FuzzerDriver(int*, char***, int (*)(unsigned char const*, unsigned long)) /src/llvm-project/compiler-rt/lib/fuzzer/FuzzerDriver.cpp:856:9
    #15 0x4fbc22 in main /src/llvm-project/compiler-rt/lib/fuzzer/FuzzerMain.cpp:20:10
    #16 0x7ed808c0a83f in __libc_start_main (/lib/x86_64-linux-gnu/libc.so.6+0x2083f)
    #17 0x4a6948 in _start (/out/FuzzShell+0x4a6948)

DEDUP_TOKEN: Shell::Parser::parse_glob()--Shell::Parser::parse_string_composite()--Shell::Parser::parse_expression()
SUMMARY: UndefinedBehaviorSanitizer: undefined-behavior /src/serenity/Shell/Parser.cpp:1380:29 in 
