INFO: Seed: 2219487814
INFO: Loaded 1 modules   (31880 inline 8-bit counters): 31880 [0xf63120, 0xf6ada8), 
INFO: Loaded 1 PC tables (31880 PCs): 31880 [0xbf08c8,0xc6d148), 
/out/fuzz_pkcs15_reader: Running 1 inputs 1 time(s) each.
Running: /tmp/poc
=================================================================
==13==ERROR: AddressSanitizer: attempting double-free on 0x6030000002e0 in thread T0:
SCARINESS: 42 (double-free)
    #0 0x51f67d in free /src/llvm-project/compiler-rt/lib/asan/asan_malloc_linux.cpp:123:3
    #1 0x587844 in sc_pkcs15_free_tokeninfo /src/opensc/src/libopensc/pkcs15.c:736:3
    #2 0x588375 in sc_pkcs15_card_free /src/opensc/src/libopensc/pkcs15.c:794:2
    #3 0x55319b in LLVMFuzzerTestOneInput /src/opensc/src/tests/fuzzing/fuzz_pkcs15_reader.c:290:9
    #4 0x45a9b1 in fuzzer::Fuzzer::ExecuteCallback(unsigned char const*, unsigned long) /src/llvm-project/compiler-rt/lib/fuzzer/FuzzerLoop.cpp:558:15
    #5 0x445ce2 in fuzzer::RunOneTest(fuzzer::Fuzzer*, char const*, unsigned long) /src/llvm-project/compiler-rt/lib/fuzzer/FuzzerDriver.cpp:296:6
    #6 0x44be3e in fuzzer::FuzzerDriver(int*, char***, int (*)(unsigned char const*, unsigned long)) /src/llvm-project/compiler-rt/lib/fuzzer/FuzzerDriver.cpp:796:9
    #7 0x473d02 in main /src/llvm-project/compiler-rt/lib/fuzzer/FuzzerMain.cpp:19:10
    #8 0x77beb331283f in __libc_start_main (/lib/x86_64-linux-gnu/libc.so.6+0x2083f)
    #9 0x4203d8 in _start (/out/fuzz_pkcs15_reader+0x4203d8)

DEDUP_TOKEN: free--sc_pkcs15_free_tokeninfo--sc_pkcs15_card_free
0x6030000002e0 is located 0 bytes inside of 32-byte region [0x6030000002e0,0x603000000300)
freed by thread T0 here:
    #0 0x51f67d in free /src/llvm-project/compiler-rt/lib/asan/asan_malloc_linux.cpp:123:3
    #1 0x9e12f3 in idprime_get_token_name /src/opensc/src/libopensc/card-idprime.c:451:3
    #2 0x9d984b in idprime_card_ctl /src/opensc/src/libopensc/card-idprime.c:475:11
    #3 0x572cd7 in sc_card_ctl /src/opensc/src/libopensc/card.c:1058:7
    #4 0xa61056 in sc_pkcs15emu_idprime_init /src/opensc/src/libopensc/pkcs15-idprime.c:112:6
    #5 0xa5fcac in sc_pkcs15emu_idprime_init_ex /src/opensc/src/libopensc/pkcs15-idprime.c:285:9
    #6 0x5fa9b5 in sc_pkcs15_bind_synthetic /src/opensc/src/libopensc/pkcs15-syn.c:125:8
    #7 0x592050 in sc_pkcs15_bind /src/opensc/src/libopensc/pkcs15.c:1278:8
    #8 0x5517db in LLVMFuzzerTestOneInput /src/opensc/src/tests/fuzzing/fuzz_pkcs15_reader.c:210:5
    #9 0x45a9b1 in fuzzer::Fuzzer::ExecuteCallback(unsigned char const*, unsigned long) /src/llvm-project/compiler-rt/lib/fuzzer/FuzzerLoop.cpp:558:15
    #10 0x445ce2 in fuzzer::RunOneTest(fuzzer::Fuzzer*, char const*, unsigned long) /src/llvm-project/compiler-rt/lib/fuzzer/FuzzerDriver.cpp:296:6
    #11 0x44be3e in fuzzer::FuzzerDriver(int*, char***, int (*)(unsigned char const*, unsigned long)) /src/llvm-project/compiler-rt/lib/fuzzer/FuzzerDriver.cpp:796:9
    #12 0x473d02 in main /src/llvm-project/compiler-rt/lib/fuzzer/FuzzerMain.cpp:19:10
    #13 0x77beb331283f in __libc_start_main (/lib/x86_64-linux-gnu/libc.so.6+0x2083f)

DEDUP_TOKEN: free--idprime_get_token_name--idprime_card_ctl
previously allocated by thread T0 here:
    #0 0x51f8fd in malloc /src/llvm-project/compiler-rt/lib/asan/asan_malloc_linux.cpp:145:3
    #1 0x9e0ee8 in idprime_get_token_name /src/opensc/src/libopensc/card-idprime.c:444:11
    #2 0x9d984b in idprime_card_ctl /src/opensc/src/libopensc/card-idprime.c:475:11
    #3 0x572cd7 in sc_card_ctl /src/opensc/src/libopensc/card.c:1058:7
    #4 0xa61056 in sc_pkcs15emu_idprime_init /src/opensc/src/libopensc/pkcs15-idprime.c:112:6
    #5 0xa5fcac in sc_pkcs15emu_idprime_init_ex /src/opensc/src/libopensc/pkcs15-idprime.c:285:9
    #6 0x5fa9b5 in sc_pkcs15_bind_synthetic /src/opensc/src/libopensc/pkcs15-syn.c:125:8
    #7 0x592050 in sc_pkcs15_bind /src/opensc/src/libopensc/pkcs15.c:1278:8
    #8 0x5517db in LLVMFuzzerTestOneInput /src/opensc/src/tests/fuzzing/fuzz_pkcs15_reader.c:210:5
    #9 0x45a9b1 in fuzzer::Fuzzer::ExecuteCallback(unsigned char const*, unsigned long) /src/llvm-project/compiler-rt/lib/fuzzer/FuzzerLoop.cpp:558:15
    #10 0x445ce2 in fuzzer::RunOneTest(fuzzer::Fuzzer*, char const*, unsigned long) /src/llvm-project/compiler-rt/lib/fuzzer/FuzzerDriver.cpp:296:6
    #11 0x44be3e in fuzzer::FuzzerDriver(int*, char***, int (*)(unsigned char const*, unsigned long)) /src/llvm-project/compiler-rt/lib/fuzzer/FuzzerDriver.cpp:796:9
    #12 0x473d02 in main /src/llvm-project/compiler-rt/lib/fuzzer/FuzzerMain.cpp:19:10
    #13 0x77beb331283f in __libc_start_main (/lib/x86_64-linux-gnu/libc.so.6+0x2083f)

DEDUP_TOKEN: malloc--idprime_get_token_name--idprime_card_ctl
SUMMARY: AddressSanitizer: double-free /src/llvm-project/compiler-rt/lib/asan/asan_malloc_linux.cpp:123:3 in free
==13==ABORTING
