[2024/10/25 05:38:50] [ info] [storage] version=1.1.0, initializing...
[2024/10/25 05:38:50] [ info] [storage] in-memory
[2024/10/25 05:38:50] [ info] [storage] normal synchronization mode, checksum disabled, max_chunks_up=128
INFO: Running with entropic power schedule (0xFF, 100).
INFO: Seed: 2292100479
[2024/10/25 05:38:50] [ info] [engine] started (pid=13)
[2024/10/25 05:38:50] [debug] [engine] coroutine stack size: 24576 bytes (24.0K)
[2024/10/25 05:38:50] [debug] [storage] [cio stream] new stream registered: lib.0
[2024/10/25 05:38:50] [ info] [storage] version=1.1.0, initializing...
[2024/10/25 05:38:50] [ info] [storage] in-memory
[2024/10/25 05:38:50] [ info] [storage] normal synchronization mode, checksum disabled, max_chunks_up=128
[2024/10/25 05:38:50] [debug] [lib:lib.0] created event channels: read=22 write=23
INFO: Loaded 1 modules   (68497 inline 8-bit counters): 68497 [0xd19020, 0xd29bb1), 
INFO: Loaded 1 PC tables (68497 PCs): 68497 [0xd29bb8,0xe354c8), 
/out/flb-it-fuzz-engine_fuzzer_OSSFUZZ: Running 1 inputs 1 time(s) each.
Running: /tmp/poc
/src/fluent-bit/tests/internal/fuzzers/engine_fuzzer.c:68:32: runtime error: member access within address 0x000001c80f10 with insufficient space for an object of type 'struct flb_input_instance'
0x000001c80f10: note: pointer points here
 00 00 00 00  12 00 00 00 00 00 00 00  01 00 00 00 02 00 00 00  00 00 00 00 00 00 00 00  00 00 00 00
              ^ 
    #0 0x4d2d80 in LLVMFuzzerTestOneInput /src/fluent-bit/tests/internal/fuzzers/engine_fuzzer.c:68:32
    #1 0x463451 in fuzzer::Fuzzer::ExecuteCallback(unsigned char const*, unsigned long) /src/llvm-project/compiler-rt/lib/fuzzer/FuzzerLoop.cpp:599:15
    #2 0x44d1e2 in fuzzer::RunOneTest(fuzzer::Fuzzer*, char const*, unsigned long) /src/llvm-project/compiler-rt/lib/fuzzer/FuzzerDriver.cpp:323:6
    #3 0x453525 in fuzzer::FuzzerDriver(int*, char***, int (*)(unsigned char const*, unsigned long)) /src/llvm-project/compiler-rt/lib/fuzzer/FuzzerDriver.cpp:856:9
    #4 0x47d3d2 in main /src/llvm-project/compiler-rt/lib/fuzzer/FuzzerMain.cpp:20:10
    #5 0x72870ee9183f in __libc_start_main (/lib/x86_64-linux-gnu/libc.so.6+0x2083f)
    #6 0x4280f8 in _start (/out/flb-it-fuzz-engine_fuzzer_OSSFUZZ+0x4280f8)

DEDUP_TOKEN: LLVMFuzzerTestOneInput--fuzzer::Fuzzer::ExecuteCallback(unsigned char const*, unsigned long)--fuzzer::RunOneTest(fuzzer::Fuzzer*, char const*, unsigned long)
SUMMARY: UndefinedBehaviorSanitizer: undefined-behavior /src/fluent-bit/tests/internal/fuzzers/engine_fuzzer.c:68:32 in 
