INFO: Running with entropic power schedule (0xFF, 100).
INFO: Seed: 2210229851
INFO: Loaded 1 modules   (26384 inline 8-bit counters): 26384 [0xc79e40, 0xc80550), 
INFO: Loaded 1 PC tables (26384 PCs): 26384 [0xc80550,0xce7650), 
/out/flb-it-fuzz-http_fuzzer_OSSFUZZ: Running 1 inputs 1 time(s) each.
Running: /tmp/poc
[2024/10/25 05:37:28] [error] [http] requested buffer size 1624 (bytes) needs to be greater than minimum size allowed 4096 (bytes)
[2024/10/25 05:37:28] [error] [http] requested buffer size 126 (bytes) needs to be greater than minimum size allowed 4096 (bytes)
[2024/10/25 05:37:28] [error] [src/flb_http_client.c:1133 errno=25] Inappropriate ioctl for device
=================================================================
==12==ERROR: AddressSanitizer: heap-buffer-overflow on address 0x6030000004bf at pc 0x000000587718 bp 0x7ffe19b37d30 sp 0x7ffe19b37d28
READ of size 1 at 0x6030000004bf thread T0
SCARINESS: 12 (1-byte-read-heap-buffer-overflow)
    #0 0x587717 in process_chunked_data /src/fluent-bit/src/flb_http_client.c:293:9
    #1 0x582c88 in process_data /src/fluent-bit/src/flb_http_client.c:431:19
    #2 0x582580 in fuzz_process_data /src/fluent-bit/src/flb_http_client.c:453:9
    #3 0x5739c5 in LLVMFuzzerTestOneInput /src/fluent-bit/tests/internal/fuzzers/http_fuzzer.c:78:9
    #4 0x47a9b1 in fuzzer::Fuzzer::ExecuteCallback(unsigned char const*, unsigned long) /src/llvm-project/compiler-rt/lib/fuzzer/FuzzerLoop.cpp:599:15
    #5 0x464742 in fuzzer::RunOneTest(fuzzer::Fuzzer*, char const*, unsigned long) /src/llvm-project/compiler-rt/lib/fuzzer/FuzzerDriver.cpp:323:6
    #6 0x46aa85 in fuzzer::FuzzerDriver(int*, char***, int (*)(unsigned char const*, unsigned long)) /src/llvm-project/compiler-rt/lib/fuzzer/FuzzerDriver.cpp:856:9
    #7 0x494932 in main /src/llvm-project/compiler-rt/lib/fuzzer/FuzzerMain.cpp:20:10
    #8 0x7034aad0083f in __libc_start_main (/lib/x86_64-linux-gnu/libc.so.6+0x2083f)
    #9 0x43f658 in _start (/out/flb-it-fuzz-http_fuzzer_OSSFUZZ+0x43f658)

DEDUP_TOKEN: process_chunked_data--process_data--fuzz_process_data
0x6030000004bf is located 1 bytes to the left of 27-byte region [0x6030000004c0,0x6030000004db)
allocated by thread T0 here:
    #0 0x54305d in malloc /src/llvm-project/compiler-rt/lib/asan/asan_malloc_linux.cpp:145:3
    #1 0x5b0fc7 in flb_malloc /src/fluent-bit/include/fluent-bit/flb_mem.h:62:11
    #2 0x5ae379 in sds_alloc /src/fluent-bit/src/flb_sds.c:40:11
    #3 0x5ae280 in flb_sds_create_len /src/fluent-bit/src/flb_sds.c:61:9
    #4 0x5a09f4 in flb_kv_item_create_len /src/fluent-bit/src/flb_kv.c:50:19
    #5 0x584eba in flb_http_add_header /src/fluent-bit/src/flb_http_client.c:879:10
    #6 0x5737fa in LLVMFuzzerTestOneInput /src/fluent-bit/tests/internal/fuzzers/http_fuzzer.c:60:9
    #7 0x47a9b1 in fuzzer::Fuzzer::ExecuteCallback(unsigned char const*, unsigned long) /src/llvm-project/compiler-rt/lib/fuzzer/FuzzerLoop.cpp:599:15
    #8 0x464742 in fuzzer::RunOneTest(fuzzer::Fuzzer*, char const*, unsigned long) /src/llvm-project/compiler-rt/lib/fuzzer/FuzzerDriver.cpp:323:6
    #9 0x46aa85 in fuzzer::FuzzerDriver(int*, char***, int (*)(unsigned char const*, unsigned long)) /src/llvm-project/compiler-rt/lib/fuzzer/FuzzerDriver.cpp:856:9
    #10 0x494932 in main /src/llvm-project/compiler-rt/lib/fuzzer/FuzzerMain.cpp:20:10
    #11 0x7034aad0083f in __libc_start_main (/lib/x86_64-linux-gnu/libc.so.6+0x2083f)

DEDUP_TOKEN: malloc--flb_malloc--sds_alloc
SUMMARY: AddressSanitizer: heap-buffer-overflow /src/fluent-bit/src/flb_http_client.c:293:9 in process_chunked_data
Shadow bytes around the buggy address:
  0x0c067fff8040: 00 00 fa fa 00 00 00 07 fa fa 00 00 02 fa fa fa
  0x0c067fff8050: 00 00 00 07 fa fa fd fd fd fd fa fa 00 00 00 00
  0x0c067fff8060: fa fa 00 00 00 06 fa fa 00 00 00 00 fa fa 00 00
  0x0c067fff8070: 05 fa fa fa 00 00 00 00 fa fa 00 00 00 03 fa fa
  0x0c067fff8080: 00 00 00 03 fa fa 00 00 00 02 fa fa 00 00 00 00
=>0x0c067fff8090: fa fa 00 00 00 03 fa[fa]00 00 00 03 fa fa 00 00
  0x0c067fff80a0: 00 00 fa fa 00 00 00 03 fa fa 00 00 00 07 fa fa
  0x0c067fff80b0: fa fa fa fa fa fa fa fa fa fa fa fa fa fa fa fa
  0x0c067fff80c0: fa fa fa fa fa fa fa fa fa fa fa fa fa fa fa fa
  0x0c067fff80d0: fa fa fa fa fa fa fa fa fa fa fa fa fa fa fa fa
  0x0c067fff80e0: fa fa fa fa fa fa fa fa fa fa fa fa fa fa fa fa
Shadow byte legend (one shadow byte represents 8 application bytes):
  Addressable:           00
  Partially addressable: 01 02 03 04 05 06 07 
  Heap left redzone:       fa
  Freed heap region:       fd
  Stack left redzone:      f1
  Stack mid redzone:       f2
  Stack right redzone:     f3
  Stack after return:      f5
  Stack use after scope:   f8
  Global redzone:          f9
  Global init order:       f6
  Poisoned by user:        f7
  Container overflow:      fc
  Array cookie:            ac
  Intra object redzone:    bb
  ASan internal:           fe
  Left alloca redzone:     ca
  Right alloca redzone:    cb
  Shadow gap:              cc
==12==ABORTING
