INFO: Seed: 2241957835
INFO: Loaded 1 modules   (117960 inline 8-bit counters): 117960 [0x94c7440, 0x94e4108), 
INFO: Loaded 1 PC tables (117960 PCs): 117960 [0x94e4108,0x95ca748), 
/out/php-fuzz-execute: Running 1 inputs 1 time(s) each.
Running: /tmp/poc
=================================================================
==13==ERROR: AddressSanitizer: heap-buffer-overflow on address 0xe8f0dbc8 at pc 0x085e4d37 bp 0xffcb6448 sp 0xffcb6440
WRITE of size 4 at 0xe8f0dbc8 thread T0
SCARINESS: 36 (4-byte-write-heap-buffer-overflow)
    #0 0x85e4d36 in zif_range /src/php-src/ext/standard/array.c:2818:6
    #1 0x8a6ee5b in ZEND_DO_ICALL_SPEC_RETVAL_USED_HANDLER /src/php-src/Zend/zend_vm_execute.h:1294:2
    #2 0x8b8c9b2 in fuzzer_execute_ex /src/php-src/sapi/fuzzer/fuzzer-execute.c:39:14
    #3 0x89fc6f0 in ZEND_DO_FCALL_SPEC_RETVAL_UNUSED_HANDLER /src/php-src/Zend/zend_vm_execute.h:1588:4
    #4 0x8b8c9b2 in fuzzer_execute_ex /src/php-src/sapi/fuzzer/fuzzer-execute.c:39:14
    #5 0x89708ad in zend_execute /src/php-src/Zend/zend_vm_execute.h:57958:2
    #6 0x8b8d588 in fuzzer_do_request_from_buffer /src/php-src/sapi/fuzzer/fuzzer-sapi.c:255:5
    #7 0x8b8cb1e in LLVMFuzzerTestOneInput /src/php-src/sapi/fuzzer/fuzzer-execute.c:57:2
    #8 0x80c0301 in fuzzer::Fuzzer::ExecuteCallback(unsigned char const*, unsigned int) /src/llvm-project/compiler-rt/lib/fuzzer/FuzzerLoop.cpp:559:15
    #9 0x80abebe in fuzzer::RunOneTest(fuzzer::Fuzzer*, char const*, unsigned int) /src/llvm-project/compiler-rt/lib/fuzzer/FuzzerDriver.cpp:301:6
    #10 0x80b19ae in fuzzer::FuzzerDriver(int*, char***, int (*)(unsigned char const*, unsigned int)) /src/llvm-project/compiler-rt/lib/fuzzer/FuzzerDriver.cpp:801:9
    #11 0x80d9247 in main /src/llvm-project/compiler-rt/lib/fuzzer/FuzzerMain.cpp:20:10
    #12 0xeb521646 in __libc_start_main (/lib32/libc.so.6+0x18646)
    #13 0x8086374 in _start (/out/php-fuzz-execute+0x8086374)

DEDUP_TOKEN: zif_range--ZEND_DO_ICALL_SPEC_RETVAL_USED_HANDLER--fuzzer_execute_ex
0xe8f0dbc8 is located 0 bytes to the right of 200-byte region [0xe8f0db00,0xe8f0dbc8)
allocated by thread T0 here:
    #0 0x818e365 in malloc /src/llvm-project/compiler-rt/lib/asan/asan_malloc_linux.cpp:145:3
    #1 0x885ecc4 in __zend_malloc /src/php-src/Zend/zend_alloc.c:3030:14
    #2 0x885b6b3 in tracked_malloc /src/php-src/Zend/zend_alloc.c:2733:14
    #3 0x885e4b7 in _malloc_custom /src/php-src/Zend/zend_alloc.c
    #4 0x885e3c2 in _emalloc /src/php-src/Zend/zend_alloc.c:2537:10
    #5 0x892bf90 in zend_hash_real_init_packed_ex /src/php-src/Zend/zend_hash.c
    #6 0x892c5d6 in zend_hash_real_init_packed /src/php-src/Zend/zend_hash.c:326:2
    #7 0x85e39d6 in zif_range /src/php-src/ext/standard/array.c:2815:4
    #8 0x8a6ee5b in ZEND_DO_ICALL_SPEC_RETVAL_USED_HANDLER /src/php-src/Zend/zend_vm_execute.h:1294:2
    #9 0x8b8c9b2 in fuzzer_execute_ex /src/php-src/sapi/fuzzer/fuzzer-execute.c:39:14
    #10 0x89fc6f0 in ZEND_DO_FCALL_SPEC_RETVAL_UNUSED_HANDLER /src/php-src/Zend/zend_vm_execute.h:1588:4
    #11 0x8b8c9b2 in fuzzer_execute_ex /src/php-src/sapi/fuzzer/fuzzer-execute.c:39:14
    #12 0x89708ad in zend_execute /src/php-src/Zend/zend_vm_execute.h:57958:2
    #13 0x8b8d588 in fuzzer_do_request_from_buffer /src/php-src/sapi/fuzzer/fuzzer-sapi.c:255:5
    #14 0x8b8cb1e in LLVMFuzzerTestOneInput /src/php-src/sapi/fuzzer/fuzzer-execute.c:57:2
    #15 0x80c0301 in fuzzer::Fuzzer::ExecuteCallback(unsigned char const*, unsigned int) /src/llvm-project/compiler-rt/lib/fuzzer/FuzzerLoop.cpp:559:15
    #16 0x80abebe in fuzzer::RunOneTest(fuzzer::Fuzzer*, char const*, unsigned int) /src/llvm-project/compiler-rt/lib/fuzzer/FuzzerDriver.cpp:301:6
    #17 0x80b19ae in fuzzer::FuzzerDriver(int*, char***, int (*)(unsigned char const*, unsigned int)) /src/llvm-project/compiler-rt/lib/fuzzer/FuzzerDriver.cpp:801:9
    #18 0x80d9247 in main /src/llvm-project/compiler-rt/lib/fuzzer/FuzzerMain.cpp:20:10
    #19 0xeb521646 in __libc_start_main (/lib32/libc.so.6+0x18646)

DEDUP_TOKEN: malloc--__zend_malloc--tracked_malloc
SUMMARY: AddressSanitizer: heap-buffer-overflow /src/php-src/ext/standard/array.c:2818:6 in zif_range
Shadow bytes around the buggy address:
  0x3d1e1b20: fa fa fa fa fa fa fa fa fa fa fa fa fa fa fa fa
  0x3d1e1b30: fa fa fa fa fa fa fa fa fa fa fa fa fa fa fa fa
  0x3d1e1b40: fa fa fa fa fa fa fa fa fa fa fa fa fa fa fa fa
  0x3d1e1b50: fa fa fa fa fa fa fa fa fa fa fa fa fa fa fa fa
  0x3d1e1b60: 00 00 00 00 00 00 00 00 00 00 00 00 00 00 00 00
=>0x3d1e1b70: 00 00 00 00 00 00 00 00 00[fa]fa fa fa fa fa fa
  0x3d1e1b80: fa fa fa fa fa fa fa fa 00 00 00 00 00 00 00 00
  0x3d1e1b90: 00 00 00 00 00 00 00 00 00 00 00 00 00 00 00 00
  0x3d1e1ba0: 00 fa fa fa fa fa fa fa fa fa fa fa fa fa fa fa
  0x3d1e1bb0: 00 00 00 00 00 00 00 00 00 00 00 00 00 00 00 00
  0x3d1e1bc0: 00 00 00 00 00 00 00 00 00 00 00 00 00 00 00 00
Shadow byte legend (one shadow byte represents 8 application bytes):
  Addressable:           00
  Partially addressable: 01 02 03 04 05 06 07 
  Heap left redzone:       fa
  Freed heap region:       fd
  Stack left redzone:      f1
  Stack mid redzone:       f2
  Stack right redzone:     f3
  Stack after return:      f5
  Stack use after scope:   f8
  Global redzone:          f9
  Global init order:       f6
  Poisoned by user:        f7
  Container overflow:      fc
  Array cookie:            ac
  Intra object redzone:    bb
  ASan internal:           fe
  Left alloca redzone:     ca
  Right alloca redzone:    cb
  Shadow gap:              cc
==13==ABORTING
