======================= INFO =========================
This binary is built for AFL-fuzz.
To run the target function on individual input(s) execute this:
  /out/kimgio_xcf_fuzzer < INPUT_FILE
or
  /out/kimgio_xcf_fuzzer INPUT_FILE1 [INPUT_FILE2 ... ]
To fuzz with afl-fuzz execute this:
  afl-fuzz [afl-flags] /out/kimgio_xcf_fuzzer [-N]
afl-fuzz will run N iterations before re-spawning the process (default: 1000)
======================================================
Reading 17850 bytes from /tmp/poc
QBuffer::seek: Invalid pos: -2146893572
QBuffer::seek: Invalid pos: 4239357
QBuffer::seek: Invalid pos: 8330752
QBuffer::seek: Invalid pos: 2162304
QBuffer::seek: Invalid pos: 117702720
QBuffer::seek: Invalid pos: 16777353
QBuffer::seek: Invalid pos: -1695507814
QBuffer::seek: Invalid pos: 503316480
QBuffer::seek: Invalid pos: 16515072
AddressSanitizer:DEADLYSIGNAL
=================================================================
==13==ERROR: AddressSanitizer: SEGV on unknown address (pc 0x00000079d083 bp 0x7ffdb7808bf0 sp 0x7ffdb7808b40 T0)
==13==The signal is caused by a READ memory access.
==13==Hint: this fault was caused by a dereference of a high value address (see register values below).  Dissassemble the provided pc to learn which register was used.
SCARINESS: 20 (wild-addr-read)
    #0 0x79d083 in QPainterPrivate::attachPainterPrivate(QPainter*, QPaintDevice*) /src/qtbase/src/gui/painting/qpainter.cpp:259:26
    #1 0x7b0e36 in QPainter::QPainter(QPaintDevice*) /src/qtbase/src/gui/painting/qpainter.cpp:1490:10
    #2 0x4dbb9d in XCFImageFormat::mergeLayerIntoImage(XCFImageFormat::XCFImage&) /src/kimageformats/src/imageformats/xcf.cpp:2391:26
    #3 0x4d3397 in XCFImageFormat::loadLayer(QDataStream&, XCFImageFormat::XCFImage&) /src/kimageformats/src/imageformats/xcf.cpp:962:9
    #4 0x4d0bc4 in XCFImageFormat::readXCF(QIODevice*, QImage*) /src/kimageformats/src/imageformats/xcf.cpp:676:14
    #5 0x4eb07e in XCFHandler::read(QImage*) /src/kimageformats/src/imageformats/xcf.cpp:3242:18
    #6 0x4ce856 in LLVMFuzzerTestOneInput /src/kimgio_fuzzer.cc:54:14
    #7 0x1cef24e in ExecuteFilesOnyByOne /src/libfuzzer/afl/afl_driver.cpp:216:5
    #8 0x1cef24e in main /src/libfuzzer/afl/afl_driver.cpp:253:12
    #9 0x7a232fea983f in __libc_start_main (/lib/x86_64-linux-gnu/libc.so.6+0x2083f)
    #10 0x423308 in _start (/out/kimgio_xcf_fuzzer+0x423308)

DEDUP_TOKEN: QPainterPrivate::attachPainterPrivate(QPainter*, QPaintDevice*)--QPainter::QPainter(QPaintDevice*)--XCFImageFormat::mergeLayerIntoImage(XCFImageFormat::XCFImage&)
AddressSanitizer can not provide additional info.
SUMMARY: AddressSanitizer: SEGV /src/qtbase/src/gui/painting/qpainter.cpp:259:26 in QPainterPrivate::attachPainterPrivate(QPainter*, QPaintDevice*)
==13==ABORTING
