INFO: Running with entropic power schedule (0xFF, 100).
INFO: Seed: 2287421222
INFO: Loaded 1 modules   (44785 inline 8-bit counters): 44785 [0x87da400, 0x87e52f1), 
INFO: Loaded 1 PC tables (44785 PCs): 44785 [0x873537c,0x878cb04), 
/out/decompress_frame_fuzzer: Running 1 inputs 1 time(s) each.
Running: /tmp/poc
AddressSanitizer:DEADLYSIGNAL
=================================================================
==13==ERROR: AddressSanitizer: SEGV on unknown address 0x263f6519 (pc 0x0820f487 bp 0xffb0af28 sp 0xffb0aea0 T0)
==13==The signal is caused by a READ memory access.
SCARINESS: 20 (wild-addr-read)
    #0 0x820f487 in blosc_getitem /src/c-blosc2/blosc/blosc2.c:2622:21
    #1 0x823eafe in get_coffset /src/c-blosc2/blosc/frame.c:1550:12
    #2 0x823faf1 in frame_get_lazychunk /src/c-blosc2/blosc/frame.c:1710:20
    #3 0x8247aab in frame_decompress_chunk /src/c-blosc2/blosc/frame.c:2504:20
    #4 0x82315b6 in blosc2_schunk_decompress_chunk /src/c-blosc2/blosc/schunk.c:615:17
    #5 0x81a9202 in LLVMFuzzerTestOneInput /src/c-blosc2/tests/fuzz/fuzz_decompress_frame.c:33:15
    #6 0x80a3531 in fuzzer::Fuzzer::ExecuteCallback(unsigned char const*, unsigned int) /src/llvm-project/compiler-rt/lib/fuzzer/FuzzerLoop.cpp:599:15
    #7 0x808dace in fuzzer::RunOneTest(fuzzer::Fuzzer*, char const*, unsigned int) /src/llvm-project/compiler-rt/lib/fuzzer/FuzzerDriver.cpp:323:6
    #8 0x80939f4 in fuzzer::FuzzerDriver(int*, char***, int (*)(unsigned char const*, unsigned int)) /src/llvm-project/compiler-rt/lib/fuzzer/FuzzerDriver.cpp:856:9
    #9 0x80bd1e7 in main /src/llvm-project/compiler-rt/lib/fuzzer/FuzzerMain.cpp:20:10
    #10 0xe92f7646 in __libc_start_main (/lib32/libc.so.6+0x18646)
    #11 0x80680f8 in _start (/out/decompress_frame_fuzzer+0x80680f8)

DEDUP_TOKEN: blosc_getitem--get_coffset--frame_get_lazychunk
AddressSanitizer can not provide additional info.
SUMMARY: AddressSanitizer: SEGV /src/c-blosc2/blosc/blosc2.c:2622:21 in blosc_getitem
==13==ABORTING
