INFO: Seed: 2270058349
INFO: Loaded 1 modules   (24545 inline 8-bit counters): 24545 [0xaebcb8, 0xaf1c99), 
INFO: Loaded 1 PC tables (24545 PCs): 24545 [0x7bd430,0x81d240), 
/out/matio_fuzzer: Running 1 inputs 1 time(s) each.
Running: /tmp/poc
HDF5-DIAG: Error detected in HDF5 (1.8.16) thread 134737939773248:
  #000: ../../../src/H5I.c line 2257 in H5Iget_name(): can't retrieve object name
    major: Object atom
    minor: Can't get value
  #001: ../../../src/H5Gname.c line 600 in H5G_get_name(): can't determine name
    major: Symbol table
    minor: Can't get value
  #002: ../../../src/H5Gname.c line 1321 in H5G_get_name_by_addr(): group traversal failed while looking for object name
    major: Symbol table
    minor: Iteration failed
  #003: ../../../src/H5Gint.c line 1175 in H5G_visit(): can't visit links
    major: Symbol table
    minor: Iteration failed
  #004: ../../../src/H5Gobj.c line 708 in H5G__obj_iterate(): can't iterate over symbol table
    major: Symbol table
    minor: Iteration failed
  #005: ../../../src/H5Gstab.c line 566 in H5G__stab_iterate(): iteration operator failed
    major: Symbol table
    minor: Can't move to next iterator location
  #006: ../../../src/H5B.c line 1221 in H5B_iterate(): B-tree iteration failed
    major: B-Tree node
    minor: Iteration failed
  #007: ../../../src/H5B.c line 1177 in H5B_iterate_helper(): B-tree iteration failed
    major: B-Tree node
    minor: Iteration failed
  #008: ../../../src/H5Gnode.c line 1039 in H5G__node_iterate(): iteration operator failed
    major: Symbol table
    minor: Can't move to next iterator location
  #009: ../../../src/H5Gobj.c line 708 in H5G__obj_iterate(): can't iterate over symbol table
    major: Symbol table
    minor: Iteration failed
  #010: ../../../src/H5Gstab.c line 550 in H5G__stab_iterate(): unable to protect symbol table heap
    major: Symbol table
    minor: Protected metadata error
  #011: ../../../src/H5HL.c line 490 in H5HL_protect(): unable to load heap data block
    major: Heap
    minor: Unable to protect metadata
  #012: ../../../src/H5AC.c line 1262 in H5AC_protect(): H5C_protect() failed.
    major: Object cache
    minor: Unable to protect metadata
  #013: ../../../src/H5C.c line 3574 in H5C_protect(): can't load entry
    major: Object cache
    minor: Unable to load metadata into cache
  #014: ../../../src/H5C.c line 7954 in H5C_load_entry(): unable to load entry
    major: Object cache
    minor: Unable to load metadata into cache
  #015: ../../../src/H5HLcache.c line 672 in H5HL_datablock_load(): unable to destroy local heap data block
    major: Heap
    minor: Unable to release object
  #016: ../../../src/H5HLint.c line 401 in H5HL_dblk_dest(): can't unpin local heap prefix
    major: Heap
    minor: Unable to un-pin cache entry
  #017: ../../../src/H5AC.c line 1396 in H5AC_unpin_entry(): can't unpin entry
    major: Object cache
    minor: Unable to un-pin cache entry
  #018: ../../../src/H5C.c line 5065 in H5C_unpin_entry(): Entry isn't pinned
    major: Object cache
    minor: Unable to un-pin cache entry
  #019: ../../../src/H5HLcache.c line 659 in H5HL_datablock_load(): can't initialize free list
    major: Heap
    minor: Unable to initialize object
  #020: ../../../src/H5HLcache.c line 172 in H5HL_fl_deserialize(): bad heap free list
    major: Heap
    minor: Out of range
HDF5-DIAG: Error detected in HDF5 (1.8.16) thread 134737939773248:
  #000: ../../../src/H5I.c line 2257 in H5Iget_name(): can't retrieve object name
    major: Object atom
    minor: Can't get value
  #001: ../../../src/H5Gname.c line 600 in H5G_get_name(): can't determine name
    major: Symbol table
    minor: Can't get value
  #002: ../../../src/H5Gname.c line 1321 in H5G_get_name_by_addr(): group traversal failed while looking for object name
    major: Symbol table
    minor: Iteration failed
  #003: ../../../src/H5Gint.c line 1175 in H5G_visit(): can't visit links
    major: Symbol table
    minor: Iteration failed
  #004: ../../../src/H5Gobj.c line 708 in H5G__obj_iterate(): can't iterate over symbol table
    major: Symbol table
    minor: Iteration failed
  #005: ../../../src/H5Gstab.c line 566 in H5G__stab_iterate(): iteration operator failed
    major: Symbol table
    minor: Can't move to next iterator location
  #006: ../../../src/H5B.c line 1221 in H5B_iterate(): B-tree iteration failed
    major: B-Tree node
    minor: Iteration failed
  #007: ../../../src/H5B.c line 1177 in H5B_iterate_helper(): B-tree iteration failed
    major: B-Tree node
    minor: Iteration failed
  #008: ../../../src/H5Gnode.c line 1039 in H5G__node_iterate(): iteration operator failed
    major: Symbol table
    minor: Can't move to next iterator location
  #009: ../../../src/H5Gobj.c line 708 in H5G__obj_iterate(): can't iterate over symbol table
    major: Symbol table
    minor: Iteration failed
  #010: ../../../src/H5Gstab.c line 566 in H5G__stab_iterate(): iteration operator failed
    major: Symbol table
    minor: Can't move to next iterator location
  #011: ../../../src/H5B.c line 1221 in H5B_iterate(): B-tree iteration failed
    major: B-Tree node
    minor: Iteration failed
  #012: ../../../src/H5B.c line 1177 in H5B_iterate_helper(): B-tree iteration failed
    major: B-Tree node
    minor: Iteration failed
  #013: ../../../src/H5Gnode.c line 1039 in H5G__node_iterate(): iteration operator failed
    major: Symbol table
    minor: Can't move to next iterator location
  #014: ../../../src/H5Gint.c line 953 in H5G_visit_cb(): object not found
    major: Symbol table
    minor: Object not found
  #015: ../../../src/H5Gloc.c line 430 in H5G_loc_find(): can't find object
    major: Symbol table
    minor: Object not found
  #016: ../../../src/H5Gtraverse.c line 842 in H5G_traverse(): no name given
    major: Symbol table
    minor: Object not found
HDF5-DIAG: Error detected in HDF5 (1.8.16) thread 134737939773248:
  #000: ../../../src/H5R.c line 593 in H5Rdereference(): unable to dereference object
    major: References
    minor: Unable to initialize object
  #001: ../../../src/H5R.c line 481 in H5R_dereference(): dereferencing deleted object
    major: References
    minor: Bad object header link count
  #002: ../../../src/H5O.c line 3085 in H5O_get_rc_and_type(): unable to load object header
    major: Object header
    minor: Unable to protect metadata
  #003: ../../../src/H5O.c line 1685 in H5O_protect(): unable to load object header
    major: Object header
    minor: Unable to protect metadata
  #004: ../../../src/H5AC.c line 1262 in H5AC_protect(): H5C_protect() failed.
    major: Object cache
    minor: Unable to protect metadata
  #005: ../../../src/H5C.c line 3574 in H5C_protect(): can't load entry
    major: Object cache
    minor: Unable to load metadata into cache
  #006: ../../../src/H5C.c line 7954 in H5C_load_entry(): unable to load entry
    major: Object cache
    minor: Unable to load metadata into cache
  #007: ../../../src/H5Ocache.c line 275 in H5O_load(): bad object header version number
    major: Object header
    minor: Wrong version number
HDF5-DIAG: Error detected in HDF5 (1.8.16) thread 134737939773248:
  #000: ../../../src/H5I.c line 2257 in H5Iget_name(): can't retrieve object name
    major: Object atom
    minor: Can't get value
  #001: ../../../src/H5Gname.c line 600 in H5G_get_name(): can't determine name
    major: Symbol table
    minor: Can't get value
  #002: ../../../src/H5Gname.c line 1321 in H5G_get_name_by_addr(): group traversal failed while looking for object name
    major: Symbol table
    minor: Iteration failed
  #003: ../../../src/H5Gint.c line 1175 in H5G_visit(): can't visit links
    major: Symbol table
    minor: Iteration failed
  #004: ../../../src/H5Gobj.c line 708 in H5G__obj_iterate(): can't iterate over symbol table
    major: Symbol table
    minor: Iteration failed
  #005: ../../../src/H5Gstab.c line 566 in H5G__stab_iterate(): iteration operator failed
    major: Symbol table
    minor: Can't move to next iterator location
  #006: ../../../src/H5B.c line 1221 in H5B_iterate(): B-tree iteration failed
    major: B-Tree node
    minor: Iteration failed
  #007: ../../../src/H5B.c line 1177 in H5B_iterate_helper(): B-tree iteration failed
    major: B-Tree node
    minor: Iteration failed
  #008: ../../../src/H5Gnode.c line 1039 in H5G__node_iterate(): iteration operator failed
    major: Symbol table
    minor: Can't move to next iterator location
  #009: ../../../src/H5Gobj.c line 708 in H5G__obj_iterate(): can't iterate over symbol table
    major: Symbol table
    minor: Iteration failed
  #010: ../../../src/H5Gstab.c line 566 in H5G__stab_iterate(): iteration operator failed
    major: Symbol table
    minor: Can't move to next iterator location
  #011: ../../../src/H5B.c line 1221 in H5B_iterate(): B-tree iteration failed
    major: B-Tree node
    minor: Iteration failed
  #012: ../../../src/H5B.c line 1177 in H5B_iterate_helper(): B-tree iteration failed
    major: B-Tree node
    minor: Iteration failed
  #013: ../../../src/H5Gnode.c line 1039 in H5G__node_iterate(): iteration operator failed
    major: Symbol table
    minor: Can't move to next iterator location
  #014: ../../../src/H5Gint.c line 953 in H5G_visit_cb(): object not found
    major: Symbol table
    minor: Object not found
  #015: ../../../src/H5Gloc.c line 430 in H5G_loc_find(): can't find object
    major: Symbol table
    minor: Object not found
  #016: ../../../src/H5Gtraverse.c line 842 in H5G_traverse(): no name given
    major: Symbol table
    minor: Object not found
HDF5-DIAG: Error detected in HDF5 (1.8.16) thread 134737939773248:
  #000: ../../../src/H5I.c line 2257 in H5Iget_name(): can't retrieve object name
    major: Object atom
    minor: Can't get value
  #001: ../../../src/H5Gname.c line 600 in H5G_get_name(): can't determine name
    major: Symbol table
    minor: Can't get value
  #002: ../../../src/H5Gname.c line 1321 in H5G_get_name_by_addr(): group traversal failed while looking for object name
    major: Symbol table
    minor: Iteration failed
  #003: ../../../src/H5Gint.c line 1175 in H5G_visit(): can't visit links
    major: Symbol table
    minor: Iteration failed
  #004: ../../../src/H5Gobj.c line 708 in H5G__obj_iterate(): can't iterate over symbol table
    major: Symbol table
    minor: Iteration failed
  #005: ../../../src/H5Gstab.c line 566 in H5G__stab_iterate(): iteration operator failed
    major: Symbol table
    minor: Can't move to next iterator location
  #006: ../../../src/H5B.c line 1221 in H5B_iterate(): B-tree iteration failed
    major: B-Tree node
    minor: Iteration failed
  #007: ../../../src/H5B.c line 1177 in H5B_iterate_helper(): B-tree iteration failed
    major: B-Tree node
    minor: Iteration failed
  #008: ../../../src/H5Gnode.c line 1039 in H5G__node_iterate(): iteration operator failed
    major: Symbol table
    minor: Can't move to next iterator location
  #009: ../../../src/H5Gobj.c line 708 in H5G__obj_iterate(): can't iterate over symbol table
    major: Symbol table
    minor: Iteration failed
  #010: ../../../src/H5Gstab.c line 566 in H5G__stab_iterate(): iteration operator failed
    major: Symbol table
    minor: Can't move to next iterator location
  #011: ../../../src/H5B.c line 1221 in H5B_iterate(): B-tree iteration failed
    major: B-Tree node
    minor: Iteration failed
  #012: ../../../src/H5B.c line 1177 in H5B_iterate_helper(): B-tree iteration failed
    major: B-Tree node
    minor: Iteration failed
  #013: ../../../src/H5Gnode.c line 1039 in H5G__node_iterate(): iteration operator failed
    major: Symbol table
    minor: Can't move to next iterator location
  #014: ../../../src/H5Gint.c line 953 in H5G_visit_cb(): object not found
    major: Symbol table
    minor: Object not found
  #015: ../../../src/H5Gloc.c line 430 in H5G_loc_find(): can't find object
    major: Symbol table
    minor: Object not found
  #016: ../../../src/H5Gtraverse.c line 842 in H5G_traverse(): no name given
    major: Symbol table
    minor: Object not found
HDF5-DIAG: Error detected in HDF5 (1.8.16) thread 134737939773248:
  #000: ../../../src/H5I.c line 2257 in H5Iget_name(): can't retrieve object name
    major: Object atom
    minor: Can't get value
  #001: ../../../src/H5Gname.c line 600 in H5G_get_name(): can't determine name
    major: Symbol table
    minor: Can't get value
  #002: ../../../src/H5Gname.c line 1321 in H5G_get_name_by_addr(): group traversal failed while looking for object name
    major: Symbol table
    minor: Iteration failed
  #003: ../../../src/H5Gint.c line 1175 in H5G_visit(): can't visit links
    major: Symbol table
    minor: Iteration failed
  #004: ../../../src/H5Gobj.c line 708 in H5G__obj_iterate(): can't iterate over symbol table
    major: Symbol table
    minor: Iteration failed
  #005: ../../../src/H5Gstab.c line 566 in H5G__stab_iterate(): iteration operator failed
    major: Symbol table
    minor: Can't move to next iterator location
  #006: ../../../src/H5B.c line 1221 in H5B_iterate(): B-tree iteration failed
    major: B-Tree node
    minor: Iteration failed
  #007: ../../../src/H5B.c line 1177 in H5B_iterate_helper(): B-tree iteration failed
    major: B-Tree node
    minor: Iteration failed
  #008: ../../../src/H5Gnode.c line 1039 in H5G__node_iterate(): iteration operator failed
    major: Symbol table
    minor: Can't move to next iterator location
  #009: ../../../src/H5Gobj.c line 708 in H5G__obj_iterate(): can't iterate over symbol table
    major: Symbol table
    minor: Iteration failed
  #010: ../../../src/H5Gstab.c line 566 in H5G__stab_iterate(): iteration operator failed
    major: Symbol table
    minor: Can't move to next iterator location
  #011: ../../../src/H5B.c line 1221 in H5B_iterate(): B-tree iteration failed
    major: B-Tree node
    minor: Iteration failed
  #012: ../../../src/H5B.c line 1177 in H5B_iterate_helper(): B-tree iteration failed
    major: B-Tree node
    minor: Iteration failed
  #013: ../../../src/H5Gnode.c line 1039 in H5G__node_iterate(): iteration operator failed
    major: Symbol table
    minor: Can't move to next iterator location
  #014: ../../../src/H5Gint.c line 953 in H5G_visit_cb(): object not found
    major: Symbol table
    minor: Object not found
  #015: ../../../src/H5Gloc.c line 430 in H5G_loc_find(): can't find object
    major: Symbol table
    minor: Object not found
  #016: ../../../src/H5Gtraverse.c line 842 in H5G_traverse(): no name given
    major: Symbol table
    minor: Object not found
HDF5-DIAG: Error detected in HDF5 (1.8.16) thread 134737939773248:
  #000: ../../../src/H5I.c line 2257 in H5Iget_name(): can't retrieve object name
    major: Object atom
    minor: Can't get value
  #001: ../../../src/H5Gname.c line 600 in H5G_get_name(): can't determine name
    major: Symbol table
    minor: Can't get value
  #002: ../../../src/H5Gname.c line 1321 in H5G_get_name_by_addr(): group traversal failed while looking for object name
    major: Symbol table
    minor: Iteration failed
  #003: ../../../src/H5Gint.c line 1175 in H5G_visit(): can't visit links
    major: Symbol table
    minor: Iteration failed
  #004: ../../../src/H5Gobj.c line 708 in H5G__obj_iterate(): can't iterate over symbol table
    major: Symbol table
    minor: Iteration failed
  #005: ../../../src/H5Gstab.c line 566 in H5G__stab_iterate(): iteration operator failed
    major: Symbol table
    minor: Can't move to next iterator location
  #006: ../../../src/H5B.c line 1221 in H5B_iterate(): B-tree iteration failed
    major: B-Tree node
    minor: Iteration failed
  #007: ../../../src/H5B.c line 1177 in H5B_iterate_helper(): B-tree iteration failed
    major: B-Tree node
    minor: Iteration failed
  #008: ../../../src/H5Gnode.c line 1039 in H5G__node_iterate(): iteration operator failed
    major: Symbol table
    minor: Can't move to next iterator location
  #009: ../../../src/H5Gobj.c line 708 in H5G__obj_iterate(): can't iterate over symbol table
    major: Symbol table
    minor: Iteration failed
  #010: ../../../src/H5Gstab.c line 566 in H5G__stab_iterate(): iteration operator failed
    major: Symbol table
    minor: Can't move to next iterator location
  #011: ../../../src/H5B.c line 1221 in H5B_iterate(): B-tree iteration failed
    major: B-Tree node
    minor: Iteration failed
  #012: ../../../src/H5B.c line 1177 in H5B_iterate_helper(): B-tree iteration failed
    major: B-Tree node
    minor: Iteration failed
  #013: ../../../src/H5Gnode.c line 1039 in H5G__node_iterate(): iteration operator failed
    major: Symbol table
    minor: Can't move to next iterator location
  #014: ../../../src/H5Gint.c line 953 in H5G_visit_cb(): object not found
    major: Symbol table
    minor: Object not found
  #015: ../../../src/H5Gloc.c line 430 in H5G_loc_find(): can't find object
    major: Symbol table
    minor: Object not found
  #016: ../../../src/H5Gtraverse.c line 842 in H5G_traverse(): no name given
    major: Symbol table
    minor: Object not found
HDF5-DIAG: Error detected in HDF5 (1.8.16) thread 134737939773248:
  #000: ../../../src/H5I.c line 2257 in H5Iget_name(): can't retrieve object name
    major: Object atom
    minor: Can't get value
  #001: ../../../src/H5Gname.c line 600 in H5G_get_name(): can't determine name
    major: Symbol table
    minor: Can't get value
  #002: ../../../src/H5Gname.c line 1321 in H5G_get_name_by_addr(): group traversal failed while looking for object name
    major: Symbol table
    minor: Iteration failed
  #003: ../../../src/H5Gint.c line 1175 in H5G_visit(): can't visit links
    major: Symbol table
    minor: Iteration failed
  #004: ../../../src/H5Gobj.c line 708 in H5G__obj_iterate(): can't iterate over symbol table
    major: Symbol table
    minor: Iteration failed
  #005: ../../../src/H5Gstab.c line 566 in H5G__stab_iterate(): iteration operator failed
    major: Symbol table
    minor: Can't move to next iterator location
  #006: ../../../src/H5B.c line 1221 in H5B_iterate(): B-tree iteration failed
    major: B-Tree node
    minor: Iteration failed
  #007: ../../../src/H5B.c line 1177 in H5B_iterate_helper(): B-tree iteration failed
    major: B-Tree node
    minor: Iteration failed
  #008: ../../../src/H5Gnode.c line 1039 in H5G__node_iterate(): iteration operator failed
    major: Symbol table
    minor: Can't move to next iterator location
  #009: ../../../src/H5Gobj.c line 708 in H5G__obj_iterate(): can't iterate over symbol table
    major: Symbol table
    minor: Iteration failed
  #010: ../../../src/H5Gstab.c line 566 in H5G__stab_iterate(): iteration operator failed
    major: Symbol table
    minor: Can't move to next iterator location
  #011: ../../../src/H5B.c line 1221 in H5B_iterate(): B-tree iteration failed
    major: B-Tree node
    minor: Iteration failed
  #012: ../../../src/H5B.c line 1177 in H5B_iterate_helper(): B-tree iteration failed
    major: B-Tree node
    minor: Iteration failed
  #013: ../../../src/H5Gnode.c line 1039 in H5G__node_iterate(): iteration operator failed
    major: Symbol table
    minor: Can't move to next iterator location
  #014: ../../../src/H5Gint.c line 953 in H5G_visit_cb(): object not found
    major: Symbol table
    minor: Object not found
  #015: ../../../src/H5Gloc.c line 430 in H5G_loc_find(): can't find object
    major: Symbol table
    minor: Object not found
  #016: ../../../src/H5Gtraverse.c line 842 in H5G_traverse(): no name given
    major: Symbol table
    minor: Object not found
HDF5-DIAG: Error detected in HDF5 (1.8.16) thread 134737939773248:
  #000: ../../../src/H5I.c line 2257 in H5Iget_name(): can't retrieve object name
    major: Object atom
    minor: Can't get value
  #001: ../../../src/H5Gname.c line 600 in H5G_get_name(): can't determine name
    major: Symbol table
    minor: Can't get value
  #002: ../../../src/H5Gname.c line 1321 in H5G_get_name_by_addr(): group traversal failed while looking for object name
    major: Symbol table
    minor: Iteration failed
  #003: ../../../src/H5Gint.c line 1175 in H5G_visit(): can't visit links
    major: Symbol table
    minor: Iteration failed
  #004: ../../../src/H5Gobj.c line 708 in H5G__obj_iterate(): can't iterate over symbol table
    major: Symbol table
    minor: Iteration failed
  #005: ../../../src/H5Gstab.c line 566 in H5G__stab_iterate(): iteration operator failed
    major: Symbol table
    minor: Can't move to next iterator location
  #006: ../../../src/H5B.c line 1221 in H5B_iterate(): B-tree iteration failed
    major: B-Tree node
    minor: Iteration failed
  #007: ../../../src/H5B.c line 1177 in H5B_iterate_helper(): B-tree iteration failed
    major: B-Tree node
    minor: Iteration failed
  #008: ../../../src/H5Gnode.c line 1039 in H5G__node_iterate(): iteration operator failed
    major: Symbol table
    minor: Can't move to next iterator location
  #009: ../../../src/H5Gobj.c line 708 in H5G__obj_iterate(): can't iterate over symbol table
    major: Symbol table
    minor: Iteration failed
  #010: ../../../src/H5Gstab.c line 566 in H5G__stab_iterate(): iteration operator failed
    major: Symbol table
    minor: Can't move to next iterator location
  #011: ../../../src/H5B.c line 1221 in H5B_iterate(): B-tree iteration failed
    major: B-Tree node
    minor: Iteration failed
  #012: ../../../src/H5B.c line 1177 in H5B_iterate_helper(): B-tree iteration failed
    major: B-Tree node
    minor: Iteration failed
  #013: ../../../src/H5Gnode.c line 1039 in H5G__node_iterate(): iteration operator failed
    major: Symbol table
    minor: Can't move to next iterator location
  #014: ../../../src/H5Gint.c line 953 in H5G_visit_cb(): object not found
    major: Symbol table
    minor: Object not found
  #015: ../../../src/H5Gloc.c line 430 in H5G_loc_find(): can't find object
    major: Symbol table
    minor: Object not found
  #016: ../../../src/H5Gtraverse.c line 842 in H5G_traverse(): no name given
    major: Symbol table
    minor: Object not found
HDF5-DIAG: Error detected in HDF5 (1.8.16) thread 134737939773248:
  #000: ../../../src/H5I.c line 2257 in H5Iget_name(): can't retrieve object name
    major: Object atom
    minor: Can't get value
  #001: ../../../src/H5Gname.c line 600 in H5G_get_name(): can't determine name
    major: Symbol table
    minor: Can't get value
  #002: ../../../src/H5Gname.c line 1321 in H5G_get_name_by_addr(): group traversal failed while looking for object name
    major: Symbol table
    minor: Iteration failed
  #003: ../../../src/H5Gint.c line 1175 in H5G_visit(): can't visit links
    major: Symbol table
    minor: Iteration failed
  #004: ../../../src/H5Gobj.c line 708 in H5G__obj_iterate(): can't iterate over symbol table
    major: Symbol table
    minor: Iteration failed
  #005: ../../../src/H5Gstab.c line 566 in H5G__stab_iterate(): iteration operator failed
    major: Symbol table
    minor: Can't move to next iterator location
  #006: ../../../src/H5B.c line 1221 in H5B_iterate(): B-tree iteration failed
    major: B-Tree node
    minor: Iteration failed
  #007: ../../../src/H5B.c line 1177 in H5B_iterate_helper(): B-tree iteration failed
    major: B-Tree node
    minor: Iteration failed
  #008: ../../../src/H5Gnode.c line 1039 in H5G__node_iterate(): iteration operator failed
    major: Symbol table
    minor: Can't move to next iterator location
  #009: ../../../src/H5Gobj.c line 708 in H5G__obj_iterate(): can't iterate over symbol table
    major: Symbol table
    minor: Iteration failed
  #010: ../../../src/H5Gstab.c line 566 in H5G__stab_iterate(): iteration operator failed
    major: Symbol table
    minor: Can't move to next iterator location
  #011: ../../../src/H5B.c line 1221 in H5B_iterate(): B-tree iteration failed
    major: B-Tree node
    minor: Iteration failed
  #012: ../../../src/H5B.c line 1177 in H5B_iterate_helper(): B-tree iteration failed
    major: B-Tree node
    minor: Iteration failed
  #013: ../../../src/H5Gnode.c line 1039 in H5G__node_iterate(): iteration operator failed
    major: Symbol table
    minor: Can't move to next iterator location
  #014: ../../../src/H5Gint.c line 953 in H5G_visit_cb(): object not found
    major: Symbol table
    minor: Object not found
  #015: ../../../src/H5Gloc.c line 430 in H5G_loc_find(): can't find object
    major: Symbol table
    minor: Object not found
  #016: ../../../src/H5Gtraverse.c line 842 in H5G_traverse(): no name given
    major: Symbol table
    minor: Object not found
HDF5-DIAG: Error detected in HDF5 (1.8.16) thread 134737939773248:
  #000: ../../../src/H5I.c line 2257 in H5Iget_name(): can't retrieve object name
    major: Object atom
    minor: Can't get value
  #001: ../../../src/H5Gname.c line 600 in H5G_get_name(): can't determine name
    major: Symbol table
    minor: Can't get value
  #002: ../../../src/H5Gname.c line 1321 in H5G_get_name_by_addr(): group traversal failed while looking for object name
    major: Symbol table
    minor: Iteration failed
  #003: ../../../src/H5Gint.c line 1175 in H5G_visit(): can't visit links
    major: Symbol table
    minor: Iteration failed
  #004: ../../../src/H5Gobj.c line 708 in H5G__obj_iterate(): can't iterate over symbol table
    major: Symbol table
    minor: Iteration failed
  #005: ../../../src/H5Gstab.c line 566 in H5G__stab_iterate(): iteration operator failed
    major: Symbol table
    minor: Can't move to next iterator location
  #006: ../../../src/H5B.c line 1221 in H5B_iterate(): B-tree iteration failed
    major: B-Tree node
    minor: Iteration failed
  #007: ../../../src/H5B.c line 1177 in H5B_iterate_helper(): B-tree iteration failed
    major: B-Tree node
    minor: Iteration failed
  #008: ../../../src/H5Gnode.c line 1039 in H5G__node_iterate(): iteration operator failed
    major: Symbol table
    minor: Can't move to next iterator location
  #009: ../../../src/H5Gobj.c line 708 in H5G__obj_iterate(): can't iterate over symbol table
    major: Symbol table
    minor: Iteration failed
  #010: ../../../src/H5Gstab.c line 566 in H5G__stab_iterate(): iteration operator failed
    major: Symbol table
    minor: Can't move to next iterator location
  #011: ../../../src/H5B.c line 1221 in H5B_iterate(): B-tree iteration failed
    major: B-Tree node
    minor: Iteration failed
  #012: ../../../src/H5B.c line 1177 in H5B_iterate_helper(): B-tree iteration failed
    major: B-Tree node
    minor: Iteration failed
  #013: ../../../src/H5Gnode.c line 1039 in H5G__node_iterate(): iteration operator failed
    major: Symbol table
    minor: Can't move to next iterator location
  #014: ../../../src/H5Gint.c line 953 in H5G_visit_cb(): object not found
    major: Symbol table
    minor: Object not found
  #015: ../../../src/H5Gloc.c line 430 in H5G_loc_find(): can't find object
    major: Symbol table
    minor: Object not found
  #016: ../../../src/H5Gtraverse.c line 842 in H5G_traverse(): no name given
    major: Symbol table
    minor: Object not found
HDF5-DIAG: Error detected in HDF5 (1.8.16) thread 134737939773248:
  #000: ../../../src/H5I.c line 2257 in H5Iget_name(): can't retrieve object name
    major: Object atom
    minor: Can't get value
  #001: ../../../src/H5Gname.c line 600 in H5G_get_name(): can't determine name
    major: Symbol table
    minor: Can't get value
  #002: ../../../src/H5Gname.c line 1321 in H5G_get_name_by_addr(): group traversal failed while looking for object name
    major: Symbol table
    minor: Iteration failed
  #003: ../../../src/H5Gint.c line 1175 in H5G_visit(): can't visit links
    major: Symbol table
    minor: Iteration failed
  #004: ../../../src/H5Gobj.c line 708 in H5G__obj_iterate(): can't iterate over symbol table
    major: Symbol table
    minor: Iteration failed
  #005: ../../../src/H5Gstab.c line 566 in H5G__stab_iterate(): iteration operator failed
    major: Symbol table
    minor: Can't move to next iterator location
  #006: ../../../src/H5B.c line 1221 in H5B_iterate(): B-tree iteration failed
    major: B-Tree node
    minor: Iteration failed
  #007: ../../../src/H5B.c line 1177 in H5B_iterate_helper(): B-tree iteration failed
    major: B-Tree node
    minor: Iteration failed
  #008: ../../../src/H5Gnode.c line 1039 in H5G__node_iterate(): iteration operator failed
    major: Symbol table
    minor: Can't move to next iterator location
  #009: ../../../src/H5Gobj.c line 708 in H5G__obj_iterate(): can't iterate over symbol table
    major: Symbol table
    minor: Iteration failed
  #010: ../../../src/H5Gstab.c line 566 in H5G__stab_iterate(): iteration operator failed
    major: Symbol table
    minor: Can't move to next iterator location
  #011: ../../../src/H5B.c line 1221 in H5B_iterate(): B-tree iteration failed
    major: B-Tree node
    minor: Iteration failed
  #012: ../../../src/H5B.c line 1177 in H5B_iterate_helper(): B-tree iteration failed
    major: B-Tree node
    minor: Iteration failed
  #013: ../../../src/H5Gnode.c line 1039 in H5G__node_iterate(): iteration operator failed
    major: Symbol table
    minor: Can't move to next iterator location
  #014: ../../../src/H5Gint.c line 953 in H5G_visit_cb(): object not found
    major: Symbol table
    minor: Object not found
  #015: ../../../src/H5Gloc.c line 430 in H5G_loc_find(): can't find object
    major: Symbol table
    minor: Object not found
  #016: ../../../src/H5Gtraverse.c line 842 in H5G_traverse(): no name given
    major: Symbol table
    minor: Object not found
HDF5-DIAG: Error detected in HDF5 (1.8.16) thread 134737939773248:
  #000: ../../../src/H5I.c line 2257 in H5Iget_name(): can't retrieve object name
    major: Object atom
    minor: Can't get value
  #001: ../../../src/H5Gname.c line 600 in H5G_get_name(): can't determine name
    major: Symbol table
    minor: Can't get value
  #002: ../../../src/H5Gname.c line 1321 in H5G_get_name_by_addr(): group traversal failed while looking for object name
    major: Symbol table
    minor: Iteration failed
  #003: ../../../src/H5Gint.c line 1175 in H5G_visit(): can't visit links
    major: Symbol table
    minor: Iteration failed
  #004: ../../../src/H5Gobj.c line 708 in H5G__obj_iterate(): can't iterate over symbol table
    major: Symbol table
    minor: Iteration failed
  #005: ../../../src/H5Gstab.c line 566 in H5G__stab_iterate(): iteration operator failed
    major: Symbol table
    minor: Can't move to next iterator location
  #006: ../../../src/H5B.c line 1221 in H5B_iterate(): B-tree iteration failed
    major: B-Tree node
    minor: Iteration failed
  #007: ../../../src/H5B.c line 1177 in H5B_iterate_helper(): B-tree iteration failed
    major: B-Tree node
    minor: Iteration failed
  #008: ../../../src/H5Gnode.c line 1039 in H5G__node_iterate(): iteration operator failed
    major: Symbol table
    minor: Can't move to next iterator location
  #009: ../../../src/H5Gobj.c line 708 in H5G__obj_iterate(): can't iterate over symbol table
    major: Symbol table
    minor: Iteration failed
  #010: ../../../src/H5Gstab.c line 566 in H5G__stab_iterate(): iteration operator failed
    major: Symbol table
    minor: Can't move to next iterator location
  #011: ../../../src/H5B.c line 1221 in H5B_iterate(): B-tree iteration failed
    major: B-Tree node
    minor: Iteration failed
  #012: ../../../src/H5B.c line 1177 in H5B_iterate_helper(): B-tree iteration failed
    major: B-Tree node
    minor: Iteration failed
  #013: ../../../src/H5Gnode.c line 1039 in H5G__node_iterate(): iteration operator failed
    major: Symbol table
    minor: Can't move to next iterator location
  #014: ../../../src/H5Gint.c line 953 in H5G_visit_cb(): object not found
    major: Symbol table
    minor: Object not found
  #015: ../../../src/H5Gloc.c line 430 in H5G_loc_find(): can't find object
    major: Symbol table
    minor: Object not found
  #016: ../../../src/H5Gtraverse.c line 842 in H5G_traverse(): no name given
    major: Symbol table
    minor: Object not found
HDF5-DIAG: Error detected in HDF5 (1.8.16) thread 134737939773248:
  #000: ../../../src/H5I.c line 2257 in H5Iget_name(): can't retrieve object name
    major: Object atom
    minor: Can't get value
  #001: ../../../src/H5Gname.c line 600 in H5G_get_name(): can't determine name
    major: Symbol table
    minor: Can't get value
  #002: ../../../src/H5Gname.c line 1321 in H5G_get_name_by_addr(): group traversal failed while looking for object name
    major: Symbol table
    minor: Iteration failed
  #003: ../../../src/H5Gint.c line 1175 in H5G_visit(): can't visit links
    major: Symbol table
    minor: Iteration failed
  #004: ../../../src/H5Gobj.c line 708 in H5G__obj_iterate(): can't iterate over symbol table
    major: Symbol table
    minor: Iteration failed
  #005: ../../../src/H5Gstab.c line 566 in H5G__stab_iterate(): iteration operator failed
    major: Symbol table
    minor: Can't move to next iterator location
  #006: ../../../src/H5B.c line 1221 in H5B_iterate(): B-tree iteration failed
    major: B-Tree node
    minor: Iteration failed
  #007: ../../../src/H5B.c line 1177 in H5B_iterate_helper(): B-tree iteration failed
    major: B-Tree node
    minor: Iteration failed
  #008: ../../../src/H5Gnode.c line 1039 in H5G__node_iterate(): iteration operator failed
    major: Symbol table
    minor: Can't move to next iterator location
  #009: ../../../src/H5Gobj.c line 708 in H5G__obj_iterate(): can't iterate over symbol table
    major: Symbol table
    minor: Iteration failed
  #010: ../../../src/H5Gstab.c line 566 in H5G__stab_iterate(): iteration operator failed
    major: Symbol table
    minor: Can't move to next iterator location
  #011: ../../../src/H5B.c line 1221 in H5B_iterate(): B-tree iteration failed
    major: B-Tree node
    minor: Iteration failed
  #012: ../../../src/H5B.c line 1177 in H5B_iterate_helper(): B-tree iteration failed
    major: B-Tree node
    minor: Iteration failed
  #013: ../../../src/H5Gnode.c line 1039 in H5G__node_iterate(): iteration operator failed
    major: Symbol table
    minor: Can't move to next iterator location
  #014: ../../../src/H5Gint.c line 953 in H5G_visit_cb(): object not found
    major: Symbol table
    minor: Object not found
  #015: ../../../src/H5Gloc.c line 430 in H5G_loc_find(): can't find object
    major: Symbol table
    minor: Object not found
  #016: ../../../src/H5Gtraverse.c line 842 in H5G_traverse(): no name given
    major: Symbol table
    minor: Object not found
HDF5-DIAG: Error detected in HDF5 (1.8.16) thread 134737939773248:
  #000: ../../../src/H5I.c line 2257 in H5Iget_name(): can't retrieve object name
    major: Object atom
    minor: Can't get value
  #001: ../../../src/H5Gname.c line 600 in H5G_get_name(): can't determine name
    major: Symbol table
    minor: Can't get value
  #002: ../../../src/H5Gname.c line 1321 in H5G_get_name_by_addr(): group traversal failed while looking for object name
    major: Symbol table
    minor: Iteration failed
  #003: ../../../src/H5Gint.c line 1175 in H5G_visit(): can't visit links
    major: Symbol table
    minor: Iteration failed
  #004: ../../../src/H5Gobj.c line 708 in H5G__obj_iterate(): can't iterate over symbol table
    major: Symbol table
    minor: Iteration failed
  #005: ../../../src/H5Gstab.c line 566 in H5G__stab_iterate(): iteration operator failed
    major: Symbol table
    minor: Can't move to next iterator location
  #006: ../../../src/H5B.c line 1221 in H5B_iterate(): B-tree iteration failed
    major: B-Tree node
    minor: Iteration failed
  #007: ../../../src/H5B.c line 1177 in H5B_iterate_helper(): B-tree iteration failed
    major: B-Tree node
    minor: Iteration failed
  #008: ../../../src/H5Gnode.c line 1039 in H5G__node_iterate(): iteration operator failed
    major: Symbol table
    minor: Can't move to next iterator location
  #009: ../../../src/H5Gobj.c line 708 in H5G__obj_iterate(): can't iterate over symbol table
    major: Symbol table
    minor: Iteration failed
  #010: ../../../src/H5Gstab.c line 566 in H5G__stab_iterate(): iteration operator failed
    major: Symbol table
    minor: Can't move to next iterator location
  #011: ../../../src/H5B.c line 1221 in H5B_iterate(): B-tree iteration failed
    major: B-Tree node
    minor: Iteration failed
  #012: ../../../src/H5B.c line 1177 in H5B_iterate_helper(): B-tree iteration failed
    major: B-Tree node
    minor: Iteration failed
  #013: ../../../src/H5Gnode.c line 1039 in H5G__node_iterate(): iteration operator failed
    major: Symbol table
    minor: Can't move to next iterator location
  #014: ../../../src/H5Gint.c line 953 in H5G_visit_cb(): object not found
    major: Symbol table
    minor: Object not found
  #015: ../../../src/H5Gloc.c line 430 in H5G_loc_find(): can't find object
    major: Symbol table
    minor: Object not found
  #016: ../../../src/H5Gtraverse.c line 842 in H5G_traverse(): no name given
    major: Symbol table
    minor: Object not found
HDF5-DIAG: Error detected in HDF5 (1.8.16) thread 134737939773248:
  #000: ../../../src/H5R.c line 593 in H5Rdereference(): unable to dereference object
    major: References
    minor: Unable to initialize object
  #001: ../../../src/H5R.c line 527 in H5R_dereference(): not found
    major: Dataset
    minor: Object not found
  #002: ../../../src/H5Dint.c line 1154 in H5D_open(): not found
    major: Dataset
    minor: Object not found
  #003: ../../../src/H5Dint.c line 1264 in H5D__open_oid(): can't get layout/pline/efl info
    major: Dataset
    minor: Can't get value
  #004: ../../../src/H5Dlayout.c line 354 in H5D__layout_oh_read(): unable to read data layout message
    major: Dataset
    minor: Unable to initialize object
  #005: ../../../src/H5Omessage.c line 484 in H5O_msg_read(): unable to read object header message
    major: Object header
    minor: Read failed
  #006: ../../../src/H5Omessage.c line 539 in H5O_msg_read_oh(): message type not found
    major: Object header
    minor: Object not found
HDF5-DIAG: Error detected in HDF5 (1.8.16) thread 134737939773248:
  #000: ../../../src/H5I.c line 2257 in H5Iget_name(): can't retrieve object name
    major: Object atom
    minor: Can't get value
  #001: ../../../src/H5Gname.c line 600 in H5G_get_name(): can't determine name
    major: Symbol table
    minor: Can't get value
  #002: ../../../src/H5Gname.c line 1321 in H5G_get_name_by_addr(): group traversal failed while looking for object name
    major: Symbol table
    minor: Iteration failed
  #003: ../../../src/H5Gint.c line 1175 in H5G_visit(): can't visit links
    major: Symbol table
    minor: Iteration failed
  #004: ../../../src/H5Gobj.c line 708 in H5G__obj_iterate(): can't iterate over symbol table
    major: Symbol table
    minor: Iteration failed
  #005: ../../../src/H5Gstab.c line 566 in H5G__stab_iterate(): iteration operator failed
    major: Symbol table
    minor: Can't move to next iterator location
  #006: ../../../src/H5B.c line 1221 in H5B_iterate(): B-tree iteration failed
    major: B-Tree node
    minor: Iteration failed
  #007: ../../../src/H5B.c line 1177 in H5B_iterate_helper(): B-tree iteration failed
    major: B-Tree node
    minor: Iteration failed
  #008: ../../../src/H5Gnode.c line 1039 in H5G__node_iterate(): iteration operator failed
    major: Symbol table
    minor: Can't move to next iterator location
  #009: ../../../src/H5Gobj.c line 708 in H5G__obj_iterate(): can't iterate over symbol table
    major: Symbol table
    minor: Iteration failed
  #010: ../../../src/H5Gstab.c line 566 in H5G__stab_iterate(): iteration operator failed
    major: Symbol table
    minor: Can't move to next iterator location
  #011: ../../../src/H5B.c line 1221 in H5B_iterate(): B-tree iteration failed
    major: B-Tree node
    minor: Iteration failed
  #012: ../../../src/H5B.c line 1177 in H5B_iterate_helper(): B-tree iteration failed
    major: B-Tree node
    minor: Iteration failed
  #013: ../../../src/H5Gnode.c line 1039 in H5G__node_iterate(): iteration operator failed
    major: Symbol table
    minor: Can't move to next iterator location
  #014: ../../../src/H5Gint.c line 953 in H5G_visit_cb(): object not found
    major: Symbol table
    minor: Object not found
  #015: ../../../src/H5Gloc.c line 430 in H5G_loc_find(): can't find object
    major: Symbol table
    minor: Object not found
  #016: ../../../src/H5Gtraverse.c line 842 in H5G_traverse(): no name given
    major: Symbol table
    minor: Object not found
HDF5-DIAG: Error detected in HDF5 (1.8.16) thread 134737939773248:
  #000: ../../../src/H5I.c line 2257 in H5Iget_name(): can't retrieve object name
    major: Object atom
    minor: Can't get value
  #001: ../../../src/H5Gname.c line 600 in H5G_get_name(): can't determine name
    major: Symbol table
    minor: Can't get value
  #002: ../../../src/H5Gname.c line 1321 in H5G_get_name_by_addr(): group traversal failed while looking for object name
    major: Symbol table
    minor: Iteration failed
  #003: ../../../src/H5Gint.c line 1175 in H5G_visit(): can't visit links
    major: Symbol table
    minor: Iteration failed
  #004: ../../../src/H5Gobj.c line 708 in H5G__obj_iterate(): can't iterate over symbol table
    major: Symbol table
    minor: Iteration failed
  #005: ../../../src/H5Gstab.c line 566 in H5G__stab_iterate(): iteration operator failed
    major: Symbol table
    minor: Can't move to next iterator location
  #006: ../../../src/H5B.c line 1221 in H5B_iterate(): B-tree iteration failed
    major: B-Tree node
    minor: Iteration failed
  #007: ../../../src/H5B.c line 1177 in H5B_iterate_helper(): B-tree iteration failed
    major: B-Tree node
    minor: Iteration failed
  #008: ../../../src/H5Gnode.c line 1039 in H5G__node_iterate(): iteration operator failed
    major: Symbol table
    minor: Can't move to next iterator location
  #009: ../../../src/H5Gobj.c line 708 in H5G__obj_iterate(): can't iterate over symbol table
    major: Symbol table
    minor: Iteration failed
  #010: ../../../src/H5Gstab.c line 566 in H5G__stab_iterate(): iteration operator failed
    major: Symbol table
    minor: Can't move to next iterator location
  #011: ../../../src/H5B.c line 1221 in H5B_iterate(): B-tree iteration failed
    major: B-Tree node
    minor: Iteration failed
  #012: ../../../src/H5B.c line 1177 in H5B_iterate_helper(): B-tree iteration failed
    major: B-Tree node
    minor: Iteration failed
  #013: ../../../src/H5Gnode.c line 1039 in H5G__node_iterate(): iteration operator failed
    major: Symbol table
    minor: Can't move to next iterator location
  #014: ../../../src/H5Gint.c line 953 in H5G_visit_cb(): object not found
    major: Symbol table
    minor: Object not found
  #015: ../../../src/H5Gloc.c line 430 in H5G_loc_find(): can't find object
    major: Symbol table
    minor: Object not found
  #016: ../../../src/H5Gtraverse.c line 842 in H5G_traverse(): no name given
    major: Symbol table
    minor: Object not found
HDF5-DIAG: Error detected in HDF5 (1.8.16) thread 134737939773248:
  #000: ../../../src/H5I.c line 2257 in H5Iget_name(): can't retrieve object name
    major: Object atom
    minor: Can't get value
  #001: ../../../src/H5Gname.c line 600 in H5G_get_name(): can't determine name
    major: Symbol table
    minor: Can't get value
  #002: ../../../src/H5Gname.c line 1321 in H5G_get_name_by_addr(): group traversal failed while looking for object name
    major: Symbol table
    minor: Iteration failed
  #003: ../../../src/H5Gint.c line 1175 in H5G_visit(): can't visit links
    major: Symbol table
    minor: Iteration failed
  #004: ../../../src/H5Gobj.c line 708 in H5G__obj_iterate(): can't iterate over symbol table
    major: Symbol table
    minor: Iteration failed
  #005: ../../../src/H5Gstab.c line 566 in H5G__stab_iterate(): iteration operator failed
    major: Symbol table
    minor: Can't move to next iterator location
  #006: ../../../src/H5B.c line 1221 in H5B_iterate(): B-tree iteration failed
    major: B-Tree node
    minor: Iteration failed
  #007: ../../../src/H5B.c line 1177 in H5B_iterate_helper(): B-tree iteration failed
    major: B-Tree node
    minor: Iteration failed
  #008: ../../../src/H5Gnode.c line 1039 in H5G__node_iterate(): iteration operator failed
    major: Symbol table
    minor: Can't move to next iterator location
  #009: ../../../src/H5Gobj.c line 708 in H5G__obj_iterate(): can't iterate over symbol table
    major: Symbol table
    minor: Iteration failed
  #010: ../../../src/H5Gstab.c line 566 in H5G__stab_iterate(): iteration operator failed
    major: Symbol table
    minor: Can't move to next iterator location
  #011: ../../../src/H5B.c line 1221 in H5B_iterate(): B-tree iteration failed
    major: B-Tree node
    minor: Iteration failed
  #012: ../../../src/H5B.c line 1177 in H5B_iterate_helper(): B-tree iteration failed
    major: B-Tree node
    minor: Iteration failed
  #013: ../../../src/H5Gnode.c line 1039 in H5G__node_iterate(): iteration operator failed
    major: Symbol table
    minor: Can't move to next iterator location
  #014: ../../../src/H5Gint.c line 953 in H5G_visit_cb(): object not found
    major: Symbol table
    minor: Object not found
  #015: ../../../src/H5Gloc.c line 430 in H5G_loc_find(): can't find object
    major: Symbol table
    minor: Object not found
  #016: ../../../src/H5Gtraverse.c line 842 in H5G_traverse(): no name given
    major: Symbol table
    minor: Object not found
HDF5-DIAG: Error detected in HDF5 (1.8.16) thread 134737939773248:
  #000: ../../../src/H5I.c line 2257 in H5Iget_name(): can't retrieve object name
    major: Object atom
    minor: Can't get value
  #001: ../../../src/H5Gname.c line 600 in H5G_get_name(): can't determine name
    major: Symbol table
    minor: Can't get value
  #002: ../../../src/H5Gname.c line 1321 in H5G_get_name_by_addr(): group traversal failed while looking for object name
    major: Symbol table
    minor: Iteration failed
  #003: ../../../src/H5Gint.c line 1175 in H5G_visit(): can't visit links
    major: Symbol table
    minor: Iteration failed
  #004: ../../../src/H5Gobj.c line 708 in H5G__obj_iterate(): can't iterate over symbol table
    major: Symbol table
    minor: Iteration failed
  #005: ../../../src/H5Gstab.c line 566 in H5G__stab_iterate(): iteration operator failed
    major: Symbol table
    minor: Can't move to next iterator location
  #006: ../../../src/H5B.c line 1221 in H5B_iterate(): B-tree iteration failed
    major: B-Tree node
    minor: Iteration failed
  #007: ../../../src/H5B.c line 1177 in H5B_iterate_helper(): B-tree iteration failed
    major: B-Tree node
    minor: Iteration failed
  #008: ../../../src/H5Gnode.c line 1039 in H5G__node_iterate(): iteration operator failed
    major: Symbol table
    minor: Can't move to next iterator location
  #009: ../../../src/H5Gobj.c line 708 in H5G__obj_iterate(): can't iterate over symbol table
    major: Symbol table
    minor: Iteration failed
  #010: ../../../src/H5Gstab.c line 566 in H5G__stab_iterate(): iteration operator failed
    major: Symbol table
    minor: Can't move to next iterator location
  #011: ../../../src/H5B.c line 1221 in H5B_iterate(): B-tree iteration failed
    major: B-Tree node
    minor: Iteration failed
  #012: ../../../src/H5B.c line 1177 in H5B_iterate_helper(): B-tree iteration failed
    major: B-Tree node
    minor: Iteration failed
  #013: ../../../src/H5Gnode.c line 1039 in H5G__node_iterate(): iteration operator failed
    major: Symbol table
    minor: Can't move to next iterator location
  #014: ../../../src/H5Gint.c line 953 in H5G_visit_cb(): object not found
    major: Symbol table
    minor: Object not found
  #015: ../../../src/H5Gloc.c line 430 in H5G_loc_find(): can't find object
    major: Symbol table
    minor: Object not found
  #016: ../../../src/H5Gtraverse.c line 842 in H5G_traverse(): no name given
    major: Symbol table
    minor: Object not found
UndefinedBehaviorSanitizer:DEADLYSIGNAL
==13==ERROR: UndefinedBehaviorSanitizer: SEGV on unknown address 0x000100000000 (pc 0x7a8b1dea5264 bp 0x7fff26f0c5e0 sp 0x7fff26f0c598 T13)
==13==The signal is caused by a READ memory access.
    #0 0x7a8b1dea5263  (/lib/x86_64-linux-gnu/libc.so.6+0x14e263)
    #1 0x4bd1a7 in Mat_H5ReadFieldNames /src/matio/src/mat73.c:628:9
    #2 0x4bbdd2 in Mat_H5ReadGroupInfo /src/matio/src/mat73.c:779:9
    #3 0x4bc608 in Mat_H5ReadGroupInfo /src/matio/src/mat73.c:929:25
    #4 0x4c3373 in Mat_VarReadNextInfoIterate /src/matio/src/mat73.c:2802:13
    #5 0x5f718b in H5G_iterate_cb /build/hdf5-3JSo9x/hdf5-1.8.16+docs/debian/build/src/../../../src/H5Gint.c:782
    #6 0x5fc566 in H5G__node_iterate /build/hdf5-3JSo9x/hdf5-1.8.16+docs/debian/build/src/../../../src/H5Gnode.c:1026
    #7 0x711ea2 in H5B_iterate_helper /build/hdf5-3JSo9x/hdf5-1.8.16+docs/debian/build/src/../../../src/H5B.c:1175
    #8 0x713185 in H5B_iterate /build/hdf5-3JSo9x/hdf5-1.8.16+docs/debian/build/src/../../../src/H5B.c:1220
    #9 0x600a5d in H5G__stab_iterate /build/hdf5-3JSo9x/hdf5-1.8.16+docs/debian/build/src/../../../src/H5Gstab.c:565
    #10 0x5fea2a in H5G__obj_iterate /build/hdf5-3JSo9x/hdf5-1.8.16+docs/debian/build/src/../../../src/H5Gobj.c:707
    #11 0x5f7fb1 in H5G_iterate /build/hdf5-3JSo9x/hdf5-1.8.16+docs/debian/build/src/../../../src/H5Gint.c:843
    #12 0x61fed9 in H5Literate /build/hdf5-3JSo9x/hdf5-1.8.16+docs/debian/build/src/../../../src/H5L.c:1182
    #13 0x4c30f6 in Mat_VarReadNextInfo73 /src/matio/src/mat73.c:2746:12
    #14 0x4b5e27 in Mat_GetDir /src/matio/src/mat.c:654:26
    #15 0x4b462e in LLVMFuzzerTestOneInput /src/matio_fuzzer.cc:36:3
    #16 0x444321 in fuzzer::Fuzzer::ExecuteCallback(unsigned char const*, unsigned long) /src/llvm/projects/compiler-rt/lib/fuzzer/FuzzerLoop.cpp:554:15
    #17 0x42eb51 in fuzzer::RunOneTest(fuzzer::Fuzzer*, char const*, unsigned long) /src/llvm/projects/compiler-rt/lib/fuzzer/FuzzerDriver.cpp:292:6
    #18 0x43486e in fuzzer::FuzzerDriver(int*, char***, int (*)(unsigned char const*, unsigned long)) /src/llvm/projects/compiler-rt/lib/fuzzer/FuzzerDriver.cpp:775:9
    #19 0x45e1f2 in main /src/llvm/projects/compiler-rt/lib/fuzzer/FuzzerMain.cpp:19:10
    #20 0x7a8b1dd7783f in __libc_start_main (/lib/x86_64-linux-gnu/libc.so.6+0x2083f)
    #21 0x407ff8 in _start (/out/matio_fuzzer+0x407ff8)

DEDUP_TOKEN: Mat_H5ReadFieldNames--Mat_H5ReadGroupInfo
UndefinedBehaviorSanitizer can not provide additional info.
SUMMARY: UndefinedBehaviorSanitizer: SEGV (/lib/x86_64-linux-gnu/libc.so.6+0x14e263) 
==13==ABORTING
