INFO: Seed: 2305716333
INFO: Loaded 1 modules   (11987 inline 8-bit counters): 11987 [0xb79838, 0xb7c70b), 
INFO: Loaded 1 PC tables (11987 PCs): 11987 [0x8ab4f0,0x8da220), 
/out/matio_fuzzer: Running 1 inputs 1 time(s) each.
Running: /tmp/poc
HDF5-DIAG: Error detected in HDF5 (1.8.16) thread 138080192747392:
  #000: ../../../src/H5G.c line 651 in H5Gget_info(): can't retrieve group info
    major: Symbol table
    minor: Can't get value
  #001: ../../../src/H5Gobj.c line 779 in H5G__obj_info(): can't count objects
    major: Symbol table
    minor: Can't count elements
  #002: ../../../src/H5Gstab.c line 642 in H5G__stab_count(): iteration operator failed
    major: Symbol table
    minor: Unable to initialize object
  #003: ../../../src/H5B.c line 1221 in H5B_iterate(): B-tree iteration failed
    major: B-Tree node
    minor: Iteration failed
  #004: ../../../src/H5B.c line 1177 in H5B_iterate_helper(): B-tree iteration failed
    major: B-Tree node
    minor: Iteration failed
  #005: ../../../src/H5Gnode.c line 1082 in H5G__node_sumup(): unable to load symbol table node
    major: Symbol table
    minor: Unable to load metadata into cache
  #006: ../../../src/H5AC.c line 1262 in H5AC_protect(): H5C_protect() failed.
    major: Object cache
    minor: Unable to protect metadata
  #007: ../../../src/H5C.c line 3574 in H5C_protect(): can't load entry
    major: Object cache
    minor: Unable to load metadata into cache
  #008: ../../../src/H5C.c line 7954 in H5C_load_entry(): unable to load entry
    major: Object cache
    minor: Unable to load metadata into cache
  #009: ../../../src/H5Gcache.c line 169 in H5G_node_load(): bad symbol table node signature
    major: Symbol table
    minor: Unable to load metadata into cache
HDF5-DIAG: Error detected in HDF5 (1.8.16) thread 138080192747392:
  #000: ../../../src/H5L.c line 1183 in H5Literate(): link iteration failed
    major: Symbol table
    minor: Iteration failed
  #001: ../../../src/H5Gint.c line 844 in H5G_iterate(): error iterating over links
    major: Symbol table
    minor: Iteration failed
  #002: ../../../src/H5Gobj.c line 708 in H5G__obj_iterate(): can't iterate over symbol table
    major: Symbol table
    minor: Iteration failed
  #003: ../../../src/H5Gstab.c line 550 in H5G__stab_iterate(): unable to protect symbol table heap
    major: Symbol table
    minor: Protected metadata error
  #004: ../../../src/H5HL.c line 490 in H5HL_protect(): unable to load heap data block
    major: Heap
    minor: Unable to protect metadata
  #005: ../../../src/H5AC.c line 1262 in H5AC_protect(): H5C_protect() failed.
    major: Object cache
    minor: Unable to protect metadata
  #006: ../../../src/H5C.c line 3574 in H5C_protect(): can't load entry
    major: Object cache
    minor: Unable to load metadata into cache
  #007: ../../../src/H5C.c line 7954 in H5C_load_entry(): unable to load entry
    major: Object cache
    minor: Unable to load metadata into cache
  #008: ../../../src/H5HLcache.c line 672 in H5HL_datablock_load(): unable to destroy local heap data block
    major: Heap
    minor: Unable to release object
  #009: ../../../src/H5HLint.c line 401 in H5HL_dblk_dest(): can't unpin local heap prefix
    major: Heap
    minor: Unable to un-pin cache entry
  #010: ../../../src/H5AC.c line 1396 in H5AC_unpin_entry(): can't unpin entry
    major: Object cache
    minor: Unable to un-pin cache entry
  #011: ../../../src/H5C.c line 5065 in H5C_unpin_entry(): Entry isn't pinned
    major: Object cache
    minor: Unable to un-pin cache entry
  #012: ../../../src/H5HLcache.c line 659 in H5HL_datablock_load(): can't initialize free list
    major: Heap
    minor: Unable to initialize object
  #013: ../../../src/H5HLcache.c line 167 in H5HL_fl_deserialize(): free block size is zero?
    major: Heap
    minor: Bad value
HDF5-DIAG: Error detected in HDF5 (1.8.16) thread 138080192747392:
  #000: ../../../src/H5O.c line 657 in H5Oget_info_by_name(): object not found
    major: Symbol table
    minor: Object not found
  #001: ../../../src/H5Gloc.c line 747 in H5G_loc_info(): can't find object
    major: Symbol table
    minor: Object not found
  #002: ../../../src/H5Gtraverse.c line 861 in H5G_traverse(): internal path traversal failed
    major: Symbol table
    minor: Object not found
  #003: ../../../src/H5Gtraverse.c line 641 in H5G_traverse_real(): traversal operator failed
    major: Symbol table
    minor: Callback failed
  #004: ../../../src/H5Gloc.c line 698 in H5G_loc_info_cb(): name doesn't exist
    major: Symbol table
    minor: Object not found
HDF5-DIAG: Error detected in HDF5 (1.8.16) thread 138080192747392:
  #000: ../../../src/H5G.c line 467 in H5Gopen2(): unable to open group
    major: Symbol table
    minor: Can't open object
  #001: ../../../src/H5Gint.c line 320 in H5G__open_name(): group not found
    major: Symbol table
    minor: Object not found
  #002: ../../../src/H5Gloc.c line 430 in H5G_loc_find(): can't find object
    major: Symbol table
    minor: Object not found
  #003: ../../../src/H5Gtraverse.c line 861 in H5G_traverse(): internal path traversal failed
    major: Symbol table
    minor: Object not found
  #004: ../../../src/H5Gtraverse.c line 641 in H5G_traverse_real(): traversal operator failed
    major: Symbol table
    minor: Callback failed
  #005: ../../../src/H5Gloc.c line 385 in H5G_loc_find_cb(): object 'ith_structs' doesn't exist
    major: Symbol table
    minor: Object not found
HDF5-DIAG: Error detected in HDF5 (1.8.16) thread 138080192747392:
  #000: ../../../src/H5I.c line 2253 in H5Iget_name(): can't retrieve object location
    major: Object atom
    minor: Can't get value
  #001: ../../../src/H5Gloc.c line 253 in H5G_loc(): invalid object ID
    major: Invalid arguments to routine
    minor: Bad value
HDF5-DIAG: Error detected in HDF5 (1.8.16) thread 138080192747392:
  #000: ../../../src/H5A.c line 463 in H5Aopen_by_name(): not a location
    major: Invalid arguments to routine
    minor: Inappropriate type
  #001: ../../../src/H5Gloc.c line 253 in H5G_loc(): invalid object ID
    major: Invalid arguments to routine
    minor: Bad value
HDF5-DIAG: Error detected in HDF5 (1.8.16) thread 138080192747392:
  #000: ../../../src/H5A.c line 724 in H5Aget_type(): not an attribute
    major: Invalid arguments to routine
    minor: Inappropriate type
HDF5-DIAG: Error detected in HDF5 (1.8.16) thread 138080192747392:
  #000: ../../../src/H5T.c line 1839 in H5Tget_class(): not a datatype
    major: Invalid arguments to routine
    minor: Inappropriate type
HDF5-DIAG: Error detected in HDF5 (1.8.16) thread 138080192747392:
  #000: ../../../src/H5T.c line 1716 in H5Tclose(): not a datatype
    major: Invalid arguments to routine
    minor: Inappropriate type
HDF5-DIAG: Error detected in HDF5 (1.8.16) thread 138080192747392:
  #000: ../../../src/H5A.c line 1602 in H5Aclose(): not an attribute
    major: Invalid arguments to routine
    minor: Inappropriate type
HDF5-DIAG: Error detected in HDF5 (1.8.16) thread 138080192747392:
  #000: ../../../src/H5A.c line 1680 in H5Aexists_by_name(): not a location
    major: Invalid arguments to routine
    minor: Inappropriate type
  #001: ../../../src/H5Gloc.c line 253 in H5G_loc(): invalid object ID
    major: Invalid arguments to routine
    minor: Bad value
HDF5-DIAG: Error detected in HDF5 (1.8.16) thread 138080192747392:
  #000: ../../../src/H5A.c line 463 in H5Aopen_by_name(): not a location
    major: Invalid arguments to routine
    minor: Inappropriate type
  #001: ../../../src/H5Gloc.c line 253 in H5G_loc(): invalid object ID
    major: Invalid arguments to routine
    minor: Bad value
HDF5-DIAG: Error detected in HDF5 (1.8.16) thread 138080192747392:
  #000: ../../../src/H5A.c line 634 in H5Aread(): not an attribute
    major: Invalid arguments to routine
    minor: Inappropriate type
HDF5-DIAG: Error detected in HDF5 (1.8.16) thread 138080192747392:
  #000: ../../../src/H5A.c line 1602 in H5Aclose(): not an attribute
    major: Invalid arguments to routine
    minor: Inappropriate type
HDF5-DIAG: Error detected in HDF5 (1.8.16) thread 138080192747392:
  #000: ../../../src/H5A.c line 1680 in H5Aexists_by_name(): not a location
    major: Invalid arguments to routine
    minor: Inappropriate type
  #001: ../../../src/H5Gloc.c line 253 in H5G_loc(): invalid object ID
    major: Invalid arguments to routine
    minor: Bad value
HDF5-DIAG: Error detected in HDF5 (1.8.16) thread 138080192747392:
  #000: ../../../src/H5A.c line 463 in H5Aopen_by_name(): not a location
    major: Invalid arguments to routine
    minor: Inappropriate type
  #001: ../../../src/H5Gloc.c line 253 in H5G_loc(): invalid object ID
    major: Invalid arguments to routine
    minor: Bad value
HDF5-DIAG: Error detected in HDF5 (1.8.16) thread 138080192747392:
  #000: ../../../src/H5A.c line 634 in H5Aread(): not an attribute
    major: Invalid arguments to routine
    minor: Inappropriate type
HDF5-DIAG: Error detected in HDF5 (1.8.16) thread 138080192747392:
  #000: ../../../src/H5A.c line 1602 in H5Aclose(): not an attribute
    major: Invalid arguments to routine
    minor: Inappropriate type
HDF5-DIAG: Error detected in HDF5 (1.8.16) thread 138080192747392:
  #000: ../../../src/H5D.c line 340 in H5Dopen2(): not a location
    major: Invalid arguments to routine
    minor: Inappropriate type
  #001: ../../../src/H5Gloc.c line 253 in H5G_loc(): invalid object ID
    major: Invalid arguments to routine
    minor: Bad value
HDF5-DIAG: Error detected in HDF5 (1.8.16) thread 138080192747392:
  #000: ../../../src/H5D.c line 460 in H5Dget_space(): not a dataset
    major: Invalid arguments to routine
    minor: Inappropriate type
HDF5-DIAG: Error detected in HDF5 (1.8.16) thread 138080192747392:
  #000: ../../../src/H5S.c line 791 in H5Sget_simple_extent_ndims(): not a dataspace
    major: Invalid arguments to routine
    minor: Inappropriate type
HDF5-DIAG: Error detected in HDF5 (1.8.16) thread 138080192747392:
  #000: ../../../src/H5S.c line 392 in H5Sclose(): not a dataspace
    major: Invalid arguments to routine
    minor: Inappropriate type
HDF5-DIAG: Error detected in HDF5 (1.8.16) thread 138080192747392:
  #000: ../../../src/H5D.c line 415 in H5Dclose(): not a dataset
    major: Invalid arguments to routine
    minor: Inappropriate type
HDF5-DIAG: Error detected in HDF5 (1.8.16) thread 138080192747392:
  #000: ../../../src/H5G.c line 812 in H5Gclose(): not a group
    major: Invalid arguments to routine
    minor: Inappropriate type
HDF5-DIAG: Error detected in HDF5 (1.8.16) thread 138080192747392:
  #000: ../../../src/H5O.c line 646 in H5Oget_info_by_name(): no name
    major: Invalid arguments to routine
    minor: Bad value
HDF5-DIAG: Error detected in HDF5 (1.8.16) thread 138080192747392:
  #000: ../../../src/H5G.c line 456 in H5Gopen2(): no name
    major: Invalid arguments to routine
    minor: Bad value
HDF5-DIAG: Error detected in HDF5 (1.8.16) thread 138080192747392:
  #000: ../../../src/H5I.c line 2253 in H5Iget_name(): can't retrieve object location
    major: Object atom
    minor: Can't get value
  #001: ../../../src/H5Gloc.c line 253 in H5G_loc(): invalid object ID
    major: Invalid arguments to routine
    minor: Bad value
HDF5-DIAG: Error detected in HDF5 (1.8.16) thread 138080192747392:
  #000: ../../../src/H5A.c line 463 in H5Aopen_by_name(): not a location
    major: Invalid arguments to routine
    minor: Inappropriate type
  #001: ../../../src/H5Gloc.c line 253 in H5G_loc(): invalid object ID
    major: Invalid arguments to routine
    minor: Bad value
HDF5-DIAG: Error detected in HDF5 (1.8.16) thread 138080192747392:
  #000: ../../../src/H5A.c line 724 in H5Aget_type(): not an attribute
    major: Invalid arguments to routine
    minor: Inappropriate type
HDF5-DIAG: Error detected in HDF5 (1.8.16) thread 138080192747392:
  #000: ../../../src/H5T.c line 1839 in H5Tget_class(): not a datatype
    major: Invalid arguments to routine
    minor: Inappropriate type
HDF5-DIAG: Error detected in HDF5 (1.8.16) thread 138080192747392:
  #000: ../../../src/H5T.c line 1716 in H5Tclose(): not a datatype
    major: Invalid arguments to routine
    minor: Inappropriate type
HDF5-DIAG: Error detected in HDF5 (1.8.16) thread 138080192747392:
  #000: ../../../src/H5A.c line 1602 in H5Aclose(): not an attribute
    major: Invalid arguments to routine
    minor: Inappropriate type
HDF5-DIAG: Error detected in HDF5 (1.8.16) thread 138080192747392:
  #000: ../../../src/H5A.c line 1680 in H5Aexists_by_name(): not a location
    major: Invalid arguments to routine
    minor: Inappropriate type
  #001: ../../../src/H5Gloc.c line 253 in H5G_loc(): invalid object ID
    major: Invalid arguments to routine
    minor: Bad value
HDF5-DIAG: Error detected in HDF5 (1.8.16) thread 138080192747392:
  #000: ../../../src/H5A.c line 463 in H5Aopen_by_name(): not a location
    major: Invalid arguments to routine
    minor: Inappropriate type
  #001: ../../../src/H5Gloc.c line 253 in H5G_loc(): invalid object ID
    major: Invalid arguments to routine
    minor: Bad value
HDF5-DIAG: Error detected in HDF5 (1.8.16) thread 138080192747392:
  #000: ../../../src/H5A.c line 634 in H5Aread(): not an attribute
    major: Invalid arguments to routine
    minor: Inappropriate type
HDF5-DIAG: Error detected in HDF5 (1.8.16) thread 138080192747392:
  #000: ../../../src/H5A.c line 1602 in H5Aclose(): not an attribute
    major: Invalid arguments to routine
    minor: Inappropriate type
HDF5-DIAG: Error detected in HDF5 (1.8.16) thread 138080192747392:
  #000: ../../../src/H5A.c line 1680 in H5Aexists_by_name(): not a location
    major: Invalid arguments to routine
    minor: Inappropriate type
  #001: ../../../src/H5Gloc.c line 253 in H5G_loc(): invalid object ID
    major: Invalid arguments to routine
    minor: Bad value
HDF5-DIAG: Error detected in HDF5 (1.8.16) thread 138080192747392:
  #000: ../../../src/H5A.c line 463 in H5Aopen_by_name(): not a location
    major: Invalid arguments to routine
    minor: Inappropriate type
  #001: ../../../src/H5Gloc.c line 253 in H5G_loc(): invalid object ID
    major: Invalid arguments to routine
    minor: Bad value
HDF5-DIAG: Error detected in HDF5 (1.8.16) thread 138080192747392:
  #000: ../../../src/H5A.c line 634 in H5Aread(): not an attribute
    major: Invalid arguments to routine
    minor: Inappropriate type
HDF5-DIAG: Error detected in HDF5 (1.8.16) thread 138080192747392:
  #000: ../../../src/H5A.c line 1602 in H5Aclose(): not an attribute
    major: Invalid arguments to routine
    minor: Inappropriate type
HDF5-DIAG: Error detected in HDF5 (1.8.16) thread 138080192747392:
  #000: ../../../src/H5D.c line 340 in H5Dopen2(): not a location
    major: Invalid arguments to routine
    minor: Inappropriate type
  #001: ../../../src/H5Gloc.c line 253 in H5G_loc(): invalid object ID
    major: Invalid arguments to routine
    minor: Bad value
HDF5-DIAG: Error detected in HDF5 (1.8.16) thread 138080192747392:
  #000: ../../../src/H5D.c line 460 in H5Dget_space(): not a dataset
    major: Invalid arguments to routine
    minor: Inappropriate type
HDF5-DIAG: Error detected in HDF5 (1.8.16) thread 138080192747392:
  #000: ../../../src/H5S.c line 791 in H5Sget_simple_extent_ndims(): not a dataspace
    major: Invalid arguments to routine
    minor: Inappropriate type
HDF5-DIAG: Error detected in HDF5 (1.8.16) thread 138080192747392:
  #000: ../../../src/H5S.c line 392 in H5Sclose(): not a dataspace
    major: Invalid arguments to routine
    minor: Inappropriate type
HDF5-DIAG: Error detected in HDF5 (1.8.16) thread 138080192747392:
  #000: ../../../src/H5D.c line 415 in H5Dclose(): not a dataset
    major: Invalid arguments to routine
    minor: Inappropriate type
HDF5-DIAG: Error detected in HDF5 (1.8.16) thread 138080192747392:
  #000: ../../../src/H5G.c line 812 in H5Gclose(): not a group
    major: Invalid arguments to routine
    minor: Inappropriate type
HDF5-DIAG: Error detected in HDF5 (1.8.16) thread 138080192747392:
  #000: ../../../src/H5O.c line 646 in H5Oget_info_by_name(): no name
    major: Invalid arguments to routine
    minor: Bad value
HDF5-DIAG: Error detected in HDF5 (1.8.16) thread 138080192747392:
  #000: ../../../src/H5G.c line 456 in H5Gopen2(): no name
    major: Invalid arguments to routine
    minor: Bad value
HDF5-DIAG: Error detected in HDF5 (1.8.16) thread 138080192747392:
  #000: ../../../src/H5I.c line 2253 in H5Iget_name(): can't retrieve object location
    major: Object atom
    minor: Can't get value
  #001: ../../../src/H5Gloc.c line 253 in H5G_loc(): invalid object ID
    major: Invalid arguments to routine
    minor: Bad value
HDF5-DIAG: Error detected in HDF5 (1.8.16) thread 138080192747392:
  #000: ../../../src/H5A.c line 463 in H5Aopen_by_name(): not a location
    major: Invalid arguments to routine
    minor: Inappropriate type
  #001: ../../../src/H5Gloc.c line 253 in H5G_loc(): invalid object ID
    major: Invalid arguments to routine
    minor: Bad value
HDF5-DIAG: Error detected in HDF5 (1.8.16) thread 138080192747392:
  #000: ../../../src/H5A.c line 724 in H5Aget_type(): not an attribute
    major: Invalid arguments to routine
    minor: Inappropriate type
HDF5-DIAG: Error detected in HDF5 (1.8.16) thread 138080192747392:
  #000: ../../../src/H5T.c line 1839 in H5Tget_class(): not a datatype
    major: Invalid arguments to routine
    minor: Inappropriate type
HDF5-DIAG: Error detected in HDF5 (1.8.16) thread 138080192747392:
  #000: ../../../src/H5T.c line 1716 in H5Tclose(): not a datatype
    major: Invalid arguments to routine
    minor: Inappropriate type
HDF5-DIAG: Error detected in HDF5 (1.8.16) thread 138080192747392:
  #000: ../../../src/H5A.c line 1602 in H5Aclose(): not an attribute
    major: Invalid arguments to routine
    minor: Inappropriate type
HDF5-DIAG: Error detected in HDF5 (1.8.16) thread 138080192747392:
  #000: ../../../src/H5A.c line 1680 in H5Aexists_by_name(): not a location
    major: Invalid arguments to routine
    minor: Inappropriate type
  #001: ../../../src/H5Gloc.c line 253 in H5G_loc(): invalid object ID
    major: Invalid arguments to routine
    minor: Bad value
HDF5-DIAG: Error detected in HDF5 (1.8.16) thread 138080192747392:
  #000: ../../../src/H5A.c line 463 in H5Aopen_by_name(): not a location
    major: Invalid arguments to routine
    minor: Inappropriate type
  #001: ../../../src/H5Gloc.c line 253 in H5G_loc(): invalid object ID
    major: Invalid arguments to routine
    minor: Bad value
HDF5-DIAG: Error detected in HDF5 (1.8.16) thread 138080192747392:
  #000: ../../../src/H5A.c line 634 in H5Aread(): not an attribute
    major: Invalid arguments to routine
    minor: Inappropriate type
HDF5-DIAG: Error detected in HDF5 (1.8.16) thread 138080192747392:
  #000: ../../../src/H5A.c line 1602 in H5Aclose(): not an attribute
    major: Invalid arguments to routine
    minor: Inappropriate type
HDF5-DIAG: Error detected in HDF5 (1.8.16) thread 138080192747392:
  #000: ../../../src/H5A.c line 1680 in H5Aexists_by_name(): not a location
    major: Invalid arguments to routine
    minor: Inappropriate type
  #001: ../../../src/H5Gloc.c line 253 in H5G_loc(): invalid object ID
    major: Invalid arguments to routine
    minor: Bad value
HDF5-DIAG: Error detected in HDF5 (1.8.16) thread 138080192747392:
  #000: ../../../src/H5A.c line 463 in H5Aopen_by_name(): not a location
    major: Invalid arguments to routine
    minor: Inappropriate type
  #001: ../../../src/H5Gloc.c line 253 in H5G_loc(): invalid object ID
    major: Invalid arguments to routine
    minor: Bad value
HDF5-DIAG: Error detected in HDF5 (1.8.16) thread 138080192747392:
  #000: ../../../src/H5A.c line 634 in H5Aread(): not an attribute
    major: Invalid arguments to routine
    minor: Inappropriate type
HDF5-DIAG: Error detected in HDF5 (1.8.16) thread 138080192747392:
  #000: ../../../src/H5A.c line 1602 in H5Aclose(): not an attribute
    major: Invalid arguments to routine
    minor: Inappropriate type
HDF5-DIAG: Error detected in HDF5 (1.8.16) thread 138080192747392:
  #000: ../../../src/H5D.c line 340 in H5Dopen2(): not a location
    major: Invalid arguments to routine
    minor: Inappropriate type
  #001: ../../../src/H5Gloc.c line 253 in H5G_loc(): invalid object ID
    major: Invalid arguments to routine
    minor: Bad value
HDF5-DIAG: Error detected in HDF5 (1.8.16) thread 138080192747392:
  #000: ../../../src/H5D.c line 460 in H5Dget_space(): not a dataset
    major: Invalid arguments to routine
    minor: Inappropriate type
HDF5-DIAG: Error detected in HDF5 (1.8.16) thread 138080192747392:
  #000: ../../../src/H5S.c line 791 in H5Sget_simple_extent_ndims(): not a dataspace
    major: Invalid arguments to routine
    minor: Inappropriate type
HDF5-DIAG: Error detected in HDF5 (1.8.16) thread 138080192747392:
  #000: ../../../src/H5S.c line 392 in H5Sclose(): not a dataspace
    major: Invalid arguments to routine
    minor: Inappropriate type
HDF5-DIAG: Error detected in HDF5 (1.8.16) thread 138080192747392:
  #000: ../../../src/H5D.c line 415 in H5Dclose(): not a dataset
    major: Invalid arguments to routine
    minor: Inappropriate type
HDF5-DIAG: Error detected in HDF5 (1.8.16) thread 138080192747392:
  #000: ../../../src/H5G.c line 812 in H5Gclose(): not a group
    major: Invalid arguments to routine
    minor: Inappropriate type
HDF5-DIAG: Error detected in HDF5 (1.8.16) thread 138080192747392:
  #000: ../../../src/H5O.c line 657 in H5Oget_info_by_name(): object not found
    major: Symbol table
    minor: Object not found
  #001: ../../../src/H5Gloc.c line 747 in H5G_loc_info(): can't find object
    major: Symbol table
    minor: Object not found
  #002: ../../../src/H5Gtraverse.c line 861 in H5G_traverse(): internal path traversal failed
    major: Symbol table
    minor: Object not found
  #003: ../../../src/H5Gtraverse.c line 641 in H5G_traverse_real(): traversal operator failed
    major: Symbol table
    minor: Callback failed
  #004: ../../../src/H5Gloc.c line 698 in H5G_loc_info_cb(): name doesn't exist
    major: Symbol table
    minor: Object not found
HDF5-DIAG: Error detected in HDF5 (1.8.16) thread 138080192747392:
  #000: ../../../src/H5G.c line 467 in H5Gopen2(): unable to open group
    major: Symbol table
    minor: Can't open object
  #001: ../../../src/H5Gint.c line 320 in H5G__open_name(): group not found
    major: Symbol table
    minor: Object not found
  #002: ../../../src/H5Gloc.c line 430 in H5G_loc_find(): can't find object
    major: Symbol table
    minor: Object not found
  #003: ../../../src/H5Gtraverse.c line 861 in H5G_traverse(): internal path traversal failed
    major: Symbol table
    minor: Object not found
  #004: ../../../src/H5Gtraverse.c line 641 in H5G_traverse_real(): traversal operator failed
    major: Symbol table
    minor: Callback failed
  #005: ../../../src/H5Gloc.c line 385 in H5G_loc_find_cb(): object 'cts' doesn't exist
    major: Symbol table
    minor: Object not found
HDF5-DIAG: Error detected in HDF5 (1.8.16) thread 138080192747392:
  #000: ../../../src/H5I.c line 2253 in H5Iget_name(): can't retrieve object location
    major: Object atom
    minor: Can't get value
  #001: ../../../src/H5Gloc.c line 253 in H5G_loc(): invalid object ID
    major: Invalid arguments to routine
    minor: Bad value
HDF5-DIAG: Error detected in HDF5 (1.8.16) thread 138080192747392:
  #000: ../../../src/H5A.c line 463 in H5Aopen_by_name(): not a location
    major: Invalid arguments to routine
    minor: Inappropriate type
  #001: ../../../src/H5Gloc.c line 253 in H5G_loc(): invalid object ID
    major: Invalid arguments to routine
    minor: Bad value
HDF5-DIAG: Error detected in HDF5 (1.8.16) thread 138080192747392:
  #000: ../../../src/H5A.c line 724 in H5Aget_type(): not an attribute
    major: Invalid arguments to routine
    minor: Inappropriate type
HDF5-DIAG: Error detected in HDF5 (1.8.16) thread 138080192747392:
  #000: ../../../src/H5T.c line 1839 in H5Tget_class(): not a datatype
    major: Invalid arguments to routine
    minor: Inappropriate type
HDF5-DIAG: Error detected in HDF5 (1.8.16) thread 138080192747392:
  #000: ../../../src/H5T.c line 1716 in H5Tclose(): not a datatype
    major: Invalid arguments to routine
    minor: Inappropriate type
HDF5-DIAG: Error detected in HDF5 (1.8.16) thread 138080192747392:
  #000: ../../../src/H5A.c line 1602 in H5Aclose(): not an attribute
    major: Invalid arguments to routine
    minor: Inappropriate type
HDF5-DIAG: Error detected in HDF5 (1.8.16) thread 138080192747392:
  #000: ../../../src/H5A.c line 1680 in H5Aexists_by_name(): not a location
    major: Invalid arguments to routine
    minor: Inappropriate type
  #001: ../../../src/H5Gloc.c line 253 in H5G_loc(): invalid object ID
    major: Invalid arguments to routine
    minor: Bad value
HDF5-DIAG: Error detected in HDF5 (1.8.16) thread 138080192747392:
  #000: ../../../src/H5A.c line 463 in H5Aopen_by_name(): not a location
    major: Invalid arguments to routine
    minor: Inappropriate type
  #001: ../../../src/H5Gloc.c line 253 in H5G_loc(): invalid object ID
    major: Invalid arguments to routine
    minor: Bad value
HDF5-DIAG: Error detected in HDF5 (1.8.16) thread 138080192747392:
  #000: ../../../src/H5A.c line 634 in H5Aread(): not an attribute
    major: Invalid arguments to routine
    minor: Inappropriate type
HDF5-DIAG: Error detected in HDF5 (1.8.16) thread 138080192747392:
  #000: ../../../src/H5A.c line 1602 in H5Aclose(): not an attribute
    major: Invalid arguments to routine
    minor: Inappropriate type
HDF5-DIAG: Error detected in HDF5 (1.8.16) thread 138080192747392:
  #000: ../../../src/H5A.c line 1680 in H5Aexists_by_name(): not a location
    major: Invalid arguments to routine
    minor: Inappropriate type
  #001: ../../../src/H5Gloc.c line 253 in H5G_loc(): invalid object ID
    major: Invalid arguments to routine
    minor: Bad value
HDF5-DIAG: Error detected in HDF5 (1.8.16) thread 138080192747392:
  #000: ../../../src/H5A.c line 463 in H5Aopen_by_name(): not a location
    major: Invalid arguments to routine
    minor: Inappropriate type
  #001: ../../../src/H5Gloc.c line 253 in H5G_loc(): invalid object ID
    major: Invalid arguments to routine
    minor: Bad value
HDF5-DIAG: Error detected in HDF5 (1.8.16) thread 138080192747392:
  #000: ../../../src/H5A.c line 634 in H5Aread(): not an attribute
    major: Invalid arguments to routine
    minor: Inappropriate type
HDF5-DIAG: Error detected in HDF5 (1.8.16) thread 138080192747392:
  #000: ../../../src/H5A.c line 1602 in H5Aclose(): not an attribute
    major: Invalid arguments to routine
    minor: Inappropriate type
HDF5-DIAG: Error detected in HDF5 (1.8.16) thread 138080192747392:
  #000: ../../../src/H5D.c line 340 in H5Dopen2(): not a location
    major: Invalid arguments to routine
    minor: Inappropriate type
  #001: ../../../src/H5Gloc.c line 253 in H5G_loc(): invalid object ID
    major: Invalid arguments to routine
    minor: Bad value
HDF5-DIAG: Error detected in HDF5 (1.8.16) thread 138080192747392:
  #000: ../../../src/H5D.c line 460 in H5Dget_space(): not a dataset
    major: Invalid arguments to routine
    minor: Inappropriate type
HDF5-DIAG: Error detected in HDF5 (1.8.16) thread 138080192747392:
  #000: ../../../src/H5S.c line 791 in H5Sget_simple_extent_ndims(): not a dataspace
    major: Invalid arguments to routine
    minor: Inappropriate type
HDF5-DIAG: Error detected in HDF5 (1.8.16) thread 138080192747392:
  #000: ../../../src/H5S.c line 392 in H5Sclose(): not a dataspace
    major: Invalid arguments to routine
    minor: Inappropriate type
HDF5-DIAG: Error detected in HDF5 (1.8.16) thread 138080192747392:
  #000: ../../../src/H5D.c line 415 in H5Dclose(): not a dataset
    major: Invalid arguments to routine
    minor: Inappropriate type
HDF5-DIAG: Error detected in HDF5 (1.8.16) thread 138080192747392:
  #000: ../../../src/H5G.c line 812 in H5Gclose(): not a group
    major: Invalid arguments to routine
    minor: Inappropriate type
HDF5-DIAG: Error detected in HDF5 (1.8.16) thread 138080192747392:
  #000: ../../../src/H5O.c line 646 in H5Oget_info_by_name(): no name
    major: Invalid arguments to routine
    minor: Bad value
HDF5-DIAG: Error detected in HDF5 (1.8.16) thread 138080192747392:
  #000: ../../../src/H5G.c line 456 in H5Gopen2(): no name
    major: Invalid arguments to routine
    minor: Bad value
HDF5-DIAG: Error detected in HDF5 (1.8.16) thread 138080192747392:
  #000: ../../../src/H5I.c line 2253 in H5Iget_name(): can't retrieve object location
    major: Object atom
    minor: Can't get value
  #001: ../../../src/H5Gloc.c line 253 in H5G_loc(): invalid object ID
    major: Invalid arguments to routine
    minor: Bad value
HDF5-DIAG: Error detected in HDF5 (1.8.16) thread 138080192747392:
  #000: ../../../src/H5A.c line 463 in H5Aopen_by_name(): not a location
    major: Invalid arguments to routine
    minor: Inappropriate type
  #001: ../../../src/H5Gloc.c line 253 in H5G_loc(): invalid object ID
    major: Invalid arguments to routine
    minor: Bad value
HDF5-DIAG: Error detected in HDF5 (1.8.16) thread 138080192747392:
  #000: ../../../src/H5A.c line 724 in H5Aget_type(): not an attribute
    major: Invalid arguments to routine
    minor: Inappropriate type
HDF5-DIAG: Error detected in HDF5 (1.8.16) thread 138080192747392:
  #000: ../../../src/H5T.c line 1839 in H5Tget_class(): not a datatype
    major: Invalid arguments to routine
    minor: Inappropriate type
HDF5-DIAG: Error detected in HDF5 (1.8.16) thread 138080192747392:
  #000: ../../../src/H5T.c line 1716 in H5Tclose(): not a datatype
    major: Invalid arguments to routine
    minor: Inappropriate type
HDF5-DIAG: Error detected in HDF5 (1.8.16) thread 138080192747392:
  #000: ../../../src/H5A.c line 1602 in H5Aclose(): not an attribute
    major: Invalid arguments to routine
    minor: Inappropriate type
HDF5-DIAG: Error detected in HDF5 (1.8.16) thread 138080192747392:
  #000: ../../../src/H5A.c line 1680 in H5Aexists_by_name(): not a location
    major: Invalid arguments to routine
    minor: Inappropriate type
  #001: ../../../src/H5Gloc.c line 253 in H5G_loc(): invalid object ID
    major: Invalid arguments to routine
    minor: Bad value
HDF5-DIAG: Error detected in HDF5 (1.8.16) thread 138080192747392:
  #000: ../../../src/H5A.c line 463 in H5Aopen_by_name(): not a location
    major: Invalid arguments to routine
    minor: Inappropriate type
  #001: ../../../src/H5Gloc.c line 253 in H5G_loc(): invalid object ID
    major: Invalid arguments to routine
    minor: Bad value
HDF5-DIAG: Error detected in HDF5 (1.8.16) thread 138080192747392:
  #000: ../../../src/H5A.c line 634 in H5Aread(): not an attribute
    major: Invalid arguments to routine
    minor: Inappropriate type
HDF5-DIAG: Error detected in HDF5 (1.8.16) thread 138080192747392:
  #000: ../../../src/H5A.c line 1602 in H5Aclose(): not an attribute
    major: Invalid arguments to routine
    minor: Inappropriate type
HDF5-DIAG: Error detected in HDF5 (1.8.16) thread 138080192747392:
  #000: ../../../src/H5A.c line 1680 in H5Aexists_by_name(): not a location
    major: Invalid arguments to routine
    minor: Inappropriate type
  #001: ../../../src/H5Gloc.c line 253 in H5G_loc(): invalid object ID
    major: Invalid arguments to routine
    minor: Bad value
HDF5-DIAG: Error detected in HDF5 (1.8.16) thread 138080192747392:
  #000: ../../../src/H5A.c line 463 in H5Aopen_by_name(): not a location
    major: Invalid arguments to routine
    minor: Inappropriate type
  #001: ../../../src/H5Gloc.c line 253 in H5G_loc(): invalid object ID
    major: Invalid arguments to routine
    minor: Bad value
HDF5-DIAG: Error detected in HDF5 (1.8.16) thread 138080192747392:
  #000: ../../../src/H5A.c line 634 in H5Aread(): not an attribute
    major: Invalid arguments to routine
    minor: Inappropriate type
HDF5-DIAG: Error detected in HDF5 (1.8.16) thread 138080192747392:
  #000: ../../../src/H5A.c line 1602 in H5Aclose(): not an attribute
    major: Invalid arguments to routine
    minor: Inappropriate type
HDF5-DIAG: Error detected in HDF5 (1.8.16) thread 138080192747392:
  #000: ../../../src/H5D.c line 340 in H5Dopen2(): not a location
    major: Invalid arguments to routine
    minor: Inappropriate type
  #001: ../../../src/H5Gloc.c line 253 in H5G_loc(): invalid object ID
    major: Invalid arguments to routine
    minor: Bad value
HDF5-DIAG: Error detected in HDF5 (1.8.16) thread 138080192747392:
  #000: ../../../src/H5D.c line 460 in H5Dget_space(): not a dataset
    major: Invalid arguments to routine
    minor: Inappropriate type
HDF5-DIAG: Error detected in HDF5 (1.8.16) thread 138080192747392:
  #000: ../../../src/H5S.c line 791 in H5Sget_simple_extent_ndims(): not a dataspace
    major: Invalid arguments to routine
    minor: Inappropriate type
HDF5-DIAG: Error detected in HDF5 (1.8.16) thread 138080192747392:
  #000: ../../../src/H5S.c line 392 in H5Sclose(): not a dataspace
    major: Invalid arguments to routine
    minor: Inappropriate type
HDF5-DIAG: Error detected in HDF5 (1.8.16) thread 138080192747392:
  #000: ../../../src/H5D.c line 415 in H5Dclose(): not a dataset
    major: Invalid arguments to routine
    minor: Inappropriate type
HDF5-DIAG: Error detected in HDF5 (1.8.16) thread 138080192747392:
  #000: ../../../src/H5G.c line 812 in H5Gclose(): not a group
    major: Invalid arguments to routine
    minor: Inappropriate type
HDF5-DIAG: Error detected in HDF5 (1.8.16) thread 138080192747392:
  #000: ../../../src/H5O.c line 646 in H5Oget_info_by_name(): no name
    major: Invalid arguments to routine
    minor: Bad value
HDF5-DIAG: Error detected in HDF5 (1.8.16) thread 138080192747392:
  #000: ../../../src/H5G.c line 456 in H5Gopen2(): no name
    major: Invalid arguments to routine
    minor: Bad value
HDF5-DIAG: Error detected in HDF5 (1.8.16) thread 138080192747392:
  #000: ../../../src/H5I.c line 2253 in H5Iget_name(): can't retrieve object location
    major: Object atom
    minor: Can't get value
  #001: ../../../src/H5Gloc.c line 253 in H5G_loc(): invalid object ID
    major: Invalid arguments to routine
    minor: Bad value
HDF5-DIAG: Error detected in HDF5 (1.8.16) thread 138080192747392:
  #000: ../../../src/H5A.c line 463 in H5Aopen_by_name(): not a location
    major: Invalid arguments to routine
    minor: Inappropriate type
  #001: ../../../src/H5Gloc.c line 253 in H5G_loc(): invalid object ID
    major: Invalid arguments to routine
    minor: Bad value
HDF5-DIAG: Error detected in HDF5 (1.8.16) thread 138080192747392:
  #000: ../../../src/H5A.c line 724 in H5Aget_type(): not an attribute
    major: Invalid arguments to routine
    minor: Inappropriate type
HDF5-DIAG: Error detected in HDF5 (1.8.16) thread 138080192747392:
  #000: ../../../src/H5T.c line 1839 in H5Tget_class(): not a datatype
    major: Invalid arguments to routine
    minor: Inappropriate type
HDF5-DIAG: Error detected in HDF5 (1.8.16) thread 138080192747392:
  #000: ../../../src/H5T.c line 1716 in H5Tclose(): not a datatype
    major: Invalid arguments to routine
    minor: Inappropriate type
HDF5-DIAG: Error detected in HDF5 (1.8.16) thread 138080192747392:
  #000: ../../../src/H5A.c line 1602 in H5Aclose(): not an attribute
    major: Invalid arguments to routine
    minor: Inappropriate type
HDF5-DIAG: Error detected in HDF5 (1.8.16) thread 138080192747392:
  #000: ../../../src/H5A.c line 1680 in H5Aexists_by_name(): not a location
    major: Invalid arguments to routine
    minor: Inappropriate type
  #001: ../../../src/H5Gloc.c line 253 in H5G_loc(): invalid object ID
    major: Invalid arguments to routine
    minor: Bad value
HDF5-DIAG: Error detected in HDF5 (1.8.16) thread 138080192747392:
  #000: ../../../src/H5A.c line 463 in H5Aopen_by_name(): not a location
    major: Invalid arguments to routine
    minor: Inappropriate type
  #001: ../../../src/H5Gloc.c line 253 in H5G_loc(): invalid object ID
    major: Invalid arguments to routine
    minor: Bad value
HDF5-DIAG: Error detected in HDF5 (1.8.16) thread 138080192747392:
  #000: ../../../src/H5A.c line 634 in H5Aread(): not an attribute
    major: Invalid arguments to routine
    minor: Inappropriate type
HDF5-DIAG: Error detected in HDF5 (1.8.16) thread 138080192747392:
  #000: ../../../src/H5A.c line 1602 in H5Aclose(): not an attribute
    major: Invalid arguments to routine
    minor: Inappropriate type
HDF5-DIAG: Error detected in HDF5 (1.8.16) thread 138080192747392:
  #000: ../../../src/H5A.c line 1680 in H5Aexists_by_name(): not a location
    major: Invalid arguments to routine
    minor: Inappropriate type
  #001: ../../../src/H5Gloc.c line 253 in H5G_loc(): invalid object ID
    major: Invalid arguments to routine
    minor: Bad value
HDF5-DIAG: Error detected in HDF5 (1.8.16) thread 138080192747392:
  #000: ../../../src/H5A.c line 463 in H5Aopen_by_name(): not a location
    major: Invalid arguments to routine
    minor: Inappropriate type
  #001: ../../../src/H5Gloc.c line 253 in H5G_loc(): invalid object ID
    major: Invalid arguments to routine
    minor: Bad value
HDF5-DIAG: Error detected in HDF5 (1.8.16) thread 138080192747392:
  #000: ../../../src/H5A.c line 634 in H5Aread(): not an attribute
    major: Invalid arguments to routine
    minor: Inappropriate type
HDF5-DIAG: Error detected in HDF5 (1.8.16) thread 138080192747392:
  #000: ../../../src/H5A.c line 1602 in H5Aclose(): not an attribute
    major: Invalid arguments to routine
    minor: Inappropriate type
HDF5-DIAG: Error detected in HDF5 (1.8.16) thread 138080192747392:
  #000: ../../../src/H5D.c line 340 in H5Dopen2(): not a location
    major: Invalid arguments to routine
    minor: Inappropriate type
  #001: ../../../src/H5Gloc.c line 253 in H5G_loc(): invalid object ID
    major: Invalid arguments to routine
    minor: Bad value
HDF5-DIAG: Error detected in HDF5 (1.8.16) thread 138080192747392:
  #000: ../../../src/H5D.c line 460 in H5Dget_space(): not a dataset
    major: Invalid arguments to routine
    minor: Inappropriate type
HDF5-DIAG: Error detected in HDF5 (1.8.16) thread 138080192747392:
  #000: ../../../src/H5S.c line 791 in H5Sget_simple_extent_ndims(): not a dataspace
    major: Invalid arguments to routine
    minor: Inappropriate type
HDF5-DIAG: Error detected in HDF5 (1.8.16) thread 138080192747392:
  #000: ../../../src/H5S.c line 392 in H5Sclose(): not a dataspace
    major: Invalid arguments to routine
    minor: Inappropriate type
HDF5-DIAG: Error detected in HDF5 (1.8.16) thread 138080192747392:
  #000: ../../../src/H5D.c line 415 in H5Dclose(): not a dataset
    major: Invalid arguments to routine
    minor: Inappropriate type
HDF5-DIAG: Error detected in HDF5 (1.8.16) thread 138080192747392:
  #000: ../../../src/H5G.c line 812 in H5Gclose(): not a group
    major: Invalid arguments to routine
    minor: Inappropriate type
HDF5-DIAG: Error detected in HDF5 (1.8.16) thread 138080192747392:
  #000: ../../../src/H5O.c line 646 in H5Oget_info_by_name(): no name
    major: Invalid arguments to routine
    minor: Bad value
HDF5-DIAG: Error detected in HDF5 (1.8.16) thread 138080192747392:
  #000: ../../../src/H5G.c line 456 in H5Gopen2(): no name
    major: Invalid arguments to routine
    minor: Bad value
HDF5-DIAG: Error detected in HDF5 (1.8.16) thread 138080192747392:
  #000: ../../../src/H5I.c line 2253 in H5Iget_name(): can't retrieve object location
    major: Object atom
    minor: Can't get value
  #001: ../../../src/H5Gloc.c line 253 in H5G_loc(): invalid object ID
    major: Invalid arguments to routine
    minor: Bad value
HDF5-DIAG: Error detected in HDF5 (1.8.16) thread 138080192747392:
  #000: ../../../src/H5A.c line 463 in H5Aopen_by_name(): not a location
    major: Invalid arguments to routine
    minor: Inappropriate type
  #001: ../../../src/H5Gloc.c line 253 in H5G_loc(): invalid object ID
    major: Invalid arguments to routine
    minor: Bad value
HDF5-DIAG: Error detected in HDF5 (1.8.16) thread 138080192747392:
  #000: ../../../src/H5A.c line 724 in H5Aget_type(): not an attribute
    major: Invalid arguments to routine
    minor: Inappropriate type
HDF5-DIAG: Error detected in HDF5 (1.8.16) thread 138080192747392:
  #000: ../../../src/H5T.c line 1839 in H5Tget_class(): not a datatype
    major: Invalid arguments to routine
    minor: Inappropriate type
HDF5-DIAG: Error detected in HDF5 (1.8.16) thread 138080192747392:
  #000: ../../../src/H5T.c line 1716 in H5Tclose(): not a datatype
    major: Invalid arguments to routine
    minor: Inappropriate type
HDF5-DIAG: Error detected in HDF5 (1.8.16) thread 138080192747392:
  #000: ../../../src/H5A.c line 1602 in H5Aclose(): not an attribute
    major: Invalid arguments to routine
    minor: Inappropriate type
HDF5-DIAG: Error detected in HDF5 (1.8.16) thread 138080192747392:
  #000: ../../../src/H5A.c line 1680 in H5Aexists_by_name(): not a location
    major: Invalid arguments to routine
    minor: Inappropriate type
  #001: ../../../src/H5Gloc.c line 253 in H5G_loc(): invalid object ID
    major: Invalid arguments to routine
    minor: Bad value
HDF5-DIAG: Error detected in HDF5 (1.8.16) thread 138080192747392:
  #000: ../../../src/H5A.c line 463 in H5Aopen_by_name(): not a location
    major: Invalid arguments to routine
    minor: Inappropriate type
  #001: ../../../src/H5Gloc.c line 253 in H5G_loc(): invalid object ID
    major: Invalid arguments to routine
    minor: Bad value
HDF5-DIAG: Error detected in HDF5 (1.8.16) thread 138080192747392:
  #000: ../../../src/H5A.c line 634 in H5Aread(): not an attribute
    major: Invalid arguments to routine
    minor: Inappropriate type
HDF5-DIAG: Error detected in HDF5 (1.8.16) thread 138080192747392:
  #000: ../../../src/H5A.c line 1602 in H5Aclose(): not an attribute
    major: Invalid arguments to routine
    minor: Inappropriate type
HDF5-DIAG: Error detected in HDF5 (1.8.16) thread 138080192747392:
  #000: ../../../src/H5A.c line 1680 in H5Aexists_by_name(): not a location
    major: Invalid arguments to routine
    minor: Inappropriate type
  #001: ../../../src/H5Gloc.c line 253 in H5G_loc(): invalid object ID
    major: Invalid arguments to routine
    minor: Bad value
HDF5-DIAG: Error detected in HDF5 (1.8.16) thread 138080192747392:
  #000: ../../../src/H5A.c line 463 in H5Aopen_by_name(): not a location
    major: Invalid arguments to routine
    minor: Inappropriate type
  #001: ../../../src/H5Gloc.c line 253 in H5G_loc(): invalid object ID
    major: Invalid arguments to routine
    minor: Bad value
HDF5-DIAG: Error detected in HDF5 (1.8.16) thread 138080192747392:
  #000: ../../../src/H5A.c line 634 in H5Aread(): not an attribute
    major: Invalid arguments to routine
    minor: Inappropriate type
HDF5-DIAG: Error detected in HDF5 (1.8.16) thread 138080192747392:
  #000: ../../../src/H5A.c line 1602 in H5Aclose(): not an attribute
    major: Invalid arguments to routine
    minor: Inappropriate type
HDF5-DIAG: Error detected in HDF5 (1.8.16) thread 138080192747392:
  #000: ../../../src/H5D.c line 340 in H5Dopen2(): not a location
    major: Invalid arguments to routine
    minor: Inappropriate type
  #001: ../../../src/H5Gloc.c line 253 in H5G_loc(): invalid object ID
    major: Invalid arguments to routine
    minor: Bad value
HDF5-DIAG: Error detected in HDF5 (1.8.16) thread 138080192747392:
  #000: ../../../src/H5D.c line 460 in H5Dget_space(): not a dataset
    major: Invalid arguments to routine
    minor: Inappropriate type
HDF5-DIAG: Error detected in HDF5 (1.8.16) thread 138080192747392:
  #000: ../../../src/H5S.c line 791 in H5Sget_simple_extent_ndims(): not a dataspace
    major: Invalid arguments to routine
    minor: Inappropriate type
HDF5-DIAG: Error detected in HDF5 (1.8.16) thread 138080192747392:
  #000: ../../../src/H5S.c line 392 in H5Sclose(): not a dataspace
    major: Invalid arguments to routine
    minor: Inappropriate type
HDF5-DIAG: Error detected in HDF5 (1.8.16) thread 138080192747392:
  #000: ../../../src/H5D.c line 415 in H5Dclose(): not a dataset
    major: Invalid arguments to routine
    minor: Inappropriate type
HDF5-DIAG: Error detected in HDF5 (1.8.16) thread 138080192747392:
  #000: ../../../src/H5G.c line 812 in H5Gclose(): not a group
    major: Invalid arguments to routine
    minor: Inappropriate type
=================================================================
==13==ERROR: AddressSanitizer: heap-buffer-overflow on address 0x60400000133c at pc 0x0000004c0667 bp 0x7ffdc1c7fa20 sp 0x7ffdc1c7f1e0
READ of size 201326594 at 0x60400000133c thread T0
SCARINESS: 26 (multi-byte-read-heap-buffer-overflow)
    #0 0x4c0666 in memcpy /src/llvm/projects/compiler-rt/lib/asan/../sanitizer_common/sanitizer_common_interceptors.inc:801:5
    #1 0x7db1fe in memcpy /usr/include/x86_64-linux-gnu/bits/string3.h:53
    #2 0x7db1fe in H5VM_memcpyvv /build/hdf5-3JSo9x/hdf5-1.8.16+docs/debian/build/src/../../../src/H5VM.c:1669
    #3 0x7fed00 in H5D__compact_readvv /build/hdf5-3JSo9x/hdf5-1.8.16+docs/debian/build/src/../../../src/H5Dcompact.c:300
    #4 0x6a4dfc in H5D__gather_file /build/hdf5-3JSo9x/hdf5-1.8.16+docs/debian/build/src/../../../src/H5Dscatgath.c:251
    #5 0x6a57cf in H5D__scatgath_read /build/hdf5-3JSo9x/hdf5-1.8.16+docs/debian/build/src/../../../src/H5Dscatgath.c:514
    #6 0x8009a9 in H5D__contig_read /build/hdf5-3JSo9x/hdf5-1.8.16+docs/debian/build/src/../../../src/H5Dcontig.c:542
    #7 0x6a3b30 in H5D__read /build/hdf5-3JSo9x/hdf5-1.8.16+docs/debian/build/src/../../../src/H5Dio.c:550
    #8 0x6a3f17 in H5Dread /build/hdf5-3JSo9x/hdf5-1.8.16+docs/debian/build/src/../../../src/H5Dio.c:172
    #9 0x56cb35 in Mat_VarRead73 /src/matio/src/mat73.c:2402:21
    #10 0x56c97b in Mat_VarRead73 /src/matio/src/mat73.c:2431:28
    #11 0x553df1 in LLVMFuzzerTestOneInput /src/matio_fuzzer.cc:41:5
    #12 0x45aef1 in fuzzer::Fuzzer::ExecuteCallback(unsigned char const*, unsigned long) /src/llvm/projects/compiler-rt/lib/fuzzer/FuzzerLoop.cpp:554:15
    #13 0x445721 in fuzzer::RunOneTest(fuzzer::Fuzzer*, char const*, unsigned long) /src/llvm/projects/compiler-rt/lib/fuzzer/FuzzerDriver.cpp:292:6
    #14 0x44b43e in fuzzer::FuzzerDriver(int*, char***, int (*)(unsigned char const*, unsigned long)) /src/llvm/projects/compiler-rt/lib/fuzzer/FuzzerDriver.cpp:775:9
    #15 0x474dc2 in main /src/llvm/projects/compiler-rt/lib/fuzzer/FuzzerMain.cpp:19:10
    #16 0x7d954ba4983f in __libc_start_main (/lib/x86_64-linux-gnu/libc.so.6+0x2083f)
    #17 0x41ebc8 in _start (/out/matio_fuzzer+0x41ebc8)

DEDUP_TOKEN: memcpy--memcpy--H5VM_memcpyvv
0x60400000133c is located 0 bytes to the right of 44-byte region [0x604000001310,0x60400000133c)
allocated by thread T0 here:
    #0 0x521b1d in malloc /src/llvm/projects/compiler-rt/lib/asan/asan_malloc_linux.cpp:145:3
    #1 0x720ad5 in H5O_layout_copy /build/hdf5-3JSo9x/hdf5-1.8.16+docs/debian/build/src/../../../src/H5Olayout.c:395

DEDUP_TOKEN: malloc--H5O_layout_copy
SUMMARY: AddressSanitizer: heap-buffer-overflow /src/llvm/projects/compiler-rt/lib/asan/../sanitizer_common/sanitizer_common_interceptors.inc:801:5 in memcpy
Shadow bytes around the buggy address:
  0x0c087fff8210: fa fa 00 00 00 00 00 00 fa fa 00 00 00 00 00 00
  0x0c087fff8220: fa fa 00 00 00 00 00 00 fa fa 00 00 00 00 00 fa
  0x0c087fff8230: fa fa 00 00 00 00 00 00 fa fa 00 00 00 00 00 00
  0x0c087fff8240: fa fa 00 00 00 00 00 00 fa fa 00 00 00 00 00 04
  0x0c087fff8250: fa fa fd fd fd fd fd fd fa fa fd fd fd fd fd fd
=>0x0c087fff8260: fa fa 00 00 00 00 00[04]fa fa 00 00 00 00 00 04
  0x0c087fff8270: fa fa fa fa fa fa fa fa fa fa fa fa fa fa fa fa
  0x0c087fff8280: fa fa fa fa fa fa fa fa fa fa fa fa fa fa fa fa
  0x0c087fff8290: fa fa fa fa fa fa fa fa fa fa fa fa fa fa fa fa
  0x0c087fff82a0: fa fa fa fa fa fa fa fa fa fa fa fa fa fa fa fa
  0x0c087fff82b0: fa fa fa fa fa fa fa fa fa fa fa fa fa fa fa fa
Shadow byte legend (one shadow byte represents 8 application bytes):
  Addressable:           00
  Partially addressable: 01 02 03 04 05 06 07 
  Heap left redzone:       fa
  Freed heap region:       fd
  Stack left redzone:      f1
  Stack mid redzone:       f2
  Stack right redzone:     f3
  Stack after return:      f5
  Stack use after scope:   f8
  Global redzone:          f9
  Global init order:       f6
  Poisoned by user:        f7
  Container overflow:      fc
  Array cookie:            ac
  Intra object redzone:    bb
  ASan internal:           fe
  Left alloca redzone:     ca
  Right alloca redzone:    cb
  Shadow gap:              cc
==13==ABORTING
