INFO: Running with entropic power schedule (0xFF, 100).
INFO: Seed: 2288490634
INFO: Loaded 1 modules   (15356 inline 8-bit counters): 15356 [0x80e3f8, 0x811ff4), 
INFO: Loaded 1 PC tables (15356 PCs): 15356 [0x811ff8,0x84dfb8), 
/out/FuzzPGMLoader: Running 1 inputs 1 time(s) each.
Running: /tmp/poc
../../../AK/Format.h:227:30: runtime error: member call on address 0x7ffc1d53a4e8 with insufficient space for an object of type 'AK::Array<AK::TypeErasedParameter, 0>'
0x7ffc1d53a4e8: note: pointer points here
 00 00 00 00  90 a5 53 1d fc 7f 00 00  00 00 00 00 00 00 00 00  00 00 00 00 00 00 00 00  00 00 00 00
              ^ 
    #0 0x505f54 in AK::VariadicFormatParams<>::VariadicFormatParams() /src/serenity/Meta/Lagom/build/../../../AK/Format.h:227:30
    #1 0x505f54 in void AK::dbgln<true>(AK::StringView) /src/serenity/Meta/Lagom/build/../../../AK/Format.h:399:24
    #2 0x505f54 in void AK::dbgln<true>(char const*) /src/serenity/Meta/Lagom/build/../../../AK/Format.h:402:67
    #3 0x505f54 in Gfx::read_image_data(Gfx::PGMLoadingContext&, Gfx::Streamer&) /src/serenity/Userland/Libraries/LibGfx/PGMLoader.cpp:110:9
    #4 0x504544 in bool Gfx::decode<Gfx::PGMLoadingContext>(Gfx::PGMLoadingContext&) /src/serenity/Userland/Libraries/LibGfx/PortableImageLoaderCommon.h:264:10
    #5 0x503921 in AK::RefPtr<Gfx::Bitmap, AK::RefPtrTraits<Gfx::Bitmap> > Gfx::load_impl<Gfx::PGMLoadingContext>(unsigned char const*, unsigned long) /src/serenity/Userland/Libraries/LibGfx/PortableImageLoaderCommon.h:279:10
    #6 0x50361a in Gfx::load_pgm_from_memory(unsigned char const*, unsigned long) /src/serenity/Userland/Libraries/LibGfx/PGMLoader.cpp:130:19
    #7 0x4d2c74 in LLVMFuzzerTestOneInput /src/serenity/Meta/Lagom/build/../Fuzzers/FuzzPGMLoader.cpp:33:5
    #8 0x460ab3 in fuzzer::Fuzzer::ExecuteCallback(unsigned char const*, unsigned long) /src/llvm-project/compiler-rt/lib/fuzzer/FuzzerLoop.cpp:599:15
    #9 0x44a972 in fuzzer::RunOneTest(fuzzer::Fuzzer*, char const*, unsigned long) /src/llvm-project/compiler-rt/lib/fuzzer/FuzzerDriver.cpp:323:6
    #10 0x45076d in fuzzer::FuzzerDriver(int*, char***, int (*)(unsigned char const*, unsigned long)) /src/llvm-project/compiler-rt/lib/fuzzer/FuzzerDriver.cpp:856:9
    #11 0x47bf22 in main /src/llvm-project/compiler-rt/lib/fuzzer/FuzzerMain.cpp:20:10
    #12 0x7fbf2bfcd83f in __libc_start_main (/lib/x86_64-linux-gnu/libc.so.6+0x2083f)
    #13 0x425308 in _start (/out/FuzzPGMLoader+0x425308)

DEDUP_TOKEN: AK::VariadicFormatParams<>::VariadicFormatParams()--void AK::dbgln<true>(AK::StringView)--void AK::dbgln<true>(char const*)
SUMMARY: UndefinedBehaviorSanitizer: undefined-behavior ../../../AK/Format.h:227:30 in 
