INFO: Running with entropic power schedule (0xFF, 100).
INFO: Seed: 2215533764
INFO: Loaded 1 modules   (27880 inline 8-bit counters): 27880 [0x848f7d0, 0x84964b8), 
INFO: Loaded 1 PC tables (27880 PCs): 27880 [0x83f9ef0,0x8430630), 
/out/fuzzer-wolfssh-server-randomize: Running 1 inputs 1 time(s) each.
Running: /tmp/poc
AddressSanitizer:DEADLYSIGNAL
=================================================================
==12==ERROR: AddressSanitizer: SEGV on unknown address 0x1e403ad7 (pc 0x082e469e bp 0xffd4e958 sp 0xffd4e930 T0)
==12==The signal is caused by a READ memory access.
SCARINESS: 20 (wild-addr-read)
    #0 0x82e469e in fp_read_unsigned_bin /src/wolf-ssl-ssh-fuzzers/oss-fuzz/projects/wolf-ssl-ssh/fuzzers/wolfssh/wolfssl/wolfcrypt/src/tfm.c:3593:16
    #1 0x82e469e in mp_read_unsigned_bin /src/wolf-ssl-ssh-fuzzers/oss-fuzz/projects/wolf-ssl-ssh/fuzzers/wolfssh/wolfssl/wolfcrypt/src/tfm.c:4304:10
    #2 0x829897c in wc_RsaPublicKeyDecodeRaw /src/wolf-ssl-ssh-fuzzers/oss-fuzz/projects/wolf-ssl-ssh/fuzzers/wolfssh/wolfssl/wolfcrypt/src/asn.c:4476:9
    #3 0x81f6068 in DoUserAuthRequestRsa /src/wolf-ssl-ssh-fuzzers/oss-fuzz/projects/wolf-ssl-ssh/fuzzers/wolfssh/wolfssh/src/internal.c:3915:19
    #4 0x81f6068 in DoUserAuthRequestPublicKey /src/wolf-ssl-ssh-fuzzers/oss-fuzz/projects/wolf-ssl-ssh/fuzzers/wolfssh/wolfssh/src/internal.c:4272:27
    #5 0x81f6068 in DoUserAuthRequest /src/wolf-ssl-ssh-fuzzers/oss-fuzz/projects/wolf-ssl-ssh/fuzzers/wolfssh/wolfssh/src/internal.c:4352:19
    #6 0x81c5490 in DoPacket /src/wolf-ssl-ssh-fuzzers/oss-fuzz/projects/wolf-ssl-ssh/fuzzers/wolfssh/wolfssh/src/internal.c:5300:19
    #7 0x81c5490 in DoReceive /src/wolf-ssl-ssh-fuzzers/oss-fuzz/projects/wolf-ssl-ssh/fuzzers/wolfssh/wolfssh/src/internal.c:5889:23
    #8 0x81b2944 in wolfSSH_accept /src/wolf-ssl-ssh-fuzzers/oss-fuzz/projects/wolf-ssl-ssh/fuzzers/wolfssh/wolfssh/src/ssh.c:445:25
    #9 0x81b1021 in LLVMFuzzerTestOneInput /src/wolf-ssl-ssh-fuzzers/oss-fuzz/projects/wolf-ssl-ssh/fuzzers/wolfssh/wolfssh/wolfssh-fuzzers/server.c:66:17
    #10 0x80a956e in fuzzer::Fuzzer::ExecuteCallback(unsigned char const*, unsigned int) /src/llvm-project/compiler-rt/lib/fuzzer/FuzzerLoop.cpp:599:15
    #11 0x80933de in fuzzer::RunOneTest(fuzzer::Fuzzer*, char const*, unsigned int) /src/llvm-project/compiler-rt/lib/fuzzer/FuzzerDriver.cpp:323:6
    #12 0x8099328 in fuzzer::FuzzerDriver(int*, char***, int (*)(unsigned char const*, unsigned int)) /src/llvm-project/compiler-rt/lib/fuzzer/FuzzerDriver.cpp:856:9
    #13 0x80c48b7 in main /src/llvm-project/compiler-rt/lib/fuzzer/FuzzerMain.cpp:20:10
    #14 0xf1bb9646 in __libc_start_main (/lib32/libc.so.6+0x18646)
    #15 0x806d898 in _start (/out/fuzzer-wolfssh-server-randomize+0x806d898)

DEDUP_TOKEN: fp_read_unsigned_bin--mp_read_unsigned_bin--wc_RsaPublicKeyDecodeRaw
AddressSanitizer can not provide additional info.
SUMMARY: AddressSanitizer: SEGV /src/wolf-ssl-ssh-fuzzers/oss-fuzz/projects/wolf-ssl-ssh/fuzzers/wolfssh/wolfssl/wolfcrypt/src/tfm.c:3593:16 in fp_read_unsigned_bin
==12==ABORTING
