=================================================================
==13==ERROR: AddressSanitizer: attempting free on address which was not malloc()-ed: 0x702cb9499080 in thread T0
SCARINESS: 40 (bad-free)
    #0 0x5144fd in operator delete(void*) /src/llvm-project/compiler-rt/lib/asan/asan_new_delete.cpp:160:3
    #1 0x653084 in void std::__1::__libcpp_operator_delete<void*>(void*) /usr/local/bin/../include/c++/v1/new:245:3
    #2 0x653084 in void std::__1::__do_deallocate_handle_size<>(void*, unsigned long) /usr/local/bin/../include/c++/v1/new:269:10
    #3 0x653084 in std::__1::__libcpp_deallocate(void*, unsigned long, unsigned long) /usr/local/bin/../include/c++/v1/new:279:12
    #4 0x653084 in std::__1::allocator<std::__1::__list_node<RDKit::(anonymous namespace)::SmaState, void*> >::deallocate(std::__1::__list_node<RDKit::(anonymous namespace)::SmaState, void*>*, unsigned long) /usr/local/bin/../include/c++/v1/memory:787:13
    #5 0x653084 in std::__1::allocator_traits<std::__1::allocator<std::__1::__list_node<RDKit::(anonymous namespace)::SmaState, void*> > >::deallocate(std::__1::allocator<std::__1::__list_node<RDKit::(anonymous namespace)::SmaState, void*> >&, std::__1::__list_node<RDKit::(anonymous namespace)::SmaState, void*>*, unsigned long) /usr/local/bin/../include/c++/v1/__memory/allocator_traits.h:280:13
    #6 0x653084 in std::__1::list<RDKit::(anonymous namespace)::SmaState, std::__1::allocator<RDKit::(anonymous namespace)::SmaState> >::pop_back() /usr/local/bin/../include/c++/v1/list:1797:5
    #7 0x653084 in RDKit::(anonymous namespace)::labelRecursivePatterns(std::__1::basic_string<char, std::__1::char_traits<char>, std::__1::allocator<char> > const&) /src/rdkit/Code/GraphMol/SmilesParse/SmilesParse.cpp:180:13
    #8 0x652148 in RDKit::SmartsToMol(std::__1::basic_string<char, std::__1::char_traits<char>, std::__1::allocator<char> > const&, int, bool, std::__1::map<std::__1::basic_string<char, std::__1::char_traits<char>, std::__1::allocator<char> >, std::__1::basic_string<char, std::__1::char_traits<char>, std::__1::allocator<char> >, std::__1::less<std::__1::basic_string<char, std::__1::char_traits<char>, std::__1::allocator<char> > >, std::__1::allocator<std::__1::pair<std::__1::basic_string<char, std::__1::char_traits<char>, std::__1::allocator<char> > const, std::__1::basic_string<char, std::__1::char_traits<char>, std::__1::allocator<char> > > > >*) /src/rdkit/Code/GraphMol/SmilesParse/SmilesParse.cpp:473:17
    #9 0x577be3 in RDKit::(anonymous namespace)::ParseMarvinSmartsLine(RDKit::RWMol*, std::__1::basic_string<char, std::__1::char_traits<char>, std::__1::allocator<char> > const&, unsigned int) /src/rdkit/Code/GraphMol/FileParsers/MolFileParser.cpp:840:9
    #10 0x53de04 in RDKit::(anonymous namespace)::ParseMolBlockProperties(std::__1::basic_istream<char, std::__1::char_traits<char> >*, unsigned int&, RDKit::RWMol*, bool) /src/rdkit/Code/GraphMol/FileParsers/MolFileParser.cpp:1960:7
    #11 0x532ce4 in RDKit::FileParserUtils::ParseV2000CTAB(std::__1::basic_istream<char, std::__1::char_traits<char> >*, unsigned int&, RDKit::RWMol*, RDKit::Conformer*&, bool&, unsigned int&, unsigned int&, bool) /src/rdkit/Code/GraphMol/FileParsers/MolFileParser.cpp:2911:7
    #12 0x556a1d in RDKit::MolDataStreamToMol(std::__1::basic_istream<char, std::__1::char_traits<char> >*, unsigned int&, bool, bool, bool) /src/rdkit/Code/GraphMol/FileParsers/MolFileParser.cpp:3144:22
    #13 0x5168c4 in LLVMFuzzerTestOneInput /src/rdkit/Code/Fuzz/mol_data_stream_to_mol_fuzzer.cc:35:18
    #14 0x925043 in ExecuteFilesOnyByOne /src/aflplusplus/utils/aflpp_driver/aflpp_driver.c:185:7
    #15 0x925043 in main /src/aflplusplus/utils/aflpp_driver/aflpp_driver.c:237:12
    #16 0x702cb841183f in __libc_start_main (/lib/x86_64-linux-gnu/libc.so.6+0x2083f)
    #17 0x4680d8 in _start (/out/mol_data_stream_to_mol_fuzzer+0x4680d8)

DEDUP_TOKEN: operator delete(void*)--void std::__1::__libcpp_operator_delete<void*>(void*)--void std::__1::__do_deallocate_handle_size<>(void*, unsigned long)
Address 0x702cb9499080 is located in stack of thread T0 at offset 128 in frame
    #0 0x65265f in RDKit::(anonymous namespace)::labelRecursivePatterns(std::__1::basic_string<char, std::__1::char_traits<char>, std::__1::allocator<char> > const&) /src/rdkit/Code/GraphMol/SmilesParse/SmilesParse.cpp:159

DEDUP_TOKEN: RDKit::(anonymous namespace)::labelRecursivePatterns(std::__1::basic_string<char, std::__1::char_traits<char>, std::__1::allocator<char> > const&)
  This frame has 11 object(s):
    [32, 40) 'ref.tmp2.i283'
    [64, 65) 'ref.tmp5.i284'
    [80, 88) 'ref.tmp2.i'
    [112, 113) 'ref.tmp5.i'
    [128, 152) 'state' (line 161) <== Memory access at offset 128 is inside this variable
    [192, 216) 'startRecurse' (line 162)
    [256, 280) 'patterns' (line 163)
    [320, 344) 'recurs' (line 185)
    [384, 408) 'label' (line 186)
    [448, 472) 'ref.tmp85' (line 191)
    [512, 536) 'ref.tmp96' (line 194)
HINT: this may be a false positive if your program uses some custom stack unwind mechanism, swapcontext or vfork
      (longjmp and C++ exceptions *are* supported)
SUMMARY: AddressSanitizer: bad-free /src/llvm-project/compiler-rt/lib/asan/asan_new_delete.cpp:160:3 in operator delete(void*)
==13==ABORTING
