INFO: Running with entropic power schedule (0xFF, 100).
INFO: Seed: 2202393947
INFO: Loaded 1 modules   (14436 inline 8-bit counters): 14436 [0x9566b0, 0x959f14), 
INFO: Loaded 1 PC tables (14436 PCs): 14436 [0x959f18,0x992558), 
/out/secilc-fuzzer: Running 1 inputs 1 time(s) each.
Running: /tmp/poc
AddressSanitizer:DEADLYSIGNAL
=================================================================
==13==ERROR: AddressSanitizer: SEGV on unknown address 0x7f25c18017f8 (pc 0x0000006505f1 bp 0x7ffc03812b90 sp 0x7ffc03812a80 T0)
==13==The signal is caused by a READ memory access.
SCARINESS: 20 (wild-addr-read)
    #0 0x6505f1 in is_avrule_redundant /src/selinux/libsepol/src/optimize.c:215:35
    #1 0x6511ef in optimize_cond_av_list /src/selinux/libsepol/src/optimize.c:351:7
    #2 0x64f6e1 in optimize_cond_avtab /src/selinux/libsepol/src/optimize.c:375:3
    #3 0x64ea50 in policydb_optimize /src/selinux/libsepol/src/optimize.c:443:2
    #4 0x557620 in sepol_policydb_optimize /src/selinux/libsepol/src/policydb_public.c:172:9
    #5 0x556cd0 in LLVMFuzzerTestOneInput /src/secilc-fuzzer.c:65:6
    #6 0x45a191 in fuzzer::Fuzzer::ExecuteCallback(unsigned char const*, unsigned long) /src/llvm-project/compiler-rt/lib/fuzzer/FuzzerLoop.cpp:599:15
    #7 0x443e52 in fuzzer::RunOneTest(fuzzer::Fuzzer*, char const*, unsigned long) /src/llvm-project/compiler-rt/lib/fuzzer/FuzzerDriver.cpp:323:6
    #8 0x44a1a6 in fuzzer::FuzzerDriver(int*, char***, int (*)(unsigned char const*, unsigned long)) /src/llvm-project/compiler-rt/lib/fuzzer/FuzzerDriver.cpp:856:9
    #9 0x474192 in main /src/llvm-project/compiler-rt/lib/fuzzer/FuzzerMain.cpp:20:10
    #10 0x7f15c97ca83f in __libc_start_main (/lib/x86_64-linux-gnu/libc.so.6+0x2083f)
    #11 0x41e818 in _start (/out/secilc-fuzzer+0x41e818)

DEDUP_TOKEN: is_avrule_redundant--optimize_cond_av_list--optimize_cond_avtab
AddressSanitizer can not provide additional info.
SUMMARY: AddressSanitizer: SEGV /src/selinux/libsepol/src/optimize.c:215:35 in is_avrule_redundant
==13==ABORTING
