Accepting input from '/tmp/poc'
Usage for fuzzing: honggfuzz -P [flags] -- /out/php-fuzz-execute
=================================================================
==12==ERROR: AddressSanitizer: heap-buffer-overflow on address 0x606000013c98 at pc 0x000000b31567 bp 0x7fff20203590 sp 0x7fff20203588
READ of size 8 at 0x606000013c98 thread T0
SCARINESS: 23 (8-byte-read-heap-buffer-overflow)
    #0 0xb31566 in shutdown_executor /src/php-src/Zend/zend_execute_API.c:397:22
    #1 0xb691bb in zend_deactivate /src/php-src/Zend/zend.c:1229:2
    #2 0xa12c2b in php_request_shutdown /src/php-src/main/main.c:1813:2
    #3 0xd92c78 in fuzzer_request_shutdown /src/php-src/sapi/fuzzer/fuzzer-sapi.c:192:2
    #4 0xd93295 in fuzzer_do_request_from_buffer /src/php-src/sapi/fuzzer/fuzzer-sapi.c:263:2
    #5 0xd92869 in LLVMFuzzerTestOneInput /src/php-src/sapi/fuzzer/fuzzer-execute.c:57:2
    #6 0xe2a21b in main (/out/php-fuzz-execute+0xe2a21b)
    #7 0x750a5615083f in __libc_start_main (/lib/x86_64-linux-gnu/libc.so.6+0x2083f)
    #8 0x444bd8 in _start (/out/php-fuzz-execute+0x444bd8)

DEDUP_TOKEN: shutdown_executor--zend_deactivate--php_request_shutdown
0x606000013c98 is located 8 bytes to the left of 56-byte region [0x606000013ca0,0x606000013cd8)
allocated by thread T0 here:
    #0 0x4c00bd in malloc /src/llvm-project/compiler-rt/lib/asan/asan_malloc_linux.cpp:145:3
    #1 0xaddd0d in __zend_malloc /src/php-src/Zend/zend_alloc.c:3030:14
    #2 0xadabe2 in tracked_malloc /src/php-src/Zend/zend_alloc.c:2733:14
    #3 0xadd535 in _malloc_custom /src/php-src/Zend/zend_alloc.c:2418:10
    #4 0xadd43d in _emalloc /src/php-src/Zend/zend_alloc.c:2537:10
    #5 0xb96a80 in _zend_new_array /src/php-src/Zend/zend_hash.c:278:18
    #6 0xb3996f in zend_rebuild_symbol_table /src/php-src/Zend/zend_execute_API.c:1559:37
    #7 0xd06103 in zend_get_target_symbol_table /src/php-src/Zend/zend_execute.c:1878:4
    #8 0xd07f02 in zend_fetch_var_address_helper_SPEC_CV_UNUSED /src/php-src/Zend/zend_vm_execute.h:45234:24
    #9 0xc65e91 in ZEND_FETCH_W_SPEC_CV_UNUSED_HANDLER /src/php-src/Zend/zend_vm_execute.h:45303:2
    #10 0xd926f9 in fuzzer_execute_ex /src/php-src/sapi/fuzzer/fuzzer-execute.c:39:14
    #11 0xb34efe in zend_call_function /src/php-src/Zend/zend_execute_API.c:869:3
    #12 0xb369c9 in zend_call_known_function /src/php-src/Zend/zend_execute_API.c:959:23
    #13 0xd6af7f in zend_call_known_instance_method /src/php-src/Zend/zend_API.h:587:2
    #14 0xd69ee3 in zend_call_known_instance_method_with_0_params /src/php-src/Zend/zend_API.h:593:2
    #15 0xd69bd4 in zend_objects_destroy_object /src/php-src/Zend/zend_objects.c:163:3
    #16 0xd7b52c in zend_objects_store_del /src/php-src/Zend/zend_objects_API.c:178:4
    #17 0xb6390c in rc_dtor_func /src/php-src/Zend/zend_variables.c:57:2
    #18 0xba2e6c in i_zval_ptr_dtor /src/php-src/Zend/zend_variables.h:44:4
    #19 0xba39c7 in zend_symtable_clean /src/php-src/Zend/zend_hash.c:1746:5
    #20 0xbcdfa8 in zend_clean_and_cache_symbol_table /src/php-src/Zend/zend_execute.c:3379:3
    #21 0xd05057 in zend_leave_helper_SPEC /src/php-src/Zend/zend_vm_execute.h:1174:6
    #22 0xc45810 in ZEND_RETURN_SPEC_CONST_HANDLER /src/php-src/Zend/zend_vm_execute.h:3694:2
    #23 0xd926f9 in fuzzer_execute_ex /src/php-src/sapi/fuzzer/fuzzer-execute.c:39:14
    #24 0xb34efe in zend_call_function /src/php-src/Zend/zend_execute_API.c:869:3
    #25 0xb369c9 in zend_call_known_function /src/php-src/Zend/zend_execute_API.c:959:23
    #26 0xd6af7f in zend_call_known_instance_method /src/php-src/Zend/zend_API.h:587:2
    #27 0xd69ee3 in zend_call_known_instance_method_with_0_params /src/php-src/Zend/zend_API.h:593:2
    #28 0xd69bd4 in zend_objects_destroy_object /src/php-src/Zend/zend_objects.c:163:3
    #29 0xd7b52c in zend_objects_store_del /src/php-src/Zend/zend_objects_API.c:178:4

DEDUP_TOKEN: malloc--__zend_malloc--tracked_malloc
SUMMARY: AddressSanitizer: heap-buffer-overflow /src/php-src/Zend/zend_execute_API.c:397:22 in shutdown_executor
Shadow bytes around the buggy address:
  0x0c0c7fffa740: fd fd fd fd fd fd fd fd fa fa fa fa fd fd fd fd
  0x0c0c7fffa750: fd fd fd fa fa fa fa fa fd fd fd fd fd fd fd fa
  0x0c0c7fffa760: fa fa fa fa fd fd fd fd fd fd fd fa fa fa fa fa
  0x0c0c7fffa770: fd fd fd fd fd fd fd fa fa fa fa fa fd fd fd fd
  0x0c0c7fffa780: fd fd fd fa fa fa fa fa fd fd fd fd fd fd fd fa
=>0x0c0c7fffa790: fa fa fa[fa]00 00 00 00 00 00 00 fa fa fa fa fa
  0x0c0c7fffa7a0: 00 00 00 00 00 00 00 fa fa fa fa fa 00 00 00 00
  0x0c0c7fffa7b0: 00 00 00 fa fa fa fa fa 00 00 00 00 00 00 00 fa
  0x0c0c7fffa7c0: fa fa fa fa 00 00 00 00 00 00 00 fa fa fa fa fa
  0x0c0c7fffa7d0: 00 00 00 00 00 00 00 fa fa fa fa fa 00 00 00 00
  0x0c0c7fffa7e0: 00 00 00 fa fa fa fa fa 00 00 00 00 00 00 00 fa
Shadow byte legend (one shadow byte represents 8 application bytes):
  Addressable:           00
  Partially addressable: 01 02 03 04 05 06 07 
  Heap left redzone:       fa
  Freed heap region:       fd
  Stack left redzone:      f1
  Stack mid redzone:       f2
  Stack right redzone:     f3
  Stack after return:      f5
  Stack use after scope:   f8
  Global redzone:          f9
  Global init order:       f6
  Poisoned by user:        f7
  Container overflow:      fc
  Array cookie:            ac
  Intra object redzone:    bb
  ASan internal:           fe
  Left alloca redzone:     ca
  Right alloca redzone:    cb
  Shadow gap:              cc
==12==ABORTING
