INFO: Running with entropic power schedule (0xFF, 100).
INFO: Seed: 2319846437
INFO: Loaded 1 modules   (3611 inline 8-bit counters): 3611 [0x8c67e8, 0x8c7603), 
INFO: Loaded 1 PC tables (3611 PCs): 3611 [0x64d218,0x65b3c8), 
/out/EpollHelloWorld: Running 1 inputs 1 time(s) each.
Running: /tmp/poc
Warning: idleTimeout should be a multiple of 4!
AddressSanitizer:DEADLYSIGNAL
=================================================================
==13==ERROR: AddressSanitizer: SEGV on unknown address (pc 0x0000005b2fa5 bp 0x7ffffeb87f70 sp 0x7ffffeb87ec0 T0)
==13==The signal is caused by a READ memory access.
==13==Hint: this fault was caused by a dereference of a high value address (see register values below).  Disassemble the provided pc to learn which register was used.
SCARINESS: 20 (wild-addr-read)
    #0 0x5b2fa5 in us_internal_dispatch_ready_poll /src/uWebSockets/fuzzing/../uSockets/src/loop.c:182:21
    #1 0x5af9a3 in us_loop_run /src/uWebSockets/fuzzing/../uSockets/src/eventing/epoll_kqueue.c:147:21
    #2 0x55d07e in run /src/uWebSockets/fuzzing/../src/Loop.h:159:9
    #3 0x55d07e in run /src/uWebSockets/fuzzing/../src/Loop.h:176:18
    #4 0x55d07e in run /src/uWebSockets/fuzzing/../src/App.h:360:9
    #5 0x55d07e in test() /src/uWebSockets/fuzzing/EpollHelloWorld.cpp:95:13
    #6 0x55a69f in LLVMFuzzerTestOneInput /src/uWebSockets/fuzzing/./libEpollFuzzer/epoll_fuzzer.h:740:2
    #7 0x45b241 in fuzzer::Fuzzer::ExecuteCallback(unsigned char const*, unsigned long) /src/llvm-project/compiler-rt/lib/fuzzer/FuzzerLoop.cpp:599:15
    #8 0x444f02 in fuzzer::RunOneTest(fuzzer::Fuzzer*, char const*, unsigned long) /src/llvm-project/compiler-rt/lib/fuzzer/FuzzerDriver.cpp:323:6
    #9 0x44b256 in fuzzer::FuzzerDriver(int*, char***, int (*)(unsigned char const*, unsigned long)) /src/llvm-project/compiler-rt/lib/fuzzer/FuzzerDriver.cpp:856:9
    #10 0x475242 in main /src/llvm-project/compiler-rt/lib/fuzzer/FuzzerMain.cpp:20:10
    #11 0x7b29c279583f in __libc_start_main (/lib/x86_64-linux-gnu/libc.so.6+0x2083f)
    #12 0x41f8c8 in _start (/out/EpollHelloWorld+0x41f8c8)

DEDUP_TOKEN: us_internal_dispatch_ready_poll--us_loop_run--run
AddressSanitizer can not provide additional info.
SUMMARY: AddressSanitizer: SEGV /src/uWebSockets/fuzzing/../uSockets/src/loop.c:182:21 in us_internal_dispatch_ready_poll
==13==ABORTING
