INFO: Running with entropic power schedule (0xFF, 100).
INFO: Seed: 2259169907
INFO: Loaded 1 modules   (14458 inline 8-bit counters): 14458 [0x9b91e8, 0x9bca62), 
INFO: Loaded 1 PC tables (14458 PCs): 14458 [0x9bca68,0x9f5208), 
/out/secilc-fuzzer: Running 1 inputs 1 time(s) each.
Running: /tmp/poc
Failed to resolve class S in classorder
==12==WARNING: MemorySanitizer: use-of-uninitialized-value
    #0 0x622742 in __cil_ordered_item_insert /src/selinux/libsepol/src/../cil/src/cil_resolve_ast.c:1223:7
    #1 0x622894 in __cil_ordered_list_insert /src/selinux/libsepol/src/../cil/src/cil_resolve_ast.c:1259:11
    #2 0x622cae in __cil_ordered_lists_merge /src/selinux/libsepol/src/../cil/src/cil_resolve_ast.c:1295:8
    #3 0x62371c in __cil_ordered_lists_merge_all /src/selinux/libsepol/src/../cil/src/cil_resolve_ast.c:1423:10
    #4 0x6387cd in cil_resolve_ast /src/selinux/libsepol/src/../cil/src/cil_resolve_ast.c:4031:19
    #5 0x54cc9c in cil_compile /src/selinux/libsepol/src/../cil/src/cil.c:550:7
    #6 0x5267d4 in LLVMFuzzerTestOneInput /src/secilc-fuzzer.c:59:6
    #7 0x45a341 in fuzzer::Fuzzer::ExecuteCallback(unsigned char const*, unsigned long) /src/llvm-project/compiler-rt/lib/fuzzer/FuzzerLoop.cpp:599:15
    #8 0x444002 in fuzzer::RunOneTest(fuzzer::Fuzzer*, char const*, unsigned long) /src/llvm-project/compiler-rt/lib/fuzzer/FuzzerDriver.cpp:323:6
    #9 0x44a356 in fuzzer::FuzzerDriver(int*, char***, int (*)(unsigned char const*, unsigned long)) /src/llvm-project/compiler-rt/lib/fuzzer/FuzzerDriver.cpp:856:9
    #10 0x474342 in main /src/llvm-project/compiler-rt/lib/fuzzer/FuzzerMain.cpp:20:10
    #11 0x76151433f83f in __libc_start_main (/lib/x86_64-linux-gnu/libc.so.6+0x2083f)
    #12 0x41e9c8 in _start (/out/secilc-fuzzer+0x41e9c8)

DEDUP_TOKEN: __cil_ordered_item_insert--__cil_ordered_list_insert--__cil_ordered_lists_merge
  Uninitialized value was created by a heap deallocation
    #0 0x4cf7f9 in free /src/llvm-project/compiler-rt/lib/msan/msan_interceptors.cpp:222:3
    #1 0x59c494 in cil_destroy_sid /src/selinux/libsepol/src/../cil/src/cil_build_ast.c:1130:2
    #2 0x54db00 in cil_destroy_data /src/selinux/libsepol/src/../cil/src/cil.c:799:3
    #3 0x64000a in cil_tree_node_destroy /src/selinux/libsepol/src/../cil/src/cil_tree.c:235:4
    #4 0x63fc17 in cil_tree_children_destroy /src/selinux/libsepol/src/../cil/src/cil_tree.c
    #5 0x63810f in __cil_resolve_ast_last_child_helper /src/selinux/libsepol/src/../cil/src/cil_resolve_ast.c:3945:4
    #6 0x640ad5 in cil_tree_walk /src/selinux/libsepol/src/../cil/src/cil_tree.c:322:8
    #7 0x6404e8 in cil_tree_walk_core /src/selinux/libsepol/src/../cil/src/cil_tree.c:284:9
    #8 0x6409de in cil_tree_walk /src/selinux/libsepol/src/../cil/src/cil_tree.c:316:7
    #9 0x6404e8 in cil_tree_walk_core /src/selinux/libsepol/src/../cil/src/cil_tree.c:284:9
    #10 0x6409de in cil_tree_walk /src/selinux/libsepol/src/../cil/src/cil_tree.c:316:7
    #11 0x638644 in cil_resolve_ast /src/selinux/libsepol/src/../cil/src/cil_resolve_ast.c:4016:8
    #12 0x54cc9c in cil_compile /src/selinux/libsepol/src/../cil/src/cil.c:550:7
    #13 0x5267d4 in LLVMFuzzerTestOneInput /src/secilc-fuzzer.c:59:6
    #14 0x45a341 in fuzzer::Fuzzer::ExecuteCallback(unsigned char const*, unsigned long) /src/llvm-project/compiler-rt/lib/fuzzer/FuzzerLoop.cpp:599:15
    #15 0x444002 in fuzzer::RunOneTest(fuzzer::Fuzzer*, char const*, unsigned long) /src/llvm-project/compiler-rt/lib/fuzzer/FuzzerDriver.cpp:323:6
    #16 0x44a356 in fuzzer::FuzzerDriver(int*, char***, int (*)(unsigned char const*, unsigned long)) /src/llvm-project/compiler-rt/lib/fuzzer/FuzzerDriver.cpp:856:9
    #17 0x474342 in main /src/llvm-project/compiler-rt/lib/fuzzer/FuzzerMain.cpp:20:10
    #18 0x76151433f83f in __libc_start_main (/lib/x86_64-linux-gnu/libc.so.6+0x2083f)

DEDUP_TOKEN: free--cil_destroy_sid--cil_destroy_data
SUMMARY: MemorySanitizer: use-of-uninitialized-value /src/selinux/libsepol/src/../cil/src/cil_resolve_ast.c:1223:7 in __cil_ordered_item_insert
Unique heap origins: 444
Stack depot allocated bytes: 51128
Unique origin histories: 2
History depot allocated bytes: 48
Exiting
