INFO: Running with entropic power schedule (0xFF, 100).
INFO: Seed: 2325309408
INFO: Loaded 1 modules   (33751 inline 8-bit counters): 33751 [0xd28a70, 0xd30e47), 
INFO: Loaded 1 PC tables (33751 PCs): 33751 [0xd30e48,0xdb4bb8), 
/out/libass_fuzzer: Running 1 inputs 1 time(s) each.
Running: /tmp/poc
=================================================================
==13==ERROR: AddressSanitizer: heap-buffer-overflow on address 0x60200000bb17 at pc 0x0000005ba655 bp 0x7fff46b857b0 sp 0x7fff46b857a8
READ of size 1 at 0x60200000bb17 thread T0
SCARINESS: 12 (1-byte-read-heap-buffer-overflow)
    #0 0x5ba654 in fnv_32a_buf /src/libass/libass/./ass_utils.h:194:26
    #1 0x5b7382 in font_hash /src/libass/libass/./ass_cache_template.h:54:5
    #2 0x5b8ced in ass_cache_get /src/libass/libass/ass_cache.c:345:23
    #3 0x5bbb01 in ass_font_new /src/libass/libass/ass_font.c:245:22
    #4 0x58bb8c in update_font /src/libass/libass/ass_parse.c:132:31
    #5 0x58ebee in parse_tags /src/libass/libass/ass_parse.c:529:13
    #6 0x575381 in parse_events /src/libass/libass/ass_render.c:1919:21
    #7 0x57127c in ass_render_event /src/libass/libass/ass_render.c:2618:10
    #8 0x5704f4 in ass_render_frame /src/libass/libass/ass_render.c:3160:17
    #9 0x55b27a in LLVMFuzzerTestOneInput /src/libass_fuzzer.cc:45:5
    #10 0x45e9a1 in fuzzer::Fuzzer::ExecuteCallback(unsigned char const*, unsigned long) /src/llvm-project/compiler-rt/lib/fuzzer/FuzzerLoop.cpp:599:15
    #11 0x448662 in fuzzer::RunOneTest(fuzzer::Fuzzer*, char const*, unsigned long) /src/llvm-project/compiler-rt/lib/fuzzer/FuzzerDriver.cpp:323:6
    #12 0x44e9b6 in fuzzer::FuzzerDriver(int*, char***, int (*)(unsigned char const*, unsigned long)) /src/llvm-project/compiler-rt/lib/fuzzer/FuzzerDriver.cpp:856:9
    #13 0x4789a2 in main /src/llvm-project/compiler-rt/lib/fuzzer/FuzzerMain.cpp:20:10
    #14 0x73a31122883f in __libc_start_main (/lib/x86_64-linux-gnu/libc.so.6+0x2083f)
    #15 0x423028 in _start (/out/libass_fuzzer+0x423028)

DEDUP_TOKEN: fnv_32a_buf--font_hash--ass_cache_get
0x60200000bb17 is located 0 bytes to the right of 7-byte region [0x60200000bb10,0x60200000bb17)
allocated by thread T0 here:
    #0 0x513084 in __strdup /src/llvm-project/compiler-rt/lib/asan/asan_interceptors.cpp:468:3
    #1 0x55eda1 in process_event_tail /src/libass/libass/ass.c:353:27
    #2 0x562b03 in process_events_line /src/libass/libass/ass.c:812:16
    #3 0x56194d in process_line /src/libass/libass/ass.c:962:13
    #4 0x55d6d4 in process_text /src/libass/libass/ass.c:993:9
    #5 0x55fc97 in parse_memory /src/libass/libass/ass.c:1296:5
    #6 0x55f586 in ass_read_memory /src/libass/libass/ass.c:1346:13
    #7 0x55b1a3 in LLVMFuzzerTestOneInput /src/libass_fuzzer.cc:39:22
    #8 0x45e9a1 in fuzzer::Fuzzer::ExecuteCallback(unsigned char const*, unsigned long) /src/llvm-project/compiler-rt/lib/fuzzer/FuzzerLoop.cpp:599:15
    #9 0x448662 in fuzzer::RunOneTest(fuzzer::Fuzzer*, char const*, unsigned long) /src/llvm-project/compiler-rt/lib/fuzzer/FuzzerDriver.cpp:323:6
    #10 0x44e9b6 in fuzzer::FuzzerDriver(int*, char***, int (*)(unsigned char const*, unsigned long)) /src/llvm-project/compiler-rt/lib/fuzzer/FuzzerDriver.cpp:856:9
    #11 0x4789a2 in main /src/llvm-project/compiler-rt/lib/fuzzer/FuzzerMain.cpp:20:10
    #12 0x73a31122883f in __libc_start_main (/lib/x86_64-linux-gnu/libc.so.6+0x2083f)

DEDUP_TOKEN: __strdup--process_event_tail--process_events_line
SUMMARY: AddressSanitizer: heap-buffer-overflow /src/libass/libass/./ass_utils.h:194:26 in fnv_32a_buf
Shadow bytes around the buggy address:
  0x0c047fff9710: fa fa 00 04 fa fa 00 04 fa fa 00 03 fa fa 00 fa
  0x0c047fff9720: fa fa 00 fa fa fa 00 fa fa fa 00 fa fa fa 00 07
  0x0c047fff9730: fa fa 00 fa fa fa 00 fa fa fa 00 05 fa fa 00 fa
  0x0c047fff9740: fa fa 00 fa fa fa 00 05 fa fa 00 05 fa fa 00 04
  0x0c047fff9750: fa fa 00 fa fa fa 06 fa fa fa 01 fa fa fa 01 fa
=>0x0c047fff9760: fa fa[07]fa fa fa 06 fa fa fa fd fa fa fa 03 fa
  0x0c047fff9770: fa fa 00 00 fa fa fd fd fa fa fd fa fa fa fd fd
  0x0c047fff9780: fa fa fd fa fa fa 00 06 fa fa fd fd fa fa fd fa
  0x0c047fff9790: fa fa fd fd fa fa fd fa fa fa fd fd fa fa fd fd
  0x0c047fff97a0: fa fa fd fd fa fa fd fd fa fa fd fd fa fa fd fd
  0x0c047fff97b0: fa fa fd fd fa fa fd fd fa fa fd fd fa fa fd fd
Shadow byte legend (one shadow byte represents 8 application bytes):
  Addressable:           00
  Partially addressable: 01 02 03 04 05 06 07 
  Heap left redzone:       fa
  Freed heap region:       fd
  Stack left redzone:      f1
  Stack mid redzone:       f2
  Stack right redzone:     f3
  Stack after return:      f5
  Stack use after scope:   f8
  Global redzone:          f9
  Global init order:       f6
  Poisoned by user:        f7
  Container overflow:      fc
  Array cookie:            ac
  Intra object redzone:    bb
  ASan internal:           fe
  Left alloca redzone:     ca
  Right alloca redzone:    cb
  Shadow gap:              cc
==13==ABORTING
