INFO: Running with entropic power schedule (0xFF, 100).
INFO: Seed: 2210434151
INFO: Loaded 1 modules   (3176 inline 8-bit counters): 3176 [0x85d0b0, 0x85dd18), 
INFO: Loaded 1 PC tables (3176 PCs): 3176 [0x5ebf20,0x5f85a0), 
/out/fuzz-mdhtml: Running 1 inputs 1 time(s) each.
Running: /tmp/poc
=================================================================
==13==ERROR: AddressSanitizer: heap-buffer-overflow on address 0x622000002e70 at pc 0x00000058e0b5 bp 0x7ffe9f7ec710 sp 0x7ffe9f7ec708
READ of size 1 at 0x622000002e70 thread T0
SCARINESS: 12 (1-byte-read-heap-buffer-overflow)
    #0 0x58e0b4 in md_is_inline_link_spec /src/md4c/src/md4c.c:2321:42
    #1 0x58e0b4 in md_resolve_links /src/md4c/src/md4c.c:3543:27
    #2 0x58e0b4 in md_analyze_inlines /src/md4c/src/md4c.c:4004:5
    #3 0x57803f in md_process_normal_block_contents /src/md4c/src/md4c.c:4580:5
    #4 0x569a1d in md_process_leaf_block /src/md4c/src/md4c.c:4760:13
    #5 0x569a1d in md_process_all_blocks /src/md4c/src/md4c.c:4842:13
    #6 0x569a1d in md_process_doc /src/md4c/src/md4c.c:6269:5
    #7 0x55ab2f in md_parse /src/md4c/src/md4c.c:6337:11
    #8 0x553f6c in md_html /src/md4c/src/md4c-html.c:571:12
    #9 0x553917 in LLVMFuzzerTestOneInput /src/md4c/build/../test/fuzzers/fuzz-mdhtml.c:24:5
    #10 0x459a91 in fuzzer::Fuzzer::ExecuteCallback(unsigned char const*, unsigned long) /src/llvm-project/compiler-rt/lib/fuzzer/FuzzerLoop.cpp:599:15
    #11 0x443752 in fuzzer::RunOneTest(fuzzer::Fuzzer*, char const*, unsigned long) /src/llvm-project/compiler-rt/lib/fuzzer/FuzzerDriver.cpp:323:6
    #12 0x449aa6 in fuzzer::FuzzerDriver(int*, char***, int (*)(unsigned char const*, unsigned long)) /src/llvm-project/compiler-rt/lib/fuzzer/FuzzerDriver.cpp:856:9
    #13 0x473a92 in main /src/llvm-project/compiler-rt/lib/fuzzer/FuzzerMain.cpp:20:10
    #14 0x7af05c65883f in __libc_start_main (/lib/x86_64-linux-gnu/libc.so.6+0x2083f)
    #15 0x41e118 in _start (/out/fuzz-mdhtml+0x41e118)

DEDUP_TOKEN: md_is_inline_link_spec--md_resolve_links--md_analyze_inlines
0x622000002e70 is located 0 bytes to the right of 5488-byte region [0x622000001900,0x622000002e70)
allocated by thread T0 here:
    #0 0x52255d in malloc /src/llvm-project/compiler-rt/lib/asan/asan_malloc_linux.cpp:145:3
    #1 0x437267 in operator new(unsigned long) (/out/fuzz-mdhtml+0x437267)
    #2 0x443752 in fuzzer::RunOneTest(fuzzer::Fuzzer*, char const*, unsigned long) /src/llvm-project/compiler-rt/lib/fuzzer/FuzzerDriver.cpp:323:6
    #3 0x449aa6 in fuzzer::FuzzerDriver(int*, char***, int (*)(unsigned char const*, unsigned long)) /src/llvm-project/compiler-rt/lib/fuzzer/FuzzerDriver.cpp:856:9
    #4 0x473a92 in main /src/llvm-project/compiler-rt/lib/fuzzer/FuzzerMain.cpp:20:10
    #5 0x7af05c65883f in __libc_start_main (/lib/x86_64-linux-gnu/libc.so.6+0x2083f)

DEDUP_TOKEN: malloc--operator new(unsigned long)--fuzzer::RunOneTest(fuzzer::Fuzzer*, char const*, unsigned long)
SUMMARY: AddressSanitizer: heap-buffer-overflow /src/md4c/src/md4c.c:2321:42 in md_is_inline_link_spec
Shadow bytes around the buggy address:
  0x0c447fff8570: 00 00 00 00 00 00 00 00 00 00 00 00 00 00 00 00
  0x0c447fff8580: 00 00 00 00 00 00 00 00 00 00 00 00 00 00 00 00
  0x0c447fff8590: 00 00 00 00 00 00 00 00 00 00 00 00 00 00 00 00
  0x0c447fff85a0: 00 00 00 00 00 00 00 00 00 00 00 00 00 00 00 00
  0x0c447fff85b0: 00 00 00 00 00 00 00 00 00 00 00 00 00 00 00 00
=>0x0c447fff85c0: 00 00 00 00 00 00 00 00 00 00 00 00 00 00[fa]fa
  0x0c447fff85d0: fa fa fa fa fa fa fa fa fa fa fa fa fa fa fa fa
  0x0c447fff85e0: fa fa fa fa fa fa fa fa fa fa fa fa fa fa fa fa
  0x0c447fff85f0: fa fa fa fa fa fa fa fa fa fa fa fa fa fa fa fa
  0x0c447fff8600: fa fa fa fa fa fa fa fa fa fa fa fa fa fa fa fa
  0x0c447fff8610: fa fa fa fa fa fa fa fa fa fa fa fa fa fa fa fa
Shadow byte legend (one shadow byte represents 8 application bytes):
  Addressable:           00
  Partially addressable: 01 02 03 04 05 06 07 
  Heap left redzone:       fa
  Freed heap region:       fd
  Stack left redzone:      f1
  Stack mid redzone:       f2
  Stack right redzone:     f3
  Stack after return:      f5
  Stack use after scope:   f8
  Global redzone:          f9
  Global init order:       f6
  Poisoned by user:        f7
  Container overflow:      fc
  Array cookie:            ac
  Intra object redzone:    bb
  ASan internal:           fe
  Left alloca redzone:     ca
  Right alloca redzone:    cb
  Shadow gap:              cc
==13==ABORTING
