INFO: Running with entropic power schedule (0xFF, 100).
INFO: Seed: 2280709990
INFO: Loaded 1 modules   (37752 inline 8-bit counters): 37752 [0xe3c9e0, 0xe45d58), 
INFO: Loaded 1 PC tables (37752 PCs): 37752 [0xe45d58,0xed94d8), 
/out/server-fuzz: Running 1 inputs 1 time(s) each.
Running: /tmp/poc
=================================================================
==13==ERROR: AddressSanitizer: heap-buffer-overflow on address 0x6020000bc418 at pc 0x00000061519d bp 0x7ffd38d0dc20 sp 0x7ffd38d0dc18
READ of size 8 at 0x6020000bc418 thread T0
SCARINESS: 23 (8-byte-read-heap-buffer-overflow)
    #0 0x61519c in irc_parse_message_tags /work/Build/../../src/irssi/src/irc/core/irc.c:437:16
    #1 0x6157bc in irc_server_event_tags /work/Build/../../src/irssi/src/irc/core/irc.c:453:15
    #2 0x589f8d in signal_emit_real /work/Build/../../src/irssi/src/core/signals.c:242:3
    #3 0x58a641 in signal_emit_id /work/Build/../../src/irssi/src/core/signals.c:304:3
    #4 0x615b99 in irc_parse_incoming_line /work/Build/../../src/irssi/src/irc/core/irc.c:524:3
    #5 0x589f8d in signal_emit_real /work/Build/../../src/irssi/src/core/signals.c:242:3
    #6 0x589a84 in signal_emit /work/Build/../../src/irssi/src/core/signals.c:286:3
    #7 0x559153 in LLVMFuzzerTestOneInput /work/Build/../../src/irssi/src/fe-fuzz/server.c:185:3
    #8 0x45c001 in fuzzer::Fuzzer::ExecuteCallback(unsigned char const*, unsigned long) /src/llvm-project/compiler-rt/lib/fuzzer/FuzzerLoop.cpp:599:15
    #9 0x445cc2 in fuzzer::RunOneTest(fuzzer::Fuzzer*, char const*, unsigned long) /src/llvm-project/compiler-rt/lib/fuzzer/FuzzerDriver.cpp:323:6
    #10 0x44c016 in fuzzer::FuzzerDriver(int*, char***, int (*)(unsigned char const*, unsigned long)) /src/llvm-project/compiler-rt/lib/fuzzer/FuzzerDriver.cpp:856:9
    #11 0x476002 in main /src/llvm-project/compiler-rt/lib/fuzzer/FuzzerMain.cpp:20:10
    #12 0x74ef5432c83f in __libc_start_main (/lib/x86_64-linux-gnu/libc.so.6+0x2083f)
    #13 0x420688 in _start (/out/server-fuzz+0x420688)

DEDUP_TOKEN: irc_parse_message_tags--irc_server_event_tags--signal_emit_real
0x6020000bc418 is located 0 bytes to the right of 8-byte region [0x6020000bc410,0x6020000bc418)
allocated by thread T0 here:
    #0 0x524acd in malloc /src/llvm-project/compiler-rt/lib/asan/asan_malloc_linux.cpp:145:3
    #1 0x6bf4e7 in g_malloc /work/Build/build-subprojects/glib/../../../../src/irssi/subprojects/glib-2.58.3/glib/gmem.c:99:13
    #2 0x6bf8c4 in g_malloc_n /work/Build/build-subprojects/glib/../../../../src/irssi/subprojects/glib-2.58.3/glib/gmem.c:340:10
    #3 0x6f37c9 in g_strsplit /work/Build/build-subprojects/glib/../../../../src/irssi/subprojects/glib-2.58.3/glib/gstrfuncs.c:2364:15
    #4 0x6150a0 in irc_parse_message_tags /work/Build/../../src/irssi/src/irc/core/irc.c:436:8
    #5 0x6157bc in irc_server_event_tags /work/Build/../../src/irssi/src/irc/core/irc.c:453:15
    #6 0x589f8d in signal_emit_real /work/Build/../../src/irssi/src/core/signals.c:242:3
    #7 0x58a641 in signal_emit_id /work/Build/../../src/irssi/src/core/signals.c:304:3
    #8 0x615b99 in irc_parse_incoming_line /work/Build/../../src/irssi/src/irc/core/irc.c:524:3
    #9 0x589f8d in signal_emit_real /work/Build/../../src/irssi/src/core/signals.c:242:3
    #10 0x589a84 in signal_emit /work/Build/../../src/irssi/src/core/signals.c:286:3
    #11 0x559153 in LLVMFuzzerTestOneInput /work/Build/../../src/irssi/src/fe-fuzz/server.c:185:3
    #12 0x45c001 in fuzzer::Fuzzer::ExecuteCallback(unsigned char const*, unsigned long) /src/llvm-project/compiler-rt/lib/fuzzer/FuzzerLoop.cpp:599:15
    #13 0x445cc2 in fuzzer::RunOneTest(fuzzer::Fuzzer*, char const*, unsigned long) /src/llvm-project/compiler-rt/lib/fuzzer/FuzzerDriver.cpp:323:6
    #14 0x44c016 in fuzzer::FuzzerDriver(int*, char***, int (*)(unsigned char const*, unsigned long)) /src/llvm-project/compiler-rt/lib/fuzzer/FuzzerDriver.cpp:856:9
    #15 0x476002 in main /src/llvm-project/compiler-rt/lib/fuzzer/FuzzerMain.cpp:20:10
    #16 0x74ef5432c83f in __libc_start_main (/lib/x86_64-linux-gnu/libc.so.6+0x2083f)

DEDUP_TOKEN: malloc--g_malloc--g_malloc_n
SUMMARY: AddressSanitizer: heap-buffer-overflow /work/Build/../../src/irssi/src/irc/core/irc.c:437:16 in irc_parse_message_tags
Shadow bytes around the buggy address:
  0x0c048000f830: fa fa fd fa fa fa fd fa fa fa fd fd fa fa fd fa
  0x0c048000f840: fa fa fd fd fa fa fd fa fa fa fd fa fa fa fd fd
  0x0c048000f850: fa fa 00 00 fa fa 00 02 fa fa 00 07 fa fa 07 fa
  0x0c048000f860: fa fa 00 01 fa fa 03 fa fa fa 03 fa fa fa 00 00
  0x0c048000f870: fa fa fd fd fa fa 04 fa fa fa 01 fa fa fa 02 fa
=>0x0c048000f880: fa fa 00[fa]fa fa fa fa fa fa fa fa fa fa fa fa
  0x0c048000f890: fa fa fa fa fa fa fa fa fa fa fa fa fa fa fa fa
  0x0c048000f8a0: fa fa fa fa fa fa fa fa fa fa fa fa fa fa fa fa
  0x0c048000f8b0: fa fa fa fa fa fa fa fa fa fa fa fa fa fa fa fa
  0x0c048000f8c0: fa fa fa fa fa fa fa fa fa fa fa fa fa fa fa fa
  0x0c048000f8d0: fa fa fa fa fa fa fa fa fa fa fa fa fa fa fa fa
Shadow byte legend (one shadow byte represents 8 application bytes):
  Addressable:           00
  Partially addressable: 01 02 03 04 05 06 07 
  Heap left redzone:       fa
  Freed heap region:       fd
  Stack left redzone:      f1
  Stack mid redzone:       f2
  Stack right redzone:     f3
  Stack after return:      f5
  Stack use after scope:   f8
  Global redzone:          f9
  Global init order:       f6
  Poisoned by user:        f7
  Container overflow:      fc
  Array cookie:            ac
  Intra object redzone:    bb
  ASan internal:           fe
  Left alloca redzone:     ca
  Right alloca redzone:    cb
  Shadow gap:              cc
==13==ABORTING
