Accepting input from '/tmp/poc'
Usage for fuzzing: honggfuzz -P [flags] -- /out/php-fuzz-execute
=================================================================
==13==ERROR: AddressSanitizer: heap-use-after-free on address 0x606000013b24 at pc 0x0000009a42a0 bp 0x7ffd7efc87f0 sp 0x7ffd7efc87e8
READ of size 4 at 0x606000013b24 thread T0
SCARINESS: 45 (4-byte-read-heap-use-after-free)
    #0 0x9a429f in php_var_dump /src/php-src/ext/standard/var.c:148:8
    #1 0x9a45d7 in php_array_element_dump /src/php-src/ext/standard/var.c:47:2
    #2 0x9a3ffe in php_var_dump /src/php-src/ext/standard/var.c:136:5
    #3 0x9a4b5f in php_object_property_dump /src/php-src/ext/standard/var.c:82:3
    #4 0x9a3c22 in php_var_dump /src/php-src/ext/standard/var.c:175:7
    #5 0x9a4b5f in php_object_property_dump /src/php-src/ext/standard/var.c:82:3
    #6 0x9a3c22 in php_var_dump /src/php-src/ext/standard/var.c:175:7
    #7 0x9a4e9c in zif_var_dump /src/php-src/ext/standard/var.c:218:3
    #8 0xc9fd58 in ZEND_DO_ICALL_SPEC_RETVAL_UNUSED_HANDLER /src/php-src/Zend/zend_vm_execute.h:1233:2
    #9 0xd926f9 in fuzzer_execute_ex /src/php-src/sapi/fuzzer/fuzzer-execute.c:39:14
    #10 0xb34efe in zend_call_function /src/php-src/Zend/zend_execute_API.c:869:3
    #11 0xb369c9 in zend_call_known_function /src/php-src/Zend/zend_execute_API.c:959:23
    #12 0xd6af7f in zend_call_known_instance_method /src/php-src/Zend/zend_API.h:587:2
    #13 0xd69ee3 in zend_call_known_instance_method_with_0_params /src/php-src/Zend/zend_API.h:593:2
    #14 0xd69bd4 in zend_objects_destroy_object /src/php-src/Zend/zend_objects.c:163:3
    #15 0xd7b52c in zend_objects_store_del /src/php-src/Zend/zend_objects_API.c:178:4
    #16 0xb6390c in rc_dtor_func /src/php-src/Zend/zend_variables.c:57:2
    #17 0xba2e6c in i_zval_ptr_dtor /src/php-src/Zend/zend_variables.h:44:4
    #18 0xba2a07 in zend_array_destroy /src/php-src/Zend/zend_hash.c:1636:5
    #19 0xb6390c in rc_dtor_func /src/php-src/Zend/zend_variables.c:57:2
    #20 0xb63a4c in i_zval_ptr_dtor /src/php-src/Zend/zend_variables.h:44:4
    #21 0xb6399c in zval_ptr_dtor /src/php-src/Zend/zend_variables.c:84:2
    #22 0xd739ac in zend_std_unset_property /src/php-src/Zend/zend_object_handlers.c:992:4
    #23 0xc5b5ab in ZEND_UNSET_OBJ_SPEC_UNUSED_CONST_HANDLER /src/php-src/Zend/zend_vm_execute.h:32006:3
    #24 0xd926f9 in fuzzer_execute_ex /src/php-src/sapi/fuzzer/fuzzer-execute.c:39:14
    #25 0xb34efe in zend_call_function /src/php-src/Zend/zend_execute_API.c:869:3
    #26 0xb369c9 in zend_call_known_function /src/php-src/Zend/zend_execute_API.c:959:23
    #27 0xd6af7f in zend_call_known_instance_method /src/php-src/Zend/zend_API.h:587:2
    #28 0xd69ee3 in zend_call_known_instance_method_with_0_params /src/php-src/Zend/zend_API.h:593:2
    #29 0xd69bd4 in zend_objects_destroy_object /src/php-src/Zend/zend_objects.c:163:3
    #30 0xd7a53e in zend_objects_store_call_destructors /src/php-src/Zend/zend_objects_API.c:56:7
    #31 0xb2f295 in shutdown_destructors /src/php-src/Zend/zend_execute_API.c:247:3
    #32 0xb68f28 in zend_call_destructors /src/php-src/Zend/zend.c:1214:3
    #33 0xa12727 in php_request_shutdown /src/php-src/main/main.c:1763:3
    #34 0xd92c78 in fuzzer_request_shutdown /src/php-src/sapi/fuzzer/fuzzer-sapi.c:192:2
    #35 0xd93295 in fuzzer_do_request_from_buffer /src/php-src/sapi/fuzzer/fuzzer-sapi.c:263:2
    #36 0xd92869 in LLVMFuzzerTestOneInput /src/php-src/sapi/fuzzer/fuzzer-execute.c:57:2
    #37 0xe2a21b in main (/out/php-fuzz-execute+0xe2a21b)
    #38 0x7ea5902e283f in __libc_start_main (/lib/x86_64-linux-gnu/libc.so.6+0x2083f)
    #39 0x444bd8 in _start (/out/php-fuzz-execute+0x444bd8)

DEDUP_TOKEN: php_var_dump--php_array_element_dump--php_var_dump
0x606000013b24 is located 4 bytes inside of 56-byte region [0x606000013b20,0x606000013b58)
freed by thread T0 here:
    #0 0x4bfe3d in free /src/llvm-project/compiler-rt/lib/asan/asan_malloc_linux.cpp:123:3
    #1 0xae438d in tracked_free /src/php-src/Zend/zend_alloc.c:2748:2
    #2 0xadd6fe in _efree_custom /src/php-src/Zend/zend_alloc.c:2427:3
    #3 0xadd60f in _efree /src/php-src/Zend/zend_alloc.c:2547:3
    #4 0xd7b758 in zend_objects_store_del /src/php-src/Zend/zend_objects_API.c:197:3
    #5 0xb6390c in rc_dtor_func /src/php-src/Zend/zend_variables.c:57:2
    #6 0xba2e6c in i_zval_ptr_dtor /src/php-src/Zend/zend_variables.h:44:4
    #7 0xba2a07 in zend_array_destroy /src/php-src/Zend/zend_hash.c:1636:5
    #8 0xb6390c in rc_dtor_func /src/php-src/Zend/zend_variables.c:57:2
    #9 0xb63a4c in i_zval_ptr_dtor /src/php-src/Zend/zend_variables.h:44:4
    #10 0xb6399c in zval_ptr_dtor /src/php-src/Zend/zend_variables.c:84:2
    #11 0xd739ac in zend_std_unset_property /src/php-src/Zend/zend_object_handlers.c:992:4
    #12 0xc5b5ab in ZEND_UNSET_OBJ_SPEC_UNUSED_CONST_HANDLER /src/php-src/Zend/zend_vm_execute.h:32006:3
    #13 0xd926f9 in fuzzer_execute_ex /src/php-src/sapi/fuzzer/fuzzer-execute.c:39:14
    #14 0xb34efe in zend_call_function /src/php-src/Zend/zend_execute_API.c:869:3
    #15 0xb369c9 in zend_call_known_function /src/php-src/Zend/zend_execute_API.c:959:23
    #16 0xd6af7f in zend_call_known_instance_method /src/php-src/Zend/zend_API.h:587:2
    #17 0xd69ee3 in zend_call_known_instance_method_with_0_params /src/php-src/Zend/zend_API.h:593:2
    #18 0xd69bd4 in zend_objects_destroy_object /src/php-src/Zend/zend_objects.c:163:3
    #19 0xd7a53e in zend_objects_store_call_destructors /src/php-src/Zend/zend_objects_API.c:56:7
    #20 0xb2f295 in shutdown_destructors /src/php-src/Zend/zend_execute_API.c:247:3
    #21 0xb68f28 in zend_call_destructors /src/php-src/Zend/zend.c:1214:3
    #22 0xa12727 in php_request_shutdown /src/php-src/main/main.c:1763:3
    #23 0xd92c78 in fuzzer_request_shutdown /src/php-src/sapi/fuzzer/fuzzer-sapi.c:192:2
    #24 0xd93295 in fuzzer_do_request_from_buffer /src/php-src/sapi/fuzzer/fuzzer-sapi.c:263:2
    #25 0xd92869 in LLVMFuzzerTestOneInput /src/php-src/sapi/fuzzer/fuzzer-execute.c:57:2
    #26 0xe2a21b in main (/out/php-fuzz-execute+0xe2a21b)

DEDUP_TOKEN: free--tracked_free--_efree_custom
previously allocated by thread T0 here:
    #0 0x4c00bd in malloc /src/llvm-project/compiler-rt/lib/asan/asan_malloc_linux.cpp:145:3
    #1 0xaddd0d in __zend_malloc /src/php-src/Zend/zend_alloc.c:3030:14
    #2 0xadabe2 in tracked_malloc /src/php-src/Zend/zend_alloc.c:2733:14
    #3 0xadd535 in _malloc_custom /src/php-src/Zend/zend_alloc.c:2418:10
    #4 0xadd43d in _emalloc /src/php-src/Zend/zend_alloc.c:2537:10
    #5 0xd69fe7 in zend_objects_new /src/php-src/Zend/zend_objects.c:178:24
    #6 0xb76cf7 in _object_and_properties_init /src/php-src/Zend/zend_API.c:1388:22
    #7 0xb76fa5 in object_init_ex /src/php-src/Zend/zend_API.c:1411:9
    #8 0xc4bee9 in ZEND_NEW_SPEC_CONST_UNUSED_HANDLER /src/php-src/Zend/zend_vm_execute.h:9230:6
    #9 0xd926f9 in fuzzer_execute_ex /src/php-src/sapi/fuzzer/fuzzer-execute.c:39:14
    #10 0xbd2cd1 in zend_execute /src/php-src/Zend/zend_vm_execute.h:57958:2
    #11 0xd931de in fuzzer_do_request_from_buffer /src/php-src/sapi/fuzzer/fuzzer-sapi.c:255:5
    #12 0xd92869 in LLVMFuzzerTestOneInput /src/php-src/sapi/fuzzer/fuzzer-execute.c:57:2
    #13 0xe2a21b in main (/out/php-fuzz-execute+0xe2a21b)

DEDUP_TOKEN: malloc--__zend_malloc--tracked_malloc
SUMMARY: AddressSanitizer: heap-use-after-free /src/php-src/ext/standard/var.c:148:8 in php_var_dump
Shadow bytes around the buggy address:
  0x0c0c7fffa710: 00 00 00 00 00 00 00 fa fa fa fa fa 00 00 00 00
  0x0c0c7fffa720: 00 00 00 fa fa fa fa fa 00 00 00 00 00 00 00 fa
  0x0c0c7fffa730: fa fa fa fa fd fd fd fd fd fd fd fa fa fa fa fa
  0x0c0c7fffa740: fd fd fd fd fd fd fd fd fa fa fa fa fd fd fd fd
  0x0c0c7fffa750: fd fd fd fd fa fa fa fa 00 00 00 00 00 00 00 fa
=>0x0c0c7fffa760: fa fa fa fa[fd]fd fd fd fd fd fd fa fa fa fa fa
  0x0c0c7fffa770: 00 00 00 00 00 00 00 fa fa fa fa fa fd fd fd fd
  0x0c0c7fffa780: fd fd fd fa fa fa fa fa 00 00 00 00 00 00 00 fa
  0x0c0c7fffa790: fa fa fa fa 00 00 00 00 00 00 00 fa fa fa fa fa
  0x0c0c7fffa7a0: 00 00 00 00 00 00 00 fa fa fa fa fa fa fa fa fa
  0x0c0c7fffa7b0: fa fa fa fa fa fa fa fa fa fa fa fa fa fa fa fa
Shadow byte legend (one shadow byte represents 8 application bytes):
  Addressable:           00
  Partially addressable: 01 02 03 04 05 06 07 
  Heap left redzone:       fa
  Freed heap region:       fd
  Stack left redzone:      f1
  Stack mid redzone:       f2
  Stack right redzone:     f3
  Stack after return:      f5
  Stack use after scope:   f8
  Global redzone:          f9
  Global init order:       f6
  Poisoned by user:        f7
  Container overflow:      fc
  Array cookie:            ac
  Intra object redzone:    bb
  ASan internal:           fe
  Left alloca redzone:     ca
  Right alloca redzone:    cb
  Shadow gap:              cc
==13==ABORTING
