INFO: Running with entropic power schedule (0xFF, 100).
INFO: Seed: 2303128393
INFO: Loaded 1 modules   (40928 inline 8-bit counters): 40928 [0x8747260, 0x8751240), 
INFO: Loaded 1 PC tables (40928 PCs): 40928 [0x86a9aa4,0x86f99a4), 
/out/decompress_frame_fuzzer: Running 1 inputs 1 time(s) each.
Running: /tmp/poc
==13==WARNING: AddressSanitizer failed to allocate 0xc4002050 bytes
AddressSanitizer:DEADLYSIGNAL
=================================================================
==13==ERROR: AddressSanitizer: SEGV on unknown address 0x62001028 (pc 0x0860662a bp 0xffc63aa8 sp 0xffc63930 T0)
==13==The signal is caused by a READ memory access.
SCARINESS: 20 (wild-addr-read)
    #0 0x860662a in bshuf_trans_byte_bitrow_sse2 /src/c-blosc2/blosc/bitshuffle-sse2.c:330:12
    #1 0x86142de in bshuf_trans_byte_bitrow_avx2 /src/c-blosc2/blosc/bitshuffle-avx2.c:117:12
    #2 0x8615c3d in bshuf_untrans_bit_elem_avx2 /src/c-blosc2/blosc/bitshuffle-avx2.c:243:11
    #3 0x826cdb4 in bitunshuffle /src/c-blosc2/blosc/shuffle.c:473:21
    #4 0x81fdb98 in pipeline_d /src/c-blosc2/blosc/blosc2.c:1151:9
    #5 0x820e307 in blosc_d /src/c-blosc2/blosc/blosc2.c:1447:19
    #6 0x820c7f0 in _blosc_getitem /src/c-blosc2/blosc/blosc2.c:2543:14
    #7 0x820f1eb in blosc2_getitem_ctx /src/c-blosc2/blosc/blosc2.c:2613:12
    #8 0x820eb08 in blosc2_getitem /src/c-blosc2/blosc/blosc2.c:2572:12
    #9 0x8249836 in get_coffset /src/c-blosc2/blosc/frame.c:1716:12
    #10 0x824749d in frame_get_lazychunk /src/c-blosc2/blosc/frame.c:1905:8
    #11 0x825103d in frame_decompress_chunk /src/c-blosc2/blosc/frame.c:2750:8
    #12 0x822fff5 in blosc2_schunk_decompress_chunk /src/c-blosc2/blosc/schunk.c:804:17
    #13 0x81a94a6 in LLVMFuzzerTestOneInput /src/c-blosc2/tests/fuzz/fuzz_decompress_frame.c:38:15
    #14 0x80a37f1 in fuzzer::Fuzzer::ExecuteCallback(unsigned char const*, unsigned int) /src/llvm-project/compiler-rt/lib/fuzzer/FuzzerLoop.cpp:599:15
    #15 0x808dd8e in fuzzer::RunOneTest(fuzzer::Fuzzer*, char const*, unsigned int) /src/llvm-project/compiler-rt/lib/fuzzer/FuzzerDriver.cpp:323:6
    #16 0x8093cb4 in fuzzer::FuzzerDriver(int*, char***, int (*)(unsigned char const*, unsigned int)) /src/llvm-project/compiler-rt/lib/fuzzer/FuzzerDriver.cpp:856:9
    #17 0x80bd497 in main /src/llvm-project/compiler-rt/lib/fuzzer/FuzzerMain.cpp:20:10
    #18 0xebc01646 in __libc_start_main (/lib32/libc.so.6+0x18646)
    #19 0x8068238 in _start (/out/decompress_frame_fuzzer+0x8068238)

DEDUP_TOKEN: bshuf_trans_byte_bitrow_sse2--bshuf_trans_byte_bitrow_avx2--bshuf_untrans_bit_elem_avx2
AddressSanitizer can not provide additional info.
SUMMARY: AddressSanitizer: SEGV /src/c-blosc2/blosc/bitshuffle-sse2.c:330:12 in bshuf_trans_byte_bitrow_sse2
==13==ABORTING
