INFO: Running with entropic power schedule (0xFF, 100).
INFO: Seed: 2296449104
INFO: Loaded 1 modules   (16188 inline 8-bit counters): 16188 [0xa00d30, 0xa04c6c), 
INFO: Loaded 1 PC tables (16188 PCs): 16188 [0xa04c70,0xa44030), 
/out/ply_reader_fuzzer: Running 1 inputs 1 time(s) each.
Running: /tmp/poc
=================================================================
==13==ERROR: AddressSanitizer: container-overflow on address 0x6020000000d0 at pc 0x00000058648b bp 0x7fff2882b7c0 sp 0x7fff2882b7b8
WRITE of size 4 at 0x6020000000d0 thread T0
SCARINESS: 36 (4-byte-write-container-overflow)
    #0 0x58648a in void pcl::PLYReader::vertexListPropertyContentCallback<int>(int) /src/pcl/io/src/ply_io.cpp:303:5
    #1 0x58648a in std::__1::tuple<std::__1::function<void (unsigned char)>, std::__1::function<void (int)>, std::__1::function<void ()> > pcl::PLYReader::listPropertyDefinitionCallback<unsigned char, int>(std::__1::basic_string<char, std::__1::char_traits<char>, std::__1::allocator<char> > const&, std::__1::basic_string<char, std::__1::char_traits<char>, std::__1::allocator<char> > const&)::$_12::operator()(int) const /src/pcl/io/src/ply_io.cpp:344:46
    #2 0x58648a in decltype(std::__1::forward<unsigned char>(fp)(std::__1::forward<int>(fp0)...)) std::__1::__invoke<std::__1::tuple<std::__1::function<void (unsigned char)>, std::__1::function<void (int)>, std::__1::function<void ()> > pcl::PLYReader::listPropertyDefinitionCallback<unsigned char, int>(std::__1::basic_string<char, std::__1::char_traits<char>, std::__1::allocator<char> > const&, std::__1::basic_string<char, std::__1::char_traits<char>, std::__1::allocator<char> > const&)::$_12&, int>(unsigned char&&, int&&...) /usr/local/bin/../include/c++/v1/type_traits:3679:1
    #3 0x58648a in void std::__1::__invoke_void_return_wrapper<void>::__call<std::__1::tuple<std::__1::function<void (unsigned char)>, std::__1::function<void (int)>, std::__1::function<void ()> > pcl::PLYReader::listPropertyDefinitionCallback<unsigned char, int>(std::__1::basic_string<char, std::__1::char_traits<char>, std::__1::allocator<char> > const&, std::__1::basic_string<char, std::__1::char_traits<char>, std::__1::allocator<char> > const&)::$_12&, int>(unsigned char&&...) /usr/local/bin/../include/c++/v1/__functional_base:348:9
    #4 0x58648a in std::__1::__function::__alloc_func<std::__1::tuple<std::__1::function<void (unsigned char)>, std::__1::function<void (int)>, std::__1::function<void ()> > pcl::PLYReader::listPropertyDefinitionCallback<unsigned char, int>(std::__1::basic_string<char, std::__1::char_traits<char>, std::__1::allocator<char> > const&, std::__1::basic_string<char, std::__1::char_traits<char>, std::__1::allocator<char> > const&)::$_12, std::__1::allocator<std::__1::tuple<std::__1::function<void (unsigned char)>, std::__1::function<void (int)>, std::__1::function<void ()> > pcl::PLYReader::listPropertyDefinitionCallback<unsigned char, int>(std::__1::basic_string<char, std::__1::char_traits<char>, std::__1::allocator<char> > const&, std::__1::basic_string<char, std::__1::char_traits<char>, std::__1::allocator<char> > const&)::$_12>, void (int)>::operator()(int&&) /usr/local/bin/../include/c++/v1/functional:1558:16
    #5 0x58648a in std::__1::__function::__func<std::__1::tuple<std::__1::function<void (unsigned char)>, std::__1::function<void (int)>, std::__1::function<void ()> > pcl::PLYReader::listPropertyDefinitionCallback<unsigned char, int>(std::__1::basic_string<char, std::__1::char_traits<char>, std::__1::allocator<char> > const&, std::__1::basic_string<char, std::__1::char_traits<char>, std::__1::allocator<char> > const&)::$_12, std::__1::allocator<std::__1::tuple<std::__1::function<void (unsigned char)>, std::__1::function<void (int)>, std::__1::function<void ()> > pcl::PLYReader::listPropertyDefinitionCallback<unsigned char, int>(std::__1::basic_string<char, std::__1::char_traits<char>, std::__1::allocator<char> > const&, std::__1::basic_string<char, std::__1::char_traits<char>, std::__1::allocator<char> > const&)::$_12>, void (int)>::operator()(int&&) /usr/local/bin/../include/c++/v1/functional:1732:12
    #6 0x64e599 in std::__1::__function::__value_func<void (int)>::operator()(int&&) const /usr/local/bin/../include/c++/v1/functional:1885:16
    #7 0x64e599 in std::__1::function<void (int)>::operator()(int) const /usr/local/bin/../include/c++/v1/functional:2560:12
    #8 0x64e599 in bool pcl::io::ply::ply_parser::parse_list_property<unsigned char, int>(int, std::__1::basic_istream<char, std::__1::char_traits<char> >&, pcl::io::ply::ply_parser::list_property_begin_callback_type<unsigned char, int>::type const&, pcl::io::ply::ply_parser::list_property_element_callback_type<unsigned char, int>::type const&, pcl::io::ply::ply_parser::list_property_end_callback_type<unsigned char, int>::type const&) /src/pcl/io/include/pcl/io/ply/ply_parser.h:688:7
    #9 0x5d1677 in pcl::io::ply::ply_parser::parse(std::__1::basic_string<char, std::__1::char_traits<char>, std::__1::allocator<char> > const&) /src/pcl/io/src/ply/ply_parser.cpp:513:23
    #10 0x56ac26 in pcl::PLYReader::parse(std::__1::basic_string<char, std::__1::char_traits<char>, std::__1::allocator<char> > const&) /src/pcl/io/src/ply_io.cpp:557:21
    #11 0x56c3c5 in pcl::PLYReader::readHeader(std::__1::basic_string<char, std::__1::char_traits<char>, std::__1::allocator<char> > const&, pcl::PCLPointCloud2&, Eigen::Matrix<float, 4, 1, 0, 4, 1>&, Eigen::Quaternion<float, 0>&, int&, int&, unsigned int&, int) /src/pcl/io/src/ply_io.cpp:572:8
    #12 0x56c784 in pcl::PLYReader::read(std::__1::basic_string<char, std::__1::char_traits<char>, std::__1::allocator<char> > const&, pcl::PCLPointCloud2&, Eigen::Matrix<float, 4, 1, 0, 4, 1>&, Eigen::Quaternion<float, 0>&, int&, int) /src/pcl/io/src/ply_io.cpp:596:13
    #13 0x558c23 in pcl::PLYReader::read(std::__1::basic_string<char, std::__1::char_traits<char>, std::__1::allocator<char> > const&, pcl::PCLPointCloud2&, int) /src/pcl/io/include/pcl/io/ply_io.h:188:16
    #14 0x558c23 in LLVMFuzzerTestOneInput /src/pcl/test/fuzz/ply_reader_fuzzer.cpp:20:12
    #15 0x45aff3 in fuzzer::Fuzzer::ExecuteCallback(unsigned char const*, unsigned long) /src/llvm-project/compiler-rt/lib/fuzzer/FuzzerLoop.cpp:599:15
    #16 0x444eb2 in fuzzer::RunOneTest(fuzzer::Fuzzer*, char const*, unsigned long) /src/llvm-project/compiler-rt/lib/fuzzer/FuzzerDriver.cpp:323:6
    #17 0x44acad in fuzzer::FuzzerDriver(int*, char***, int (*)(unsigned char const*, unsigned long)) /src/llvm-project/compiler-rt/lib/fuzzer/FuzzerDriver.cpp:856:9
    #18 0x476452 in main /src/llvm-project/compiler-rt/lib/fuzzer/FuzzerMain.cpp:20:10
    #19 0x7600fda3883f in __libc_start_main (/lib/x86_64-linux-gnu/libc.so.6+0x2083f)
    #20 0x41fb78 in _start (/out/ply_reader_fuzzer+0x41fb78)

DEDUP_TOKEN: void pcl::PLYReader::vertexListPropertyContentCallback<int>(int)--std::__1::tuple<std::__1::function<void (unsigned char)>, std::__1::function<void (int)>, std::__1::function<void ()> > pcl::PLYReader::listPropertyDefinitionCallback<unsigned char, int>(std::__1::basic_string<char, std::__1::char_traits<char>, std::__1::allocator<char> > const&, std::__1::basic_string<char, std::__1::char_traits<char>, std::__1::allocator<char> > const&)::$_12::operator()(int) const--decltype(std::__1::forward<unsigned char>(fp)(std::__1::forward<int>(fp0)...)) std::__1::__invoke<std::__1::tuple<std::__1::function<void (unsigned char)>, std::__1::function<void (int)>, std::__1::function<void ()> > pcl::PLYReader::listPropertyDefinitionCallback<unsigned char, int>(std::__1::basic_string<char, std::__1::char_traits<char>, std::__1::allocator<char> > const&, std::__1::basic_string<char, std::__1::char_traits<char>, std::__1::allocator<char> > const&)::$_12&, int>(unsigned char&&, int&&...)
0x6020000000d0 is located 0 bytes inside of 16-byte region [0x6020000000d0,0x6020000000e0)
allocated by thread T0 here:
    #0 0x55567d in operator new(unsigned long) /src/llvm-project/compiler-rt/lib/asan/asan_new_delete.cpp:99:3
    #1 0x5a5efa in void* std::__1::__libcpp_operator_new<unsigned long>(unsigned long) /usr/local/bin/../include/c++/v1/new:235:10
    #2 0x5a5efa in std::__1::__libcpp_allocate(unsigned long, unsigned long) /usr/local/bin/../include/c++/v1/new:261:10
    #3 0x5a5efa in std::__1::allocator<unsigned char>::allocate(unsigned long) /usr/local/bin/../include/c++/v1/memory:840:38
    #4 0x5a5efa in std::__1::allocator_traits<std::__1::allocator<unsigned char> >::allocate(std::__1::allocator<unsigned char>&, unsigned long) /usr/local/bin/../include/c++/v1/__memory/allocator_traits.h:260:20
    #5 0x5a5efa in std::__1::__split_buffer<unsigned char, std::__1::allocator<unsigned char>&>::__split_buffer(unsigned long, unsigned long, std::__1::allocator<unsigned char>&) /usr/local/bin/../include/c++/v1/__split_buffer:314:29
    #6 0x5a5efa in std::__1::vector<unsigned char, std::__1::allocator<unsigned char> >::__append(unsigned long) /usr/local/bin/../include/c++/v1/vector:1093:53
    #7 0x5b4ef7 in std::__1::vector<unsigned char, std::__1::allocator<unsigned char> >::resize(unsigned long) /usr/local/bin/../include/c++/v1/vector:2024:15
    #8 0x5b4ef7 in pcl::PLYReader::endHeaderCallback() /src/pcl/io/src/ply_io.cpp:101:16
    #9 0x5b4ef7 in pcl::PLYReader::parse(std::__1::basic_string<char, std::__1::char_traits<char>, std::__1::allocator<char> > const&)::$_39::operator()() const /src/pcl/io/src/ply_io.cpp:531:51
    #10 0x5b4ef7 in decltype(std::__1::forward<pcl::PLYReader::parse(std::__1::basic_string<char, std::__1::char_traits<char>, std::__1::allocator<char> > const&)::$_39&>(fp)()) std::__1::__invoke<pcl::PLYReader::parse(std::__1::basic_string<char, std::__1::char_traits<char>, std::__1::allocator<char> > const&)::$_39&>(pcl::PLYReader::parse(std::__1::basic_string<char, std::__1::char_traits<char>, std::__1::allocator<char> > const&)::$_39&) /usr/local/bin/../include/c++/v1/type_traits:3679:1
    #11 0x5b4ef7 in bool std::__1::__invoke_void_return_wrapper<bool>::__call<pcl::PLYReader::parse(std::__1::basic_string<char, std::__1::char_traits<char>, std::__1::allocator<char> > const&)::$_39&>(pcl::PLYReader::parse(std::__1::basic_string<char, std::__1::char_traits<char>, std::__1::allocator<char> > const&)::$_39&) /usr/local/bin/../include/c++/v1/__functional_base:317:16
    #12 0x5b4ef7 in std::__1::__function::__alloc_func<pcl::PLYReader::parse(std::__1::basic_string<char, std::__1::char_traits<char>, std::__1::allocator<char> > const&)::$_39, std::__1::allocator<pcl::PLYReader::parse(std::__1::basic_string<char, std::__1::char_traits<char>, std::__1::allocator<char> > const&)::$_39>, bool ()>::operator()() /usr/local/bin/../include/c++/v1/functional:1558:16
    #13 0x5b4ef7 in std::__1::__function::__func<pcl::PLYReader::parse(std::__1::basic_string<char, std::__1::char_traits<char>, std::__1::allocator<char> > const&)::$_39, std::__1::allocator<pcl::PLYReader::parse(std::__1::basic_string<char, std::__1::char_traits<char>, std::__1::allocator<char> > const&)::$_39>, bool ()>::operator()() /usr/local/bin/../include/c++/v1/functional:1732:12
    #14 0x5c7604 in std::__1::__function::__value_func<bool ()>::operator()() const /usr/local/bin/../include/c++/v1/functional:1885:16
    #15 0x5c7604 in std::__1::function<bool ()>::operator()() const /usr/local/bin/../include/c++/v1/functional:2560:12
    #16 0x5c7604 in pcl::io::ply::ply_parser::parse(std::__1::basic_string<char, std::__1::char_traits<char>, std::__1::allocator<char> > const&) /src/pcl/io/src/ply/ply_parser.cpp:429:12
    #17 0x56ac26 in pcl::PLYReader::parse(std::__1::basic_string<char, std::__1::char_traits<char>, std::__1::allocator<char> > const&) /src/pcl/io/src/ply_io.cpp:557:21
    #18 0x56c3c5 in pcl::PLYReader::readHeader(std::__1::basic_string<char, std::__1::char_traits<char>, std::__1::allocator<char> > const&, pcl::PCLPointCloud2&, Eigen::Matrix<float, 4, 1, 0, 4, 1>&, Eigen::Quaternion<float, 0>&, int&, int&, unsigned int&, int) /src/pcl/io/src/ply_io.cpp:572:8
    #19 0x56c784 in pcl::PLYReader::read(std::__1::basic_string<char, std::__1::char_traits<char>, std::__1::allocator<char> > const&, pcl::PCLPointCloud2&, Eigen::Matrix<float, 4, 1, 0, 4, 1>&, Eigen::Quaternion<float, 0>&, int&, int) /src/pcl/io/src/ply_io.cpp:596:13
    #20 0x558c23 in pcl::PLYReader::read(std::__1::basic_string<char, std::__1::char_traits<char>, std::__1::allocator<char> > const&, pcl::PCLPointCloud2&, int) /src/pcl/io/include/pcl/io/ply_io.h:188:16
    #21 0x558c23 in LLVMFuzzerTestOneInput /src/pcl/test/fuzz/ply_reader_fuzzer.cpp:20:12
    #22 0x45aff3 in fuzzer::Fuzzer::ExecuteCallback(unsigned char const*, unsigned long) /src/llvm-project/compiler-rt/lib/fuzzer/FuzzerLoop.cpp:599:15
    #23 0x444eb2 in fuzzer::RunOneTest(fuzzer::Fuzzer*, char const*, unsigned long) /src/llvm-project/compiler-rt/lib/fuzzer/FuzzerDriver.cpp:323:6
    #24 0x44acad in fuzzer::FuzzerDriver(int*, char***, int (*)(unsigned char const*, unsigned long)) /src/llvm-project/compiler-rt/lib/fuzzer/FuzzerDriver.cpp:856:9
    #25 0x476452 in main /src/llvm-project/compiler-rt/lib/fuzzer/FuzzerMain.cpp:20:10
    #26 0x7600fda3883f in __libc_start_main (/lib/x86_64-linux-gnu/libc.so.6+0x2083f)

DEDUP_TOKEN: operator new(unsigned long)--void* std::__1::__libcpp_operator_new<unsigned long>(unsigned long)--std::__1::__libcpp_allocate(unsigned long, unsigned long)
HINT: if you don't care about these errors you may set ASAN_OPTIONS=detect_container_overflow=0.
If you suspect a false positive see also: https://github.com/google/sanitizers/wiki/AddressSanitizerContainerOverflow.
SUMMARY: AddressSanitizer: container-overflow /src/pcl/io/src/ply_io.cpp:303:5 in void pcl::PLYReader::vertexListPropertyContentCallback<int>(int)
Shadow bytes around the buggy address:
  0x0c047fff7fc0: 00 00 00 00 00 00 00 00 00 00 00 00 00 00 00 00
  0x0c047fff7fd0: 00 00 00 00 00 00 00 00 00 00 00 00 00 00 00 00
  0x0c047fff7fe0: 00 00 00 00 00 00 00 00 00 00 00 00 00 00 00 00
  0x0c047fff7ff0: 00 00 00 00 00 00 00 00 00 00 00 00 00 00 00 00
  0x0c047fff8000: fa fa 00 00 fa fa 00 fa fa fa 00 fa fa fa 00 fa
=>0x0c047fff8010: fa fa 00 00 fa fa 00 00 fa fa[fc]fc fa fa fa fa
  0x0c047fff8020: fa fa fa fa fa fa fa fa fa fa fa fa fa fa fa fa
  0x0c047fff8030: fa fa fa fa fa fa fa fa fa fa fa fa fa fa fa fa
  0x0c047fff8040: fa fa fa fa fa fa fa fa fa fa fa fa fa fa fa fa
  0x0c047fff8050: fa fa fa fa fa fa fa fa fa fa fa fa fa fa fa fa
  0x0c047fff8060: fa fa fa fa fa fa fa fa fa fa fa fa fa fa fa fa
Shadow byte legend (one shadow byte represents 8 application bytes):
  Addressable:           00
  Partially addressable: 01 02 03 04 05 06 07 
  Heap left redzone:       fa
  Freed heap region:       fd
  Stack left redzone:      f1
  Stack mid redzone:       f2
  Stack right redzone:     f3
  Stack after return:      f5
  Stack use after scope:   f8
  Global redzone:          f9
  Global init order:       f6
  Poisoned by user:        f7
  Container overflow:      fc
  Array cookie:            ac
  Intra object redzone:    bb
  ASan internal:           fe
  Left alloca redzone:     ca
  Right alloca redzone:    cb
  Shadow gap:              cc
==13==ABORTING
