INFO: Running with entropic power schedule (0xFF, 100).
INFO: Seed: 2189852853
INFO: Loaded 1 modules   (26968 inline 8-bit counters): 26968 [0x8f96b0, 0x900008), 
INFO: Loaded 1 PC tables (26968 PCs): 26968 [0x900008,0x969588), 
/out/fuzz-lxc-config-read: Running 1 inputs 1 time(s) each.
Running: /tmp/poc
UndefinedBehaviorSanitizer:DEADLYSIGNAL
==13==ERROR: UndefinedBehaviorSanitizer: SEGV on unknown address 0x00262072695c (pc 0x7fbdcab90562 bp 0x7ffc0afe4c50 sp 0x7ffc0afe4bd0 T13)
==13==The signal is caused by a READ memory access.
    #0 0x7fbdcab90562 in free (/lib/x86_64-linux-gnu/libc.so.6+0x84562)
    #1 0x4e35f7 in lxc_clear_sysctls /src/lxc/src/lxc/conf.c:3783:3
    #2 0x4e443d in lxc_conf_free /src/lxc/src/lxc/conf.c:3980:2
    #3 0x4d4303 in LLVMFuzzerTestOneInput /src/fuzz-lxc-config-read.c:37:2
    #4 0x461dc3 in fuzzer::Fuzzer::ExecuteCallback(unsigned char const*, unsigned long) /src/llvm-project/compiler-rt/lib/fuzzer/FuzzerLoop.cpp:599:15
    #5 0x44bc22 in fuzzer::RunOneTest(fuzzer::Fuzzer*, char const*, unsigned long) /src/llvm-project/compiler-rt/lib/fuzzer/FuzzerDriver.cpp:323:6
    #6 0x451a6a in fuzzer::FuzzerDriver(int*, char***, int (*)(unsigned char const*, unsigned long)) /src/llvm-project/compiler-rt/lib/fuzzer/FuzzerDriver.cpp:856:9
    #7 0x47d7a2 in main /src/llvm-project/compiler-rt/lib/fuzzer/FuzzerMain.cpp:20:10
    #8 0x7fbdcab2c83f in __libc_start_main (/lib/x86_64-linux-gnu/libc.so.6+0x2083f)
    #9 0x4268b8 in _start (/out/fuzz-lxc-config-read+0x4268b8)

DEDUP_TOKEN: free--lxc_clear_sysctls--lxc_conf_free
UndefinedBehaviorSanitizer can not provide additional info.
SUMMARY: UndefinedBehaviorSanitizer: SEGV (/lib/x86_64-linux-gnu/libc.so.6+0x84562) in free
==13==ABORTING
