INFO: Running with entropic power schedule (0xFF, 100).
INFO: Seed: 2247506055
INFO: Loaded 1 modules   (3050 inline 8-bit counters): 3050 [0x82e478, 0x82f062), 
INFO: Loaded 1 PC tables (3050 PCs): 3050 [0x5d5e98,0x5e1d38), 
/out/fuzzer: Running 1 inputs 1 time(s) each.
Running: /tmp/poc
MemorySanitizer:DEADLYSIGNAL
==13==ERROR: MemorySanitizer: SEGV on unknown address (pc 0x0000005a6015 bp 0x7ffcca6a4390 sp 0x7ffcca6a42e0 T13)
==13==The signal is caused by a READ memory access.
==13==Hint: this fault was caused by a dereference of a high value address (see register values below).  Disassemble the provided pc to learn which register was used.
    #0 0x5a6015 in Compile_BlockStatements /src/wasm3/source/m3_compile.c:2207:1
    #1 0x53e307 in Parse_InitExpr /src/wasm3/source/m3_parse.c:282:14
    #2 0x53e307 in ParseSection_Global /src/wasm3/source/m3_parse.c:444:1
    #3 0x53fe86 in ParseModuleSection /src/wasm3/source/m3_parse.c:539:18
    #4 0x53fe86 in m3_ParseModule /src/wasm3/source/m3_parse.c:591:1
    #5 0x526f30 in LLVMFuzzerTestOneInput /src/wasm3/platforms/app_fuzz/fuzzer.c:30:22
    #6 0x459de3 in fuzzer::Fuzzer::ExecuteCallback(unsigned char const*, unsigned long) /src/llvm-project/compiler-rt/lib/fuzzer/FuzzerLoop.cpp:599:15
    #7 0x443c22 in fuzzer::RunOneTest(fuzzer::Fuzzer*, char const*, unsigned long) /src/llvm-project/compiler-rt/lib/fuzzer/FuzzerDriver.cpp:323:6
    #8 0x449a8a in fuzzer::FuzzerDriver(int*, char***, int (*)(unsigned char const*, unsigned long)) /src/llvm-project/compiler-rt/lib/fuzzer/FuzzerDriver.cpp:856:9
    #9 0x475802 in main /src/llvm-project/compiler-rt/lib/fuzzer/FuzzerMain.cpp:20:10
    #10 0x7990d3adb83f in __libc_start_main (/lib/x86_64-linux-gnu/libc.so.6+0x2083f)
    #11 0x41e8b8 in _start (/out/fuzzer+0x41e8b8)

DEDUP_TOKEN: Compile_BlockStatements--Parse_InitExpr--ParseSection_Global
MemorySanitizer can not provide additional info.
SUMMARY: MemorySanitizer: SEGV /src/wasm3/source/m3_compile.c:2207:1 in Compile_BlockStatements
==13==ABORTING
