INFO: Running with entropic power schedule (0xFF, 100).
INFO: Seed: 2309199578
INFO: Loaded 1 modules   (60999 inline 8-bit counters): 60999 [0xc2ce38, 0xc3bc7f), 
INFO: Loaded 1 PC tables (60999 PCs): 60999 [0xc3bc80,0xd2a0f0), 
/out/fuzz_geo2: Running 1 inputs 1 time(s) each.
Running: /tmp/poc
/src/geos/src/operation/overlayng/OverlayMixedPoints.cpp:239:30: runtime error: downcast of address 0x000001b3d450 which does not point to an object of type 'const geos::geom::Point'
0x000001b3d450: note: object is of type 'geos::geom::GeometryCollection'
 00 00 00 00  48 c3 81 00 00 00 00 00  10 d6 b3 01 00 00 00 00  00 00 00 00 00 00 00 00  d0 0a 67 01
              ^~~~~~~~~~~~~~~~~~~~~~~
              vptr for 'geos::geom::GeometryCollection'
    #0 0x74223c in geos::operation::overlayng::OverlayMixedPoints::extractCoordinates(geos::geom::Geometry const*, geos::geom::PrecisionModel const*) const /src/geos/src/operation/overlayng/OverlayMixedPoints.cpp:239:30
    #1 0x741575 in geos::operation::overlayng::OverlayMixedPoints::getResult() /src/geos/src/operation/overlayng/OverlayMixedPoints.cpp:79:55
    #2 0x7412d4 in geos::operation::overlayng::OverlayMixedPoints::overlay(int, geos::geom::Geometry const*, geos::geom::Geometry const*, geos::geom::PrecisionModel const*) /src/geos/src/operation/overlayng/OverlayMixedPoints.cpp:66:20
    #3 0x62c469 in geos::operation::overlayng::OverlayNG::getResult() /src/geos/src/operation/overlayng/OverlayNG.cpp:176:18
    #4 0x62c0ad in geos::operation::overlayng::OverlayNG::overlay(geos::geom::Geometry const*, geos::geom::Geometry const*, int, geos::geom::PrecisionModel const*) /src/geos/src/operation/overlayng/OverlayNG.cpp:99:15
    #5 0x63007c in geos::operation::overlayng::OverlayNGRobust::Overlay(geos::geom::Geometry const*, geos::geom::Geometry const*, int) /src/geos/src/operation/overlayng/OverlayNGRobust.cpp:110:18
    #6 0x545e43 in geos::geom::HeuristicOverlay(geos::geom::Geometry const*, geos::geom::Geometry const*, int) /src/geos/src/geom/HeuristicOverlay.cpp:415:19
    #7 0x52c577 in geos::geom::Geometry::intersection(geos::geom::Geometry const*) const /src/geos/src/geom/Geometry.cpp:553:12
    #8 0x4c2de7 in operator() /src/geos/capi/geos_ts_c.cpp:1047:27
    #9 0x4c2de7 in _Z7executeIZ18GEOSIntersection_rE4$_41LDn0EEDTclfp0_EEP20GEOSContextHandle_HSOT_ /src/geos/capi/geos_ts_c.cpp:393:16
    #10 0x4c2cf8 in GEOSIntersection_r /src/geos/capi/geos_ts_c.cpp:1046:16
    #11 0x4b5875 in LLVMFuzzerTestOneInput /src/geos/tests/fuzz/fuzz_geo2.c:53:32
    #12 0x443753 in fuzzer::Fuzzer::ExecuteCallback(unsigned char const*, unsigned long) /src/llvm-project/compiler-rt/lib/fuzzer/FuzzerLoop.cpp:599:15
    #13 0x42d562 in fuzzer::RunOneTest(fuzzer::Fuzzer*, char const*, unsigned long) /src/llvm-project/compiler-rt/lib/fuzzer/FuzzerDriver.cpp:323:6
    #14 0x4333aa in fuzzer::FuzzerDriver(int*, char***, int (*)(unsigned char const*, unsigned long)) /src/llvm-project/compiler-rt/lib/fuzzer/FuzzerDriver.cpp:856:9
    #15 0x45f092 in main /src/llvm-project/compiler-rt/lib/fuzzer/FuzzerMain.cpp:20:10
    #16 0x7f1930a2d83f in __libc_start_main (/lib/x86_64-linux-gnu/libc.so.6+0x2083f)
    #17 0x408248 in _start (/out/fuzz_geo2+0x408248)

DEDUP_TOKEN: geos::operation::overlayng::OverlayMixedPoints::extractCoordinates(geos::geom::Geometry const*, geos::geom::PrecisionModel const*) const--geos::operation::overlayng::OverlayMixedPoints::getResult()--geos::operation::overlayng::OverlayMixedPoints::overlay(int, geos::geom::Geometry const*, geos::geom::Geometry const*, geos::geom::PrecisionModel const*)
SUMMARY: UndefinedBehaviorSanitizer: undefined-behavior /src/geos/src/operation/overlayng/OverlayMixedPoints.cpp:239:30 in 
