INFO: Running with entropic power schedule (0xFF, 100).
INFO: Seed: 2241417272
INFO: Loaded 1 modules   (3369 inline 8-bit counters): 3369 [0x82d420, 0x82e149), 
INFO: Loaded 1 PC tables (3369 PCs): 3369 [0x5d0d58,0x5ddfe8), 
/out/fuzzer: Running 1 inputs 1 time(s) each.
Running: /tmp/poc
=================================================================
==13==ERROR: AddressSanitizer: heap-use-after-free on address 0x60e0000001b8 at pc 0x0000005589a1 bp 0x7ffce6699a40 sp 0x7ffce6699a38
READ of size 8 at 0x60e0000001b8 thread T0
SCARINESS: 51 (8-byte-read-heap-use-after-free)
    #0 0x5589a0 in ForEachModule /src/wasm3/source/m3_env.c:205:34
    #1 0x5589a0 in Runtime_Release /src/wasm3/source/m3_env.c:226:5
    #2 0x5589a0 in m3_FreeRuntime /src/wasm3/source/m3_env.c:242:9
    #3 0x556e47 in LLVMFuzzerTestOneInput /src/wasm3/platforms/app_fuzz/fuzzer.c:43:13
    #4 0x459c43 in fuzzer::Fuzzer::ExecuteCallback(unsigned char const*, unsigned long) /src/llvm-project/compiler-rt/lib/fuzzer/FuzzerLoop.cpp:599:15
    #5 0x443a52 in fuzzer::RunOneTest(fuzzer::Fuzzer*, char const*, unsigned long) /src/llvm-project/compiler-rt/lib/fuzzer/FuzzerDriver.cpp:323:6
    #6 0x44989a in fuzzer::FuzzerDriver(int*, char***, int (*)(unsigned char const*, unsigned long)) /src/llvm-project/compiler-rt/lib/fuzzer/FuzzerDriver.cpp:856:9
    #7 0x475582 in main /src/llvm-project/compiler-rt/lib/fuzzer/FuzzerMain.cpp:20:10
    #8 0x78ba2273e83f in __libc_start_main (/lib/x86_64-linux-gnu/libc.so.6+0x2083f)
    #9 0x41e738 in _start (/out/fuzzer+0x41e738)

DEDUP_TOKEN: ForEachModule--Runtime_Release--m3_FreeRuntime
0x60e0000001b8 is located 152 bytes inside of 160-byte region [0x60e000000120,0x60e0000001c0)
freed by thread T0 here:
    #0 0x523312 in free /src/llvm-project/compiler-rt/lib/asan/asan_malloc_linux.cpp:127:3
    #1 0x558416 in _FreeModule /src/wasm3/source/m3_env.c:219:5
    #2 0x558416 in ForEachModule /src/wasm3/source/m3_env.c:206:13
    #3 0x558416 in Runtime_Release /src/wasm3/source/m3_env.c:226:5
    #4 0x572a7a in Compile_ExtendedOpcode /src/wasm3/source/m3_compile.c:1120:1
    #5 0x5a5579 in CompileBlockStatements /src/wasm3/source/m3_compile.c:2477:1
    #6 0x57e2e6 in CompileBlock /src/wasm3/source/m3_compile.c:2609:1
    #7 0x57d37c in Compile_LoopOrBlock /src/wasm3/source/m3_compile.c:1804:1
    #8 0x5a5579 in CompileBlockStatements /src/wasm3/source/m3_compile.c:2477:1
    #9 0x5a7aa6 in CompileFunction /src/wasm3/source/m3_compile.c:2767:1
    #10 0x55d17c in m3_FindFunction /src/wasm3/source/m3_env.c:686:1
    #11 0x556e36 in LLVMFuzzerTestOneInput /src/wasm3/platforms/app_fuzz/fuzzer.c:33:30
    #12 0x459c43 in fuzzer::Fuzzer::ExecuteCallback(unsigned char const*, unsigned long) /src/llvm-project/compiler-rt/lib/fuzzer/FuzzerLoop.cpp:599:15
    #13 0x443a52 in fuzzer::RunOneTest(fuzzer::Fuzzer*, char const*, unsigned long) /src/llvm-project/compiler-rt/lib/fuzzer/FuzzerDriver.cpp:323:6
    #14 0x44989a in fuzzer::FuzzerDriver(int*, char***, int (*)(unsigned char const*, unsigned long)) /src/llvm-project/compiler-rt/lib/fuzzer/FuzzerDriver.cpp:856:9
    #15 0x475582 in main /src/llvm-project/compiler-rt/lib/fuzzer/FuzzerMain.cpp:20:10
    #16 0x78ba2273e83f in __libc_start_main (/lib/x86_64-linux-gnu/libc.so.6+0x2083f)

DEDUP_TOKEN: free--_FreeModule--ForEachModule
previously allocated by thread T0 here:
    #0 0x523712 in calloc /src/llvm-project/compiler-rt/lib/asan/asan_malloc_linux.cpp:154:3
    #1 0x567ecb in m3_ParseModule /src/wasm3/source/m3_parse.c:581:14
    #2 0x556d88 in LLVMFuzzerTestOneInput /src/wasm3/platforms/app_fuzz/fuzzer.c:28:22
    #3 0x459c43 in fuzzer::Fuzzer::ExecuteCallback(unsigned char const*, unsigned long) /src/llvm-project/compiler-rt/lib/fuzzer/FuzzerLoop.cpp:599:15
    #4 0x443a52 in fuzzer::RunOneTest(fuzzer::Fuzzer*, char const*, unsigned long) /src/llvm-project/compiler-rt/lib/fuzzer/FuzzerDriver.cpp:323:6
    #5 0x44989a in fuzzer::FuzzerDriver(int*, char***, int (*)(unsigned char const*, unsigned long)) /src/llvm-project/compiler-rt/lib/fuzzer/FuzzerDriver.cpp:856:9
    #6 0x475582 in main /src/llvm-project/compiler-rt/lib/fuzzer/FuzzerMain.cpp:20:10
    #7 0x78ba2273e83f in __libc_start_main (/lib/x86_64-linux-gnu/libc.so.6+0x2083f)

DEDUP_TOKEN: calloc--m3_ParseModule--LLVMFuzzerTestOneInput
SUMMARY: AddressSanitizer: heap-use-after-free /src/wasm3/source/m3_env.c:205:34 in ForEachModule
Shadow bytes around the buggy address:
  0x0c1c7fff7fe0: 00 00 00 00 00 00 00 00 00 00 00 00 00 00 00 00
  0x0c1c7fff7ff0: 00 00 00 00 00 00 00 00 00 00 00 00 00 00 00 00
  0x0c1c7fff8000: fa fa fa fa fa fa fa fa 00 00 00 00 00 00 00 00
  0x0c1c7fff8010: 00 00 00 00 00 00 00 00 00 00 00 00 fa fa fa fa
  0x0c1c7fff8020: fa fa fa fa fd fd fd fd fd fd fd fd fd fd fd fd
=>0x0c1c7fff8030: fd fd fd fd fd fd fd[fd]fa fa fa fa fa fa fa fa
  0x0c1c7fff8040: fa fa fa fa fa fa fa fa fa fa fa fa fa fa fa fa
  0x0c1c7fff8050: fa fa fa fa fa fa fa fa fa fa fa fa fa fa fa fa
  0x0c1c7fff8060: fa fa fa fa fa fa fa fa fa fa fa fa fa fa fa fa
  0x0c1c7fff8070: fa fa fa fa fa fa fa fa fa fa fa fa fa fa fa fa
  0x0c1c7fff8080: fa fa fa fa fa fa fa fa fa fa fa fa fa fa fa fa
Shadow byte legend (one shadow byte represents 8 application bytes):
  Addressable:           00
  Partially addressable: 01 02 03 04 05 06 07 
  Heap left redzone:       fa
  Freed heap region:       fd
  Stack left redzone:      f1
  Stack mid redzone:       f2
  Stack right redzone:     f3
  Stack after return:      f5
  Stack use after scope:   f8
  Global redzone:          f9
  Global init order:       f6
  Poisoned by user:        f7
  Container overflow:      fc
  Array cookie:            ac
  Intra object redzone:    bb
  ASan internal:           fe
  Left alloca redzone:     ca
  Right alloca redzone:    cb
  Shadow gap:              cc
==13==ABORTING
