=================================================================
==13==ERROR: AddressSanitizer: negative-size-param: (size=-4)
SCARINESS: 10 (negative-size-param)
    #0 0x485cde in strncpy /src/llvm-project/compiler-rt/lib/asan/asan_interceptors.cpp:483:5
    #1 0x5762ab in parse_susp /src/sleuthkit/tsk/fs/iso9660.c:328:13
    #2 0x5760c9 in parse_susp /src/sleuthkit/tsk/fs/iso9660.c:167:55
    #3 0x56eb00 in iso9660_load_inodes_dir /src/sleuthkit/tsk/fs/iso9660.c:700:21
    #4 0x55cbd4 in iso9660_load_inodes_pt /src/sleuthkit/tsk/fs/iso9660.c:1008:17
    #5 0x557883 in iso9660_open /src/sleuthkit/tsk/fs/iso9660.c:2667:22
    #6 0x4f4b0a in tsk_fs_open_img_decrypt /src/sleuthkit/tsk/fs/fs_open.c:217:16
    #7 0x4f51bb in tsk_fs_open_img /src/sleuthkit/tsk/fs/fs_open.c:106:12
    #8 0x4cda75 in LLVMFuzzerTestOneInput /src/sleuthkit_fls_fuzzer.cc:33:8
    #9 0x4ce00c in ExecuteFilesOnyByOne /src/aflplusplus/utils/aflpp_driver/aflpp_driver.c:185:7
    #10 0x4ce00c in main /src/aflplusplus/utils/aflpp_driver/aflpp_driver.c:249:12
    #11 0x759612c5483f in __libc_start_main (/lib/x86_64-linux-gnu/libc.so.6+0x2083f)
    #12 0x41f358 in _start (/out/sleuthkit_fls_iso9660_fuzzer+0x41f358)

DEDUP_TOKEN: strncpy--parse_susp--parse_susp
0x6120000001d0 is located 16 bytes inside of 272-byte region [0x6120000001c0,0x6120000002d0)
allocated by thread T0 here:
    #0 0x499d4d in malloc /src/llvm-project/compiler-rt/lib/asan/asan_malloc_linux.cpp:145:3
    #1 0x642627 in tsk_malloc /src/sleuthkit/tsk/base/mymalloc.c:32:16
    #2 0x572189 in parse_susp /src/sleuthkit/tsk/fs/iso9660.c:113:28
    #3 0x5760c9 in parse_susp /src/sleuthkit/tsk/fs/iso9660.c:167:55
    #4 0x56eb00 in iso9660_load_inodes_dir /src/sleuthkit/tsk/fs/iso9660.c:700:21
    #5 0x55cbd4 in iso9660_load_inodes_pt /src/sleuthkit/tsk/fs/iso9660.c:1008:17
    #6 0x557883 in iso9660_open /src/sleuthkit/tsk/fs/iso9660.c:2667:22
    #7 0x4f4b0a in tsk_fs_open_img_decrypt /src/sleuthkit/tsk/fs/fs_open.c:217:16
    #8 0x4f51bb in tsk_fs_open_img /src/sleuthkit/tsk/fs/fs_open.c:106:12
    #9 0x4cda75 in LLVMFuzzerTestOneInput /src/sleuthkit_fls_fuzzer.cc:33:8
    #10 0x4ce00c in ExecuteFilesOnyByOne /src/aflplusplus/utils/aflpp_driver/aflpp_driver.c:185:7
    #11 0x4ce00c in main /src/aflplusplus/utils/aflpp_driver/aflpp_driver.c:249:12

DEDUP_TOKEN: malloc--tsk_malloc--parse_susp
SUMMARY: AddressSanitizer: negative-size-param /src/llvm-project/compiler-rt/lib/asan/asan_interceptors.cpp:483:5 in strncpy
==13==ABORTING
