INFO: Seed: 2224130991
INFO: Loaded 1 modules   (34376 inline 8-bit counters): 34376 [0xb6df68, 0xb765b0), 
INFO: Loaded 1 PC tables (34376 PCs): 34376 [0x72fa08,0x7b5e88), 
/out/sleuthkit_fls_iso9660_fuzzer: Running 1 inputs 1 time(s) each.
Running: /tmp/poc
iso9660.c:610:21: runtime error: index 18446744073709551615 out of bounds for type 'char [257]'
    #0 0x4da272 in iso9660_load_inodes_dir /src/sleuthkit/tsk/fs/iso9660.c:610:21
    #1 0x4d44b6 in iso9660_load_inodes_pt /src/sleuthkit/tsk/fs/iso9660.c:981:17
    #2 0x4d31eb in iso9660_open /src/sleuthkit/tsk/fs/iso9660.c:2638:22
    #3 0x4ba910 in tsk_fs_open_img_decrypt /src/sleuthkit/tsk/fs/fs_open.c:217:16
    #4 0x4ba9b5 in tsk_fs_open_img /src/sleuthkit/tsk/fs/fs_open.c:106:12
    #5 0x4b1d96 in LLVMFuzzerTestOneInput /src/sleuthkit_fls_fuzzer.cc:33:8
    #6 0x442281 in fuzzer::Fuzzer::ExecuteCallback(unsigned char const*, unsigned long) /src/llvm-project/compiler-rt/lib/fuzzer/FuzzerLoop.cpp:559:15
    #7 0x42da22 in fuzzer::RunOneTest(fuzzer::Fuzzer*, char const*, unsigned long) /src/llvm-project/compiler-rt/lib/fuzzer/FuzzerDriver.cpp:301:6
    #8 0x4339bd in fuzzer::FuzzerDriver(int*, char***, int (*)(unsigned char const*, unsigned long)) /src/llvm-project/compiler-rt/lib/fuzzer/FuzzerDriver.cpp:801:9
    #9 0x45b2a2 in main /src/llvm-project/compiler-rt/lib/fuzzer/FuzzerMain.cpp:20:10
    #10 0x7fc1a444783f in __libc_start_main (/lib/x86_64-linux-gnu/libc.so.6+0x2083f)
    #11 0x4081c8 in _start (/out/sleuthkit_fls_iso9660_fuzzer+0x4081c8)

DEDUP_TOKEN: iso9660_load_inodes_dir--iso9660_load_inodes_pt--iso9660_open
SUMMARY: UndefinedBehaviorSanitizer: undefined-behavior iso9660.c:610:21 in 
