INFO: Running with entropic power schedule (0xFF, 100).
INFO: Seed: 2316884041
INFO: Loaded 1 modules   (55443 inline 8-bit counters): 55443 [0xb3c9a0, 0xb4a233), 
INFO: Loaded 1 PC tables (55443 PCs): 55443 [0x6f8e00,0x7d1730), 
/out/xml: Running 1 inputs 1 time(s) each.
Running: /tmp/poc
parser.c:9963:20: runtime error: member access within address 0x000000000018 with insufficient space for an object of type 'xmlStartTag' (aka 'struct _xmlStartTag')
0x000000000018: note: pointer points here
<memory cannot be printed>
    #0 0x4e3a1c in xmlParseElement /src/libxml2/parser.c:9963:52
    #1 0x4e6c5b in xmlParseDocument /src/libxml2/parser.c:10800:2
    #2 0x4f1abc in xmlDoRead /src/libxml2/parser.c:15152:5
    #3 0x4f1c74 in xmlReadMemory /src/libxml2/parser.c:15238:13
    #4 0x4b4e22 in LLVMFuzzerTestOneInput /src/libxml2/fuzz/xml.c:55:11
    #5 0x442f13 in fuzzer::Fuzzer::ExecuteCallback(unsigned char const*, unsigned long) /src/llvm-project/compiler-rt/lib/fuzzer/FuzzerLoop.cpp:599:15
    #6 0x42cd22 in fuzzer::RunOneTest(fuzzer::Fuzzer*, char const*, unsigned long) /src/llvm-project/compiler-rt/lib/fuzzer/FuzzerDriver.cpp:323:6
    #7 0x432b6a in fuzzer::FuzzerDriver(int*, char***, int (*)(unsigned char const*, unsigned long)) /src/llvm-project/compiler-rt/lib/fuzzer/FuzzerDriver.cpp:856:9
    #8 0x45e852 in main /src/llvm-project/compiler-rt/lib/fuzzer/FuzzerMain.cpp:20:10
    #9 0x70459036983f in __libc_start_main (/lib/x86_64-linux-gnu/libc.so.6+0x2083f)
    #10 0x407a08 in _start (/out/xml+0x407a08)

DEDUP_TOKEN: xmlParseElement--xmlParseDocument--xmlDoRead
SUMMARY: UndefinedBehaviorSanitizer: undefined-behavior parser.c:9963:20 in 
