Running LLVMFuzzerInitialize ...
continue...
=================================================================
==13==ERROR: AddressSanitizer: heap-buffer-overflow on address 0x60300000b632 at pc 0x000000498d07 bp 0x7fff301d3f50 sp 0x7fff301d3718
READ of size 6 at 0x60300000b632 thread T0
SCARINESS: 20 (6-byte-read-heap-buffer-overflow)
    #0 0x498d06 in __asan_memcpy /src/llvm-project/compiler-rt/lib/asan/asan_interceptors_memintrinsics.cpp:22:3
    #1 0x7a6551 in memcpy /usr/include/x86_64-linux-gnu/bits/string3.h:53:10
    #2 0x7a6551 in ChunkParseFmt /src/vlc/modules/demux/wav.c:501:9
    #3 0x7a0be0 in Open /src/vlc/modules/demux/wav.c:676:21
    #4 0xafe502 in demux_Probe /src/vlc/src/input/demux.c:111:15
    #5 0xa7771c in vlc_module_load /src/vlc/src/modules/modules.c:243:19
    #6 0xafcf55 in demux_NewAdvanced /src/vlc/src/input/demux.c:185:20
    #7 0xafc514 in demux_New /src/vlc/src/input/demux.c:76:12
    #8 0x4cafb4 in demux_process_stream /src/vlc/test/src/input/demux-run.c:297:22
    #9 0x4cbcd9 in libvlc_demux_process_memory /src/vlc/test/src/input/demux-run.c:379:12
    #10 0x4ca637 in LLVMFuzzerTestOneInput /src/vlc/test/vlc-demux-libfuzzer.c:54:5
    #11 0x4ca9ae in ExecuteFilesOnyByOne /src/aflplusplus/utils/aflpp_driver/aflpp_driver.c:185:7
    #12 0x4ca9ae in main /src/aflplusplus/utils/aflpp_driver/aflpp_driver.c:249:12
    #13 0x7fd51336283f in __libc_start_main (/lib/x86_64-linux-gnu/libc.so.6+0x2083f)
    #14 0x41e498 in _start (/out/vlc-demux-dec-libfuzzer+0x41e498)

DEDUP_TOKEN: __asan_memcpy--memcpy--ChunkParseFmt
0x60300000b632 is located 0 bytes to the right of 18-byte region [0x60300000b620,0x60300000b632)
allocated by thread T0 here:
    #0 0x49994d in malloc /src/llvm-project/compiler-rt/lib/asan/asan_malloc_linux.cpp:145:3
    #1 0x7a4b5e in ChunkParseFmt /src/vlc/modules/demux/wav.c:358:16
    #2 0x7a0be0 in Open /src/vlc/modules/demux/wav.c:676:21
    #3 0xafe502 in demux_Probe /src/vlc/src/input/demux.c:111:15
    #4 0xa7771c in vlc_module_load /src/vlc/src/modules/modules.c:243:19
    #5 0xafcf55 in demux_NewAdvanced /src/vlc/src/input/demux.c:185:20
    #6 0xafc514 in demux_New /src/vlc/src/input/demux.c:76:12
    #7 0x4cafb4 in demux_process_stream /src/vlc/test/src/input/demux-run.c:297:22
    #8 0x4cbcd9 in libvlc_demux_process_memory /src/vlc/test/src/input/demux-run.c:379:12
    #9 0x4ca637 in LLVMFuzzerTestOneInput /src/vlc/test/vlc-demux-libfuzzer.c:54:5
    #10 0x4ca9ae in ExecuteFilesOnyByOne /src/aflplusplus/utils/aflpp_driver/aflpp_driver.c:185:7
    #11 0x4ca9ae in main /src/aflplusplus/utils/aflpp_driver/aflpp_driver.c:249:12

DEDUP_TOKEN: malloc--ChunkParseFmt--Open
SUMMARY: AddressSanitizer: heap-buffer-overflow /src/llvm-project/compiler-rt/lib/asan/asan_interceptors_memintrinsics.cpp:22:3 in __asan_memcpy
Shadow bytes around the buggy address:
  0x0c067fff9670: 00 00 00 00 fa fa 00 00 00 00 fa fa 00 00 00 07
  0x0c067fff9680: fa fa 00 00 00 00 fa fa 00 00 00 00 fa fa 00 00
  0x0c067fff9690: 01 fa fa fa 00 00 00 00 fa fa 00 00 00 00 fa fa
  0x0c067fff96a0: 00 00 06 fa fa fa 00 00 00 00 fa fa 00 00 00 00
  0x0c067fff96b0: fa fa 00 00 00 00 fa fa 00 00 00 fa fa fa fd fd
=>0x0c067fff96c0: fd fd fa fa 00 00[02]fa fa fa fa fa fa fa fa fa
  0x0c067fff96d0: fa fa fa fa fa fa fa fa fa fa fa fa fa fa fa fa
  0x0c067fff96e0: fa fa fa fa fa fa fa fa fa fa fa fa fa fa fa fa
  0x0c067fff96f0: fa fa fa fa fa fa fa fa fa fa fa fa fa fa fa fa
  0x0c067fff9700: fa fa fa fa fa fa fa fa fa fa fa fa fa fa fa fa
  0x0c067fff9710: fa fa fa fa fa fa fa fa fa fa fa fa fa fa fa fa
Shadow byte legend (one shadow byte represents 8 application bytes):
  Addressable:           00
  Partially addressable: 01 02 03 04 05 06 07 
  Heap left redzone:       fa
  Freed heap region:       fd
  Stack left redzone:      f1
  Stack mid redzone:       f2
  Stack right redzone:     f3
  Stack after return:      f5
  Stack use after scope:   f8
  Global redzone:          f9
  Global init order:       f6
  Poisoned by user:        f7
  Container overflow:      fc
  Array cookie:            ac
  Intra object redzone:    bb
  ASan internal:           fe
  Left alloca redzone:     ca
  Right alloca redzone:    cb
  Shadow gap:              cc
==13==ABORTING
