INFO: Running with entropic power schedule (0xFF, 100).
INFO: Seed: 2232519910
INFO: Loaded 1 modules   (4671 inline 8-bit counters): 4671 [0x7798a0, 0x77aadf), 
INFO: Loaded 1 PC tables (4671 PCs): 4671 [0x51b868,0x52dc58), 
/out/fuzzer: Running 1 inputs 1 time(s) each.
Running: /tmp/poc
/src/wasm3/source/m3_compile.c:322:12: runtime error: index -1 out of bounds for type 'u8 [4000]'
    #0 0x4bde70 in DeallocateSlot /src/wasm3/source/m3_compile.c:322:12
    #1 0x4bde70 in Pop /src/wasm3/source/m3_compile.c:506:13
    #2 0x4c2aeb in CompileCallArgsAndReturn /src/wasm3/source/m3_compile.c:1535:1
    #3 0x4c339c in Compile_CallIndirect /src/wasm3/source/m3_compile.c:1630:1
    #4 0x4de70d in CompileBlockStatements /src/wasm3/source/m3_compile.c:2437:1
    #5 0x4df0f9 in CompileFunction /src/wasm3/source/m3_compile.c:2736:1
    #6 0x4b6873 in m3_FindFunction /src/wasm3/source/m3_env.c:686:1
    #7 0x4b4476 in LLVMFuzzerTestOneInput /src/wasm3/platforms/app_fuzz/fuzzer.c:33:30
    #8 0x442543 in fuzzer::Fuzzer::ExecuteCallback(unsigned char const*, unsigned long) /src/llvm-project/compiler-rt/lib/fuzzer/FuzzerLoop.cpp:599:15
    #9 0x42c352 in fuzzer::RunOneTest(fuzzer::Fuzzer*, char const*, unsigned long) /src/llvm-project/compiler-rt/lib/fuzzer/FuzzerDriver.cpp:323:6
    #10 0x43219a in fuzzer::FuzzerDriver(int*, char***, int (*)(unsigned char const*, unsigned long)) /src/llvm-project/compiler-rt/lib/fuzzer/FuzzerDriver.cpp:856:9
    #11 0x45de82 in main /src/llvm-project/compiler-rt/lib/fuzzer/FuzzerMain.cpp:20:10
    #12 0x7d33eb2bd83f in __libc_start_main (/lib/x86_64-linux-gnu/libc.so.6+0x2083f)
    #13 0x407038 in _start (/out/fuzzer+0x407038)

DEDUP_TOKEN: DeallocateSlot--Pop--CompileCallArgsAndReturn
SUMMARY: UndefinedBehaviorSanitizer: undefined-behavior /src/wasm3/source/m3_compile.c:322:12 in 
