Accepting input from '/tmp/poc'
Usage for fuzzing: honggfuzz -P [flags] -- /out/mruby_fuzzer
line 2:795: warning: ambiguous first argument; put parentheses or even spaces
AddressSanitizer:DEADLYSIGNAL
=================================================================
==13==ERROR: AddressSanitizer: SEGV on unknown address 0x605ffffffec8 (pc 0x000000564a6d bp 0x7ffdaed04e30 sp 0x7ffdaed04d80 T0)
==13==The signal is caused by a READ memory access.
SCARINESS: 20 (wild-addr-read)
    #0 0x564a6d in mrb_ary_shift_m /src/mruby/src/array.c:614:14
    #1 0x4f3c95 in mrb_vm_exec /src/mruby/src/vm.c:1588:18
    #2 0x4e939b in mrb_vm_run /src/mruby/src/vm.c:1115:12
    #3 0x4e7220 in mrb_top_run /src/mruby/src/vm.c
    #4 0x52914d in mrb_load_exec /src/mruby/mrbgems/mruby-compiler/core/parse.y:6829:7
    #5 0x529b1f in mrb_load_nstring_cxt /src/mruby/mrbgems/mruby-compiler/core/parse.y:6900:10
    #6 0x529ba5 in mrb_load_string_cxt /src/mruby/mrbgems/mruby-compiler/core/parse.y:6912:10
    #7 0x529be3 in mrb_load_string /src/mruby/mrbgems/mruby-compiler/core/parse.y:6918:10
    #8 0x4cb8f6 in LLVMFuzzerTestOneInput /src/mruby/oss-fuzz/mruby_fuzzer.c:14:5
    #9 0x4cbf5b in main (/out/mruby_fuzzer+0x4cbf5b)
    #10 0x79cefe93683f in __libc_start_main (/lib/x86_64-linux-gnu/libc.so.6+0x2083f)
    #11 0x41d7e8 in _start (/out/mruby_fuzzer+0x41d7e8)

DEDUP_TOKEN: mrb_ary_shift_m--mrb_vm_exec--mrb_vm_run
AddressSanitizer can not provide additional info.
SUMMARY: AddressSanitizer: SEGV /src/mruby/src/array.c:614:14 in mrb_ary_shift_m
==13==ABORTING
