=================================================================
==13==ERROR: AddressSanitizer: heap-use-after-free on address 0x607000000116 at pc 0x00000052e505 bp 0x7fff553b8230 sp 0x7fff553b8228
READ of size 1 at 0x607000000116 thread T0
SCARINESS: 40 (1-byte-read-heap-use-after-free)
    #0 0x52e504 in AK::Utf8CodePointIterator::operator*() const /src/serenity/AK/Utf8View.cpp:226:53
    #1 0x509c9c in AK::URLParser::parse(AK::Badge<AK::URL>, AK::StringView const&, AK::URL const*) /src/serenity/AK/URLParser.cpp:247:26
    #2 0x4e779f in AK::URL::URL(AK::StringView const&) /src/serenity/AK/URL.cpp:39:11
    #3 0x4ddb90 in LLVMFuzzerTestOneInput /src/serenity/Meta/Lagom/build/../Fuzzers/FuzzURL.cpp:12:16
    #4 0x4dd7de in ExecuteFilesOnyByOne /src/aflplusplus/utils/aflpp_driver/aflpp_driver.c:185:7
    #5 0x4dd7de in main /src/aflplusplus/utils/aflpp_driver/aflpp_driver.c:249:12
    #6 0x7810e6b3583f in __libc_start_main (/lib/x86_64-linux-gnu/libc.so.6+0x2083f)
    #7 0x42ea78 in _start (/out/FuzzURL+0x42ea78)

DEDUP_TOKEN: AK::Utf8CodePointIterator::operator*() const--AK::URLParser::parse(AK::Badge<AK::URL>, AK::StringView const&, AK::URL const*)--AK::URL::URL(AK::StringView const&)
0x607000000116 is located 22 bytes inside of 69-byte region [0x607000000100,0x607000000145)
freed by thread T0 here:
    #0 0x4a9cc2 in free /src/llvm-project/compiler-rt/lib/asan/asan_malloc_linux.cpp:127:3
    #1 0x4dfbd4 in AK::StringImpl::operator delete(void*) /src/serenity/Meta/Lagom/build/../../../AK/StringImpl.h:34:9
    #2 0x4df9eb in AK::RefCounted<AK::StringImpl>::unref() const /src/serenity/Meta/Lagom/build/../../../AK/RefCounted.h:71:13
    #3 0x4debb3 in void AK::unref_if_not_null<AK::StringImpl>(AK::StringImpl*) /src/serenity/Meta/Lagom/build/../../../AK/NonnullRefPtr.h:36:14
    #4 0x4debb3 in AK::RefPtr<AK::StringImpl, AK::RefPtrTraits<AK::StringImpl> >::assign_raw(unsigned long) /src/serenity/Meta/Lagom/build/../../../AK/RefPtr.h:422:9
    #5 0x4debb3 in AK::RefPtr<AK::StringImpl, AK::RefPtrTraits<AK::StringImpl> >::clear() /src/serenity/Meta/Lagom/build/../../../AK/RefPtr.h:299:9
    #6 0x4debb3 in AK::RefPtr<AK::StringImpl, AK::RefPtrTraits<AK::StringImpl> >::~RefPtr() /src/serenity/Meta/Lagom/build/../../../AK/RefPtr.h:180:9
    #7 0x4debb3 in AK::String::~String() /src/serenity/Meta/Lagom/build/../../../AK/String.h:42:23
    #8 0x5079e6 in AK::URLParser::parse(AK::Badge<AK::URL>, AK::StringView const&, AK::URL const*) /src/serenity/AK/URLParser.cpp:225:5
    #9 0x4e779f in AK::URL::URL(AK::StringView const&) /src/serenity/AK/URL.cpp:39:11
    #10 0x4ddb90 in LLVMFuzzerTestOneInput /src/serenity/Meta/Lagom/build/../Fuzzers/FuzzURL.cpp:12:16
    #11 0x4dd7de in ExecuteFilesOnyByOne /src/aflplusplus/utils/aflpp_driver/aflpp_driver.c:185:7
    #12 0x4dd7de in main /src/aflplusplus/utils/aflpp_driver/aflpp_driver.c:249:12

DEDUP_TOKEN: free--AK::StringImpl::operator delete(void*)--AK::RefCounted<AK::StringImpl>::unref() const
previously allocated by thread T0 here:
    #0 0x4a9f2d in malloc /src/llvm-project/compiler-rt/lib/asan/asan_malloc_linux.cpp:145:3
    #1 0x4e2ab2 in AK::StringImpl::create_uninitialized(unsigned long, char*&) /src/serenity/AK/StringImpl.cpp:47:18
    #2 0x4e3741 in AK::StringImpl::create(char const*, unsigned long, AK::ShouldChomp) /src/serenity/AK/StringImpl.cpp:74:27
    #3 0x4e46bf in AK::StringImpl::create(char const*, AK::ShouldChomp) /src/serenity/AK/StringImpl.cpp:85:12
    #4 0x58265c in AK::String::replace(AK::String const&, AK::String const&, bool) /src/serenity/AK/String.cpp:349:14
    #5 0x5078ac in AK::URLParser::parse(AK::Badge<AK::URL>, AK::StringView const&, AK::URL const*) /src/serenity/AK/URLParser.cpp:222:32
    #6 0x4e779f in AK::URL::URL(AK::StringView const&) /src/serenity/AK/URL.cpp:39:11
    #7 0x4ddb90 in LLVMFuzzerTestOneInput /src/serenity/Meta/Lagom/build/../Fuzzers/FuzzURL.cpp:12:16
    #8 0x4dd7de in ExecuteFilesOnyByOne /src/aflplusplus/utils/aflpp_driver/aflpp_driver.c:185:7
    #9 0x4dd7de in main /src/aflplusplus/utils/aflpp_driver/aflpp_driver.c:249:12

DEDUP_TOKEN: malloc--AK::StringImpl::create_uninitialized(unsigned long, char*&)--AK::StringImpl::create(char const*, unsigned long, AK::ShouldChomp)
SUMMARY: AddressSanitizer: heap-use-after-free /src/serenity/AK/Utf8View.cpp:226:53 in AK::Utf8CodePointIterator::operator*() const
Shadow bytes around the buggy address:
  0x0c0e7fff7fd0: 00 00 00 00 00 00 00 00 00 00 00 00 00 00 00 00
  0x0c0e7fff7fe0: 00 00 00 00 00 00 00 00 00 00 00 00 00 00 00 00
  0x0c0e7fff7ff0: 00 00 00 00 00 00 00 00 00 00 00 00 00 00 00 00
  0x0c0e7fff8000: fa fa fa fa fd fd fd fd fd fd fd fd fd fa fa fa
  0x0c0e7fff8010: fa fa fd fd fd fd fd fd fd fd fd fa fa fa fa fa
=>0x0c0e7fff8020: fd fd[fd]fd fd fd fd fd fd fa fa fa fa fa fa fa
  0x0c0e7fff8030: fa fa fa fa fa fa fa fa fa fa fa fa fa fa fa fa
  0x0c0e7fff8040: fa fa fa fa fa fa fa fa fa fa fa fa fa fa fa fa
  0x0c0e7fff8050: fa fa fa fa fa fa fa fa fa fa fa fa fa fa fa fa
  0x0c0e7fff8060: fa fa fa fa fa fa fa fa fa fa fa fa fa fa fa fa
  0x0c0e7fff8070: fa fa fa fa fa fa fa fa fa fa fa fa fa fa fa fa
Shadow byte legend (one shadow byte represents 8 application bytes):
  Addressable:           00
  Partially addressable: 01 02 03 04 05 06 07 
  Heap left redzone:       fa
  Freed heap region:       fd
  Stack left redzone:      f1
  Stack mid redzone:       f2
  Stack right redzone:     f3
  Stack after return:      f5
  Stack use after scope:   f8
  Global redzone:          f9
  Global init order:       f6
  Poisoned by user:        f7
  Container overflow:      fc
  Array cookie:            ac
  Intra object redzone:    bb
  ASan internal:           fe
  Left alloca redzone:     ca
  Right alloca redzone:    cb
  Shadow gap:              cc
==13==ABORTING
