INFO: Seed: 2223495578
INFO: Loaded 1 modules   (11408 guards): 11408 [0xc6be40, 0xc77080), 
/out/TiffParserFuzzer-GetDecoder-Decode: Running 1 inputs 1 time(s) each.
Running: /tmp/poc
Uninitialized bytes in __msan_check_mem_is_initialized at offset 0 inside [0x720000000000, 128)
==13==WARNING: MemorySanitizer: use-of-uninitialized-value
    #0 0x4ebd4c in rawspeed::RawImageData::checkMemIsInitialized() /src/librawspeed/src/librawspeed/common/RawImage.cpp:168:5
    #1 0x5c132d in rawspeed::RawDecoder::decodeRaw() /src/librawspeed/src/librawspeed/decoders/RawDecoder.cpp:239:10
    #2 0x4e60e6 in LLVMFuzzerTestOneInput /src/librawspeed/fuzz/librawspeed/parsers/main.cpp:86:14
    #3 0x798751 in fuzzer::Fuzzer::ExecuteCallback(unsigned char const*, unsigned long) /src/libfuzzer/FuzzerLoop.cpp:463:13
    #4 0x75f2fc in fuzzer::RunOneTest(fuzzer::Fuzzer*, char const*, unsigned long) /src/libfuzzer/FuzzerDriver.cpp:273:6
    #5 0x772d95 in fuzzer::FuzzerDriver(int*, char***, int (*)(unsigned char const*, unsigned long)) /src/libfuzzer/FuzzerDriver.cpp:689:9
    #6 0x75e451 in main /src/libfuzzer/FuzzerMain.cpp:20:10
    #7 0x7e4de949383f in __libc_start_main (/lib/x86_64-linux-gnu/libc.so.6+0x2083f)
    #8 0x46adf8 in _start (/out/TiffParserFuzzer-GetDecoder-Decode+0x46adf8)

DEDUP_TOKEN: rawspeed::RawImageData::checkMemIsInitialized()--rawspeed::RawDecoder::decodeRaw()--LLVMFuzzerTestOneInput
  Uninitialized value was created by a heap allocation
    #0 0x4a6684 in __interceptor_posix_memalign /src/llvm/projects/compiler-rt/lib/msan/msan_interceptors.cc:163
    #1 0x6035b9 in rawspeed::alignedMalloc(unsigned long, unsigned long) /src/librawspeed/src/librawspeed/common/Memory.cpp:62:12
    #2 0x4e9cd8 in unsigned char* rawspeed::alignedMalloc<unsigned char, 16ul>(unsigned long) /src/librawspeed/src/librawspeed/common/Memory.h:60:31
    #3 0x4e9cd8 in unsigned char* rawspeed::alignedMallocArray<unsigned char, 16ul, false>(unsigned long, unsigned long) /src/librawspeed/src/librawspeed/common/Memory.h:78
    #4 0x4e9cd8 in rawspeed::RawImageData::createData() /src/librawspeed/src/librawspeed/common/RawImage.cpp:94
    #5 0x4e8f76 in rawspeed::RawImageData::RawImageData(rawspeed::iPoint2D const&, unsigned int, unsigned int) /src/librawspeed/src/librawspeed/common/RawImage.cpp:47:3
    #6 0x608c97 in rawspeed::RawImageDataU16::RawImageDataU16(rawspeed::iPoint2D const&, unsigned int) /src/librawspeed/src/librawspeed/common/RawImageDataU16.cpp:54:7
    #7 0x52f2f3 in rawspeed::RawImage::create(rawspeed::iPoint2D const&, rawspeed::RawImageType, unsigned int) /src/librawspeed/src/librawspeed/common/RawImage.h:262:25
    #8 0x52f2f3 in rawspeed::Cr2Decoder::decodeOldFormat() /src/librawspeed/src/librawspeed/decoders/Cr2Decoder.cpp:92
    #9 0x535bcf in rawspeed::Cr2Decoder::decodeRawInternal() /src/librawspeed/src/librawspeed/decoders/Cr2Decoder.cpp:197:12
    #10 0x5c12de in rawspeed::RawDecoder::decodeRaw() /src/librawspeed/src/librawspeed/decoders/RawDecoder.cpp:238:20
    #11 0x4e60e6 in LLVMFuzzerTestOneInput /src/librawspeed/fuzz/librawspeed/parsers/main.cpp:86:14
    #12 0x798751 in fuzzer::Fuzzer::ExecuteCallback(unsigned char const*, unsigned long) /src/libfuzzer/FuzzerLoop.cpp:463:13
    #13 0x75f2fc in fuzzer::RunOneTest(fuzzer::Fuzzer*, char const*, unsigned long) /src/libfuzzer/FuzzerDriver.cpp:273:6
    #14 0x772d95 in fuzzer::FuzzerDriver(int*, char***, int (*)(unsigned char const*, unsigned long)) /src/libfuzzer/FuzzerDriver.cpp:689:9
    #15 0x75e451 in main /src/libfuzzer/FuzzerMain.cpp:20:10
    #16 0x7e4de949383f in __libc_start_main (/lib/x86_64-linux-gnu/libc.so.6+0x2083f)

DEDUP_TOKEN: __interceptor_posix_memalign--rawspeed::alignedMalloc(unsigned long, unsigned long)--unsigned char* rawspeed::alignedMalloc<unsigned char, 16ul>(unsigned long)
SUMMARY: MemorySanitizer: use-of-uninitialized-value /src/librawspeed/src/librawspeed/common/RawImage.cpp:168:5 in rawspeed::RawImageData::checkMemIsInitialized()
Exiting
