======================= INFO =========================
This binary is built for AFL-fuzz.
To run the target function on individual input(s) execute this:
  /out/fuzzshark_ip_proto-udp < INPUT_FILE
or
  /out/fuzzshark_ip_proto-udp INPUT_FILE1 [INPUT_FILE2 ... ]
To fuzz with afl-fuzz execute this:
  afl-fuzz [afl-flags] /out/fuzzshark_ip_proto-udp [-N]
afl-fuzz will run N iterations before re-spawning the process (default: 1000)
======================================================
oss-fuzzshark: configured for dissector: udp in table: ip.proto
Reading 23 bytes from /tmp/poc
=================================================================
==13==ERROR: AddressSanitizer: global-buffer-overflow on address 0x00000ce501bc at pc 0x000000f6b743 bp 0x7fffc2cd1450 sp 0x7fffc2cd1448
READ of size 4 at 0x00000ce501bc thread T0
SCARINESS: 17 (4-byte-read-global-buffer-overflow)
    #0 0xf6b742 in dissect_gtpv2_ie_common /src/wireshark/epan/dissectors/packet-gtpv2.c:7014:80
    #1 0xf6a194 in dissect_gtpv2 /src/wireshark/epan/dissectors/packet-gtpv2.c
    #2 0xf6a3e4 in dissect_gtpv2 /src/wireshark/epan/dissectors/packet-gtpv2.c:7230:9
    #3 0x547cfc in call_dissector_through_handle /src/wireshark/epan/packet.c:690:8
    #4 0x540b13 in call_dissector_work /src/wireshark/epan/packet.c:768:9
    #5 0x53e3da in call_dissector_with_data /src/wireshark/epan/packet.c:3068:8
    #6 0xf584ec in dissect_gtp /src/wireshark/epan/dissectors/packet-gtp.c:8952:13
    #7 0x547cfc in call_dissector_through_handle /src/wireshark/epan/packet.c:690:8
    #8 0x540b13 in call_dissector_work /src/wireshark/epan/packet.c:768:9
    #9 0x5407a3 in dissector_try_uint_new /src/wireshark/epan/packet.c:1343:8
    #10 0x540e58 in dissector_try_uint /src/wireshark/epan/packet.c:1367:9
    #11 0x1d3cbc3 in decode_udp_ports /src/wireshark/epan/dissectors/packet-udp.c:679:7
    #12 0x1d4194b in dissect /src/wireshark/epan/dissectors/packet-udp.c:1140:5
    #13 0x1d3eddf in dissect_udp /src/wireshark/epan/dissectors/packet-udp.c:1146:3
    #14 0x547cfc in call_dissector_through_handle /src/wireshark/epan/packet.c:690:8
    #15 0x540b13 in call_dissector_work /src/wireshark/epan/packet.c:768:9
    #16 0x546b3f in call_all_postdissectors /src/wireshark/epan/packet.c:3408:3
    #17 0xe480be in dissect_frame /src/wireshark/epan/dissectors/packet-frame.c:657:5
    #18 0x547cfc in call_dissector_through_handle /src/wireshark/epan/packet.c:690:8
    #19 0x540b13 in call_dissector_work /src/wireshark/epan/packet.c:768:9
    #20 0x53e3da in call_dissector_with_data /src/wireshark/epan/packet.c:3068:8
    #21 0x53dbf0 in dissect_record /src/wireshark/epan/packet.c:573:3
    #22 0x5336f5 in epan_dissect_run /src/wireshark/epan/epan.c:467:2
    #23 0x51c097 in LLVMFuzzerTestOneInput /src/wireshark/tools/oss-fuzzshark/fuzzshark.c:298:2
    #24 0x51cedf in ExecuteFilesOnyByOne(int, char**) /src/libfuzzer/afl/afl_driver.cpp:271:5
    #25 0x51d47f in main /src/libfuzzer/afl/afl_driver.cpp:308:12
    #26 0x7b0868bb483f in __libc_start_main (/lib/x86_64-linux-gnu/libc.so.6+0x2083f)
    #27 0x41e358 in _start (/out/fuzzshark_ip_proto-udp+0x41e358)

DEDUP_TOKEN: dissect_gtpv2_ie_common--dissect_gtpv2--dissect_gtpv2
0x00000ce501bc is located 0 bytes to the right of global variable 'ett_gtpv2_ies' defined in 'packet-gtpv2.c:847:13' (0xce4fdc0) of size 1020
SUMMARY: AddressSanitizer: global-buffer-overflow /src/wireshark/epan/dissectors/packet-gtpv2.c:7014:80 in dissect_gtpv2_ie_common
Shadow bytes around the buggy address:
  0x0000819c1fe0: 00 00 00 00 00 00 00 00 00 00 00 00 00 00 00 00
  0x0000819c1ff0: 00 00 00 00 00 00 00 00 00 00 00 00 00 00 00 00
  0x0000819c2000: 00 00 00 00 00 00 00 00 00 00 00 00 00 00 00 00
  0x0000819c2010: 00 00 00 00 00 00 00 00 00 00 00 00 00 00 00 00
  0x0000819c2020: 00 00 00 00 00 00 00 00 00 00 00 00 00 00 00 00
=>0x0000819c2030: 00 00 00 00 00 00 00[04]f9 f9 f9 f9 f9 f9 f9 f9
  0x0000819c2040: f9 f9 f9 f9 f9 f9 f9 f9 f9 f9 f9 f9 f9 f9 f9 f9
  0x0000819c2050: f9 f9 f9 f9 04 f9 f9 f9 f9 f9 f9 f9 00 f9 f9 f9
  0x0000819c2060: f9 f9 f9 f9 00 f9 f9 f9 f9 f9 f9 f9 00 f9 f9 f9
  0x0000819c2070: f9 f9 f9 f9 00 f9 f9 f9 f9 f9 f9 f9 00 f9 f9 f9
  0x0000819c2080: f9 f9 f9 f9 00 f9 f9 f9 f9 f9 f9 f9 00 f9 f9 f9
Shadow byte legend (one shadow byte represents 8 application bytes):
  Addressable:           00
  Partially addressable: 01 02 03 04 05 06 07 
  Heap left redzone:       fa
  Freed heap region:       fd
  Stack left redzone:      f1
  Stack mid redzone:       f2
  Stack right redzone:     f3
  Stack after return:      f5
  Stack use after scope:   f8
  Global redzone:          f9
  Global init order:       f6
  Poisoned by user:        f7
  Container overflow:      fc
  Array cookie:            ac
  Intra object redzone:    bb
  ASan internal:           fe
  Left alloca redzone:     ca
  Right alloca redzone:    cb
==13==ABORTING
