INFO: Running with entropic power schedule (0xFF, 100).
INFO: Seed: 2231866295
INFO: Loaded 1 modules   (16183 inline 8-bit counters): 16183 [0x9fdd70, 0xa01ca7), 
INFO: Loaded 1 PC tables (16183 PCs): 16183 [0xa01ca8,0xa41018), 
/out/ply_reader_fuzzer: Running 1 inputs 1 time(s) each.
Running: /tmp/poc
[pcl::PLYReader] /tmp/libfuzzer.13:2: ignoring line 'foqmatnÜ'
[pcl::PLYReader] /tmp/libfuzzer.13:4: ignoring line 'pr#ouroperty list uchar int verÛ†Ä±te
[pcl::PLYReader] /tmp/libfuzzer.13:5: ignoring line 'prop1rty list uchar int vertpÊÅo
[pcl::PLYReader] /tmp/libfuzzer.13:6: ignoring line 'proper
[pcl::PLYReader] /tmp/libfuzzer.13:7: ignoring line 'np
[pcl::PLYReader] /tmp/libfuzzer.13:8: property 'list uint8 int32 verte
[pcl::PLYReader] /tmp/libfuzzer.13:9: property 'list uint8 int32 vertpÊyo
[pcl::PLYReader] /tmp/libfuzzer.13:10: ignoring line 'pnt verte
[pcl::PLYReader] /tmp/libfuzzer.13:11: property 'list uint8 int32 verte
[pcl::PLYReader] /tmp/libfuzzer.13:12: ignoring line 'properÅÅÅÅÅty dist uchar int veply'
[pcl::PLYReader] /tmp/libfuzzer.13:14: ignoring line ' x'
[pcl::PLYReader] /tmp/libfuzzer.13:16: ignoring line 'xroperty list uchar int vertpÊyo
[pcl::PLYReader] /tmp/libfuzzer.13:17: ignoring line 'proZ ;0'
[pcl::PLYReader] /tmp/libfuzzer.13:20: ignoring line 'Ae'
=================================================================
==13==ERROR: AddressSanitizer: heap-buffer-overflow on address 0x61900000049c at pc 0x0000005a8c0b bp 0x7ffd624f40a0 sp 0x7ffd624f4098
WRITE of size 4 at 0x61900000049c thread T0
SCARINESS: 36 (4-byte-write-heap-buffer-overflow)
    #0 0x5a8c0a in void pcl::PLYReader::vertexScalarPropertyCallback<unsigned int>(unsigned int) /src/pcl/io/src/ply_io.cpp:277:5
    #1 0x5a8c0a in std::__1::function<void (int)> pcl::PLYReader::scalarPropertyDefinitionCallback<int>(std::__1::basic_string<char, std::__1::char_traits<char>, std::__1::allocator<char> > const&, std::__1::basic_string<char, std::__1::char_traits<char>, std::__1::allocator<char> > const&)::$_31::operator()(unsigned int) const /src/pcl/io/src/ply_io.cpp:229:53
    #2 0x5a8c0a in decltype(std::__1::forward<int>(fp)(std::__1::forward<std::__1::function<void (int)> pcl::PLYReader::scalarPropertyDefinitionCallback<int>(std::__1::basic_string<char, std::__1::char_traits<char>, std::__1::allocator<char> > const&, std::__1::basic_string<char, std::__1::char_traits<char>, std::__1::allocator<char> > const&)::$_31&>(fp0)...)) std::__1::__invoke<std::__1::function<void (int)> pcl::PLYReader::scalarPropertyDefinitionCallback<int>(std::__1::basic_string<char, std::__1::char_traits<char>, std::__1::allocator<char> > const&, std::__1::basic_string<char, std::__1::char_traits<char>, std::__1::allocator<char> > const&)::$_31&, int>(int&&, std::__1::function<void (int)> pcl::PLYReader::scalarPropertyDefinitionCallback<int>(std::__1::basic_string<char, std::__1::char_traits<char>, std::__1::allocator<char> > const&, std::__1::basic_string<char, std::__1::char_traits<char>, std::__1::allocator<char> > const&)::$_31&...) /usr/local/bin/../include/c++/v1/type_traits:3679:1
    #3 0x5a8c0a in void std::__1::__invoke_void_return_wrapper<void>::__call<std::__1::function<void (int)> pcl::PLYReader::scalarPropertyDefinitionCallback<int>(std::__1::basic_string<char, std::__1::char_traits<char>, std::__1::allocator<char> > const&, std::__1::basic_string<char, std::__1::char_traits<char>, std::__1::allocator<char> > const&)::$_31&, int>(int&&...) /usr/local/bin/../include/c++/v1/__functional_base:348:9
    #4 0x5a8c0a in std::__1::__function::__alloc_func<std::__1::function<void (int)> pcl::PLYReader::scalarPropertyDefinitionCallback<int>(std::__1::basic_string<char, std::__1::char_traits<char>, std::__1::allocator<char> > const&, std::__1::basic_string<char, std::__1::char_traits<char>, std::__1::allocator<char> > const&)::$_31, std::__1::allocator<std::__1::function<void (int)> pcl::PLYReader::scalarPropertyDefinitionCallback<int>(std::__1::basic_string<char, std::__1::char_traits<char>, std::__1::allocator<char> > const&, std::__1::basic_string<char, std::__1::char_traits<char>, std::__1::allocator<char> > const&)::$_31>, void (int)>::operator()(int&&) /usr/local/bin/../include/c++/v1/functional:1558:16
    #5 0x5a8c0a in std::__1::__function::__func<std::__1::function<void (int)> pcl::PLYReader::scalarPropertyDefinitionCallback<int>(std::__1::basic_string<char, std::__1::char_traits<char>, std::__1::allocator<char> > const&, std::__1::basic_string<char, std::__1::char_traits<char>, std::__1::allocator<char> > const&)::$_31, std::__1::allocator<std::__1::function<void (int)> pcl::PLYReader::scalarPropertyDefinitionCallback<int>(std::__1::basic_string<char, std::__1::char_traits<char>, std::__1::allocator<char> > const&, std::__1::basic_string<char, std::__1::char_traits<char>, std::__1::allocator<char> > const&)::$_31>, void (int)>::operator()(int&&) /usr/local/bin/../include/c++/v1/functional:1732:12
    #6 0x62f61c in std::__1::__function::__value_func<void (int)>::operator()(int&&) const /usr/local/bin/../include/c++/v1/functional:1885:16
    #7 0x62f61c in std::__1::function<void (int)>::operator()(int) const /usr/local/bin/../include/c++/v1/functional:2560:12
    #8 0x62f61c in bool pcl::io::ply::ply_parser::parse_scalar_property<int>(int, std::__1::basic_istream<char, std::__1::char_traits<char> >&, pcl::io::ply::ply_parser::scalar_property_callback_type<int>::type const&) /src/pcl/io/include/pcl/io/ply/ply_parser.h:587:5
    #9 0x5cf497 in pcl::io::ply::ply_parser::parse(std::__1::basic_string<char, std::__1::char_traits<char>, std::__1::allocator<char> > const&) /src/pcl/io/src/ply/ply_parser.cpp:513:23
    #10 0x568a36 in pcl::PLYReader::parse(std::__1::basic_string<char, std::__1::char_traits<char>, std::__1::allocator<char> > const&) /src/pcl/io/src/ply_io.cpp:557:21
    #11 0x56a1d5 in pcl::PLYReader::readHeader(std::__1::basic_string<char, std::__1::char_traits<char>, std::__1::allocator<char> > const&, pcl::PCLPointCloud2&, Eigen::Matrix<float, 4, 1, 0, 4, 1>&, Eigen::Quaternion<float, 0>&, int&, int&, unsigned int&, int) /src/pcl/io/src/ply_io.cpp:572:8
    #12 0x56a594 in pcl::PLYReader::read(std::__1::basic_string<char, std::__1::char_traits<char>, std::__1::allocator<char> > const&, pcl::PCLPointCloud2&, Eigen::Matrix<float, 4, 1, 0, 4, 1>&, Eigen::Quaternion<float, 0>&, int&, int) /src/pcl/io/src/ply_io.cpp:596:13
    #13 0x556a23 in pcl::PLYReader::read(std::__1::basic_string<char, std::__1::char_traits<char>, std::__1::allocator<char> > const&, pcl::PCLPointCloud2&, int) /src/pcl/io/include/pcl/io/ply_io.h:188:16
    #14 0x556a23 in LLVMFuzzerTestOneInput /src/pcl/test/fuzz/ply_reader_fuzzer.cpp:20:12
    #15 0x459203 in fuzzer::Fuzzer::ExecuteCallback(unsigned char const*, unsigned long) /src/llvm-project/compiler-rt/lib/fuzzer/FuzzerLoop.cpp:599:15
    #16 0x444972 in fuzzer::RunOneTest(fuzzer::Fuzzer*, char const*, unsigned long) /src/llvm-project/compiler-rt/lib/fuzzer/FuzzerDriver.cpp:323:6
    #17 0x44a63e in fuzzer::FuzzerDriver(int*, char***, int (*)(unsigned char const*, unsigned long)) /src/llvm-project/compiler-rt/lib/fuzzer/FuzzerDriver.cpp:856:9
    #18 0x4740f2 in main /src/llvm-project/compiler-rt/lib/fuzzer/FuzzerMain.cpp:20:10
    #19 0x7ab32eb2883f in __libc_start_main (/lib/x86_64-linux-gnu/libc.so.6+0x2083f)
    #20 0x41fa28 in _start (/out/ply_reader_fuzzer+0x41fa28)

DEDUP_TOKEN: void pcl::PLYReader::vertexScalarPropertyCallback<unsigned int>(unsigned int)--std::__1::function<void (int)> pcl::PLYReader::scalarPropertyDefinitionCallback<int>(std::__1::basic_string<char, std::__1::char_traits<char>, std::__1::allocator<char> > const&, std::__1::basic_string<char, std::__1::char_traits<char>, std::__1::allocator<char> > const&)::$_31::operator()(unsigned int) const--decltype(std::__1::forward<int>(fp)(std::__1::forward<std::__1::function<void (int)> pcl::PLYReader::scalarPropertyDefinitionCallback<int>(std::__1::basic_string<char, std::__1::char_traits<char>, std::__1::allocator<char> > const&, std::__1::basic_string<char, std::__1::char_traits<char>, std::__1::allocator<char> > const&)::$_31&>(fp0)...)) std::__1::__invoke<std::__1::function<void (int)> pcl::PLYReader::scalarPropertyDefinitionCallback<int>(std::__1::basic_string<char, std::__1::char_traits<char>, std::__1::allocator<char> > const&, std::__1::basic_string<char, std::__1::char_traits<char>, std::__1::allocator<char> > const&)::$_31&, int>(int&&, std::__1::function<void (int)> pcl::PLYReader::scalarPropertyDefinitionCallback<int>(std::__1::basic_string<char, std::__1::char_traits<char>, std::__1::allocator<char> > const&, std::__1::basic_string<char, std::__1::char_traits<char>, std::__1::allocator<char> > const&)::$_31&...)
0x61900000049c is located 0 bytes to the right of 1052-byte region [0x619000000080,0x61900000049c)
allocated by thread T0 here:
    #0 0x5534ad in operator new(unsigned long) /src/llvm-project/compiler-rt/lib/asan/asan_new_delete.cpp:99:3
    #1 0x5a3d1a in void* std::__1::__libcpp_operator_new<unsigned long>(unsigned long) /usr/local/bin/../include/c++/v1/new:235:10
    #2 0x5a3d1a in std::__1::__libcpp_allocate(unsigned long, unsigned long) /usr/local/bin/../include/c++/v1/new:261:10
    #3 0x5a3d1a in std::__1::allocator<unsigned char>::allocate(unsigned long) /usr/local/bin/../include/c++/v1/memory:840:38
    #4 0x5a3d1a in std::__1::allocator_traits<std::__1::allocator<unsigned char> >::allocate(std::__1::allocator<unsigned char>&, unsigned long) /usr/local/bin/../include/c++/v1/__memory/allocator_traits.h:260:20
    #5 0x5a3d1a in std::__1::__split_buffer<unsigned char, std::__1::allocator<unsigned char>&>::__split_buffer(unsigned long, unsigned long, std::__1::allocator<unsigned char>&) /usr/local/bin/../include/c++/v1/__split_buffer:314:29
    #6 0x5a3d1a in std::__1::vector<unsigned char, std::__1::allocator<unsigned char> >::__append(unsigned long) /usr/local/bin/../include/c++/v1/vector:1093:53
    #7 0x5b2d17 in std::__1::vector<unsigned char, std::__1::allocator<unsigned char> >::resize(unsigned long) /usr/local/bin/../include/c++/v1/vector:2024:15
    #8 0x5b2d17 in pcl::PLYReader::endHeaderCallback() /src/pcl/io/src/ply_io.cpp:101:16
    #9 0x5b2d17 in pcl::PLYReader::parse(std::__1::basic_string<char, std::__1::char_traits<char>, std::__1::allocator<char> > const&)::$_39::operator()() const /src/pcl/io/src/ply_io.cpp:531:51
    #10 0x5b2d17 in decltype(std::__1::forward<pcl::PLYReader::parse(std::__1::basic_string<char, std::__1::char_traits<char>, std::__1::allocator<char> > const&)::$_39&>(fp)()) std::__1::__invoke<pcl::PLYReader::parse(std::__1::basic_string<char, std::__1::char_traits<char>, std::__1::allocator<char> > const&)::$_39&>(pcl::PLYReader::parse(std::__1::basic_string<char, std::__1::char_traits<char>, std::__1::allocator<char> > const&)::$_39&) /usr/local/bin/../include/c++/v1/type_traits:3679:1
    #11 0x5b2d17 in bool std::__1::__invoke_void_return_wrapper<bool>::__call<pcl::PLYReader::parse(std::__1::basic_string<char, std::__1::char_traits<char>, std::__1::allocator<char> > const&)::$_39&>(pcl::PLYReader::parse(std::__1::basic_string<char, std::__1::char_traits<char>, std::__1::allocator<char> > const&)::$_39&) /usr/local/bin/../include/c++/v1/__functional_base:317:16
    #12 0x5b2d17 in std::__1::__function::__alloc_func<pcl::PLYReader::parse(std::__1::basic_string<char, std::__1::char_traits<char>, std::__1::allocator<char> > const&)::$_39, std::__1::allocator<pcl::PLYReader::parse(std::__1::basic_string<char, std::__1::char_traits<char>, std::__1::allocator<char> > const&)::$_39>, bool ()>::operator()() /usr/local/bin/../include/c++/v1/functional:1558:16
    #13 0x5b2d17 in std::__1::__function::__func<pcl::PLYReader::parse(std::__1::basic_string<char, std::__1::char_traits<char>, std::__1::allocator<char> > const&)::$_39, std::__1::allocator<pcl::PLYReader::parse(std::__1::basic_string<char, std::__1::char_traits<char>, std::__1::allocator<char> > const&)::$_39>, bool ()>::operator()() /usr/local/bin/../include/c++/v1/functional:1732:12
    #14 0x5c5424 in std::__1::__function::__value_func<bool ()>::operator()() const /usr/local/bin/../include/c++/v1/functional:1885:16
    #15 0x5c5424 in std::__1::function<bool ()>::operator()() const /usr/local/bin/../include/c++/v1/functional:2560:12
    #16 0x5c5424 in pcl::io::ply::ply_parser::parse(std::__1::basic_string<char, std::__1::char_traits<char>, std::__1::allocator<char> > const&) /src/pcl/io/src/ply/ply_parser.cpp:429:12
    #17 0x568a36 in pcl::PLYReader::parse(std::__1::basic_string<char, std::__1::char_traits<char>, std::__1::allocator<char> > const&) /src/pcl/io/src/ply_io.cpp:557:21
    #18 0x56a1d5 in pcl::PLYReader::readHeader(std::__1::basic_string<char, std::__1::char_traits<char>, std::__1::allocator<char> > const&, pcl::PCLPointCloud2&, Eigen::Matrix<float, 4, 1, 0, 4, 1>&, Eigen::Quaternion<float, 0>&, int&, int&, unsigned int&, int) /src/pcl/io/src/ply_io.cpp:572:8
    #19 0x56a594 in pcl::PLYReader::read(std::__1::basic_string<char, std::__1::char_traits<char>, std::__1::allocator<char> > const&, pcl::PCLPointCloud2&, Eigen::Matrix<float, 4, 1, 0, 4, 1>&, Eigen::Quaternion<float, 0>&, int&, int) /src/pcl/io/src/ply_io.cpp:596:13
    #20 0x556a23 in pcl::PLYReader::read(std::__1::basic_string<char, std::__1::char_traits<char>, std::__1::allocator<char> > const&, pcl::PCLPointCloud2&, int) /src/pcl/io/include/pcl/io/ply_io.h:188:16
    #21 0x556a23 in LLVMFuzzerTestOneInput /src/pcl/test/fuzz/ply_reader_fuzzer.cpp:20:12
    #22 0x459203 in fuzzer::Fuzzer::ExecuteCallback(unsigned char const*, unsigned long) /src/llvm-project/compiler-rt/lib/fuzzer/FuzzerLoop.cpp:599:15
    #23 0x444972 in fuzzer::RunOneTest(fuzzer::Fuzzer*, char const*, unsigned long) /src/llvm-project/compiler-rt/lib/fuzzer/FuzzerDriver.cpp:323:6
    #24 0x44a63e in fuzzer::FuzzerDriver(int*, char***, int (*)(unsigned char const*, unsigned long)) /src/llvm-project/compiler-rt/lib/fuzzer/FuzzerDriver.cpp:856:9
    #25 0x4740f2 in main /src/llvm-project/compiler-rt/lib/fuzzer/FuzzerMain.cpp:20:10
    #26 0x7ab32eb2883f in __libc_start_main (/lib/x86_64-linux-gnu/libc.so.6+0x2083f)

DEDUP_TOKEN: operator new(unsigned long)--void* std::__1::__libcpp_operator_new<unsigned long>(unsigned long)--std::__1::__libcpp_allocate(unsigned long, unsigned long)
SUMMARY: AddressSanitizer: heap-buffer-overflow /src/pcl/io/src/ply_io.cpp:277:5 in void pcl::PLYReader::vertexScalarPropertyCallback<unsigned int>(unsigned int)
Shadow bytes around the buggy address:
  0x0c327fff8040: 00 00 00 00 00 00 00 00 00 00 00 00 00 00 00 00
  0x0c327fff8050: 00 00 00 00 00 00 00 00 00 00 00 00 00 00 00 00
  0x0c327fff8060: 00 00 00 00 00 00 00 00 00 00 00 00 00 00 00 00
  0x0c327fff8070: 00 00 00 00 00 00 00 00 00 00 00 00 00 00 00 00
  0x0c327fff8080: 00 00 00 00 00 00 00 00 00 00 00 00 00 00 00 00
=>0x0c327fff8090: 00 00 00[04]fa fa fa fa fa fa fa fa fa fa fa fa
  0x0c327fff80a0: fa fa fa fa fa fa fa fa fa fa fa fa fa fa fa fa
  0x0c327fff80b0: fa fa fa fa fa fa fa fa fa fa fa fa fa fa fa fa
  0x0c327fff80c0: fa fa fa fa fa fa fa fa fa fa fa fa fa fa fa fa
  0x0c327fff80d0: fa fa fa fa fa fa fa fa fa fa fa fa fa fa fa fa
  0x0c327fff80e0: fa fa fa fa fa fa fa fa fa fa fa fa fa fa fa fa
Shadow byte legend (one shadow byte represents 8 application bytes):
  Addressable:           00
  Partially addressable: 01 02 03 04 05 06 07 
  Heap left redzone:       fa
  Freed heap region:       fd
  Stack left redzone:      f1
  Stack mid redzone:       f2
  Stack right redzone:     f3
  Stack after return:      f5
  Stack use after scope:   f8
  Global redzone:          f9
  Global init order:       f6
  Poisoned by user:        f7
  Container overflow:      fc
  Array cookie:            ac
  Intra object redzone:    bb
  ASan internal:           fe
  Left alloca redzone:     ca
  Right alloca redzone:    cb
  Shadow gap:              cc
==13==ABORTING
