INFO: Running with entropic power schedule (0xFF, 100).
INFO: Seed: 2273999386
INFO: Loaded 1 modules   (14161 inline 8-bit counters): 14161 [0xaccf98, 0xad06e9), 
INFO: Loaded 1 PC tables (14161 PCs): 14161 [0x7df538,0x816a48), 
/out/snmp_mib_fuzzer: Running 1 inputs 1 time(s) each.
Running: /tmp/poc
=================================================================
==13==ERROR: AddressSanitizer: stack-buffer-overflow on address 0x7f78d3c8da28 at pc 0x00000056daba bp 0x7ffc99426450 sp 0x7ffc99426448
READ of size 8 at 0x7f78d3c8da28 thread T0
SCARINESS: 48 (8-byte-read-stack-buffer-overflow-far-from-bounds)
    #0 0x56dab9 in getoid /src/net-snmp/snmplib/parse.c:1919:20
    #1 0x568484 in parse_objectid /src/net-snmp/snmplib/parse.c:1958:19
    #2 0x56910e in parse_asntype /src/net-snmp/snmplib/parse.c:2316:14
    #3 0x560da3 in parse /src/net-snmp/snmplib/parse.c:4582:19
    #4 0x559b33 in read_module_internal /src/net-snmp/snmplib/parse.c:3926:18
    #5 0x559819 in netsnmp_read_module /src/net-snmp/snmplib/parse.c:4025:14
    #6 0x55da95 in read_mib /src/net-snmp/snmplib/parse.c:5028:12
    #7 0x5551c1 in LLVMFuzzerTestOneInput /src/net-snmp/./testing/fuzzing/snmp_mib_fuzzer.c:68:5
    #8 0x4588e3 in fuzzer::Fuzzer::ExecuteCallback(unsigned char const*, unsigned long) /src/llvm-project/compiler-rt/lib/fuzzer/FuzzerLoop.cpp:599:15
    #9 0x4441b2 in fuzzer::RunOneTest(fuzzer::Fuzzer*, char const*, unsigned long) /src/llvm-project/compiler-rt/lib/fuzzer/FuzzerDriver.cpp:323:6
    #10 0x449dbe in fuzzer::FuzzerDriver(int*, char***, int (*)(unsigned char const*, unsigned long)) /src/llvm-project/compiler-rt/lib/fuzzer/FuzzerDriver.cpp:856:9
    #11 0x473732 in main /src/llvm-project/compiler-rt/lib/fuzzer/FuzzerMain.cpp:20:10
    #12 0x7f78d2c0e83f in __libc_start_main (/lib/x86_64-linux-gnu/libc.so.6+0x2083f)
    #13 0x41f448 in _start (/out/snmp_mib_fuzzer+0x41f448)

DEDUP_TOKEN: getoid--parse_objectid--parse_asntype
Address 0x7f78d3c8da28 is located in stack of thread T0 at offset 552 in frame
    #0 0x56839f in parse_objectid /src/net-snmp/snmplib/parse.c:1950

DEDUP_TOKEN: parse_objectid
  This frame has 1 object(s):
    [32, 544) 'loid' (line 1954) <== Memory access at offset 552 overflows this variable
HINT: this may be a false positive if your program uses some custom stack unwind mechanism, swapcontext or vfork
      (longjmp and C++ exceptions *are* supported)
SUMMARY: AddressSanitizer: stack-buffer-overflow /src/net-snmp/snmplib/parse.c:1919:20 in getoid
Shadow bytes around the buggy address:
  0x0fef9a789af0: 00 00 00 00 00 00 00 00 00 00 00 00 00 00 00 00
  0x0fef9a789b00: f1 f1 f1 f1 00 00 00 00 00 00 00 00 00 00 00 00
  0x0fef9a789b10: 00 00 00 00 00 00 00 00 00 00 00 00 00 00 00 00
  0x0fef9a789b20: 00 00 00 00 00 00 00 00 00 00 00 00 00 00 00 00
  0x0fef9a789b30: 00 00 00 00 00 00 00 00 00 00 00 00 00 00 00 00
=>0x0fef9a789b40: 00 00 00 00 f3[f3]f3 f3 f3 f3 f3 f3 00 00 00 00
  0x0fef9a789b50: 00 00 00 00 00 00 00 00 00 00 00 00 00 00 00 00
  0x0fef9a789b60: 00 00 00 00 00 00 00 00 00 00 00 00 00 00 00 00
  0x0fef9a789b70: 00 00 00 00 00 00 00 00 00 00 00 00 00 00 00 00
  0x0fef9a789b80: 00 00 00 00 00 00 00 00 00 00 00 00 00 00 00 00
  0x0fef9a789b90: 00 00 00 00 00 00 00 00 00 00 00 00 00 00 00 00
Shadow byte legend (one shadow byte represents 8 application bytes):
  Addressable:           00
  Partially addressable: 01 02 03 04 05 06 07 
  Heap left redzone:       fa
  Freed heap region:       fd
  Stack left redzone:      f1
  Stack mid redzone:       f2
  Stack right redzone:     f3
  Stack after return:      f5
  Stack use after scope:   f8
  Global redzone:          f9
  Global init order:       f6
  Poisoned by user:        f7
  Container overflow:      fc
  Array cookie:            ac
  Intra object redzone:    bb
  ASan internal:           fe
  Left alloca redzone:     ca
  Right alloca redzone:    cb
  Shadow gap:              cc
==13==ABORTING
