INFO: Running with entropic power schedule (0xFF, 100).
INFO: Seed: 2313031114
INFO: Loaded 1 modules   (230939 inline 8-bit counters): 230939 [0x2bd4640, 0x2c0cc5b), 
INFO: Loaded 1 PC tables (230939 PCs): 230939 [0x2c0cc60,0x2f92e10), 
/out/assimp_fuzzer: Running 1 inputs 1 time(s) each.
Running: /tmp/poc
Info,  T0: Load $$$___magic___$$$.
Info,  T0: File extension not known, trying signature-based detection
Info,  T0: Found a matching importer for this file format: Open Game Engine Exchange.
Info,  T0: Import root directory is './'
code/../contrib/openddlparser/include/openddlparser/OpenDDLParserUtils.h:321:13: runtime error: index 18446744073709551488 out of bounds for type 'const unsigned char [256]'
    #0 0xe1064b in bool ODDLParser::isNumeric<char const>(char const) /src/assimp/code/../contrib/openddlparser/include/openddlparser/OpenDDLParserUtils.h:321:13
    #1 0xe0e626 in ODDLParser::OpenDDLParser::parseIdentifier(char*, char*, ODDLParser::Text**) /src/assimp/contrib/openddlparser/code/OpenDDLParser.cpp:549:9
    #2 0xe0eab7 in ODDLParser::OpenDDLParser::parseName(char*, char*, ODDLParser::Name**) /src/assimp/contrib/openddlparser/code/OpenDDLParser.cpp:527:10
    #3 0xe0e07d in ODDLParser::OpenDDLParser::parseHeader(char*, char*) /src/assimp/contrib/openddlparser/code/OpenDDLParser.cpp:293:14
    #4 0xe0de3f in ODDLParser::OpenDDLParser::parseNextNode(char*, char*) /src/assimp/contrib/openddlparser/code/OpenDDLParser.cpp:253:10
    #5 0xe0f393 in ODDLParser::OpenDDLParser::parseStructureBody(char*, char*, bool&) /src/assimp/contrib/openddlparser/code/OpenDDLParser.cpp:431:14
    #6 0xe0e490 in ODDLParser::OpenDDLParser::parseStructure(char*, char*) /src/assimp/contrib/openddlparser/code/OpenDDLParser.cpp:346:18
    #7 0xe0de4d in ODDLParser::OpenDDLParser::parseNextNode(char*, char*) /src/assimp/contrib/openddlparser/code/OpenDDLParser.cpp:254:10
    #8 0xe0d896 in ODDLParser::OpenDDLParser::parse() /src/assimp/contrib/openddlparser/code/OpenDDLParser.cpp:234:19
    #9 0x8334db in Assimp::OpenGEX::OpenGEXImporter::InternReadFile(std::__1::basic_string<char, std::__1::char_traits<char>, std::__1::allocator<char> > const&, aiScene*, Assimp::IOSystem*) /src/assimp/code/AssetLib/OpenGEX/OpenGEXImporter.cpp:310:27
    #10 0x4de33b in Assimp::BaseImporter::ReadFile(Assimp::Importer*, std::__1::basic_string<char, std::__1::char_traits<char>, std::__1::allocator<char> > const&, Assimp::IOSystem*) /src/assimp/code/Common/BaseImporter.cpp:125:9
    #11 0x504099 in Assimp::Importer::ReadFile(char const*, unsigned int) /src/assimp/code/Common/Importer.cpp:675:30
    #12 0x503032 in Assimp::Importer::ReadFileFromMemory(void const*, unsigned long, unsigned int, char const*) /src/assimp/code/Common/Importer.cpp:512:5
    #13 0x4bb9f1 in LLVMFuzzerTestOneInput /src/assimp/fuzz/assimp_fuzzer.cc:53:34
    #14 0x4494c3 in fuzzer::Fuzzer::ExecuteCallback(unsigned char const*, unsigned long) /src/llvm-project/compiler-rt/lib/fuzzer/FuzzerLoop.cpp:599:15
    #15 0x433322 in fuzzer::RunOneTest(fuzzer::Fuzzer*, char const*, unsigned long) /src/llvm-project/compiler-rt/lib/fuzzer/FuzzerDriver.cpp:323:6
    #16 0x43916a in fuzzer::FuzzerDriver(int*, char***, int (*)(unsigned char const*, unsigned long)) /src/llvm-project/compiler-rt/lib/fuzzer/FuzzerDriver.cpp:856:9
    #17 0x464ea2 in main /src/llvm-project/compiler-rt/lib/fuzzer/FuzzerMain.cpp:20:10
    #18 0x7ab35a3db83f in __libc_start_main (/lib/x86_64-linux-gnu/libc.so.6+0x2083f)
    #19 0x40dfb8 in _start (/out/assimp_fuzzer+0x40dfb8)

DEDUP_TOKEN: bool ODDLParser::isNumeric<char const>(char const)--ODDLParser::OpenDDLParser::parseIdentifier(char*, char*, ODDLParser::Text**)--ODDLParser::OpenDDLParser::parseName(char*, char*, ODDLParser::Name**)
SUMMARY: UndefinedBehaviorSanitizer: undefined-behavior code/../contrib/openddlparser/include/openddlparser/OpenDDLParserUtils.h:321:13 in 
