Accepting input from '/tmp/poc'
Usage for fuzzing: honggfuzz -P [flags] -- /out/php-fuzz-execute
=================================================================
==13==ERROR: AddressSanitizer: heap-use-after-free on address 0x603000015344 at pc 0x000000d87688 bp 0x7ffd1b02b3f0 sp 0x7ffd1b02b3e8
READ of size 4 at 0x603000015344 thread T0
SCARINESS: 45 (4-byte-read-heap-use-after-free)
    #0 0xd87687 in zend_string_release /src/php-src/Zend/zend_string.h:311:7
    #1 0xd84881 in zend_closure_free_storage /src/php-src/Zend/zend_closures.c:494:3
    #2 0xdc1810 in zend_objects_store_del /src/php-src/Zend/zend_objects_API.c:193:4
    #3 0xd323b2 in zend_object_release /src/php-src/Zend/zend_objects_API.h:75:3
    #4 0xc785a9 in ZEND_DO_FCALL_SPEC_RETVAL_UNUSED_HANDLER /src/php-src/Zend/zend_vm_execute.h:1787:3
    #5 0xed8769 in fuzzer_execute_ex /src/php-src/sapi/fuzzer/fuzzer-execute.c:40:14
    #6 0xc072e6 in zend_execute /src/php-src/Zend/zend_vm_execute.h:58989:2
    #7 0xed9210 in fuzzer_do_request_from_buffer /src/php-src/sapi/fuzzer/fuzzer-sapi.c:261:5
    #8 0xed8619 in LLVMFuzzerTestOneInput /src/php-src/sapi/fuzzer/fuzzer-execute.c:69:2
    #9 0xf73d1b in main (/out/php-fuzz-execute+0xf73d1b)
    #10 0x7d574220f83f in __libc_start_main (/lib/x86_64-linux-gnu/libc.so.6+0x2083f)
    #11 0x445f38 in _start (/out/php-fuzz-execute+0x445f38)

DEDUP_TOKEN: zend_string_release--zend_closure_free_storage--zend_objects_store_del
0x603000015344 is located 4 bytes inside of 32-byte region [0x603000015340,0x603000015360)
freed by thread T0 here:
    #0 0x4c06c2 in free /src/llvm-project/compiler-rt/lib/asan/asan_malloc_linux.cpp:127:3
    #1 0xb0f19d in tracked_free /src/php-src/Zend/zend_alloc.c:2749:2
    #2 0xb0845e in _efree_custom /src/php-src/Zend/zend_alloc.c:2428:3
    #3 0xb0836f in _efree /src/php-src/Zend/zend_alloc.c:2548:3
    #4 0xd87656 in zend_string_release /src/php-src/Zend/zend_string.h:313:4
    #5 0xd84881 in zend_closure_free_storage /src/php-src/Zend/zend_closures.c:494:3
    #6 0xdc1810 in zend_objects_store_del /src/php-src/Zend/zend_objects_API.c:193:4
    #7 0xb92fec in rc_dtor_func /src/php-src/Zend/zend_variables.c:57:2
    #8 0xd319dc in i_zval_ptr_dtor /src/php-src/Zend/zend_variables.h:44:4
    #9 0xc7845e in ZEND_DO_FCALL_SPEC_RETVAL_UNUSED_HANDLER /src/php-src/Zend/zend_vm_execute.h:1782:4
    #10 0xed8769 in fuzzer_execute_ex /src/php-src/sapi/fuzzer/fuzzer-execute.c:40:14
    #11 0xc072e6 in zend_execute /src/php-src/Zend/zend_vm_execute.h:58989:2
    #12 0xed9210 in fuzzer_do_request_from_buffer /src/php-src/sapi/fuzzer/fuzzer-sapi.c:261:5
    #13 0xed8619 in LLVMFuzzerTestOneInput /src/php-src/sapi/fuzzer/fuzzer-execute.c:69:2
    #14 0xf73d1b in main (/out/php-fuzz-execute+0xf73d1b)

DEDUP_TOKEN: free--tracked_free--_efree_custom
previously allocated by thread T0 here:
    #0 0x4c092d in malloc /src/llvm-project/compiler-rt/lib/asan/asan_malloc_linux.cpp:145:3
    #1 0xb08a5d in __zend_malloc /src/php-src/Zend/zend_alloc.c:3031:14
    #2 0xb05942 in tracked_malloc /src/php-src/Zend/zend_alloc.c:2734:14
    #3 0xb08295 in _malloc_custom /src/php-src/Zend/zend_alloc.c:2419:10
    #4 0xb0819d in _emalloc /src/php-src/Zend/zend_alloc.c:2538:10
    #5 0xdbff13 in zend_string_alloc /src/php-src/Zend/zend_string.h:141:36
    #6 0xdb37f3 in zend_string_init /src/php-src/Zend/zend_string.h:163:21
    #7 0xdba7f2 in zend_get_call_trampoline_func /src/php-src/Zend/zend_object_handlers.c:1167:25
    #8 0xdbb1d5 in zend_get_user_call_function /src/php-src/Zend/zend_object_handlers.c:1183:9
    #9 0xdbaed3 in zend_std_get_method /src/php-src/Zend/zend_object_handlers.c:1228:11
    #10 0xbb79f6 in zend_is_callable_check_func /src/php-src/Zend/zend_API.c:3513:29
    #11 0xbb670a in zend_is_callable_at_frame /src/php-src/Zend/zend_API.c:3684:10
    #12 0xbb9723 in zend_is_callable_ex /src/php-src/Zend/zend_API.c:3779:13
    #13 0xd8376e in zend_create_closure_from_callable /src/php-src/Zend/zend_closures.c:303:7
    #14 0xd83369 in zim_Closure_fromCallable /src/php-src/Zend/zend_closures.c:367:6
    #15 0xc78d50 in ZEND_DO_FCALL_SPEC_RETVAL_USED_HANDLER /src/php-src/Zend/zend_vm_execute.h:1864:4
    #16 0xed8769 in fuzzer_execute_ex /src/php-src/sapi/fuzzer/fuzzer-execute.c:40:14
    #17 0xc072e6 in zend_execute /src/php-src/Zend/zend_vm_execute.h:58989:2
    #18 0xed9210 in fuzzer_do_request_from_buffer /src/php-src/sapi/fuzzer/fuzzer-sapi.c:261:5
    #19 0xed8619 in LLVMFuzzerTestOneInput /src/php-src/sapi/fuzzer/fuzzer-execute.c:69:2
    #20 0xf73d1b in main (/out/php-fuzz-execute+0xf73d1b)

DEDUP_TOKEN: malloc--__zend_malloc--tracked_malloc
SUMMARY: AddressSanitizer: heap-use-after-free /src/php-src/Zend/zend_string.h:311:7 in zend_string_release
Shadow bytes around the buggy address:
  0x0c067fffaa10: fd fd fa fa fd fd fd fd fa fa fd fd fd fd fa fa
  0x0c067fffaa20: fd fd fd fd fa fa fd fd fd fd fa fa 00 00 00 00
  0x0c067fffaa30: fa fa fd fd fd fd fa fa 00 00 00 00 fa fa 00 00
  0x0c067fffaa40: 00 00 fa fa fd fd fd fd fa fa fd fd fd fd fa fa
  0x0c067fffaa50: fd fd fd fd fa fa fd fd fd fd fa fa fd fd fd fa
=>0x0c067fffaa60: fa fa fd fd fd fd fa fa[fd]fd fd fd fa fa fd fd
  0x0c067fffaa70: fd fd fa fa fd fd fd fd fa fa fa fa fa fa fa fa
  0x0c067fffaa80: fa fa fa fa fa fa fa fa fa fa fa fa fa fa fa fa
  0x0c067fffaa90: fa fa fa fa fa fa fa fa fa fa fa fa fa fa fa fa
  0x0c067fffaaa0: fa fa fa fa fa fa fa fa fa fa fa fa fa fa fa fa
  0x0c067fffaab0: fa fa fa fa fa fa fa fa fa fa fa fa fa fa fa fa
Shadow byte legend (one shadow byte represents 8 application bytes):
  Addressable:           00
  Partially addressable: 01 02 03 04 05 06 07 
  Heap left redzone:       fa
  Freed heap region:       fd
  Stack left redzone:      f1
  Stack mid redzone:       f2
  Stack right redzone:     f3
  Stack after return:      f5
  Stack use after scope:   f8
  Global redzone:          f9
  Global init order:       f6
  Poisoned by user:        f7
  Container overflow:      fc
  Array cookie:            ac
  Intra object redzone:    bb
  ASan internal:           fe
  Left alloca redzone:     ca
  Right alloca redzone:    cb
  Shadow gap:              cc
==13==ABORTING
