INFO: Seed: 2246410541
INFO: Loaded 1 modules   (29148 inline 8-bit counters): 29148 [0x9e1af0, 0x9e8ccc), 
INFO: Loaded 1 PC tables (29148 PCs): 29148 [0x6ae408,0x7201c8), 
/out/draco_mesh_decoder_fuzzer: Running 1 inputs 1 time(s) each.
Running: /tmp/poc
/src/draco/src/draco/compression/mesh/mesh_edgebreaker_traversal_valence_decoder.h:128:22: runtime error: index 6 out of bounds for type 'const draco::EdgebreakerTopologyBitPattern [5]'
    #0 0x500904 in draco::MeshEdgebreakerTraversalValenceDecoder::DecodeSymbol() /src/draco/src/draco/compression/mesh/mesh_edgebreaker_traversal_valence_decoder.h:128:22
    #1 0x4f5603 in draco::MeshEdgebreakerDecoderImpl<draco::MeshEdgebreakerTraversalValenceDecoder>::DecodeConnectivity(int) /src/draco/src/draco/compression/mesh/mesh_edgebreaker_decoder_impl.cc:542:48
    #2 0x4f10a7 in draco::MeshEdgebreakerDecoderImpl<draco::MeshEdgebreakerTraversalValenceDecoder>::DecodeConnectivity() /src/draco/src/draco/compression/mesh/mesh_edgebreaker_decoder_impl.cc:435:38
    #3 0x4b68e1 in draco::MeshDecoder::DecodeGeometryData() /src/draco/src/draco/compression/mesh/mesh_decoder.cc:31:8
    #4 0x52580c in draco::PointCloudDecoder::Decode(draco::DracoOptions<draco::GeometryAttribute::Type> const&, draco::DecoderBuffer*, draco::PointCloud*) /src/draco/src/draco/compression/point_cloud/point_cloud_decoder.cc:109:8
    #5 0x4b6771 in draco::MeshDecoder::Decode(draco::DracoOptions<draco::GeometryAttribute::Type> const&, draco::DecoderBuffer*, draco::Mesh*) /src/draco/src/draco/compression/mesh/mesh_decoder.cc:24:29
    #6 0x4b3eb4 in draco::Decoder::DecodeBufferToGeometry(draco::DecoderBuffer*, draco::Mesh*) /src/draco/src/draco/compression/decode.cc:121:3
    #7 0x4b4225 in draco::Decoder::DecodeMeshFromBuffer(draco::DecoderBuffer*) /src/draco/src/draco/compression/decode.cc:86:3
    #8 0x4b034c in LLVMFuzzerTestOneInput /src/draco/src/draco/tools/fuzz/draco_mesh_decoder_fuzzer.cc:26:11
    #9 0x441c91 in fuzzer::Fuzzer::ExecuteCallback(unsigned char const*, unsigned long) /src/llvm-project/compiler-rt/lib/fuzzer/FuzzerLoop.cpp:558:15
    #10 0x42d402 in fuzzer::RunOneTest(fuzzer::Fuzzer*, char const*, unsigned long) /src/llvm-project/compiler-rt/lib/fuzzer/FuzzerDriver.cpp:296:6
    #11 0x43342e in fuzzer::FuzzerDriver(int*, char***, int (*)(unsigned char const*, unsigned long)) /src/llvm-project/compiler-rt/lib/fuzzer/FuzzerDriver.cpp:796:9
    #12 0x45ae62 in main /src/llvm-project/compiler-rt/lib/fuzzer/FuzzerMain.cpp:19:10
    #13 0x77110300583f in __libc_start_main (/lib/x86_64-linux-gnu/libc.so.6+0x2083f)
    #14 0x4078e8 in _start (/out/draco_mesh_decoder_fuzzer+0x4078e8)

DEDUP_TOKEN: draco::MeshEdgebreakerTraversalValenceDecoder::DecodeSymbol()--draco::MeshEdgebreakerDecoderImpl<draco::MeshEdgebreakerTraversalValenceDecoder>::DecodeConnectivity(int)--draco::MeshEdgebreakerDecoderImpl<draco::MeshEdgebreakerTraversalValenceDecoder>::DecodeConnectivity()
SUMMARY: UndefinedBehaviorSanitizer: undefined-behavior /src/draco/src/draco/compression/mesh/mesh_edgebreaker_traversal_valence_decoder.h:128:22 in 
