INFO: Running with entropic power schedule (0xFF, 100).
INFO: Seed: 2253487001
INFO: Loaded 1 modules   (20595 inline 8-bit counters): 20595 [0x838c40, 0x83dcb3), 
INFO: Loaded 1 PC tables (20595 PCs): 20595 [0x83dcb8,0x88e3e8), 
/out/FuzzBMPLoader: Running 1 inputs 1 time(s) each.
Running: /tmp/poc
BMP with CORE header does not have enough colors. Has: 0, expected: 6
../../../AK/Format.h:260:30: runtime error: member call on address 0x7ffe6b003158 with insufficient space for an object of type 'AK::Array<AK::TypeErasedParameter, 0>'
0x7ffe6b003158: note: pointer points here
 00 00 00 00  8c 35 0e 67 1c 78 00 00  30 54 80 00 00 00 00 00  8c 35 0e 67 1c 78 00 00  e0 33 00 6b
              ^ 
    #0 0x4b52ac in AK::VariadicFormatParams<>::VariadicFormatParams() /src/serenity/Meta/Lagom/build/../../../AK/Format.h:260:30
    #1 0x4b52ac in void AK::dbgln<>(AK::Format::Detail::CheckedFormatString<>&&) /src/serenity/Meta/Lagom/build/../../../AK/Format.h:536:27
    #2 0x4b52ac in Gfx::decode_bmp_pixel_data(Gfx::BMPLoadingContext&) /src/serenity/Userland/Libraries/LibGfx/BMPLoader.cpp:1190:9
    #3 0x4b3193 in Gfx::load_bmp_impl(unsigned char const*, unsigned long) /src/serenity/Userland/Libraries/LibGfx/BMPLoader.cpp:1322:10
    #4 0x4b34a7 in Gfx::load_bmp_from_memory(unsigned char const*, unsigned long) /src/serenity/Userland/Libraries/LibGfx/BMPLoader.cpp:182:19
    #5 0x4b2754 in LLVMFuzzerTestOneInput /src/serenity/Meta/Lagom/build/../Fuzzers/FuzzBMPLoader.cpp:12:5
    #6 0x440e23 in fuzzer::Fuzzer::ExecuteCallback(unsigned char const*, unsigned long) /src/llvm-project/compiler-rt/lib/fuzzer/FuzzerLoop.cpp:599:15
    #7 0x42c592 in fuzzer::RunOneTest(fuzzer::Fuzzer*, char const*, unsigned long) /src/llvm-project/compiler-rt/lib/fuzzer/FuzzerDriver.cpp:323:6
    #8 0x43225e in fuzzer::FuzzerDriver(int*, char***, int (*)(unsigned char const*, unsigned long)) /src/llvm-project/compiler-rt/lib/fuzzer/FuzzerDriver.cpp:856:9
    #9 0x45bd12 in main /src/llvm-project/compiler-rt/lib/fuzzer/FuzzerMain.cpp:20:10
    #10 0x781c6707f83f in __libc_start_main (/lib/x86_64-linux-gnu/libc.so.6+0x2083f)
    #11 0x407648 in _start (/out/FuzzBMPLoader+0x407648)

DEDUP_TOKEN: AK::VariadicFormatParams<>::VariadicFormatParams()--void AK::dbgln<>(AK::Format::Detail::CheckedFormatString<>&&)--Gfx::decode_bmp_pixel_data(Gfx::BMPLoadingContext&)
SUMMARY: UndefinedBehaviorSanitizer: undefined-behavior ../../../AK/Format.h:260:30 in 
