INFO: Running with entropic power schedule (0xFF, 100).
INFO: Seed: 2191076645
INFO: Loaded 1 modules   (15173 inline 8-bit counters): 15173 [0x83d79e0, 0x83db525), 
INFO: Loaded 1 PC tables (15173 PCs): 15173 [0x834fb6c,0x836d594), 
/out/wolfmqtt-fuzzer: Running 1 inputs 1 time(s) each.
Running: /tmp/poc
=================================================================
==13==ERROR: AddressSanitizer: heap-buffer-overflow on address 0xeb80df07 at pc 0x081cc29f bp 0xffaaf308 sp 0xffaaf300
READ of size 1 at 0xeb80df07 thread T0
SCARINESS: 22 (1-byte-read-heap-buffer-overflow-far-from-bounds)
    #0 0x81cc29e in MqttDecode_Vbi /src/wolfmqtt/src/mqtt_packet.c:227:22
    #1 0x81ccf9f in MqttDecode_Props /src/wolfmqtt/src/mqtt_packet.c:498:15
    #2 0x81d24a8 in MqttDecode_Auth /src/wolfmqtt/src/mqtt_packet.c:1701:23
    #3 0x81ca3d0 in MqttClient_DecodePacket /src/wolfmqtt/src/mqtt_client.c:456:18
    #4 0x81c7575 in MqttClient_WaitType /src/wolfmqtt/src/mqtt_client.c:871:18
    #5 0x81c9c3f in MqttClient_WaitMessage_ex /src/wolfmqtt/src/mqtt_client.c:2123:12
    #6 0x81c9c89 in MqttClient_WaitMessage /src/wolfmqtt/src/mqtt_client.c:2130:12
    #7 0x81bbff2 in wolfMQTTFuzzer::wait() /src/wolfmqtt-fuzzers/fuzzer.cpp:358:5
    #8 0x81bd642 in wolfMQTTFuzzer::Run() /src/wolfmqtt-fuzzers/fuzzer.cpp:489:21
    #9 0x81bdd11 in LLVMFuzzerTestOneInput /src/wolfmqtt-fuzzers/fuzzer.cpp:541:12
    #10 0x80b02ae in fuzzer::Fuzzer::ExecuteCallback(unsigned char const*, unsigned int) /src/llvm-project/compiler-rt/lib/fuzzer/FuzzerLoop.cpp:599:15
    #11 0x809b4ce in fuzzer::RunOneTest(fuzzer::Fuzzer*, char const*, unsigned int) /src/llvm-project/compiler-rt/lib/fuzzer/FuzzerDriver.cpp:323:6
    #12 0x80a1325 in fuzzer::FuzzerDriver(int*, char***, int (*)(unsigned char const*, unsigned int)) /src/llvm-project/compiler-rt/lib/fuzzer/FuzzerDriver.cpp:856:9
    #13 0x80cae37 in main /src/llvm-project/compiler-rt/lib/fuzzer/FuzzerMain.cpp:20:10
    #14 0xf0427646 in __libc_start_main (/lib32/libc.so.6+0x18646)
    #15 0x8075b28 in _start (/out/wolfmqtt-fuzzer+0x8075b28)

DEDUP_TOKEN: MqttDecode_Vbi--MqttDecode_Props--MqttDecode_Auth
Address 0xeb80df07 is a wild pointer.
SUMMARY: AddressSanitizer: heap-buffer-overflow /src/wolfmqtt/src/mqtt_packet.c:227:22 in MqttDecode_Vbi
Shadow bytes around the buggy address:
  0x3d701b90: fa fa fa fa fa fa fa fa fa fa fa fa fa fa fa fa
  0x3d701ba0: fa fa fa fa fa fa fa fa fa fa fa fa fa fa fa fa
  0x3d701bb0: fa fa fa fa fa fa fa fa fa fa fa fa fa fa fa fa
  0x3d701bc0: fa fa fa fa fa fa fa fa fa fa fa fa fa fa fa fa
  0x3d701bd0: fa fa fa fa fa fa fa fa fa fa fa fa fa fa fa fa
=>0x3d701be0:[fa]fa fa fa fa fa fa fa fa fa fa fa fa fa fa fa
  0x3d701bf0: fa fa fa fa fa fa fa fa fa fa fa fa fa fa fa fa
  0x3d701c00: fa fa fa fa fa fa fa fa fa fa fa fa fa fa fa fa
  0x3d701c10: fa fa fa fa fa fa fa fa fa fa fa fa fa fa fa fa
  0x3d701c20: fa fa fa fa fa fa fa fa fa fa fa fa fa fa fa fa
  0x3d701c30: fa fa fa fa fa fa fa fa fa fa fa fa fa fa fa fa
Shadow byte legend (one shadow byte represents 8 application bytes):
  Addressable:           00
  Partially addressable: 01 02 03 04 05 06 07 
  Heap left redzone:       fa
  Freed heap region:       fd
  Stack left redzone:      f1
  Stack mid redzone:       f2
  Stack right redzone:     f3
  Stack after return:      f5
  Stack use after scope:   f8
  Global redzone:          f9
  Global init order:       f6
  Poisoned by user:        f7
  Container overflow:      fc
  Array cookie:            ac
  Intra object redzone:    bb
  ASan internal:           fe
  Left alloca redzone:     ca
  Right alloca redzone:    cb
  Shadow gap:              cc
==13==ABORTING
