INFO: Running with entropic power schedule (0xFF, 100).
INFO: Seed: 2290247959
INFO: Loaded 1 modules   (82565 inline 8-bit counters): 82565 [0x1352650, 0x13668d5), 
INFO: Loaded 1 PC tables (82565 PCs): 82565 [0x10a7e58,0x11ea6a8), 
/out/fuzz_parse_msg: Running 1 inputs 1 time(s) each.
Running: /tmp/poc
=================================================================
==13==ERROR: AddressSanitizer: heap-buffer-overflow on address 0x60e000000293 at pc 0x000000e7763e bp 0x7ffe7e707da0 sp 0x7ffe7e707d98
READ of size 1 at 0x60e000000293 thread T0
SCARINESS: 12 (1-byte-read-heap-buffer-overflow)
    #0 0xe7763d in q_memchr /src/kamailio/src/core/parser/../ut.h:422:7
    #1 0xe771e8 in parse_quoted_param /src/kamailio/src/core/parser/parse_param.c:305:14
    #2 0xe7175a in parse_param_body /src/kamailio/src/core/parser/parse_param.c:450:6
    #3 0xe6b2d8 in parse_param2 /src/kamailio/src/core/parser/parse_param.c:496:13
    #4 0xe6d274 in parse_params2 /src/kamailio/src/core/parser/parse_param.c:599:10
    #5 0xe6ce56 in parse_params /src/kamailio/src/core/parser/parse_param.c:561:9
    #6 0xeb16b2 in parse_contacts /src/kamailio/src/core/parser/contact/contact.c:243:8
    #7 0xe4a638 in contact_parser /src/kamailio/src/core/parser/contact/parse_contact.c:55:7
    #8 0xe49405 in parse_contact /src/kamailio/src/core/parser/contact/parse_contact.c:84:6
    #9 0x87e4f4 in parse_contact_header /src/kamailio/src/core/select_core.c:234:9
    #10 0x56c0fb in LLVMFuzzerTestOneInput /src/kamailio/./misc/fuzz/fuzz_parse_msg.c:28:5
    #11 0x459023 in fuzzer::Fuzzer::ExecuteCallback(unsigned char const*, unsigned long) (/out/fuzz_parse_msg+0x459023)
    #12 0x444792 in fuzzer::RunOneTest(fuzzer::Fuzzer*, char const*, unsigned long) /src/llvm-project/compiler-rt/lib/fuzzer/FuzzerDriver.cpp:323:6
    #13 0x44a45e in fuzzer::FuzzerDriver(int*, char***, int (*)(unsigned char const*, unsigned long)) (/out/fuzz_parse_msg+0x44a45e)
    #14 0x473d32 in main /src/llvm-project/compiler-rt/lib/fuzzer/FuzzerMain.cpp:20:10
    #15 0x7cdf32577082 in __libc_start_main (/lib/x86_64-linux-gnu/libc.so.6+0x24082)
    #16 0x41fa3d in _start (/out/fuzz_parse_msg+0x41fa3d)

DEDUP_TOKEN: q_memchr--parse_quoted_param--parse_param_body
0x60e000000293 is located 0 bytes to the right of 147-byte region [0x60e000000200,0x60e000000293)
allocated by thread T0 here:
    #0 0x521efd in malloc /src/llvm-project/compiler-rt/lib/asan/asan_malloc_linux.cpp:145:3
    #1 0x43a0a7 in operator new(unsigned long) (/out/fuzz_parse_msg+0x43a0a7)
    #2 0x444792 in fuzzer::RunOneTest(fuzzer::Fuzzer*, char const*, unsigned long) /src/llvm-project/compiler-rt/lib/fuzzer/FuzzerDriver.cpp:323:6
    #3 0x44a45e in fuzzer::FuzzerDriver(int*, char***, int (*)(unsigned char const*, unsigned long)) (/out/fuzz_parse_msg+0x44a45e)
    #4 0x473d32 in main /src/llvm-project/compiler-rt/lib/fuzzer/FuzzerMain.cpp:20:10
    #5 0x7cdf32577082 in __libc_start_main (/lib/x86_64-linux-gnu/libc.so.6+0x24082)

DEDUP_TOKEN: malloc--operator new(unsigned long)--fuzzer::RunOneTest(fuzzer::Fuzzer*, char const*, unsigned long)
SUMMARY: AddressSanitizer: heap-buffer-overflow /src/kamailio/src/core/parser/../ut.h:422:7 in q_memchr
Shadow bytes around the buggy address:
  0x0c1c7fff8000: fa fa fa fa fa fa fa fa 00 00 00 00 00 00 00 00
  0x0c1c7fff8010: 00 00 00 00 00 00 00 00 00 00 00 00 fa fa fa fa
  0x0c1c7fff8020: fa fa fa fa 00 00 00 00 00 00 00 00 00 00 00 00
  0x0c1c7fff8030: 00 00 00 00 00 00 03 fa fa fa fa fa fa fa fa fa
  0x0c1c7fff8040: 00 00 00 00 00 00 00 00 00 00 00 00 00 00 00 00
=>0x0c1c7fff8050: 00 00[03]fa fa fa fa fa fa fa fa fa fa fa fa fa
  0x0c1c7fff8060: fa fa fa fa fa fa fa fa fa fa fa fa fa fa fa fa
  0x0c1c7fff8070: fa fa fa fa fa fa fa fa fa fa fa fa fa fa fa fa
  0x0c1c7fff8080: fa fa fa fa fa fa fa fa fa fa fa fa fa fa fa fa
  0x0c1c7fff8090: fa fa fa fa fa fa fa fa fa fa fa fa fa fa fa fa
  0x0c1c7fff80a0: fa fa fa fa fa fa fa fa fa fa fa fa fa fa fa fa
Shadow byte legend (one shadow byte represents 8 application bytes):
  Addressable:           00
  Partially addressable: 01 02 03 04 05 06 07 
  Heap left redzone:       fa
  Freed heap region:       fd
  Stack left redzone:      f1
  Stack mid redzone:       f2
  Stack right redzone:     f3
  Stack after return:      f5
  Stack use after scope:   f8
  Global redzone:          f9
  Global init order:       f6
  Poisoned by user:        f7
  Container overflow:      fc
  Array cookie:            ac
  Intra object redzone:    bb
  ASan internal:           fe
  Left alloca redzone:     ca
  Right alloca redzone:    cb
  Shadow gap:              cc
==13==ABORTING
