INFO: Running with entropic power schedule (0xFF, 100).
INFO: Seed: 2278605840
INFO: Loaded 1 modules   (92319 inline 8-bit counters): 92319 [0x16d98e8, 0x16f0187), 
INFO: Loaded 1 PC tables (92319 PCs): 92319 [0x16f0188,0x1858b78), 
/out/load_from_memory_fuzzer: Running 1 inputs 1 time(s) each.
Running: /tmp/poc
=================================================================
==13==ERROR: AddressSanitizer: stack-buffer-overflow on address 0x7fd89a7bd740 at pc 0x00000091d854 bp 0x7ffe672484d0 sp 0x7ffe672484c8
WRITE of size 1 at 0x7fd89a7bd740 thread T0
SCARINESS: 46 (1-byte-write-stack-buffer-overflow)
    #0 0x91d853 in LibRaw::parseCR3(unsigned long long, unsigned long long, short&, char*, short&, short&) /src/freeimage-svn/FreeImage/trunk/Source/LibRawLite/internal/../src/metadata/cr3_parser.cpp:240:38
    #1 0x91c1fe in LibRaw::parseCR3(unsigned long long, unsigned long long, short&, char*, short&, short&) /src/freeimage-svn/FreeImage/trunk/Source/LibRawLite/internal/../src/metadata/cr3_parser.cpp:514:13
    #2 0x91c1fe in LibRaw::parseCR3(unsigned long long, unsigned long long, short&, char*, short&, short&) /src/freeimage-svn/FreeImage/trunk/Source/LibRawLite/internal/../src/metadata/cr3_parser.cpp:514:13
    #3 0x91c1fe in LibRaw::parseCR3(unsigned long long, unsigned long long, short&, char*, short&, short&) /src/freeimage-svn/FreeImage/trunk/Source/LibRawLite/internal/../src/metadata/cr3_parser.cpp:514:13
    #4 0x91c1fe in LibRaw::parseCR3(unsigned long long, unsigned long long, short&, char*, short&, short&) /src/freeimage-svn/FreeImage/trunk/Source/LibRawLite/internal/../src/metadata/cr3_parser.cpp:514:13
    #5 0x91c1fe in LibRaw::parseCR3(unsigned long long, unsigned long long, short&, char*, short&, short&) /src/freeimage-svn/FreeImage/trunk/Source/LibRawLite/internal/../src/metadata/cr3_parser.cpp:514:13
    #6 0x91c1fe in LibRaw::parseCR3(unsigned long long, unsigned long long, short&, char*, short&, short&) /src/freeimage-svn/FreeImage/trunk/Source/LibRawLite/internal/../src/metadata/cr3_parser.cpp:514:13
    #7 0x91c1fe in LibRaw::parseCR3(unsigned long long, unsigned long long, short&, char*, short&, short&) /src/freeimage-svn/FreeImage/trunk/Source/LibRawLite/internal/../src/metadata/cr3_parser.cpp:514:13
    #8 0x91c1fe in LibRaw::parseCR3(unsigned long long, unsigned long long, short&, char*, short&, short&) /src/freeimage-svn/FreeImage/trunk/Source/LibRawLite/internal/../src/metadata/cr3_parser.cpp:514:13
    #9 0x91c1fe in LibRaw::parseCR3(unsigned long long, unsigned long long, short&, char*, short&, short&) /src/freeimage-svn/FreeImage/trunk/Source/LibRawLite/internal/../src/metadata/cr3_parser.cpp:514:13
    #10 0x91c1fe in LibRaw::parseCR3(unsigned long long, unsigned long long, short&, char*, short&, short&) /src/freeimage-svn/FreeImage/trunk/Source/LibRawLite/internal/../src/metadata/cr3_parser.cpp:514:13
    #11 0x91c1fe in LibRaw::parseCR3(unsigned long long, unsigned long long, short&, char*, short&, short&) /src/freeimage-svn/FreeImage/trunk/Source/LibRawLite/internal/../src/metadata/cr3_parser.cpp:514:13
    #12 0x91c1fe in LibRaw::parseCR3(unsigned long long, unsigned long long, short&, char*, short&, short&) /src/freeimage-svn/FreeImage/trunk/Source/LibRawLite/internal/../src/metadata/cr3_parser.cpp:514:13
    #13 0x91c1fe in LibRaw::parseCR3(unsigned long long, unsigned long long, short&, char*, short&, short&) /src/freeimage-svn/FreeImage/trunk/Source/LibRawLite/internal/../src/metadata/cr3_parser.cpp:514:13
    #14 0x91c1fe in LibRaw::parseCR3(unsigned long long, unsigned long long, short&, char*, short&, short&) /src/freeimage-svn/FreeImage/trunk/Source/LibRawLite/internal/../src/metadata/cr3_parser.cpp:514:13
    #15 0x91c1fe in LibRaw::parseCR3(unsigned long long, unsigned long long, short&, char*, short&, short&) /src/freeimage-svn/FreeImage/trunk/Source/LibRawLite/internal/../src/metadata/cr3_parser.cpp:514:13
    #16 0x91c1fe in LibRaw::parseCR3(unsigned long long, unsigned long long, short&, char*, short&, short&) /src/freeimage-svn/FreeImage/trunk/Source/LibRawLite/internal/../src/metadata/cr3_parser.cpp:514:13
    #17 0x91c1fe in LibRaw::parseCR3(unsigned long long, unsigned long long, short&, char*, short&, short&) /src/freeimage-svn/FreeImage/trunk/Source/LibRawLite/internal/../src/metadata/cr3_parser.cpp:514:13
    #18 0x91c1fe in LibRaw::parseCR3(unsigned long long, unsigned long long, short&, char*, short&, short&) /src/freeimage-svn/FreeImage/trunk/Source/LibRawLite/internal/../src/metadata/cr3_parser.cpp:514:13
    #19 0x91c1fe in LibRaw::parseCR3(unsigned long long, unsigned long long, short&, char*, short&, short&) /src/freeimage-svn/FreeImage/trunk/Source/LibRawLite/internal/../src/metadata/cr3_parser.cpp:514:13
    #20 0x91c1fe in LibRaw::parseCR3(unsigned long long, unsigned long long, short&, char*, short&, short&) /src/freeimage-svn/FreeImage/trunk/Source/LibRawLite/internal/../src/metadata/cr3_parser.cpp:514:13
    #21 0x91c1fe in LibRaw::parseCR3(unsigned long long, unsigned long long, short&, char*, short&, short&) /src/freeimage-svn/FreeImage/trunk/Source/LibRawLite/internal/../src/metadata/cr3_parser.cpp:514:13
    #22 0x91c1fe in LibRaw::parseCR3(unsigned long long, unsigned long long, short&, char*, short&, short&) /src/freeimage-svn/FreeImage/trunk/Source/LibRawLite/internal/../src/metadata/cr3_parser.cpp:514:13
    #23 0x91c1fe in LibRaw::parseCR3(unsigned long long, unsigned long long, short&, char*, short&, short&) /src/freeimage-svn/FreeImage/trunk/Source/LibRawLite/internal/../src/metadata/cr3_parser.cpp:514:13
    #24 0x91c1fe in LibRaw::parseCR3(unsigned long long, unsigned long long, short&, char*, short&, short&) /src/freeimage-svn/FreeImage/trunk/Source/LibRawLite/internal/../src/metadata/cr3_parser.cpp:514:13
    #25 0x91c1fe in LibRaw::parseCR3(unsigned long long, unsigned long long, short&, char*, short&, short&) /src/freeimage-svn/FreeImage/trunk/Source/LibRawLite/internal/../src/metadata/cr3_parser.cpp:514:13
    #26 0x91c1fe in LibRaw::parseCR3(unsigned long long, unsigned long long, short&, char*, short&, short&) /src/freeimage-svn/FreeImage/trunk/Source/LibRawLite/internal/../src/metadata/cr3_parser.cpp:514:13
    #27 0x91c1fe in LibRaw::parseCR3(unsigned long long, unsigned long long, short&, char*, short&, short&) /src/freeimage-svn/FreeImage/trunk/Source/LibRawLite/internal/../src/metadata/cr3_parser.cpp:514:13
    #28 0x91c1fe in LibRaw::parseCR3(unsigned long long, unsigned long long, short&, char*, short&, short&) /src/freeimage-svn/FreeImage/trunk/Source/LibRawLite/internal/../src/metadata/cr3_parser.cpp:514:13
    #29 0x91c1fe in LibRaw::parseCR3(unsigned long long, unsigned long long, short&, char*, short&, short&) /src/freeimage-svn/FreeImage/trunk/Source/LibRawLite/internal/../src/metadata/cr3_parser.cpp:514:13
    #30 0x91c1fe in LibRaw::parseCR3(unsigned long long, unsigned long long, short&, char*, short&, short&) /src/freeimage-svn/FreeImage/trunk/Source/LibRawLite/internal/../src/metadata/cr3_parser.cpp:514:13
    #31 0x91c1fe in LibRaw::parseCR3(unsigned long long, unsigned long long, short&, char*, short&, short&) /src/freeimage-svn/FreeImage/trunk/Source/LibRawLite/internal/../src/metadata/cr3_parser.cpp:514:13
    #32 0x97c87c in LibRaw::identify() /src/freeimage-svn/FreeImage/trunk/Source/LibRawLite/internal/../src/metadata/identify.cpp:684:11
    #33 0xa05ab7 in LibRaw::open_datastream(LibRaw_abstract_datastream*) /src/freeimage-svn/FreeImage/trunk/Source/LibRawLite/src/utils/open.cpp:390:4
    #34 0x5e6964 in Validate(FreeImageIO*, void*) /src/freeimage-svn/FreeImage/trunk/Source/FreeImage/PluginRAW.cpp:645:21
    #35 0x5756a3 in FreeImage_ValidateFIF /src/freeimage-svn/FreeImage/trunk/Source/FreeImage/Plugin.cpp:811:95
    #36 0x56f092 in FreeImage_GetFileTypeFromHandle /src/freeimage-svn/FreeImage/trunk/Source/FreeImage/GetType.cpp:43:8
    #37 0x56f41b in FreeImage_GetFileTypeFromMemory /src/freeimage-svn/FreeImage/trunk/Source/FreeImage/GetType.cpp:109:10
    #38 0x559c55 in LLVMFuzzerTestOneInput /src/load_from_memory_fuzzer.cc:33:27
    #39 0x45cb63 in fuzzer::Fuzzer::ExecuteCallback(unsigned char const*, unsigned long) /src/llvm-project/compiler-rt/lib/fuzzer/FuzzerLoop.cpp:599:15
    #40 0x446a22 in fuzzer::RunOneTest(fuzzer::Fuzzer*, char const*, unsigned long) /src/llvm-project/compiler-rt/lib/fuzzer/FuzzerDriver.cpp:323:6
    #41 0x44c81d in fuzzer::FuzzerDriver(int*, char***, int (*)(unsigned char const*, unsigned long)) /src/llvm-project/compiler-rt/lib/fuzzer/FuzzerDriver.cpp:856:9
    #42 0x477fc2 in main /src/llvm-project/compiler-rt/lib/fuzzer/FuzzerMain.cpp:20:10
    #43 0x7fd8996fb83f in __libc_start_main (/lib/x86_64-linux-gnu/libc.so.6+0x2083f)
    #44 0x4216e8 in _start (/out/load_from_memory_fuzzer+0x4216e8)

DEDUP_TOKEN: LibRaw::parseCR3(unsigned long long, unsigned long long, short&, char*, short&, short&)--LibRaw::parseCR3(unsigned long long, unsigned long long, short&, char*, short&, short&)--LibRaw::parseCR3(unsigned long long, unsigned long long, short&, char*, short&, short&)
Address 0x7fd89a7bd740 is located in stack of thread T0 at offset 12096 in frame
    #0 0x97402f in LibRaw::identify() /src/freeimage-svn/FreeImage/trunk/Source/LibRawLite/internal/../src/metadata/identify.cpp:174

DEDUP_TOKEN: LibRaw::identify()
  This frame has 8 object(s):
    [32, 10796) 'table' (line 389)
    [11056, 11120) 'head' (line 395)
    [11152, 11792) 'jh' (line 397)
    [11920, 11922) 'nesting' (line 677)
    [11936, 11938) 'nTrack' (line 678)
    [11952, 11954) 'TrackType' (line 679)
    [11968, 12096) 'AtomNameStack' (line 680) <== Memory access at offset 12096 overflows this variable
    [12128, 12160) 'cnorm' (line 1077)
HINT: this may be a false positive if your program uses some custom stack unwind mechanism, swapcontext or vfork
      (longjmp and C++ exceptions *are* supported)
SUMMARY: AddressSanitizer: stack-buffer-overflow /src/freeimage-svn/FreeImage/trunk/Source/LibRawLite/internal/../src/metadata/cr3_parser.cpp:240:38 in LibRaw::parseCR3(unsigned long long, unsigned long long, short&, char*, short&, short&)
Shadow bytes around the buggy address:
  0x0ffb934efa90: 00 00 00 00 00 00 00 00 00 00 00 00 00 00 00 00
  0x0ffb934efaa0: 00 00 00 00 00 00 00 00 00 00 00 00 00 00 00 00
  0x0ffb934efab0: 00 00 00 00 00 00 00 00 00 00 00 00 00 00 00 00
  0x0ffb934efac0: 00 00 f2 f2 f2 f2 f2 f2 f2 f2 f2 f2 f2 f2 f2 f2
  0x0ffb934efad0: f2 f2 02 f2 02 f2 02 f2 00 00 00 00 00 00 00 00
=>0x0ffb934efae0: 00 00 00 00 00 00 00 00[f2]f2 f2 f2 f8 f8 f8 f8
  0x0ffb934efaf0: f3 f3 f3 f3 00 00 00 00 00 00 00 00 00 00 00 00
  0x0ffb934efb00: 00 00 00 00 00 00 00 00 00 00 00 00 00 00 00 00
  0x0ffb934efb10: 00 00 00 00 00 00 00 00 00 00 00 00 00 00 00 00
  0x0ffb934efb20: 00 00 00 00 00 00 00 00 00 00 00 00 00 00 00 00
  0x0ffb934efb30: 00 00 00 00 00 00 00 00 00 00 00 00 00 00 00 00
Shadow byte legend (one shadow byte represents 8 application bytes):
  Addressable:           00
  Partially addressable: 01 02 03 04 05 06 07 
  Heap left redzone:       fa
  Freed heap region:       fd
  Stack left redzone:      f1
  Stack mid redzone:       f2
  Stack right redzone:     f3
  Stack after return:      f5
  Stack use after scope:   f8
  Global redzone:          f9
  Global init order:       f6
  Poisoned by user:        f7
  Container overflow:      fc
  Array cookie:            ac
  Intra object redzone:    bb
  ASan internal:           fe
  Left alloca redzone:     ca
  Right alloca redzone:    cb
  Shadow gap:              cc
==13==ABORTING
