Accepting input from '/tmp/poc'
Usage for fuzzing: honggfuzz -P [flags] -- /out/php-fuzz-execute
=================================================================
==13==ERROR: AddressSanitizer: heap-use-after-free on address 0x606000015038 at pc 0x000000d3acd1 bp 0x7ffc0b8c49f0 sp 0x7ffc0b8c49e8
READ of size 8 at 0x606000015038 thread T0
SCARINESS: 51 (8-byte-read-heap-use-after-free)
    #0 0xd3acd0 in ZEND_FETCH_OBJ_R_SPEC_CV_CONST_INLINE_HANDLER /src/php-src/Zend/zend_vm_execute.h:40135:31
    #1 0xc8a72c in ZEND_FETCH_OBJ_R_SPEC_CV_CONST_HANDLER /src/php-src/Zend/zend_vm_execute.h:40160:2
    #2 0xec24d9 in fuzzer_execute_ex /src/php-src/sapi/fuzzer/fuzzer-execute.c:40:14
    #3 0xbf74d6 in zend_execute /src/php-src/Zend/zend_vm_execute.h:59155:2
    #4 0xec2f6e in fuzzer_do_request_from_buffer /src/php-src/sapi/fuzzer/fuzzer-sapi.c:259:5
    #5 0xec2389 in LLVMFuzzerTestOneInput /src/php-src/sapi/fuzzer/fuzzer-execute.c:69:2
    #6 0xf5da5b in main (/out/php-fuzz-execute+0xf5da5b)
    #7 0x76e67cfe383f in __libc_start_main (/lib/x86_64-linux-gnu/libc.so.6+0x2083f)
    #8 0x445c88 in _start (/out/php-fuzz-execute+0x445c88)

DEDUP_TOKEN: ZEND_FETCH_OBJ_R_SPEC_CV_CONST_INLINE_HANDLER--ZEND_FETCH_OBJ_R_SPEC_CV_CONST_HANDLER--fuzzer_execute_ex
0x606000015038 is located 24 bytes inside of 56-byte region [0x606000015020,0x606000015058)
freed by thread T0 here:
    #0 0x4c0292 in free /src/llvm-project/compiler-rt/lib/asan/asan_malloc_linux.cpp:127:3
    #1 0xb012bd in tracked_free /src/php-src/Zend/zend_alloc.c:2749:2
    #2 0xafa57e in _efree_custom /src/php-src/Zend/zend_alloc.c:2428:3
    #3 0xafa48f in _efree /src/php-src/Zend/zend_alloc.c:2548:3
    #4 0xdb0198 in zend_objects_store_del /src/php-src/Zend/zend_objects_API.c:197:3
    #5 0xda4ab2 in zend_object_release /src/php-src/Zend/zend_objects_API.h:75:3
    #6 0xda3a08 in zend_std_read_property /src/php-src/Zend/zend_object_handlers.c:679:4
    #7 0xd3a4d5 in ZEND_FETCH_OBJ_R_SPEC_CV_CONST_INLINE_HANDLER /src/php-src/Zend/zend_vm_execute.h:40133:12
    #8 0xc8a72c in ZEND_FETCH_OBJ_R_SPEC_CV_CONST_HANDLER /src/php-src/Zend/zend_vm_execute.h:40160:2
    #9 0xec24d9 in fuzzer_execute_ex /src/php-src/sapi/fuzzer/fuzzer-execute.c:40:14
    #10 0xbf74d6 in zend_execute /src/php-src/Zend/zend_vm_execute.h:59155:2
    #11 0xec2f6e in fuzzer_do_request_from_buffer /src/php-src/sapi/fuzzer/fuzzer-sapi.c:259:5
    #12 0xec2389 in LLVMFuzzerTestOneInput /src/php-src/sapi/fuzzer/fuzzer-execute.c:69:2
    #13 0xf5da5b in main (/out/php-fuzz-execute+0xf5da5b)

DEDUP_TOKEN: free--tracked_free--_efree_custom
previously allocated by thread T0 here:
    #0 0x4c04fd in malloc /src/llvm-project/compiler-rt/lib/asan/asan_malloc_linux.cpp:145:3
    #1 0xafab7d in __zend_malloc /src/php-src/Zend/zend_alloc.c:3031:14
    #2 0xaf7a62 in tracked_malloc /src/php-src/Zend/zend_alloc.c:2734:14
    #3 0xafa3b5 in _malloc_custom /src/php-src/Zend/zend_alloc.c:2419:10
    #4 0xafa2bd in _emalloc /src/php-src/Zend/zend_alloc.c:2538:10
    #5 0xd9e817 in zend_objects_new /src/php-src/Zend/zend_objects.c:178:24
    #6 0xb98217 in _object_and_properties_init /src/php-src/Zend/zend_API.c:1608:22
    #7 0xb984c5 in object_init_ex /src/php-src/Zend/zend_API.c:1631:9
    #8 0xc716a9 in ZEND_NEW_SPEC_CONST_UNUSED_HANDLER /src/php-src/Zend/zend_vm_execute.h:10135:6
    #9 0xec24d9 in fuzzer_execute_ex /src/php-src/sapi/fuzzer/fuzzer-execute.c:40:14
    #10 0xbf74d6 in zend_execute /src/php-src/Zend/zend_vm_execute.h:59155:2
    #11 0xec2f6e in fuzzer_do_request_from_buffer /src/php-src/sapi/fuzzer/fuzzer-sapi.c:259:5
    #12 0xec2389 in LLVMFuzzerTestOneInput /src/php-src/sapi/fuzzer/fuzzer-execute.c:69:2
    #13 0xf5da5b in main (/out/php-fuzz-execute+0xf5da5b)

DEDUP_TOKEN: malloc--__zend_malloc--tracked_malloc
SUMMARY: AddressSanitizer: heap-use-after-free /src/php-src/Zend/zend_vm_execute.h:40135:31 in ZEND_FETCH_OBJ_R_SPEC_CV_CONST_INLINE_HANDLER
Shadow bytes around the buggy address:
  0x0c0c7fffa9b0: 00 00 00 00 00 00 00 fa fa fa fa fa 00 00 00 00
  0x0c0c7fffa9c0: 00 00 00 fa fa fa fa fa 00 00 00 00 00 00 00 fa
  0x0c0c7fffa9d0: fa fa fa fa 00 00 00 00 00 00 00 fa fa fa fa fa
  0x0c0c7fffa9e0: 00 00 00 00 00 00 00 fa fa fa fa fa fd fd fd fd
  0x0c0c7fffa9f0: fd fd fd fa fa fa fa fa fd fd fd fd fd fd fd fd
=>0x0c0c7fffaa00: fa fa fa fa fd fd fd[fd]fd fd fd fa fa fa fa fa
  0x0c0c7fffaa10: fa fa fa fa fa fa fa fa fa fa fa fa fa fa fa fa
  0x0c0c7fffaa20: fa fa fa fa fa fa fa fa fa fa fa fa fa fa fa fa
  0x0c0c7fffaa30: fa fa fa fa fa fa fa fa fa fa fa fa fa fa fa fa
  0x0c0c7fffaa40: fa fa fa fa fa fa fa fa fa fa fa fa fa fa fa fa
  0x0c0c7fffaa50: fa fa fa fa fa fa fa fa fa fa fa fa fa fa fa fa
Shadow byte legend (one shadow byte represents 8 application bytes):
  Addressable:           00
  Partially addressable: 01 02 03 04 05 06 07 
  Heap left redzone:       fa
  Freed heap region:       fd
  Stack left redzone:      f1
  Stack mid redzone:       f2
  Stack right redzone:     f3
  Stack after return:      f5
  Stack use after scope:   f8
  Global redzone:          f9
  Global init order:       f6
  Poisoned by user:        f7
  Container overflow:      fc
  Array cookie:            ac
  Intra object redzone:    bb
  ASan internal:           fe
  Left alloca redzone:     ca
  Right alloca redzone:    cb
  Shadow gap:              cc
==13==ABORTING
