INFO: Running with entropic power schedule (0xFF, 100).
INFO: Seed: 2290286657
INFO: Loaded 1 modules   (37244 inline 8-bit counters): 37244 [0xc1587c, 0xc1e9f8), 
INFO: Loaded 1 PC tables (37244 PCs): 37244 [0xb34c28,0xbc63e8), 
/out/compress_fuzzer: Running 1 inputs 1 time(s) each.
Running: /tmp/poc
==13==WARNING: MemorySanitizer: use-of-uninitialized-value
    #0 0x536ce4 in blosc_run_decompression_with_context /src/c-blosc/blosc/blosc.c:1458:64
    #1 0x537484 in blosc_decompress /src/c-blosc/blosc/blosc.c:1556:12
    #2 0x52d224 in LLVMFuzzerTestOneInput /src/c-blosc/tests/fuzz/fuzz_compress.c:54:5
    #3 0x45f943 in fuzzer::Fuzzer::ExecuteCallback(unsigned char const*, unsigned long) (/out/compress_fuzzer+0x45f943)
    #4 0x44b122 in fuzzer::RunOneTest(fuzzer::Fuzzer*, char const*, unsigned long) /src/llvm-project/compiler-rt/lib/fuzzer/FuzzerDriver.cpp:323:6
    #5 0x450dfe in fuzzer::FuzzerDriver(int*, char***, int (*)(unsigned char const*, unsigned long)) (/out/compress_fuzzer+0x450dfe)
    #6 0x47a4f2 in main /src/llvm-project/compiler-rt/lib/fuzzer/FuzzerMain.cpp:20:10
    #7 0x7d57aff6e082 in __libc_start_main (/lib/x86_64-linux-gnu/libc.so.6+0x24082)
    #8 0x4264ed in _start (/out/compress_fuzzer+0x4264ed)

DEDUP_TOKEN: blosc_run_decompression_with_context--blosc_decompress--LLVMFuzzerTestOneInput
  Uninitialized value was stored to memory at
    #0 0x53bd76 in blosc_cbuffer_sizes /src/c-blosc/blosc/blosc.c:2116:11
    #1 0x52d177 in LLVMFuzzerTestOneInput /src/c-blosc/tests/fuzz/fuzz_compress.c:50:3
    #2 0x45f943 in fuzzer::Fuzzer::ExecuteCallback(unsigned char const*, unsigned long) (/out/compress_fuzzer+0x45f943)
    #3 0x44b122 in fuzzer::RunOneTest(fuzzer::Fuzzer*, char const*, unsigned long) /src/llvm-project/compiler-rt/lib/fuzzer/FuzzerDriver.cpp:323:6
    #4 0x450dfe in fuzzer::FuzzerDriver(int*, char***, int (*)(unsigned char const*, unsigned long)) (/out/compress_fuzzer+0x450dfe)
    #5 0x47a4f2 in main /src/llvm-project/compiler-rt/lib/fuzzer/FuzzerMain.cpp:20:10
    #6 0x7d57aff6e082 in __libc_start_main (/lib/x86_64-linux-gnu/libc.so.6+0x24082)

DEDUP_TOKEN: blosc_cbuffer_sizes--LLVMFuzzerTestOneInput--fuzzer::Fuzzer::ExecuteCallback(unsigned char const*, unsigned long)
  Uninitialized value was created by a heap allocation
    #0 0x4dad1d in malloc /src/llvm-project/compiler-rt/lib/msan/msan_interceptors.cpp:901:3
    #1 0x52d044 in LLVMFuzzerTestOneInput /src/c-blosc/tests/fuzz/fuzz_compress.c:40:12
    #2 0x45f943 in fuzzer::Fuzzer::ExecuteCallback(unsigned char const*, unsigned long) (/out/compress_fuzzer+0x45f943)
    #3 0x44b122 in fuzzer::RunOneTest(fuzzer::Fuzzer*, char const*, unsigned long) /src/llvm-project/compiler-rt/lib/fuzzer/FuzzerDriver.cpp:323:6
    #4 0x450dfe in fuzzer::FuzzerDriver(int*, char***, int (*)(unsigned char const*, unsigned long)) (/out/compress_fuzzer+0x450dfe)
    #5 0x47a4f2 in main /src/llvm-project/compiler-rt/lib/fuzzer/FuzzerMain.cpp:20:10
    #6 0x7d57aff6e082 in __libc_start_main (/lib/x86_64-linux-gnu/libc.so.6+0x24082)

DEDUP_TOKEN: malloc--LLVMFuzzerTestOneInput--fuzzer::Fuzzer::ExecuteCallback(unsigned char const*, unsigned long)
SUMMARY: MemorySanitizer: use-of-uninitialized-value /src/c-blosc/blosc/blosc.c:1458:64 in blosc_run_decompression_with_context
Unique heap origins: 29
Stack depot allocated bytes: 1984
Unique origin histories: 5
History depot allocated bytes: 120
Exiting
