INFO: Running with entropic power schedule (0xFF, 100).
INFO: Seed: 2332012044
INFO: Loaded 1 modules   (14540 inline 8-bit counters): 14540 [0x97ef70, 0x98283c), 
INFO: Loaded 1 PC tables (14540 PCs): 14540 [0x6d3890,0x70c550), 
/out/wolfmqtt-fuzzer: Running 1 inputs 1 time(s) each.
Running: /tmp/poc
=================================================================
==13==ERROR: AddressSanitizer: stack-buffer-overflow on address 0x75648ef4ead8 at pc 0x00000056647e bp 0x7ffe0b2e41b0 sp 0x7ffe0b2e41a8
READ of size 8 at 0x75648ef4ead8 thread T0
SCARINESS: 38 (8-byte-read-stack-buffer-overflow)
    #0 0x56647d in MqttClient_DecodePacket /src/wolfmqtt/src/mqtt_client.c:362:36
    #1 0x566ce2 in MqttClient_HandlePacket /src/wolfmqtt/src/mqtt_client.c:559:22
    #2 0x5631dc in MqttClient_WaitType /src/wolfmqtt/src/mqtt_client.c:939:18
    #3 0x5649ce in MqttClient_Subscribe /src/wolfmqtt/src/mqtt_client.c:1741:10
    #4 0x557c45 in wolfMQTTFuzzer::subscribe() /src/wolfmqtt-fuzzers/fuzzer.cpp:247:9
    #5 0x5596f8 in wolfMQTTFuzzer::Run() /src/wolfmqtt-fuzzers/fuzzer.cpp:449:21
    #6 0x559e8e in LLVMFuzzerTestOneInput /src/wolfmqtt-fuzzers/fuzzer.cpp:513:12
    #7 0x458313 in fuzzer::Fuzzer::ExecuteCallback(unsigned char const*, unsigned long) /src/llvm-project/compiler-rt/lib/fuzzer/FuzzerLoop.cpp:599:15
    #8 0x443a52 in fuzzer::RunOneTest(fuzzer::Fuzzer*, char const*, unsigned long) /src/llvm-project/compiler-rt/lib/fuzzer/FuzzerDriver.cpp:323:6
    #9 0x44972e in fuzzer::FuzzerDriver(int*, char***, int (*)(unsigned char const*, unsigned long)) /src/llvm-project/compiler-rt/lib/fuzzer/FuzzerDriver.cpp:856:9
    #10 0x473212 in main /src/llvm-project/compiler-rt/lib/fuzzer/FuzzerMain.cpp:20:10
    #11 0x75648deef83f in __libc_start_main (/lib/x86_64-linux-gnu/libc.so.6+0x2083f)
    #12 0x41eb28 in _start (/out/wolfmqtt-fuzzer+0x41eb28)

DEDUP_TOKEN: MqttClient_DecodePacket--MqttClient_HandlePacket--MqttClient_WaitType
Address 0x75648ef4ead8 is located in stack of thread T0 at offset 216 in frame
    #0 0x557a7f in wolfMQTTFuzzer::subscribe() /src/wolfmqtt-fuzzers/fuzzer.cpp:229

DEDUP_TOKEN: wolfMQTTFuzzer::subscribe()
  This frame has 2 object(s):
    [32, 64) 'topics' (line 235)
    [96, 176) 'subscribe' (line 238) <== Memory access at offset 216 overflows this variable
HINT: this may be a false positive if your program uses some custom stack unwind mechanism, swapcontext or vfork
      (longjmp and C++ exceptions *are* supported)
SUMMARY: AddressSanitizer: stack-buffer-overflow /src/wolfmqtt/src/mqtt_client.c:362:36 in MqttClient_DecodePacket
Shadow bytes around the buggy address:
  0x0ead11de1d00: f5 f5 f5 f5 f5 f5 f5 f5 f5 f5 f5 f5 f5 f5 f5 f5
  0x0ead11de1d10: f5 f5 f5 f5 f5 f5 f5 f5 f5 f5 f5 f5 f5 f5 f5 f5
  0x0ead11de1d20: f5 f5 f5 f5 f5 f5 f5 f5 f5 f5 f5 f5 f5 f5 f5 f5
  0x0ead11de1d30: f5 f5 f5 f5 f5 f5 f5 f5 f5 f5 f5 f5 f5 f5 f5 f5
  0x0ead11de1d40: f1 f1 f1 f1 00 00 00 00 f2 f2 f2 f2 00 00 00 00
=>0x0ead11de1d50: 00 00 00 00 00 00 f3 f3 f3 f3 f3[f3]00 00 00 00
  0x0ead11de1d60: f1 f1 f1 f1 04 f2 04 f2 02 f2 f8 f8 f8 f3 f3 f3
  0x0ead11de1d70: f3 f3 f3 f3 00 00 00 00 00 00 00 00 00 00 00 00
  0x0ead11de1d80: 00 00 00 00 00 00 00 00 00 00 00 00 00 00 00 00
  0x0ead11de1d90: 00 00 00 00 00 00 00 00 00 00 00 00 00 00 00 00
  0x0ead11de1da0: 00 00 00 00 00 00 00 00 00 00 00 00 00 00 00 00
Shadow byte legend (one shadow byte represents 8 application bytes):
  Addressable:           00
  Partially addressable: 01 02 03 04 05 06 07 
  Heap left redzone:       fa
  Freed heap region:       fd
  Stack left redzone:      f1
  Stack mid redzone:       f2
  Stack right redzone:     f3
  Stack after return:      f5
  Stack use after scope:   f8
  Global redzone:          f9
  Global init order:       f6
  Poisoned by user:        f7
  Container overflow:      fc
  Array cookie:            ac
  Intra object redzone:    bb
  ASan internal:           fe
  Left alloca redzone:     ca
  Right alloca redzone:    cb
  Shadow gap:              cc
==13==ABORTING
