INFO: Running with entropic power schedule (0xFF, 100).
INFO: Seed: 2262585041
INFO: Loaded 1 modules   (12068 inline 8-bit counters): 12068 [0x5b98f0, 0x5bc814), 
INFO: Loaded 1 PC tables (12068 PCs): 12068 [0x5bc818,0x5eba58), 
/out/FuzzASN1: Running 1 inputs 1 time(s) each.
Running: /tmp/poc
/src/serenity/Meta/Lagom/../../AK/Format.h:244:30: runtime error: member call on address 0x7ffed8d8d0f8 with insufficient space for an object of type 'AK::Array<AK::TypeErasedParameter, 0>'
0x7ffed8d8d0f8: note: pointer points here
 00 00 00 00  26 00 00 00 14 00 00 00  02 00 00 00 00 7f 00 17  00 00 00 00 00 00 00 00  68 d1 d8 d8
              ^ 
    #0 0x4f6e17 in AK::VariadicFormatParams<>::VariadicFormatParams() /src/serenity/Meta/Lagom/../../AK/Format.h:244:30
    #1 0x4f6e17 in void AK::dbgln<>(AK::Format::Detail::CheckedFormatString<>&&) /src/serenity/Meta/Lagom/../../AK/Format.h:528:26
    #2 0x4f6e17 in Crypto::ASN1::parse_utc_time(AK::StringView const&) /src/serenity/Userland/Libraries/LibCrypto/ASN1/ASN1.cpp:118:9
    #3 0x4b8ff4 in TLS::Certificate::parse_asn1(AK::Span<unsigned char const>, bool)::$_2::operator()(Core::DateTime&) const /src/serenity/Userland/Libraries/LibTLS/Certificate.cpp:251:31
    #4 0x4b3e9c in TLS::Certificate::parse_asn1(AK::Span<unsigned char const>, bool) /src/serenity/Userland/Libraries/LibTLS/Certificate.cpp:275:14
    #5 0x4b2885 in LLVMFuzzerTestOneInput /src/serenity/Meta/Lagom/Fuzzers/FuzzASN1.cpp:13:11
    #6 0x43ef43 in fuzzer::Fuzzer::ExecuteCallback(unsigned char const*, unsigned long) cxa_noexception.cpp
    #7 0x42a8a2 in fuzzer::RunOneTest(fuzzer::Fuzzer*, char const*, unsigned long) /src/llvm-project/compiler-rt/lib/fuzzer/FuzzerDriver.cpp:324:6
    #8 0x43031d in fuzzer::FuzzerDriver(int*, char***, int (*)(unsigned char const*, unsigned long)) cxa_noexception.cpp
    #9 0x459292 in main /src/llvm-project/compiler-rt/lib/fuzzer/FuzzerMain.cpp:20:10
    #10 0x72a79c8e6082 in __libc_start_main (/lib/x86_64-linux-gnu/libc.so.6+0x24082)
    #11 0x407aad in _start (/out/FuzzASN1+0x407aad)

DEDUP_TOKEN: AK::VariadicFormatParams<>::VariadicFormatParams()--void AK::dbgln<>(AK::Format::Detail::CheckedFormatString<>&&)--Crypto::ASN1::parse_utc_time(AK::StringView const&)
SUMMARY: UndefinedBehaviorSanitizer: undefined-behavior /src/serenity/Meta/Lagom/../../AK/Format.h:244:30 in 
