AddressSanitizer:DEADLYSIGNAL
=================================================================
==12==ERROR: AddressSanitizer: SEGV on unknown address 0x14e060172018 (pc 0x0000004ff9d0 bp 0x7ffe5bb90f70 sp 0x7ffe5bb90f70 T0)
==12==The signal is caused by a READ memory access.
SCARINESS: 20 (wild-addr-read)
    #0 0x4ff9d0 in MqttProps_Free /src/wolfmqtt/src/mqtt_packet.c:1814:20
    #1 0x4f51aa in MqttClient_DecodePacket /src/wolfmqtt/src/mqtt_client.c:515:9
    #2 0x4f56c7 in MqttClient_HandlePacket /src/wolfmqtt/src/mqtt_client.c
    #3 0x4f0a17 in MqttClient_WaitType /src/wolfmqtt/src/mqtt_client.c:944:18
    #4 0x4f2632 in MqttClient_Subscribe /src/wolfmqtt/src/mqtt_client.c:1753:10
    #5 0x4dadaa in wolfMQTTFuzzer::subscribe() /src/wolfmqtt-fuzzers/fuzzer.cpp:250:9
    #6 0x4dd6c6 in wolfMQTTFuzzer::Run() /src/wolfmqtt-fuzzers/fuzzer.cpp:477:21
    #7 0x4ddf92 in LLVMFuzzerTestOneInput /src/wolfmqtt-fuzzers/fuzzer.cpp:541:12
    #8 0x6711c5 in ExecuteFilesOnyByOne /src/aflplusplus/utils/aflpp_driver/aflpp_driver.c:191:7
    #9 0x671035 in main /src/aflplusplus/utils/aflpp_driver/aflpp_driver.c
    #10 0x7b619063c082 in __libc_start_main (/lib/x86_64-linux-gnu/libc.so.6+0x24082)
    #11 0x41e63d in _start (/out/wolfmqtt-fuzzer+0x41e63d)

DEDUP_TOKEN: MqttProps_Free--MqttClient_DecodePacket--MqttClient_HandlePacket
AddressSanitizer can not provide additional info.
SUMMARY: AddressSanitizer: SEGV /src/wolfmqtt/src/mqtt_packet.c:1814:20 in MqttProps_Free
==12==ABORTING
