Accepting input from '/tmp/poc'
Usage for fuzzing: honggfuzz -P [flags] -- /out/php-fuzz-function-jit
AddressSanitizer:DEADLYSIGNAL
=================================================================
==13==ERROR: AddressSanitizer: SEGV on unknown address 0x100099966e9f (pc 0x00000129db44 bp 0x7ffcccb77690 sp 0x7ffcccb774e0 T0)
==13==The signal is caused by a READ memory access.
SCARINESS: 20 (wild-addr-read)
    #0 0x129db44 in zend_ssa_remove_nops /src/php-src/Zend/Optimizer/dfa_pass.c:244:20
    #1 0x12909fb in zend_dfa_optimize_op_array /src/php-src/Zend/Optimizer/dfa_pass.c:1644:4
    #2 0x122738d in zend_optimize_script /src/php-src/Zend/Optimizer/zend_optimizer.c:1482:5
    #3 0x7af7edb09078 in cache_script_in_shared_memory /src/php-src/ext/opcache/ZendAccelerator.c:1490:2
    #4 0x7af7edb07cc1 in persistent_compile_file /src/php-src/ext/opcache/ZendAccelerator.c:2163:24
    #5 0x134fc9b in fuzzer_do_request_from_buffer /src/php-src/sapi/fuzzer/fuzzer-sapi.c:272:29
    #6 0x134e307 in LLVMFuzzerTestOneInput /src/php-src/sapi/fuzzer/fuzzer-function-jit.c:34:2
    #7 0x13fedeb in main (/out/php-fuzz-function-jit+0x13fedeb)
    #8 0x7af7eef97082 in __libc_start_main (/lib/x86_64-linux-gnu/libc.so.6+0x24082)
    #9 0x60129d in _start (/out/php-fuzz-function-jit+0x60129d)

DEDUP_TOKEN: zend_ssa_remove_nops--zend_dfa_optimize_op_array--zend_optimize_script
AddressSanitizer can not provide additional info.
SUMMARY: AddressSanitizer: SEGV /src/php-src/Zend/Optimizer/dfa_pass.c:244:20 in zend_ssa_remove_nops
==13==ABORTING
