INFO: Running with entropic power schedule (0xFF, 100).
INFO: Seed: 2193821713
INFO: Loaded 3 modules   (13211 inline 8-bit counters): 12650 [0x7cebb08a7f68, 0x7cebb08ab0d2), 515 [0x7cebb0399d60, 0x7cebb0399f63), 46 [0x5b0650, 0x5b067e), 
INFO: Loaded 3 PC tables (13211 PCs): 12650 [0x7cebb08ab0d8,0x7cebb08dc778), 515 [0x7cebb0399f68,0x7cebb039bf98), 46 [0x5b0680,0x5b0960), 
/out/fuzzer_tacacs: Running 1 inputs 1 time(s) each.
Running: /tmp/poc
=================================================================
==13==ERROR: AddressSanitizer: global-buffer-overflow on address 0x7cebb07435ff at pc 0x7cebb04f649f bp 0x7ffdd4452070 sp 0x7ffdd4452068
READ of size 1 at 0x7cebb07435ff thread T0
SCARINESS: 12 (1-byte-read-global-buffer-overflow)
    #0 0x7cebb04f649e in fr_is_base16_nstd /src/freeradius-server/src/freeradius-devel/util/base16.h:53:9
    #1 0x7cebb04f5e98 in fr_base16_decode_nstd /src/freeradius-server/src/lib/util/base16.c:155:7
    #2 0x7cebb05db406 in fr_value_box_from_str /src/freeradius-server/src/lib/util/value.c:4529:7
    #3 0x7cebb057518c in fr_pair_value_from_str /src/freeradius-server/src/lib/util/pair.c:1649:6
    #4 0x7cebb0379f6d in tacacs_decode_args /src/freeradius-server/src/protocols/tacacs/decode.c:162:7
    #5 0x7cebb037736a in fr_tacacs_decode /src/freeradius-server/src/protocols/tacacs/decode.c:620:8
    #6 0x7cebb037a345 in fr_tacacs_decode_proto /src/freeradius-server/src/protocols/tacacs/decode.c:741:9
    #7 0x553272 in LLVMFuzzerTestOneInput /src/freeradius-server/src/bin/fuzzer.c:217:2
    #8 0x458c13 in fuzzer::Fuzzer::ExecuteCallback(unsigned char const*, unsigned long) (/out/fuzzer_tacacs+0x458c13)
    #9 0x4443f2 in fuzzer::RunOneTest(fuzzer::Fuzzer*, char const*, unsigned long) /src/llvm-project/compiler-rt/lib/fuzzer/FuzzerDriver.cpp:323:6
    #10 0x44a0ce in fuzzer::FuzzerDriver(int*, char***, int (*)(unsigned char const*, unsigned long)) (/out/fuzzer_tacacs+0x44a0ce)
    #11 0x4737c2 in main /src/llvm-project/compiler-rt/lib/fuzzer/FuzzerMain.cpp:20:10
    #12 0x7cebafd99082 in __libc_start_main (/lib/x86_64-linux-gnu/libc.so.6+0x24082)
    #13 0x41f7bd in _start (/out/fuzzer_tacacs+0x41f7bd)

DEDUP_TOKEN: fr_is_base16_nstd--fr_base16_decode_nstd--fr_value_box_from_str
0x7cebb07435ff is located 33 bytes to the left of global variable '<string literal>' defined in 'src/freeradius-devel/util/dbuff.h:1247:2' (0x7cebb0743620) of size 34
  '<string literal>' is ascii string 'src/freeradius-devel/util/dbuff.h'
0x7cebb07435ff is located 0 bytes to the right of global variable 'fr_base16_alphabet_decode_mc' defined in 'src/lib/util/base16.c:75:15' (0x7cebb0743500) of size 255
SUMMARY: AddressSanitizer: global-buffer-overflow /src/freeradius-server/src/freeradius-devel/util/base16.h:53:9 in fr_is_base16_nstd
Shadow bytes around the buggy address:
  0x0f9df60e0660: 00 00 00 00 00 00 00 00 00 00 00 00 00 00 00 00
  0x0f9df60e0670: 00 00 00 00 00 00 00 07 f9 f9 f9 f9 00 00 00 00
  0x0f9df60e0680: 00 00 00 00 00 00 00 00 00 00 00 00 00 00 00 00
  0x0f9df60e0690: 00 00 00 00 00 00 00 00 00 00 00 07 f9 f9 f9 f9
  0x0f9df60e06a0: 00 00 00 00 00 00 00 00 00 00 00 00 00 00 00 00
=>0x0f9df60e06b0: 00 00 00 00 00 00 00 00 00 00 00 00 00 00 00[07]
  0x0f9df60e06c0: f9 f9 f9 f9 00 00 00 00 02 f9 f9 f9 f9 f9 f9 f9
  0x0f9df60e06d0: 00 07 f9 f9 f9 f9 f9 f9 00 00 00 00 00 00 00 00
  0x0f9df60e06e0: 00 00 00 00 00 00 00 00 00 00 00 00 00 00 00 00
  0x0f9df60e06f0: 00 00 00 00 00 00 00 00 00 00 00 00 00 00 00 00
  0x0f9df60e0700: 00 00 00 00 00 00 00 00 00 00 00 00 00 00 00 00
Shadow byte legend (one shadow byte represents 8 application bytes):
  Addressable:           00
  Partially addressable: 01 02 03 04 05 06 07 
  Heap left redzone:       fa
  Freed heap region:       fd
  Stack left redzone:      f1
  Stack mid redzone:       f2
  Stack right redzone:     f3
  Stack after return:      f5
  Stack use after scope:   f8
  Global redzone:          f9
  Global init order:       f6
  Poisoned by user:        f7
  Container overflow:      fc
  Array cookie:            ac
  Intra object redzone:    bb
  ASan internal:           fe
  Left alloca redzone:     ca
  Right alloca redzone:    cb
  Shadow gap:              cc
==13==ABORTING
