INFO: Running with entropic power schedule (0xFF, 100).
INFO: Seed: 2263910346
INFO: Loaded 1 modules   (39803 inline 8-bit counters): 39803 [0xbc1740, 0xbcb2bb), 
INFO: Loaded 1 PC tables (39803 PCs): 39803 [0xa38e88,0xad4638), 
/out/fuzz_msg_parser: Running 1 inputs 1 time(s) each.
Running: /tmp/poc
=================================================================
==13==ERROR: AddressSanitizer: heap-buffer-overflow on address 0x603000000111 at pc 0x0000005846ea bp 0x7ffe2e838d20 sp 0x7ffe2e838d18
READ of size 1 at 0x603000000111 thread T0
SCARINESS: 12 (1-byte-read-heap-buffer-overflow)
    #0 0x5846e9 in parse_hname2 /src/opensips/parser/parse_hname2.c:251:9
    #1 0x55edcd in get_hdr_field /src/opensips/parser/msg_parser.c:88:6
    #2 0x562265 in parse_headers /src/opensips/parser/msg_parser.c:323:8
    #3 0x567a8f in parse_msg /src/opensips/parser/msg_parser.c:748:6
    #4 0x55b957 in LLVMFuzzerTestOneInput /src/opensips/parser/fuzz_msg_parser.c:38:3
    #5 0x456e53 in fuzzer::Fuzzer::ExecuteCallback(unsigned char const*, unsigned long) cxa_noexception.cpp
    #6 0x442702 in fuzzer::RunOneTest(fuzzer::Fuzzer*, char const*, unsigned long) /src/llvm-project/compiler-rt/lib/fuzzer/FuzzerDriver.cpp:324:6
    #7 0x4481b5 in fuzzer::FuzzerDriver(int*, char***, int (*)(unsigned char const*, unsigned long)) cxa_noexception.cpp
    #8 0x470eb2 in main /src/llvm-project/compiler-rt/lib/fuzzer/FuzzerMain.cpp:20:10
    #9 0x7d0d4128c082 in __libc_start_main (/lib/x86_64-linux-gnu/libc.so.6+0x24082)
    #10 0x41f9bd in _start (/out/fuzz_msg_parser+0x41f9bd)

DEDUP_TOKEN: parse_hname2--get_hdr_field--parse_headers
0x603000000111 is located 0 bytes to the right of 17-byte region [0x603000000100,0x603000000111)
allocated by thread T0 here:
    #0 0x524f4d in malloc /src/llvm-project/compiler-rt/lib/asan/asan_malloc_linux.cpp:129:3
    #1 0x438747 in operator new(unsigned long) cxa_noexception.cpp
    #2 0x442702 in fuzzer::RunOneTest(fuzzer::Fuzzer*, char const*, unsigned long) /src/llvm-project/compiler-rt/lib/fuzzer/FuzzerDriver.cpp:324:6
    #3 0x4481b5 in fuzzer::FuzzerDriver(int*, char***, int (*)(unsigned char const*, unsigned long)) cxa_noexception.cpp
    #4 0x470eb2 in main /src/llvm-project/compiler-rt/lib/fuzzer/FuzzerMain.cpp:20:10
    #5 0x7d0d4128c082 in __libc_start_main (/lib/x86_64-linux-gnu/libc.so.6+0x24082)

DEDUP_TOKEN: malloc--operator new(unsigned long)--fuzzer::RunOneTest(fuzzer::Fuzzer*, char const*, unsigned long)
SUMMARY: AddressSanitizer: heap-buffer-overflow /src/opensips/parser/parse_hname2.c:251:9 in parse_hname2
Shadow bytes around the buggy address:
  0x0c067fff7fd0: 00 00 00 00 00 00 00 00 00 00 00 00 00 00 00 00
  0x0c067fff7fe0: 00 00 00 00 00 00 00 00 00 00 00 00 00 00 00 00
  0x0c067fff7ff0: 00 00 00 00 00 00 00 00 00 00 00 00 00 00 00 00
  0x0c067fff8000: fa fa 00 00 00 fa fa fa 00 00 00 fa fa fa 00 00
  0x0c067fff8010: 00 fa fa fa 00 00 00 00 fa fa 00 00 01 fa fa fa
=>0x0c067fff8020: 00 00[01]fa fa fa fa fa fa fa fa fa fa fa fa fa
  0x0c067fff8030: fa fa fa fa fa fa fa fa fa fa fa fa fa fa fa fa
  0x0c067fff8040: fa fa fa fa fa fa fa fa fa fa fa fa fa fa fa fa
  0x0c067fff8050: fa fa fa fa fa fa fa fa fa fa fa fa fa fa fa fa
  0x0c067fff8060: fa fa fa fa fa fa fa fa fa fa fa fa fa fa fa fa
  0x0c067fff8070: fa fa fa fa fa fa fa fa fa fa fa fa fa fa fa fa
Shadow byte legend (one shadow byte represents 8 application bytes):
  Addressable:           00
  Partially addressable: 01 02 03 04 05 06 07 
  Heap left redzone:       fa
  Freed heap region:       fd
  Stack left redzone:      f1
  Stack mid redzone:       f2
  Stack right redzone:     f3
  Stack after return:      f5
  Stack use after scope:   f8
  Global redzone:          f9
  Global init order:       f6
  Poisoned by user:        f7
  Container overflow:      fc
  Array cookie:            ac
  Intra object redzone:    bb
  ASan internal:           fe
  Left alloca redzone:     ca
  Right alloca redzone:    cb
==13==ABORTING
