INFO: Running with entropic power schedule (0xFF, 100).
INFO: Seed: 2218066857
INFO: Loaded 1 modules   (226629 inline 8-bit counters): 226629 [0x1f1f970, 0x1f56eb5), 
INFO: Loaded 1 PC tables (226629 PCs): 226629 [0x1f56eb8,0x22cc308), 
/out/encoder_ttf_fuzzer: Running 1 inputs 1 time(s) each.
Running: /tmp/poc
=================================================================
==12==ERROR: AddressSanitizer: unknown-crash on address 0x7f6d78fe7000 at pc 0x0000007a40a7 bp 0x7fff903d0eb0 sp 0x7fff903d0678
READ of size 4333 at 0x7f6d78fe7000 thread T0
SCARINESS: 16 (multi-byte-read-unknown-crash)
    #0 0x7a40a6 in __asan_memcpy /src/llvm-project/compiler-rt/lib/asan/asan_interceptors_memintrinsics.cpp:22:3
    #1 0x184b5da in parse_charstrings /src/freetype2/src/type1/t1load.c:2073:11
    #2 0x1847166 in t1_load_keyword /src/freetype2/src/type1/t1load.c:1218:7
    #3 0x184611d in parse_dict /src/freetype2/src/type1/t1load.c:2429:38
    #4 0x18334d4 in T1_Open_Face /src/freetype2/src/type1/t1load.c:2532:13
    #5 0x18334d4 in T1_Face_Init /src/freetype2/src/type1/t1objs.c:349:13
    #6 0x17dbbd5 in open_face /src/freetype2/src/base/ftobjs.c:1465:15
    #7 0x17ba99e in ft_open_face_internal /src/freetype2/src/base/ftobjs.c:2537:19
    #8 0x17bd056 in FT_Open_Face /src/freetype2/src/base/ftobjs.c:2428:12
    #9 0x92cde9 in RenderFreetype /src/imagemagick/MagickCore/annotate.c:1455:13
    #10 0x926c8b in RenderType /src/imagemagick/MagickCore/annotate.c
    #11 0x9260f8 in GetTypeMetrics /src/imagemagick/MagickCore/annotate.c:919:10
    #12 0xa06f66 in RenderMVGContent /src/imagemagick/MagickCore/draw.c:4351:17
    #13 0x9feb34 in DrawImage /src/imagemagick/MagickCore/draw.c:4473:10
    #14 0xf08a16 in ReadTTFImage /src/imagemagick/coders/ttf.c:289:10
    #15 0x9c01e4 in ReadImage /src/imagemagick/MagickCore/constitute.c:563:15
    #16 0x9440e2 in BlobToImage /src/imagemagick/MagickCore/blob.c:475:13
    #17 0x815a11 in Magick::Image::read(Magick::Blob const&) /src/imagemagick/Magick++/lib/Image.cpp:4041:12
    #18 0x7df9ba in LLVMFuzzerTestOneInput /src/imagemagick/Magick++/fuzz/encoder_fuzzer.cc:50:11
    #19 0x6d6a13 in fuzzer::Fuzzer::ExecuteCallback(unsigned char const*, unsigned long) cxa_noexception.cpp
    #20 0x6c1672 in fuzzer::RunOneTest(fuzzer::Fuzzer*, char const*, unsigned long) /src/llvm-project/compiler-rt/lib/fuzzer/FuzzerDriver.cpp:324:6
    #21 0x6c7125 in fuzzer::FuzzerDriver(int*, char***, int (*)(unsigned char const*, unsigned long)) cxa_noexception.cpp
    #22 0x6f0a72 in main /src/llvm-project/compiler-rt/lib/fuzzer/FuzzerMain.cpp:20:10
    #23 0x7f6d79156082 in __libc_start_main (/lib/x86_64-linux-gnu/libc.so.6+0x24082)
    #24 0x69e92d in _start (/out/encoder_ttf_fuzzer+0x69e92d)

DEDUP_TOKEN: __asan_memcpy--parse_charstrings--t1_load_keyword
Address 0x7f6d78fe7000 is a wild pointer inside of access range of size 0x0000000010ed.
SUMMARY: AddressSanitizer: unknown-crash /src/llvm-project/compiler-rt/lib/asan/asan_interceptors_memintrinsics.cpp:22:3 in __asan_memcpy
Shadow bytes around the buggy address:
  0x0fee2f1f4db0: 00 00 00 00 00 00 00 00 00 00 00 00 00 00 00 00
  0x0fee2f1f4dc0: 00 00 00 00 00 00 00 00 00 00 00 00 00 00 00 00
  0x0fee2f1f4dd0: 00 00 00 00 00 00 00 00 00 00 00 00 00 00 00 00
  0x0fee2f1f4de0: 00 00 00 00 00 00 00 00 00 00 00 00 00 00 00 00
  0x0fee2f1f4df0: 00 00 00 00 00 00 00 00 00 00 00 00 00 00 00 00
=>0x0fee2f1f4e00:[fe]fe fe fe fe fe fe fe fe fe fe fe fe fe fe fe
  0x0fee2f1f4e10: fe fe fe fe fe fe fe fe fe fe fe fe fe fe fe fe
  0x0fee2f1f4e20: fe fe fe fe fe fe fe fe fe fe fe fe fe fe fe fe
  0x0fee2f1f4e30: fe fe fe fe fe fe fe fe fe fe fe fe fe fe fe fe
  0x0fee2f1f4e40: fe fe fe fe fe fe fe fe fe fe fe fe fe fe fe fe
  0x0fee2f1f4e50: fe fe fe fe fe fe fe fe fe fe fe fe fe fe fe fe
Shadow byte legend (one shadow byte represents 8 application bytes):
  Addressable:           00
  Partially addressable: 01 02 03 04 05 06 07 
  Heap left redzone:       fa
  Freed heap region:       fd
  Stack left redzone:      f1
  Stack mid redzone:       f2
  Stack right redzone:     f3
  Stack after return:      f5
  Stack use after scope:   f8
  Global redzone:          f9
  Global init order:       f6
  Poisoned by user:        f7
  Container overflow:      fc
  Array cookie:            ac
  Intra object redzone:    bb
  ASan internal:           fe
  Left alloca redzone:     ca
  Right alloca redzone:    cb
==12==ABORTING
