INFO: Running with entropic power schedule (0xFF, 100).
INFO: Seed: 2306060279
INFO: Loaded 2 modules   (16366 inline 8-bit counters): 16319 [0x7ead55066de8, 0x7ead5506ada7), 47 [0x5bb650, 0x5bb67f), 
INFO: Loaded 2 PC tables (16366 PCs): 16319 [0x7ead5506ada8,0x7ead550aa998), 47 [0x5bb680,0x5bb970), 
/out/fuzzer_util: Running 1 inputs 1 time(s) each.
Running: /tmp/poc
=================================================================
==13==ERROR: AddressSanitizer: global-buffer-overflow on address 0x7ead54f125bf at pc 0x7ead54c7b28a bp 0x7ffc67912db0 sp 0x7ffc67912da8
READ of size 1 at 0x7ead54f125bf thread T0
SCARINESS: 12 (1-byte-read-global-buffer-overflow)
    #0 0x7ead54c7b289 in fr_is_base16_nstd /src/freeradius-server/src/freeradius-devel/util/base16.h:53:9
    #1 0x7ead54c7b289 in fr_base16_decode_nstd /src/freeradius-server/src/lib/util/base16.c:155:7
    #2 0x7ead54d9bb9e in fr_value_box_from_str /src/freeradius-server/src/lib/util/value.c:4477:7
    #3 0x7ead54dadf09 in util_decode_proto /src/freeradius-server/src/lib/util/fuzzer.c:76:10
    #4 0x55c597 in LLVMFuzzerTestOneInput /src/freeradius-server/src/bin/fuzzer.c:217:2
    #5 0x456c53 in fuzzer::Fuzzer::ExecuteCallback(unsigned char const*, unsigned long) cxa_noexception.cpp
    #6 0x442502 in fuzzer::RunOneTest(fuzzer::Fuzzer*, char const*, unsigned long) /src/llvm-project/compiler-rt/lib/fuzzer/FuzzerDriver.cpp:324:6
    #7 0x447fb5 in fuzzer::FuzzerDriver(int*, char***, int (*)(unsigned char const*, unsigned long)) cxa_noexception.cpp
    #8 0x470ca2 in main /src/llvm-project/compiler-rt/lib/fuzzer/FuzzerMain.cpp:20:10
    #9 0x7ead54542082 in __libc_start_main (/lib/x86_64-linux-gnu/libc.so.6+0x24082)
    #10 0x41f79d in _start (/out/fuzzer_util+0x41f79d)

DEDUP_TOKEN: fr_is_base16_nstd--fr_base16_decode_nstd--fr_value_box_from_str
0x7ead54f125bf is located 33 bytes to the left of global variable '<string literal>' defined in 'src/freeradius-devel/util/dbuff.h:1247:2' (0x7ead54f125e0) of size 34
  '<string literal>' is ascii string 'src/freeradius-devel/util/dbuff.h'
0x7ead54f125bf is located 0 bytes to the right of global variable 'fr_base16_alphabet_decode_mc' defined in 'src/lib/util/base16.c:75:15' (0x7ead54f124c0) of size 255
SUMMARY: AddressSanitizer: global-buffer-overflow /src/freeradius-server/src/freeradius-devel/util/base16.h:53:9 in fr_is_base16_nstd
Shadow bytes around the buggy address:
  0x0fd62a9da460: 00 00 00 00 00 00 00 00 00 00 00 00 00 00 00 07
  0x0fd62a9da470: f9 f9 f9 f9 00 00 00 00 00 00 00 00 00 00 00 00
  0x0fd62a9da480: 00 00 00 00 00 00 00 00 00 00 00 00 00 00 00 00
  0x0fd62a9da490: 00 00 00 07 f9 f9 f9 f9 00 00 00 00 00 00 00 00
  0x0fd62a9da4a0: 00 00 00 00 00 00 00 00 00 00 00 00 00 00 00 00
=>0x0fd62a9da4b0: 00 00 00 00 00 00 00[07]f9 f9 f9 f9 00 00 00 00
  0x0fd62a9da4c0: 02 f9 f9 f9 f9 f9 f9 f9 00 07 f9 f9 00 00 00 00
  0x0fd62a9da4d0: 00 00 00 00 00 00 00 00 00 00 00 00 00 00 00 00
  0x0fd62a9da4e0: 00 00 00 00 00 00 00 00 00 00 00 00 00 00 00 00
  0x0fd62a9da4f0: 00 00 00 00 00 00 00 00 00 00 00 00 00 00 00 00
  0x0fd62a9da500: 00 00 00 00 00 00 00 00 00 00 00 00 00 00 00 00
Shadow byte legend (one shadow byte represents 8 application bytes):
  Addressable:           00
  Partially addressable: 01 02 03 04 05 06 07 
  Heap left redzone:       fa
  Freed heap region:       fd
  Stack left redzone:      f1
  Stack mid redzone:       f2
  Stack right redzone:     f3
  Stack after return:      f5
  Stack use after scope:   f8
  Global redzone:          f9
  Global init order:       f6
  Poisoned by user:        f7
  Container overflow:      fc
  Array cookie:            ac
  Intra object redzone:    bb
  ASan internal:           fe
  Left alloca redzone:     ca
  Right alloca redzone:    cb
==13==ABORTING
