INFO: Running with entropic power schedule (0xFF, 100).
INFO: Seed: 2242714171
INFO: Loaded 2 modules   (174648 inline 8-bit counters): 142019 [0x1b5a9e0, 0x1b7d4a3), 32629 [0x70025f16b860, 0x70025f1737d5), 
INFO: Loaded 2 PC tables (174648 PCs): 142019 [0x1b7d4a8,0x1da80d8), 32629 [0x70025f1737d8,0x70025f1f2f28), 
/out/php-fuzz-tracing-jit: Running 1 inputs 1 time(s) each.
Running: /tmp/poc
AddressSanitizer:DEADLYSIGNAL
=================================================================
==13==ERROR: AddressSanitizer: SEGV on unknown address (pc 0x70025f0cdc9b bp 0x7fffc3d125d0 sp 0x7fffc3d123a0 T0)
==13==The signal is caused by a READ memory access.
==13==Hint: this fault was caused by a dereference of a high value address (see register values below).  Disassemble the provided pc to learn which register was used.
SCARINESS: 20 (wild-addr-read)
    #0 0x70025f0cdc9b in zend_jit_trace_execute /src/php-src/ext/opcache/jit/zend_jit_vm_helpers.c:691:11
    #1 0x70025ef2d5b2 in zend_jit_trace_hot_root /src/php-src/ext/opcache/jit/zend_jit_trace.c:7305:9
    #2 0x70025f0ccaff in zend_jit_trace_counter_helper /src/php-src/ext/opcache/jit/zend_jit_vm_helpers.c:320:7
    #3 0x70025f0ccaff in zend_jit_func_trace_helper /src/php-src/ext/opcache/jit/zend_jit_vm_helpers.c:343:2
    #4 0xf0a17a in execute_ex /src/php-src/Zend/zend_vm_execute.h:54424:7
    #5 0xf0a8db in zend_execute /src/php-src/Zend/zend_vm_execute.h:58977:2
    #6 0x12e1d3d in fuzzer_do_request_from_buffer /src/php-src/sapi/fuzzer/fuzzer-sapi.c:276:5
    #7 0x12e0401 in LLVMFuzzerTestOneInput /src/php-src/sapi/fuzzer/fuzzer-tracing-jit.c:43:3
    #8 0x639873 in fuzzer::Fuzzer::ExecuteCallback(unsigned char const*, unsigned long) cxa_noexception.cpp
    #9 0x625122 in fuzzer::RunOneTest(fuzzer::Fuzzer*, char const*, unsigned long) /src/llvm-project/compiler-rt/lib/fuzzer/FuzzerDriver.cpp:324:6
    #10 0x62abd5 in fuzzer::FuzzerDriver(int*, char***, int (*)(unsigned char const*, unsigned long)) cxa_noexception.cpp
    #11 0x6538d2 in main /src/llvm-project/compiler-rt/lib/fuzzer/FuzzerMain.cpp:20:10
    #12 0x700260453082 in __libc_start_main (/lib/x86_64-linux-gnu/libc.so.6+0x24082)
    #13 0x6023bd in _start (/out/php-fuzz-tracing-jit+0x6023bd)

DEDUP_TOKEN: zend_jit_trace_execute--zend_jit_trace_hot_root--zend_jit_trace_counter_helper
AddressSanitizer can not provide additional info.
SUMMARY: AddressSanitizer: SEGV /src/php-src/ext/opcache/jit/zend_jit_vm_helpers.c:691:11 in zend_jit_trace_execute
==13==ABORTING
