INFO: Running with entropic power schedule (0xFF, 100).
INFO: Seed: 2315895961
INFO: Loaded 1 modules   (9128 inline 8-bit counters): 9128 [0x6e7490, 0x6e9838), 
INFO: Loaded 1 PC tables (9128 PCs): 9128 [0x669450,0x68ced0), 
/out/bpf-object-fuzzer: Running 1 inputs 1 time(s) each.
Running: /tmp/poc
=================================================================
==13==ERROR: AddressSanitizer: global-buffer-overflow on address 0x00000064bb2c at pc 0x0000005241a7 bp 0x7ffe27025300 sp 0x7ffe27024ac8
READ of size 538976288 at 0x00000064bb2c thread T0
SCARINESS: 26 (multi-byte-read-global-buffer-overflow)
    #0 0x5241a6 in __asan_memcpy /src/llvm-project/compiler-rt/lib/asan/asan_interceptors_memintrinsics.cpp:22:3
    #1 0x5e6904 in btf_new /src/libbpf/src/btf.c:854:2
    #2 0x5e6645 in btf__new /src/libbpf/src/btf.c:881:20
    #3 0x5a1f1c in bpf_object__init_btf /src/libbpf/src/libbpf.c:2669:14
    #4 0x570961 in bpf_object__elf_collect /src/libbpf/src/libbpf.c:3324:9
    #5 0x570961 in __bpf_object__open /src/libbpf/src/libbpf.c:6793:16
    #6 0x575ece in bpf_object__open_mem /src/libbpf/src/libbpf.c:6858:20
    #7 0x55dc23 in LLVMFuzzerTestOneInput /src/bpf-object-fuzzer.c:33:8
    #8 0x456c83 in fuzzer::Fuzzer::ExecuteCallback(unsigned char const*, unsigned long) cxa_noexception.cpp
    #9 0x442532 in fuzzer::RunOneTest(fuzzer::Fuzzer*, char const*, unsigned long) /src/llvm-project/compiler-rt/lib/fuzzer/FuzzerDriver.cpp:324:6
    #10 0x447fe5 in fuzzer::FuzzerDriver(int*, char***, int (*)(unsigned char const*, unsigned long)) cxa_noexception.cpp
    #11 0x470ce2 in main /src/llvm-project/compiler-rt/lib/fuzzer/FuzzerMain.cpp:20:10
    #12 0x79c7102f3082 in __libc_start_main (/lib/x86_64-linux-gnu/libc.so.6+0x24082)
    #13 0x41f7cd in _start (/out/bpf-object-fuzzer+0x41f7cd)

DEDUP_TOKEN: __asan_memcpy--btf_new--btf__new
0x00000064bb2c is located 0 bytes to the right of global variable '<string literal>' defined in '/src/bpf-object-fuzzer.c:32:21' (0x64bb20) of size 12
  '<string literal>' is ascii string 'fuzz-object'
SUMMARY: AddressSanitizer: global-buffer-overflow /src/llvm-project/compiler-rt/lib/asan/asan_interceptors_memintrinsics.cpp:22:3 in __asan_memcpy
Shadow bytes around the buggy address:
  0x0000800c1710: 00 00 00 00 00 00 00 00 00 00 00 00 00 00 00 00
  0x0000800c1720: 00 00 00 00 00 00 00 00 00 00 00 00 00 00 00 00
  0x0000800c1730: 00 00 00 00 00 00 00 00 00 00 00 00 00 00 00 00
  0x0000800c1740: 00 00 00 00 00 00 00 00 00 00 00 00 00 00 00 00
  0x0000800c1750: 00 00 00 00 00 00 00 00 00 00 00 00 00 00 00 00
=>0x0000800c1760: 00 00 00 00 00[04]f9 f9 00 00 00 00 00 00 00 00
  0x0000800c1770: 00 00 00 00 00 00 00 00 00 00 00 00 00 00 00 00
  0x0000800c1780: 00 00 00 00 00 00 00 00 00 00 00 00 00 00 00 00
  0x0000800c1790: 00 00 00 00 00 00 00 00 00 00 00 00 00 00 00 00
  0x0000800c17a0: 00 00 00 00 00 00 00 00 00 00 00 00 00 00 00 00
  0x0000800c17b0: 00 00 00 00 00 00 00 00 00 04 f9 f9 f9 f9 f9 f9
Shadow byte legend (one shadow byte represents 8 application bytes):
  Addressable:           00
  Partially addressable: 01 02 03 04 05 06 07 
  Heap left redzone:       fa
  Freed heap region:       fd
  Stack left redzone:      f1
  Stack mid redzone:       f2
  Stack right redzone:     f3
  Stack after return:      f5
  Stack use after scope:   f8
  Global redzone:          f9
  Global init order:       f6
  Poisoned by user:        f7
  Container overflow:      fc
  Array cookie:            ac
  Intra object redzone:    bb
  ASan internal:           fe
  Left alloca redzone:     ca
  Right alloca redzone:    cb
==13==ABORTING
