INFO: Running with entropic power schedule (0xFF, 100).
INFO: Seed: 2285500937
INFO: Loaded 1 modules   (92319 inline 8-bit counters): 92319 [0x16d98e8, 0x16f0187), 
INFO: Loaded 1 PC tables (92319 PCs): 92319 [0x16f0188,0x1858b78), 
/out/load_from_memory_fuzzer: Running 1 inputs 1 time(s) each.
Running: /tmp/poc
AddressSanitizer:DEADLYSIGNAL
=================================================================
==12==ERROR: AddressSanitizer: SEGV on unknown address 0x74d07ae017fe (pc 0x0000008af5f9 bp 0x7ffcd739e2e0 sp 0x7ffcd739e2d0 T0)
==12==The signal is caused by a READ memory access.
SCARINESS: 20 (wild-addr-read)
    #0 0x8af5f9 in LibRaw::sget2(unsigned char*) /src/freeimage-svn/FreeImage/trunk/Source/LibRawLite/internal/../src/utils/utils_dcraw.cpp:86:12
    #1 0x94928a in LibRaw::parseAdobePanoMakernote() /src/freeimage-svn/FreeImage/trunk/Source/LibRawLite/internal/../src/metadata/adobepano.cpp:56:22
    #2 0x911c84 in LibRaw::parse_tiff_ifd(int) /src/freeimage-svn/FreeImage/trunk/Source/LibRawLite/internal/../src/metadata/tiff.cpp:1299:15
    #3 0x956afc in LibRaw::parse_tiff(int) /src/freeimage-svn/FreeImage/trunk/Source/LibRawLite/internal/../src/metadata/tiff.cpp:1486:9
    #4 0x975997 in LibRaw::identify() /src/freeimage-svn/FreeImage/trunk/Source/LibRawLite/internal/../src/metadata/identify.cpp:494:14
    #5 0xa05ab7 in LibRaw::open_datastream(LibRaw_abstract_datastream*) /src/freeimage-svn/FreeImage/trunk/Source/LibRawLite/src/utils/open.cpp:390:4
    #6 0x5e6964 in Validate(FreeImageIO*, void*) /src/freeimage-svn/FreeImage/trunk/Source/FreeImage/PluginRAW.cpp:645:21
    #7 0x5756a3 in FreeImage_ValidateFIF /src/freeimage-svn/FreeImage/trunk/Source/FreeImage/Plugin.cpp:811:95
    #8 0x56f0c8 in FreeImage_GetFileTypeFromHandle /src/freeimage-svn/FreeImage/trunk/Source/FreeImage/GetType.cpp:47:10
    #9 0x56f41b in FreeImage_GetFileTypeFromMemory /src/freeimage-svn/FreeImage/trunk/Source/FreeImage/GetType.cpp:109:10
    #10 0x559c55 in LLVMFuzzerTestOneInput /src/load_from_memory_fuzzer.cc:33:27
    #11 0x45cb63 in fuzzer::Fuzzer::ExecuteCallback(unsigned char const*, unsigned long) /src/llvm-project/compiler-rt/lib/fuzzer/FuzzerLoop.cpp:599:15
    #12 0x446a22 in fuzzer::RunOneTest(fuzzer::Fuzzer*, char const*, unsigned long) /src/llvm-project/compiler-rt/lib/fuzzer/FuzzerDriver.cpp:323:6
    #13 0x44c81d in fuzzer::FuzzerDriver(int*, char***, int (*)(unsigned char const*, unsigned long)) /src/llvm-project/compiler-rt/lib/fuzzer/FuzzerDriver.cpp:856:9
    #14 0x477fc2 in main /src/llvm-project/compiler-rt/lib/fuzzer/FuzzerMain.cpp:20:10
    #15 0x74cf805a283f in __libc_start_main (/lib/x86_64-linux-gnu/libc.so.6+0x2083f)
    #16 0x4216e8 in _start (/out/load_from_memory_fuzzer+0x4216e8)

DEDUP_TOKEN: LibRaw::sget2(unsigned char*)--LibRaw::parseAdobePanoMakernote()--LibRaw::parse_tiff_ifd(int)
AddressSanitizer can not provide additional info.
SUMMARY: AddressSanitizer: SEGV /src/freeimage-svn/FreeImage/trunk/Source/LibRawLite/internal/../src/utils/utils_dcraw.cpp:86:12 in LibRaw::sget2(unsigned char*)
==12==ABORTING
