=================================================================
==13==ERROR: AddressSanitizer: dynamic-stack-buffer-overflow on address 0x7fffb8e8e300 at pc 0x0000004dfdd4 bp 0x7fffb8e8e250 sp 0x7fffb8e8e248
READ of size 4 at 0x7fffb8e8e300 thread T0
SCARINESS: 32 (4-byte-read-dynamic-stack-buffer-overflow)
    #0 0x4dfdd3 in extract_fields /src/binutils-gdb/opcodes/aarch64-dis.c:148:9
    #1 0x4e8395 in aarch64_ext_ft /src/binutils-gdb/opcodes/aarch64-dis.c:976:15
    #2 0x545f1e in aarch64_extract_operand /src/binutils-gdb/opcodes/aarch64-dis-2.c:23867:14
    #3 0x4eee6f in aarch64_opcode_decode /src/binutils-gdb/opcodes/aarch64-dis.c:2976:10
    #4 0x4ee590 in aarch64_decode_insn /src/binutils-gdb/opcodes/aarch64-dis.c:3071:11
    #5 0x4f2f4d in print_insn_aarch64_word /src/binutils-gdb/opcodes/aarch64-dis.c:3270:9
    #6 0x4f1320 in print_insn_aarch64 /src/binutils-gdb/opcodes/aarch64-dis.c:3581:3
    #7 0x4d87c6 in LLVMFuzzerTestOneInput /src/binutils-gdb/fuzz/fuzz_disassemble.c:86:30
    #8 0x4d92e5 in ExecuteFilesOnyByOne /src/aflplusplus/utils/aflpp_driver/aflpp_driver.c:191:7
    #9 0x4d9155 in main /src/aflplusplus/utils/aflpp_driver/aflpp_driver.c
    #10 0x7798f6993082 in __libc_start_main (/lib/x86_64-linux-gnu/libc.so.6+0x24082)
    #11 0x41e59d in _start (/out/fuzz_disassemble+0x41e59d)

DEDUP_TOKEN: extract_fields--aarch64_ext_ft--aarch64_extract_operand
Address 0x7fffb8e8e300 is located in stack of thread T0
SUMMARY: AddressSanitizer: dynamic-stack-buffer-overflow /src/binutils-gdb/opcodes/aarch64-dis.c:148:9 in extract_fields
Shadow bytes around the buggy address:
  0x1000771c9c10: 00 00 00 00 00 00 00 00 00 00 00 00 00 00 00 00
  0x1000771c9c20: 00 00 00 00 00 00 00 00 00 00 00 00 00 00 00 00
  0x1000771c9c30: 00 00 00 00 00 00 00 00 00 00 00 00 00 00 00 00
  0x1000771c9c40: 00 00 00 00 00 00 00 00 00 00 00 00 00 00 00 00
  0x1000771c9c50: 00 00 00 00 00 00 00 00 00 00 00 00 00 00 00 00
=>0x1000771c9c60:[ca]ca ca ca f8 f8 f8 f8 cb cb cb cb 00 00 00 00
  0x1000771c9c70: 00 00 00 00 00 00 00 00 00 00 00 00 00 00 00 00
  0x1000771c9c80: 00 00 00 00 00 00 00 00 00 00 00 00 00 00 00 00
  0x1000771c9c90: 00 00 00 00 00 00 00 00 00 00 00 00 00 00 00 00
  0x1000771c9ca0: 00 00 00 00 00 00 00 00 00 00 00 00 00 00 00 00
  0x1000771c9cb0: 00 00 00 00 00 00 00 00 00 00 00 00 00 00 00 00
Shadow byte legend (one shadow byte represents 8 application bytes):
  Addressable:           00
  Partially addressable: 01 02 03 04 05 06 07 
  Heap left redzone:       fa
  Freed heap region:       fd
  Stack left redzone:      f1
  Stack mid redzone:       f2
  Stack right redzone:     f3
  Stack after return:      f5
  Stack use after scope:   f8
  Global redzone:          f9
  Global init order:       f6
  Poisoned by user:        f7
  Container overflow:      fc
  Array cookie:            ac
  Intra object redzone:    bb
  ASan internal:           fe
  Left alloca redzone:     ca
  Right alloca redzone:    cb
==13==ABORTING
