INFO: Running with entropic power schedule (0xFF, 100).
INFO: Seed: 2333622047
INFO: Loaded 1 modules   (213189 inline 8-bit counters): 213189 [0x1550700, 0x15847c5), 
INFO: Loaded 1 PC tables (213189 PCs): 213189 [0x15847c8,0x18c5418), 
/out/assimp_fuzzer: Running 1 inputs 1 time(s) each.
Running: /tmp/poc
Info,  T0: Load $$$___magic___$$$.
Info,  T0: Found a matching importer for this file format: 3D GameStudio Heightmap (HMP) Importer.
Info,  T0: Import root directory is './'
Warn,  T0: Found a reference to an embedded DDS texture, but texture height is not equal to 1, which is not supported by MED
UndefinedBehaviorSanitizer:DEADLYSIGNAL
==13==ERROR: UndefinedBehaviorSanitizer: SEGV on unknown address 0x0001031abfcb (pc 0x7646f4457b38 bp 0x7ffff47e01a0 sp 0x7ffff47dfd08 T13)
==13==The signal is caused by a READ memory access.
    #0 0x7646f4457b38  (/lib/x86_64-linux-gnu/libc.so.6+0x18bb38)
    #1 0x748bda in Assimp::MDLImporter::ParseSkinLump_3DGS_MDL7(unsigned char const*, unsigned char const**, aiMaterial*, unsigned int, unsigned int, unsigned int) /src/assimp/code/AssetLib/MDL/MDLMaterialLoader.cpp:478:9
    #2 0x685ae4 in Assimp::HMPImporter::ReadFirstSkin(unsigned int, unsigned char const*, unsigned char const**) /src/assimp/code/AssetLib/HMP/HMPLoader.cpp:449:5
    #3 0x683a3b in Assimp::HMPImporter::CreateMaterial(unsigned char const*, unsigned char const**) /src/assimp/code/AssetLib/HMP/HMPLoader.cpp:336:9
    #4 0x682906 in Assimp::HMPImporter::InternReadFile_HMP7() /src/assimp/code/AssetLib/HMP/HMPLoader.cpp:275:5
    #5 0x680c07 in Assimp::HMPImporter::InternReadFile(std::__1::basic_string<char, std::__1::char_traits<char>, std::__1::allocator<char> > const&, aiScene*, Assimp::IOSystem*) /src/assimp/code/AssetLib/HMP/HMPLoader.cpp:152:9
    #6 0x4f4e9b in Assimp::BaseImporter::ReadFile(Assimp::Importer*, std::__1::basic_string<char, std::__1::char_traits<char>, std::__1::allocator<char> > const&, Assimp::IOSystem*) /src/assimp/code/Common/BaseImporter.cpp:111:9
    #7 0x513db1 in Assimp::Importer::ReadFile(char const*, unsigned int) /src/assimp/code/Common/Importer.cpp:675:30
    #8 0x512bcf in Assimp::Importer::ReadFileFromMemory(void const*, unsigned long, unsigned int, char const*) /src/assimp/code/Common/Importer.cpp:512:5
    #9 0x4b6141 in LLVMFuzzerTestOneInput /src/assimp/fuzz/assimp_fuzzer.cc:53:34
    #10 0x441d33 in fuzzer::Fuzzer::ExecuteCallback(unsigned char const*, unsigned long) cxa_noexception.cpp
    #11 0x42d642 in fuzzer::RunOneTest(fuzzer::Fuzzer*, char const*, unsigned long) /src/llvm-project/compiler-rt/lib/fuzzer/FuzzerDriver.cpp:324:6
    #12 0x43310a in fuzzer::FuzzerDriver(int*, char***, int (*)(unsigned char const*, unsigned long)) cxa_noexception.cpp
    #13 0x45c032 in main /src/llvm-project/compiler-rt/lib/fuzzer/FuzzerMain.cpp:20:10
    #14 0x7646f42f0082 in __libc_start_main (/lib/x86_64-linux-gnu/libc.so.6+0x24082)
    #15 0x40a8cd in _start (/out/assimp_fuzzer+0x40a8cd)

DEDUP_TOKEN: Assimp::MDLImporter::ParseSkinLump_3DGS_MDL7(unsigned char const*, unsigned char const**, aiMaterial*, unsigned int, unsigned int, unsigned int)--Assimp::HMPImporter::ReadFirstSkin(unsigned int, unsigned char const*, unsigned char const**)
UndefinedBehaviorSanitizer can not provide additional info.
SUMMARY: UndefinedBehaviorSanitizer: SEGV (/lib/x86_64-linux-gnu/libc.so.6+0x18bb38) 
==13==ABORTING
