INFO: Running with entropic power schedule (0xFF, 100).
INFO: Seed: 2259172988
INFO: Loaded 1 modules   (7876 inline 8-bit counters): 7876 [0x6e6320, 0x6e81e4), 
INFO: Loaded 1 PC tables (7876 PCs): 7876 [0x67c978,0x69b5b8), 
/out/fuzz_both: Running 1 inputs 1 time(s) each.
Running: /tmp/poc
==13==WARNING: MemorySanitizer: use-of-uninitialized-value
    #0 0x641f47 in pcap_filter_with_aux_data /src/libpcap/bpf_filter.c:262:10
    #1 0x6420c4 in pcap_filter /src/libpcap/bpf_filter.c:394:9
    #2 0x5f562b in pcap_offline_filter /src/libpcap/pcap.c:4180:11
    #3 0x52977b in LLVMFuzzerTestOneInput /src/libpcap/build/../testprogs/fuzz/fuzz_both.c:88:93
    #4 0x456a03 in fuzzer::Fuzzer::ExecuteCallback(unsigned char const*, unsigned long) cxa_noexception.cpp
    #5 0x442312 in fuzzer::RunOneTest(fuzzer::Fuzzer*, char const*, unsigned long) /src/llvm-project/compiler-rt/lib/fuzzer/FuzzerDriver.cpp:324:6
    #6 0x447dda in fuzzer::FuzzerDriver(int*, char***, int (*)(unsigned char const*, unsigned long)) cxa_noexception.cpp
    #7 0x470d02 in main /src/llvm-project/compiler-rt/lib/fuzzer/FuzzerMain.cpp:20:10
    #8 0x7975eca4f082 in __libc_start_main (/lib/x86_64-linux-gnu/libc.so.6+0x24082)
    #9 0x41f59d in _start (/out/fuzz_both+0x41f59d)

DEDUP_TOKEN: pcap_filter_with_aux_data--pcap_filter--pcap_offline_filter
  Uninitialized value was created by an allocation of 'mem' in the stack frame of function 'pcap_filter_with_aux_data'
    #0 0x640410 in pcap_filter_with_aux_data /src/libpcap/bpf_filter.c:96

DEDUP_TOKEN: pcap_filter_with_aux_data
SUMMARY: MemorySanitizer: use-of-uninitialized-value /src/libpcap/bpf_filter.c:262:10 in pcap_filter_with_aux_data
Unique heap origins: 53
Stack depot allocated bytes: 1900544
Unique origin histories: 13
History depot allocated bytes: 196608
Exiting
