INFO: Seed: 2257275440
INFO: Loaded 1 modules   (10295 guards): 10295 [0x9d4cc0, 0x9ded9c), 
/out/curl_fuzzer_ftp: Running 1 inputs 1 time(s) each.
Running: /tmp/poc
=================================================================
==13==ERROR: AddressSanitizer: heap-buffer-overflow on address 0x6030000003e5 at pc 0x00000060a76a bp 0x7fffbb5a7c10 sp 0x7fffbb5a7c08
READ of size 1 at 0x6030000003e5 thread T0
SCARINESS: 12 (1-byte-read-heap-buffer-overflow)
    #0 0x60a769 in setcharset /src/curl/lib/curl_fnmatch.c:135:9
    #1 0x608947 in loop /src/curl/lib/curl_fnmatch.c:357:12
    #2 0x60927e in loop /src/curl/lib/curl_fnmatch.c:328:14
    #3 0x604162 in ftp_pl_insert_finfo /src/curl/lib/ftplistparser.c:297:6
    #4 0x6016e0 in Curl_ftp_parselist /src/curl/lib/ftplistparser.c
    #5 0x56857d in Curl_client_chop_write /src/curl/lib/sendf.c:574:22
    #6 0x5a8723 in readwrite_data /src/curl/lib/transfer.c:798:26
    #7 0x5a5f5a in Curl_readwrite /src/curl/lib/transfer.c:1142:14
    #8 0x53029d in multi_runsingle /src/curl/lib/multi.c:1904:16
    #9 0x52ea83 in curl_multi_perform /src/curl/lib/multi.c:2169:14
    #10 0x51b61f in fuzz_handle_transfer(fuzz_data*) /src/curl_fuzzer/curl_fuzzer.cc:382:5
    #11 0x51a77e in LLVMFuzzerTestOneInput /src/curl_fuzzer/curl_fuzzer.cc:93:3
    #12 0x62c320 in fuzzer::Fuzzer::ExecuteCallback(unsigned char const*, unsigned long) /src/libfuzzer/FuzzerLoop.cpp:471:13
    #13 0x60b865 in fuzzer::RunOneTest(fuzzer::Fuzzer*, char const*, unsigned long) /src/libfuzzer/FuzzerDriver.cpp:273:6
    #14 0x616f35 in fuzzer::FuzzerDriver(int*, char***, int (*)(unsigned char const*, unsigned long)) /src/libfuzzer/FuzzerDriver.cpp:690:9
    #15 0x60af08 in main /src/libfuzzer/FuzzerMain.cpp:20:10
    #16 0x7c24101e083f in __libc_start_main (/lib/x86_64-linux-gnu/libc.so.6+0x2083f)
    #17 0x41ca68 in _start (/out/curl_fuzzer_ftp+0x41ca68)

DEDUP_TOKEN: setcharset--loop--loop
0x6030000003e5 is located 0 bytes to the right of 21-byte region [0x6030000003d0,0x6030000003e5)
allocated by thread T0 here:
    #0 0x4df208 in malloc /src/llvm/projects/compiler-rt/lib/asan/asan_malloc_linux.cc:88
    #1 0x522b5d in curl_domalloc /src/curl/lib/memdebug.c:175:9
    #2 0x5231ef in curl_dostrdup /src/curl/lib/memdebug.c:230:9
    #3 0x5fda2e in init_wc_data /src/curl/lib/ftp.c:3755:25
    #4 0x5fc0a5 in wc_statemach /src/curl/lib/ftp.c:3839:14
    #5 0x5eb579 in ftp_do /src/curl/lib/ftp.c:3967:14
    #6 0x536d6e in multi_do /src/curl/lib/multi.c:1249:14
    #7 0x530362 in multi_runsingle /src/curl/lib/multi.c:1659:18
    #8 0x52ea83 in curl_multi_perform /src/curl/lib/multi.c:2169:14
    #9 0x51b61f in fuzz_handle_transfer(fuzz_data*) /src/curl_fuzzer/curl_fuzzer.cc:382:5
    #10 0x51a77e in LLVMFuzzerTestOneInput /src/curl_fuzzer/curl_fuzzer.cc:93:3
    #11 0x62c320 in fuzzer::Fuzzer::ExecuteCallback(unsigned char const*, unsigned long) /src/libfuzzer/FuzzerLoop.cpp:471:13
    #12 0x60b865 in fuzzer::RunOneTest(fuzzer::Fuzzer*, char const*, unsigned long) /src/libfuzzer/FuzzerDriver.cpp:273:6
    #13 0x616f35 in fuzzer::FuzzerDriver(int*, char***, int (*)(unsigned char const*, unsigned long)) /src/libfuzzer/FuzzerDriver.cpp:690:9
    #14 0x60af08 in main /src/libfuzzer/FuzzerMain.cpp:20:10
    #15 0x7c24101e083f in __libc_start_main (/lib/x86_64-linux-gnu/libc.so.6+0x2083f)

DEDUP_TOKEN: malloc--curl_domalloc--curl_dostrdup
SUMMARY: AddressSanitizer: heap-buffer-overflow /src/curl/lib/curl_fnmatch.c:135:9 in setcharset
Shadow bytes around the buggy address:
  0x0c067fff8020: 00 00 05 fa fa fa 00 00 00 07 fa fa 00 00 00 00
  0x0c067fff8030: fa fa fd fd fd fa fa fa fd fd fd fa fa fa fd fd
  0x0c067fff8040: fd fa fa fa fd fd fd fd fa fa fd fd fd fd fa fa
  0x0c067fff8050: 00 00 00 02 fa fa 00 00 00 00 fa fa fd fd fd fd
  0x0c067fff8060: fa fa 00 00 00 04 fa fa fd fd fd fd fa fa 00 00
=>0x0c067fff8070: 00 04 fa fa 00 00 00 00 fa fa 00 00[05]fa fa fa
  0x0c067fff8080: 00 00 00 02 fa fa 00 00 00 03 fa fa fd fd fd fd
  0x0c067fff8090: fa fa 00 00 00 00 fa fa 00 00 00 00 fa fa 00 00
  0x0c067fff80a0: 00 00 fa fa fa fa fa fa fa fa fa fa fa fa fa fa
  0x0c067fff80b0: fa fa fa fa fa fa fa fa fa fa fa fa fa fa fa fa
  0x0c067fff80c0: fa fa fa fa fa fa fa fa fa fa fa fa fa fa fa fa
Shadow byte legend (one shadow byte represents 8 application bytes):
  Addressable:           00
  Partially addressable: 01 02 03 04 05 06 07 
  Heap left redzone:       fa
  Freed heap region:       fd
  Stack left redzone:      f1
  Stack mid redzone:       f2
  Stack right redzone:     f3
  Stack after return:      f5
  Stack use after scope:   f8
  Global redzone:          f9
  Global init order:       f6
  Poisoned by user:        f7
  Container overflow:      fc
  Array cookie:            ac
  Intra object redzone:    bb
  ASan internal:           fe
  Left alloca redzone:     ca
  Right alloca redzone:    cb
==13==ABORTING
