INFO: Running with entropic power schedule (0xFF, 100).
INFO: Seed: 2228048338
INFO: Loaded 1 modules   (170733 inline 8-bit counters): 170733 [0x1a355e0, 0x1a5f0cd), 
INFO: Loaded 1 PC tables (170733 PCs): 170733 [0x155df70,0x17f8e40), 
/out/fuzz_addr2line: Running 1 inputs 1 time(s) each.
Running: /tmp/poc
BFD: warning: /tmp/libfuzzer.12 has a section extending past end of file
BFD: warning: /tmp/libfuzzer.12 has a section extending past end of file
=================================================================
==12==ERROR: AddressSanitizer: heap-buffer-overflow on address 0x60600000011b at pc 0x00000057960f bp 0x7ffefe72db60 sp 0x7ffefe72db58
WRITE of size 1 at 0x60600000011b thread T0
SCARINESS: 31 (1-byte-write-heap-buffer-overflow)
    #0 0x57960e in bfd_putl32 /src/binutils-gdb/bfd/libbfd.c:870:11
    #1 0xa3cd30 in bpf_elf_generic_reloc /src/binutils-gdb/bfd/elf64-bpf.c:660:7
    #2 0x1159306 in bfd_perform_relocation /src/binutils-gdb/bfd/reloc.c:711:14
    #3 0x115c9a9 in bfd_generic_get_relocated_section_contents /src/binutils-gdb/bfd/reloc.c:8552:10
    #4 0x567fc6 in bfd_get_relocated_section_contents /src/binutils-gdb/bfd/bfd.c:2166:10
    #5 0x115dc4e in bfd_simple_get_relocated_section_contents /src/binutils-gdb/bfd/simple.c:298:14
    #6 0x6a8f71 in _bfd_dwarf2_slurp_debug_info /src/binutils-gdb/bfd/./dwarf2.c:4774:10
    #7 0x6b0ba2 in _bfd_dwarf2_find_nearest_line /src/binutils-gdb/bfd/./dwarf2.c:4985:9
    #8 0x613e93 in _bfd_elf_find_nearest_line /src/binutils-gdb/bfd/elf.c:9197:7
    #9 0x56124e in find_address_in_section /src/binutils-gdb/binutils/./fuzz_addr2line.h:196:11
    #10 0x582093 in bfd_map_over_sections /src/binutils-gdb/bfd/section.c:1383:5
    #11 0x5600f6 in translate_addresses /src/binutils-gdb/binutils/./fuzz_addr2line.h:274:2
    #12 0x5600f6 in process_file /src/binutils-gdb/binutils/./fuzz_addr2line.h:410:3
    #13 0x560ffa in LLVMFuzzerTestOneInput /src/binutils-gdb/binutils/fuzz_addr2line.c:128:5
    #14 0x456c73 in fuzzer::Fuzzer::ExecuteCallback(unsigned char const*, unsigned long) cxa_noexception.cpp
    #15 0x442582 in fuzzer::RunOneTest(fuzzer::Fuzzer*, char const*, unsigned long) /src/llvm-project/compiler-rt/lib/fuzzer/FuzzerDriver.cpp:324:6
    #16 0x44804a in fuzzer::FuzzerDriver(int*, char***, int (*)(unsigned char const*, unsigned long)) cxa_noexception.cpp
    #17 0x470f72 in main /src/llvm-project/compiler-rt/lib/fuzzer/FuzzerMain.cpp:20:10
    #18 0x7ce684337082 in __libc_start_main (/lib/x86_64-linux-gnu/libc.so.6+0x24082)
    #19 0x41f80d in _start (/out/fuzz_addr2line+0x41f80d)

DEDUP_TOKEN: bfd_putl32--bpf_elf_generic_reloc--bfd_perform_relocation
0x60600000011b is located 0 bytes to the right of 59-byte region [0x6060000000e0,0x60600000011b)
allocated by thread T0 here:
    #0 0x525e3d in __interceptor_malloc /src/llvm-project/compiler-rt/lib/asan/asan_malloc_linux.cpp:129:3
    #1 0x5780b6 in bfd_malloc /src/binutils-gdb/bfd/libbfd.c:289:9
    #2 0x6a8e93 in _bfd_dwarf2_slurp_debug_info /src/binutils-gdb/bfd/./dwarf2.c:4759:49
    #3 0x6b0ba2 in _bfd_dwarf2_find_nearest_line /src/binutils-gdb/bfd/./dwarf2.c:4985:9
    #4 0x613e93 in _bfd_elf_find_nearest_line /src/binutils-gdb/bfd/elf.c:9197:7
    #5 0x56124e in find_address_in_section /src/binutils-gdb/binutils/./fuzz_addr2line.h:196:11
    #6 0x582093 in bfd_map_over_sections /src/binutils-gdb/bfd/section.c:1383:5
    #7 0x5600f6 in translate_addresses /src/binutils-gdb/binutils/./fuzz_addr2line.h:274:2
    #8 0x5600f6 in process_file /src/binutils-gdb/binutils/./fuzz_addr2line.h:410:3
    #9 0x560ffa in LLVMFuzzerTestOneInput /src/binutils-gdb/binutils/fuzz_addr2line.c:128:5
    #10 0x456c73 in fuzzer::Fuzzer::ExecuteCallback(unsigned char const*, unsigned long) cxa_noexception.cpp
    #11 0x442582 in fuzzer::RunOneTest(fuzzer::Fuzzer*, char const*, unsigned long) /src/llvm-project/compiler-rt/lib/fuzzer/FuzzerDriver.cpp:324:6
    #12 0x44804a in fuzzer::FuzzerDriver(int*, char***, int (*)(unsigned char const*, unsigned long)) cxa_noexception.cpp
    #13 0x470f72 in main /src/llvm-project/compiler-rt/lib/fuzzer/FuzzerMain.cpp:20:10
    #14 0x7ce684337082 in __libc_start_main (/lib/x86_64-linux-gnu/libc.so.6+0x24082)

DEDUP_TOKEN: __interceptor_malloc--bfd_malloc--_bfd_dwarf2_slurp_debug_info
SUMMARY: AddressSanitizer: heap-buffer-overflow /src/binutils-gdb/bfd/libbfd.c:870:11 in bfd_putl32
Shadow bytes around the buggy address:
  0x0c0c7fff7fd0: 00 00 00 00 00 00 00 00 00 00 00 00 00 00 00 00
  0x0c0c7fff7fe0: 00 00 00 00 00 00 00 00 00 00 00 00 00 00 00 00
  0x0c0c7fff7ff0: 00 00 00 00 00 00 00 00 00 00 00 00 00 00 00 00
  0x0c0c7fff8000: fa fa fa fa fd fd fd fd fd fd fd fa fa fa fa fa
  0x0c0c7fff8010: 00 00 00 00 00 00 06 fa fa fa fa fa 00 00 00 00
=>0x0c0c7fff8020: 00 00 00[03]fa fa fa fa fa fa fa fa fa fa fa fa
  0x0c0c7fff8030: fa fa fa fa fa fa fa fa fa fa fa fa fa fa fa fa
  0x0c0c7fff8040: fa fa fa fa fa fa fa fa fa fa fa fa fa fa fa fa
  0x0c0c7fff8050: fa fa fa fa fa fa fa fa fa fa fa fa fa fa fa fa
  0x0c0c7fff8060: fa fa fa fa fa fa fa fa fa fa fa fa fa fa fa fa
  0x0c0c7fff8070: fa fa fa fa fa fa fa fa fa fa fa fa fa fa fa fa
Shadow byte legend (one shadow byte represents 8 application bytes):
  Addressable:           00
  Partially addressable: 01 02 03 04 05 06 07 
  Heap left redzone:       fa
  Freed heap region:       fd
  Stack left redzone:      f1
  Stack mid redzone:       f2
  Stack right redzone:     f3
  Stack after return:      f5
  Stack use after scope:   f8
  Global redzone:          f9
  Global init order:       f6
  Poisoned by user:        f7
  Container overflow:      fc
  Array cookie:            ac
  Intra object redzone:    bb
  ASan internal:           fe
  Left alloca redzone:     ca
  Right alloca redzone:    cb
==12==ABORTING
