INFO: Seed: 2239307924
INFO: Loaded 1 modules   (13547 guards): 13547 [0xac7520, 0xad48cc), 
/out/TiffDecoderFuzzer-NefDecoder: Running 1 inputs 1 time(s) each.
Running: /tmp/poc
=================================================================
==12:12==ERROR: AddressSanitizer: heap-buffer-overflow on address 0x6190000009a6 at pc 0x0000007540b3 bp 0x7ffe13c4fbf0 sp 0x7ffe13c4fbe8
READ of size 1 at 0x6190000009a6 thread T0
SCARINESS: 12 (1-byte-read-heap-buffer-overflow)
    #0 0x7540b2 in InternalStrnlen /src/libfuzzer/FuzzerTracePC.cpp:330:26
    #1 0x7540b2 in __sanitizer_weak_hook_strncmp /src/libfuzzer/FuzzerTracePC.cpp:494
    #2 0x4ff64e in __interceptor_strncmp.part.75 /src/llvm/projects/compiler-rt/lib/asan/../sanitizer_common/sanitizer_common_interceptors.inc:411
    #3 0x5d5cb5 in rawspeed::NefDecoder::decodeMetaDataInternal(rawspeed::CameraMetaData const*) /src/librawspeed/src/librawspeed/decoders/NefDecoder.cpp:506:11
    #4 0x5f5657 in rawspeed::RawDecoder::decodeMetaData(rawspeed::CameraMetaData const*) /src/librawspeed/src/librawspeed/decoders/RawDecoder.cpp:319:5
    #5 0x5662d7 in LLVMFuzzerTestOneInput /src/librawspeed/fuzz/librawspeed/decoders/TiffDecoders/main.cpp:82:14
    #6 0x710909 in fuzzer::Fuzzer::ExecuteCallback(unsigned char const*, unsigned long) /src/libfuzzer/FuzzerLoop.cpp:495:13
    #7 0x6ef807 in fuzzer::RunOneTest(fuzzer::Fuzzer*, char const*, unsigned long) /src/libfuzzer/FuzzerDriver.cpp:273:6
    #8 0x6fa97e in fuzzer::FuzzerDriver(int*, char***, int (*)(unsigned char const*, unsigned long)) /src/libfuzzer/FuzzerDriver.cpp:690:9
    #9 0x6eee68 in main /src/libfuzzer/FuzzerMain.cpp:20:10
    #10 0x7b9406ec983f in __libc_start_main (/lib/x86_64-linux-gnu/libc.so.6+0x2083f)
    #11 0x46a6a8 in _start (/out/TiffDecoderFuzzer-NefDecoder+0x46a6a8)

DEDUP_TOKEN: InternalStrnlen--__sanitizer_weak_hook_strncmp--__interceptor_strncmp.part.75
0x6190000009a6 is located 0 bytes to the right of 1062-byte region [0x619000000580,0x6190000009a6)
allocated by thread T0 here:
    #0 0x561f48 in operator new[](unsigned long) /src/llvm/projects/compiler-rt/lib/asan/asan_new_delete.cc:95
    #1 0x710717 in fuzzer::Fuzzer::ExecuteCallback(unsigned char const*, unsigned long) /src/libfuzzer/FuzzerLoop.cpp:486:23
    #2 0x6ef807 in fuzzer::RunOneTest(fuzzer::Fuzzer*, char const*, unsigned long) /src/libfuzzer/FuzzerDriver.cpp:273:6
    #3 0x6fa97e in fuzzer::FuzzerDriver(int*, char***, int (*)(unsigned char const*, unsigned long)) /src/libfuzzer/FuzzerDriver.cpp:690:9
    #4 0x6eee68 in main /src/libfuzzer/FuzzerMain.cpp:20:10
    #5 0x7b9406ec983f in __libc_start_main (/lib/x86_64-linux-gnu/libc.so.6+0x2083f)

DEDUP_TOKEN: operator new[](unsigned long)--fuzzer::Fuzzer::ExecuteCallback(unsigned char const*, unsigned long)--fuzzer::RunOneTest(fuzzer::Fuzzer*, char const*, unsigned long)
SUMMARY: AddressSanitizer: heap-buffer-overflow /src/libfuzzer/FuzzerTracePC.cpp:330:26 in InternalStrnlen
Shadow bytes around the buggy address:
  0x0c327fff80e0: 00 00 00 00 00 00 00 00 00 00 00 00 00 00 00 00
  0x0c327fff80f0: 00 00 00 00 00 00 00 00 00 00 00 00 00 00 00 00
  0x0c327fff8100: 00 00 00 00 00 00 00 00 00 00 00 00 00 00 00 00
  0x0c327fff8110: 00 00 00 00 00 00 00 00 00 00 00 00 00 00 00 00
  0x0c327fff8120: 00 00 00 00 00 00 00 00 00 00 00 00 00 00 00 00
=>0x0c327fff8130: 00 00 00 00[06]fa fa fa fa fa fa fa fa fa fa fa
  0x0c327fff8140: fa fa fa fa fa fa fa fa fa fa fa fa fa fa fa fa
  0x0c327fff8150: fa fa fa fa fa fa fa fa fa fa fa fa fa fa fa fa
  0x0c327fff8160: fa fa fa fa fa fa fa fa fa fa fa fa fa fa fa fa
  0x0c327fff8170: fa fa fa fa fa fa fa fa fa fa fa fa fa fa fa fa
  0x0c327fff8180: fa fa fa fa fa fa fa fa fa fa fa fa fa fa fa fa
Shadow byte legend (one shadow byte represents 8 application bytes):
  Addressable:           00
  Partially addressable: 01 02 03 04 05 06 07 
  Heap left redzone:       fa
  Freed heap region:       fd
  Stack left redzone:      f1
  Stack mid redzone:       f2
  Stack right redzone:     f3
  Stack after return:      f5
  Stack use after scope:   f8
  Global redzone:          f9
  Global init order:       f6
  Poisoned by user:        f7
  Container overflow:      fc
  Array cookie:            ac
  Intra object redzone:    bb
  ASan internal:           fe
  Left alloca redzone:     ca
  Right alloca redzone:    cb
==12:12==ABORTING
