INFO: Running with entropic power schedule (0xFF, 100).
INFO: Seed: 2265712598
INFO: Loaded 3 modules   (182523 inline 8-bit counters): 13708 [0x72b1f7e2e9e0, 0x72b1f7e31f6c), 959 [0x72b1f7e8fa40, 0x72b1f7e8fdff), 167856 [0x2d97c90, 0x2dc0c40), 
INFO: Loaded 3 PC tables (182523 PCs): 13708 [0x72b1f7e31f70,0x72b1f7e67830), 959 [0x72b1f7e8fe00,0x72b1f7e939f0), 167856 [0x24c5430,0x2754f30), 
/out/gstoraster_fuzzer: Running 1 inputs 1 time(s) each.
Running: /tmp/poc
=================================================================
==13==ERROR: AddressSanitizer: global-buffer-overflow on address 0x000002cdccfb at pc 0x0000004bf4fc bp 0x7ffd8f4d05e0 sp 0x7ffd8f4cfd88
READ of size 1 at 0x000002cdccfb thread T0
SCARINESS: 12 (1-byte-read-global-buffer-overflow)
    #0 0x4bf4fb in MemcmpInterceptorCommon(void*, int (*)(void const*, void const*, unsigned long), void const*, void const*, unsigned long) /src/llvm-project/compiler-rt/lib/asan/../sanitizer_common/sanitizer_common_interceptors.inc:861:7
    #1 0x4bf8a9 in memcmp /src/llvm-project/compiler-rt/lib/asan/../sanitizer_common/sanitizer_common_interceptors.inc:892:10
    #2 0xedd893 in search_table_1 /src/ghostpdl/./pdf/pdf_int.c:1191:13
    #3 0xedd0ea in split_bogus_operator /src/ghostpdl/./pdf/pdf_int.c:1319:12
    #4 0xedab6b in pdfi_interpret_stream_operator /src/ghostpdl/./pdf/pdf_int.c:1377:16
    #5 0xeda008 in pdfi_interpret_content_stream /src/ghostpdl/./pdf/pdf_int.c:2103:32
    #6 0xf34d7f in pdfi_process_page_contents /src/ghostpdl/./pdf/pdf_page.c:126:20
    #7 0xf34d7f in pdfi_process_one_page /src/ghostpdl/./pdf/pdf_page.c:151:12
    #8 0xf34d7f in pdfi_page_render /src/ghostpdl/./pdf/pdf_page.c:895:12
    #9 0xe9c845 in zPDFdrawpage /src/ghostpdl/./psi/zpdfops.c:910:12
    #10 0xcffd1b in interp /src/ghostpdl/./psi/interp.c:1725:40
    #11 0xcffd1b in gs_call_interp /src/ghostpdl/./psi/interp.c:522:12
    #12 0xcffd1b in gs_interpret /src/ghostpdl/./psi/interp.c:479:12
    #13 0x56912a in gs_main_interpret /src/ghostpdl/./psi/imain.c:257:12
    #14 0x56912a in gs_main_run_string_end /src/ghostpdl/./psi/imain.c:945:12
    #15 0x56912a in gs_main_run_string_with_length /src/ghostpdl/./psi/imain.c:889:12
    #16 0x5645d2 in gs_main_run_string /src/ghostpdl/./psi/imain.c:870:12
    #17 0x101dad1 in run_string /src/ghostpdl/./psi/imainarg.c:1166:12
    #18 0x1019b09 in swproc /src/ghostpdl/./psi/imainarg.c:367:20
    #19 0x10169ee in gs_main_init_with_args01 /src/ghostpdl/./psi/imainarg.c:224:24
    #20 0x101d859 in gs_main_init_with_args /src/ghostpdl/./psi/imainarg.c:289:16
    #21 0xce8394 in psapi_init_with_args /src/ghostpdl/./psi/psapi.c:281:12
    #22 0x560ae0 in gsapi_init_with_args /src/ghostpdl/./psi/iapi.c:247:12
    #23 0x55fcb0 in gs_to_raster_fuzz /src/gstoraster_fuzzer.cc:97:8
    #24 0x55fcb0 in LLVMFuzzerTestOneInput /src/gstoraster_fuzzer.cc:114:2
    #25 0x457fb3 in fuzzer::Fuzzer::ExecuteCallback(unsigned char const*, unsigned long) cxa_noexception.cpp
    #26 0x443802 in fuzzer::RunOneTest(fuzzer::Fuzzer*, char const*, unsigned long) /src/llvm-project/compiler-rt/lib/fuzzer/FuzzerDriver.cpp:324:6
    #27 0x44937c in fuzzer::FuzzerDriver(int*, char***, int (*)(unsigned char const*, unsigned long)) cxa_noexception.cpp
    #28 0x4723b2 in main /src/llvm-project/compiler-rt/lib/fuzzer/FuzzerMain.cpp:20:10
    #29 0x72b1f7828082 in __libc_start_main (/lib/x86_64-linux-gnu/libc.so.6+0x24082)
    #30 0x4209fd in _start (/out/gstoraster_fuzzer+0x4209fd)

DEDUP_TOKEN: MemcmpInterceptorCommon(void*, int (*)(void const*, void const*, unsigned long), void const*, void const*, unsigned long)--memcmp--search_table_1
0x000002cdccfb is located 37 bytes to the left of global variable 'op_table_2' defined in './pdf/pdf_int.c:1136:13' (0x2cdcd20) of size 78
0x000002cdccfb is located 0 bytes to the right of global variable 'op_table_1' defined in './pdf/pdf_int.c:1141:13' (0x2cdcce0) of size 27
SUMMARY: AddressSanitizer: global-buffer-overflow /src/llvm-project/compiler-rt/lib/asan/../sanitizer_common/sanitizer_common_interceptors.inc:861:7 in MemcmpInterceptorCommon(void*, int (*)(void const*, void const*, unsigned long), void const*, void const*, unsigned long)
Shadow bytes around the buggy address:
  0x000080593940: f9 f9 f9 f9 f9 f9 f9 f9 f9 f9 f9 f9 f9 f9 f9 f9
  0x000080593950: f9 f9 f9 f9 f9 f9 f9 f9 f9 f9 f9 f9 f9 f9 f9 f9
  0x000080593960: f9 f9 f9 f9 f9 f9 f9 f9 f9 f9 f9 f9 f9 f9 f9 f9
  0x000080593970: f9 f9 f9 f9 f9 f9 f9 f9 f9 f9 f9 f9 f9 f9 f9 f9
  0x000080593980: f9 f9 f9 f9 f9 f9 f9 f9 f9 f9 f9 f9 f9 f9 f9 f9
=>0x000080593990: f9 f9 f9 f9 f9 f9 f9 f9 00 07 f9 f9 00 00 00[03]
  0x0000805939a0: f9 f9 f9 f9 00 00 00 00 00 00 00 00 00 06 f9 f9
  0x0000805939b0: f9 f9 f9 f9 00 00 00 00 00 00 00 00 00 00 00 00
  0x0000805939c0: 00 00 00 00 00 00 00 00 00 00 00 00 00 00 00 00
  0x0000805939d0: 00 00 00 00 00 00 00 00 00 00 00 00 00 00 00 00
  0x0000805939e0: 00 00 00 00 00 00 00 00 00 00 00 00 00 00 00 00
Shadow byte legend (one shadow byte represents 8 application bytes):
  Addressable:           00
  Partially addressable: 01 02 03 04 05 06 07 
  Heap left redzone:       fa
  Freed heap region:       fd
  Stack left redzone:      f1
  Stack mid redzone:       f2
  Stack right redzone:     f3
  Stack after return:      f5
  Stack use after scope:   f8
  Global redzone:          f9
  Global init order:       f6
  Poisoned by user:        f7
  Container overflow:      fc
  Array cookie:            ac
  Intra object redzone:    bb
  ASan internal:           fe
  Left alloca redzone:     ca
  Right alloca redzone:    cb
==13==ABORTING
