INFO: Running with entropic power schedule (0xFF, 100).
INFO: Seed: 2240368135
INFO: Loaded 3 modules   (182523 inline 8-bit counters): 13708 [0x783c1d45e9e0, 0x783c1d461f6c), 959 [0x783c1d4bfa40, 0x783c1d4bfdff), 167856 [0x2d97c90, 0x2dc0c40), 
INFO: Loaded 3 PC tables (182523 PCs): 13708 [0x783c1d461f70,0x783c1d497830), 959 [0x783c1d4bfe00,0x783c1d4c39f0), 167856 [0x24c5430,0x2754f30), 
/out/gstoraster_fuzzer: Running 1 inputs 1 time(s) each.
Running: /tmp/poc
=================================================================
==13==ERROR: AddressSanitizer: memcpy-param-overlap: memory ranges [0x6310000008a8,0x6311121e08a8) and [0x631000072660, 0x631112252660) overlap
SCARINESS: 10 (memcpy-param-overlap)
    #0 0x4bef15 in __interceptor_memcpy /src/llvm-project/compiler-rt/lib/asan/../sanitizer_common/sanitizer_common_interceptors.inc:827:5
    #1 0x939305 in recreate_multiple_master /src/ghostpdl/./base/gxfapi.c:297:13
    #2 0x939305 in gs_fapi_do_char /src/ghostpdl/./base/gxfapi.c:1312:9
    #3 0x13974fd in pdfi_fapi_build_char /src/ghostpdl/./pdf/pdf_fapi.c:1386:12
    #4 0xa8fc46 in show_proceed /src/ghostpdl/./base/gxchar.c:1239:12
    #5 0xa87600 in continue_show /src/ghostpdl/./base/gxchar.c:761:12
    #6 0xa89aec in gx_show_text_process /src/ghostpdl/./base/gxchar.c:738:12
    #7 0x923adf in gs_text_process /src/ghostpdl/./base/gstext.c:696:12
    #8 0xfcaae2 in pdfi_show_simple /src/ghostpdl/./pdf/pdf_text.c:516:16
    #9 0xfcaae2 in pdfi_show_Tr_0 /src/ghostpdl/./pdf/pdf_text.c:531:12
    #10 0xfc5052 in pdfi_show /src/ghostpdl/./pdf/pdf_text.c:913:24
    #11 0xfc6ad1 in pdfi_Tj /src/ghostpdl/./pdf/pdf_text.c:1131:12
    #12 0xedbb33 in pdfi_interpret_stream_operator /src/ghostpdl/./pdf/pdf_int.c:1628:24
    #13 0xeda008 in pdfi_interpret_content_stream /src/ghostpdl/./pdf/pdf_int.c:2103:32
    #14 0xf34d7f in pdfi_process_page_contents /src/ghostpdl/./pdf/pdf_page.c:126:20
    #15 0xf34d7f in pdfi_process_one_page /src/ghostpdl/./pdf/pdf_page.c:151:12
    #16 0xf34d7f in pdfi_page_render /src/ghostpdl/./pdf/pdf_page.c:895:12
    #17 0xe9c845 in zPDFdrawpage /src/ghostpdl/./psi/zpdfops.c:910:12
    #18 0xcffd1b in interp /src/ghostpdl/./psi/interp.c:1725:40
    #19 0xcffd1b in gs_call_interp /src/ghostpdl/./psi/interp.c:522:12
    #20 0xcffd1b in gs_interpret /src/ghostpdl/./psi/interp.c:479:12
    #21 0x56912a in gs_main_interpret /src/ghostpdl/./psi/imain.c:257:12
    #22 0x56912a in gs_main_run_string_end /src/ghostpdl/./psi/imain.c:945:12
    #23 0x56912a in gs_main_run_string_with_length /src/ghostpdl/./psi/imain.c:889:12
    #24 0x5645d2 in gs_main_run_string /src/ghostpdl/./psi/imain.c:870:12
    #25 0x101dad1 in run_string /src/ghostpdl/./psi/imainarg.c:1166:12
    #26 0x1019b09 in swproc /src/ghostpdl/./psi/imainarg.c:367:20
    #27 0x10169ee in gs_main_init_with_args01 /src/ghostpdl/./psi/imainarg.c:224:24
    #28 0x101d859 in gs_main_init_with_args /src/ghostpdl/./psi/imainarg.c:289:16
    #29 0xce8394 in psapi_init_with_args /src/ghostpdl/./psi/psapi.c:281:12
    #30 0x560ae0 in gsapi_init_with_args /src/ghostpdl/./psi/iapi.c:247:12
    #31 0x55fcb0 in gs_to_raster_fuzz /src/gstoraster_fuzzer.cc:97:8
    #32 0x55fcb0 in LLVMFuzzerTestOneInput /src/gstoraster_fuzzer.cc:114:2
    #33 0x457fb3 in fuzzer::Fuzzer::ExecuteCallback(unsigned char const*, unsigned long) cxa_noexception.cpp
    #34 0x443802 in fuzzer::RunOneTest(fuzzer::Fuzzer*, char const*, unsigned long) /src/llvm-project/compiler-rt/lib/fuzzer/FuzzerDriver.cpp:324:6
    #35 0x44937c in fuzzer::FuzzerDriver(int*, char***, int (*)(unsigned char const*, unsigned long)) cxa_noexception.cpp
    #36 0x4723b2 in main /src/llvm-project/compiler-rt/lib/fuzzer/FuzzerMain.cpp:20:10
    #37 0x783c1ce58082 in __libc_start_main (/lib/x86_64-linux-gnu/libc.so.6+0x24082)
    #38 0x4209fd in _start (/out/gstoraster_fuzzer+0x4209fd)

DEDUP_TOKEN: __interceptor_memcpy--recreate_multiple_master--gs_fapi_do_char
0x631000010830 is located 0 bytes to the right of 65584-byte region [0x631000000800,0x631000010830)
allocated by thread T0 here:
    #0 0x52664d in __interceptor_malloc /src/llvm-project/compiler-rt/lib/asan/asan_malloc_linux.cpp:129:3
    #1 0x8e8381 in gs_heap_alloc_bytes /src/ghostpdl/./base/gsmalloc.c:192:34
    #2 0x6f717d in chunk_obj_alloc /src/ghostpdl/./base/gsmchunk.c:911:36
    #3 0x6f48f8 in chunk_alloc_bytes_immovable /src/ghostpdl/./base/gsmchunk.c:976:12
    #4 0x9420fa in gs_fapi_ft_init /src/ghostpdl/./base/fapi_ft.c:1900:26
    #5 0x9403ae in gs_fapi_init /src/ghostpdl/./base/gxfapi.c:2013:16
    #6 0x8dd43c in gs_lib_init1 /src/ghostpdl/./base/gsinit.c:59:21
    #7 0x56381b in gs_main_init1 /src/ghostpdl/./psi/imain.c:201:12
    #8 0x10185de in swproc /src/ghostpdl/./psi/imainarg.c:781:29
    #9 0x10169ee in gs_main_init_with_args01 /src/ghostpdl/./psi/imainarg.c:224:24
    #10 0x101d859 in gs_main_init_with_args /src/ghostpdl/./psi/imainarg.c:289:16
    #11 0xce8394 in psapi_init_with_args /src/ghostpdl/./psi/psapi.c:281:12
    #12 0x560ae0 in gsapi_init_with_args /src/ghostpdl/./psi/iapi.c:247:12
    #13 0x55fcb0 in gs_to_raster_fuzz /src/gstoraster_fuzzer.cc:97:8
    #14 0x55fcb0 in LLVMFuzzerTestOneInput /src/gstoraster_fuzzer.cc:114:2
    #15 0x457fb3 in fuzzer::Fuzzer::ExecuteCallback(unsigned char const*, unsigned long) cxa_noexception.cpp
    #16 0x443802 in fuzzer::RunOneTest(fuzzer::Fuzzer*, char const*, unsigned long) /src/llvm-project/compiler-rt/lib/fuzzer/FuzzerDriver.cpp:324:6
    #17 0x44937c in fuzzer::FuzzerDriver(int*, char***, int (*)(unsigned char const*, unsigned long)) cxa_noexception.cpp
    #18 0x4723b2 in main /src/llvm-project/compiler-rt/lib/fuzzer/FuzzerMain.cpp:20:10
    #19 0x783c1ce58082 in __libc_start_main (/lib/x86_64-linux-gnu/libc.so.6+0x24082)

DEDUP_TOKEN: __interceptor_malloc--gs_heap_alloc_bytes--chunk_obj_alloc
0x631000074830 is located 0 bytes to the right of 65584-byte region [0x631000064800,0x631000074830)
allocated by thread T0 here:
    #0 0x52664d in __interceptor_malloc /src/llvm-project/compiler-rt/lib/asan/asan_malloc_linux.cpp:129:3
    #1 0x8e8381 in gs_heap_alloc_bytes /src/ghostpdl/./base/gsmalloc.c:192:34
    #2 0x6f717d in chunk_obj_alloc /src/ghostpdl/./base/gsmchunk.c:911:36
    #3 0x6f624c in chunk_alloc_struct_array /src/ghostpdl/./base/gsmchunk.c:1024:12
    #4 0x136753a in gx_char_cache_alloc /src/ghostpdl/./base/gxccman.c:88:13
    #5 0x12c4b99 in gs_font_dir_alloc2_limits /src/ghostpdl/./base/gsfont.c:263:12
    #6 0x12c4a40 in gs_font_dir_alloc2 /src/ghostpdl/./base/gsfont.c:236:16
    #7 0xf6ac70 in pdfi_init_font_directory /src/ghostpdl/./pdf/pdf_font.c:1662:21
    #8 0xeaf823 in pdfi_create_context /src/ghostpdl/./pdf/ghostpdf.c:1623:12
    #9 0xe9cdb4 in zPDFInit /src/ghostpdl/./psi/zpdfops.c:991:11
    #10 0xcffd1b in interp /src/ghostpdl/./psi/interp.c:1725:40
    #11 0xcffd1b in gs_call_interp /src/ghostpdl/./psi/interp.c:522:12
    #12 0xcffd1b in gs_interpret /src/ghostpdl/./psi/interp.c:479:12
    #13 0x56912a in gs_main_interpret /src/ghostpdl/./psi/imain.c:257:12
    #14 0x56912a in gs_main_run_string_end /src/ghostpdl/./psi/imain.c:945:12
    #15 0x56912a in gs_main_run_string_with_length /src/ghostpdl/./psi/imain.c:889:12
    #16 0x5645d2 in gs_main_run_string /src/ghostpdl/./psi/imain.c:870:12
    #17 0x101dad1 in run_string /src/ghostpdl/./psi/imainarg.c:1166:12
    #18 0x1019b09 in swproc /src/ghostpdl/./psi/imainarg.c:367:20
    #19 0x10169ee in gs_main_init_with_args01 /src/ghostpdl/./psi/imainarg.c:224:24
    #20 0x101d859 in gs_main_init_with_args /src/ghostpdl/./psi/imainarg.c:289:16
    #21 0xce8394 in psapi_init_with_args /src/ghostpdl/./psi/psapi.c:281:12
    #22 0x560ae0 in gsapi_init_with_args /src/ghostpdl/./psi/iapi.c:247:12
    #23 0x55fcb0 in gs_to_raster_fuzz /src/gstoraster_fuzzer.cc:97:8
    #24 0x55fcb0 in LLVMFuzzerTestOneInput /src/gstoraster_fuzzer.cc:114:2
    #25 0x457fb3 in fuzzer::Fuzzer::ExecuteCallback(unsigned char const*, unsigned long) cxa_noexception.cpp
    #26 0x443802 in fuzzer::RunOneTest(fuzzer::Fuzzer*, char const*, unsigned long) /src/llvm-project/compiler-rt/lib/fuzzer/FuzzerDriver.cpp:324:6
    #27 0x44937c in fuzzer::FuzzerDriver(int*, char***, int (*)(unsigned char const*, unsigned long)) cxa_noexception.cpp
    #28 0x4723b2 in main /src/llvm-project/compiler-rt/lib/fuzzer/FuzzerMain.cpp:20:10
    #29 0x783c1ce58082 in __libc_start_main (/lib/x86_64-linux-gnu/libc.so.6+0x24082)

DEDUP_TOKEN: __interceptor_malloc--gs_heap_alloc_bytes--chunk_obj_alloc
SUMMARY: AddressSanitizer: memcpy-param-overlap /src/llvm-project/compiler-rt/lib/asan/../sanitizer_common/sanitizer_common_interceptors.inc:827:5 in __interceptor_memcpy
==13==ABORTING
