INFO: Seed: 2287706884
INFO: Loaded 1 modules   (5293 inline 8-bit counters): 5293 [0xa900a0, 0xa9154d), 
INFO: Loaded 1 PC tables (5293 PCs): 5293 [0xa91550,0xaa6020), 
/out/unrar_fuzzer: Running 1 inputs 1 time(s) each.
Running: /tmp/poc
==13==WARNING: MemorySanitizer: use-of-uninitialized-value
    #0 0x61c85c in Archive::ConvertAttributes() /src/unrar/arcread.cpp:1284:3
    #1 0x56ec4e in CmdExtract::ExtractCurrentFile(Archive&, unsigned long, bool&) /src/unrar/extract.cpp:309:7
    #2 0x56d708 in CmdExtract::ExtractArchive() /src/unrar/extract.cpp:199:10
    #3 0x56bdf0 in CmdExtract::DoExtract() /src/unrar/extract.cpp:45:29
    #4 0x49c684 in LLVMFuzzerTestOneInput /src/unrar/unrar_fuzzer.cc:22:15
    #5 0x4d8ba6 in fuzzer::Fuzzer::ExecuteCallback(unsigned char const*, unsigned long) /src/libfuzzer/FuzzerLoop.cpp:512:13
    #6 0x49e87c in fuzzer::RunOneTest(fuzzer::Fuzzer*, char const*, unsigned long) /src/libfuzzer/FuzzerDriver.cpp:273:6
    #7 0x4b2c4b in fuzzer::FuzzerDriver(int*, char***, int (*)(unsigned char const*, unsigned long)) /src/libfuzzer/FuzzerDriver.cpp:692:9
    #8 0x49d9d1 in main /src/libfuzzer/FuzzerMain.cpp:20:10
    #9 0x7cdd449f383f in __libc_start_main (/lib/x86_64-linux-gnu/libc.so.6+0x2083f)
    #10 0x41f3a8 in _start (/out/unrar_fuzzer+0x41f3a8)

DEDUP_TOKEN: Archive::ConvertAttributes()--CmdExtract::ExtractCurrentFile(Archive&, unsigned long, bool&)--CmdExtract::ExtractArchive()
  Uninitialized value was created by an allocation of 'Arc' in the stack frame of function '_ZN10CmdExtract14ExtractArchiveEv'
    #0 0x56c8a0 in CmdExtract::ExtractArchive() /src/unrar/extract.cpp:100

DEDUP_TOKEN: CmdExtract::ExtractArchive()
SUMMARY: MemorySanitizer: use-of-uninitialized-value /src/unrar/arcread.cpp:1284:3 in Archive::ConvertAttributes()
Unique heap origins: 56
Stack depot allocated bytes: 4288
Unique origin histories: 6
History depot allocated bytes: 144
Exiting
