INFO: Running with entropic power schedule (0xFF, 100).
INFO: Seed: 2218166538
INFO: Loaded 3 modules   (182523 inline 8-bit counters): 13708 [0x7ac5deeb69e0, 0x7ac5deeb9f6c), 959 [0x7ac5def17a40, 0x7ac5def17dff), 167856 [0x2d97c90, 0x2dc0c40), 
INFO: Loaded 3 PC tables (182523 PCs): 13708 [0x7ac5deeb9f70,0x7ac5deeef830), 959 [0x7ac5def17e00,0x7ac5def1b9f0), 167856 [0x24c5430,0x2754f30), 
/out/gstoraster_fuzzer: Running 1 inputs 1 time(s) each.
Running: /tmp/poc
=================================================================
==13==ERROR: AddressSanitizer: heap-buffer-overflow on address 0x7ac5db1f1470 at pc 0x000000ec735a bp 0x7fff267c6f10 sp 0x7fff267c6f08
READ of size 8 at 0x7ac5db1f1470 thread T0
SCARINESS: 33 (8-byte-read-heap-buffer-overflow-far-from-bounds)
    #0 0xec7359 in read_xref_section /src/ghostpdl/./pdf/pdf_xref.c:762:20
    #1 0xec7359 in read_xref /src/ghostpdl/./pdf/pdf_xref.c:800:16
    #2 0xec45d1 in pdfi_read_xref /src/ghostpdl/./pdf/pdf_xref.c:1032:20
    #3 0xeac026 in pdfi_init_file /src/ghostpdl/./pdf/ghostpdf.c:1047:12
    #4 0xeac026 in pdfi_set_input_stream /src/ghostpdl/./pdf/ghostpdf.c:1314:12
    #5 0xe98974 in zPDFstream /src/ghostpdl/./psi/zpdfops.c:521:12
    #6 0xcffd1b in interp /src/ghostpdl/./psi/interp.c:1725:40
    #7 0xcffd1b in gs_call_interp /src/ghostpdl/./psi/interp.c:522:12
    #8 0xcffd1b in gs_interpret /src/ghostpdl/./psi/interp.c:479:12
    #9 0x56912a in gs_main_interpret /src/ghostpdl/./psi/imain.c:257:12
    #10 0x56912a in gs_main_run_string_end /src/ghostpdl/./psi/imain.c:945:12
    #11 0x56912a in gs_main_run_string_with_length /src/ghostpdl/./psi/imain.c:889:12
    #12 0x5645d2 in gs_main_run_string /src/ghostpdl/./psi/imain.c:870:12
    #13 0x101dad1 in run_string /src/ghostpdl/./psi/imainarg.c:1166:12
    #14 0x1019b09 in swproc /src/ghostpdl/./psi/imainarg.c:367:20
    #15 0x10169ee in gs_main_init_with_args01 /src/ghostpdl/./psi/imainarg.c:224:24
    #16 0x101d859 in gs_main_init_with_args /src/ghostpdl/./psi/imainarg.c:289:16
    #17 0xce8394 in psapi_init_with_args /src/ghostpdl/./psi/psapi.c:281:12
    #18 0x560ae0 in gsapi_init_with_args /src/ghostpdl/./psi/iapi.c:247:12
    #19 0x55fcb0 in gs_to_raster_fuzz /src/gstoraster_fuzzer.cc:97:8
    #20 0x55fcb0 in LLVMFuzzerTestOneInput /src/gstoraster_fuzzer.cc:114:2
    #21 0x457fb3 in fuzzer::Fuzzer::ExecuteCallback(unsigned char const*, unsigned long) cxa_noexception.cpp
    #22 0x443802 in fuzzer::RunOneTest(fuzzer::Fuzzer*, char const*, unsigned long) /src/llvm-project/compiler-rt/lib/fuzzer/FuzzerDriver.cpp:324:6
    #23 0x44937c in fuzzer::FuzzerDriver(int*, char***, int (*)(unsigned char const*, unsigned long)) cxa_noexception.cpp
    #24 0x4723b2 in main /src/llvm-project/compiler-rt/lib/fuzzer/FuzzerMain.cpp:20:10
    #25 0x7ac5de8b0082 in __libc_start_main (/lib/x86_64-linux-gnu/libc.so.6+0x24082)
    #26 0x4209fd in _start (/out/gstoraster_fuzzer+0x4209fd)

DEDUP_TOKEN: read_xref_section--read_xref--pdfi_read_xref
0x7ac5db1f1470 is located 912 bytes to the left of 1309840-byte region [0x7ac5db1f1800,0x7ac5db331490)
allocated by thread T0 here:
    #0 0x52664d in __interceptor_malloc /src/llvm-project/compiler-rt/lib/asan/asan_malloc_linux.cpp:129:3
    #1 0x8e8381 in gs_heap_alloc_bytes /src/ghostpdl/./base/gsmalloc.c:192:34
    #2 0x6f6aef in chunk_obj_alloc /src/ghostpdl/./base/gsmchunk.c:791:35
    #3 0x6f60c8 in chunk_alloc_bytes /src/ghostpdl/./base/gsmchunk.c:982:12
    #4 0xec83e7 in resize_xref /src/ghostpdl/./pdf/pdf_xref.c:39:31
    #5 0xec5921 in read_xref_section /src/ghostpdl/./pdf/pdf_xref.c:730:24
    #6 0xec5921 in read_xref /src/ghostpdl/./pdf/pdf_xref.c:800:16
    #7 0xec45d1 in pdfi_read_xref /src/ghostpdl/./pdf/pdf_xref.c:1032:20
    #8 0xeac026 in pdfi_init_file /src/ghostpdl/./pdf/ghostpdf.c:1047:12
    #9 0xeac026 in pdfi_set_input_stream /src/ghostpdl/./pdf/ghostpdf.c:1314:12
    #10 0xe98974 in zPDFstream /src/ghostpdl/./psi/zpdfops.c:521:12
    #11 0xcffd1b in interp /src/ghostpdl/./psi/interp.c:1725:40
    #12 0xcffd1b in gs_call_interp /src/ghostpdl/./psi/interp.c:522:12
    #13 0xcffd1b in gs_interpret /src/ghostpdl/./psi/interp.c:479:12
    #14 0x56912a in gs_main_interpret /src/ghostpdl/./psi/imain.c:257:12
    #15 0x56912a in gs_main_run_string_end /src/ghostpdl/./psi/imain.c:945:12
    #16 0x56912a in gs_main_run_string_with_length /src/ghostpdl/./psi/imain.c:889:12
    #17 0x5645d2 in gs_main_run_string /src/ghostpdl/./psi/imain.c:870:12
    #18 0x101dad1 in run_string /src/ghostpdl/./psi/imainarg.c:1166:12
    #19 0x1019b09 in swproc /src/ghostpdl/./psi/imainarg.c:367:20
    #20 0x10169ee in gs_main_init_with_args01 /src/ghostpdl/./psi/imainarg.c:224:24
    #21 0x101d859 in gs_main_init_with_args /src/ghostpdl/./psi/imainarg.c:289:16
    #22 0xce8394 in psapi_init_with_args /src/ghostpdl/./psi/psapi.c:281:12
    #23 0x560ae0 in gsapi_init_with_args /src/ghostpdl/./psi/iapi.c:247:12
    #24 0x55fcb0 in gs_to_raster_fuzz /src/gstoraster_fuzzer.cc:97:8
    #25 0x55fcb0 in LLVMFuzzerTestOneInput /src/gstoraster_fuzzer.cc:114:2
    #26 0x457fb3 in fuzzer::Fuzzer::ExecuteCallback(unsigned char const*, unsigned long) cxa_noexception.cpp
    #27 0x443802 in fuzzer::RunOneTest(fuzzer::Fuzzer*, char const*, unsigned long) /src/llvm-project/compiler-rt/lib/fuzzer/FuzzerDriver.cpp:324:6
    #28 0x44937c in fuzzer::FuzzerDriver(int*, char***, int (*)(unsigned char const*, unsigned long)) cxa_noexception.cpp
    #29 0x4723b2 in main /src/llvm-project/compiler-rt/lib/fuzzer/FuzzerMain.cpp:20:10
    #30 0x7ac5de8b0082 in __libc_start_main (/lib/x86_64-linux-gnu/libc.so.6+0x24082)

DEDUP_TOKEN: __interceptor_malloc--gs_heap_alloc_bytes--chunk_obj_alloc
SUMMARY: AddressSanitizer: heap-buffer-overflow /src/ghostpdl/./pdf/pdf_xref.c:762:20 in read_xref_section
Shadow bytes around the buggy address:
  0x0f593b636230: fa fa fa fa fa fa fa fa fa fa fa fa fa fa fa fa
  0x0f593b636240: fa fa fa fa fa fa fa fa fa fa fa fa fa fa fa fa
  0x0f593b636250: fa fa fa fa fa fa fa fa fa fa fa fa fa fa fa fa
  0x0f593b636260: fa fa fa fa fa fa fa fa fa fa fa fa fa fa fa fa
  0x0f593b636270: fa fa fa fa fa fa fa fa fa fa fa fa fa fa fa fa
=>0x0f593b636280: fa fa fa fa fa fa fa fa fa fa fa fa fa fa[fa]fa
  0x0f593b636290: fa fa fa fa fa fa fa fa fa fa fa fa fa fa fa fa
  0x0f593b6362a0: fa fa fa fa fa fa fa fa fa fa fa fa fa fa fa fa
  0x0f593b6362b0: fa fa fa fa fa fa fa fa fa fa fa fa fa fa fa fa
  0x0f593b6362c0: fa fa fa fa fa fa fa fa fa fa fa fa fa fa fa fa
  0x0f593b6362d0: fa fa fa fa fa fa fa fa fa fa fa fa fa fa fa fa
Shadow byte legend (one shadow byte represents 8 application bytes):
  Addressable:           00
  Partially addressable: 01 02 03 04 05 06 07 
  Heap left redzone:       fa
  Freed heap region:       fd
  Stack left redzone:      f1
  Stack mid redzone:       f2
  Stack right redzone:     f3
  Stack after return:      f5
  Stack use after scope:   f8
  Global redzone:          f9
  Global init order:       f6
  Poisoned by user:        f7
  Container overflow:      fc
  Array cookie:            ac
  Intra object redzone:    bb
  ASan internal:           fe
  Left alloca redzone:     ca
  Right alloca redzone:    cb
==13==ABORTING
