INFO: Seed: 2295038288
INFO: Loaded 1 modules   (5293 inline 8-bit counters): 5293 [0xa900a0, 0xa9154d), 
INFO: Loaded 1 PC tables (5293 PCs): 5293 [0xa91550,0xaa6020), 
/out/unrar_fuzzer: Running 1 inputs 1 time(s) each.
Running: /tmp/poc
==13==WARNING: MemorySanitizer: use-of-uninitialized-value
    #0 0x65e39f in IsRelativeSymlinkSafe(CommandData*, wchar_t const*, wchar_t const*, wchar_t const*) /src/unrar/extinfo.cpp:125:3
    #1 0x65d888 in ExtractUnixLink30(CommandData*, ComprDataIO&, Archive&, wchar_t const*) /src/unrar/./ulinks.cpp:73:10
    #2 0x660e61 in ExtractSymlink(CommandData*, ComprDataIO&, Archive&, wchar_t const*) /src/unrar/extinfo.cpp:168:12
    #3 0x572fec in CmdExtract::ExtractCurrentFile(Archive&, unsigned long, bool&) /src/unrar/extract.cpp:642:27
    #4 0x56d708 in CmdExtract::ExtractArchive() /src/unrar/extract.cpp:199:10
    #5 0x56bdf0 in CmdExtract::DoExtract() /src/unrar/extract.cpp:45:29
    #6 0x49c684 in LLVMFuzzerTestOneInput /src/unrar/unrar_fuzzer.cc:22:15
    #7 0x4d8ba6 in fuzzer::Fuzzer::ExecuteCallback(unsigned char const*, unsigned long) /src/libfuzzer/FuzzerLoop.cpp:512:13
    #8 0x49e87c in fuzzer::RunOneTest(fuzzer::Fuzzer*, char const*, unsigned long) /src/libfuzzer/FuzzerDriver.cpp:273:6
    #9 0x4b2c4b in fuzzer::FuzzerDriver(int*, char***, int (*)(unsigned char const*, unsigned long)) /src/libfuzzer/FuzzerDriver.cpp:692:9
    #10 0x49d9d1 in main /src/libfuzzer/FuzzerMain.cpp:20:10
    #11 0x760cdf2f983f in __libc_start_main (/lib/x86_64-linux-gnu/libc.so.6+0x2083f)
    #12 0x41f3a8 in _start (/out/unrar_fuzzer+0x41f3a8)

DEDUP_TOKEN: IsRelativeSymlinkSafe(CommandData*, wchar_t const*, wchar_t const*, wchar_t const*)--ExtractUnixLink30(CommandData*, ComprDataIO&, Archive&, wchar_t const*)--ExtractSymlink(CommandData*, ComprDataIO&, Archive&, wchar_t const*)
  Uninitialized value was created by an allocation of 'TargetW' in the stack frame of function '_Z17ExtractUnixLink30P11CommandDataR11ComprDataIOR7ArchivePKw'
    #0 0x65d110 in ExtractUnixLink30(CommandData*, ComprDataIO&, Archive&, wchar_t const*) /src/unrar/./ulinks.cpp:49

DEDUP_TOKEN: ExtractUnixLink30(CommandData*, ComprDataIO&, Archive&, wchar_t const*)
SUMMARY: MemorySanitizer: use-of-uninitialized-value /src/unrar/extinfo.cpp:125:3 in IsRelativeSymlinkSafe(CommandData*, wchar_t const*, wchar_t const*, wchar_t const*)
Unique heap origins: 72
Stack depot allocated bytes: 6264
Unique origin histories: 14
History depot allocated bytes: 336
Exiting
