INFO: Running with entropic power schedule (0xFF, 100).
INFO: Seed: 2254273948
INFO: Loaded 1 modules   (57398 inline 8-bit counters): 57398 [0x11c4f7c, 0x11d2fb2), 
INFO: Loaded 1 PC tables (57398 PCs): 57398 [0xe87ba8,0xf67f08), 
/out/decompress_chunk_fuzzer: Running 1 inputs 1 time(s) each.
Running: /tmp/poc
MemorySanitizer:DEADLYSIGNAL
==13==ERROR: MemorySanitizer: SEGV on unknown address 0x717000010000 (pc 0x7b2f04d42bf8 bp 0x7ffd5c367060 sp 0x7ffd5c366e28 T13)
==13==The signal is caused by a WRITE memory access.
    #0 0x7b2f04d42bf8  (/lib/x86_64-linux-gnu/libc.so.6+0x172bf8)
    #1 0x4d75ee in __msan_memset /src/llvm-project/compiler-rt/lib/msan/msan_interceptors.cpp
    #2 0xdd9f80 in ndlz4_decompress /src/c-blosc2/plugins/codecs/ndlz/ndlz4x4.c:540:3
    #3 0xdce3bd in ndlz_decompress /src/c-blosc2/plugins/codecs/ndlz/ndlz.c:142:20
    #4 0x54a62b in blosc_d /src/c-blosc2/blosc/blosc2.c:1656:22
    #5 0x534089 in serial_blosc /src/c-blosc2/blosc/blosc2.c:1753:16
    #6 0x534089 in do_job /src/c-blosc2/blosc/blosc2.c:1918:15
    #7 0x53f34b in blosc_run_decompression_with_context /src/c-blosc2/blosc/blosc2.c:2558:13
    #8 0x5403dc in blosc2_decompress /src/c-blosc2/blosc/blosc2.c:2626:12
    #9 0x525c62 in LLVMFuzzerTestOneInput /src/c-blosc2/tests/fuzz/fuzz_decompress_chunk.c:34:5
    #10 0x458553 in fuzzer::Fuzzer::ExecuteCallback(unsigned char const*, unsigned long) /src/llvm-project/compiler-rt/lib/fuzzer/FuzzerLoop.cpp:599:15
    #11 0x4439f2 in fuzzer::RunOneTest(fuzzer::Fuzzer*, char const*, unsigned long) /src/llvm-project/compiler-rt/lib/fuzzer/FuzzerDriver.cpp:323:6
    #12 0x44969e in fuzzer::FuzzerDriver(int*, char***, int (*)(unsigned char const*, unsigned long)) /src/llvm-project/compiler-rt/lib/fuzzer/FuzzerDriver.cpp:856:9
    #13 0x473312 in main /src/llvm-project/compiler-rt/lib/fuzzer/FuzzerMain.cpp:20:10
    #14 0x7b2f04bf083f in __libc_start_main (/lib/x86_64-linux-gnu/libc.so.6+0x2083f)
    #15 0x41eda8 in _start (/out/decompress_chunk_fuzzer+0x41eda8)

DEDUP_TOKEN: __msan_memset--ndlz4_decompress
MemorySanitizer can not provide additional info.
SUMMARY: MemorySanitizer: SEGV (/lib/x86_64-linux-gnu/libc.so.6+0x172bf8) 
==13==ABORTING
