INFO: Running with entropic power schedule (0xFF, 100).
INFO: Seed: 2211134035
INFO: Loaded 3 modules   (182523 inline 8-bit counters): 13708 [0x7431c479e9e0, 0x7431c47a1f6c), 959 [0x7431c47ffa40, 0x7431c47ffdff), 167856 [0x2d97c90, 0x2dc0c40), 
INFO: Loaded 3 PC tables (182523 PCs): 13708 [0x7431c47a1f70,0x7431c47d7830), 959 [0x7431c47ffe00,0x7431c48039f0), 167856 [0x24c5430,0x2754f30), 
/out/gstoraster_fuzzer: Running 1 inputs 1 time(s) each.
Running: /tmp/poc
=================================================================
==14==ERROR: AddressSanitizer: heap-buffer-overflow on address 0x631000060830 at pc 0x000000ecc808 bp 0x7ffced354f70 sp 0x7ffced354f68
WRITE of size 8 at 0x631000060830 thread T0
SCARINESS: 42 (8-byte-write-heap-buffer-overflow)
    #0 0xecc807 in read_xref_stream_entries /src/ghostpdl/./pdf/pdf_xref.c:114:22
    #1 0xeca840 in pdfi_process_xref_stream /src/ghostpdl/./pdf/pdf_xref.c:297:16
    #2 0xec7ff4 in pdfi_read_xref_stream_dict /src/ghostpdl/./pdf/pdf_xref.c:502:32
    #3 0xecb677 in pdfi_process_xref_stream /src/ghostpdl/./pdf/pdf_xref.c:399:16
    #4 0xec7ff4 in pdfi_read_xref_stream_dict /src/ghostpdl/./pdf/pdf_xref.c:502:32
    #5 0xec46d3 in pdfi_read_xref /src/ghostpdl/./pdf/pdf_xref.c:1038:20
    #6 0xeac026 in pdfi_init_file /src/ghostpdl/./pdf/ghostpdf.c:1047:12
    #7 0xeac026 in pdfi_set_input_stream /src/ghostpdl/./pdf/ghostpdf.c:1314:12
    #8 0xe98974 in zPDFstream /src/ghostpdl/./psi/zpdfops.c:521:12
    #9 0xcffd1b in interp /src/ghostpdl/./psi/interp.c:1725:40
    #10 0xcffd1b in gs_call_interp /src/ghostpdl/./psi/interp.c:522:12
    #11 0xcffd1b in gs_interpret /src/ghostpdl/./psi/interp.c:479:12
    #12 0x56912a in gs_main_interpret /src/ghostpdl/./psi/imain.c:257:12
    #13 0x56912a in gs_main_run_string_end /src/ghostpdl/./psi/imain.c:945:12
    #14 0x56912a in gs_main_run_string_with_length /src/ghostpdl/./psi/imain.c:889:12
    #15 0x5645d2 in gs_main_run_string /src/ghostpdl/./psi/imain.c:870:12
    #16 0x101dad1 in run_string /src/ghostpdl/./psi/imainarg.c:1166:12
    #17 0x1019b09 in swproc /src/ghostpdl/./psi/imainarg.c:367:20
    #18 0x10169ee in gs_main_init_with_args01 /src/ghostpdl/./psi/imainarg.c:224:24
    #19 0x101d859 in gs_main_init_with_args /src/ghostpdl/./psi/imainarg.c:289:16
    #20 0xce8394 in psapi_init_with_args /src/ghostpdl/./psi/psapi.c:281:12
    #21 0x560ae0 in gsapi_init_with_args /src/ghostpdl/./psi/iapi.c:247:12
    #22 0x55fcb0 in gs_to_raster_fuzz /src/gstoraster_fuzzer.cc:97:8
    #23 0x55fcb0 in LLVMFuzzerTestOneInput /src/gstoraster_fuzzer.cc:114:2
    #24 0x457fb3 in fuzzer::Fuzzer::ExecuteCallback(unsigned char const*, unsigned long) cxa_noexception.cpp
    #25 0x443802 in fuzzer::RunOneTest(fuzzer::Fuzzer*, char const*, unsigned long) /src/llvm-project/compiler-rt/lib/fuzzer/FuzzerDriver.cpp:324:6
    #26 0x44937c in fuzzer::FuzzerDriver(int*, char***, int (*)(unsigned char const*, unsigned long)) cxa_noexception.cpp
    #27 0x4723b2 in main /src/llvm-project/compiler-rt/lib/fuzzer/FuzzerMain.cpp:20:10
    #28 0x7431c4198082 in __libc_start_main (/lib/x86_64-linux-gnu/libc.so.6+0x24082)
    #29 0x4209fd in _start (/out/gstoraster_fuzzer+0x4209fd)

DEDUP_TOKEN: read_xref_stream_entries--pdfi_process_xref_stream--pdfi_read_xref_stream_dict
0x631000060830 is located 0 bytes to the right of 65584-byte region [0x631000050800,0x631000060830)
allocated by thread T0 here:
    #0 0x52664d in __interceptor_malloc /src/llvm-project/compiler-rt/lib/asan/asan_malloc_linux.cpp:129:3
    #1 0x8e8381 in gs_heap_alloc_bytes /src/ghostpdl/./base/gsmalloc.c:192:34
    #2 0x6f717d in chunk_obj_alloc /src/ghostpdl/./base/gsmchunk.c:911:36
    #3 0x6f60c8 in chunk_alloc_bytes /src/ghostpdl/./base/gsmchunk.c:982:12
    #4 0xeaf66a in pdfi_create_context /src/ghostpdl/./pdf/ghostpdf.c:1587:27
    #5 0xe9cdb4 in zPDFInit /src/ghostpdl/./psi/zpdfops.c:991:11
    #6 0xcffd1b in interp /src/ghostpdl/./psi/interp.c:1725:40
    #7 0xcffd1b in gs_call_interp /src/ghostpdl/./psi/interp.c:522:12
    #8 0xcffd1b in gs_interpret /src/ghostpdl/./psi/interp.c:479:12
    #9 0x56912a in gs_main_interpret /src/ghostpdl/./psi/imain.c:257:12
    #10 0x56912a in gs_main_run_string_end /src/ghostpdl/./psi/imain.c:945:12
    #11 0x56912a in gs_main_run_string_with_length /src/ghostpdl/./psi/imain.c:889:12
    #12 0x5645d2 in gs_main_run_string /src/ghostpdl/./psi/imain.c:870:12
    #13 0x101dad1 in run_string /src/ghostpdl/./psi/imainarg.c:1166:12
    #14 0x1019b09 in swproc /src/ghostpdl/./psi/imainarg.c:367:20
    #15 0x10169ee in gs_main_init_with_args01 /src/ghostpdl/./psi/imainarg.c:224:24
    #16 0x101d859 in gs_main_init_with_args /src/ghostpdl/./psi/imainarg.c:289:16
    #17 0xce8394 in psapi_init_with_args /src/ghostpdl/./psi/psapi.c:281:12
    #18 0x560ae0 in gsapi_init_with_args /src/ghostpdl/./psi/iapi.c:247:12
    #19 0x55fcb0 in gs_to_raster_fuzz /src/gstoraster_fuzzer.cc:97:8
    #20 0x55fcb0 in LLVMFuzzerTestOneInput /src/gstoraster_fuzzer.cc:114:2
    #21 0x457fb3 in fuzzer::Fuzzer::ExecuteCallback(unsigned char const*, unsigned long) cxa_noexception.cpp
    #22 0x443802 in fuzzer::RunOneTest(fuzzer::Fuzzer*, char const*, unsigned long) /src/llvm-project/compiler-rt/lib/fuzzer/FuzzerDriver.cpp:324:6
    #23 0x44937c in fuzzer::FuzzerDriver(int*, char***, int (*)(unsigned char const*, unsigned long)) cxa_noexception.cpp
    #24 0x4723b2 in main /src/llvm-project/compiler-rt/lib/fuzzer/FuzzerMain.cpp:20:10
    #25 0x7431c4198082 in __libc_start_main (/lib/x86_64-linux-gnu/libc.so.6+0x24082)

DEDUP_TOKEN: __interceptor_malloc--gs_heap_alloc_bytes--chunk_obj_alloc
SUMMARY: AddressSanitizer: heap-buffer-overflow /src/ghostpdl/./pdf/pdf_xref.c:114:22 in read_xref_stream_entries
Shadow bytes around the buggy address:
  0x0c62800040b0: 00 00 00 00 00 00 00 00 00 00 00 00 00 00 00 00
  0x0c62800040c0: 00 00 00 00 00 00 00 00 00 00 00 00 00 00 00 00
  0x0c62800040d0: 00 00 00 00 00 00 00 00 00 00 00 00 00 00 00 00
  0x0c62800040e0: 00 00 00 00 00 00 00 00 00 00 00 00 00 00 00 00
  0x0c62800040f0: 00 00 00 00 00 00 00 00 00 00 00 00 00 00 00 00
=>0x0c6280004100: 00 00 00 00 00 00[fa]fa fa fa fa fa fa fa fa fa
  0x0c6280004110: fa fa fa fa fa fa fa fa fa fa fa fa fa fa fa fa
  0x0c6280004120: fa fa fa fa fa fa fa fa fa fa fa fa fa fa fa fa
  0x0c6280004130: fa fa fa fa fa fa fa fa fa fa fa fa fa fa fa fa
  0x0c6280004140: fa fa fa fa fa fa fa fa fa fa fa fa fa fa fa fa
  0x0c6280004150: fa fa fa fa fa fa fa fa fa fa fa fa fa fa fa fa
Shadow byte legend (one shadow byte represents 8 application bytes):
  Addressable:           00
  Partially addressable: 01 02 03 04 05 06 07 
  Heap left redzone:       fa
  Freed heap region:       fd
  Stack left redzone:      f1
  Stack mid redzone:       f2
  Stack right redzone:     f3
  Stack after return:      f5
  Stack use after scope:   f8
  Global redzone:          f9
  Global init order:       f6
  Poisoned by user:        f7
  Container overflow:      fc
  Array cookie:            ac
  Intra object redzone:    bb
  ASan internal:           fe
  Left alloca redzone:     ca
  Right alloca redzone:    cb
==14==ABORTING
