INFO: Running with entropic power schedule (0xFF, 100).
INFO: Seed: 2314941478
INFO: Loaded 1 modules   (2962 inline 8-bit counters): 2962 [0x617ab8, 0x61864a), 
INFO: Loaded 1 PC tables (2962 PCs): 2962 [0x5c9400,0x5d4d20), 
/out/zip_fuzzer: Running 1 inputs 1 time(s) each.
Running: /tmp/poc
==13==WARNING: MemorySanitizer: use-of-uninitialized-value
    #0 0x537003 in tinfl_decompress /src/miniz/build/amalgamation/miniz.c:2599:29
    #1 0x55c3f7 in mz_zip_reader_extract_to_mem_no_alloc1 /src/miniz/build/amalgamation/miniz.c:4565:18
    #2 0x55d60f in mz_zip_reader_extract_file_to_mem_no_alloc /src/miniz/build/amalgamation/miniz.c:4604:12
    #3 0x55d60f in mz_zip_reader_extract_file_to_mem /src/miniz/build/amalgamation/miniz.c:4614:12
    #4 0x52713e in LLVMFuzzerTestOneInput /src/miniz/tests/zip_fuzzer.c:50:9
    #5 0x454fd3 in fuzzer::Fuzzer::ExecuteCallback(unsigned char const*, unsigned long) /src/llvm-project/compiler-rt/lib/fuzzer/FuzzerLoop.cpp:611:15
    #6 0x440c62 in fuzzer::RunOneTest(fuzzer::Fuzzer*, char const*, unsigned long) /src/llvm-project/compiler-rt/lib/fuzzer/FuzzerDriver.cpp:324:6
    #7 0x4464ac in fuzzer::FuzzerDriver(int*, char***, int (*)(unsigned char const*, unsigned long)) /src/llvm-project/compiler-rt/lib/fuzzer/FuzzerDriver.cpp:860:9
    #8 0x46f0a2 in main /src/llvm-project/compiler-rt/lib/fuzzer/FuzzerMain.cpp:20:10
    #9 0x7db07b1c5082 in __libc_start_main (/lib/x86_64-linux-gnu/libc.so.6+0x24082)
    #10 0x41f48d in _start (/out/zip_fuzzer+0x41f48d)

DEDUP_TOKEN: tinfl_decompress--mz_zip_reader_extract_to_mem_no_alloc1--mz_zip_reader_extract_file_to_mem_no_alloc
  Uninitialized value was created by an allocation of 'inflator' in the stack frame of function 'mz_zip_reader_extract_to_mem_no_alloc1'
    #0 0x55aec0 in mz_zip_reader_extract_to_mem_no_alloc1 /src/miniz/build/amalgamation/miniz.c:4449

DEDUP_TOKEN: mz_zip_reader_extract_to_mem_no_alloc1
SUMMARY: MemorySanitizer: use-of-uninitialized-value /src/miniz/build/amalgamation/miniz.c:2599:29 in tinfl_decompress
Unique heap origins: 33
Stack depot allocated bytes: 1638400
Unique origin histories: 5
History depot allocated bytes: 196608
Exiting
