INFO: Running with entropic power schedule (0xFF, 100).
INFO: Seed: 2290003262
INFO: Loaded 1 modules   (41544 inline 8-bit counters): 41544 [0x9acfa0, 0x9b71e8), 
INFO: Loaded 1 PC tables (41544 PCs): 41544 [0x86e7c8,0x910c48), 
/out/xslt: Running 1 inputs 1 time(s) each.
Running: /tmp/poc
=================================================================
==13==ERROR: AddressSanitizer: attempting free on address which was not malloc()-ed: 0x6190000005ed in thread T0
SCARINESS: 40 (bad-free)
    #0 0x5244c2 in free /src/llvm-project/compiler-rt/lib/asan/asan_malloc_linux.cpp:111:3
    #1 0x6920de in xmlFreeProp /src/libxml2/tree.c:2117:5
    #2 0x68cc00 in xmlFreePropList /src/libxml2/tree.c:2091:9
    #3 0x68cc00 in xmlFreeNodeList /src/libxml2/tree.c:3727:3
    #4 0x68b4d7 in xmlFreeNode /src/libxml2/tree.c:3805:2
    #5 0x65eb2c in xmlParseBalancedChunkMemoryInternal /src/libxml2/parser.c:13435:2
    #6 0x65aa0c in xmlParseReference /src/libxml2/parser.c:7180:12
    #7 0x664457 in xmlParseContentInternal /src/libxml2/parser.c:9913:6
    #8 0x6650a4 in xmlParseElement /src/libxml2/parser.c:9978:5
    #9 0x67692b in xmlParseDocument /src/libxml2/parser.c:10815:2
    #10 0x67f3cf in xmlDoRead /src/libxml2/parser.c:15162:5
    #11 0x67f614 in xmlReadMemory /src/libxml2/parser.c:15248:13
    #12 0x55e5e1 in xsltFuzzXslt /src/libxslt/tests/fuzz/fuzz.c:326:15
    #13 0x55d933 in LLVMFuzzerTestOneInput /src/libxslt/tests/fuzz/xslt.c:17:23
    #14 0x4552a2 in fuzzer::Fuzzer::ExecuteCallback(unsigned char const*, unsigned long) /src/llvm-project/compiler-rt/lib/fuzzer/FuzzerLoop.cpp:611:15
    #15 0x440f72 in fuzzer::RunOneTest(fuzzer::Fuzzer*, char const*, unsigned long) /src/llvm-project/compiler-rt/lib/fuzzer/FuzzerDriver.cpp:324:6
    #16 0x4467ab in fuzzer::FuzzerDriver(int*, char***, int (*)(unsigned char const*, unsigned long)) /src/llvm-project/compiler-rt/lib/fuzzer/FuzzerDriver.cpp:860:9
    #17 0x46f2b2 in main /src/llvm-project/compiler-rt/lib/fuzzer/FuzzerMain.cpp:20:10
    #18 0x731a3ddfc082 in __libc_start_main (/lib/x86_64-linux-gnu/libc.so.6+0x24082)
    #19 0x41f89d in _start (/out/xslt+0x41f89d)

DEDUP_TOKEN: free--xmlFreeProp--xmlFreePropList
0x6190000005ed is located 109 bytes inside of 1048-byte region [0x619000000580,0x619000000998)
allocated by thread T0 here:
    #0 0x52472d in __interceptor_malloc /src/llvm-project/compiler-rt/lib/asan/asan_malloc_linux.cpp:129:3
    #1 0x7c89c7 in xmlDictAddString /src/libxml2/dict.c:266:29
    #2 0x7c89c7 in xmlDictLookup /src/libxml2/dict.c:957:11
    #3 0x657cac in xmlDetectSAX2 /src/libxml2/parser.c:1110:21
    #4 0x67576e in xmlParseDocument /src/libxml2/parser.c:10698:5
    #5 0x67f3cf in xmlDoRead /src/libxml2/parser.c:15162:5
    #6 0x67f614 in xmlReadMemory /src/libxml2/parser.c:15248:13
    #7 0x55e5e1 in xsltFuzzXslt /src/libxslt/tests/fuzz/fuzz.c:326:15
    #8 0x55d933 in LLVMFuzzerTestOneInput /src/libxslt/tests/fuzz/xslt.c:17:23
    #9 0x4552a2 in fuzzer::Fuzzer::ExecuteCallback(unsigned char const*, unsigned long) /src/llvm-project/compiler-rt/lib/fuzzer/FuzzerLoop.cpp:611:15
    #10 0x440f72 in fuzzer::RunOneTest(fuzzer::Fuzzer*, char const*, unsigned long) /src/llvm-project/compiler-rt/lib/fuzzer/FuzzerDriver.cpp:324:6
    #11 0x4467ab in fuzzer::FuzzerDriver(int*, char***, int (*)(unsigned char const*, unsigned long)) /src/llvm-project/compiler-rt/lib/fuzzer/FuzzerDriver.cpp:860:9
    #12 0x46f2b2 in main /src/llvm-project/compiler-rt/lib/fuzzer/FuzzerMain.cpp:20:10
    #13 0x731a3ddfc082 in __libc_start_main (/lib/x86_64-linux-gnu/libc.so.6+0x24082)

DEDUP_TOKEN: __interceptor_malloc--xmlDictAddString--xmlDictLookup
SUMMARY: AddressSanitizer: bad-free /src/llvm-project/compiler-rt/lib/asan/asan_malloc_linux.cpp:111:3 in free
==13==ABORTING
