INFO: Running with entropic power schedule (0xFF, 100).
INFO: Seed: 2277070461
INFO: Loaded 3 modules   (183129 inline 8-bit counters): 13708 [0x7b0d7db669e0, 0x7b0d7db69f6c), 959 [0x7b0d7dbc7a40, 0x7b0d7dbc7dff), 168462 [0x2da5090, 0x2dce29e), 
INFO: Loaded 3 PC tables (183129 PCs): 13708 [0x7b0d7db69f70,0x7b0d7db9f830), 959 [0x7b0d7dbc7e00,0x7b0d7dbcb9f0), 168462 [0x24cfb90,0x2761c70), 
/out/gstoraster_fuzzer: Running 1 inputs 1 time(s) each.
Running: /tmp/poc
AddressSanitizer:DEADLYSIGNAL
=================================================================
==13==ERROR: AddressSanitizer: SEGV on unknown address 0x62a1002ebc0b (pc 0x00000053b5d0 bp 0x7fff43ed6bd0 sp 0x7fff43ed6380 T0)
==13==The signal is caused by a READ memory access.
SCARINESS: 20 (wild-addr-read)
    #0 0x53b5d0 in __sanitizer::internal_memmove(void*, void const*, unsigned long) /src/llvm-project/compiler-rt/lib/sanitizer_common/sanitizer_libc.cpp:68:16
    #1 0x4be6bf in __interceptor_memmove /src/llvm-project/compiler-rt/lib/asan/../sanitizer_common/sanitizer_common_interceptors.inc:810:3
    #2 0x6beb30 in stream_move /src/ghostpdl/./base/stream.c:999:5
    #3 0x6beb30 in sgets /src/ghostpdl/./base/stream.c:547:13
    #4 0xee66c9 in pdfi_read_bytes /src/ghostpdl/./pdf/pdf_file.c:1487:16
    #5 0xed0909 in pdfi_skip_white /src/ghostpdl/./pdf/pdf_int.c:116:17
    #6 0xed0909 in pdfi_read_token /src/ghostpdl/./pdf/pdf_int.c:1008:5
    #7 0xedc30b in pdfi_interpret_content_stream /src/ghostpdl/./pdf/pdf_int.c:2034:16
    #8 0xf391b6 in pdfi_process_page_contents /src/ghostpdl/./pdf/pdf_page.c:127:20
    #9 0xf391b6 in pdfi_process_one_page /src/ghostpdl/./pdf/pdf_page.c:152:12
    #10 0xf391b6 in pdfi_page_render /src/ghostpdl/./pdf/pdf_page.c:834:12
    #11 0xe9ed2f in zPDFdrawpage /src/ghostpdl/./psi/zpdfops.c:930:20
    #12 0xd0239b in interp /src/ghostpdl/./psi/interp.c:1725:40
    #13 0xd0239b in gs_call_interp /src/ghostpdl/./psi/interp.c:522:12
    #14 0xd0239b in gs_interpret /src/ghostpdl/./psi/interp.c:479:12
    #15 0x56793a in gs_main_interpret /src/ghostpdl/./psi/imain.c:257:12
    #16 0x56793a in gs_main_run_string_end /src/ghostpdl/./psi/imain.c:945:12
    #17 0x56793a in gs_main_run_string_with_length /src/ghostpdl/./psi/imain.c:889:12
    #18 0x562de2 in gs_main_run_string /src/ghostpdl/./psi/imain.c:870:12
    #19 0x10276d1 in run_string /src/ghostpdl/./psi/imainarg.c:1169:12
    #20 0x10236d9 in swproc /src/ghostpdl/./psi/imainarg.c:367:20
    #21 0x10205be in gs_main_init_with_args01 /src/ghostpdl/./psi/imainarg.c:224:24
    #22 0x1027459 in gs_main_init_with_args /src/ghostpdl/./psi/imainarg.c:289:16
    #23 0xceaa14 in psapi_init_with_args /src/ghostpdl/./psi/psapi.c:281:12
    #24 0x55f23c in gsapi_init_with_args /src/ghostpdl/./psi/iapi.c:253:12
    #25 0x55e3d0 in gs_to_raster_fuzz /src/gstoraster_fuzzer.cc:97:8
    #26 0x55e3d0 in LLVMFuzzerTestOneInput /src/gstoraster_fuzzer.cc:114:2
    #27 0x456543 in fuzzer::Fuzzer::ExecuteCallback(unsigned char const*, unsigned long) /src/llvm-project/compiler-rt/lib/fuzzer/FuzzerLoop.cpp:611:15
    #28 0x4421d2 in fuzzer::RunOneTest(fuzzer::Fuzzer*, char const*, unsigned long) /src/llvm-project/compiler-rt/lib/fuzzer/FuzzerDriver.cpp:324:6
    #29 0x447a1c in fuzzer::FuzzerDriver(int*, char***, int (*)(unsigned char const*, unsigned long)) /src/llvm-project/compiler-rt/lib/fuzzer/FuzzerDriver.cpp:860:9
    #30 0x470612 in main /src/llvm-project/compiler-rt/lib/fuzzer/FuzzerMain.cpp:20:10
    #31 0x7b0d7d560082 in __libc_start_main (/lib/x86_64-linux-gnu/libc.so.6+0x24082)
    #32 0x4209fd in _start (/out/gstoraster_fuzzer+0x4209fd)

DEDUP_TOKEN: __sanitizer::internal_memmove(void*, void const*, unsigned long)--__interceptor_memmove--stream_move
AddressSanitizer can not provide additional info.
SUMMARY: AddressSanitizer: SEGV /src/llvm-project/compiler-rt/lib/sanitizer_common/sanitizer_libc.cpp:68:16 in __sanitizer::internal_memmove(void*, void const*, unsigned long)
==13==ABORTING
