Accepting input from '/tmp/poc'
Usage for fuzzing: honggfuzz -P [flags] -- /out/php-fuzz-execute
=================================================================
==13==ERROR: AddressSanitizer: heap-buffer-overflow on address 0x7656d7001810 at pc 0x0000010e403d bp 0x7ffc3ff13690 sp 0x7ffc3ff13688
READ of size 1 at 0x7656d7001810 thread T0
SCARINESS: 22 (1-byte-read-heap-buffer-overflow-far-from-bounds)
    #0 0x10e403c in zval_get_type /src/php-src/Zend/zend_types.h:568:18
    #1 0x10e403c in gc_mark_grey /src/php-src/Zend/zend_gc.c:891:8
    #2 0x10e403c in gc_mark_roots /src/php-src/Zend/zend_gc.c:986:5
    #3 0x10e403c in zend_gc_collect_cycles /src/php-src/Zend/zend_gc.c:1496:3
    #4 0x12b0aec in fuzzer_request_shutdown /src/php-src/sapi/fuzzer/fuzzer-sapi.c:204:3
    #5 0x12b11df in fuzzer_do_request_from_buffer /src/php-src/sapi/fuzzer/fuzzer-sapi.c:288:2
    #6 0x12b00ac in LLVMFuzzerTestOneInput /src/php-src/sapi/fuzzer/fuzzer-execute.c:27:2
    #7 0x12b232b in main (/out/php-fuzz-execute+0x12b232b)
    #8 0x7656dee5b082 in __libc_start_main (/lib/x86_64-linux-gnu/libc.so.6+0x24082)
    #9 0x60128d in _start (/out/php-fuzz-execute+0x60128d)

DEDUP_TOKEN: zval_get_type--gc_mark_grey--gc_mark_roots
0x7656d7001810 is located 8 bytes to the right of 67108872-byte region [0x7656d3001800,0x7656d7001808)
allocated by thread T0 here:
    #0 0x681b03 in __interceptor_realloc /src/llvm-project/compiler-rt/lib/asan/asan_malloc_linux.cpp:148:3
    #1 0xd64db5 in __zend_realloc /src/php-src/Zend/zend_alloc.c:3087:6
    #2 0xd64db5 in tracked_realloc /src/php-src/Zend/zend_alloc.c:2813:8
    #3 0xd5cf16 in _realloc_custom /src/php-src/Zend/zend_alloc.c:2445:10
    #4 0xd5cf16 in _erealloc2 /src/php-src/Zend/zend_alloc.c:2577:10
    #5 0xe811c2 in zend_hash_packed_grow /src/php-src/Zend/zend_hash.c:306:2
    #6 0xe8e3e5 in _zend_hash_index_add_or_update_i /src/php-src/Zend/zend_hash.c:1062:4
    #7 0xe8d661 in zend_hash_index_update /src/php-src/Zend/zend_hash.c:1142:9
    #8 0xa3f065 in spl_fixedarray_object_get_properties /src/php-src/ext/spl/spl_fixedarray.c:218:4
    #9 0x113d60b in zend_std_get_debug_info /src/php-src/Zend/zend_object_handlers.c:159:10
    #10 0x114e340 in zend_std_get_properties_for /src/php-src/Zend/zend_object_handlers.c:1906:10
    #11 0x114e340 in zend_get_properties_for /src/php-src/Zend/zend_object_handlers.c:1935:9
    #12 0xbc8d93 in php_var_dump /src/php-src/ext/standard/var.c:163:11
    #13 0xbca77c in zif_var_dump /src/php-src/ext/standard/var.c:228:3
    #14 0xed7fa9 in execute_internal /src/php-src/Zend/zend_execute.c:3693:2
    #15 0x12b04f1 in fuzzer_execute_internal /src/php-src/sapi/fuzzer/fuzzer-execute-common.h:95:2
    #16 0xf82ada in ZEND_DO_FCALL_SPEC_RETVAL_UNUSED_HANDLER /src/php-src/Zend/zend_vm_execute.h
    #17 0x12b0249 in fuzzer_execute_ex /src/php-src/sapi/fuzzer/fuzzer-execute-common.h:57:14
    #18 0xedff2e in zend_execute /src/php-src/Zend/zend_vm_execute.h:59858:2
    #19 0x12b10f0 in fuzzer_do_request_from_buffer /src/php-src/sapi/fuzzer/fuzzer-sapi.c:276:5
    #20 0x12b00ac in LLVMFuzzerTestOneInput /src/php-src/sapi/fuzzer/fuzzer-execute.c:27:2
    #21 0x12b232b in main (/out/php-fuzz-execute+0x12b232b)

DEDUP_TOKEN: __interceptor_realloc--__zend_realloc--tracked_realloc
SUMMARY: AddressSanitizer: heap-buffer-overflow /src/php-src/Zend/zend_types.h:568:18 in zval_get_type
Shadow bytes around the buggy address:
  0x0ecb5adf82b0: 00 00 00 00 00 00 00 00 00 00 00 00 00 00 00 00
  0x0ecb5adf82c0: 00 00 00 00 00 00 00 00 00 00 00 00 00 00 00 00
  0x0ecb5adf82d0: 00 00 00 00 00 00 00 00 00 00 00 00 00 00 00 00
  0x0ecb5adf82e0: 00 00 00 00 00 00 00 00 00 00 00 00 00 00 00 00
  0x0ecb5adf82f0: 00 00 00 00 00 00 00 00 00 00 00 00 00 00 00 00
=>0x0ecb5adf8300: 00 fa[fa]fa fa fa fa fa fa fa fa fa fa fa fa fa
  0x0ecb5adf8310: fa fa fa fa fa fa fa fa fa fa fa fa fa fa fa fa
  0x0ecb5adf8320: fa fa fa fa fa fa fa fa fa fa fa fa fa fa fa fa
  0x0ecb5adf8330: fa fa fa fa fa fa fa fa fa fa fa fa fa fa fa fa
  0x0ecb5adf8340: fa fa fa fa fa fa fa fa fa fa fa fa fa fa fa fa
  0x0ecb5adf8350: fa fa fa fa fa fa fa fa fa fa fa fa fa fa fa fa
Shadow byte legend (one shadow byte represents 8 application bytes):
  Addressable:           00
  Partially addressable: 01 02 03 04 05 06 07 
  Heap left redzone:       fa
  Freed heap region:       fd
  Stack left redzone:      f1
  Stack mid redzone:       f2
  Stack right redzone:     f3
  Stack after return:      f5
  Stack use after scope:   f8
  Global redzone:          f9
  Global init order:       f6
  Poisoned by user:        f7
  Container overflow:      fc
  Array cookie:            ac
  Intra object redzone:    bb
  ASan internal:           fe
  Left alloca redzone:     ca
  Right alloca redzone:    cb
==13==ABORTING
