INFO: Running with entropic power schedule (0xFF, 100).
INFO: Seed: 2194370559
INFO: Loaded 1 modules   (40830 inline 8-bit counters): 40830 [0xefedb0, 0xf08d2e), 
INFO: Loaded 1 PC tables (40830 PCs): 40830 [0xd32f10,0xdd26f0), 
/out/fuzz_pkcs15init: Running 1 inputs 1 time(s) each.
Running: /tmp/poc
=================================================================
==13==ERROR: AddressSanitizer: heap-buffer-overflow on address 0x6150000020c6 at pc 0x00000052664a bp 0x7fff87426e30 sp 0x7fff874265f8
WRITE of size 2 at 0x6150000020c6 thread T0
SCARINESS: 43 (2-byte-write-heap-buffer-overflow-far-from-bounds)
    #0 0x526649 in __asan_memcpy /src/llvm-project/compiler-rt/lib/asan/asan_interceptors_memintrinsics.cpp:22:3
    #1 0x5b4a28 in do_fileid /src/opensc/src/tests/fuzzing/../../../src/pkcs15init/profile.c:1351:2
    #2 0x5b071c in process_command /src/opensc/src/tests/fuzzing/../../../src/pkcs15init/profile.c:2019:9
    #3 0x5af861 in process_block /src/opensc/src/tests/fuzzing/../../../src/pkcs15init/profile.c:2088:11
    #4 0x5b1aeb in process_ef /src/opensc/src/tests/fuzzing/../../../src/pkcs15init/profile.c:1029:9
    #5 0x5af66c in process_block /src/opensc/src/tests/fuzzing/../../../src/pkcs15init/profile.c:2079:11
    #6 0x5af66c in process_block /src/opensc/src/tests/fuzzing/../../../src/pkcs15init/profile.c:2079:11
    #7 0x5b1319 in process_option /src/opensc/src/tests/fuzzing/../../../src/pkcs15init/profile.c:930:9
    #8 0x5af66c in process_block /src/opensc/src/tests/fuzzing/../../../src/pkcs15init/profile.c:2079:11
    #9 0x5a4477 in process_conf /src/opensc/src/tests/fuzzing/../../../src/pkcs15init/profile.c:2109:9
    #10 0x5a8b6d in fuzz_profile_load /src/opensc/src/tests/fuzzing/fuzz_pkcs15init.c:46:10
    #11 0x5a904c in fuzz_pkcs15init_bind /src/opensc/src/tests/fuzzing/fuzz_pkcs15init.c:88:9
    #12 0x5abf60 in LLVMFuzzerTestOneInput /src/opensc/src/tests/fuzzing/fuzz_pkcs15init.c:314:5
    #13 0x457da2 in fuzzer::Fuzzer::ExecuteCallback(unsigned char const*, unsigned long) /src/llvm-project/compiler-rt/lib/fuzzer/FuzzerLoop.cpp:611:15
    #14 0x443952 in fuzzer::RunOneTest(fuzzer::Fuzzer*, char const*, unsigned long) /src/llvm-project/compiler-rt/lib/fuzzer/FuzzerDriver.cpp:324:6
    #15 0x4491bc in fuzzer::FuzzerDriver(int*, char***, int (*)(unsigned char const*, unsigned long)) /src/llvm-project/compiler-rt/lib/fuzzer/FuzzerDriver.cpp:860:9
    #16 0x471b52 in main /src/llvm-project/compiler-rt/lib/fuzzer/FuzzerMain.cpp:20:10
    #17 0x70af5cacb082 in __libc_start_main (/lib/x86_64-linux-gnu/libc.so.6+0x24082)
    #18 0x42209d in _start (/out/fuzz_pkcs15init+0x42209d)

DEDUP_TOKEN: __asan_memcpy--do_fileid--process_command
0x6150000020c6 is located 58 bytes to the left of 464-byte region [0x615000002100,0x6150000022d0)
allocated by thread T0 here:
    #0 0x527362 in __interceptor_calloc /src/llvm-project/compiler-rt/lib/asan/asan_malloc_linux.cpp:138:3
    #1 0x5c6a5e in sc_file_new /src/opensc/src/libopensc/sc.c:619:33
    #2 0x5a4000 in init_file /src/opensc/src/tests/fuzzing/../../../src/pkcs15init/profile.c:271:9
    #3 0x5b2d31 in new_file /src/opensc/src/tests/fuzzing/../../../src/pkcs15init/profile.c:1253:10
    #4 0x5b1a52 in process_ef /src/opensc/src/tests/fuzzing/../../../src/pkcs15init/profile.c:1027:21
    #5 0x5af66c in process_block /src/opensc/src/tests/fuzzing/../../../src/pkcs15init/profile.c:2079:11
    #6 0x5af66c in process_block /src/opensc/src/tests/fuzzing/../../../src/pkcs15init/profile.c:2079:11
    #7 0x5b1319 in process_option /src/opensc/src/tests/fuzzing/../../../src/pkcs15init/profile.c:930:9
    #8 0x5af66c in process_block /src/opensc/src/tests/fuzzing/../../../src/pkcs15init/profile.c:2079:11
    #9 0x5a4477 in process_conf /src/opensc/src/tests/fuzzing/../../../src/pkcs15init/profile.c:2109:9
    #10 0x5a8b6d in fuzz_profile_load /src/opensc/src/tests/fuzzing/fuzz_pkcs15init.c:46:10
    #11 0x5a904c in fuzz_pkcs15init_bind /src/opensc/src/tests/fuzzing/fuzz_pkcs15init.c:88:9
    #12 0x5abf60 in LLVMFuzzerTestOneInput /src/opensc/src/tests/fuzzing/fuzz_pkcs15init.c:314:5
    #13 0x457da2 in fuzzer::Fuzzer::ExecuteCallback(unsigned char const*, unsigned long) /src/llvm-project/compiler-rt/lib/fuzzer/FuzzerLoop.cpp:611:15
    #14 0x443952 in fuzzer::RunOneTest(fuzzer::Fuzzer*, char const*, unsigned long) /src/llvm-project/compiler-rt/lib/fuzzer/FuzzerDriver.cpp:324:6
    #15 0x4491bc in fuzzer::FuzzerDriver(int*, char***, int (*)(unsigned char const*, unsigned long)) /src/llvm-project/compiler-rt/lib/fuzzer/FuzzerDriver.cpp:860:9
    #16 0x471b52 in main /src/llvm-project/compiler-rt/lib/fuzzer/FuzzerMain.cpp:20:10
    #17 0x70af5cacb082 in __libc_start_main (/lib/x86_64-linux-gnu/libc.so.6+0x24082)

DEDUP_TOKEN: __interceptor_calloc--sc_file_new--init_file
SUMMARY: AddressSanitizer: heap-buffer-overflow /src/llvm-project/compiler-rt/lib/asan/asan_interceptors_memintrinsics.cpp:22:3 in __asan_memcpy
Shadow bytes around the buggy address:
  0x0c2a7fff83c0: fa fa fa fa fa fa fa fa fa fa fa fa fa fa fa fa
  0x0c2a7fff83d0: 00 00 00 00 00 00 00 00 00 00 00 00 00 00 00 00
  0x0c2a7fff83e0: 00 00 00 00 00 00 00 00 00 00 00 00 00 00 00 00
  0x0c2a7fff83f0: 00 00 00 00 00 00 00 00 00 00 00 00 00 00 00 00
  0x0c2a7fff8400: 00 00 00 00 00 00 00 00 00 00 fa fa fa fa fa fa
=>0x0c2a7fff8410: fa fa fa fa fa fa fa fa[fa]fa fa fa fa fa fa fa
  0x0c2a7fff8420: 00 00 00 00 00 00 00 00 00 00 00 00 00 00 00 00
  0x0c2a7fff8430: 00 00 00 00 00 00 00 00 00 00 00 00 00 00 00 00
  0x0c2a7fff8440: 00 00 00 00 00 00 00 00 00 00 00 00 00 00 00 00
  0x0c2a7fff8450: 00 00 00 00 00 00 00 00 00 00 fa fa fa fa fa fa
  0x0c2a7fff8460: fa fa fa fa fa fa fa fa fa fa fa fa fa fa fa fa
Shadow byte legend (one shadow byte represents 8 application bytes):
  Addressable:           00
  Partially addressable: 01 02 03 04 05 06 07 
  Heap left redzone:       fa
  Freed heap region:       fd
  Stack left redzone:      f1
  Stack mid redzone:       f2
  Stack right redzone:     f3
  Stack after return:      f5
  Stack use after scope:   f8
  Global redzone:          f9
  Global init order:       f6
  Poisoned by user:        f7
  Container overflow:      fc
  Array cookie:            ac
  Intra object redzone:    bb
  ASan internal:           fe
  Left alloca redzone:     ca
  Right alloca redzone:    cb
==13==ABORTING
