INFO: Running with entropic power schedule (0xFF, 100).
INFO: Seed: 2301447146
INFO: Loaded 1 modules   (68908 inline 8-bit counters): 68908 [0xbbaa68, 0xbcb794), 
INFO: Loaded 1 PC tables (68908 PCs): 68908 [0x8eb050,0x9f8310), 
/out/libraw_raf_fuzzer: Running 1 inputs 1 time(s) each.
Running: /tmp/poc
UndefinedBehaviorSanitizer:DEADLYSIGNAL
==12==ERROR: UndefinedBehaviorSanitizer: SEGV on unknown address 0x000001ad6a40 (pc 0x0000004c22ae bp 0x7fffa3968ea0 sp 0x7fffa3968e50 T12)
==12==The signal is caused by a READ memory access.
    #0 0x4c22ae in LibRaw::hat_transform(float*, float*, int, int, int) /src/libraw/src/postprocessing/postprocessing_aux.cpp:25:54
    #1 0x4c3718 in LibRaw::wavelet_denoise() /src/libraw/src/postprocessing/postprocessing_aux.cpp:68:9
    #2 0x4d0f5b in LibRaw::scale_colors() /src/libraw/src/postprocessing/postprocessing_utils_dcrdefs.cpp:195:5
    #3 0x4be2a4 in LibRaw::dcraw_process() /src/libraw/src/postprocessing/dcraw_process.cpp:114:7
    #4 0x4b40b7 in LLVMFuzzerTestOneInput /src/libraw_fuzzer.cc:75:22
    #5 0x43d962 in fuzzer::Fuzzer::ExecuteCallback(unsigned char const*, unsigned long) /src/llvm-project/compiler-rt/lib/fuzzer/FuzzerLoop.cpp:611:15
    #6 0x429512 in fuzzer::RunOneTest(fuzzer::Fuzzer*, char const*, unsigned long) /src/llvm-project/compiler-rt/lib/fuzzer/FuzzerDriver.cpp:324:6
    #7 0x42ed7c in fuzzer::FuzzerDriver(int*, char***, int (*)(unsigned char const*, unsigned long)) /src/llvm-project/compiler-rt/lib/fuzzer/FuzzerDriver.cpp:860:9
    #8 0x457712 in main /src/llvm-project/compiler-rt/lib/fuzzer/FuzzerMain.cpp:20:10
    #9 0x77eca3547082 in __libc_start_main (/lib/x86_64-linux-gnu/libc.so.6+0x24082)
    #10 0x407c5d in _start (/out/libraw_raf_fuzzer+0x407c5d)

DEDUP_TOKEN: LibRaw::hat_transform(float*, float*, int, int, int)--LibRaw::wavelet_denoise()--LibRaw::scale_colors()
UndefinedBehaviorSanitizer can not provide additional info.
SUMMARY: UndefinedBehaviorSanitizer: SEGV /src/libraw/src/postprocessing/postprocessing_aux.cpp:25:54 in LibRaw::hat_transform(float*, float*, int, int, int)
==12==ABORTING
