INFO: Running with entropic power schedule (0xFF, 100).
INFO: Seed: 2316638767
INFO: Loaded 1 modules   (107170 inline 8-bit counters): 107170 [0x1124350, 0x113e5f2), 
INFO: Loaded 1 PC tables (107170 PCs): 107170 [0xcf7ad8,0xe9a4f8), 
/out/fuzz_pkcs15init: Running 1 inputs 1 time(s) each.
Running: /tmp/poc
pkcs15-epass2003.c:301:25: runtime error: index 18446744073709551615 out of bounds for type 'u8[16]'
    #0 0xb0d82b in epass2003_pkcs15_key_reference /src/opensc/src/pkcs15init/pkcs15-epass2003.c:301:25
    #1 0x4dabf3 in sc_pkcs15init_init_prkdf /src/opensc/src/tests/fuzzing/../../../src/pkcs15init/pkcs15-lib.c:1318:8
    #2 0x4d1ebe in sc_pkcs15init_generate_key /src/opensc/src/tests/fuzzing/../../../src/pkcs15init/pkcs15-lib.c:1558:6
    #3 0x50b666 in do_generate_key /src/opensc/src/tests/fuzzing/fuzz_pkcs15init.c:207:9
    #4 0x50ca19 in LLVMFuzzerTestOneInput /src/opensc/src/tests/fuzzing/fuzz_pkcs15init.c:337:5
    #5 0x43f912 in fuzzer::Fuzzer::ExecuteCallback(unsigned char const*, unsigned long) /src/llvm-project/compiler-rt/lib/fuzzer/FuzzerLoop.cpp:611:15
    #6 0x42ba92 in fuzzer::RunOneTest(fuzzer::Fuzzer*, char const*, unsigned long) /src/llvm-project/compiler-rt/lib/fuzzer/FuzzerDriver.cpp:324:6
    #7 0x4311f4 in fuzzer::FuzzerDriver(int*, char***, int (*)(unsigned char const*, unsigned long)) /src/llvm-project/compiler-rt/lib/fuzzer/FuzzerDriver.cpp:860:9
    #8 0x4591f2 in main /src/llvm-project/compiler-rt/lib/fuzzer/FuzzerMain.cpp:20:10
    #9 0x786f6dae9082 in __libc_start_main (/lib/x86_64-linux-gnu/libc.so.6+0x24082)
    #10 0x40a54d in _start (/out/fuzz_pkcs15init+0x40a54d)

DEDUP_TOKEN: epass2003_pkcs15_key_reference--sc_pkcs15init_init_prkdf--sc_pkcs15init_generate_key
SUMMARY: UndefinedBehaviorSanitizer: undefined-behavior pkcs15-epass2003.c:301:25 in 
