INFO: Running with entropic power schedule (0xFF, 100).
INFO: Seed: 2235734146
INFO: Loaded 1 modules   (30590 inline 8-bit counters): 30590 [0x6e0e40, 0x6e85be), 
INFO: Loaded 1 PC tables (30590 PCs): 30590 [0x6050e0,0x67c8c0), 
/out/fuzzer_fragment: Running 1 inputs 1 time(s) each.
Running: /tmp/poc
/src/usrsctp/usrsctplib/netinet/sctp_output.c:13755:23: runtime error: member access within address 0x7ffda6694fa0 with insufficient space for an object of type 'struct sctp_sndrcvinfo'
0x7ffda6694fa0: note: pointer points here
 00 00 00 00  00 00 00 00 00 00 00 00  00 00 00 00 00 00 00 00  00 00 00 00 00 00 00 00  00 00 00 00
              ^ 
    #0 0x4fcced in sctp_lower_sosend /src/usrsctp/usrsctplib/netinet/sctp_output.c:13755:23
    #1 0x4b8fad in usrsctp_sendv /src/usrsctp/usrsctplib/user_socket.c:910:10
    #2 0x4b3d10 in LLVMFuzzerTestOneInput /src/usrsctp/fuzzer/fuzzer_fragment.c:330:4
    #3 0x43d733 in fuzzer::Fuzzer::ExecuteCallback(unsigned char const*, unsigned long) /src/llvm-project/compiler-rt/lib/fuzzer/FuzzerLoop.cpp:611:15
    #4 0x4293c2 in fuzzer::RunOneTest(fuzzer::Fuzzer*, char const*, unsigned long) /src/llvm-project/compiler-rt/lib/fuzzer/FuzzerDriver.cpp:324:6
    #5 0x42ec0c in fuzzer::FuzzerDriver(int*, char***, int (*)(unsigned char const*, unsigned long)) /src/llvm-project/compiler-rt/lib/fuzzer/FuzzerDriver.cpp:860:9
    #6 0x457802 in main /src/llvm-project/compiler-rt/lib/fuzzer/FuzzerMain.cpp:20:10
    #7 0x75cdf42da082 in __libc_start_main (/lib/x86_64-linux-gnu/libc.so.6+0x24082)
    #8 0x407bed in _start (/out/fuzzer_fragment+0x407bed)

DEDUP_TOKEN: sctp_lower_sosend--usrsctp_sendv--LLVMFuzzerTestOneInput
SUMMARY: UndefinedBehaviorSanitizer: undefined-behavior /src/usrsctp/usrsctplib/netinet/sctp_output.c:13755:23 in 
