======================= INFO =========================
This binary is built for AFL-fuzz.
To run the target function on individual input(s) execute this:
  /out/wpantund-fuzz < INPUT_FILE
or
  /out/wpantund-fuzz INPUT_FILE1 [INPUT_FILE2 ... ]
To fuzz with afl-fuzz execute this:
  afl-fuzz [afl-flags] /out/wpantund-fuzz [-N]
afl-fuzz will run N iterations before re-spawning the process (default: 1000)
======================================================
Reading 1162 bytes from /tmp/poc
AddressSanitizer:DEADLYSIGNAL
=================================================================
==13==ERROR: AddressSanitizer: SEGV on unknown address 0x00000000f93e (pc 0x00000065da6c bp 0x7fff1f2e4a90 sp 0x7fff1f2e4850 T0)
==13==The signal is caused by a READ memory access.
SCARINESS: 20 (wild-addr-read)
    #0 0x65da6b in spinel_datatype_vunpack_ /src/wpantund/src/ncp-spinel/../../third_party/openthread/src/ncp/spinel.c:295:17
    #1 0x65dff4 in spinel_datatype_unpack /src/wpantund/src/ncp-spinel/../../third_party/openthread/src/ncp/spinel.c:638:11
    #2 0x618bde in nl::wpantund::SpinelNCPInstance::handle_ncp_spinel_value_inserted(spinel_prop_key_t, unsigned char const*, unsigned int) /src/wpantund/src/ncp-spinel/SpinelNCPInstance.cpp:2873:3
    #3 0x61a5aa in nl::wpantund::SpinelNCPInstance::handle_ncp_spinel_callback(unsigned int, unsigned char const*, unsigned int) /src/wpantund/src/ncp-spinel/SpinelNCPInstance.cpp:3002:11
    #4 0x62f74c in nl::wpantund::SpinelNCPInstance::ncp_to_driver_pump() /src/wpantund/src/ncp-spinel/SpinelNCPInstance-DataPump.cpp:317:4
    #5 0x5b70de in nl::wpantund::NCPInstanceBase::process() /src/wpantund/src/wpantund/NCPInstanceBase-AsyncIO.cpp:244:3
    #6 0x61cf4c in nl::wpantund::SpinelNCPInstance::process() /src/wpantund/src/ncp-spinel/SpinelNCPInstance.cpp:3366:19
    #7 0x521b33 in MainLoop::process() /src/wpantund/src/wpantund/./wpantund.cpp:539:17
    #8 0x51f871 in NCPInputFuzzTarget(unsigned char const*, unsigned long) /src/wpantund/src/wpantund/wpantund-fuzz.cpp:183:13
    #9 0x520282 in LLVMFuzzerTestOneInput /src/wpantund/src/wpantund/wpantund-fuzz.cpp:242:11
    #10 0x6816ef in ExecuteFilesOnyByOne(int, char**) /src/libfuzzer/afl/afl_driver.cpp:271:5
    #11 0x681c8f in main /src/libfuzzer/afl/afl_driver.cpp:308:12
    #12 0x7b5887bae83f in __libc_start_main (/lib/x86_64-linux-gnu/libc.so.6+0x2083f)
    #13 0x41cd28 in _start (/out/wpantund-fuzz+0x41cd28)

DEDUP_TOKEN: spinel_datatype_vunpack_--spinel_datatype_unpack--nl::wpantund::SpinelNCPInstance::handle_ncp_spinel_value_inserted(spinel_prop_key_t, unsigned char const*, unsigned int)
AddressSanitizer can not provide additional info.
SUMMARY: AddressSanitizer: SEGV /src/wpantund/src/ncp-spinel/../../third_party/openthread/src/ncp/spinel.c:295:17 in spinel_datatype_vunpack_
==13==ABORTING
