Accepting input from '/tmp/poc'
Usage for fuzzing: honggfuzz -P [flags] -- /out/decompress_frame_fuzzer
AddressSanitizer:DEADLYSIGNAL
=================================================================
==13==ERROR: AddressSanitizer: SEGV on unknown address 0x000000010110 (pc 0x000000937dfa bp 0x7fff6c3a8d30 sp 0x7fff6c3a8c40 T0)
==13==The signal is caused by a READ memory access.
SCARINESS: 20 (wild-addr-read)
    #0 0x937dfa in zfp_getcell /src/c-blosc2/plugins/codecs/zfp/blosc2-zfp.c:705:37
    #1 0x4f67db in blosc_d /src/c-blosc2/blosc/blosc2.c:1741:20
    #2 0x4f0f45 in _blosc_getitem /src/c-blosc2/blosc/blosc2.c:2899:22
    #3 0x4f7f54 in blosc2_getitem_ctx /src/c-blosc2/blosc/blosc2.c:2977:12
    #4 0x4f7bd3 in blosc2_getitem /src/c-blosc2/blosc/blosc2.c:2936:12
    #5 0x52c8ec in get_coffset /src/c-blosc2/blosc/frame.c:1880:12
    #6 0x52a4f9 in frame_get_lazychunk /src/c-blosc2/blosc/frame.c:2094:8
    #7 0x53812c in frame_decompress_chunk /src/c-blosc2/blosc/frame.c:3399:8
    #8 0x5130a4 in blosc2_schunk_decompress_chunk /src/c-blosc2/blosc/schunk.c:1009:17
    #9 0x4d5e45 in LLVMFuzzerTestOneInput /src/c-blosc2/tests/fuzz/fuzz_decompress_frame.c:34:15
    #10 0x4d650b in main (/out/decompress_frame_fuzzer+0x4d650b)
    #11 0x7ed08fd5d082 in __libc_start_main (/lib/x86_64-linux-gnu/libc.so.6+0x24082)
    #12 0x41d64d in _start (/out/decompress_frame_fuzzer+0x41d64d)

DEDUP_TOKEN: zfp_getcell--blosc_d--_blosc_getitem
AddressSanitizer can not provide additional info.
SUMMARY: AddressSanitizer: SEGV /src/c-blosc2/plugins/codecs/zfp/blosc2-zfp.c:705:37 in zfp_getcell
==13==ABORTING
