INFO: Running with entropic power schedule (0xFF, 100).
INFO: Seed: 2256763026
INFO: Loaded 3 modules   (222756 inline 8-bit counters): 13708 [0x7e3408a969e0, 0x7e3408a99f6c), 959 [0x7e3408af7a40, 0x7e3408af7dff), 208089 [0x37e05f0, 0x38132c9), 
INFO: Loaded 3 PC tables (222756 PCs): 13708 [0x7e3408a99f70,0x7e3408acf830), 959 [0x7e3408af7e00,0x7e3408afb9f0), 208089 [0x2a54b70,0x2d81900), 
/out/gs_device_pdfwrite_fuzzer: Running 1 inputs 1 time(s) each.
Running: /tmp/poc
AddressSanitizer:DEADLYSIGNAL
=================================================================
==13==ERROR: AddressSanitizer: SEGV on unknown address 0x000001b81ba8 (pc 0x0000010532d0 bp 0x7ffd5ca34d60 sp 0x7ffd5ca34d10 T0)
==13==The signal is caused by a WRITE memory access.
SCARINESS: 30 (wild-addr-write)
    #0 0x10532d0 in pdfi_countdown_impl /src/ghostpdl/./pdf/pdf_stack.h:73:14
    #1 0x10532d0 in pdfi_free_array /src/ghostpdl/./pdf/pdf_array.c:35:13
    #2 0x11b882b in pdfi_free_object /src/ghostpdl/./pdf/pdf_obj.c:281:13
    #3 0x10b7c7d in pdfi_countdown_impl /src/ghostpdl/./pdf/pdf_stack.h:100:5
    #4 0x10b7c7d in pdfi_pop /src/ghostpdl/./pdf/pdf_stack.c:35:9
    #5 0x10b7c7d in pdfi_clear_to_mark /src/ghostpdl/./pdf/pdf_stack.c:125:12
    #6 0x1048c42 in pdfi_dict_from_stack /src/ghostpdl/./pdf/pdf_dict.c:166:17
    #7 0x10660ed in pdfi_read_token /src/ghostpdl/./pdf/pdf_int.c:1092:24
    #8 0x11ab960 in pdfi_read_bare_object /src/ghostpdl/./pdf/pdf_deref.c:458:16
    #9 0x11b35e7 in pdfi_read_object /src/ghostpdl/./pdf/pdf_deref.c:572:12
    #10 0x11aefa2 in pdfi_dereference_main /src/ghostpdl/./pdf/pdf_deref.c:969:20
    #11 0x11b2176 in pdfi_dereference /src/ghostpdl/./pdf/pdf_deref.c:1043:12
    #12 0x11b2176 in pdfi_deref_loop_detect /src/ghostpdl/./pdf/pdf_deref.c:1060:12
    #13 0x104a15b in pdfi_dict_get_by_key /src/ghostpdl/./pdf/pdf_dict.c:402:16
    #14 0x10f29c9 in pdfi_annot_get_NormAP /src/ghostpdl/./pdf/pdf_annot.c:1574:20
    #15 0x10f1e37 in pdfi_annot_draw /src/ghostpdl/./pdf/pdf_annot.c:3894:12
    #16 0x10e3ce0 in pdfi_annot_preserve_Widget /src/ghostpdl/./pdf/pdf_annot.c:4388:12
    #17 0x10e4263 in pdfi_annot_preserve /src/ghostpdl/./pdf/pdf_annot.c:4431:20
    #18 0x10e4263 in pdfi_annot_handle /src/ghostpdl/./pdf/pdf_annot.c:4458:16
    #19 0x10e4263 in pdfi_do_annotations /src/ghostpdl/./pdf/pdf_annot.c:4485:16
    #20 0x10d2393 in pdfi_process_one_page /src/ghostpdl/./pdf/pdf_page.c:166:13
    #21 0x10d2393 in pdfi_page_render /src/ghostpdl/./pdf/pdf_page.c:953:12
    #22 0x102b1ea in zPDFdrawpage /src/ghostpdl/./psi/zpdfops.c:1157:24
    #23 0xe9543b in interp /src/ghostpdl/./psi/interp.c:1725:40
    #24 0xe9543b in gs_call_interp /src/ghostpdl/./psi/interp.c:522:12
    #25 0xe9543b in gs_interpret /src/ghostpdl/./psi/interp.c:479:12
    #26 0x567e0a in gs_main_interpret /src/ghostpdl/./psi/imain.c:257:12
    #27 0x567e0a in gs_main_run_string_end /src/ghostpdl/./psi/imain.c:945:12
    #28 0x567e0a in gs_main_run_string_with_length /src/ghostpdl/./psi/imain.c:889:12
    #29 0x5632b2 in gs_main_run_string /src/ghostpdl/./psi/imain.c:870:12
    #30 0x11d4f51 in run_string /src/ghostpdl/./psi/imainarg.c:1169:12
    #31 0x11d0f59 in swproc /src/ghostpdl/./psi/imainarg.c:367:20
    #32 0x11cde3e in gs_main_init_with_args01 /src/ghostpdl/./psi/imainarg.c:224:24
    #33 0x11d4cd9 in gs_main_init_with_args /src/ghostpdl/./psi/imainarg.c:289:16
    #34 0xe7da94 in psapi_init_with_args /src/ghostpdl/./psi/psapi.c:281:12
    #35 0x55f70c in gsapi_init_with_args /src/ghostpdl/./psi/iapi.c:253:12
    #36 0x55e7c2 in fuzz_gs_device(unsigned char const*, unsigned long, int, char const*, char const*) /src/gs_fuzzlib.h:130:8
    #37 0x55ebc0 in LLVMFuzzerTestOneInput /src/gs_device_pdfwrite_fuzzer.cc:18:2
    #38 0x4565c3 in fuzzer::Fuzzer::ExecuteCallback(unsigned char const*, unsigned long) /src/llvm-project/compiler-rt/lib/fuzzer/FuzzerLoop.cpp:611:15
    #39 0x442252 in fuzzer::RunOneTest(fuzzer::Fuzzer*, char const*, unsigned long) /src/llvm-project/compiler-rt/lib/fuzzer/FuzzerDriver.cpp:324:6
    #40 0x447a9c in fuzzer::FuzzerDriver(int*, char***, int (*)(unsigned char const*, unsigned long)) /src/llvm-project/compiler-rt/lib/fuzzer/FuzzerDriver.cpp:860:9
    #41 0x470692 in main /src/llvm-project/compiler-rt/lib/fuzzer/FuzzerMain.cpp:20:10
    #42 0x7e3408490082 in __libc_start_main (/lib/x86_64-linux-gnu/libc.so.6+0x24082)
    #43 0x420a7d in _start (/out/gs_device_pdfwrite_fuzzer+0x420a7d)

DEDUP_TOKEN: pdfi_countdown_impl--pdfi_free_array--pdfi_free_object
AddressSanitizer can not provide additional info.
SUMMARY: AddressSanitizer: SEGV /src/ghostpdl/./pdf/pdf_stack.h:73:14 in pdfi_countdown_impl
==13==ABORTING
