INFO: Running with entropic power schedule (0xFF, 100).
INFO: Seed: 2282389800
INFO: Loaded 3 modules   (221386 inline 8-bit counters): 13672 [0x79d00da7d9e0, 0x79d00da80f48), 959 [0x79d00dadea40, 0x79d00dadedff), 206755 [0x37e0390, 0x3812b33), 
INFO: Loaded 3 PC tables (221386 PCs): 13672 [0x79d00da80f48,0x79d00dab65c8), 959 [0x79d00dadee00,0x79d00dae29f0), 206755 [0x2a533b0,0x2d7ade0), 
/out/gs_device_pxlcolor_fuzzer: Running 1 inputs 1 time(s) each.
Running: /tmp/poc
AddressSanitizer:DEADLYSIGNAL
=================================================================
==13==ERROR: AddressSanitizer: SEGV on unknown address (pc 0x000000b13c14 bp 0x7ffc8c7863d0 sp 0x7ffc8c7862c0 T0)
==13==The signal is caused by a READ memory access.
==13==Hint: this fault was caused by a dereference of a high value address (see register values below).  Disassemble the provided pc to learn which register was used.
SCARINESS: 20 (wild-addr-read)
    #0 0xb13c14 in gs_fapi_ft_get_scaled_font /src/ghostpdl/./base/fapi_ft.c:1412:31
    #1 0xb03902 in gs_fapi_prepare_font /src/ghostpdl/./base/gxfapi.c:498:43
    #2 0xb101ce in gs_fapi_passfont /src/ghostpdl/./base/gxfapi.c:1868:13
    #3 0x1647d8d in pdfi_fapi_passfont /src/ghostpdl/./pdf/pdf_fapi.c:1519:9
    #4 0x1108cab in pdfi_read_cff_font /src/ghostpdl/./pdf/pdf_font1C.c:2835:24
    #5 0x10e61a7 in pdfi_load_font_buffer /src/ghostpdl/./pdf/pdf_font.c:624:24
    #6 0x10e49c7 in pdfi_load_font /src/ghostpdl/./pdf/pdf_font.c:924:24
    #7 0x10f645e in pdfi_read_type0_font /src/ghostpdl/./pdf/pdf_font0.c:290:16
    #8 0x10e4464 in pdfi_load_font /src/ghostpdl/./pdf/pdf_font.c:868:20
    #9 0x10eb639 in pdfi_load_dict_font /src/ghostpdl/./pdf/pdf_font.c:1006:20
    #10 0x10eebb9 in pdfi_load_resource_font /src/ghostpdl/./pdf/pdf_font.c:1048:12
    #11 0x10eebb9 in pdfi_Tf /src/ghostpdl/./pdf/pdf_font.c:1407:12
    #12 0x1057339 in pdfi_interpret_stream_operator /src/ghostpdl/./pdf/pdf_int.c:1642:24
    #13 0x105560e in pdfi_interpret_content_stream /src/ghostpdl/./pdf/pdf_int.c:2126:24
    #14 0x10b886e in pdfi_process_page_contents /src/ghostpdl/./pdf/pdf_page.c:127:20
    #15 0x10b886e in pdfi_process_one_page /src/ghostpdl/./pdf/pdf_page.c:152:12
    #16 0x10b886e in pdfi_page_render /src/ghostpdl/./pdf/pdf_page.c:1003:12
    #17 0x101395f in zPDFdrawpage /src/ghostpdl/./psi/zpdfops.c:1157:24
    #18 0xe84949 in interp /src/ghostpdl/./psi/interp.c:1725:40
    #19 0xe84949 in gs_call_interp /src/ghostpdl/./psi/interp.c:522:12
    #20 0xe84949 in gs_interpret /src/ghostpdl/./psi/interp.c:479:12
    #21 0x577123 in gs_main_interpret /src/ghostpdl/./psi/imain.c:257:12
    #22 0x577123 in gs_main_run_string_end /src/ghostpdl/./psi/imain.c:945:12
    #23 0x577123 in gs_main_run_string_with_length /src/ghostpdl/./psi/imain.c:889:12
    #24 0x5726b1 in gs_main_run_string /src/ghostpdl/./psi/imain.c:870:12
    #25 0x11b77dc in run_string /src/ghostpdl/./psi/imainarg.c:1169:12
    #26 0x11b3902 in swproc /src/ghostpdl/./psi/imainarg.c:367:20
    #27 0x11b084e in gs_main_init_with_args01 /src/ghostpdl/./psi/imainarg.c:224:24
    #28 0x11b7568 in gs_main_init_with_args /src/ghostpdl/./psi/imainarg.c:289:16
    #29 0xe6d452 in psapi_init_with_args /src/ghostpdl/./psi/psapi.c:281:12
    #30 0x56ebda in gsapi_init_with_args /src/ghostpdl/./psi/iapi.c:253:12
    #31 0x56dcd1 in fuzz_gs_device(unsigned char const*, unsigned long, int, char const*, char const*) /src/gs_fuzzlib.h:130:8
    #32 0x56e0cf in LLVMFuzzerTestOneInput /src/gs_device_pxlcolor_fuzzer.cc:18:2
    #33 0x43f1c3 in fuzzer::Fuzzer::ExecuteCallback(unsigned char const*, unsigned long) /src/llvm-project/compiler-rt/lib/fuzzer/FuzzerLoop.cpp:611:15
    #34 0x42a922 in fuzzer::RunOneTest(fuzzer::Fuzzer*, char const*, unsigned long) /src/llvm-project/compiler-rt/lib/fuzzer/FuzzerDriver.cpp:324:6
    #35 0x4301cc in fuzzer::FuzzerDriver(int*, char***, int (*)(unsigned char const*, unsigned long)) /src/llvm-project/compiler-rt/lib/fuzzer/FuzzerDriver.cpp:860:9
    #36 0x459702 in main /src/llvm-project/compiler-rt/lib/fuzzer/FuzzerMain.cpp:20:10
    #37 0x79d00d47d082 in __libc_start_main (/lib/x86_64-linux-gnu/libc.so.6+0x24082) (BuildId: 87b331c034a6458c64ce09c03939e947212e18ce)
    #38 0x420aed in _start (/out/gs_device_pxlcolor_fuzzer+0x420aed)

DEDUP_TOKEN: gs_fapi_ft_get_scaled_font--gs_fapi_prepare_font--gs_fapi_passfont
AddressSanitizer can not provide additional info.
SUMMARY: AddressSanitizer: SEGV /src/ghostpdl/./base/fapi_ft.c:1412:31 in gs_fapi_ft_get_scaled_font
==13==ABORTING
