INFO: Running with entropic power schedule (0xFF, 100).
INFO: Seed: 2247372627
INFO: Loaded 1 modules   (7658 inline 8-bit counters): 7658 [0x834c670, 0x834e45a), 
INFO: Loaded 1 PC tables (7658 PCs): 7658 [0x82cb2d8,0x82da228), 
/out/cms_universal_transform_fuzzer: Running 1 inputs 1 time(s) each.
Running: /tmp/poc
AddressSanitizer:DEADLYSIGNAL
=================================================================
==13==ERROR: AddressSanitizer: SEGV on unknown address 0x00000000 (pc 0x00000000 bp 0xffa0ad38 sp 0xffa0ac8c T0)
==13==Hint: pc points to the zero page.
==13==The signal is caused by a READ memory access.
==13==Hint: address points to the zero page.
SCARINESS: 10 (null-deref)
    #0 0x0  (<unknown module>)
    #1 0x81f587b in cmsDoTransform /src/lcms/src/cmsxform.c:206:5
    #2 0x81c7b90 in LLVMFuzzerTestOneInput /src/cms_universal_transform_fuzzer.c:83:3
    #3 0x808894e in fuzzer::Fuzzer::ExecuteCallback(unsigned char const*, unsigned int) /src/llvm-project/compiler-rt/lib/fuzzer/FuzzerLoop.cpp:611:15
    #4 0x80738ae in fuzzer::RunOneTest(fuzzer::Fuzzer*, char const*, unsigned int) /src/llvm-project/compiler-rt/lib/fuzzer/FuzzerDriver.cpp:324:6
    #5 0x80794b0 in fuzzer::FuzzerDriver(int*, char***, int (*)(unsigned char const*, unsigned int)) /src/llvm-project/compiler-rt/lib/fuzzer/FuzzerDriver.cpp:860:9
    #6 0x80a3097 in main /src/llvm-project/compiler-rt/lib/fuzzer/FuzzerMain.cpp:20:10
    #7 0xeb7e3ed4 in __libc_start_main (/lib32/libc.so.6+0x1aed4) (BuildId: d56935956a210bf85f6592f3178b979ad4f7b35f)

DEDUP_TOKEN: cmsDoTransform--LLVMFuzzerTestOneInput
AddressSanitizer can not provide additional info.
SUMMARY: AddressSanitizer: SEGV (<unknown module>) 
==13==ABORTING
