INFO: Running with entropic power schedule (0xFF, 100).
INFO: Seed: 2336234903
INFO: Loaded 3 modules   (202868 inline 8-bit counters): 13708 [0x7df5af1879e0, 0x7df5af18af6c), 959 [0x7df5af1e8a40, 0x7df5af1e8dff), 188201 [0x344e0d0, 0x347bff9), 
INFO: Loaded 3 PC tables (202868 PCs): 13708 [0x7df5af18af70,0x7df5af1c0830), 959 [0x7df5af1e8e00,0x7df5af1ec9f0), 188201 [0x273bb30,0x2a1adc0), 
/out/gs_device_pdfwrite_fuzzer: Running 1 inputs 1 time(s) each.
Running: /tmp/poc
=================================================================
==13==ERROR: AddressSanitizer: heap-buffer-overflow on address 0x62d00008a458 at pc 0x00000162e985 bp 0x7ffe491e0170 sp 0x7ffe491e0168
READ of size 1 at 0x62d00008a458 thread T0
SCARINESS: 12 (1-byte-read-heap-buffer-overflow)
    #0 0x162e984 in GetShortIns /src/ghostpdl/./base/ttinterp.c:735:14
    #1 0x162e984 in Ins_NPUSHW /src/ghostpdl/./base/ttinterp.c:2361:19
    #2 0x1621785 in RunIns /src/ghostpdl/./base/ttinterp.c:5078:7
    #3 0x155cb3e in Instance_Reset /src/ghostpdl/./base/ttobjs.c:844:15
    #4 0x154a6c1 in TT_Set_Instance_CharSizes /src/ghostpdl/./base/ttfmain.c:138:12
    #5 0x154c49e in ttfFont__Open /src/ghostpdl/./base/ttfmain.c:348:12
    #6 0x125151e in ttfFont__Open_aux /src/ghostpdl/./base/gxttfb.c:448:12
    #7 0xbe5e35 in gx_attach_tt_interpreter /src/ghostpdl/./base/gxccman.c:249:12
    #8 0xbe5a55 in gx_provide_fm_pair_attributes /src/ghostpdl/./base/gxccman.c:276:16
    #9 0x1246bb8 in gs_type42_glyph_outline /src/ghostpdl/./base/gstype42.c:1342:9
    #10 0xa40f18 in gs_default_glyph_info /src/ghostpdl/./base/gsfont.c:1061:12
    #11 0x124c340 in gs_type42_glyph_info_by_gid /src/ghostpdl/./base/gstype42.c:1371:16
    #12 0x12470de in gs_type42_glyph_info /src/ghostpdl/./base/gstype42.c:1442:12
    #13 0x111e1f6 in pdfi_cidtype2_glyph_info /src/ghostpdl/./pdf/pdf_font11.c:90:12
    #14 0x9652a7 in pdf_glyph_widths /src/ghostpdl/./devices/vector/gdevpdtt.c:2786:16
    #15 0x143ec69 in scan_cmap_text /src/ghostpdl/./devices/vector/gdevpdtc.c:730:32
    #16 0x143ec69 in process_cmap_text /src/ghostpdl/./devices/vector/gdevpdtc.c:965:12
    #17 0x96b999 in pdf_text_process /src/ghostpdl/./devices/vector/gdevpdtt.c:3728:16
    #18 0xaa256f in gs_text_process /src/ghostpdl/./base/gstext.c:670:12
    #19 0x113878f in pdfi_show_simple /src/ghostpdl/./pdf/pdf_text.c:445:16
    #20 0x113878f in pdfi_show_Tr_preserve /src/ghostpdl/./pdf/pdf_text.c:780:12
    #21 0x113878f in pdfi_show /src/ghostpdl/./pdf/pdf_text.c:830:16
    #22 0x113b02f in pdfi_TJ /src/ghostpdl/./pdf/pdf_text.c:1190:20
    #23 0x103f072 in pdfi_interpret_stream_operator /src/ghostpdl/./pdf/pdf_int.c:1648:24
    #24 0x103d4e6 in pdfi_interpret_content_stream /src/ghostpdl/./pdf/pdf_int.c:2101:24
    #25 0x109f723 in pdfi_process_page_contents /src/ghostpdl/./pdf/pdf_page.c:116:28
    #26 0x109f723 in pdfi_process_one_page /src/ghostpdl/./pdf/pdf_page.c:152:12
    #27 0x109f723 in pdfi_page_render /src/ghostpdl/./pdf/pdf_page.c:895:12
    #28 0xffb70a in zPDFdrawpage /src/ghostpdl/./psi/zpdfops.c:1074:24
    #29 0xe659eb in interp /src/ghostpdl/./psi/interp.c:1725:40
    #30 0xe659eb in gs_call_interp /src/ghostpdl/./psi/interp.c:522:12
    #31 0xe659eb in gs_interpret /src/ghostpdl/./psi/interp.c:479:12
    #32 0x567d4a in gs_main_interpret /src/ghostpdl/./psi/imain.c:257:12
    #33 0x567d4a in gs_main_run_string_end /src/ghostpdl/./psi/imain.c:945:12
    #34 0x567d4a in gs_main_run_string_with_length /src/ghostpdl/./psi/imain.c:889:12
    #35 0x5631f2 in gs_main_run_string /src/ghostpdl/./psi/imain.c:870:12
    #36 0x119a601 in run_string /src/ghostpdl/./psi/imainarg.c:1169:12
    #37 0x1196609 in swproc /src/ghostpdl/./psi/imainarg.c:367:20
    #38 0x11934ee in gs_main_init_with_args01 /src/ghostpdl/./psi/imainarg.c:224:24
    #39 0x119a389 in gs_main_init_with_args /src/ghostpdl/./psi/imainarg.c:289:16
    #40 0xe4e044 in psapi_init_with_args /src/ghostpdl/./psi/psapi.c:281:12
    #41 0x55f64c in gsapi_init_with_args /src/ghostpdl/./psi/iapi.c:253:12
    #42 0x55e704 in fuzz_gs_device(unsigned char const*, unsigned long, int, char const*) /src/gs_fuzzlib.h:127:8
    #43 0x55eb0a in LLVMFuzzerTestOneInput /src/gs_device_pdfwrite_fuzzer.cc:18:2
    #44 0x456553 in fuzzer::Fuzzer::ExecuteCallback(unsigned char const*, unsigned long) /src/llvm-project/compiler-rt/lib/fuzzer/FuzzerLoop.cpp:611:15
    #45 0x4421e2 in fuzzer::RunOneTest(fuzzer::Fuzzer*, char const*, unsigned long) /src/llvm-project/compiler-rt/lib/fuzzer/FuzzerDriver.cpp:324:6
    #46 0x447a2c in fuzzer::FuzzerDriver(int*, char***, int (*)(unsigned char const*, unsigned long)) /src/llvm-project/compiler-rt/lib/fuzzer/FuzzerDriver.cpp:860:9
    #47 0x470622 in main /src/llvm-project/compiler-rt/lib/fuzzer/FuzzerMain.cpp:20:10
    #48 0x7df5aeb81082 in __libc_start_main (/lib/x86_64-linux-gnu/libc.so.6+0x24082)
    #49 0x420a0d in _start (/out/gs_device_pdfwrite_fuzzer+0x420a0d)

DEDUP_TOKEN: GetShortIns--Ins_NPUSHW--RunIns
0x62d00008a458 is located 0 bytes to the right of 32856-byte region [0x62d000082400,0x62d00008a458)
allocated by thread T0 here:
    #0 0x524e3d in __interceptor_malloc /src/llvm-project/compiler-rt/lib/asan/asan_malloc_linux.cpp:129:3
    #1 0xa66021 in gs_heap_alloc_bytes /src/ghostpdl/./base/gsmalloc.c:192:34
    #2 0x6fcccd in chunk_obj_alloc /src/ghostpdl/./base/gsmchunk.c:928:36
    #3 0x6fbd4f in chunk_alloc_bytes /src/ghostpdl/./base/gsmchunk.c:999:12
    #4 0x6fbd4f in chunk_alloc_byte_array_immovable /src/ghostpdl/./base/gsmchunk.c:1020:12
    #5 0x70b450 in s_zlib_alloc /src/ghostpdl/./base/szlibc.c:88:9
    #6 0x7df5aeef8708 in inflate (/lib/x86_64-linux-gnu/libz.so.1+0xa708)

DEDUP_TOKEN: __interceptor_malloc--gs_heap_alloc_bytes--chunk_obj_alloc
SUMMARY: AddressSanitizer: heap-buffer-overflow /src/ghostpdl/./base/ttinterp.c:735:14 in GetShortIns
Shadow bytes around the buggy address:
  0x0c5a80009430: 00 00 00 00 00 00 00 00 00 00 00 00 00 00 00 00
  0x0c5a80009440: 00 00 00 00 00 00 00 00 00 00 00 00 00 00 00 00
  0x0c5a80009450: 00 00 00 00 00 00 00 00 00 00 00 00 00 00 00 00
  0x0c5a80009460: 00 00 00 00 00 00 00 00 00 00 00 00 00 00 00 00
  0x0c5a80009470: 00 00 00 00 00 00 00 00 00 00 00 00 00 00 00 00
=>0x0c5a80009480: 00 00 00 00 00 00 00 00 00 00 00[fa]fa fa fa fa
  0x0c5a80009490: fa fa fa fa fa fa fa fa fa fa fa fa fa fa fa fa
  0x0c5a800094a0: fa fa fa fa fa fa fa fa fa fa fa fa fa fa fa fa
  0x0c5a800094b0: fa fa fa fa fa fa fa fa fa fa fa fa fa fa fa fa
  0x0c5a800094c0: fa fa fa fa fa fa fa fa fa fa fa fa fa fa fa fa
  0x0c5a800094d0: fa fa fa fa fa fa fa fa fa fa fa fa fa fa fa fa
Shadow byte legend (one shadow byte represents 8 application bytes):
  Addressable:           00
  Partially addressable: 01 02 03 04 05 06 07 
  Heap left redzone:       fa
  Freed heap region:       fd
  Stack left redzone:      f1
  Stack mid redzone:       f2
  Stack right redzone:     f3
  Stack after return:      f5
  Stack use after scope:   f8
  Global redzone:          f9
  Global init order:       f6
  Poisoned by user:        f7
  Container overflow:      fc
  Array cookie:            ac
  Intra object redzone:    bb
  ASan internal:           fe
  Left alloca redzone:     ca
  Right alloca redzone:    cb
==13==ABORTING
