=================================================================
==13==ERROR: AddressSanitizer: global-buffer-overflow on address 0x0000005226f8 at pc 0x0000004e3423 bp 0x7ffc82e61f40 sp 0x7ffc82e61f38
READ of size 4 at 0x0000005226f8 thread T0
SCARINESS: 17 (4-byte-read-global-buffer-overflow)
    #0 0x4e3422 in _getBaseCellNeighbor /src/h3/src/h3lib/lib/baseCells.c:901:12
    #1 0x4dfe32 in localIjkToCell /src/h3/src/h3lib/lib/localij.c:326:33
    #2 0x4e0e4c in localIjToCell /src/h3/src/h3lib/lib/localij.c:568:12
    #3 0x4de24d in LLVMFuzzerTestOneInput /src/h3/src/apps/fuzzers/fuzzerLocalIj.c:58:19
    #4 0x4ddd3a in ExecuteFilesOnyByOne /src/aflplusplus/utils/aflpp_driver/aflpp_driver.c:234:7
    #5 0x4ddb0c in main /src/aflplusplus/utils/aflpp_driver/aflpp_driver.c:318:12
    #6 0x70d142abe082 in __libc_start_main (/lib/x86_64-linux-gnu/libc.so.6+0x24082) (BuildId: 87b331c034a6458c64ce09c03939e947212e18ce)
    #7 0x42152d in _start (/out/fuzzerLocalIj+0x42152d)

DEDUP_TOKEN: _getBaseCellNeighbor--localIjkToCell--localIjToCell
0x0000005226f8 is located 0 bytes to the right of global variable 'baseCellNeighbors' defined in '/src/h3/src/h3lib/lib/baseCells.c:38:11' (0x5219a0) of size 3416
SUMMARY: AddressSanitizer: global-buffer-overflow /src/h3/src/h3lib/lib/baseCells.c:901:12 in _getBaseCellNeighbor
Shadow bytes around the buggy address:
  0x00008009c480: 00 00 00 00 00 00 00 00 00 00 00 00 00 00 00 00
  0x00008009c490: 00 00 00 00 00 00 00 00 00 00 00 00 00 00 00 00
  0x00008009c4a0: 00 00 00 00 00 00 00 00 00 00 00 00 00 00 00 00
  0x00008009c4b0: 00 00 00 00 00 00 00 00 00 00 00 00 00 00 00 00
  0x00008009c4c0: 00 00 00 00 00 00 00 00 00 00 00 00 00 00 00 00
=>0x00008009c4d0: 00 00 00 00 00 00 00 00 00 00 00 00 00 00 00[f9]
  0x00008009c4e0: f9 f9 f9 f9 f9 f9 f9 f9 f9 f9 f9 f9 f9 f9 f9 f9
  0x00008009c4f0: f9 f9 f9 f9 f9 f9 f9 f9 f9 f9 f9 f9 f9 f9 f9 f9
  0x00008009c500: f9 f9 f9 f9 f9 f9 f9 f9 f9 f9 f9 f9 f9 f9 f9 f9
  0x00008009c510: f9 f9 f9 f9 f9 f9 f9 f9 f9 f9 f9 f9 f9 f9 f9 f9
  0x00008009c520: f9 f9 f9 f9 f9 f9 f9 f9 f9 f9 f9 f9 f9 f9 f9 f9
Shadow byte legend (one shadow byte represents 8 application bytes):
  Addressable:           00
  Partially addressable: 01 02 03 04 05 06 07 
  Heap left redzone:       fa
  Freed heap region:       fd
  Stack left redzone:      f1
  Stack mid redzone:       f2
  Stack right redzone:     f3
  Stack after return:      f5
  Stack use after scope:   f8
  Global redzone:          f9
  Global init order:       f6
  Poisoned by user:        f7
  Container overflow:      fc
  Array cookie:            ac
  Intra object redzone:    bb
  ASan internal:           fe
  Left alloca redzone:     ca
  Right alloca redzone:    cb
==13==ABORTING
