=================================================================
==13==ERROR: AddressSanitizer: dynamic-stack-buffer-overflow on address 0x7ffcbe52be18 at pc 0x00000049dd6c bp 0x7ffcbe52aef0 sp 0x7ffcbe52a6c0
WRITE of size 131033 at 0x7ffcbe52be18 thread T0
SCARINESS: 60 (multi-byte-write-dynamic-stack-buffer-overflow)
    #0 0x49dd6b in __asan_memcpy /src/llvm-project/compiler-rt/lib/asan/asan_interceptors_memintrinsics.cpp:22:3
    #1 0x52f970 in rx_icmp(mip_if*, pkt*) /src/mongoose/mip/mip.c:454:5
    #2 0x52af88 in rx_ip(mip_if*, pkt*) /src/mongoose/mip/mip.c:707:5
    #3 0x5274fc in mip_rx(mip_if*, void*, unsigned long) /src/mongoose/mip/mip.c:775:5
    #4 0x526755 in LLVMFuzzerTestOneInput /src/mongoose/test/fuzz.c:67:3
    #5 0x4dc36a in ExecuteFilesOnyByOne /src/aflplusplus/utils/aflpp_driver/aflpp_driver.c:234:7
    #6 0x4dc13c in main /src/aflplusplus/utils/aflpp_driver/aflpp_driver.c:318:12
    #7 0x74e4150a1082 in __libc_start_main (/lib/x86_64-linux-gnu/libc.so.6+0x24082) (BuildId: 87b331c034a6458c64ce09c03939e947212e18ce)
    #8 0x41d4ed in _start (/out/fuzz+0x41d4ed)

DEDUP_TOKEN: __asan_memcpy--rx_icmp(mip_if*, pkt*)--rx_ip(mip_if*, pkt*)
Address 0x7ffcbe52be18 is located in stack of thread T0
SUMMARY: AddressSanitizer: dynamic-stack-buffer-overflow /src/llvm-project/compiler-rt/lib/asan/asan_interceptors_memintrinsics.cpp:22:3 in __asan_memcpy
Shadow bytes around the buggy address:
  0x100017c9d770: 00 00 00 00 00 00 00 00 00 00 00 00 00 00 00 00
  0x100017c9d780: 00 00 00 00 00 00 00 00 00 00 00 00 00 00 00 00
  0x100017c9d790: 00 00 00 00 00 00 00 00 00 00 00 00 00 00 00 00
  0x100017c9d7a0: 00 00 00 00 00 00 00 00 00 00 00 00 00 00 00 00
  0x100017c9d7b0: 00 00 00 00 00 00 00 00 00 00 00 00 00 00 00 00
=>0x100017c9d7c0: 00 00 00[cb]cb cb cb cb ca ca ca ca 00 00 00 00
  0x100017c9d7d0: 00 00 00 00 00 00 00 00 00 00 00 00 00 00 00 00
  0x100017c9d7e0: 00 00 00 00 00 00 00 00 00 00 00 00 00 00 00 00
  0x100017c9d7f0: 00 00 00 00 00 00 00 00 00 00 00 00 00 00 00 00
  0x100017c9d800: 00 00 00 00 00 00 00 00 00 00 00 00 00 00 00 00
  0x100017c9d810: 00 00 00 00 00 00 00 00 00 00 00 00 00 00 00 00
Shadow byte legend (one shadow byte represents 8 application bytes):
  Addressable:           00
  Partially addressable: 01 02 03 04 05 06 07 
  Heap left redzone:       fa
  Freed heap region:       fd
  Stack left redzone:      f1
  Stack mid redzone:       f2
  Stack right redzone:     f3
  Stack after return:      f5
  Stack use after scope:   f8
  Global redzone:          f9
  Global init order:       f6
  Poisoned by user:        f7
  Container overflow:      fc
  Array cookie:            ac
  Intra object redzone:    bb
  ASan internal:           fe
  Left alloca redzone:     ca
  Right alloca redzone:    cb
==13==ABORTING
