=================================================================
==13==ERROR: AddressSanitizer: heap-buffer-overflow on address 0x6060000061d8 at pc 0x00000046781e bp 0x7fff6d3f7210 sp 0x7fff6d3f69d0
READ of size 3 at 0x6060000061d8 thread T0
SCARINESS: 15 (3-byte-read-heap-buffer-overflow)
    #0 0x46781d in __interceptor_memcpy /src/llvm-project/compiler-rt/lib/asan/../sanitizer_common/sanitizer_common_interceptors.inc:827:5
    #1 0x7b6147 in onig_node_str_cat /src/fluent-bit/lib/onigmo/regparse.c
    #2 0x7e6e57 in expand_case_fold_string /src/fluent-bit/lib/onigmo/regcomp.c:3616:11
    #3 0x7e6e57 in setup_tree /src/fluent-bit/lib/onigmo/regcomp.c:3902:11
    #4 0x7e8df3 in setup_tree /src/fluent-bit/lib/onigmo/regcomp.c:3893:11
    #5 0x7e903a in setup_tree /src/fluent-bit/lib/onigmo/regcomp.c:4051:8
    #6 0x7e72c9 in setup_tree /src/fluent-bit/lib/onigmo/regcomp.c:3975:11
    #7 0x7e75e4 in setup_tree /src/fluent-bit/lib/onigmo/regcomp.c:3882:6
    #8 0x7e19c3 in onig_compile /src/fluent-bit/lib/onigmo/regcomp.c:5796:7
    #9 0x7f9f28 in onig_new /src/fluent-bit/lib/onigmo/regcomp.c:5982:7
    #10 0x54427e in str_to_regex /src/fluent-bit/src/flb_regex.c:78:11
    #11 0x543f4f in flb_regex_create /src/fluent-bit/src/flb_regex.c:108:11
    #12 0x527ac2 in flb_parser_create /src/fluent-bit/src/flb_parser.c:214:17
    #13 0x52a6fe in parser_conf_file /src/fluent-bit/src/flb_parser.c:559:14
    #14 0x529fb8 in flb_parser_conf_file /src/fluent-bit/src/flb_parser.c:870:11
    #15 0x5052f0 in LLVMFuzzerTestOneInput /src/fluent-bit/tests/internal/fuzzers/config_random_fuzzer.c:45:5
    #16 0x504fb5 in ExecuteFilesOnyByOne /src/aflplusplus/utils/aflpp_driver/aflpp_driver.c:191:7
    #17 0x504e25 in main /src/aflplusplus/utils/aflpp_driver/aflpp_driver.c
    #18 0x740119896082 in __libc_start_main (/lib/x86_64-linux-gnu/libc.so.6+0x24082)
    #19 0x44ea0d in _start (/out/flb-it-fuzz-config_random_fuzzer_OSSFUZZ+0x44ea0d)

DEDUP_TOKEN: __interceptor_memcpy--onig_node_str_cat--expand_case_fold_string
0x6060000061d8 is located 0 bytes to the right of 56-byte region [0x6060000061a0,0x6060000061d8)
allocated by thread T0 here:
    #0 0x4cdd0d in __interceptor_malloc /src/llvm-project/compiler-rt/lib/asan/asan_malloc_linux.cpp:129:3
    #1 0x7c3226 in node_new /src/fluent-bit/lib/onigmo/regparse.c:1125:18
    #2 0x7c3226 in node_new_str /src/fluent-bit/lib/onigmo/regparse.c:1465:16
    #3 0x7c3226 in parse_exp /src/fluent-bit/lib/onigmo/regparse.c:6584:13

DEDUP_TOKEN: __interceptor_malloc--node_new--node_new_str
SUMMARY: AddressSanitizer: heap-buffer-overflow /src/llvm-project/compiler-rt/lib/asan/../sanitizer_common/sanitizer_common_interceptors.inc:827:5 in __interceptor_memcpy
Shadow bytes around the buggy address:
  0x0c0c7fff8be0: 00 00 00 00 00 00 00 fa fa fa fa fa 00 00 00 00
  0x0c0c7fff8bf0: 00 00 00 fa fa fa fa fa 00 00 00 00 00 00 00 fa
  0x0c0c7fff8c00: fa fa fa fa 00 00 00 00 00 00 00 fa fa fa fa fa
  0x0c0c7fff8c10: 00 00 00 00 00 00 00 fa fa fa fa fa 00 00 00 00
  0x0c0c7fff8c20: 00 00 00 fa fa fa fa fa 00 00 00 00 00 00 00 fa
=>0x0c0c7fff8c30: fa fa fa fa 00 00 00 00 00 00 00[fa]fa fa fa fa
  0x0c0c7fff8c40: 00 00 00 00 00 00 00 fa fa fa fa fa 00 00 00 00
  0x0c0c7fff8c50: 00 00 00 fa fa fa fa fa 00 00 00 00 00 00 00 fa
  0x0c0c7fff8c60: fa fa fa fa 00 00 00 00 00 00 00 fa fa fa fa fa
  0x0c0c7fff8c70: 00 00 00 00 00 00 00 fa fa fa fa fa 00 00 00 00
  0x0c0c7fff8c80: 00 00 00 fa fa fa fa fa 00 00 00 00 00 00 00 fa
Shadow byte legend (one shadow byte represents 8 application bytes):
  Addressable:           00
  Partially addressable: 01 02 03 04 05 06 07 
  Heap left redzone:       fa
  Freed heap region:       fd
  Stack left redzone:      f1
  Stack mid redzone:       f2
  Stack right redzone:     f3
  Stack after return:      f5
  Stack use after scope:   f8
  Global redzone:          f9
  Global init order:       f6
  Poisoned by user:        f7
  Container overflow:      fc
  Array cookie:            ac
  Intra object redzone:    bb
  ASan internal:           fe
  Left alloca redzone:     ca
  Right alloca redzone:    cb
==13==ABORTING
