INFO: Running with entropic power schedule (0xFF, 100).
INFO: Seed: 2334627524
INFO: Loaded 1 modules   (23281 inline 8-bit counters): 23281 [0x962c40, 0x968731), 
INFO: Loaded 1 PC tables (23281 PCs): 23281 [0x834278,0x88f188), 
/out/mruby_fuzzer: Running 1 inputs 1 time(s) each.
Running: /tmp/poc
AddressSanitizer:DEADLYSIGNAL
=================================================================
==13==ERROR: AddressSanitizer: SEGV on unknown address 0x62efa1e50b28 (pc 0x000000701fab bp 0x7ffc2b29a2c0 sp 0x7ffc2b29a120 T0)
==13==The signal is caused by a READ memory access.
SCARINESS: 20 (wild-addr-read)
    #0 0x701fab in unpack_float /src/mruby/mrbgems/mruby-pack/src/pack.c:527:7
    #1 0x701fab in pack_unpack /src/mruby/mrbgems/mruby-pack/src/pack.c:1562:19
    #2 0x7003a1 in mrb_pack_unpack /src/mruby/mrbgems/mruby-pack/src/pack.c:1591:10
    #3 0x59f89c in mrb_vm_exec /src/mruby/src/vm.c
    #4 0x58cf21 in mrb_vm_run /src/mruby/src/vm.c:1279:12
    #5 0x589f04 in mrb_top_run /src/mruby/src/vm.c
    #6 0x60a8a1 in mrb_load_exec /src/mruby/mrbgems/mruby-compiler/core/parse.y:6910:7
    #7 0x60bb26 in mrb_load_nstring_cxt /src/mruby/mrbgems/mruby-compiler/core/parse.y:6982:10
    #8 0x60bcdb in mrb_load_string_cxt /src/mruby/mrbgems/mruby-compiler/core/parse.y:6994:10
    #9 0x60bcdb in mrb_load_string /src/mruby/mrbgems/mruby-compiler/core/parse.y:7000:10
    #10 0x56d8af in LLVMFuzzerTestOneInput /src/mruby/oss-fuzz/mruby_fuzzer.c:14:5
    #11 0x43f263 in fuzzer::Fuzzer::ExecuteCallback(unsigned char const*, unsigned long) /src/llvm-project/compiler-rt/lib/fuzzer/FuzzerLoop.cpp:611:15
    #12 0x42a9c2 in fuzzer::RunOneTest(fuzzer::Fuzzer*, char const*, unsigned long) /src/llvm-project/compiler-rt/lib/fuzzer/FuzzerDriver.cpp:324:6
    #13 0x43026c in fuzzer::FuzzerDriver(int*, char***, int (*)(unsigned char const*, unsigned long)) /src/llvm-project/compiler-rt/lib/fuzzer/FuzzerDriver.cpp:860:9
    #14 0x4597a2 in main /src/llvm-project/compiler-rt/lib/fuzzer/FuzzerMain.cpp:20:10
    #15 0x737436800082 in __libc_start_main (/lib/x86_64-linux-gnu/libc.so.6+0x24082) (BuildId: 87b331c034a6458c64ce09c03939e947212e18ce)
    #16 0x420b8d in _start (/out/mruby_fuzzer+0x420b8d)

DEDUP_TOKEN: unpack_float--pack_unpack--mrb_pack_unpack
AddressSanitizer can not provide additional info.
SUMMARY: AddressSanitizer: SEGV /src/mruby/mrbgems/mruby-pack/src/pack.c:527:7 in unpack_float
==13==ABORTING
