=================================================================
==13==ERROR: AddressSanitizer: heap-buffer-overflow on address 0x78ef7c97bc02 at pc 0x0000006d115d bp 0x7fff89829160 sp 0x7fff89829158
WRITE of size 1 at 0x78ef7c97bc02 thread T0
SCARINESS: 31 (1-byte-write-heap-buffer-overflow)
    #0 0x6d115c in rgb_extbgrx_convert_internal /src/libjpeg-turbo.dev/jdcolext.c:130:23
    #1 0x6d115c in rgb_rgb_convert /src/libjpeg-turbo.dev/jdcolor.c:499:5
    #2 0x5b873e in sep_upsample /src/libjpeg-turbo.dev/jdsample.c:98:3
    #3 0x6ec454 in process_data_simple_main /src/libjpeg-turbo.dev/jdmainct.c:315:3
    #4 0x581d5b in jpeg_read_scanlines /src/libjpeg-turbo.dev/jdapistd.c:316:3
    #5 0x4ebd94 in tjDecompress2 /src/libjpeg-turbo.dev/turbojpeg.c:1391:5
    #6 0x4dc123 in LLVMFuzzerTestOneInput /src/libjpeg-turbo.dev/fuzz/decompress.cc:86:9
    #7 0x4dcd4a in ExecuteFilesOnyByOne /src/aflplusplus/utils/aflpp_driver/aflpp_driver.c:234:7
    #8 0x4dcb1c in main /src/aflplusplus/utils/aflpp_driver/aflpp_driver.c:318:12
    #9 0x78ef7d41c082 in __libc_start_main (/lib/x86_64-linux-gnu/libc.so.6+0x24082) (BuildId: 87b331c034a6458c64ce09c03939e947212e18ce)
    #10 0x41d4ed in _start (/out/libjpeg_turbo_fuzzer_dev+0x41d4ed)

DEDUP_TOKEN: rgb_extbgrx_convert_internal--rgb_rgb_convert--sep_upsample
0x78ef7c97bc02 is located 2 bytes to the right of 263168-byte region [0x78ef7c93b800,0x78ef7c97bc00)
allocated by thread T0 here:
    #0 0x49e926 in __interceptor_malloc /src/llvm-project/compiler-rt/lib/asan/asan_malloc_linux.cpp:69:3
    #1 0x4dc0c0 in LLVMFuzzerTestOneInput /src/libjpeg-turbo.dev/fuzz/decompress.cc:83:36
    #2 0x4dcd4a in ExecuteFilesOnyByOne /src/aflplusplus/utils/aflpp_driver/aflpp_driver.c:234:7

DEDUP_TOKEN: __interceptor_malloc--LLVMFuzzerTestOneInput--ExecuteFilesOnyByOne
SUMMARY: AddressSanitizer: heap-buffer-overflow /src/libjpeg-turbo.dev/jdcolext.c:130:23 in rgb_extbgrx_convert_internal
Shadow bytes around the buggy address:
  0x0f1e6f927730: 00 00 00 00 00 00 00 00 00 00 00 00 00 00 00 00
  0x0f1e6f927740: 00 00 00 00 00 00 00 00 00 00 00 00 00 00 00 00
  0x0f1e6f927750: 00 00 00 00 00 00 00 00 00 00 00 00 00 00 00 00
  0x0f1e6f927760: 00 00 00 00 00 00 00 00 00 00 00 00 00 00 00 00
  0x0f1e6f927770: 00 00 00 00 00 00 00 00 00 00 00 00 00 00 00 00
=>0x0f1e6f927780:[fa]fa fa fa fa fa fa fa fa fa fa fa fa fa fa fa
  0x0f1e6f927790: fa fa fa fa fa fa fa fa fa fa fa fa fa fa fa fa
  0x0f1e6f9277a0: fa fa fa fa fa fa fa fa fa fa fa fa fa fa fa fa
  0x0f1e6f9277b0: fa fa fa fa fa fa fa fa fa fa fa fa fa fa fa fa
  0x0f1e6f9277c0: fa fa fa fa fa fa fa fa fa fa fa fa fa fa fa fa
  0x0f1e6f9277d0: fa fa fa fa fa fa fa fa fa fa fa fa fa fa fa fa
Shadow byte legend (one shadow byte represents 8 application bytes):
  Addressable:           00
  Partially addressable: 01 02 03 04 05 06 07 
  Heap left redzone:       fa
  Freed heap region:       fd
  Stack left redzone:      f1
  Stack mid redzone:       f2
  Stack right redzone:     f3
  Stack after return:      f5
  Stack use after scope:   f8
  Global redzone:          f9
  Global init order:       f6
  Poisoned by user:        f7
  Container overflow:      fc
  Array cookie:            ac
  Intra object redzone:    bb
  ASan internal:           fe
  Left alloca redzone:     ca
  Right alloca redzone:    cb
==13==ABORTING
