=================================================================
==13==ERROR: AddressSanitizer: heap-buffer-overflow on address 0x616000001500 at pc 0x000000542d16 bp 0x7ffedad89ab0 sp 0x7ffedad89aa8
READ of size 4 at 0x616000001500 thread T0
SCARINESS: 17 (4-byte-read-heap-buffer-overflow)
    #0 0x542d15 in OT::hb_ot_apply_context_t::check_glyph_property(hb_glyph_info_t const*, unsigned int) const /work/build/../../src/harfbuzz/src/OT/Layout/GPOS/../../../hb-ot-layout-gsubgpos.hh:778:34
    #1 0x542d15 in OT::hb_ot_apply_context_t::matcher_t::may_skip(OT::hb_ot_apply_context_t const*, hb_glyph_info_t const&) const /work/build/../../src/harfbuzz/src/OT/Layout/GPOS/../../../hb-ot-layout-gsubgpos.hh:452:15
    #2 0x542d15 in OT::hb_ot_apply_context_t::skipping_iterator_t::next(unsigned int*) /work/build/../../src/harfbuzz/src/OT/Layout/GPOS/../../../hb-ot-layout-gsubgpos.hh:548:39
    #3 0x695932 in bool OT::match_input<OT::IntType<unsigned short, 2u> >(OT::hb_ot_apply_context_t*, unsigned int, OT::IntType<unsigned short, 2u> const*, bool (*)(hb_glyph_info_t&, unsigned int, void const*), void const*, unsigned int*, unsigned int*, unsigned int*) /work/build/../../src/harfbuzz/src/OT/Layout/GSUB/../../../hb-ot-layout-gsubgpos.hh:1215:22
    #4 0x693dcb in bool OT::context_apply_lookup<OT::IntType<unsigned short, 2u> >(OT::hb_ot_apply_context_t*, unsigned int, OT::IntType<unsigned short, 2u> const*, unsigned int, OT::LookupRecord const*, OT::ContextApplyLookupContext const&) /work/build/../../src/harfbuzz/src/OT/Layout/GSUB/../../../hb-ot-layout-gsubgpos.hh:1811:7
    #5 0x740f33 in OT::Rule<OT::Layout::SmallTypes>::apply(OT::hb_ot_apply_context_t*, OT::ContextApplyLookupContext const&) const /work/build/../../src/harfbuzz/src/OT/Layout/GSUB/../../../hb-ot-layout-gsubgpos.hh:1891:5
    #6 0x740f33 in OT::RuleSet<OT::Layout::SmallTypes>::apply(OT::hb_ot_apply_context_t*, OT::ContextApplyLookupContext const&) const::'lambda'(OT::Rule<OT::Layout::SmallTypes> const&)::operator()(OT::Rule<OT::Layout::SmallTypes> const&) const /work/build/../../src/harfbuzz/src/OT/Layout/GSUB/../../../hb-ot-layout-gsubgpos.hh:2020:5
    #7 0x740f33 in decltype(hb_deref(std::forward<OT::RuleSet<OT::Layout::SmallTypes>::apply(OT::hb_ot_apply_context_t*, OT::ContextApplyLookupContext const&) const::'lambda'(OT::Rule<OT::Layout::SmallTypes> const&)>(fp))(std::forward<OT::Rule<OT::Layout::SmallTypes> const&>(fp1))) $_11::impl<OT::RuleSet<OT::Layout::SmallTypes>::apply(OT::hb_ot_apply_context_t*, OT::ContextApplyLookupContext const&) const::'lambda'(OT::Rule<OT::Layout::SmallTypes> const&), OT::Rule<OT::Layout::SmallTypes> const&>(OT::RuleSet<OT::Layout::SmallTypes>::apply(OT::hb_ot_apply_context_t*, OT::ContextApplyLookupContext const&) const::'lambda'(OT::Rule<OT::Layout::SmallTypes> const&)&&, hb_priority<0u>, OT::Rule<OT::Layout::SmallTypes> const&) const /work/build/../../src/harfbuzz/src/hb-algs.hh:266:53
    #8 0x740f33 in decltype(impl(std::forward<OT::RuleSet<OT::Layout::SmallTypes>::apply(OT::hb_ot_apply_context_t*, OT::ContextApplyLookupContext const&) const::'lambda'(OT::Rule<OT::Layout::SmallTypes> const&)>(fp), (hb_priority<16u>)(), std::forward<OT::Rule<OT::Layout::SmallTypes> const&>(fp0))) $_11::operator()<OT::RuleSet<OT::Layout::SmallTypes>::apply(OT::hb_ot_apply_context_t*, OT::ContextApplyLookupContext const&) const::'lambda'(OT::Rule<OT::Layout::SmallTypes> const&), OT::Rule<OT::Layout::SmallTypes> const&>(OT::RuleSet<OT::Layout::SmallTypes>::apply(OT::hb_ot_apply_context_t*, OT::ContextApplyLookupContext const&) const::'lambda'(OT::Rule<OT::Layout::SmallTypes> const&)&&, OT::Rule<OT::Layout::SmallTypes> const&) const /work/build/../../src/harfbuzz/src/hb-algs.hh:272:44
    #9 0x740f33 in decltype(hb_invoke(std::forward<OT::RuleSet<OT::Layout::SmallTypes>::apply(OT::hb_ot_apply_context_t*, OT::ContextApplyLookupContext const&) const::'lambda'(OT::Rule<OT::Layout::SmallTypes> const&)>(fp), std::forward<OT::Rule<OT::Layout::SmallTypes> const&>(fp0))) $_10::impl<OT::RuleSet<OT::Layout::SmallTypes>::apply(OT::hb_ot_apply_context_t*, OT::ContextApplyLookupContext const&) const::'lambda'(OT::Rule<OT::Layout::SmallTypes> const&), OT::Rule<OT::Layout::SmallTypes> const&>(OT::RuleSet<OT::Layout::SmallTypes>::apply(OT::hb_ot_apply_context_t*, OT::ContextApplyLookupContext const&) const::'lambda'(OT::Rule<OT::Layout::SmallTypes> const&)&&, OT::Rule<OT::Layout::SmallTypes> const&, hb_priority<1u>) const /work/build/../../src/harfbuzz/src/hb-algs.hh:423:50
    #10 0x740f33 in decltype(impl(std::forward<OT::RuleSet<OT::Layout::SmallTypes>::apply(OT::hb_ot_apply_context_t*, OT::ContextApplyLookupContext const&) const::'lambda'(OT::Rule<OT::Layout::SmallTypes> const&)>(fp), std::forward<OT::Rule<OT::Layout::SmallTypes> const&>(fp0), (hb_priority<16u>)())) $_10::operator()<OT::RuleSet<OT::Layout::SmallTypes>::apply(OT::hb_ot_apply_context_t*, OT::ContextApplyLookupContext const&) const::'lambda'(OT::Rule<OT::Layout::SmallTypes> const&), OT::Rule<OT::Layout::SmallTypes> const&>(OT::RuleSet<OT::Layout::SmallTypes>::apply(OT::hb_ot_apply_context_t*, OT::ContextApplyLookupContext const&) const::'lambda'(OT::Rule<OT::Layout::SmallTypes> const&)&&, OT::Rule<OT::Layout::SmallTypes> const&) const /work/build/../../src/harfbuzz/src/hb-algs.hh:438:41
    #11 0x740f33 in hb_map_iter_t<hb_map_iter_t<hb_array_t<OT::OffsetTo<OT::Rule<OT::Layout::SmallTypes>, OT::IntType<unsigned short, 2u>, true> const>, hb_partial_t<2u, $_38 const*, OT::RuleSet<OT::Layout::SmallTypes> const*>, (hb_function_sortedness_t)0, (void*)0>, OT::RuleSet<OT::Layout::SmallTypes>::apply(OT::hb_ot_apply_context_t*, OT::ContextApplyLookupContext const&) const::'lambda'(OT::Rule<OT::Layout::SmallTypes> const&), (hb_function_sortedness_t)0, (void*)0>::__item__() const /work/build/../../src/harfbuzz/src/hb-iter.hh:376:41
    #12 0x740f33 in hb_iter_t<hb_map_iter_t<hb_map_iter_t<hb_array_t<OT::OffsetTo<OT::Rule<OT::Layout::SmallTypes>, OT::IntType<unsigned short, 2u>, true> const>, hb_partial_t<2u, $_38 const*, OT::RuleSet<OT::Layout::SmallTypes> const*>, (hb_function_sortedness_t)0, (void*)0>, OT::RuleSet<OT::Layout::SmallTypes>::apply(OT::hb_ot_apply_context_t*, OT::ContextApplyLookupContext const&) const::'lambda'(OT::Rule<OT::Layout::SmallTypes> const&), (hb_function_sortedness_t)0, (void*)0>, bool>::operator*() /work/build/../../src/harfbuzz/src/hb-iter.hh:88:41
    #13 0x740f33 in bool $_32::operator()<hb_map_iter_t<hb_map_iter_t<hb_array_t<OT::OffsetTo<OT::Rule<OT::Layout::SmallTypes>, OT::IntType<unsigned short, 2u>, true> const>, hb_partial_t<2u, $_38 const*, OT::RuleSet<OT::Layout::SmallTypes> const*>, (hb_function_sortedness_t)0, (void*)0>, OT::RuleSet<OT::Layout::SmallTypes>::apply(OT::hb_ot_apply_context_t*, OT::ContextApplyLookupContext const&) const::'lambda'(OT::Rule<OT::Layout::SmallTypes> const&), (hb_function_sortedness_t)0, (void*)0>, $_9 const&, $_9 const&, (void*)0>(hb_map_iter_t<hb_map_iter_t<hb_array_t<OT::OffsetTo<OT::Rule<OT::Layout::SmallTypes>, OT::IntType<unsigned short, 2u>, true> const>, hb_partial_t<2u, $_38 const*, OT::RuleSet<OT::Layout::SmallTypes> const*>, (hb_function_sortedness_t)0, (void*)0>, OT::RuleSet<OT::Layout::SmallTypes>::apply(OT::hb_ot_apply_context_t*, OT::ContextApplyLookupContext const&) const::'lambda'(OT::Rule<OT::Layout::SmallTypes> const&), (hb_function_sortedness_t)0, (void*)0>&&, $_9 const&, $_9 const&) const /work/build/../../src/harfbuzz/src/hb-iter.hh:975:77
    #14 0x740f33 in decltype(std::forward<$_32 const&>(fp0)(std::forward<hb_map_iter_t<hb_map_iter_t<hb_array_t<OT::OffsetTo<OT::Rule<OT::Layout::SmallTypes>, OT::IntType<unsigned short, 2u>, true> const>, hb_partial_t<2u, $_38 const*, OT::RuleSet<OT::Layout::SmallTypes> const*>, (hb_function_sortedness_t)0, (void*)0>, OT::RuleSet<OT::Layout::SmallTypes>::apply(OT::hb_ot_apply_context_t*, OT::ContextApplyLookupContext const&) const::'lambda'(OT::Rule<OT::Layout::SmallTypes> const&), (hb_function_sortedness_t)0, (void*)0> >(fp))) operator|<hb_map_iter_t<hb_map_iter_t<hb_array_t<OT::OffsetTo<OT::Rule<OT::Layout::SmallTypes>, OT::IntType<unsigned short, 2u>, true> const>, hb_partial_t<2u, $_38 const*, OT::RuleSet<OT::Layout::SmallTypes> const*>, (hb_function_sortedness_t)0, (void*)0>, OT::RuleSet<OT::Layout::SmallTypes>::apply(OT::hb_ot_apply_context_t*, OT::ContextApplyLookupContext const&) const::'lambda'(OT::Rule<OT::Layout::SmallTypes> const&), (hb_function_sortedness_t)0, (void*)0>, $_32 const&, (void*)0>(hb_map_iter_t<hb_map_iter_t<hb_array_t<OT::OffsetTo<OT::Rule<OT::Layout::SmallTypes>, OT::IntType<unsigned short, 2u>, true> const>, hb_partial_t<2u, $_38 const*, OT::RuleSet<OT::Layout::SmallTypes> const*>, (hb_function_sortedness_t)0, (void*)0>, OT::RuleSet<OT::Layout::SmallTypes>::apply(OT::hb_ot_apply_context_t*, OT::ContextApplyLookupContext const&) const::'lambda'(OT::Rule<OT::Layout::SmallTypes> const&), (hb_function_sortedness_t)0, (void*)0>&&, $_32 const&) /work/build/../../src/harfbuzz/src/hb-iter.hh:352:35
    #15 0x740f33 in OT::RuleSet<OT::Layout::SmallTypes>::apply(OT::hb_ot_apply_context_t*, OT::ContextApplyLookupContext const&) const /work/build/../../src/harfbuzz/src/OT/Layout/GSUB/../../../hb-ot-layout-gsubgpos.hh:2020:5
    #16 0x741ec1 in OT::ContextFormat2_5<OT::Layout::SmallTypes>::apply(OT::hb_ot_apply_context_t*, bool) const /work/build/../../src/harfbuzz/src/OT/Layout/GSUB/../../../hb-ot-layout-gsubgpos.hh:2399:5
    #17 0x741102 in bool OT::hb_accelerate_subtables_context_t::apply_to<OT::ContextFormat2_5<OT::Layout::SmallTypes> >(void const*, OT::hb_ot_apply_context_t*) /work/build/../../src/harfbuzz/src/OT/Layout/GSUB/../../../hb-ot-layout-gsubgpos.hh:864:23
    #18 0x7784d7 in OT::hb_accelerate_subtables_context_t::hb_applicable_t::apply(OT::hb_ot_apply_context_t*) const /work/build/../../src/harfbuzz/src/OT/Layout/GSUB/../../../hb-ot-layout-gsubgpos.hh:920:62
    #19 0x7784d7 in OT::hb_ot_layout_lookup_accelerator_t::apply(OT::hb_ot_apply_context_t*, bool) const::'lambda0'(OT::hb_accelerate_subtables_context_t::hb_applicable_t const&)::operator()(OT::hb_accelerate_subtables_context_t::hb_applicable_t const&) const /work/build/../../src/harfbuzz/src/OT/Layout/GSUB/../../../hb-ot-layout-gsubgpos.hh:3994:95
    #20 0x7784d7 in decltype(hb_deref(std::forward<OT::hb_ot_layout_lookup_accelerator_t::apply(OT::hb_ot_apply_context_t*, bool) const::'lambda0'(OT::hb_accelerate_subtables_context_t::hb_applicable_t const&)>(fp))(std::forward<OT::hb_accelerate_subtables_context_t::hb_applicable_t const&>(fp1))) $_11::impl<OT::hb_ot_layout_lookup_accelerator_t::apply(OT::hb_ot_apply_context_t*, bool) const::'lambda0'(OT::hb_accelerate_subtables_context_t::hb_applicable_t const&), OT::hb_accelerate_subtables_context_t::hb_applicable_t const&>(OT::hb_ot_layout_lookup_accelerator_t::apply(OT::hb_ot_apply_context_t*, bool) const::'lambda0'(OT::hb_accelerate_subtables_context_t::hb_applicable_t const&)&&, hb_priority<0u>, OT::hb_accelerate_subtables_context_t::hb_applicable_t const&) const /work/build/../../src/harfbuzz/src/hb-algs.hh:266:53
    #21 0x7784d7 in decltype(impl(std::forward<OT::hb_ot_layout_lookup_accelerator_t::apply(OT::hb_ot_apply_context_t*, bool) const::'lambda0'(OT::hb_accelerate_subtables_context_t::hb_applicable_t const&)>(fp), (hb_priority<16u>)(), std::forward<OT::hb_accelerate_subtables_context_t::hb_applicable_t const&>(fp0))) $_11::operator()<OT::hb_ot_layout_lookup_accelerator_t::apply(OT::hb_ot_apply_context_t*, bool) const::'lambda0'(OT::hb_accelerate_subtables_context_t::hb_applicable_t const&), OT::hb_accelerate_subtables_context_t::hb_applicable_t const&>(OT::hb_ot_layout_lookup_accelerator_t::apply(OT::hb_ot_apply_context_t*, bool) const::'lambda0'(OT::hb_accelerate_subtables_context_t::hb_applicable_t const&)&&, OT::hb_accelerate_subtables_context_t::hb_applicable_t const&) const /work/build/../../src/harfbuzz/src/hb-algs.hh:272:44
    #22 0x7784d7 in decltype(hb_invoke(std::forward<OT::hb_ot_layout_lookup_accelerator_t::apply(OT::hb_ot_apply_context_t*, bool) const::'lambda0'(OT::hb_accelerate_subtables_context_t::hb_applicable_t const&)>(fp), std::forward<OT::hb_accelerate_subtables_context_t::hb_applicable_t const&>(fp0))) $_10::impl<OT::hb_ot_layout_lookup_accelerator_t::apply(OT::hb_ot_apply_context_t*, bool) const::'lambda0'(OT::hb_accelerate_subtables_context_t::hb_applicable_t const&), OT::hb_accelerate_subtables_context_t::hb_applicable_t const&>(OT::hb_ot_layout_lookup_accelerator_t::apply(OT::hb_ot_apply_context_t*, bool) const::'lambda0'(OT::hb_accelerate_subtables_context_t::hb_applicable_t const&)&&, OT::hb_accelerate_subtables_context_t::hb_applicable_t const&, hb_priority<1u>) const /work/build/../../src/harfbuzz/src/hb-algs.hh:423:50
    #23 0x7784d7 in decltype(impl(std::forward<OT::hb_ot_layout_lookup_accelerator_t::apply(OT::hb_ot_apply_context_t*, bool) const::'lambda0'(OT::hb_accelerate_subtables_context_t::hb_applicable_t const&)>(fp), std::forward<OT::hb_accelerate_subtables_context_t::hb_applicable_t const&>(fp0), (hb_priority<16u>)())) $_10::operator()<OT::hb_ot_layout_lookup_accelerator_t::apply(OT::hb_ot_apply_context_t*, bool) const::'lambda0'(OT::hb_accelerate_subtables_context_t::hb_applicable_t const&), OT::hb_accelerate_subtables_context_t::hb_applicable_t const&>(OT::hb_ot_layout_lookup_accelerator_t::apply(OT::hb_ot_apply_context_t*, bool) const::'lambda0'(OT::hb_accelerate_subtables_context_t::hb_applicable_t const&)&&, OT::hb_accelerate_subtables_context_t::hb_applicable_t const&) const /work/build/../../src/harfbuzz/src/hb-algs.hh:438:41
    #24 0x7784d7 in hb_map_iter_t<hb_array_t<OT::hb_accelerate_subtables_context_t::hb_applicable_t const>, OT::hb_ot_layout_lookup_accelerator_t::apply(OT::hb_ot_apply_context_t*, bool) const::'lambda0'(OT::hb_accelerate_subtables_context_t::hb_applicable_t const&), (hb_function_sortedness_t)0, (void*)0>::__item__() const /work/build/../../src/harfbuzz/src/hb-iter.hh:376:41
    #25 0x7784d7 in hb_iter_t<hb_map_iter_t<hb_array_t<OT::hb_accelerate_subtables_context_t::hb_applicable_t const>, OT::hb_ot_layout_lookup_accelerator_t::apply(OT::hb_ot_apply_context_t*, bool) const::'lambda0'(OT::hb_accelerate_subtables_context_t::hb_applicable_t const&), (hb_function_sortedness_t)0, (void*)0>, bool>::operator*() /work/build/../../src/harfbuzz/src/hb-iter.hh:88:41
    #26 0x7784d7 in bool $_32::operator()<hb_map_iter_t<hb_array_t<OT::hb_accelerate_subtables_context_t::hb_applicable_t const>, OT::hb_ot_layout_lookup_accelerator_t::apply(OT::hb_ot_apply_context_t*, bool) const::'lambda0'(OT::hb_accelerate_subtables_context_t::hb_applicable_t const&), (hb_function_sortedness_t)0, (void*)0>, $_9 const&, $_9 const&, (void*)0>(hb_map_iter_t<hb_array_t<OT::hb_accelerate_subtables_context_t::hb_applicable_t const>, OT::hb_ot_layout_lookup_accelerator_t::apply(OT::hb_ot_apply_context_t*, bool) const::'lambda0'(OT::hb_accelerate_subtables_context_t::hb_applicable_t const&), (hb_function_sortedness_t)0, (void*)0>&&, $_9 const&, $_9 const&) const /work/build/../../src/harfbuzz/src/hb-iter.hh:975:77
    #27 0x7784d7 in decltype(std::forward<$_32 const&>(fp0)(std::forward<hb_map_iter_t<hb_array_t<OT::hb_accelerate_subtables_context_t::hb_applicable_t const>, OT::hb_ot_layout_lookup_accelerator_t::apply(OT::hb_ot_apply_context_t*, bool) const::'lambda0'(OT::hb_accelerate_subtables_context_t::hb_applicable_t const&), (hb_function_sortedness_t)0, (void*)0> >(fp))) operator|<hb_map_iter_t<hb_array_t<OT::hb_accelerate_subtables_context_t::hb_applicable_t const>, OT::hb_ot_layout_lookup_accelerator_t::apply(OT::hb_ot_apply_context_t*, bool) const::'lambda0'(OT::hb_accelerate_subtables_context_t::hb_applicable_t const&), (hb_function_sortedness_t)0, (void*)0>, $_32 const&, (void*)0>(hb_map_iter_t<hb_array_t<OT::hb_accelerate_subtables_context_t::hb_applicable_t const>, OT::hb_ot_layout_lookup_accelerator_t::apply(OT::hb_ot_apply_context_t*, bool) const::'lambda0'(OT::hb_accelerate_subtables_context_t::hb_applicable_t const&), (hb_function_sortedness_t)0, (void*)0>&&, $_32 const&) /work/build/../../src/harfbuzz/src/hb-iter.hh:352:35
    #28 0x7784d7 in OT::hb_ot_layout_lookup_accelerator_t::apply(OT::hb_ot_apply_context_t*, bool) const /work/build/../../src/harfbuzz/src/OT/Layout/GSUB/../../../hb-ot-layout-gsubgpos.hh:3995:7
    #29 0x69b01e in apply_forward(OT::hb_ot_apply_context_t*, OT::hb_ot_layout_lookup_accelerator_t const&) /work/build/../../src/harfbuzz/src/hb-ot-layout.cc:1824:24
    #30 0x6867e5 in bool apply_string<GSUBProxy>(OT::hb_ot_apply_context_t*, GSUBProxy::Lookup const&, OT::hb_ot_layout_lookup_accelerator_t const&) /work/build/../../src/harfbuzz/src/hb-ot-layout.cc:1881:11
    #31 0x6a1bdc in void hb_ot_map_t::apply<GSUBProxy>(GSUBProxy const&, hb_ot_shape_plan_t const*, hb_font_t*, hb_buffer_t*) const /work/build/../../src/harfbuzz/src/hb-ot-layout.cc:1931:2
    #32 0x685fbc in hb_ot_map_t::substitute(hb_ot_shape_plan_t const*, hb_font_t*, hb_buffer_t*) const /work/build/../../src/harfbuzz/src/hb-ot-layout.cc:1956:3
    #33 0x7b4796 in hb_ot_shape_plan_t::substitute(hb_font_t*, hb_buffer_t*) const /work/build/../../src/harfbuzz/src/hb-ot-shape.cc:273:9
    #34 0x7b4796 in hb_ot_substitute_plan(hb_ot_shape_context_t const*) /work/build/../../src/harfbuzz/src/hb-ot-shape.cc:941:12
    #35 0x7b4796 in hb_ot_substitute_pre(hb_ot_shape_context_t const*) /work/build/../../src/harfbuzz/src/hb-ot-shape.cc:951:3
    #36 0x7b4796 in hb_ot_shape_internal(hb_ot_shape_context_t*) /work/build/../../src/harfbuzz/src/hb-ot-shape.cc:1207:3
    #37 0x7b4796 in _hb_ot_shape /work/build/../../src/harfbuzz/src/hb-ot-shape.cc:1229:3
    #38 0x7d008e in _hb_shape_plan_execute_internal(hb_shape_plan_t*, hb_font_t*, hb_buffer_t*, hb_feature_t const*, unsigned int) /work/build/../../src/harfbuzz/src/hb-shaper-list.hh:42:1
    #39 0x7d008e in hb_shape_plan_execute /work/build/../../src/harfbuzz/src/hb-shape-plan.cc:450:14
    #40 0x7d23a2 in hb_shape_full /work/build/../../src/harfbuzz/src/hb-shape.cc:146:19
    #41 0x7dc4a1 in buffer_verify_unsafe_to_break(hb_buffer_t*, hb_buffer_t*, hb_font_t*, hb_feature_t const*, unsigned int, char const* const*) /work/build/../../src/harfbuzz/src/hb-buffer-verify.cc:165:10
    #42 0x7dc4a1 in hb_buffer_t::verify(hb_buffer_t*, hb_font_t*, hb_feature_t const*, unsigned int, char const* const*) /work/build/../../src/harfbuzz/src/hb-buffer-verify.cc:413:8
    #43 0x7d25e9 in hb_shape_full /work/build/../../src/harfbuzz/src/hb-shape.cc:157:18
    #44 0x7d27d3 in hb_shape /work/build/../../src/harfbuzz/src/hb-shape.cc:193:3
    #45 0x4dc2f5 in LLVMFuzzerTestOneInput /work/build/../../src/harfbuzz/test/fuzzing/hb-shape-fuzzer.cc:39:5
    #46 0x913bba in ExecuteFilesOnyByOne /src/aflplusplus/utils/aflpp_driver/aflpp_driver.c:234:7
    #47 0x91398c in main /src/aflplusplus/utils/aflpp_driver/aflpp_driver.c:318:12
    #48 0x73b8e5a6b082 in __libc_start_main (/lib/x86_64-linux-gnu/libc.so.6+0x24082) (BuildId: 87b331c034a6458c64ce09c03939e947212e18ce)
    #49 0x41d50d in _start (/out/hb-shape-fuzzer+0x41d50d)

DEDUP_TOKEN: OT::hb_ot_apply_context_t::check_glyph_property(hb_glyph_info_t const*, unsigned int) const--OT::hb_ot_apply_context_t::matcher_t::may_skip(OT::hb_ot_apply_context_t const*, hb_glyph_info_t const&) const--OT::hb_ot_apply_context_t::skipping_iterator_t::next(unsigned int*)
0x616000001500 is located 0 bytes to the right of 640-byte region [0x616000001280,0x616000001500)
allocated by thread T0 here:
    #0 0x49ed4c in __interceptor_realloc /src/llvm-project/compiler-rt/lib/asan/asan_malloc_linux.cpp:85:3
    #1 0x7d7bcc in hb_realloc_impl /work/build/../../src/harfbuzz/src/failing-alloc.c:55:31
    #2 0x55f97c in hb_buffer_t::enlarge(unsigned int) /work/build/../../src/harfbuzz/src/hb-buffer.cc:181:34
    #3 0x571db6 in hb_buffer_t::ensure(unsigned int) /work/build/../../src/harfbuzz/src/hb-buffer.hh:517:56
    #4 0x571db6 in hb_buffer_set_length /work/build/../../src/harfbuzz/src/hb-buffer.cc:1429:7
    #5 0x571db6 in hb_buffer_append /work/build/../../src/harfbuzz/src/hb-buffer.cc:1896:3
    #6 0x7dc481 in buffer_verify_unsafe_to_break(hb_buffer_t*, hb_buffer_t*, hb_font_t*, hb_feature_t const*, unsigned int, char const* const*) /work/build/../../src/harfbuzz/src/hb-buffer-verify.cc:164:5
    #7 0x7dc481 in hb_buffer_t::verify(hb_buffer_t*, hb_font_t*, hb_feature_t const*, unsigned int, char const* const*) /work/build/../../src/harfbuzz/src/hb-buffer-verify.cc:413:8
    #8 0x7d25e9 in hb_shape_full /work/build/../../src/harfbuzz/src/hb-shape.cc:157:18
    #9 0x7d27d3 in hb_shape /work/build/../../src/harfbuzz/src/hb-shape.cc:193:3
    #10 0x4dc2f5 in LLVMFuzzerTestOneInput /work/build/../../src/harfbuzz/test/fuzzing/hb-shape-fuzzer.cc:39:5
    #11 0x913bba in ExecuteFilesOnyByOne /src/aflplusplus/utils/aflpp_driver/aflpp_driver.c:234:7

DEDUP_TOKEN: __interceptor_realloc--hb_realloc_impl--hb_buffer_t::enlarge(unsigned int)
SUMMARY: AddressSanitizer: heap-buffer-overflow /work/build/../../src/harfbuzz/src/OT/Layout/GPOS/../../../hb-ot-layout-gsubgpos.hh:778:34 in OT::hb_ot_apply_context_t::check_glyph_property(hb_glyph_info_t const*, unsigned int) const
Shadow bytes around the buggy address:
  0x0c2c7fff8250: 00 00 00 00 00 00 00 00 00 00 00 00 00 00 00 00
  0x0c2c7fff8260: 00 00 00 00 00 00 00 00 00 00 00 00 00 00 00 00
  0x0c2c7fff8270: 00 00 00 00 00 00 00 00 00 00 00 00 00 00 00 00
  0x0c2c7fff8280: 00 00 00 00 00 00 00 00 00 00 00 00 00 00 00 00
  0x0c2c7fff8290: 00 00 00 00 00 00 00 00 00 00 00 00 00 00 00 00
=>0x0c2c7fff82a0:[fa]fa fa fa fa fa fa fa fa fa fa fa fa fa fa fa
  0x0c2c7fff82b0: fa fa fa fa fa fa fa fa fa fa fa fa fa fa fa fa
  0x0c2c7fff82c0: fa fa fa fa fa fa fa fa fa fa fa fa fa fa fa fa
  0x0c2c7fff82d0: fa fa fa fa fa fa fa fa fa fa fa fa fa fa fa fa
  0x0c2c7fff82e0: fa fa fa fa fa fa fa fa fa fa fa fa fa fa fa fa
  0x0c2c7fff82f0: fa fa fa fa fa fa fa fa fa fa fa fa fa fa fa fa
Shadow byte legend (one shadow byte represents 8 application bytes):
  Addressable:           00
  Partially addressable: 01 02 03 04 05 06 07 
  Heap left redzone:       fa
  Freed heap region:       fd
  Stack left redzone:      f1
  Stack mid redzone:       f2
  Stack right redzone:     f3
  Stack after return:      f5
  Stack use after scope:   f8
  Global redzone:          f9
  Global init order:       f6
  Poisoned by user:        f7
  Container overflow:      fc
  Array cookie:            ac
  Intra object redzone:    bb
  ASan internal:           fe
  Left alloca redzone:     ca
  Right alloca redzone:    cb
==13==ABORTING
