INFO: Running with entropic power schedule (0xFF, 100).
INFO: Seed: 2193258511
INFO: Loaded 1 modules   (555921 inline 8-bit counters): 555921 [0x48efd60, 0x49778f1), 
INFO: Loaded 1 PC tables (555921 PCs): 555921 [0x3de6488,0x4661d98), 
/out/llvmfuzz: Running 1 inputs 1 time(s) each.
Running: /tmp/poc
=================================================================
==13==ERROR: AddressSanitizer: heap-buffer-overflow on address 0x61100000024d at pc 0x00000056baf0 bp 0x7ffeeef2ab50 sp 0x7ffeeef2ab48
READ of size 1 at 0x61100000024d thread T0
SCARINESS: 12 (1-byte-read-heap-buffer-overflow)
    #0 0x56baef in bit_read_BB /src/libredwg/src/bits.c:186:10
    #1 0x5708f7 in bit_read_BD /src/libredwg/src/bits.c:776:18
    #2 0x5e9468 in dwg_decode_header_variables /src/libredwg/src/./header_variables.spec:274:7
    #3 0x590001 in decode_R13_R2000 /src/libredwg/src/decode.c:468:12
    #4 0x585bb0 in dwg_decode /src/libredwg/src/decode.c:219:36
    #5 0x56a062 in LLVMFuzzerTestOneInput /src/libredwg/examples/llvmfuzz.c:91:13
    #6 0x43deb3 in fuzzer::Fuzzer::ExecuteCallback(unsigned char const*, unsigned long) /src/llvm-project/compiler-rt/lib/fuzzer/FuzzerLoop.cpp:611:15
    #7 0x429612 in fuzzer::RunOneTest(fuzzer::Fuzzer*, char const*, unsigned long) /src/llvm-project/compiler-rt/lib/fuzzer/FuzzerDriver.cpp:324:6
    #8 0x42eebc in fuzzer::FuzzerDriver(int*, char***, int (*)(unsigned char const*, unsigned long)) /src/llvm-project/compiler-rt/lib/fuzzer/FuzzerDriver.cpp:860:9
    #9 0x4583f2 in main /src/llvm-project/compiler-rt/lib/fuzzer/FuzzerMain.cpp:20:10
    #10 0x728069b05082 in __libc_start_main (/lib/x86_64-linux-gnu/libc.so.6+0x24082) (BuildId: 87b331c034a6458c64ce09c03939e947212e18ce)
    #11 0x41f7dd in _start (/out/llvmfuzz+0x41f7dd)

DEDUP_TOKEN: bit_read_BB--bit_read_BD--dwg_decode_header_variables
0x61100000024d is located 0 bytes to the right of 205-byte region [0x611000000180,0x61100000024d)
allocated by thread T0 here:
    #0 0x52f046 in malloc /src/llvm-project/compiler-rt/lib/asan/asan_malloc_linux.cpp:69:3
    #1 0x4ada47 in operator new(unsigned long) cxa_noexception.cpp
    #2 0x429612 in fuzzer::RunOneTest(fuzzer::Fuzzer*, char const*, unsigned long) /src/llvm-project/compiler-rt/lib/fuzzer/FuzzerDriver.cpp:324:6
    #3 0x42eebc in fuzzer::FuzzerDriver(int*, char***, int (*)(unsigned char const*, unsigned long)) /src/llvm-project/compiler-rt/lib/fuzzer/FuzzerDriver.cpp:860:9
    #4 0x4583f2 in main /src/llvm-project/compiler-rt/lib/fuzzer/FuzzerMain.cpp:20:10
    #5 0x728069b05082 in __libc_start_main (/lib/x86_64-linux-gnu/libc.so.6+0x24082) (BuildId: 87b331c034a6458c64ce09c03939e947212e18ce)

DEDUP_TOKEN: malloc--operator new(unsigned long)--fuzzer::RunOneTest(fuzzer::Fuzzer*, char const*, unsigned long)
SUMMARY: AddressSanitizer: heap-buffer-overflow /src/libredwg/src/bits.c:186:10 in bit_read_BB
Shadow bytes around the buggy address:
  0x0c227fff7ff0: 00 00 00 00 00 00 00 00 00 00 00 00 00 00 00 00
  0x0c227fff8000: fa fa fa fa fa fa fa fa 00 00 00 00 00 00 00 00
  0x0c227fff8010: 00 00 00 00 00 00 00 00 00 00 00 00 00 00 00 00
  0x0c227fff8020: 00 05 fa fa fa fa fa fa fa fa fa fa fa fa fa fa
  0x0c227fff8030: 00 00 00 00 00 00 00 00 00 00 00 00 00 00 00 00
=>0x0c227fff8040: 00 00 00 00 00 00 00 00 00[05]fa fa fa fa fa fa
  0x0c227fff8050: fa fa fa fa fa fa fa fa 00 00 00 00 00 00 00 00
  0x0c227fff8060: 00 00 00 00 00 00 00 00 00 00 00 00 00 00 00 00
  0x0c227fff8070: 00 00 00 00 00 00 fa fa fa fa fa fa fa fa fa fa
  0x0c227fff8080: fa fa fa fa fa fa fa fa fa fa fa fa fa fa fa fa
  0x0c227fff8090: fa fa fa fa fa fa fa fa fa fa fa fa fa fa fa fa
Shadow byte legend (one shadow byte represents 8 application bytes):
  Addressable:           00
  Partially addressable: 01 02 03 04 05 06 07 
  Heap left redzone:       fa
  Freed heap region:       fd
  Stack left redzone:      f1
  Stack mid redzone:       f2
  Stack right redzone:     f3
  Stack after return:      f5
  Stack use after scope:   f8
  Global redzone:          f9
  Global init order:       f6
  Poisoned by user:        f7
  Container overflow:      fc
  Array cookie:            ac
  Intra object redzone:    bb
  ASan internal:           fe
  Left alloca redzone:     ca
  Right alloca redzone:    cb
==13==ABORTING
