INFO: Running with entropic power schedule (0xFF, 100).
INFO: Seed: 2241289519
INFO: Loaded 1 modules   (555228 inline 8-bit counters): 555228 [0x4943aa0, 0x49cb37c), 
INFO: Loaded 1 PC tables (555228 PCs): 555228 [0x3e404c8,0x46b9288), 
/out/llvmfuzz: Running 1 inputs 1 time(s) each.
Running: /tmp/poc
=================================================================
==13==ERROR: AddressSanitizer: heap-buffer-overflow on address 0x6070000000d6 at pc 0x0000007505e6 bp 0x7ffffd231530 sp 0x7ffffd231528
READ of size 1 at 0x6070000000d6 thread T0
SCARINESS: 12 (1-byte-read-heap-buffer-overflow)
    #0 0x7505e5 in dwg_decode_INSERT_private /src/libredwg/src/./dwg.spec:699:15
    #1 0x6868dd in dwg_decode_INSERT /src/libredwg/src/./dwg.spec:606:1
    #2 0x68249e in dwg_decode_add_object /src/libredwg/src/decode.c:4900:15
    #3 0x581bf9 in decode_R13_R2000 /src/libredwg/src/decode.c:738:19
    #4 0x575ba4 in dwg_decode /src/libredwg/src/decode.c:219:36
    #5 0x55ab53 in LLVMFuzzerTestOneInput /src/libredwg/examples/llvmfuzz.c:91:13
    #6 0x4552b3 in fuzzer::Fuzzer::ExecuteCallback(unsigned char const*, unsigned long) /src/llvm-project/compiler-rt/lib/fuzzer/FuzzerLoop.cpp:611:15
    #7 0x440f42 in fuzzer::RunOneTest(fuzzer::Fuzzer*, char const*, unsigned long) /src/llvm-project/compiler-rt/lib/fuzzer/FuzzerDriver.cpp:324:6
    #8 0x44678c in fuzzer::FuzzerDriver(int*, char***, int (*)(unsigned char const*, unsigned long)) /src/llvm-project/compiler-rt/lib/fuzzer/FuzzerDriver.cpp:860:9
    #9 0x46f382 in main /src/llvm-project/compiler-rt/lib/fuzzer/FuzzerMain.cpp:20:10
    #10 0x70c2f994d082 in __libc_start_main (/lib/x86_64-linux-gnu/libc.so.6+0x24082)
    #11 0x41f76d in _start (/out/llvmfuzz+0x41f76d)

DEDUP_TOKEN: dwg_decode_INSERT_private--dwg_decode_INSERT--dwg_decode_add_object
0x6070000000d6 is located 0 bytes to the right of 70-byte region [0x607000000090,0x6070000000d6)
allocated by thread T0 here:
    #0 0x523b9d in malloc /src/llvm-project/compiler-rt/lib/asan/asan_malloc_linux.cpp:129:3
    #1 0x436f47 in operator new(unsigned long) cxa_noexception.cpp
    #2 0x440f42 in fuzzer::RunOneTest(fuzzer::Fuzzer*, char const*, unsigned long) /src/llvm-project/compiler-rt/lib/fuzzer/FuzzerDriver.cpp:324:6
    #3 0x44678c in fuzzer::FuzzerDriver(int*, char***, int (*)(unsigned char const*, unsigned long)) /src/llvm-project/compiler-rt/lib/fuzzer/FuzzerDriver.cpp:860:9
    #4 0x46f382 in main /src/llvm-project/compiler-rt/lib/fuzzer/FuzzerMain.cpp:20:10
    #5 0x70c2f994d082 in __libc_start_main (/lib/x86_64-linux-gnu/libc.so.6+0x24082)

DEDUP_TOKEN: malloc--operator new(unsigned long)--fuzzer::RunOneTest(fuzzer::Fuzzer*, char const*, unsigned long)
SUMMARY: AddressSanitizer: heap-buffer-overflow /src/libredwg/src/./dwg.spec:699:15 in dwg_decode_INSERT_private
Shadow bytes around the buggy address:
  0x0c0e7fff7fc0: 00 00 00 00 00 00 00 00 00 00 00 00 00 00 00 00
  0x0c0e7fff7fd0: 00 00 00 00 00 00 00 00 00 00 00 00 00 00 00 00
  0x0c0e7fff7fe0: 00 00 00 00 00 00 00 00 00 00 00 00 00 00 00 00
  0x0c0e7fff7ff0: 00 00 00 00 00 00 00 00 00 00 00 00 00 00 00 00
  0x0c0e7fff8000: fa fa fa fa 00 00 00 00 00 00 00 00 06 fa fa fa
=>0x0c0e7fff8010: fa fa 00 00 00 00 00 00 00 00[06]fa fa fa fa fa
  0x0c0e7fff8020: fa fa fa fa fa fa fa fa fa fa fa fa fa fa fa fa
  0x0c0e7fff8030: fa fa fa fa fa fa fa fa fa fa fa fa fa fa fa fa
  0x0c0e7fff8040: fa fa fa fa fa fa fa fa fa fa fa fa fa fa fa fa
  0x0c0e7fff8050: fa fa fa fa fa fa fa fa fa fa fa fa fa fa fa fa
  0x0c0e7fff8060: fa fa fa fa fa fa fa fa fa fa fa fa fa fa fa fa
Shadow byte legend (one shadow byte represents 8 application bytes):
  Addressable:           00
  Partially addressable: 01 02 03 04 05 06 07 
  Heap left redzone:       fa
  Freed heap region:       fd
  Stack left redzone:      f1
  Stack mid redzone:       f2
  Stack right redzone:     f3
  Stack after return:      f5
  Stack use after scope:   f8
  Global redzone:          f9
  Global init order:       f6
  Poisoned by user:        f7
  Container overflow:      fc
  Array cookie:            ac
  Intra object redzone:    bb
  ASan internal:           fe
  Left alloca redzone:     ca
  Right alloca redzone:    cb
==13==ABORTING
