BFD: warning: /tmp/libfuzzer.13 has a section extending past end of file
Reading 3912 bytes from /tmp/poc
BFD: /tmp/libfuzzer.13: no group info for section '.rela.fini_array.1'
BFD: /tmp/libfuzzer.13: warning: secondary relocation section '.rela.fini_array.1' for section  found - ignoring
BFD: /tmp/libfuzzer.13: no group info for section '.rela.fini_array.1'
BFD: /tmp/libfuzzer.13: warning: secondary relocation section '.rela.fini_array.1' for section  found - ignoring
BFD: /tmp/libfuzzer.13: no group info for section '.rela.fini_array.1'
BFD: /tmp/libfuzzer.13: warning: secondary relocation section '.rela.fini_array.1' for section  found - ignoring
BFD: /tmp/libfuzzer.13: no group info for section '.rela.fini_array.1'
BFD: /tmp/libfuzzer.13: warning: secondary relocation section '.rela.fini_array.1' for section  found - ignoring
BFD: /tmp/libfuzzer.13: no group info for section '.rela.fini_array.1'
BFD: /tmp/libfuzzer.13: warning: secondary relocation section '.rela.fini_array.1' for section  found - ignoring
BFD: /tmp/libfuzzer.13: no group info for section '.rela.fini_array.1'
BFD: /tmp/libfuzzer.13: warning: secondary relocation section '.rela.fini_array.1' for section  found - ignoring
BFD: /tmp/libfuzzer.13: no group info for section '.rela.fini_array.1'
BFD: /tmp/libfuzzer.13: warning: secondary relocation section '.rela.fini_array.1' for section  found - ignoring
BFD: /tmp/libfuzzer.13: no group info for section '.rela.fini_array.1'
BFD: /tmp/libfuzzer.13: warning: secondary relocation section '.rela.fini_array.1' for section  found - ignoring
BFD: /tmp/libfuzzer.13: invalid string offset 2009134076 >= 391 for section `.strtab'
BFD: /tmp/libfuzzer.13: invalid string offset 3583652235 >= 391 for section `.strtab'
BFD: /tmp/libfuzzer.13: invalid string offset 3280616354 >= 391 for section `.strtab'
BFD: /tmp/libfuzzer.13: invalid string offset 129839403 >= 391 for section `.strtab'
BFD: /tmp/libfuzzer.13: invalid string offset 3027203536 >= 391 for section `.strtab'
BFD: /tmp/libfuzzer.13: invalid string offset 1210163204 >= 391 for section `.strtab'
BFD: warning: /tmp/libfuzzer.13 has a section extending past end of file
BFD: /tmp/libfuzzer.13: no group info for section '.rela.fini_array.1'
BFD: /tmp/libfuzzer.13: warning: secondary relocation section '.rela.fini_array.1' for section  found - ignoring
BFD: /tmp/libfuzzer.13: no group info for section '.rela.fini_array.1'
BFD: /tmp/libfuzzer.13: warning: secondary relocation section '.rela.fini_array.1' for section  found - ignoring
BFD: /tmp/libfuzzer.13: no group info for section '.rela.fini_array.1'
BFD: /tmp/libfuzzer.13: warning: secondary relocation section '.rela.fini_array.1' for section  found - ignoring
BFD: /tmp/libfuzzer.13: no group info for section '.rela.fini_array.1'
BFD: /tmp/libfuzzer.13: warning: secondary relocation section '.rela.fini_array.1' for section  found - ignoring
BFD: /tmp/libfuzzer.13: no group info for section '.rela.fini_array.1'
BFD: /tmp/libfuzzer.13: warning: secondary relocation section '.rela.fini_array.1' for section  found - ignoring
BFD: /tmp/libfuzzer.13: no group info for section '.rela.fini_array.1'
BFD: /tmp/libfuzzer.13: warning: secondary relocation section '.rela.fini_array.1' for section  found - ignoring
BFD: /tmp/libfuzzer.13: no group info for section '.rela.fini_array.1'
BFD: /tmp/libfuzzer.13: warning: secondary relocation section '.rela.fini_array.1' for section  found - ignoring
BFD: /tmp/libfuzzer.13: no group info for section '.rela.fini_array.1'
BFD: /tmp/libfuzzer.13: warning: secondary relocation section '.rela.fini_array.1' for section  found - ignoring
BFD: /tmp/libfuzzer.13: invalid string offset 2009134076 >= 391 for section `.strtab'
BFD: /tmp/libfuzzer.13: invalid string offset 3583652235 >= 391 for section `.strtab'
BFD: /tmp/libfuzzer.13: invalid string offset 3280616354 >= 391 for section `.strtab'
BFD: /tmp/libfuzzer.13: invalid string offset 129839403 >= 391 for section `.strtab'
BFD: /tmp/libfuzzer.13: invalid string offset 3027203536 >= 391 for section `.strtab'
BFD: /tmp/libfuzzer.13: invalid string offset 1210163204 >= 391 for section `.strtab'
BFD: BFD (GNU Binutils) 2.38.50.20220224 assertion fail elf64-mips.c:4130
BFD: /tmp/libfuzzer.13(.debug_info): relocation 7 has invalid symbol index 61952
BFD: /tmp/libfuzzer.13(.debug_info): relocation 0 has invalid symbol index 543515168
BFD: BFD (GNU Binutils) 2.38.50.20220224 assertion fail elf64-mips.c:4130
BFD: /tmp/libfuzzer.13: unsupported relocation type 0x75
=================================================================
==13==ERROR: AddressSanitizer: heap-use-after-free on address 0x61100000007c at pc 0x0000004f5998 bp 0x7fff1417ee20 sp 0x7fff1417ee18
READ of size 1 at 0x61100000007c thread T0
SCARINESS: 40 (1-byte-read-heap-use-after-free)
    #0 0x4f5997 in bfd_getl16 /src/binutils-gdb/bfd/libbfd.c:633:11
    #1 0x8f8e50 in _bfd_mips_elf_reloc_unshuffle /src/binutils-gdb/bfd/elfxx-mips.c:2359:11
    #2 0x8fa1fd in _bfd_mips_elf_generic_reloc /src/binutils-gdb/bfd/elfxx-mips.c:2641:7
    #3 0x8fa7e7 in _bfd_mips_elf_lo16_reloc /src/binutils-gdb/bfd/elfxx-mips.c:2569:13
    #4 0x1252010 in bfd_perform_relocation /src/binutils-gdb/bfd/reloc.c:711:14
    #5 0x93b819 in _bfd_elf_mips_get_relocated_section_contents /src/binutils-gdb/bfd/elfxx-mips.c:13381:10
    #6 0x4e373e in bfd_get_relocated_section_contents /src/binutils-gdb/bfd/bfd.c:2167:10
    #7 0x125691e in bfd_simple_get_relocated_section_contents /src/binutils-gdb/bfd/simple.c:298:14
    #8 0x656ef9 in _bfd_dwarf2_slurp_debug_info /src/binutils-gdb/bfd/./dwarf2.c:4850:10
    #9 0x65ab53 in _bfd_dwarf2_find_nearest_line /src/binutils-gdb/bfd/./dwarf2.c:5061:9
    #10 0x59e068 in _bfd_elf_find_nearest_line /src/binutils-gdb/bfd/elf.c:9280:7
    #11 0x93a4a2 in _bfd_mips_elf_find_nearest_line /src/binutils-gdb/bfd/elfxx-mips.c:13156:10
    #12 0x4db733 in find_address_in_section /src/binutils-gdb/binutils/./fuzz_addr2line.h:197:11
    #13 0x500478 in bfd_map_over_sections /src/binutils-gdb/bfd/section.c:1388:5
    #14 0x4da301 in translate_addresses /src/binutils-gdb/binutils/./fuzz_addr2line.h:337:2
    #15 0x4d8c9b in process_file /src/binutils-gdb/binutils/./fuzz_addr2line.h:473:3
    #16 0x4d9756 in LLVMFuzzerTestOneInput /src/binutils-gdb/binutils/fuzz_addr2line.c:66:5
    #17 0x4d7fb5 in ExecuteFilesOnyByOne /src/aflplusplus/utils/aflpp_driver/aflpp_driver.c:191:7
    #18 0x4d7e25 in main /src/aflplusplus/utils/aflpp_driver/aflpp_driver.c
    #19 0x769f9f7c6082 in __libc_start_main (/lib/x86_64-linux-gnu/libc.so.6+0x24082)
    #20 0x41e5bd in _start (/out/fuzz_addr2line+0x41e5bd)

DEDUP_TOKEN: bfd_getl16--_bfd_mips_elf_reloc_unshuffle--_bfd_mips_elf_generic_reloc
0x61100000007c is located 60 bytes inside of 235-byte region [0x611000000040,0x61100000012b)
freed by thread T0 here:
    #0 0x49e652 in free /src/llvm-project/compiler-rt/lib/asan/asan_malloc_linux.cpp:111:3
    #1 0x658b97 in _bfd_dwarf2_cleanup_debug_info /src/binutils-gdb/bfd/./dwarf2.c:5370:7
    #2 0x656515 in _bfd_dwarf2_slurp_debug_info /src/binutils-gdb/bfd/./dwarf2.c:4725:7
    #3 0x65ab53 in _bfd_dwarf2_find_nearest_line /src/binutils-gdb/bfd/./dwarf2.c:5061:9
    #4 0x59e068 in _bfd_elf_find_nearest_line /src/binutils-gdb/bfd/elf.c:9280:7
    #5 0x93a4a2 in _bfd_mips_elf_find_nearest_line /src/binutils-gdb/bfd/elfxx-mips.c:13156:10
    #6 0x4db733 in find_address_in_section /src/binutils-gdb/binutils/./fuzz_addr2line.h:197:11
    #7 0x500478 in bfd_map_over_sections /src/binutils-gdb/bfd/section.c:1388:5
    #8 0x4da301 in translate_addresses /src/binutils-gdb/binutils/./fuzz_addr2line.h:337:2
    #9 0x4d8c9b in process_file /src/binutils-gdb/binutils/./fuzz_addr2line.h:473:3
    #10 0x4d9756 in LLVMFuzzerTestOneInput /src/binutils-gdb/binutils/fuzz_addr2line.c:66:5
    #11 0x4d7fb5 in ExecuteFilesOnyByOne /src/aflplusplus/utils/aflpp_driver/aflpp_driver.c:191:7

DEDUP_TOKEN: free--_bfd_dwarf2_cleanup_debug_info--_bfd_dwarf2_slurp_debug_info
previously allocated by thread T0 here:
    #0 0x49e8bd in __interceptor_malloc /src/llvm-project/compiler-rt/lib/asan/asan_malloc_linux.cpp:129:3
    #1 0x4f530e in bfd_malloc /src/binutils-gdb/bfd/libbfd.c:289:9
    #2 0x656d6c in _bfd_dwarf2_slurp_debug_info /src/binutils-gdb/bfd/./dwarf2.c:4835:49
    #3 0x65ab53 in _bfd_dwarf2_find_nearest_line /src/binutils-gdb/bfd/./dwarf2.c:5061:9
    #4 0x93a0f7 in _bfd_mips_elf_find_nearest_line /src/binutils-gdb/bfd/elfxx-mips.c:13061:7
    #5 0x4db733 in find_address_in_section /src/binutils-gdb/binutils/./fuzz_addr2line.h:197:11
    #6 0x500478 in bfd_map_over_sections /src/binutils-gdb/bfd/section.c:1388:5
    #7 0x4da301 in translate_addresses /src/binutils-gdb/binutils/./fuzz_addr2line.h:337:2
    #8 0x4d8c9b in process_file /src/binutils-gdb/binutils/./fuzz_addr2line.h:473:3
    #9 0x4d9756 in LLVMFuzzerTestOneInput /src/binutils-gdb/binutils/fuzz_addr2line.c:66:5
    #10 0x4d7fb5 in ExecuteFilesOnyByOne /src/aflplusplus/utils/aflpp_driver/aflpp_driver.c:191:7

DEDUP_TOKEN: __interceptor_malloc--bfd_malloc--_bfd_dwarf2_slurp_debug_info
SUMMARY: AddressSanitizer: heap-use-after-free /src/binutils-gdb/bfd/libbfd.c:633:11 in bfd_getl16
Shadow bytes around the buggy address:
  0x0c227fff7fb0: 00 00 00 00 00 00 00 00 00 00 00 00 00 00 00 00
  0x0c227fff7fc0: 00 00 00 00 00 00 00 00 00 00 00 00 00 00 00 00
  0x0c227fff7fd0: 00 00 00 00 00 00 00 00 00 00 00 00 00 00 00 00
  0x0c227fff7fe0: 00 00 00 00 00 00 00 00 00 00 00 00 00 00 00 00
  0x0c227fff7ff0: 00 00 00 00 00 00 00 00 00 00 00 00 00 00 00 00
=>0x0c227fff8000: fa fa fa fa fa fa fa fa fd fd fd fd fd fd fd[fd]
  0x0c227fff8010: fd fd fd fd fd fd fd fd fd fd fd fd fd fd fd fd
  0x0c227fff8020: fd fd fd fd fd fd fa fa fa fa fa fa fa fa fa fa
  0x0c227fff8030: fd fd fd fd fd fd fd fd fd fd fd fd fd fd fd fd
  0x0c227fff8040: fd fd fd fd fd fd fd fd fd fa fa fa fa fa fa fa
  0x0c227fff8050: fa fa fa fa fa fa fa fa 00 00 00 00 00 00 00 00
Shadow byte legend (one shadow byte represents 8 application bytes):
  Addressable:           00
  Partially addressable: 01 02 03 04 05 06 07 
  Heap left redzone:       fa
  Freed heap region:       fd
  Stack left redzone:      f1
  Stack mid redzone:       f2
  Stack right redzone:     f3
  Stack after return:      f5
  Stack use after scope:   f8
  Global redzone:          f9
  Global init order:       f6
  Poisoned by user:        f7
  Container overflow:      fc
  Array cookie:            ac
  Intra object redzone:    bb
  ASan internal:           fe
  Left alloca redzone:     ca
  Right alloca redzone:    cb
==13==ABORTING
