INFO: Running with entropic power schedule (0xFF, 100).
INFO: Seed: 2283595233
INFO: Loaded 1 modules   (127219 inline 8-bit counters): 127219 [0xba9140, 0xbc8233), 
INFO: Loaded 1 PC tables (127219 PCs): 127219 [0xbc8238,0xdb9168), 
/out/flb-it-fuzz-config_random_fuzzer_OSSFUZZ: Running 1 inputs 1 time(s) each.
Running: /tmp/poc
/src/fluent-bit/lib/onigmo/regcomp.c:4593:11: runtime error: index 24 out of bounds for type 'OnigUChar[24]' (aka 'unsigned char[24]')
    #0 0x6982ac in alt_merge_opt_exact_info /src/fluent-bit/lib/onigmo/regcomp.c:4593:11
    #1 0x694a36 in alt_merge_node_opt_info /src/fluent-bit/lib/onigmo/regcomp.c:4856:3
    #2 0x694a36 in optimize_node_left /src/fluent-bit/lib/onigmo/regcomp.c:4903:20
    #3 0x6956c5 in optimize_node_left /src/fluent-bit/lib/onigmo/regcomp.c
    #4 0x6897f2 in set_optimize_info_from_tree /src/fluent-bit/lib/onigmo/regcomp.c:5317:7
    #5 0x6897f2 in onig_compile /src/fluent-bit/lib/onigmo/regcomp.c:5750:7
    #6 0x6909a6 in onig_new /src/fluent-bit/lib/onigmo/regcomp.c:5890:7
    #7 0x4e5d21 in str_to_regex /src/fluent-bit/src/flb_regex.c:77:11
    #8 0x4e5d21 in flb_regex_create /src/fluent-bit/src/flb_regex.c:107:11
    #9 0x4d90eb in flb_parser_create /src/fluent-bit/src/flb_parser.c:213:17
    #10 0x4dab6c in parser_conf_file /src/fluent-bit/src/flb_parser.c:559:14
    #11 0x4dab6c in flb_parser_conf_file /src/fluent-bit/src/flb_parser.c:871:11
    #12 0x4c41ca in LLVMFuzzerTestOneInput /src/fluent-bit/tests/internal/fuzzers/config_random_fuzzer.c:47:5
    #13 0x42b053 in fuzzer::Fuzzer::ExecuteCallback(unsigned char const*, unsigned long) /src/llvm-project/compiler-rt/lib/fuzzer/FuzzerLoop.cpp:611:15
    #14 0x4167b2 in fuzzer::RunOneTest(fuzzer::Fuzzer*, char const*, unsigned long) /src/llvm-project/compiler-rt/lib/fuzzer/FuzzerDriver.cpp:324:6
    #15 0x41c05c in fuzzer::FuzzerDriver(int*, char***, int (*)(unsigned char const*, unsigned long)) /src/llvm-project/compiler-rt/lib/fuzzer/FuzzerDriver.cpp:860:9
    #16 0x445592 in main /src/llvm-project/compiler-rt/lib/fuzzer/FuzzerMain.cpp:20:10
    #17 0x7de3777bd082 in __libc_start_main (/lib/x86_64-linux-gnu/libc.so.6+0x24082) (BuildId: 87b331c034a6458c64ce09c03939e947212e18ce)
    #18 0x40c97d in _start (/out/flb-it-fuzz-config_random_fuzzer_OSSFUZZ+0x40c97d)

DEDUP_TOKEN: alt_merge_opt_exact_info--alt_merge_node_opt_info--optimize_node_left
SUMMARY: UndefinedBehaviorSanitizer: undefined-behavior /src/fluent-bit/lib/onigmo/regcomp.c:4593:11 in 
