INFO: Running with entropic power schedule (0xFF, 100).
INFO: Seed: 2193838826
INFO: Loaded 3 modules   (223195 inline 8-bit counters): 13672 [0x7cbb4a0a09e0, 0x7cbb4a0a3f48), 959 [0x7cbb4a101a40, 0x7cbb4a101dff), 208564 [0x3818290, 0x384b144), 
INFO: Loaded 3 PC tables (223195 PCs): 13672 [0x7cbb4a0a3f48,0x7cbb4a0d95c8), 959 [0x7cbb4a101e00,0x7cbb4a1059f0), 208564 [0x2a81870,0x2db03b0), 
/out/gs_device_bmpmono_fuzzer: Running 1 inputs 1 time(s) each.
Running: /tmp/poc
AddressSanitizer:DEADLYSIGNAL
=================================================================
==13==ERROR: AddressSanitizer: SEGV on unknown address 0x4005e0c03f8e80 (pc 0x000000706037 bp 0x7ffe49866570 sp 0x7ffe49866500 T0)
==13==The signal is caused by a READ memory access.
SCARINESS: 20 (wild-addr-read)
    #0 0x706037 in chunk_free_object /src/ghostpdl/./base/gsmchunk.c:1139:20
    #1 0x1055acb in read_xref_stream_entries /src/ghostpdl/./pdf/pdf_xref.c
    #2 0x10511b3 in pdfi_process_xref_stream /src/ghostpdl/./pdf/pdf_xref.c:361:20
    #3 0x10511b3 in pdfi_read_xref_stream_dict /src/ghostpdl/./pdf/pdf_xref.c:499:24
    #4 0x104e211 in pdfi_read_xref /src/ghostpdl/./pdf/pdf_xref.c:1003:16
    #5 0x1033ab4 in pdfi_init_file /src/ghostpdl/./pdf/ghostpdf.c:1155:12
    #6 0x1033ab4 in pdfi_set_input_stream /src/ghostpdl/./pdf/ghostpdf.c:1469:12
    #7 0x101a92b in zPDFstream /src/ghostpdl/./psi/zpdfops.c:532:16
    #8 0xe8ecd9 in interp /src/ghostpdl/./psi/interp.c:1725:40
    #9 0xe8ecd9 in gs_call_interp /src/ghostpdl/./psi/interp.c:522:12
    #10 0xe8ecd9 in gs_interpret /src/ghostpdl/./psi/interp.c:479:12
    #11 0x5771d3 in gs_main_interpret /src/ghostpdl/./psi/imain.c:257:12
    #12 0x5771d3 in gs_main_run_string_end /src/ghostpdl/./psi/imain.c:945:12
    #13 0x5771d3 in gs_main_run_string_with_length /src/ghostpdl/./psi/imain.c:889:12
    #14 0x572731 in gs_main_run_string /src/ghostpdl/./psi/imain.c:870:12
    #15 0x11cdd3c in run_string /src/ghostpdl/./psi/imainarg.c:1169:12
    #16 0x11c9e62 in swproc /src/ghostpdl/./psi/imainarg.c:367:20
    #17 0x11c6dae in gs_main_init_with_args01 /src/ghostpdl/./psi/imainarg.c:224:24
    #18 0x11cdac8 in gs_main_init_with_args /src/ghostpdl/./psi/imainarg.c:289:16
    #19 0xe777e2 in psapi_init_with_args /src/ghostpdl/./psi/psapi.c:281:12
    #20 0x56ec5a in gsapi_init_with_args /src/ghostpdl/./psi/iapi.c:253:12
    #21 0x56dd40 in fuzz_gs_device(unsigned char const*, unsigned long, int, char const*, char const*, int) /src/gs_fuzzlib.h:139:8
    #22 0x56e152 in LLVMFuzzerTestOneInput /src/gs_device_bmpmono_fuzzer.cc:18:2
    #23 0x43f1c3 in fuzzer::Fuzzer::ExecuteCallback(unsigned char const*, unsigned long) /src/llvm-project/compiler-rt/lib/fuzzer/FuzzerLoop.cpp:611:15
    #24 0x42a922 in fuzzer::RunOneTest(fuzzer::Fuzzer*, char const*, unsigned long) /src/llvm-project/compiler-rt/lib/fuzzer/FuzzerDriver.cpp:324:6
    #25 0x4301cc in fuzzer::FuzzerDriver(int*, char***, int (*)(unsigned char const*, unsigned long)) /src/llvm-project/compiler-rt/lib/fuzzer/FuzzerDriver.cpp:860:9
    #26 0x459702 in main /src/llvm-project/compiler-rt/lib/fuzzer/FuzzerMain.cpp:20:10
    #27 0x7cbb49aa1082 in __libc_start_main (/lib/x86_64-linux-gnu/libc.so.6+0x24082) (BuildId: 87b331c034a6458c64ce09c03939e947212e18ce)
    #28 0x420aed in _start (/out/gs_device_bmpmono_fuzzer+0x420aed)

DEDUP_TOKEN: chunk_free_object--read_xref_stream_entries--pdfi_process_xref_stream
AddressSanitizer can not provide additional info.
SUMMARY: AddressSanitizer: SEGV /src/ghostpdl/./base/gsmchunk.c:1139:20 in chunk_free_object
==13==ABORTING
