=================================================================
==13==ERROR: AddressSanitizer: use-after-poison on address 0x780f882ff8a4 at pc 0x0000004e34c6 bp 0x7fffffd0a070 sp 0x7fffffd0a068
READ of size 1 at 0x780f882ff8a4 thread T0
SCARINESS: 22 (1-byte-read-use-after-poison)
    #0 0x4e34c5 in node_from_openstep /src/libplist/src/oplist.c:713:17
    #1 0x4e4746 in parse_dict_data /src/libplist/src/oplist.c:556:20
    #2 0x4df7a5 in plist_from_openstep /src/libplist/src/oplist.c:856:13
    #3 0x4dbe2b in LLVMFuzzerTestOneInput /src/libplist/fuzz/oplist_fuzzer.cc:28:2
    #4 0x4dc4ba in ExecuteFilesOnyByOne /src/aflplusplus/utils/aflpp_driver/aflpp_driver.c:234:7
    #5 0x4dc28c in main /src/aflplusplus/utils/aflpp_driver/aflpp_driver.c:318:12
    #6 0x780f8a2cd082 in __libc_start_main (/lib/x86_64-linux-gnu/libc.so.6+0x24082) (BuildId: 87b331c034a6458c64ce09c03939e947212e18ce)
    #7 0x41d4cd in _start (/out/oplist_fuzzer+0x41d4cd)

DEDUP_TOKEN: node_from_openstep--parse_dict_data--plist_from_openstep
0x780f882ff8a4 is located 164 bytes inside of 1048576-byte region [0x780f882ff800,0x780f883ff800)
allocated by thread T0 here:
    #0 0x49e906 in __interceptor_malloc /src/llvm-project/compiler-rt/lib/asan/asan_malloc_linux.cpp:69:3
    #1 0x4dc3d9 in ExecuteFilesOnyByOne /src/aflplusplus/utils/aflpp_driver/aflpp_driver.c:200:41

DEDUP_TOKEN: __interceptor_malloc--ExecuteFilesOnyByOne
SUMMARY: AddressSanitizer: use-after-poison /src/libplist/src/oplist.c:713:17 in node_from_openstep
Shadow bytes around the buggy address:
  0x0f0271057ec0: fa fa fa fa fa fa fa fa fa fa fa fa fa fa fa fa
  0x0f0271057ed0: fa fa fa fa fa fa fa fa fa fa fa fa fa fa fa fa
  0x0f0271057ee0: fa fa fa fa fa fa fa fa fa fa fa fa fa fa fa fa
  0x0f0271057ef0: fa fa fa fa fa fa fa fa fa fa fa fa fa fa fa fa
  0x0f0271057f00: 00 00 00 00 00 00 00 00 00 00 00 00 00 00 00 00
=>0x0f0271057f10: 00 00 00 00[04]f7 f7 f7 f7 f7 f7 f7 f7 f7 f7 f7
  0x0f0271057f20: f7 f7 f7 f7 f7 f7 f7 f7 f7 f7 f7 f7 f7 f7 f7 f7
  0x0f0271057f30: f7 f7 f7 f7 f7 f7 f7 f7 f7 f7 f7 f7 f7 f7 f7 f7
  0x0f0271057f40: f7 f7 f7 f7 f7 f7 f7 f7 f7 f7 f7 f7 f7 f7 f7 f7
  0x0f0271057f50: f7 f7 f7 f7 f7 f7 f7 f7 f7 f7 f7 f7 f7 f7 f7 f7
  0x0f0271057f60: f7 f7 f7 f7 f7 f7 f7 f7 f7 f7 f7 f7 f7 f7 f7 f7
Shadow byte legend (one shadow byte represents 8 application bytes):
  Addressable:           00
  Partially addressable: 01 02 03 04 05 06 07 
  Heap left redzone:       fa
  Freed heap region:       fd
  Stack left redzone:      f1
  Stack mid redzone:       f2
  Stack right redzone:     f3
  Stack after return:      f5
  Stack use after scope:   f8
  Global redzone:          f9
  Global init order:       f6
  Poisoned by user:        f7
  Container overflow:      fc
  Array cookie:            ac
  Intra object redzone:    bb
  ASan internal:           fe
  Left alloca redzone:     ca
  Right alloca redzone:    cb
==13==ABORTING
