INFO: Running with entropic power schedule (0xFF, 100).
INFO: Seed: 2193365739
INFO: Loaded 1 modules   (77582 inline 8-bit counters): 77582 [0x1158ae0, 0x116b9ee), 
INFO: Loaded 1 PC tables (77582 PCs): 77582 [0x116b9f0,0x129aad0), 
/out/h5_read_fuzzer: Running 1 inputs 1 time(s) each.
Running: /tmp/poc
=================================================================
==13==ERROR: AddressSanitizer: heap-buffer-overflow on address 0x60f0000000e4 at pc 0x0000006da839 bp 0x7fff733cfee0 sp 0x7fff733cfed8
READ of size 1 at 0x60f0000000e4 thread T0
SCARINESS: 12 (1-byte-read-heap-buffer-overflow)
    #0 0x6da838 in H5F_addr_decode_len /src/hdf5/src/H5Fint.c:2859:13
    #1 0x6da838 in H5F_addr_decode /src/hdf5/src/H5Fint.c:2908:5
    #2 0x746588 in H5G_ent_decode /src/hdf5/src/H5Gent.c:148:13
    #3 0x6f5e03 in H5F__cache_superblock_deserialize /src/hdf5/src/H5Fsuper_cache.c:521:13
    #4 0x5d6bfe in H5C__load_entry /src/hdf5/src/H5C.c:7298:26
    #5 0x5d6bfe in H5C_protect /src/hdf5/src/H5C.c:2330:30
    #6 0x584af7 in H5AC_protect /src/hdf5/src/H5AC.c:1394:26
    #7 0x6e8f93 in H5F__super_read /src/hdf5/src/H5Fsuper.c:449:42
    #8 0x6cdf78 in H5F_open /src/hdf5/src/H5Fint.c:1964:13
    #9 0xc46e42 in H5VL__native_file_open /src/hdf5/src/H5VLnative_file.c:127:29
    #10 0xc12e82 in H5VL__file_open /src/hdf5/src/H5VLcallback.c:3674:30
    #11 0xc12e82 in H5VL_file_open /src/hdf5/src/H5VLcallback.c:3823:30
    #12 0x6b1c7e in H5F__open_api_common /src/hdf5/src/H5F.c:794:29
    #13 0x6b138b in H5Fopen /src/hdf5/src/H5F.c:835:22
    #14 0x56a0c1 in LLVMFuzzerTestOneInput /src/h5_read_fuzzer.c:35:7
    #15 0x43dfe3 in fuzzer::Fuzzer::ExecuteCallback(unsigned char const*, unsigned long) /src/llvm-project/compiler-rt/lib/fuzzer/FuzzerLoop.cpp:611:15
    #16 0x429742 in fuzzer::RunOneTest(fuzzer::Fuzzer*, char const*, unsigned long) /src/llvm-project/compiler-rt/lib/fuzzer/FuzzerDriver.cpp:324:6
    #17 0x42efec in fuzzer::FuzzerDriver(int*, char***, int (*)(unsigned char const*, unsigned long)) /src/llvm-project/compiler-rt/lib/fuzzer/FuzzerDriver.cpp:860:9
    #18 0x458522 in main /src/llvm-project/compiler-rt/lib/fuzzer/FuzzerMain.cpp:20:10
    #19 0x7335367c1082 in __libc_start_main (/lib/x86_64-linux-gnu/libc.so.6+0x24082) (BuildId: 87b331c034a6458c64ce09c03939e947212e18ce)
    #20 0x41f90d in _start (/out/h5_read_fuzzer+0x41f90d)

DEDUP_TOKEN: H5F_addr_decode_len--H5F_addr_decode--H5G_ent_decode
0x60f0000000e4 is located 0 bytes to the right of 164-byte region [0x60f000000040,0x60f0000000e4)
allocated by thread T0 here:
    #0 0x52f57c in __interceptor_realloc /src/llvm-project/compiler-rt/lib/asan/asan_malloc_linux.cpp:85:3
    #1 0x80fc2d in H5MM_realloc /src/hdf5/src/H5MM.c:144:21
    #2 0x5d692f in H5C__load_entry /src/hdf5/src/H5C.c:7213:46
    #3 0x5d692f in H5C_protect /src/hdf5/src/H5C.c:2330:30
    #4 0x584af7 in H5AC_protect /src/hdf5/src/H5AC.c:1394:26
    #5 0x6e8f93 in H5F__super_read /src/hdf5/src/H5Fsuper.c:449:42
    #6 0x6cdf78 in H5F_open /src/hdf5/src/H5Fint.c:1964:13
    #7 0xc46e42 in H5VL__native_file_open /src/hdf5/src/H5VLnative_file.c:127:29
    #8 0xc12e82 in H5VL__file_open /src/hdf5/src/H5VLcallback.c:3674:30
    #9 0xc12e82 in H5VL_file_open /src/hdf5/src/H5VLcallback.c:3823:30
    #10 0x6b1c7e in H5F__open_api_common /src/hdf5/src/H5F.c:794:29
    #11 0x6b138b in H5Fopen /src/hdf5/src/H5F.c:835:22
    #12 0x56a0c1 in LLVMFuzzerTestOneInput /src/h5_read_fuzzer.c:35:7
    #13 0x43dfe3 in fuzzer::Fuzzer::ExecuteCallback(unsigned char const*, unsigned long) /src/llvm-project/compiler-rt/lib/fuzzer/FuzzerLoop.cpp:611:15
    #14 0x429742 in fuzzer::RunOneTest(fuzzer::Fuzzer*, char const*, unsigned long) /src/llvm-project/compiler-rt/lib/fuzzer/FuzzerDriver.cpp:324:6
    #15 0x42efec in fuzzer::FuzzerDriver(int*, char***, int (*)(unsigned char const*, unsigned long)) /src/llvm-project/compiler-rt/lib/fuzzer/FuzzerDriver.cpp:860:9
    #16 0x458522 in main /src/llvm-project/compiler-rt/lib/fuzzer/FuzzerMain.cpp:20:10
    #17 0x7335367c1082 in __libc_start_main (/lib/x86_64-linux-gnu/libc.so.6+0x24082) (BuildId: 87b331c034a6458c64ce09c03939e947212e18ce)

DEDUP_TOKEN: __interceptor_realloc--H5MM_realloc--H5C__load_entry
SUMMARY: AddressSanitizer: heap-buffer-overflow /src/hdf5/src/H5Fint.c:2859:13 in H5F_addr_decode_len
Shadow bytes around the buggy address:
  0x0c1e7fff7fc0: 00 00 00 00 00 00 00 00 00 00 00 00 00 00 00 00
  0x0c1e7fff7fd0: 00 00 00 00 00 00 00 00 00 00 00 00 00 00 00 00
  0x0c1e7fff7fe0: 00 00 00 00 00 00 00 00 00 00 00 00 00 00 00 00
  0x0c1e7fff7ff0: 00 00 00 00 00 00 00 00 00 00 00 00 00 00 00 00
  0x0c1e7fff8000: fa fa fa fa fa fa fa fa 00 00 00 00 00 00 00 00
=>0x0c1e7fff8010: 00 00 00 00 00 00 00 00 00 00 00 00[04]fa fa fa
  0x0c1e7fff8020: fa fa fa fa fa fa fa fa fa fa fa fa fa fa fa fa
  0x0c1e7fff8030: fa fa fa fa fa fa fa fa fa fa fa fa fa fa fa fa
  0x0c1e7fff8040: fa fa fa fa fa fa fa fa fa fa fa fa fa fa fa fa
  0x0c1e7fff8050: fa fa fa fa fa fa fa fa fa fa fa fa fa fa fa fa
  0x0c1e7fff8060: fa fa fa fa fa fa fa fa fa fa fa fa fa fa fa fa
Shadow byte legend (one shadow byte represents 8 application bytes):
  Addressable:           00
  Partially addressable: 01 02 03 04 05 06 07 
  Heap left redzone:       fa
  Freed heap region:       fd
  Stack left redzone:      f1
  Stack mid redzone:       f2
  Stack right redzone:     f3
  Stack after return:      f5
  Stack use after scope:   f8
  Global redzone:          f9
  Global init order:       f6
  Poisoned by user:        f7
  Container overflow:      fc
  Array cookie:            ac
  Intra object redzone:    bb
  ASan internal:           fe
  Left alloca redzone:     ca
  Right alloca redzone:    cb
==13==ABORTING
