=================================================================
==13==ERROR: AddressSanitizer: heap-buffer-overflow on address 0x619000005dad at pc 0x0000005c5428 bp 0x7ffcc943d1a0 sp 0x7ffcc943d198
READ of size 16 at 0x619000005dad thread T0
SCARINESS: 36 (multi-byte-read-heap-buffer-overflow-far-from-bounds)
    #0 0x5c5427 in isvcd_residual_luma_dyadic_sse42 /src/libavc/decoder/x86/svc/isvcd_residual_resamp_sse42.c:113:17
    #1 0x5a1089 in isvcd_residual_samp_mb_dyadic /src/libavc/decoder/svc/isvcd_residual_resamp.c:2052:9
    #2 0x557ac3 in isvcd_process_residual_resample_mb /src/libavc/decoder/svc/isvcd_process_epslice.c:1927:11
    #3 0x55c8ab in isvcd_process_inter_mb_rsd_pred_target_lyr /src/libavc/decoder/svc/isvcd_process_epslice.c:1992:11
    #4 0x55aa49 in isvcd_decode_recon_tfr_nmb_non_base_lyr /src/libavc/decoder/svc/isvcd_process_epslice.c:1294:27
    #5 0x51e42a in isvcd_parse_inter_slice_data_cabac_enh_lyr /src/libavc/decoder/svc/isvcd_parse_epslice.c:1527:23
    #6 0x51b3e2 in isvcd_parse_epslice /src/libavc/decoder/svc/isvcd_parse_epslice.c:475:11
    #7 0x543061 in isvcd_parse_decode_slice_ext_nal /src/libavc/decoder/svc/isvcd_parse_slice.c:1496:15
    #8 0x5356f6 in isvcd_parse_nal_unit /src/libavc/decoder/svc/isvcd_parse_headers.c:1063:44
    #9 0x4f6148 in isvcd_video_decode /src/libavc/decoder/svc/isvcd_api.c:5292:27
    #10 0x5059e1 in isvcd_api_function /src/libavc/decoder/svc/isvcd_api.c:7267:26
    #11 0x4df39f in Codec::decodeFrame(unsigned char const*, unsigned long, unsigned long*) /src/libavc/fuzzer/svc_dec_fuzzer.cpp:375:11
    #12 0x4e0486 in LLVMFuzzerTestOneInput /src/libavc/fuzzer/svc_dec_fuzzer.cpp:437:22
    #13 0x4dc38a in ExecuteFilesOnyByOne /src/aflplusplus/utils/aflpp_driver/aflpp_driver.c:234:7
    #14 0x4dc15c in main /src/aflplusplus/utils/aflpp_driver/aflpp_driver.c:318:12
    #15 0x79de7b771082 in __libc_start_main (/lib/x86_64-linux-gnu/libc.so.6+0x24082) (BuildId: 87b331c034a6458c64ce09c03939e947212e18ce)
    #16 0x41d50d in _start (/out/svc_dec_fuzzer+0x41d50d)

DEDUP_TOKEN: isvcd_residual_luma_dyadic_sse42--isvcd_residual_samp_mb_dyadic--isvcd_process_residual_resample_mb
0x619000005dad is located 13 bytes to the right of 800-byte region [0x619000005a80,0x619000005da0)
allocated by thread T0 here:
    #0 0x49f497 in posix_memalign /src/llvm-project/compiler-rt/lib/asan/asan_malloc_linux.cpp:145:3
    #1 0x4dc48e in iv_aligned_malloc(void*, int, int) /src/libavc/fuzzer/svc_dec_fuzzer.cpp:85:13
    #2 0x565501 in isvcd_allocate_dynamic_bufs /src/libavc/decoder/svc/isvcd_utils.c:192:14
    #3 0x5695d4 in isvcd_init_pic /src/libavc/decoder/svc/isvcd_utils.c:843:15
    #4 0x53aef2 in isvcd_start_of_pic /src/libavc/decoder/svc/isvcd_parse_slice.c:283:11
    #5 0x549be9 in isvcd_parse_decode_slice /src/libavc/decoder/svc/isvcd_parse_slice.c:2390:19
    #6 0x53546f in isvcd_parse_nal_unit /src/libavc/decoder/svc/isvcd_parse_headers.c:1005:40
    #7 0x4f6148 in isvcd_video_decode /src/libavc/decoder/svc/isvcd_api.c:5292:27
    #8 0x5059e1 in isvcd_api_function /src/libavc/decoder/svc/isvcd_api.c:7267:26
    #9 0x4df39f in Codec::decodeFrame(unsigned char const*, unsigned long, unsigned long*) /src/libavc/fuzzer/svc_dec_fuzzer.cpp:375:11
    #10 0x4e0486 in LLVMFuzzerTestOneInput /src/libavc/fuzzer/svc_dec_fuzzer.cpp:437:22
    #11 0x4dc38a in ExecuteFilesOnyByOne /src/aflplusplus/utils/aflpp_driver/aflpp_driver.c:234:7

DEDUP_TOKEN: posix_memalign--iv_aligned_malloc(void*, int, int)--isvcd_allocate_dynamic_bufs
SUMMARY: AddressSanitizer: heap-buffer-overflow /src/libavc/decoder/x86/svc/isvcd_residual_resamp_sse42.c:113:17 in isvcd_residual_luma_dyadic_sse42
Shadow bytes around the buggy address:
  0x0c327fff8b60: 00 00 00 00 00 00 00 00 00 00 00 00 00 00 00 00
  0x0c327fff8b70: 00 00 00 00 00 00 00 00 00 00 00 00 00 00 00 00
  0x0c327fff8b80: 00 00 00 00 00 00 00 00 00 00 00 00 00 00 00 00
  0x0c327fff8b90: 00 00 00 00 00 00 00 00 00 00 00 00 00 00 00 00
  0x0c327fff8ba0: 00 00 00 00 00 00 00 00 00 00 00 00 00 00 00 00
=>0x0c327fff8bb0: 00 00 00 00 fa[fa]fa fa fa fa fa fa fa fa fa fa
  0x0c327fff8bc0: fa fa fa fa fa fa fa fa fa fa fa fa fa fa fa fa
  0x0c327fff8bd0: fa fa fa fa fa fa fa fa fa fa fa fa fa fa fa fa
  0x0c327fff8be0: fa fa fa fa fa fa fa fa fa fa fa fa fa fa fa fa
  0x0c327fff8bf0: fa fa fa fa fa fa fa fa fa fa fa fa fa fa fa fa
  0x0c327fff8c00: fa fa fa fa fa fa fa fa fa fa fa fa fa fa fa fa
Shadow byte legend (one shadow byte represents 8 application bytes):
  Addressable:           00
  Partially addressable: 01 02 03 04 05 06 07 
  Heap left redzone:       fa
  Freed heap region:       fd
  Stack left redzone:      f1
  Stack mid redzone:       f2
  Stack right redzone:     f3
  Stack after return:      f5
  Stack use after scope:   f8
  Global redzone:          f9
  Global init order:       f6
  Poisoned by user:        f7
  Container overflow:      fc
  Array cookie:            ac
  Intra object redzone:    bb
  ASan internal:           fe
  Left alloca redzone:     ca
  Right alloca redzone:    cb
==13==ABORTING
