=================================================================
==13==ERROR: AddressSanitizer: heap-buffer-overflow on address 0x613000000f74 at pc 0x00000059647d bp 0x7ffed0080a70 sp 0x7ffed0080a68
READ of size 1 at 0x613000000f74 thread T0
SCARINESS: 22 (1-byte-read-heap-buffer-overflow-far-from-bounds)
    #0 0x59647c in isvcd_interlyr_motion_mode_pred_dyadic /src/libavc/decoder/svc/isvcd_mode_mv_resamp.c:2622:48
    #1 0x5512f7 in isvcd_interlyr_motion_mode_pred /src/libavc/decoder/svc/isvcd_process_epslice.c:164:13
    #2 0x5512f7 in isvcd_mv_pred_ref_tfr_nby2_epmb /src/libavc/decoder/svc/isvcd_process_epslice.c:238:30
    #3 0x51e1b6 in isvcd_parse_inter_slice_data_cabac_enh_lyr /src/libavc/decoder/svc/isvcd_parse_epslice.c:1509:19
    #4 0x51b3e2 in isvcd_parse_epslice /src/libavc/decoder/svc/isvcd_parse_epslice.c:475:11
    #5 0x54304f in isvcd_parse_decode_slice_ext_nal /src/libavc/decoder/svc/isvcd_parse_slice.c:1496:15
    #6 0x5356e6 in isvcd_parse_nal_unit /src/libavc/decoder/svc/isvcd_parse_headers.c:1063:44
    #7 0x4f6148 in isvcd_video_decode /src/libavc/decoder/svc/isvcd_api.c:5292:27
    #8 0x5059e1 in isvcd_api_function /src/libavc/decoder/svc/isvcd_api.c:7267:26
    #9 0x4df39f in Codec::decodeFrame(unsigned char const*, unsigned long, unsigned long*) /src/libavc/fuzzer/svc_dec_fuzzer.cpp:375:11
    #10 0x4e0486 in LLVMFuzzerTestOneInput /src/libavc/fuzzer/svc_dec_fuzzer.cpp:437:22
    #11 0x4dc38a in ExecuteFilesOnyByOne /src/aflplusplus/utils/aflpp_driver/aflpp_driver.c:234:7
    #12 0x4dc15c in main /src/aflplusplus/utils/aflpp_driver/aflpp_driver.c:318:12
    #13 0x7677bb612082 in __libc_start_main (/lib/x86_64-linux-gnu/libc.so.6+0x24082) (BuildId: 87b331c034a6458c64ce09c03939e947212e18ce)
    #14 0x41d50d in _start (/out/svc_dec_fuzzer+0x41d50d)

DEDUP_TOKEN: isvcd_interlyr_motion_mode_pred_dyadic--isvcd_interlyr_motion_mode_pred--isvcd_mv_pred_ref_tfr_nby2_epmb
0x613000000f74 is located 52 bytes to the right of 192-byte region [0x613000000e80,0x613000000f40)
allocated by thread T0 here:
    #0 0x49f497 in posix_memalign /src/llvm-project/compiler-rt/lib/asan/asan_malloc_linux.cpp:145:3
    #1 0x4dc48e in iv_aligned_malloc(void*, int, int) /src/libavc/fuzzer/svc_dec_fuzzer.cpp:85:13
    #2 0x565364 in isvcd_allocate_dynamic_bufs /src/libavc/decoder/svc/isvcd_utils.c:178:14
    #3 0x5695c4 in isvcd_init_pic /src/libavc/decoder/svc/isvcd_utils.c:843:15
    #4 0x53aee2 in isvcd_start_of_pic /src/libavc/decoder/svc/isvcd_parse_slice.c:283:11
    #5 0x549bc7 in isvcd_parse_decode_slice /src/libavc/decoder/svc/isvcd_parse_slice.c:2390:19
    #6 0x53545f in isvcd_parse_nal_unit /src/libavc/decoder/svc/isvcd_parse_headers.c:1005:40
    #7 0x4f6148 in isvcd_video_decode /src/libavc/decoder/svc/isvcd_api.c:5292:27
    #8 0x5059e1 in isvcd_api_function /src/libavc/decoder/svc/isvcd_api.c:7267:26
    #9 0x4df39f in Codec::decodeFrame(unsigned char const*, unsigned long, unsigned long*) /src/libavc/fuzzer/svc_dec_fuzzer.cpp:375:11
    #10 0x4e0486 in LLVMFuzzerTestOneInput /src/libavc/fuzzer/svc_dec_fuzzer.cpp:437:22
    #11 0x4dc38a in ExecuteFilesOnyByOne /src/aflplusplus/utils/aflpp_driver/aflpp_driver.c:234:7

DEDUP_TOKEN: posix_memalign--iv_aligned_malloc(void*, int, int)--isvcd_allocate_dynamic_bufs
SUMMARY: AddressSanitizer: heap-buffer-overflow /src/libavc/decoder/svc/isvcd_mode_mv_resamp.c:2622:48 in isvcd_interlyr_motion_mode_pred_dyadic
Shadow bytes around the buggy address:
  0x0c267fff8190: 00 00 00 00 00 00 00 00 00 00 00 00 00 00 00 00
  0x0c267fff81a0: 00 00 00 00 fa fa fa fa fa fa fa fa fa fa fa fa
  0x0c267fff81b0: fa fa fa fa fa fa fa fa fa fa fa fa fa fa fa fa
  0x0c267fff81c0: fa fa fa fa fa fa fa fa fa fa fa fa fa fa fa fa
  0x0c267fff81d0: 00 00 00 00 00 00 00 00 00 00 00 00 00 00 00 00
=>0x0c267fff81e0: 00 00 00 00 00 00 00 00 fa fa fa fa fa fa[fa]fa
  0x0c267fff81f0: fa fa fa fa fa fa fa fa fa fa fa fa fa fa fa fa
  0x0c267fff8200: 00 00 00 00 00 00 00 00 00 00 00 00 00 00 00 00
  0x0c267fff8210: 00 00 00 00 00 00 00 00 00 00 00 00 fa fa fa fa
  0x0c267fff8220: fa fa fa fa fa fa fa fa fa fa fa fa fa fa fa fa
  0x0c267fff8230: fa fa fa fa fa fa fa fa fa fa fa fa fa fa fa fa
Shadow byte legend (one shadow byte represents 8 application bytes):
  Addressable:           00
  Partially addressable: 01 02 03 04 05 06 07 
  Heap left redzone:       fa
  Freed heap region:       fd
  Stack left redzone:      f1
  Stack mid redzone:       f2
  Stack right redzone:     f3
  Stack after return:      f5
  Stack use after scope:   f8
  Global redzone:          f9
  Global init order:       f6
  Poisoned by user:        f7
  Container overflow:      fc
  Array cookie:            ac
  Intra object redzone:    bb
  ASan internal:           fe
  Left alloca redzone:     ca
  Right alloca redzone:    cb
==13==ABORTING
