INFO: Running with entropic power schedule (0xFF, 100).
INFO: Seed: 2331628600
INFO: Loaded 1 modules   (23496 inline 8-bit counters): 23496 [0x967280, 0x96ce48), 
INFO: Loaded 1 PC tables (23496 PCs): 23496 [0x836818,0x892498), 
/out/mruby_fuzzer: Running 1 inputs 1 time(s) each.
Running: /tmp/poc
line 100:18: warning: '*' interpreted as argument prefix
(0.0+1541440.0i)
(0.0+1541440.0i)
[-3.40282366920938e+21]
[-3.40282366920938e+21]
[-3.40282366920938e+21]
[-3.40282366920938e+21]
[-3.40282366920938e+21]
[-3.40282366920938e+21]
[-3.40282366920938e+21]
[-3.40282366920938e+21]
[-3.40282366920938e+21]
[-3.40282366920938e+21]
[-3.40282366920938e+21]
[-3.40282366920938e+21]
[-3.40282366920938e+21]
[-3.40282366920938e+21]
[-3.40282366920938e+21]
[-3.40282366920938e+21]
[-3.40282366920938e+21]
[-3.40282366920938e+21]
[-3.40282366920938e+21]
[-3.40282366920938e+21]
[-3.40282366920938e+21]
[-3.40282366920938e+21]
[-3.40282366920938e+21]
[-3.40282366920938e+21]
[-3.40282366920938e+21]
[-3.40282366920938e+21]
[-3.40282366920938e+21]
[-3.40282366920938e+21]
[-3.40282366920938e+21]
[-3.40282366920938e+21]
[-3.40282366920938e+21]
[-3.40282366920938e+21]
[-3.40282366920938e+21]
[-3.40282366920938e+21]
[-3.40282366920938e+21]
[-3.40282366920938e+21]
[-3.40282366920938e+21]
[-3.40282366920938e+21]
[-3.40282366920938e+21]
[-3.40282366920938e+21]
[-3.40282366920938e+21]
[-3.40282366920938e+21]
[-3.40282366920938e+21]
[-3.40282366920938e+21]
[-3.40282366920938e+21]
[-3.40282366920938e+21]
[-3.40282366920938e+21]
[-3.40282366920938e+21]
[-3.40282366920938e+21]
[-3.40282366920938e+21]
[-3.40282366920938e+21]
[-3.40282366920938e+21]
[-3.40282366920938e+21]
[-3.40282366920938e+21]
[-3.40282366920938e+21]
[-3.40282366920938e+21]
[-3.40282366920938e+21]
[-3.40282366920938e+21]
[-3.40282366920938e+21]
[-3.40282366920938e+21]
[-3.40282366920938e+21]
[-3.40282366920938e+21]
[-3.40282366920938e+21]
[-3.40282366920938e+21]
[-3.40282366920938e+21]
[-3.40282366920938e+21]
[-3.40282366920938e+21]
[-3.40282366920938e+21]
[-3.40282366920938e+21]
[-3.40282366920938e+21]
[-3.40282366920938e+21]
[-3.40282366920938e+21]
[-3.40282366920938e+21]
[-3.40282366920938e+21]
[-3.40282366920938e+21]
[-3.40282366920938e+21]
[-3.40282366920938e+21]
[-3.40282366920938e+21]
[-3.40282366920938e+21]
[-3.40282366920938e+21]
[-3.40282366920938e+21]
[-3.40282366920938e+21]
[-3.40282366920938e+21]
[-3.40282366920938e+21]
[-3.40282366920938e+21]
[-3.40282366920938e+21]
[-3.40282366920938e+21]
[-3.40282366920938e+21]
[-3.40282366920938e+21]
[-3.40282366920938e+21]
[-3.40282366920938e+21]
[-3.40282366920938e+21]
[-3.40282366920938e+21]
[-3.40282366920938e+21]
[-3.40282366920938e+21]
[-3.40282366920938e+21]
[-3.40282366920938e+21]
[-3.40282366920938e+21]
[-3.40282366920938e+21]
[-3.40282366920938e+21]
[-3.40282366920938e+21]
[-3.40282366920938e+21]
[-3.40282366920938e+21]
[-3.40282366920938e+21]
[-3.40282366920938e+21]
[-3.40282366920938e+21]
[-3.40282366920938e+21]
[-3.40282366920938e+21]
[-3.40282366920938e+21]
[-3.40282366920938e+21]
[-3.40282366920938e+21]
[-3.40282366920938e+21]
[-3.40282366920938e+21]
AddressSanitizer:DEADLYSIGNAL
=================================================================
==13==ERROR: AddressSanitizer: SEGV on unknown address 0x323335323034 (pc 0x000000662431 bp 0x7ffecbdd8930 sp 0x7ffecbdd8880 T0)
==13==The signal is caused by a READ memory access.
#<Class:0x62f00010fe00>
#<Class:0x62f0001fdc80>
#<Class:0x62f0002ddad0>
#<Class:0x62f0003af920>
#<Class:0x62f000495b30>
#<Class:0x62f000570fa0>
#<Class:0x62f000200680>
#<Class:0x62f000626550>
#<Class:0x62f0006cd800>
#<Class:0x62f0007859c0>
#<Class:0x62f0001ffc90>
#<Class:0x62f0000aeac0>
#<Class:0x62f0001ff8d0>
#<Class:0x62f000272030>
#<Class:0x62f000121e20>
#<Class:0x62f0003e30f0>
#<Class:0x62f0004168d0>
#<Class:0x62f00044e6c0>
#<Class:0x62f000478270>
#<Class:0x62f0004bb540>
#<Class:0x62f0004e7520>
#<Class:0x62f0004f1d40>
#<Class:0x62f0004f1f20>
#<Class:0x62f0004f1e30>
#<Class:0x62f0004f1bf0>
#<Class:0x62f0004f1a10>
#<Class:0x62f0004f1920>
#<Class:0x62f0004f1740>
#<Class:0x62f0004f16e0>
#<Class:0x62f0004f14d0>
#<Class:0x62f0004f2be0>
#<Class:0x62f0004f1290>
#<Class:0x62f000279220>
#<Class:0x62f0004bb930>
#<Class:0x62f0004bb3f0>
#<Class:0x62f0004bb5d0>
#<Class:0x62f0004bb450>
#<Class:0x62f0004baf10>
#<Class:0x62f0004baa00>
#<Class:0x62f0004ba640>
#<Class:0x62f0004ba760>
#<Class:0x62f0004ba3a0>
#<Class:0x62f0004b9fb0>
#<Class:0x62f0004b9b60>
#<Class:0x62f0004b9b30>
#<Class:0x62f0004b9770>
#<Class:0x62f0004b92c0>
#<Class:0x62f0004b9200>
#<Class:0x62f0004b8bd0>
#<Class:0x62f0004b8900>
#<Class:0x62f0004b88d0>
#<Class:0x62f0004b8780>
#<Class:0x62f0004ba070>
#<Class:0x62f0004b9cb0>
#<Class:0x62f0004b7c40>
SCARINESS: 20 (wild-addr-read)
    #0 0x662431 in mt_get /src/mruby/src/class.c:146:10
    #1 0x662431 in mrb_method_search_vm /src/mruby/src/class.c:1788:21
    #2 0x59ed78 in mrb_vm_exec /src/mruby/src/vm.c:1765:11
    #3 0x58cdf1 in mrb_vm_run /src/mruby/src/vm.c:1275:12
    #4 0x589dd4 in mrb_top_run /src/mruby/src/vm.c
    #5 0x608be1 in mrb_load_exec /src/mruby/mrbgems/mruby-compiler/core/parse.y:6910:7
    #6 0x609e66 in mrb_load_nstring_cxt /src/mruby/mrbgems/mruby-compiler/core/parse.y:6982:10
    #7 0x60a01b in mrb_load_string_cxt /src/mruby/mrbgems/mruby-compiler/core/parse.y:6994:10
    #8 0x60a01b in mrb_load_string /src/mruby/mrbgems/mruby-compiler/core/parse.y:7000:10
    #9 0x56d8af in LLVMFuzzerTestOneInput /src/mruby/oss-fuzz/mruby_fuzzer.c:14:5
    #10 0x43f263 in fuzzer::Fuzzer::ExecuteCallback(unsigned char const*, unsigned long) /src/llvm-project/compiler-rt/lib/fuzzer/FuzzerLoop.cpp:611:15
    #11 0x42a9c2 in fuzzer::RunOneTest(fuzzer::Fuzzer*, char const*, unsigned long) /src/llvm-project/compiler-rt/lib/fuzzer/FuzzerDriver.cpp:324:6
    #12 0x43026c in fuzzer::FuzzerDriver(int*, char***, int (*)(unsigned char const*, unsigned long)) /src/llvm-project/compiler-rt/lib/fuzzer/FuzzerDriver.cpp:860:9
    #13 0x4597a2 in main /src/llvm-project/compiler-rt/lib/fuzzer/FuzzerMain.cpp:20:10
    #14 0x759c43357082 in __libc_start_main (/lib/x86_64-linux-gnu/libc.so.6+0x24082) (BuildId: 87b331c034a6458c64ce09c03939e947212e18ce)
    #15 0x420b8d in _start (/out/mruby_fuzzer+0x420b8d)

DEDUP_TOKEN: mt_get--mrb_method_search_vm--mrb_vm_exec
AddressSanitizer can not provide additional info.
SUMMARY: AddressSanitizer: SEGV /src/mruby/src/class.c:146:10 in mt_get
==13==ABORTING
