INFO: Seed: 2195770582
INFO: Loaded 1 modules   (84604 inline 8-bit counters): 84604 [0x1df8498, 0x1e0cf14), 
INFO: Loaded 1 PC tables (84604 PCs): 84604 [0x1e0cf18,0x1f576d8), 
/out/image_filter_deserialize: Running 1 inputs 1 time(s) each.
Running: /tmp/poc
==13==WARNING: MemorySanitizer: use-of-uninitialized-value
    #0 0xacdbc3 in clip_color(float __vector(4)*, float __vector(4)*, float __vector(4)*, float __vector(4))::{lambda(float __vector(4))#1}::operator()(float __vector(4)) const /src/skia/out/Fuzz/../../src/jumper/SkJumper_stages.cpp:1104:60
    #1 0xa894f7 in clip_color /src/skia/out/Fuzz/../../src/jumper/SkJumper_stages.cpp:1109:10
    #2 0xa894f7 in color_k /src/skia/out/Fuzz/../../src/jumper/SkJumper_stages.cpp:1148
    #3 0xa894f7 in sk_color /src/skia/out/Fuzz/../../src/jumper/SkJumper_stages.cpp:1142
    #4 0xaa804d in sk_load_bgra_dst /src/skia/out/Fuzz/../../src/jumper/SkJumper_stages.cpp:1674:1
    #5 0xa91ca8 in sk_scale_1_float /src/skia/out/Fuzz/../../src/jumper/SkJumper_stages.cpp:1388:1
    #6 0xaa78a7 in sk_load_bgra /src/skia/out/Fuzz/../../src/jumper/SkJumper_stages.cpp:1670:1
    #7 0xa79fa2 in sk_start_pipeline /src/skia/out/Fuzz/../../src/jumper/SkJumper_stages.cpp:755:13
    #8 0xf2c2d5 in std::__1::function<void (unsigned long, unsigned long, unsigned long, unsigned long)>::operator()(unsigned long, unsigned long, unsigned long, unsigned long) const /usr/local/bin/../include/c++/v1/functional:1916:12
    #9 0xf2b44e in SkRasterPipelineBlitter::blitRect(int, int, int, int) /src/skia/out/Fuzz/../../src/core/SkRasterPipelineBlitter.cpp:332:9
    #10 0x79c453 in SkDraw::drawSprite(SkBitmap const&, int, int, SkPaint const&) const /src/skia/out/Fuzz/../../src/core/SkDraw.cpp:1308:13
    #11 0xe20ad0 in SkBitmapDevice::drawDevice(SkBaseDevice*, int, int, SkPaint const&) /src/skia/out/Fuzz/../../src/core/SkBitmapDevice.cpp:379:18
    #12 0x6f8ef2 in SkCanvas::internalDrawDevice(SkBaseDevice*, int, int, SkPaint const*, SkImage*, SkMatrix const&) /src/skia/out/Fuzz/../../src/core/SkCanvas.cpp:1318:21
    #13 0x6efeb5 in SkCanvas::internalRestore() /src/skia/out/Fuzz/../../src/core/SkCanvas.cpp:1202:19
    #14 0x6f2bd7 in SkCanvas::restore() /src/skia/out/Fuzz/../../src/core/SkCanvas.cpp:916:19
    #15 0x8f7cf7 in SkRecordDraw(SkRecord const&, SkCanvas*, SkPicture const* const*, SkDrawable* const*, int, SkBBoxHierarchy const*, SkPicture::AbortCallback*) /src/skia/out/Fuzz/../../src/core/SkRecordDraw.cpp:52:20
    #16 0xe144fa in SkBigPicture::playback(SkCanvas*, SkPicture::AbortCallback*) const /src/skia/out/Fuzz/../../src/core/SkBigPicture.cpp:33:5
    #17 0x722dd5 in SkCanvas::onDrawPicture(SkPicture const*, SkMatrix const*, SkPaint const*) /src/skia/out/Fuzz/../../src/core/SkCanvas.cpp:2829:14
    #18 0x72261b in SkCanvas::drawPicture(SkPicture const*, SkMatrix const*, SkPaint const*) /src/skia/out/Fuzz/../../src/core/SkCanvas.cpp:2809:15
    #19 0x108ac35 in SkPictureImageFilter::onFilterImage(SkSpecialImage*, SkImageFilter::Context const&, SkIPoint*) const /src/skia/out/Fuzz/../../src/effects/SkPictureImageFilter.cpp:118:13
    #20 0x7d6efe in SkImageFilter::filterImage(SkSpecialImage*, SkImageFilter::Context const&, SkIPoint*) const /src/skia/out/Fuzz/../../src/core/SkImageFilter.cpp:218:40
    #21 0xe21733 in SkBitmapDevice::drawSpecial(SkSpecialImage*, int, int, SkPaint const&, SkImage*, SkMatrix const&) /src/skia/out/Fuzz/../../src/core/SkBitmapDevice.cpp:424:33
    #22 0x715c50 in SkCanvas::onDrawBitmap(SkBitmap const&, float, float, SkPaint const*) /src/skia/out/Fuzz/../../src/core/SkCanvas.cpp:2302:27
    #23 0x709c88 in SkCanvas::drawBitmap(SkBitmap const&, float, float, SkPaint const*) /src/skia/out/Fuzz/../../src/core/SkCanvas.cpp:1835:11
    #24 0x6cfd6d in LLVMFuzzerTestOneInput /src/skia/out/Fuzz/../../fuzz/oss_fuzz/image_filter_deserialize.cpp:42:16
    #25 0x642d86 in fuzzer::Fuzzer::ExecuteCallback(unsigned char const*, unsigned long) /src/libfuzzer/FuzzerLoop.cpp:515:13
    #26 0x5fd211 in fuzzer::RunOneTest(fuzzer::Fuzzer*, char const*, unsigned long) /src/libfuzzer/FuzzerDriver.cpp:280:6
    #27 0x611466 in fuzzer::FuzzerDriver(int*, char***, int (*)(unsigned char const*, unsigned long)) /src/libfuzzer/FuzzerDriver.cpp:703:9
    #28 0x5fc351 in main /src/libfuzzer/FuzzerMain.cpp:20:10
    #29 0x7bc4ec1de83f in __libc_start_main (/lib/x86_64-linux-gnu/libc.so.6+0x2083f)
    #30 0x58c658 in _start (/out/image_filter_deserialize+0x58c658)

DEDUP_TOKEN: clip_color(float __vector(4)*, float __vector(4)*, float __vector(4)*, float __vector(4))::{lambda(float __vector(4))#1}::operator()(float __vector(4)) const--clip_color--color_k
  Uninitialized value was stored to memory at
    #0 0xa89a15 in clip_color /src/skia/out/Fuzz/../../src/jumper/SkJumper_stages.cpp:1103:17
    #1 0xa89a15 in color_k /src/skia/out/Fuzz/../../src/jumper/SkJumper_stages.cpp:1148
    #2 0xa89a15 in sk_color /src/skia/out/Fuzz/../../src/jumper/SkJumper_stages.cpp:1142
    #3 0xaa804d in sk_load_bgra_dst /src/skia/out/Fuzz/../../src/jumper/SkJumper_stages.cpp:1674:1
    #4 0xa91ca8 in sk_scale_1_float /src/skia/out/Fuzz/../../src/jumper/SkJumper_stages.cpp:1388:1
    #5 0xaa78a7 in sk_load_bgra /src/skia/out/Fuzz/../../src/jumper/SkJumper_stages.cpp:1670:1
    #6 0xa79fa2 in sk_start_pipeline /src/skia/out/Fuzz/../../src/jumper/SkJumper_stages.cpp:755:13
    #7 0xf2c2d5 in std::__1::function<void (unsigned long, unsigned long, unsigned long, unsigned long)>::operator()(unsigned long, unsigned long, unsigned long, unsigned long) const /usr/local/bin/../include/c++/v1/functional:1916:12
    #8 0xf2b44e in SkRasterPipelineBlitter::blitRect(int, int, int, int) /src/skia/out/Fuzz/../../src/core/SkRasterPipelineBlitter.cpp:332:9
    #9 0x79c453 in SkDraw::drawSprite(SkBitmap const&, int, int, SkPaint const&) const /src/skia/out/Fuzz/../../src/core/SkDraw.cpp:1308:13
    #10 0xe20ad0 in SkBitmapDevice::drawDevice(SkBaseDevice*, int, int, SkPaint const&) /src/skia/out/Fuzz/../../src/core/SkBitmapDevice.cpp:379:18
    #11 0x6f8ef2 in SkCanvas::internalDrawDevice(SkBaseDevice*, int, int, SkPaint const*, SkImage*, SkMatrix const&) /src/skia/out/Fuzz/../../src/core/SkCanvas.cpp:1318:21
    #12 0x6efeb5 in SkCanvas::internalRestore() /src/skia/out/Fuzz/../../src/core/SkCanvas.cpp:1202:19
    #13 0x6f2bd7 in SkCanvas::restore() /src/skia/out/Fuzz/../../src/core/SkCanvas.cpp:916:19
    #14 0x8f7cf7 in SkRecordDraw(SkRecord const&, SkCanvas*, SkPicture const* const*, SkDrawable* const*, int, SkBBoxHierarchy const*, SkPicture::AbortCallback*) /src/skia/out/Fuzz/../../src/core/SkRecordDraw.cpp:52:20
    #15 0xe144fa in SkBigPicture::playback(SkCanvas*, SkPicture::AbortCallback*) const /src/skia/out/Fuzz/../../src/core/SkBigPicture.cpp:33:5
    #16 0x722dd5 in SkCanvas::onDrawPicture(SkPicture const*, SkMatrix const*, SkPaint const*) /src/skia/out/Fuzz/../../src/core/SkCanvas.cpp:2829:14
    #17 0x72261b in SkCanvas::drawPicture(SkPicture const*, SkMatrix const*, SkPaint const*) /src/skia/out/Fuzz/../../src/core/SkCanvas.cpp:2809:15
    #18 0x108ac35 in SkPictureImageFilter::onFilterImage(SkSpecialImage*, SkImageFilter::Context const&, SkIPoint*) const /src/skia/out/Fuzz/../../src/effects/SkPictureImageFilter.cpp:118:13
    #19 0x7d6efe in SkImageFilter::filterImage(SkSpecialImage*, SkImageFilter::Context const&, SkIPoint*) const /src/skia/out/Fuzz/../../src/core/SkImageFilter.cpp:218:40
    #20 0xe21733 in SkBitmapDevice::drawSpecial(SkSpecialImage*, int, int, SkPaint const&, SkImage*, SkMatrix const&) /src/skia/out/Fuzz/../../src/core/SkBitmapDevice.cpp:424:33
    #21 0x715c50 in SkCanvas::onDrawBitmap(SkBitmap const&, float, float, SkPaint const*) /src/skia/out/Fuzz/../../src/core/SkCanvas.cpp:2302:27

DEDUP_TOKEN: clip_color--color_k--sk_color
  Uninitialized value was stored to memory at
    #0 0x5af88d in __msan_memcpy.part.49 /src/llvm/projects/compiler-rt/lib/msan/msan_interceptors.cc:1520
    #1 0xe58c6f in SkSpriteBlitter_Memcpy::blitRect(int, int, int, int) /src/skia/out/Fuzz/../../src/core/SkBlitter_Sprite.cpp:89:13
    #2 0x79c453 in SkDraw::drawSprite(SkBitmap const&, int, int, SkPaint const&) const /src/skia/out/Fuzz/../../src/core/SkDraw.cpp:1308:13
    #3 0xe20ad0 in SkBitmapDevice::drawDevice(SkBaseDevice*, int, int, SkPaint const&) /src/skia/out/Fuzz/../../src/core/SkBitmapDevice.cpp:379:18
    #4 0x6f8ef2 in SkCanvas::internalDrawDevice(SkBaseDevice*, int, int, SkPaint const*, SkImage*, SkMatrix const&) /src/skia/out/Fuzz/../../src/core/SkCanvas.cpp:1318:21
    #5 0x6efeb5 in SkCanvas::internalRestore() /src/skia/out/Fuzz/../../src/core/SkCanvas.cpp:1202:19
    #6 0x6f2bd7 in SkCanvas::restore() /src/skia/out/Fuzz/../../src/core/SkCanvas.cpp:916:19
    #7 0x8f7cf7 in SkRecordDraw(SkRecord const&, SkCanvas*, SkPicture const* const*, SkDrawable* const*, int, SkBBoxHierarchy const*, SkPicture::AbortCallback*) /src/skia/out/Fuzz/../../src/core/SkRecordDraw.cpp:52:20
    #8 0xe144fa in SkBigPicture::playback(SkCanvas*, SkPicture::AbortCallback*) const /src/skia/out/Fuzz/../../src/core/SkBigPicture.cpp:33:5
    #9 0x722dd5 in SkCanvas::onDrawPicture(SkPicture const*, SkMatrix const*, SkPaint const*) /src/skia/out/Fuzz/../../src/core/SkCanvas.cpp:2829:14
    #10 0x72261b in SkCanvas::drawPicture(SkPicture const*, SkMatrix const*, SkPaint const*) /src/skia/out/Fuzz/../../src/core/SkCanvas.cpp:2809:15
    #11 0x8f7cf7 in SkRecordDraw(SkRecord const&, SkCanvas*, SkPicture const* const*, SkDrawable* const*, int, SkBBoxHierarchy const*, SkPicture::AbortCallback*) /src/skia/out/Fuzz/../../src/core/SkRecordDraw.cpp:52:20
    #12 0xe144fa in SkBigPicture::playback(SkCanvas*, SkPicture::AbortCallback*) const /src/skia/out/Fuzz/../../src/core/SkBigPicture.cpp:33:5
    #13 0x722dd5 in SkCanvas::onDrawPicture(SkPicture const*, SkMatrix const*, SkPaint const*) /src/skia/out/Fuzz/../../src/core/SkCanvas.cpp:2829:14
    #14 0x72261b in SkCanvas::drawPicture(SkPicture const*, SkMatrix const*, SkPaint const*) /src/skia/out/Fuzz/../../src/core/SkCanvas.cpp:2809:15
    #15 0x108ac35 in SkPictureImageFilter::onFilterImage(SkSpecialImage*, SkImageFilter::Context const&, SkIPoint*) const /src/skia/out/Fuzz/../../src/effects/SkPictureImageFilter.cpp:118:13
    #16 0x7d6efe in SkImageFilter::filterImage(SkSpecialImage*, SkImageFilter::Context const&, SkIPoint*) const /src/skia/out/Fuzz/../../src/core/SkImageFilter.cpp:218:40
    #17 0xe21733 in SkBitmapDevice::drawSpecial(SkSpecialImage*, int, int, SkPaint const&, SkImage*, SkMatrix const&) /src/skia/out/Fuzz/../../src/core/SkBitmapDevice.cpp:424:33
    #18 0x715c50 in SkCanvas::onDrawBitmap(SkBitmap const&, float, float, SkPaint const*) /src/skia/out/Fuzz/../../src/core/SkCanvas.cpp:2302:27
    #19 0x709c88 in SkCanvas::drawBitmap(SkBitmap const&, float, float, SkPaint const*) /src/skia/out/Fuzz/../../src/core/SkCanvas.cpp:1835:11

DEDUP_TOKEN: __msan_memcpy.part.49--SkSpriteBlitter_Memcpy::blitRect(int, int, int, int)--SkDraw::drawSprite(SkBitmap const&, int, int, SkPaint const&) const
  Uninitialized value was created by a heap allocation
    #0 0x5afb60 in __interceptor_malloc /src/llvm/projects/compiler-rt/lib/msan/msan_interceptors.cc:939
    #1 0xade7e9 in sk_malloc_flags(unsigned long, unsigned int) /src/skia/out/Fuzz/../../src/ports/SkMemory_malloc.cpp:72:13
    #2 0x7e859e in sk_malloc_canfail(unsigned long) /src/skia/out/Fuzz/../../include/private/SkMalloc.h:89:12
    #3 0x7e8e5d in SkMallocPixelRef::MakeUsing(void* (*)(unsigned long), SkImageInfo const&, unsigned long) /src/skia/out/Fuzz/../../src/core/SkMallocPixelRef.cpp:81:18
    #4 0x7e91c8 in SkMallocPixelRef::MakeAllocate(SkImageInfo const&, unsigned long) /src/skia/out/Fuzz/../../src/core/SkMallocPixelRef.cpp:91:12
    #5 0x6e04cb in SkBitmap::tryAllocPixels(SkImageInfo const&, unsigned long) /src/skia/out/Fuzz/../../src/core/SkBitmap.cpp:234:28
    #6 0xe1caa7 in SkBitmapDevice::Create(SkImageInfo const&, SkSurfaceProps const&, SkRasterHandleAllocator*) /src/skia/out/Fuzz/../../src/core/SkBitmapDevice.cpp:113:21
    #7 0xe1d6c9 in SkBitmapDevice::onCreateDevice(SkBaseDevice::CreateInfo const&, SkPaint const*) /src/skia/out/Fuzz/../../src/core/SkBitmapDevice.cpp:136:12
    #8 0x6f5bb8 in SkCanvas::internalSaveLayer(SkCanvas::SaveLayerRec const&, SkCanvas::SaveLayerStrategy) /src/skia/out/Fuzz/../../src/core/SkCanvas.cpp:1137:38
    #9 0x6f45b8 in SkCanvas::saveLayer(SkCanvas::SaveLayerRec const&) /src/skia/out/Fuzz/../../src/core/SkCanvas.cpp:1010:11
    #10 0x8f8def in void SkRecords::Draw::draw<SkRecords::SaveLayer>(SkRecords::SaveLayer const&) /src/skia/out/Fuzz/../../src/core/SkRecordDraw.cpp:79:1
    #11 0x8f7cf7 in SkRecordDraw(SkRecord const&, SkCanvas*, SkPicture const* const*, SkDrawable* const*, int, SkBBoxHierarchy const*, SkPicture::AbortCallback*) /src/skia/out/Fuzz/../../src/core/SkRecordDraw.cpp:52:20
    #12 0xe144fa in SkBigPicture::playback(SkCanvas*, SkPicture::AbortCallback*) const /src/skia/out/Fuzz/../../src/core/SkBigPicture.cpp:33:5
    #13 0x722dd5 in SkCanvas::onDrawPicture(SkPicture const*, SkMatrix const*, SkPaint const*) /src/skia/out/Fuzz/../../src/core/SkCanvas.cpp:2829:14
    #14 0x72261b in SkCanvas::drawPicture(SkPicture const*, SkMatrix const*, SkPaint const*) /src/skia/out/Fuzz/../../src/core/SkCanvas.cpp:2809:15
    #15 0x8f7cf7 in SkRecordDraw(SkRecord const&, SkCanvas*, SkPicture const* const*, SkDrawable* const*, int, SkBBoxHierarchy const*, SkPicture::AbortCallback*) /src/skia/out/Fuzz/../../src/core/SkRecordDraw.cpp:52:20
    #16 0xe144fa in SkBigPicture::playback(SkCanvas*, SkPicture::AbortCallback*) const /src/skia/out/Fuzz/../../src/core/SkBigPicture.cpp:33:5
    #17 0x722dd5 in SkCanvas::onDrawPicture(SkPicture const*, SkMatrix const*, SkPaint const*) /src/skia/out/Fuzz/../../src/core/SkCanvas.cpp:2829:14
    #18 0x72261b in SkCanvas::drawPicture(SkPicture const*, SkMatrix const*, SkPaint const*) /src/skia/out/Fuzz/../../src/core/SkCanvas.cpp:2809:15
    #19 0x108ac35 in SkPictureImageFilter::onFilterImage(SkSpecialImage*, SkImageFilter::Context const&, SkIPoint*) const /src/skia/out/Fuzz/../../src/effects/SkPictureImageFilter.cpp:118:13

DEDUP_TOKEN: __interceptor_malloc--sk_malloc_flags(unsigned long, unsigned int)--sk_malloc_canfail(unsigned long)
SUMMARY: MemorySanitizer: use-of-uninitialized-value /src/skia/out/Fuzz/../../src/jumper/SkJumper_stages.cpp:1104:60 in clip_color(float __vector(4)*, float __vector(4)*, float __vector(4)*, float __vector(4))::{lambda(float __vector(4))#1}::operator()(float __vector(4)) const
Unique heap origins: 335
Stack depot allocated bytes: 54320
Unique origin histories: 53
History depot allocated bytes: 1272
Exiting
