INFO: Running with entropic power schedule (0xFF, 100).
INFO: Seed: 2193361518
INFO: Loaded 1 modules   (23460 inline 8-bit counters): 23460 [0xb31968, 0xb3750c), 
INFO: Loaded 1 PC tables (23460 PCs): 23460 [0xa6a0c0,0xac5b00), 
/out/hevc_enc_fuzzer: Running 1 inputs 1 time(s) each.
Running: /tmp/poc
==13==WARNING: MemorySanitizer: use-of-uninitialized-value
    #0 0x7bf03c in complexity_RC_reset_marking /src/libhevc/encoder/ihevce_frame_process.c:332:45
    #1 0x7e8088 in ihevce_pre_enc_process_frame_thrd /src/libhevc/encoder/ihevce_frame_process.c:6266:25
    #2 0x544235 in osal_func /src/libhevc/encoder/osal_thread.c:253:30
    #3 0x772103e48608 in start_thread (/lib/x86_64-linux-gnu/libpthread.so.0+0x8608) (BuildId: c6d0d79d906d62bb768421fc6dada0d5e729f177)
    #4 0x772103d42352 in __clone (/lib/x86_64-linux-gnu/libc.so.6+0x11f352) (BuildId: 87b331c034a6458c64ce09c03939e947212e18ce)

DEDUP_TOKEN: complexity_RC_reset_marking--ihevce_pre_enc_process_frame_thrd--osal_func
  Uninitialized value was created by a heap allocation
    #0 0x4dbe95 in posix_memalign /src/llvm-project/compiler-rt/lib/msan/msan_interceptors.cpp:159:3
    #1 0x536776 in mem_mngr_alloc /src/libhevc/encoder/ihevce_plugin.c
    #2 0x592dae in ihevce_mem_manager_que_init /src/libhevc/encoder/ihevce_memory_init.c:2760:9
    #3 0x564d8b in ihevce_create_ports /src/libhevc/encoder/ihevce_hle_interface.c:654:9
    #4 0x53c04b in ihevce_init /src/libhevc/encoder/ihevce_plugin.c:1137:26
    #5 0x534dcd in Codec::initEncoder(unsigned char const*) /src/libhevc/fuzzer/hevc_enc_fuzzer.cpp:143:23
    #6 0x5363b4 in LLVMFuzzerTestOneInput /src/libhevc/fuzzer/hevc_enc_fuzzer.cpp:215:16
    #7 0x43dcc3 in fuzzer::Fuzzer::ExecuteCallback(unsigned char const*, unsigned long) /src/llvm-project/compiler-rt/lib/fuzzer/FuzzerLoop.cpp:611:15
    #8 0x429422 in fuzzer::RunOneTest(fuzzer::Fuzzer*, char const*, unsigned long) /src/llvm-project/compiler-rt/lib/fuzzer/FuzzerDriver.cpp:324:6
    #9 0x42eccc in fuzzer::FuzzerDriver(int*, char***, int (*)(unsigned char const*, unsigned long)) /src/llvm-project/compiler-rt/lib/fuzzer/FuzzerDriver.cpp:860:9
    #10 0x458202 in main /src/llvm-project/compiler-rt/lib/fuzzer/FuzzerMain.cpp:20:10
    #11 0x772103c47082 in __libc_start_main (/lib/x86_64-linux-gnu/libc.so.6+0x24082) (BuildId: 87b331c034a6458c64ce09c03939e947212e18ce)

DEDUP_TOKEN: posix_memalign--mem_mngr_alloc--ihevce_mem_manager_que_init
SUMMARY: MemorySanitizer: use-of-uninitialized-value /src/libhevc/encoder/ihevce_frame_process.c:332:45 in complexity_RC_reset_marking
Unique heap origins: 93
Stack depot allocated bytes: 9764880
Unique origin histories: 15
History depot allocated bytes: 196608
Exiting
