Running LLVMFuzzerInitialize ...
continue...
=================================================================
==13==ERROR: AddressSanitizer: heap-use-after-free on address 0x606000004a1c at pc 0x0000008897cf bp 0x7ffc166cba10 sp 0x7ffc166cba08
READ of size 4 at 0x606000004a1c thread T0
SCARINESS: 45 (4-byte-read-heap-use-after-free)
    #0 0x8897ce in msyy_load_buffer_state /home/bjorn/code/MapServer/maplexer.c:5025:47
    #1 0x8897ce in msyy_switch_to_buffer /home/bjorn/code/MapServer/maplexer.c:5013:2
    #2 0x88e004 in msyycleanup_includes /src/MapServer/build/maplexer.l:746:5
    #3 0x59f168 in msLoadMap /src/MapServer/mapfile.c:6331:7
    #4 0x51d505 in LLVMFuzzerTestOneInput /src/MapServer/build/../fuzzers/mapfuzzer.c:49:13
    #5 0x51d3ca in ExecuteFilesOnyByOne /src/aflplusplus/utils/aflpp_driver/aflpp_driver.c:234:7
    #6 0x51d19c in main /src/aflplusplus/utils/aflpp_driver/aflpp_driver.c:318:12
    #7 0x7d6e8a0a8082 in __libc_start_main (/lib/x86_64-linux-gnu/libc.so.6+0x24082) (BuildId: 87b331c034a6458c64ce09c03939e947212e18ce)
    #8 0x45e54d in _start (/out/mapfuzzer+0x45e54d)

DEDUP_TOKEN: msyy_load_buffer_state--msyy_switch_to_buffer--msyycleanup_includes
0x606000004a1c is located 28 bytes inside of 64-byte region [0x606000004a00,0x606000004a40)
freed by thread T0 here:
    #0 0x4df6e2 in free /src/llvm-project/compiler-rt/lib/asan/asan_malloc_linux.cpp:52:3
    #1 0x88dfb9 in msyyfree /home/bjorn/code/MapServer/maplexer.c:5521:4
    #2 0x88dfb9 in msyy_delete_buffer /home/bjorn/code/MapServer/maplexer.c:5077:2
    #3 0x88dfb9 in msyycleanup_includes /src/MapServer/build/maplexer.l:745:5
    #4 0x59f168 in msLoadMap /src/MapServer/mapfile.c:6331:7
    #5 0x51d505 in LLVMFuzzerTestOneInput /src/MapServer/build/../fuzzers/mapfuzzer.c:49:13
    #6 0x51d3ca in ExecuteFilesOnyByOne /src/aflplusplus/utils/aflpp_driver/aflpp_driver.c:234:7

DEDUP_TOKEN: free--msyyfree--msyy_delete_buffer
previously allocated by thread T0 here:
    #0 0x4df986 in malloc /src/llvm-project/compiler-rt/lib/asan/asan_malloc_linux.cpp:69:3
    #1 0x888a7c in msyyalloc /home/bjorn/code/MapServer/maplexer.c:5503:11
    #2 0x888a7c in msyy_create_buffer /home/bjorn/code/MapServer/maplexer.c:5041:24
    #3 0x874a53 in msyylex /home/bjorn/code/MapServer/maplexer.c:2465:5
    #4 0x59ed46 in msLoadMap /src/MapServer/mapfile.c:6304:3
    #5 0x51d505 in LLVMFuzzerTestOneInput /src/MapServer/build/../fuzzers/mapfuzzer.c:49:13
    #6 0x51d3ca in ExecuteFilesOnyByOne /src/aflplusplus/utils/aflpp_driver/aflpp_driver.c:234:7

DEDUP_TOKEN: malloc--msyyalloc--msyy_create_buffer
SUMMARY: AddressSanitizer: heap-use-after-free /home/bjorn/code/MapServer/maplexer.c:5025:47 in msyy_load_buffer_state
Shadow bytes around the buggy address:
  0x0c0c7fff88f0: fd fd fd fd fa fa fa fa fd fd fd fd fd fd fd fa
  0x0c0c7fff8900: fa fa fa fa fd fd fd fd fd fd fd fd fa fa fa fa
  0x0c0c7fff8910: fd fd fd fd fd fd fd fa fa fa fa fa fd fd fd fd
  0x0c0c7fff8920: fd fd fd fa fa fa fa fa fd fd fd fd fd fd fd fd
  0x0c0c7fff8930: fa fa fa fa fd fd fd fd fd fd fd fa fa fa fa fa
=>0x0c0c7fff8940: fd fd fd[fd]fd fd fd fd fa fa fa fa fa fa fa fa
  0x0c0c7fff8950: fa fa fa fa fa fa fa fa fa fa fa fa fa fa fa fa
  0x0c0c7fff8960: fa fa fa fa fa fa fa fa fa fa fa fa fa fa fa fa
  0x0c0c7fff8970: fa fa fa fa fa fa fa fa fa fa fa fa fa fa fa fa
  0x0c0c7fff8980: fa fa fa fa fa fa fa fa fa fa fa fa fa fa fa fa
  0x0c0c7fff8990: fa fa fa fa fa fa fa fa fa fa fa fa fa fa fa fa
Shadow byte legend (one shadow byte represents 8 application bytes):
  Addressable:           00
  Partially addressable: 01 02 03 04 05 06 07 
  Heap left redzone:       fa
  Freed heap region:       fd
  Stack left redzone:      f1
  Stack mid redzone:       f2
  Stack right redzone:     f3
  Stack after return:      f5
  Stack use after scope:   f8
  Global redzone:          f9
  Global init order:       f6
  Poisoned by user:        f7
  Container overflow:      fc
  Array cookie:            ac
  Intra object redzone:    bb
  ASan internal:           fe
  Left alloca redzone:     ca
  Right alloca redzone:    cb
==13==ABORTING
