INFO: Running with entropic power schedule (0xFF, 100).
INFO: Seed: 2296407492
INFO: Loaded 1 modules   (30524 inline 8-bit counters): 30524 [0x939070, 0x9407ac), 
INFO: Loaded 1 PC tables (30524 PCs): 30524 [0x9407b0,0x9b7b70), 
/out/njs_process_script_fuzzer: Running 1 inputs 1 time(s) each.
Running: /tmp/poc
AddressSanitizer:DEADLYSIGNAL
=================================================================
==13==ERROR: AddressSanitizer: SEGV on unknown address (pc 0x000000590380 bp 0x7ffca035aaf0 sp 0x7ffca035a6e0 T0)
==13==The signal is caused by a READ memory access.
==13==Hint: this fault was caused by a dereference of a high value address (see register values below).  Disassemble the provided pc to learn which register was used.
SCARINESS: 20 (wild-addr-read)
    #0 0x590380 in njs_scope_valid_value /src/njs/src/njs_scope.h:94:10
    #1 0x590380 in njs_vmcode_interpreter /src/njs/src/njs_vmcode.c:1188:9
    #2 0x587123 in njs_vm_start /src/njs/src/njs_vm.c:546:11
    #3 0x56f1c2 in njs_process_script /src/njs/src/njs_shell.c:933:19
    #4 0x56f1c2 in LLVMFuzzerTestOneInput /src/njs/src/njs_shell.c:719:16
    #5 0x4404a3 in fuzzer::Fuzzer::ExecuteCallback(unsigned char const*, unsigned long) /src/llvm-project/compiler-rt/lib/fuzzer/FuzzerLoop.cpp:611:15
    #6 0x42bc02 in fuzzer::RunOneTest(fuzzer::Fuzzer*, char const*, unsigned long) /src/llvm-project/compiler-rt/lib/fuzzer/FuzzerDriver.cpp:324:6
    #7 0x4314ac in fuzzer::FuzzerDriver(int*, char***, int (*)(unsigned char const*, unsigned long)) /src/llvm-project/compiler-rt/lib/fuzzer/FuzzerDriver.cpp:860:9
    #8 0x45a9e2 in main /src/llvm-project/compiler-rt/lib/fuzzer/FuzzerMain.cpp:20:10
    #9 0x7a9e48b6a082 in __libc_start_main (/lib/x86_64-linux-gnu/libc.so.6+0x24082) (BuildId: 87b331c034a6458c64ce09c03939e947212e18ce)
    #10 0x421dcd in _start (/out/njs_process_script_fuzzer+0x421dcd)

DEDUP_TOKEN: njs_scope_valid_value--njs_vmcode_interpreter--njs_vm_start
AddressSanitizer can not provide additional info.
SUMMARY: AddressSanitizer: SEGV /src/njs/src/njs_scope.h:94:10 in njs_scope_valid_value
==13==ABORTING
