INFO: Running with entropic power schedule (0xFF, 100).
INFO: Seed: 2281146310
INFO: Loaded 1 modules   (78807 inline 8-bit counters): 78807 [0x119c820, 0x11afbf7), 
INFO: Loaded 1 PC tables (78807 PCs): 78807 [0x11afbf8,0x12e3968), 
/out/h5_extended_fuzzer: Running 1 inputs 1 time(s) each.
Running: /tmp/poc
=================================================================
==13==ERROR: AddressSanitizer: heap-buffer-overflow on address 0x602000004078 at pc 0x00000052e4f1 bp 0x7ffefa6452a0 sp 0x7ffefa644a70
READ of size 1024 at 0x602000004078 thread T0
SCARINESS: 26 (multi-byte-read-heap-buffer-overflow)
    #0 0x52e4f0 in __asan_memcpy /src/llvm-project/compiler-rt/lib/asan/asan_interceptors_memintrinsics.cpp:22:3
    #1 0x845013 in H5MM_memcpy /src/hdf5/src/H5MM.c:311:11
    #2 0x859642 in H5O__cache_chk_serialize /src/hdf5/src/H5Ocache.c:875:5
    #3 0x600afd in H5C__generate_image /src/hdf5/src/H5C.c:9072:9
    #4 0x5e2859 in H5C__flush_single_entry /src/hdf5/src/H5C.c:6554:17
    #5 0x5e5cf3 in H5C__flush_ring /src/hdf5/src/H5C.c:6232:25
    #6 0x5e5cf3 in H5C_flush_cache /src/hdf5/src/H5C.c:1152:17
    #7 0x602324 in H5C__flush_marked_entries /src/hdf5/src/H5C.c:8033:9
    #8 0x629acd in H5C_flush_tagged_entries /src/hdf5/src/H5Ctag.c:739:9
    #9 0x5a1f12 in H5AC_flush_tagged_metadata /src/hdf5/src/H5AC.c:2390:9
    #10 0x7170eb in H5F_flush_tagged_metadata /src/hdf5/src/H5Fio.c:429:9
    #11 0x703fa6 in H5F_open /src/hdf5/src/H5Fint.c:2052:17
    #12 0xc7bd12 in H5VL__native_file_open /src/hdf5/src/H5VLnative_file.c:127:29
    #13 0xc47d52 in H5VL__file_open /src/hdf5/src/H5VLcallback.c:3674:30
    #14 0xc47d52 in H5VL_file_open /src/hdf5/src/H5VLcallback.c:3823:30
    #15 0x6e6b4e in H5F__open_api_common /src/hdf5/src/H5F.c:794:29
    #16 0x6e625b in H5Fopen /src/hdf5/src/H5F.c:835:22
    #17 0x56c701 in LLVMFuzzerTestOneInput /src/h5_extended_fuzzer.c:27:24
    #18 0x43dfd3 in fuzzer::Fuzzer::ExecuteCallback(unsigned char const*, unsigned long) /src/llvm-project/compiler-rt/lib/fuzzer/FuzzerLoop.cpp:611:15
    #19 0x429732 in fuzzer::RunOneTest(fuzzer::Fuzzer*, char const*, unsigned long) /src/llvm-project/compiler-rt/lib/fuzzer/FuzzerDriver.cpp:324:6
    #20 0x42efdc in fuzzer::FuzzerDriver(int*, char***, int (*)(unsigned char const*, unsigned long)) /src/llvm-project/compiler-rt/lib/fuzzer/FuzzerDriver.cpp:860:9
    #21 0x458512 in main /src/llvm-project/compiler-rt/lib/fuzzer/FuzzerMain.cpp:20:10
    #22 0x7f56b5e16082 in __libc_start_main (/lib/x86_64-linux-gnu/libc.so.6+0x24082) (BuildId: 87b331c034a6458c64ce09c03939e947212e18ce)
    #23 0x41f8fd in _start (/out/h5_extended_fuzzer+0x41f8fd)

DEDUP_TOKEN: __asan_memcpy--H5MM_memcpy--H5O__cache_chk_serialize
0x602000004078 is located 0 bytes to the right of 8-byte region [0x602000004070,0x602000004078)
allocated by thread T0 here:
    #0 0x52f166 in __interceptor_malloc /src/llvm-project/compiler-rt/lib/asan/asan_malloc_linux.cpp:69:3
    #1 0x75e6fb in H5FL__malloc /src/hdf5/src/H5FL.c:237:30
    #2 0x75e6fb in H5FL_blk_malloc /src/hdf5/src/H5FL.c:888:40
    #3 0x85be35 in H5O__chunk_deserialize /src/hdf5/src/H5Ocache.c:1321:45
    #4 0x859025 in H5O__cache_chk_deserialize /src/hdf5/src/H5Ocache.c:765:13
    #5 0x5f1b2e in H5C__load_entry /src/hdf5/src/H5C.c:7298:26
    #6 0x5f1b2e in H5C_protect /src/hdf5/src/H5C.c:2330:30
    #7 0x59fa27 in H5AC_protect /src/hdf5/src/H5AC.c:1394:26
    #8 0x8917f2 in H5O_protect /src/hdf5/src/H5Oint.c:1084:59
    #9 0x8ad518 in H5O_msg_exists /src/hdf5/src/H5Omessage.c:843:23
    #10 0x71ff31 in H5F__super_read /src/hdf5/src/H5Fsuper.c:711:23
    #11 0x702e48 in H5F_open /src/hdf5/src/H5Fint.c:1964:13
    #12 0xc7bd12 in H5VL__native_file_open /src/hdf5/src/H5VLnative_file.c:127:29
    #13 0xc47d52 in H5VL__file_open /src/hdf5/src/H5VLcallback.c:3674:30
    #14 0xc47d52 in H5VL_file_open /src/hdf5/src/H5VLcallback.c:3823:30
    #15 0x6e6b4e in H5F__open_api_common /src/hdf5/src/H5F.c:794:29
    #16 0x6e625b in H5Fopen /src/hdf5/src/H5F.c:835:22
    #17 0x56c701 in LLVMFuzzerTestOneInput /src/h5_extended_fuzzer.c:27:24
    #18 0x43dfd3 in fuzzer::Fuzzer::ExecuteCallback(unsigned char const*, unsigned long) /src/llvm-project/compiler-rt/lib/fuzzer/FuzzerLoop.cpp:611:15
    #19 0x429732 in fuzzer::RunOneTest(fuzzer::Fuzzer*, char const*, unsigned long) /src/llvm-project/compiler-rt/lib/fuzzer/FuzzerDriver.cpp:324:6
    #20 0x42efdc in fuzzer::FuzzerDriver(int*, char***, int (*)(unsigned char const*, unsigned long)) /src/llvm-project/compiler-rt/lib/fuzzer/FuzzerDriver.cpp:860:9
    #21 0x458512 in main /src/llvm-project/compiler-rt/lib/fuzzer/FuzzerMain.cpp:20:10
    #22 0x7f56b5e16082 in __libc_start_main (/lib/x86_64-linux-gnu/libc.so.6+0x24082) (BuildId: 87b331c034a6458c64ce09c03939e947212e18ce)

DEDUP_TOKEN: __interceptor_malloc--H5FL__malloc--H5FL_blk_malloc
SUMMARY: AddressSanitizer: heap-buffer-overflow /src/llvm-project/compiler-rt/lib/asan/asan_interceptors_memintrinsics.cpp:22:3 in __asan_memcpy
Shadow bytes around the buggy address:
  0x0c047fff87b0: fa fa 00 fa fa fa 01 fa fa fa 00 fa fa fa 01 fa
  0x0c047fff87c0: fa fa 00 fa fa fa 00 fa fa fa 00 fa fa fa 00 fa
  0x0c047fff87d0: fa fa 00 fa fa fa 00 fa fa fa 00 fa fa fa 00 fa
  0x0c047fff87e0: fa fa 00 fa fa fa 00 fa fa fa 00 fa fa fa 00 fa
  0x0c047fff87f0: fa fa 00 fa fa fa 00 fa fa fa 00 fa fa fa 00 fa
=>0x0c047fff8800: fa fa 00 fa fa fa 00 fa fa fa fd fa fa fa 00[fa]
  0x0c047fff8810: fa fa 04 fa fa fa 00 00 fa fa 00 fa fa fa 00 00
  0x0c047fff8820: fa fa 00 00 fa fa 00 00 fa fa 00 00 fa fa 00 00
  0x0c047fff8830: fa fa 00 00 fa fa 00 fa fa fa 00 00 fa fa 00 00
  0x0c047fff8840: fa fa 00 00 fa fa fa fa fa fa fa fa fa fa fa fa
  0x0c047fff8850: fa fa fa fa fa fa fa fa fa fa fa fa fa fa fa fa
Shadow byte legend (one shadow byte represents 8 application bytes):
  Addressable:           00
  Partially addressable: 01 02 03 04 05 06 07 
  Heap left redzone:       fa
  Freed heap region:       fd
  Stack left redzone:      f1
  Stack mid redzone:       f2
  Stack right redzone:     f3
  Stack after return:      f5
  Stack use after scope:   f8
  Global redzone:          f9
  Global init order:       f6
  Poisoned by user:        f7
  Container overflow:      fc
  Array cookie:            ac
  Intra object redzone:    bb
  ASan internal:           fe
  Left alloca redzone:     ca
  Right alloca redzone:    cb
==13==ABORTING
