INFO: Running with entropic power schedule (0xFF, 100).
INFO: Seed: 2218963932
INFO: Loaded 1 modules   (47459 inline 8-bit counters): 47459 [0x8732ce0, 0x873e643), 
INFO: Loaded 1 PC tables (47459 PCs): 47459 [0x873e644,0x879b15c), 
/out/hb-shape-fuzzer: Running 1 inputs 1 time(s) each.
Running: /tmp/poc
AddressSanitizer:DEADLYSIGNAL
=================================================================
==13==ERROR: AddressSanitizer: SEGV on unknown address 0x086697a4 (pc 0x0836e15e bp 0xffe03848 sp 0xffe03800 T0)
==13==The signal is caused by a WRITE memory access.
SCARINESS: 30 (wild-addr-write)
    #0 0x836e15e in set_relaxed /work/build/../../src/harfbuzz/src/hb-atomic.hh:172:33
    #1 0x836e15e in operator= /work/build/../../src/harfbuzz/src/hb-atomic.hh:169:46
    #2 0x836e15e in set /work/build/../../src/harfbuzz/src/OT/Layout/GDEF/../../../hb-cache.hh:92:15
    #3 0x836e15e in get_glyph_props /work/build/../../src/harfbuzz/src/OT/Layout/GDEF/GDEF.hh:873:20
    #4 0x836e15e in _hb_ot_layout_set_glyph_props /work/build/../../src/harfbuzz/src/hb-ot-layout.cc:265:52
    #5 0x836e15e in hb_ot_layout_substitute_start(hb_font_t*, hb_buffer_t*) /work/build/../../src/harfbuzz/src/hb-ot-layout.cc:1516:3
    #6 0x84ecae0 in hb_ot_substitute_plan /work/build/../../src/harfbuzz/src/hb-ot-shape.cc:907:3
    #7 0x84ecae0 in hb_ot_substitute_pre /work/build/../../src/harfbuzz/src/hb-ot-shape.cc:928:3
    #8 0x84ecae0 in hb_ot_shape_internal /work/build/../../src/harfbuzz/src/hb-ot-shape.cc:1184:3
    #9 0x84ecae0 in _hb_ot_shape /work/build/../../src/harfbuzz/src/hb-ot-shape.cc:1206:3
    #10 0x85023ad in _hb_shape_plan_execute_internal /work/build/../../src/harfbuzz/src/hb-shaper-list.hh:42:1
    #11 0x85023ad in hb_shape_plan_execute /work/build/../../src/harfbuzz/src/hb-shape-plan.cc:452:14
    #12 0x85038fa in hb_shape_full /work/build/../../src/harfbuzz/src/hb-shape.cc:148:19
    #13 0x8503bd2 in hb_shape /work/build/../../src/harfbuzz/src/hb-shape.cc:195:3
    #14 0x81ccd29 in LLVMFuzzerTestOneInput /work/build/../../src/harfbuzz/test/fuzzing/hb-shape-fuzzer.cc:39:5
    #15 0x808d93e in fuzzer::Fuzzer::ExecuteCallback(unsigned char const*, unsigned int) /src/llvm-project/compiler-rt/lib/fuzzer/FuzzerLoop.cpp:611:15
    #16 0x808e4e8 in fuzzer::Fuzzer::TryDetectingAMemoryLeak(unsigned char const*, unsigned int, bool) /src/llvm-project/compiler-rt/lib/fuzzer/FuzzerLoop.cpp:687:3
    #17 0x80788e8 in fuzzer::RunOneTest(fuzzer::Fuzzer*, char const*, unsigned int) /src/llvm-project/compiler-rt/lib/fuzzer/FuzzerDriver.cpp:329:8
    #18 0x807e4a0 in fuzzer::FuzzerDriver(int*, char***, int (*)(unsigned char const*, unsigned int)) /src/llvm-project/compiler-rt/lib/fuzzer/FuzzerDriver.cpp:860:9
    #19 0x80a8087 in main /src/llvm-project/compiler-rt/lib/fuzzer/FuzzerMain.cpp:20:10
    #20 0xf78fced4 in __libc_start_main (/lib32/libc.so.6+0x1aed4) (BuildId: d56935956a210bf85f6592f3178b979ad4f7b35f)
    #21 0x806f9e5 in _start (/out/hb-shape-fuzzer+0x806f9e5)

DEDUP_TOKEN: set_relaxed--operator=--set
AddressSanitizer can not provide additional info.
SUMMARY: AddressSanitizer: SEGV /work/build/../../src/harfbuzz/src/hb-atomic.hh:172:33 in set_relaxed
==13==ABORTING
