INFO: Running with entropic power schedule (0xFF, 100).
INFO: Seed: 2183753183
INFO: Loaded 1 modules   (242567 inline 8-bit counters): 242567 [0x2078f70, 0x20b42f7), 
INFO: Loaded 1 PC tables (242567 PCs): 242567 [0x20b42f8,0x2467b68), 
/out/assimp_fuzzer: Running 1 inputs 1 time(s) each.
Running: /tmp/poc
Info,  T0: Load $$$___magic___$$$.
Info,  T0: File extension not known, trying signature-based detection
Info,  T0: Found a matching importer for this file format: Autodesk FBX Importer.
Info,  T0: Import root directory is './'
=================================================================
==13==ERROR: AddressSanitizer: attempting free on address which was not malloc()-ed: 0x62d000000520 in thread T0
SCARINESS: 40 (bad-free)
    #0 0x57578d in operator delete(void*) /src/llvm-project/compiler-rt/lib/asan/asan_new_delete.cpp:152:3
    #1 0x10adbac in Assimp::FBX::Scope::Scope(Assimp::FBX::Parser&, bool) /src/assimp/code/AssetLib/FBX/FBXParser.cpp:214:13
    #2 0x10ac2f2 in Assimp::FBX::Element::Element(Assimp::FBX::Token const&, Assimp::FBX::Parser&) /src/assimp/code/AssetLib/FBX/FBXParser.cpp:152:24
    #3 0x10ad805 in Assimp::FBX::Scope::Scope(Assimp::FBX::Parser&, bool) /src/assimp/code/AssetLib/FBX/FBXParser.cpp:205:25
    #4 0x10aeb72 in Assimp::FBX::Parser::Parser(std::__1::vector<Assimp::FBX::Token const*, std::__1::allocator<Assimp::FBX::Token const*> > const&, Assimp::StackAllocator&, bool) /src/assimp/code/AssetLib/FBX/FBXParser.cpp:237:12
    #5 0x10aa282 in Assimp::FBXImporter::InternReadFile(std::__1::basic_string<char, std::__1::char_traits<char>, std::__1::allocator<char> > const&, aiScene*, Assimp::IOSystem*) /src/assimp/code/AssetLib/FBX/FBXImporter.cpp:167:16
    #6 0x18ae41e in Assimp::BaseImporter::ReadFile(Assimp::Importer*, std::__1::basic_string<char, std::__1::char_traits<char>, std::__1::allocator<char> > const&, Assimp::IOSystem*) /src/assimp/code/Common/BaseImporter.cpp:110:9
    #7 0x5c8ec6 in Assimp::Importer::ReadFile(char const*, unsigned int) /src/assimp/code/Common/Importer.cpp:723:30
    #8 0x5c611f in Assimp::Importer::ReadFileFromMemory(void const*, unsigned long, unsigned int, char const*) /src/assimp/code/Common/Importer.cpp:507:9
    #9 0x577662 in LLVMFuzzerTestOneInput /src/assimp/fuzz/assimp_fuzzer.cc:54:34
    #10 0x448f53 in fuzzer::Fuzzer::ExecuteCallback(unsigned char const*, unsigned long) /src/llvm-project/compiler-rt/lib/fuzzer/FuzzerLoop.cpp:611:15
    #11 0x4346b2 in fuzzer::RunOneTest(fuzzer::Fuzzer*, char const*, unsigned long) /src/llvm-project/compiler-rt/lib/fuzzer/FuzzerDriver.cpp:324:6
    #12 0x439f5c in fuzzer::FuzzerDriver(int*, char***, int (*)(unsigned char const*, unsigned long)) /src/llvm-project/compiler-rt/lib/fuzzer/FuzzerDriver.cpp:860:9
    #13 0x463492 in main /src/llvm-project/compiler-rt/lib/fuzzer/FuzzerMain.cpp:20:10
    #14 0x710f711d6082 in __libc_start_main (/lib/x86_64-linux-gnu/libc.so.6+0x24082) (BuildId: 87b331c034a6458c64ce09c03939e947212e18ce)
    #15 0x42a87d in _start (/out/assimp_fuzzer+0x42a87d)

DEDUP_TOKEN: operator delete(void*)--Assimp::FBX::Scope::Scope(Assimp::FBX::Parser&, bool)--Assimp::FBX::Element::Element(Assimp::FBX::Token const&, Assimp::FBX::Parser&)
0x62d000000520 is located 288 bytes inside of 32768-byte region [0x62d000000400,0x62d000008400)
allocated by thread T0 here:
    #0 0x57503d in operator new[](unsigned long) /src/llvm-project/compiler-rt/lib/asan/asan_new_delete.cpp:98:3
    #1 0x10c81d8 in Allocate /src/assimp/code/Common/StackAllocator.inl:60:25
    #2 0x10c81d8 in Assimp::FBX::(anonymous namespace)::ProcessDataToken(std::__1::vector<Assimp::FBX::Token const*, std::__1::allocator<Assimp::FBX::Token const*> >&, Assimp::StackAllocator&, char const*&, char const*&, unsigned int, unsigned int, Assimp::FBX::TokenType, bool) /src/assimp/code/AssetLib/FBX/FBXTokenizer.cpp:123:33
    #3 0x10c6803 in Assimp::FBX::Tokenize(std::__1::vector<Assimp::FBX::Token const*, std::__1::allocator<Assimp::FBX::Token const*> >&, char const*, Assimp::StackAllocator&) /src/assimp/code/AssetLib/FBX/FBXTokenizer.cpp:207:17
    #4 0x10aa207 in Assimp::FBXImporter::InternReadFile(std::__1::basic_string<char, std::__1::char_traits<char>, std::__1::allocator<char> > const&, aiScene*, Assimp::IOSystem*) /src/assimp/code/AssetLib/FBX/FBXImporter.cpp:162:13
    #5 0x18ae41e in Assimp::BaseImporter::ReadFile(Assimp::Importer*, std::__1::basic_string<char, std::__1::char_traits<char>, std::__1::allocator<char> > const&, Assimp::IOSystem*) /src/assimp/code/Common/BaseImporter.cpp:110:9
    #6 0x5c8ec6 in Assimp::Importer::ReadFile(char const*, unsigned int) /src/assimp/code/Common/Importer.cpp:723:30
    #7 0x5c611f in Assimp::Importer::ReadFileFromMemory(void const*, unsigned long, unsigned int, char const*) /src/assimp/code/Common/Importer.cpp:507:9
    #8 0x577662 in LLVMFuzzerTestOneInput /src/assimp/fuzz/assimp_fuzzer.cc:54:34
    #9 0x448f53 in fuzzer::Fuzzer::ExecuteCallback(unsigned char const*, unsigned long) /src/llvm-project/compiler-rt/lib/fuzzer/FuzzerLoop.cpp:611:15
    #10 0x4346b2 in fuzzer::RunOneTest(fuzzer::Fuzzer*, char const*, unsigned long) /src/llvm-project/compiler-rt/lib/fuzzer/FuzzerDriver.cpp:324:6
    #11 0x439f5c in fuzzer::FuzzerDriver(int*, char***, int (*)(unsigned char const*, unsigned long)) /src/llvm-project/compiler-rt/lib/fuzzer/FuzzerDriver.cpp:860:9
    #12 0x463492 in main /src/llvm-project/compiler-rt/lib/fuzzer/FuzzerMain.cpp:20:10
    #13 0x710f711d6082 in __libc_start_main (/lib/x86_64-linux-gnu/libc.so.6+0x24082) (BuildId: 87b331c034a6458c64ce09c03939e947212e18ce)

DEDUP_TOKEN: operator new[](unsigned long)--Allocate--Assimp::FBX::(anonymous namespace)::ProcessDataToken(std::__1::vector<Assimp::FBX::Token const*, std::__1::allocator<Assimp::FBX::Token const*> >&, Assimp::StackAllocator&, char const*&, char const*&, unsigned int, unsigned int, Assimp::FBX::TokenType, bool)
SUMMARY: AddressSanitizer: bad-free /src/llvm-project/compiler-rt/lib/asan/asan_new_delete.cpp:152:3 in operator delete(void*)
==13==ABORTING
