INFO: Running with entropic power schedule (0xFF, 100).
INFO: Seed: 2319595974
INFO: Loaded 1 modules   (56126 inline 8-bit counters): 56126 [0x10f32f0, 0x1100e2e), 
INFO: Loaded 1 PC tables (56126 PCs): 56126 [0x1100e30,0x11dc210), 
/out/smiles_string_to_mol_fuzzer: Running 1 inputs 1 time(s) each.
Running: /tmp/poc
==13==WARNING: MemorySanitizer: use-of-uninitialized-value
    #0 0xc10e96 in RDKit::Canon::initCanonAtoms(RDKit::ROMol const&, std::__1::vector<RDKit::Canon::canon_atom, std::__1::allocator<RDKit::Canon::canon_atom> >&, bool) /src/rdkit/Code/GraphMol/new_canon.cpp:560:48
    #1 0xc24bae in RDKit::Canon::rankMolAtoms(RDKit::ROMol const&, std::__1::vector<unsigned int, std::__1::allocator<unsigned int> >&, bool, bool, bool) /src/rdkit/Code/GraphMol/new_canon.cpp:735:3
    #2 0x80e082 in RDKit::MolOps::cleanUpOrganometallics(RDKit::RWMol&) /src/rdkit/Code/GraphMol/MolOps.cpp:331:3
    #3 0x813575 in RDKit::MolOps::sanitizeMol(RDKit::RWMol&, unsigned int&, unsigned int) /src/rdkit/Code/GraphMol/MolOps.cpp:534:5
    #4 0x7fdec0 in RDKit::MolOps::sanitizeMol(RDKit::RWMol&) /src/rdkit/Code/GraphMol/MolOps.cpp:455:3
    #5 0xb23700 in RDKit::MolOps::removeHs(RDKit::RWMol&, RDKit::MolOps::RemoveHsParameters const&, bool) /src/rdkit/Code/GraphMol/AddHs.cpp:988:5
    #6 0xb25190 in RDKit::MolOps::removeHs(RDKit::RWMol&, bool, bool, bool) /src/rdkit/Code/GraphMol/AddHs.cpp:1006:3
    #7 0x5c62d0 in RDKit::SmilesToMol(std::__1::basic_string<char, std::__1::char_traits<char>, std::__1::allocator<char> > const&, RDKit::SmilesParserParams const&) /src/rdkit/Code/GraphMol/SmilesParse/SmilesParse.cpp:436:9
    #8 0x5ba43e in SmilesToMol /src/rdkit/Code/GraphMol/SmilesParse/SmilesParse.h:81:10
    #9 0x5ba43e in LLVMFuzzerTestOneInput /src/rdkit/Code/Fuzz/smiles_string_to_mol_fuzzer.cc:30:9
    #10 0x4c32e3 in fuzzer::Fuzzer::ExecuteCallback(unsigned char const*, unsigned long) /src/llvm-project/compiler-rt/lib/fuzzer/FuzzerLoop.cpp:611:15
    #11 0x4aea42 in fuzzer::RunOneTest(fuzzer::Fuzzer*, char const*, unsigned long) /src/llvm-project/compiler-rt/lib/fuzzer/FuzzerDriver.cpp:324:6
    #12 0x4b42ec in fuzzer::FuzzerDriver(int*, char***, int (*)(unsigned char const*, unsigned long)) /src/llvm-project/compiler-rt/lib/fuzzer/FuzzerDriver.cpp:860:9
    #13 0x4dd822 in main /src/llvm-project/compiler-rt/lib/fuzzer/FuzzerMain.cpp:20:10
    #14 0x7503732d1082 in __libc_start_main (/lib/x86_64-linux-gnu/libc.so.6+0x24082) (BuildId: 87b331c034a6458c64ce09c03939e947212e18ce)
    #15 0x4a4c0d in _start (/out/smiles_string_to_mol_fuzzer+0x4a4c0d)

DEDUP_TOKEN: RDKit::Canon::initCanonAtoms(RDKit::ROMol const&, std::__1::vector<RDKit::Canon::canon_atom, std::__1::allocator<RDKit::Canon::canon_atom> >&, bool)--RDKit::Canon::rankMolAtoms(RDKit::ROMol const&, std::__1::vector<unsigned int, std::__1::allocator<unsigned int> >&, bool, bool, bool)--RDKit::MolOps::cleanUpOrganometallics(RDKit::RWMol&)
  Uninitialized value was created by a heap deallocation
    #0 0x5b9269 in operator delete(void*) /src/llvm-project/compiler-rt/lib/msan/msan_new_delete.cpp:74:44
    #1 0x9295a6 in RDKit::RWMol::replaceAtom(unsigned int, RDKit::Atom*, bool, bool) /src/rdkit/Code/GraphMol/RWMol.cpp:145:3
    #2 0x987684 in RDKit::QueryOps::replaceAtomWithQueryAtom(RDKit::RWMol*, RDKit::Atom*) /src/rdkit/Code/GraphMol/QueryOps.cpp:1014:8
    #3 0x717593 in bool SmilesParseOps::parser::parse_substitution<std::__1::__wrap_iter<char const*> >(std::__1::__wrap_iter<char const*>&, std::__1::__wrap_iter<char const*>, RDKit::RWMol&, unsigned int) /src/rdkit/Code/GraphMol/SmilesParse/CXSmilesOps.cpp:1220:16
    #4 0x67aa64 in bool SmilesParseOps::parser::parse_it<std::__1::__wrap_iter<char const*> >(std::__1::__wrap_iter<char const*>&, std::__1::__wrap_iter<char const*>, RDKit::RWMol&, unsigned int, unsigned int) /src/rdkit/Code/GraphMol/SmilesParse/CXSmilesOps.cpp:1462:12
    #5 0x678967 in SmilesParseOps::parseCXExtensions(RDKit::RWMol&, std::__1::basic_string<char, std::__1::char_traits<char>, std::__1::allocator<char> > const&, std::__1::__wrap_iter<char const*>&, unsigned int, unsigned int) /src/rdkit/Code/GraphMol/SmilesParse/CXSmilesOps.cpp:1515:7
    #6 0x5c1c32 in handleCXPartAndName<RDKit::SmilesParserParams> /src/rdkit/Code/GraphMol/SmilesParse/SmilesParse.cpp:376:9
    #7 0x5c1c32 in RDKit::SmilesToMol(std::__1::basic_string<char, std::__1::char_traits<char>, std::__1::allocator<char> > const&, RDKit::SmilesParserParams const&) /src/rdkit/Code/GraphMol/SmilesParse/SmilesParse.cpp:415:3
    #8 0x5ba43e in SmilesToMol /src/rdkit/Code/GraphMol/SmilesParse/SmilesParse.h:81:10
    #9 0x5ba43e in LLVMFuzzerTestOneInput /src/rdkit/Code/Fuzz/smiles_string_to_mol_fuzzer.cc:30:9
    #10 0x4c32e3 in fuzzer::Fuzzer::ExecuteCallback(unsigned char const*, unsigned long) /src/llvm-project/compiler-rt/lib/fuzzer/FuzzerLoop.cpp:611:15
    #11 0x4aea42 in fuzzer::RunOneTest(fuzzer::Fuzzer*, char const*, unsigned long) /src/llvm-project/compiler-rt/lib/fuzzer/FuzzerDriver.cpp:324:6
    #12 0x4b42ec in fuzzer::FuzzerDriver(int*, char***, int (*)(unsigned char const*, unsigned long)) /src/llvm-project/compiler-rt/lib/fuzzer/FuzzerDriver.cpp:860:9
    #13 0x4dd822 in main /src/llvm-project/compiler-rt/lib/fuzzer/FuzzerMain.cpp:20:10
    #14 0x7503732d1082 in __libc_start_main (/lib/x86_64-linux-gnu/libc.so.6+0x24082) (BuildId: 87b331c034a6458c64ce09c03939e947212e18ce)

DEDUP_TOKEN: operator delete(void*)--RDKit::RWMol::replaceAtom(unsigned int, RDKit::Atom*, bool, bool)--RDKit::QueryOps::replaceAtomWithQueryAtom(RDKit::RWMol*, RDKit::Atom*)
SUMMARY: MemorySanitizer: use-of-uninitialized-value /src/rdkit/Code/GraphMol/new_canon.cpp:560:48 in RDKit::Canon::initCanonAtoms(RDKit::ROMol const&, std::__1::vector<RDKit::Canon::canon_atom, std::__1::allocator<RDKit::Canon::canon_atom> >&, bool)
Unique heap origins: 1752
Stack depot allocated bytes: 9764880
Unique origin histories: 905
History depot allocated bytes: 196608
Exiting
