INFO: Running with entropic power schedule (0xFF, 100).
INFO: Seed: 2186174364
INFO: Loaded 1 modules   (35450 inline 8-bit counters): 35450 [0xaa5c48, 0xaae6c2), 
INFO: Loaded 1 PC tables (35450 PCs): 35450 [0xaae6c8,0xb38e68), 
/out/FuzzTarget: Running 1 inputs 1 time(s) each.
Running: /tmp/poc
=================================================================
==13==ERROR: AddressSanitizer: heap-buffer-overflow on address 0x61200000079e at pc 0x000000658986 bp 0x7fff87a10ad0 sp 0x7fff87a10ac8
READ of size 1 at 0x61200000079e thread T0
SCARINESS: 22 (1-byte-read-heap-buffer-overflow-far-from-bounds)
    #0 0x658985 in pcpp::GreLayer::getGREVersion(unsigned char*, unsigned long) /src/PcapPlusPlus/Packet++/src/GreLayer.cpp:28:20
    #1 0x5ec098 in pcpp::IPv6Layer::parseNextLayer() /src/PcapPlusPlus/Packet++/src/IPv6Layer.cpp:244:25
    #2 0x5f017b in pcpp::Packet::setRawPacket(pcpp::RawPacket*, bool, unsigned long, pcpp::OsiModelLayer) /src/PcapPlusPlus/Packet++/src/Packet.cpp:81:13
    #3 0x59e1a9 in LLVMFuzzerTestOneInput /src/PcapPlusPlus/Tests/Fuzzers/FuzzTarget.cpp:68:16
    #4 0x46f693 in fuzzer::Fuzzer::ExecuteCallback(unsigned char const*, unsigned long) /src/llvm-project/compiler-rt/lib/fuzzer/FuzzerLoop.cpp:611:15
    #5 0x45adf2 in fuzzer::RunOneTest(fuzzer::Fuzzer*, char const*, unsigned long) /src/llvm-project/compiler-rt/lib/fuzzer/FuzzerDriver.cpp:324:6
    #6 0x46069c in fuzzer::FuzzerDriver(int*, char***, int (*)(unsigned char const*, unsigned long)) /src/llvm-project/compiler-rt/lib/fuzzer/FuzzerDriver.cpp:860:9
    #7 0x489bd2 in main /src/llvm-project/compiler-rt/lib/fuzzer/FuzzerMain.cpp:20:10
    #8 0x79f61bfa9082 in __libc_start_main (/lib/x86_64-linux-gnu/libc.so.6+0x24082) (BuildId: 87b331c034a6458c64ce09c03939e947212e18ce)
    #9 0x450fbd in _start (/out/FuzzTarget+0x450fbd)

DEDUP_TOKEN: pcpp::GreLayer::getGREVersion(unsigned char*, unsigned long)--pcpp::IPv6Layer::parseNextLayer()--pcpp::Packet::setRawPacket(pcpp::RawPacket*, bool, unsigned long, pcpp::OsiModelLayer)
0x61200000079e is located 470 bytes to the right of 264-byte region [0x6120000004c0,0x6120000005c8)
allocated by thread T0 here:
    #0 0x59b77d in operator new[](unsigned long) /src/llvm-project/compiler-rt/lib/asan/asan_new_delete.cpp:98:3
    #1 0x5a6bf6 in pcpp::PcapFileReaderDevice::getNextPacket(pcpp::RawPacket&) /src/PcapPlusPlus/Pcap++/src/PcapFileDevice.cpp:307:27
    #2 0x59e803 in LLVMFuzzerTestOneInput /src/PcapPlusPlus/Tests/Fuzzers/FuzzTarget.cpp:81:18
    #3 0x46f693 in fuzzer::Fuzzer::ExecuteCallback(unsigned char const*, unsigned long) /src/llvm-project/compiler-rt/lib/fuzzer/FuzzerLoop.cpp:611:15
    #4 0x45adf2 in fuzzer::RunOneTest(fuzzer::Fuzzer*, char const*, unsigned long) /src/llvm-project/compiler-rt/lib/fuzzer/FuzzerDriver.cpp:324:6
    #5 0x46069c in fuzzer::FuzzerDriver(int*, char***, int (*)(unsigned char const*, unsigned long)) /src/llvm-project/compiler-rt/lib/fuzzer/FuzzerDriver.cpp:860:9
    #6 0x489bd2 in main /src/llvm-project/compiler-rt/lib/fuzzer/FuzzerMain.cpp:20:10
    #7 0x79f61bfa9082 in __libc_start_main (/lib/x86_64-linux-gnu/libc.so.6+0x24082) (BuildId: 87b331c034a6458c64ce09c03939e947212e18ce)

DEDUP_TOKEN: operator new[](unsigned long)--pcpp::PcapFileReaderDevice::getNextPacket(pcpp::RawPacket&)--LLVMFuzzerTestOneInput
SUMMARY: AddressSanitizer: heap-buffer-overflow /src/PcapPlusPlus/Packet++/src/GreLayer.cpp:28:20 in pcpp::GreLayer::getGREVersion(unsigned char*, unsigned long)
Shadow bytes around the buggy address:
  0x0c247fff80a0: 00 00 00 00 00 00 00 00 00 00 00 00 00 00 00 00
  0x0c247fff80b0: 00 00 00 00 00 00 00 00 00 fa fa fa fa fa fa fa
  0x0c247fff80c0: fa fa fa fa fa fa fa fa fa fa fa fa fa fa fa fa
  0x0c247fff80d0: fa fa fa fa fa fa fa fa fa fa fa fa fa fa fa fa
  0x0c247fff80e0: fa fa fa fa fa fa fa fa fa fa fa fa fa fa fa fa
=>0x0c247fff80f0: fa fa fa[fa]fa fa fa fa fa fa fa fa fa fa fa fa
  0x0c247fff8100: fa fa fa fa fa fa fa fa fa fa fa fa fa fa fa fa
  0x0c247fff8110: fa fa fa fa fa fa fa fa fa fa fa fa fa fa fa fa
  0x0c247fff8120: fa fa fa fa fa fa fa fa fa fa fa fa fa fa fa fa
  0x0c247fff8130: fa fa fa fa fa fa fa fa fa fa fa fa fa fa fa fa
  0x0c247fff8140: fa fa fa fa fa fa fa fa fa fa fa fa fa fa fa fa
Shadow byte legend (one shadow byte represents 8 application bytes):
  Addressable:           00
  Partially addressable: 01 02 03 04 05 06 07 
  Heap left redzone:       fa
  Freed heap region:       fd
  Stack left redzone:      f1
  Stack mid redzone:       f2
  Stack right redzone:     f3
  Stack after return:      f5
  Stack use after scope:   f8
  Global redzone:          f9
  Global init order:       f6
  Poisoned by user:        f7
  Container overflow:      fc
  Array cookie:            ac
  Intra object redzone:    bb
  ASan internal:           fe
  Left alloca redzone:     ca
  Right alloca redzone:    cb
==13==ABORTING
