INFO: Running with entropic power schedule (0xFF, 100).
INFO: Seed: 2202238767
INFO: Loaded 1 modules   (43027 inline 8-bit counters): 43027 [0x8f7f98, 0x9027ab), 
INFO: Loaded 1 PC tables (43027 PCs): 43027 [0x9027b0,0x9aa8e0), 
/out/FuzzTarget: Running 1 inputs 1 time(s) each.
Running: /tmp/poc
UndefinedBehaviorSanitizer:DEADLYSIGNAL
==13==ERROR: UndefinedBehaviorSanitizer: SEGV on unknown address 0x000001bf6000 (pc 0x7c0684464880 bp 0x7ffdd5fe2580 sp 0x7ffdd5fe2538 T13)
==13==The signal is caused by a READ memory access.
    #0 0x7c0684464880  (/lib/x86_64-linux-gnu/libc.so.6+0x184880) (BuildId: 87b331c034a6458c64ce09c03939e947212e18ce)
    #1 0x67283b in pcpp::cross_platform_memmem(char const*, unsigned long, char const*, unsigned long) /src/PcapPlusPlus/Common++/src/GeneralUtils.cpp:77:32
    #2 0x6187ff in pcpp::SipRequestFirstLine::parseVersion() /src/PcapPlusPlus/Packet++/src/SipLayer.cpp:233:24
    #3 0x61779b in pcpp::SipRequestFirstLine::SipRequestFirstLine(pcpp::SipRequestLayer*) /src/PcapPlusPlus/Packet++/src/SipLayer.cpp:135:2
    #4 0x61b6cc in pcpp::SipRequestLayer::SipRequestLayer(unsigned char*, unsigned long, pcpp::Layer*, pcpp::Packet*) /src/PcapPlusPlus/Packet++/src/SipLayer.cpp:368:20
    #5 0x568e8e in pcpp::UdpLayer::parseNextLayer() /src/PcapPlusPlus/Packet++/src/UdpLayer.cpp:123:22
    #6 0x52c4b9 in pcpp::Packet::setRawPacket(pcpp::RawPacket*, bool, unsigned long, pcpp::OsiModelLayer) /src/PcapPlusPlus/Packet++/src/Packet.cpp:81:13
    #7 0x4d1b08 in LLVMFuzzerTestOneInput /src/PcapPlusPlus/Tests/Fuzzers/FuzzTarget.cpp:68:16
    #8 0x437733 in fuzzer::Fuzzer::ExecuteCallback(unsigned char const*, unsigned long) /src/llvm-project/compiler-rt/lib/fuzzer/FuzzerLoop.cpp:611:15
    #9 0x422e92 in fuzzer::RunOneTest(fuzzer::Fuzzer*, char const*, unsigned long) /src/llvm-project/compiler-rt/lib/fuzzer/FuzzerDriver.cpp:324:6
    #10 0x42873c in fuzzer::FuzzerDriver(int*, char***, int (*)(unsigned char const*, unsigned long)) /src/llvm-project/compiler-rt/lib/fuzzer/FuzzerDriver.cpp:860:9
    #11 0x451c72 in main /src/llvm-project/compiler-rt/lib/fuzzer/FuzzerMain.cpp:20:10
    #12 0x7c0684304082 in __libc_start_main (/lib/x86_64-linux-gnu/libc.so.6+0x24082) (BuildId: 87b331c034a6458c64ce09c03939e947212e18ce)
    #13 0x41905d in _start (/out/FuzzTarget+0x41905d)

DEDUP_TOKEN: pcpp::cross_platform_memmem(char const*, unsigned long, char const*, unsigned long)--pcpp::SipRequestFirstLine::parseVersion()
UndefinedBehaviorSanitizer can not provide additional info.
SUMMARY: UndefinedBehaviorSanitizer: SEGV (/lib/x86_64-linux-gnu/libc.so.6+0x184880) (BuildId: 87b331c034a6458c64ce09c03939e947212e18ce) 
==13==ABORTING
