Accepting input from '/tmp/poc'
Usage for fuzzing: honggfuzz -P [flags] -- /out/secilc-fuzzer
=================================================================
==13==ERROR: AddressSanitizer: heap-use-after-free on address 0x6030000038c0 at pc 0x0000005753e7 bp 0x7ffe487383f0 sp 0x7ffe487383e8
READ of size 8 at 0x6030000038c0 thread T0
SCARINESS: 51 (8-byte-read-heap-use-after-free)
    #0 0x5753e6 in cil_list_destroy /src/selinux/libsepol/src/../cil/src/cil_list.c:60:6
    #1 0x53bdb9 in cil_destroy_classperms /src/selinux/libsepol/src/../cil/src/cil_build_ast.c:729:2
    #2 0x53bdb9 in cil_destroy_classperms_list /src/selinux/libsepol/src/../cil/src/cil_build_ast.c:800:4
    #3 0x557fc4 in cil_destroy_classpermission /src/selinux/libsepol/src/../cil/src/cil_build_ast.c:858:3
    #4 0x557fc4 in cil_destroy_args /src/selinux/libsepol/src/../cil/src/cil_build_ast.c:5500:4
    #5 0x50840a in cil_destroy_data /src/selinux/libsepol/src/../cil/src/cil.c:728:3
    #6 0x57531c in cil_list_item_destroy /src/selinux/libsepol/src/../cil/src/cil_list.c:93:3
    #7 0x57531c in cil_list_destroy /src/selinux/libsepol/src/../cil/src/cil_list.c:72:4
    #8 0x557cee in cil_destroy_call /src/selinux/libsepol/src/../cil/src/cil_build_ast.c:5464:3
    #9 0x508079 in cil_destroy_data /src/selinux/libsepol/src/../cil/src/cil.c:746:3
    #10 0x5c0448 in cil_tree_node_destroy /src/selinux/libsepol/src/../cil/src/cil_tree.c
    #11 0x5c0448 in cil_tree_children_destroy /src/selinux/libsepol/src/../cil/src/cil_tree.c:208:3
    #12 0x5c0377 in cil_tree_children_destroy /src/selinux/libsepol/src/../cil/src/cil_tree.c:207:3
    #13 0x5bfff8 in cil_tree_subtree_destroy /src/selinux/libsepol/src/../cil/src/cil_tree.c:192:2
    #14 0x5bfff8 in cil_tree_destroy /src/selinux/libsepol/src/../cil/src/cil_tree.c:185:2
    #15 0x5056a7 in cil_db_destroy /src/selinux/libsepol/src/../cil/src/cil.c:467:2
    #16 0x4e6010 in LLVMFuzzerTestOneInput /src/selinux/libsepol/fuzz/secilc-fuzzer.c:70:2
    #17 0x4dc3fb in main (/out/secilc-fuzzer+0x4dc3fb)
    #18 0x76ba0d498082 in __libc_start_main (/lib/x86_64-linux-gnu/libc.so.6+0x24082) (BuildId: 87b331c034a6458c64ce09c03939e947212e18ce)
    #19 0x41d60d in _start (/out/secilc-fuzzer+0x41d60d)

DEDUP_TOKEN: cil_list_destroy--cil_destroy_classperms--cil_destroy_classperms_list
0x6030000038c0 is located 16 bytes inside of 32-byte region [0x6030000038b0,0x6030000038d0)
freed by thread T0 here:
    #0 0x49e7a2 in free /src/llvm-project/compiler-rt/lib/asan/asan_malloc_linux.cpp:52:3
    #1 0x53bdf8 in cil_destroy_classperms_list /src/selinux/libsepol/src/../cil/src/cil_build_ast.c
    #2 0x53c6ee in cil_destroy_classpermissionset /src/selinux/libsepol/src/../cil/src/cil_build_ast.c:914:2
    #3 0x5085c7 in cil_destroy_data /src/selinux/libsepol/src/../cil/src/cil.c:798:3
    #4 0x5c0448 in cil_tree_node_destroy /src/selinux/libsepol/src/../cil/src/cil_tree.c
    #5 0x5c0448 in cil_tree_children_destroy /src/selinux/libsepol/src/../cil/src/cil_tree.c:208:3
    #6 0x5c0377 in cil_tree_children_destroy /src/selinux/libsepol/src/../cil/src/cil_tree.c:207:3
    #7 0x5c0377 in cil_tree_children_destroy /src/selinux/libsepol/src/../cil/src/cil_tree.c:207:3
    #8 0x5bfff8 in cil_tree_subtree_destroy /src/selinux/libsepol/src/../cil/src/cil_tree.c:192:2
    #9 0x5bfff8 in cil_tree_destroy /src/selinux/libsepol/src/../cil/src/cil_tree.c:185:2
    #10 0x5056a7 in cil_db_destroy /src/selinux/libsepol/src/../cil/src/cil.c:467:2
    #11 0x4e6010 in LLVMFuzzerTestOneInput /src/selinux/libsepol/fuzz/secilc-fuzzer.c:70:2
    #12 0x4dc3fb in main (/out/secilc-fuzzer+0x4dc3fb)

DEDUP_TOKEN: free--cil_destroy_classperms_list--cil_destroy_classpermissionset
previously allocated by thread T0 here:
    #0 0x49ea46 in __interceptor_malloc /src/llvm-project/compiler-rt/lib/asan/asan_malloc_linux.cpp:69:3
    #1 0x576bcd in cil_malloc /src/selinux/libsepol/src/../cil/src/cil_mem.c:40:14
    #2 0x510f7e in cil_classperms_init /src/selinux/libsepol/src/../cil/src/cil.c:2713:8
    #3 0x56152c in cil_copy_classperms /src/selinux/libsepol/src/../cil/src/cil_copy_ast.c:192:2
    #4 0x56152c in cil_copy_classperms_list /src/selinux/libsepol/src/../cil/src/cil_copy_ast.c:215:4
    #5 0x562233 in cil_copy_classpermissionset /src/selinux/libsepol/src/../cil/src/cil_copy_ast.c:312:2
    #6 0x56daf9 in __cil_copy_node_helper /src/selinux/libsepol/src/../cil/src/cil_copy_ast.c:2010:7
    #7 0x5c08ce in cil_tree_walk_core /src/selinux/libsepol/src/../cil/src/cil_tree.c:279:9
    #8 0x5c08ce in cil_tree_walk /src/selinux/libsepol/src/../cil/src/cil_tree.c:323:7
    #9 0x56c743 in cil_copy_ast /src/selinux/libsepol/src/../cil/src/cil_copy_ast.c:2134:7
    #10 0x5b7254 in cil_resolve_call /src/selinux/libsepol/src/../cil/src/cil_resolve_ast.c:3080:7
    #11 0x5b0946 in __cil_resolve_ast_node /src/selinux/libsepol/src/../cil/src/cil_resolve_ast.c:3679:9
    #12 0x5b0946 in __cil_resolve_ast_node_helper /src/selinux/libsepol/src/../cil/src/cil_resolve_ast.c:4001:7
    #13 0x5c08ce in cil_tree_walk_core /src/selinux/libsepol/src/../cil/src/cil_tree.c:279:9
    #14 0x5c08ce in cil_tree_walk /src/selinux/libsepol/src/../cil/src/cil_tree.c:323:7
    #15 0x5c09a1 in cil_tree_walk_core /src/selinux/libsepol/src/../cil/src/cil_tree.c:291:9
    #16 0x5c09a1 in cil_tree_walk /src/selinux/libsepol/src/../cil/src/cil_tree.c:323:7
    #17 0x5ae367 in cil_resolve_ast /src/selinux/libsepol/src/../cil/src/cil_resolve_ast.c:4140:8
    #18 0x5074bb in cil_compile /src/selinux/libsepol/src/../cil/src/cil.c:564:7
    #19 0x4e5fbf in LLVMFuzzerTestOneInput /src/selinux/libsepol/fuzz/secilc-fuzzer.c:46:6
    #20 0x4dc3fb in main (/out/secilc-fuzzer+0x4dc3fb)

DEDUP_TOKEN: __interceptor_malloc--cil_malloc--cil_classperms_init
SUMMARY: AddressSanitizer: heap-use-after-free /src/selinux/libsepol/src/../cil/src/cil_list.c:60:6 in cil_list_destroy
Shadow bytes around the buggy address:
  0x0c067fff86c0: fa fa fd fd fd fa fa fa 00 00 00 fa fa fa fd fd
  0x0c067fff86d0: fd fd fa fa fd fd fd fa fa fa 00 00 00 00 fa fa
  0x0c067fff86e0: 00 00 00 fa fa fa 00 00 00 fa fa fa fd fd fd fd
  0x0c067fff86f0: fa fa fd fd fd fa fa fa fd fd fd fa fa fa 00 00
  0x0c067fff8700: 00 fa fa fa 00 00 00 fa fa fa 00 00 00 fa fa fa
=>0x0c067fff8710: fd fd fd fa fa fa fd fd[fd]fd fa fa fd fd fd fa
  0x0c067fff8720: fa fa fd fd fd fa fa fa fd fd fd fa fa fa fd fd
  0x0c067fff8730: fd fa fa fa fd fd fd fa fa fa fd fd fd fa fa fa
  0x0c067fff8740: fd fd fd fa fa fa 00 00 00 fa fa fa 00 00 00 00
  0x0c067fff8750: fa fa 00 00 00 fa fa fa 00 00 00 00 fa fa 00 00
  0x0c067fff8760: 00 fa fa fa 00 00 00 fa fa fa 00 00 00 00 fa fa
Shadow byte legend (one shadow byte represents 8 application bytes):
  Addressable:           00
  Partially addressable: 01 02 03 04 05 06 07 
  Heap left redzone:       fa
  Freed heap region:       fd
  Stack left redzone:      f1
  Stack mid redzone:       f2
  Stack right redzone:     f3
  Stack after return:      f5
  Stack use after scope:   f8
  Global redzone:          f9
  Global init order:       f6
  Poisoned by user:        f7
  Container overflow:      fc
  Array cookie:            ac
  Intra object redzone:    bb
  ASan internal:           fe
  Left alloca redzone:     ca
  Right alloca redzone:    cb
==13==ABORTING
