HDF5-DIAG: Error detected in HDF5 (1.15.0) thread 0:
  #000: /src/hdf5/src/H5D.c line 402 in H5Dopen2(): unable to synchronously open dataset
    major: Dataset
    minor: Can't open object
  #001: /src/hdf5/src/H5D.c line 363 in H5D__open_api_common(): unable to open dataset
    major: Dataset
    minor: Can't open object
  #002: /src/hdf5/src/H5VLcallback.c line 1980 in H5VL_dataset_open(): dataset open failed
    major: Virtual Object Layer
    minor: Can't open object
  #003: /src/hdf5/src/H5VLcallback.c line 1947 in H5VL__dataset_open(): dataset open failed
    major: Virtual Object Layer
    minor: Can't open object
  #004: /src/hdf5/src/H5VLnative_dataset.c line 319 in H5VL__native_dataset_open(): unable to open dataset
    major: Dataset
    minor: Can't open object
  #005: /src/hdf5/src/H5Dint.c line 1423 in H5D__open_name(): not found
    major: Dataset
    minor: Object not found
  #006: /src/hdf5/src/H5Gloc.c line 438 in H5G_loc_find(): can't find object
    major: Symbol table
    minor: Object not found
  #007: /src/hdf5/src/H5Gtraverse.c line 836 in H5G_traverse(): internal path traversal failed
    major: Symbol table
    minor: Object not found
  #008: /src/hdf5/src/H5Gtraverse.c line 568 in H5G__traverse_real(): can't look up component
    major: Symbol table
    minor: Object not found
  #009: /src/hdf5/src/H5Gobj.c line 1095 in H5G__obj_lookup(): can't check for link info message
    major: Symbol table
    minor: Can't get value
  #010: /src/hdf5/src/H5Gobj.c line 304 in H5G__obj_get_linfo(): unable to read object header
    major: Symbol table
    minor: Can't get value
  #011: /src/hdf5/src/H5Omessage.c line 844 in H5O_msg_exists(): unable to protect object header
    major: Object header
    minor: Unable to protect metadata
  #012: /src/hdf5/src/H5Oint.c line 1047 in H5O_protect(): unable to load object header
    major: Object header
    minor: Unable to protect metadata
  #013: /src/hdf5/src/H5AC.c line 1395 in H5AC_protect(): H5C_protect() failed
    major: Object cache
    minor: Unable to protect metadata
  #014: /src/hdf5/src/H5C.c line 2335 in H5C_protect(): can't load entry
    major: Object cache
    minor: Unable to load metadata into cache
  #015: /src/hdf5/src/H5C.c line 7285 in H5C__load_entry(): incorrect metadata checksum after all read attempts
    major: Object cache
    minor: Read failed
  #016: /src/hdf5/src/H5Ocache.c line 202 in H5O__cache_get_final_load_size(): can't deserialize object header prefix
    major: Object header
    minor: Unable to decode value
  #017: /src/hdf5/src/H5Ocache.c line 1201 in H5O__prefix_deserialize(): bad object header version number
    major: Object header
    minor: Wrong version number
=================================================================
==13==ERROR: AddressSanitizer: heap-buffer-overflow on address 0x60f0000000f0 at pc 0x0000008ad555 bp 0x7fff1d0a8bf0 sp 0x7fff1d0a8be8
READ of size 8 at 0x60f0000000f0 thread T0
SCARINESS: 33 (8-byte-read-heap-buffer-overflow-far-from-bounds)
    #0 0x8ad554 in H5O__chunk_protect /src/hdf5/src/H5Ochunk.c:185:44
    #1 0x8ae626 in H5O__chunk_delete /src/hdf5/src/H5Ochunk.c:376:30
    #2 0x8af6b6 in H5O__cont_delete /src/hdf5/src/H5Ocont.c:227:9
    #3 0x91651c in H5O__delete_mesg /src/hdf5/src/H5Omessage.c:2005:13
    #4 0x1072e4a in H5O__release_mesg /src/hdf5/src/H5Oalloc.c:1369:13
    #5 0x107f21e in H5O__remove_empty_chunks /src/hdf5/src/H5Oalloc.c:2187:21
    #6 0x10793bb in H5O__merge_null /src/hdf5/src/H5Oalloc.c:2067:43
    #7 0x10793bb in H5O__condense_header /src/hdf5/src/H5Oalloc.c:2332:18
    #8 0x91383f in H5O__msg_iterate_real /src/hdf5/src/H5Omessage.c:1266:17
    #9 0x911fd6 in H5O__msg_remove_real /src/hdf5/src/H5Omessage.c:1109:9
    #10 0x9119a3 in H5O_msg_remove /src/hdf5/src/H5Omessage.c:940:22
    #11 0x715a1e in H5F__super_ext_remove_msg /src/hdf5/src/H5Fsuper.c:1811:13
    #12 0x87d162 in H5MF_settle_raw_data_fsm /src/hdf5/src/H5MF.c:2813:17
    #13 0x577490 in H5C_flush_cache /src/hdf5/src/H5C.c:1131:33
    #14 0x51ad67 in H5AC_flush /src/hdf5/src/H5AC.c:681:9
    #15 0x6f66d2 in H5F__flush_phase2 /src/hdf5/src/H5Fint.c:2182:9
    #16 0x6f340a in H5F__dest /src/hdf5/src/H5Fint.c:1390:17
    #17 0x6f7d4b in H5F_try_close /src/hdf5/src/H5Fint.c:2521:9
    #18 0x6f731e in H5F__close /src/hdf5/src/H5Fint.c:2323:9
    #19 0xe1766d in H5VL__native_file_close /src/hdf5/src/H5VLnative_file.c:782:13
    #20 0xdd4b68 in H5VL__file_close /src/hdf5/src/H5VLcallback.c:4309:9
    #21 0xdd4b68 in H5VL_file_close /src/hdf5/src/H5VLcallback.c:4340:9
    #22 0x701b62 in H5F__close_cb /src/hdf5/src/H5Fint.c:215:9
    #23 0x857909 in H5I__dec_ref /src/hdf5/src/H5Iint.c:1034:43
    #24 0x857d31 in H5I__dec_app_ref /src/hdf5/src/H5Iint.c:1106:22
    #25 0x857bed in H5I_dec_app_ref /src/hdf5/src/H5Iint.c:1154:22
    #26 0x6c80c5 in H5Fclose /src/hdf5/src/H5F.c:1059:9
    #27 0x4dd841 in LLVMFuzzerTestOneInput /src/h5_extended_fuzzer.c:37:7
    #28 0x4dd52a in ExecuteFilesOnyByOne /src/aflplusplus/utils/aflpp_driver/aflpp_driver.c:234:7
    #29 0x4dd2fc in main /src/aflplusplus/utils/aflpp_driver/aflpp_driver.c:318:12
    #30 0x744bd3cde082 in __libc_start_main (/lib/x86_64-linux-gnu/libc.so.6+0x24082) (BuildId: 87b331c034a6458c64ce09c03939e947212e18ce)
    #31 0x41e6ad in _start (/out/h5_extended_fuzzer+0x41e6ad)

DEDUP_TOKEN: H5O__chunk_protect--H5O__chunk_delete--H5O__cont_delete
0x60f0000000f0 is located 8 bytes to the right of 168-byte region [0x60f000000040,0x60f0000000e8)
allocated by thread T0 here:
    #0 0x49fae6 in __interceptor_malloc /src/llvm-project/compiler-rt/lib/asan/asan_malloc_linux.cpp:69:3
    #1 0x761821 in H5FL__malloc /src/hdf5/src/H5FL.c:237:30
    #2 0x761821 in H5FL_blk_malloc /src/hdf5/src/H5FL.c:888:40
    #3 0x762e5d in H5FL_blk_realloc /src/hdf5/src/H5FL.c:1119:30
    #4 0x8a856a in H5O__chunk_deserialize /src/hdf5/src/H5Ocache.c:1306:26
    #5 0x8a4e3a in H5O__cache_chk_deserialize /src/hdf5/src/H5Ocache.c:765:13
    #6 0x586499 in H5C__load_entry /src/hdf5/src/H5C.c:7298:26
    #7 0x586499 in H5C_protect /src/hdf5/src/H5C.c:2330:30
    #8 0x51df9a in H5AC_protect /src/hdf5/src/H5AC.c:1394:26
    #9 0x8eca12 in H5O_protect /src/hdf5/src/H5Oint.c:1084:59
    #10 0x911287 in H5O_msg_exists /src/hdf5/src/H5Omessage.c:843:23
    #11 0x71024d in H5F__super_read /src/hdf5/src/H5Fsuper.c:711:23
    #12 0x6ea1df in H5F_open /src/hdf5/src/H5Fint.c:1964:13
    #13 0xe1215c in H5VL__native_file_open /src/hdf5/src/H5VLnative_file.c:127:29
    #14 0xdcf36c in H5VL__file_open /src/hdf5/src/H5VLcallback.c:3674:30
    #15 0xdcf36c in H5VL_file_open /src/hdf5/src/H5VLcallback.c:3823:30
    #16 0x6c59d4 in H5F__open_api_common /src/hdf5/src/H5F.c:794:29
    #17 0x6c4d9b in H5Fopen /src/hdf5/src/H5F.c:835:22
    #18 0x4dd706 in LLVMFuzzerTestOneInput /src/h5_extended_fuzzer.c:27:24
    #19 0x4dd52a in ExecuteFilesOnyByOne /src/aflplusplus/utils/aflpp_driver/aflpp_driver.c:234:7

DEDUP_TOKEN: __interceptor_malloc--H5FL__malloc--H5FL_blk_malloc
SUMMARY: AddressSanitizer: heap-buffer-overflow /src/hdf5/src/H5Ochunk.c:185:44 in H5O__chunk_protect
Shadow bytes around the buggy address:
  0x0c1e7fff7fc0: 00 00 00 00 00 00 00 00 00 00 00 00 00 00 00 00
  0x0c1e7fff7fd0: 00 00 00 00 00 00 00 00 00 00 00 00 00 00 00 00
  0x0c1e7fff7fe0: 00 00 00 00 00 00 00 00 00 00 00 00 00 00 00 00
  0x0c1e7fff7ff0: 00 00 00 00 00 00 00 00 00 00 00 00 00 00 00 00
  0x0c1e7fff8000: fa fa fa fa fa fa fa fa 00 00 00 00 00 00 00 00
=>0x0c1e7fff8010: 00 00 00 00 00 00 00 00 00 00 00 00 00 fa[fa]fa
  0x0c1e7fff8020: fa fa fa fa fa fa fa fa fa fa fa fa fa fa fa fa
  0x0c1e7fff8030: fa fa fa fa fa fa fa fa fa fa fa fa fa fa fa fa
  0x0c1e7fff8040: fa fa fa fa fa fa fa fa fa fa fa fa fa fa fa fa
  0x0c1e7fff8050: fa fa fa fa fa fa fa fa fa fa fa fa fa fa fa fa
  0x0c1e7fff8060: fa fa fa fa fa fa fa fa fa fa fa fa fa fa fa fa
Shadow byte legend (one shadow byte represents 8 application bytes):
  Addressable:           00
  Partially addressable: 01 02 03 04 05 06 07 
  Heap left redzone:       fa
  Freed heap region:       fd
  Stack left redzone:      f1
  Stack mid redzone:       f2
  Stack right redzone:     f3
  Stack after return:      f5
  Stack use after scope:   f8
  Global redzone:          f9
  Global init order:       f6
  Poisoned by user:        f7
  Container overflow:      fc
  Array cookie:            ac
  Intra object redzone:    bb
  ASan internal:           fe
  Left alloca redzone:     ca
  Right alloca redzone:    cb
==13==ABORTING
