=================================================================
==13==ERROR: AddressSanitizer: global-buffer-overflow on address 0x000000b5ba38 at pc 0x00000096abec bp 0x7ffd01b2d310 sp 0x7ffd01b2d308
READ of size 2 at 0x000000b5ba38 thread T0
SCARINESS: 24 (2-byte-read-global-buffer-overflow-far-from-bounds)
    #0 0x96abeb in ixheaacd_res_tns_decode_coeffs_32x16 /src/libxaac/decoder/ixheaacd_mps_res_pns_js_thumb.c:65:15
    #1 0x96abeb in ixheaacd_res_ctns_apply /src/libxaac/decoder/ixheaacd_mps_res_pns_js_thumb.c:104:7
    #2 0x903620 in ixheaacd_parse_residual_data /src/libxaac/decoder/ixheaacd_mps_bitdec.c:573:11
    #3 0x903620 in ixheaacd_parse_extension_frame /src/libxaac/decoder/ixheaacd_mps_bitdec.c:697:11
    #4 0x8fe0ba in ixheaacd_parse_frame /src/libxaac/decoder/ixheaacd_mps_bitdec.c:1129:3
    #5 0x578037 in ixheaacd_heaac_mps_apply /src/libxaac/decoder/ixheaacd_mps_dec.c:2089:20
    #6 0x503ce3 in ixheaacd_dec_execute /src/libxaac/decoder/ixheaacd_api.c:3674:7
    #7 0x4e7d80 in ixheaacd_dec_api /src/libxaac/decoder/ixheaacd_api.c:982:24
    #8 0x4e1bb8 in Codec::decodeXAACStream(unsigned char*, unsigned int, int*, int*) /src/libxaac/fuzzer/xaac_dec_fuzzer.cpp:656:14
    #9 0x4e2c94 in LLVMFuzzerTestOneInput /src/libxaac/fuzzer/xaac_dec_fuzzer.cpp:864:23
    #10 0x4dd56d in ExecuteFilesOnyByOne /src/aflplusplus/utils/aflpp_driver/aflpp_driver.c:255:7
    #11 0x4dd378 in LLVMFuzzerRunDriver /src/aflplusplus/utils/aflpp_driver/aflpp_driver.c
    #12 0x4dcf38 in main /src/aflplusplus/utils/aflpp_driver/aflpp_driver.c:300:10
    #13 0x72d87894d082 in __libc_start_main (/lib/x86_64-linux-gnu/libc.so.6+0x24082) (BuildId: 87b331c034a6458c64ce09c03939e947212e18ce)
    #14 0x41e5fd in _start (/out/xaac_dec_fuzzer+0x41e5fd)

DEDUP_TOKEN: ixheaacd_res_tns_decode_coeffs_32x16--ixheaacd_res_ctns_apply--ixheaacd_parse_residual_data
0x000000b5ba38 is located 76 bytes to the right of global variable 'ixheaacd_mps_dec_res_block_tables' defined in '/src/libxaac/decoder/ixheaacd_mps_rom.c:5733:42' (0xb5b780) of size 620
SUMMARY: AddressSanitizer: global-buffer-overflow /src/libxaac/decoder/ixheaacd_mps_res_pns_js_thumb.c:65:15 in ixheaacd_res_tns_decode_coeffs_32x16
Shadow bytes around the buggy address:
  0x0000801636f0: 00 00 00 00 00 00 00 00 00 00 00 00 00 00 00 00
  0x000080163700: 00 00 00 00 00 00 00 00 00 00 00 00 00 00 00 00
  0x000080163710: 00 00 00 00 00 00 00 00 00 00 00 00 00 00 00 00
  0x000080163720: 00 00 00 00 00 00 00 00 00 00 00 00 00 00 00 00
  0x000080163730: 00 00 00 00 00 00 00 00 00 00 00 00 00 04 f9 f9
=>0x000080163740: f9 f9 f9 f9 f9 f9 f9[f9]f9 f9 f9 f9 f9 f9 f9 f9
  0x000080163750: 00 00 00 00 00 00 00 00 00 00 00 00 00 00 00 00
  0x000080163760: 00 00 00 00 00 00 00 00 00 00 00 00 00 00 00 00
  0x000080163770: 00 00 00 00 00 00 00 00 00 00 00 00 00 00 00 00
  0x000080163780: 00 00 00 00 00 00 00 00 00 00 00 00 00 00 00 00
  0x000080163790: 00 00 00 00 00 00 00 00 00 00 00 00 00 00 00 00
Shadow byte legend (one shadow byte represents 8 application bytes):
  Addressable:           00
  Partially addressable: 01 02 03 04 05 06 07 
  Heap left redzone:       fa
  Freed heap region:       fd
  Stack left redzone:      f1
  Stack mid redzone:       f2
  Stack right redzone:     f3
  Stack after return:      f5
  Stack use after scope:   f8
  Global redzone:          f9
  Global init order:       f6
  Poisoned by user:        f7
  Container overflow:      fc
  Array cookie:            ac
  Intra object redzone:    bb
  ASan internal:           fe
  Left alloca redzone:     ca
  Right alloca redzone:    cb
==13==ABORTING
