INFO: Running with entropic power schedule (0xFF, 100).
INFO: Seed: 2208961326
INFO: Loaded 1 modules   (26370 inline 8-bit counters): 26370 [0xbb12c0, 0xbb79c2), 
INFO: Loaded 1 PC tables (26370 PCs): 26370 [0xbb79c8,0xc1e9e8), 
/out/fuzz_process_packet: Running 1 inputs 1 time(s) each.
Running: /tmp/poc
=================================================================
==12==ERROR: AddressSanitizer: heap-buffer-overflow on address 0x6040000000fd at pc 0x0000004c3dc9 bp 0x7ffccbe89890 sp 0x7ffccbe89058
READ of size 2 at 0x6040000000fd thread T0
SCARINESS: 14 (2-byte-read-heap-buffer-overflow)
    #0 0x4c3dc8 in strlen /src/llvm-project/compiler-rt/lib/asan/../sanitizer_common/sanitizer_common_interceptors.inc:389:5
    #1 0x5f56a1 in ndpi_domain_classify_contains /src/ndpi/src/lib/ndpi_domain_classify.c:394:13
    #2 0x583879 in ndpi_match_custom_category /src/ndpi/src/lib/ndpi_main.c:3405:18
    #3 0x583879 in ndpi_get_custom_category_match /src/ndpi/src/lib/ndpi_main.c:3457:12
    #4 0x5b3869 in ndpi_match_host_subprotocol /src/ndpi/src/lib/ndpi_main.c:8995:6
    #5 0x64acff in ndpi_http_parse_subprotocol /src/ndpi/src/lib/protocols/http.c:477:9
    #6 0x64acff in check_content_type_and_change_protocol /src/ndpi/src/lib/protocols/http.c:962:3
    #7 0x647cc0 in process_request /src/ndpi/src/lib/protocols/http.c:1278:3
    #8 0x645e44 in ndpi_check_http_tcp /src/ndpi/src/lib/protocols/http.c:1396:5
    #9 0x6455f2 in ndpi_search_http_tcp /src/ndpi/src/lib/protocols/http.c:1470:3
    #10 0x59a3bf in check_ndpi_detection_func /src/ndpi/src/lib/ndpi_main.c:6202:6
    #11 0x59b74f in ndpi_check_flow_func /src/ndpi/src/lib/ndpi_main.c
    #12 0x5a46d1 in ndpi_internal_detection_process_packet /src/ndpi/src/lib/ndpi_main.c:7291:15
    #13 0x5a46d1 in ndpi_detection_process_packet /src/ndpi/src/lib/ndpi_main.c:7464:22
    #14 0x56c5e4 in LLVMFuzzerTestOneInput /src/ndpi/fuzz/fuzz_process_packet.c:24:5
    #15 0x43deb3 in fuzzer::Fuzzer::ExecuteCallback(unsigned char const*, unsigned long) /src/llvm-project/compiler-rt/lib/fuzzer/FuzzerLoop.cpp:611:15
    #16 0x429612 in fuzzer::RunOneTest(fuzzer::Fuzzer*, char const*, unsigned long) /src/llvm-project/compiler-rt/lib/fuzzer/FuzzerDriver.cpp:324:6
    #17 0x42eebc in fuzzer::FuzzerDriver(int*, char***, int (*)(unsigned char const*, unsigned long)) /src/llvm-project/compiler-rt/lib/fuzzer/FuzzerDriver.cpp:860:9
    #18 0x4583f2 in main /src/llvm-project/compiler-rt/lib/fuzzer/FuzzerMain.cpp:20:10
    #19 0x74c5f7689082 in __libc_start_main (/lib/x86_64-linux-gnu/libc.so.6+0x24082) (BuildId: 87b331c034a6458c64ce09c03939e947212e18ce)
    #20 0x41f7dd in _start (/out/fuzz_process_packet+0x41f7dd)

DEDUP_TOKEN: strlen--ndpi_domain_classify_contains--ndpi_match_custom_category
0x6040000000fd is located 0 bytes to the right of 45-byte region [0x6040000000d0,0x6040000000fd)
allocated by thread T0 here:
    #0 0x52f046 in __interceptor_malloc /src/llvm-project/compiler-rt/lib/asan/asan_malloc_linux.cpp:69:3
    #1 0x4ada47 in operator new(unsigned long) cxa_noexception.cpp
    #2 0x429612 in fuzzer::RunOneTest(fuzzer::Fuzzer*, char const*, unsigned long) /src/llvm-project/compiler-rt/lib/fuzzer/FuzzerDriver.cpp:324:6
    #3 0x42eebc in fuzzer::FuzzerDriver(int*, char***, int (*)(unsigned char const*, unsigned long)) /src/llvm-project/compiler-rt/lib/fuzzer/FuzzerDriver.cpp:860:9
    #4 0x4583f2 in main /src/llvm-project/compiler-rt/lib/fuzzer/FuzzerMain.cpp:20:10
    #5 0x74c5f7689082 in __libc_start_main (/lib/x86_64-linux-gnu/libc.so.6+0x24082) (BuildId: 87b331c034a6458c64ce09c03939e947212e18ce)

DEDUP_TOKEN: __interceptor_malloc--operator new(unsigned long)--fuzzer::RunOneTest(fuzzer::Fuzzer*, char const*, unsigned long)
SUMMARY: AddressSanitizer: heap-buffer-overflow /src/llvm-project/compiler-rt/lib/asan/../sanitizer_common/sanitizer_common_interceptors.inc:389:5 in strlen
Shadow bytes around the buggy address:
  0x0c087fff7fc0: 00 00 00 00 00 00 00 00 00 00 00 00 00 00 00 00
  0x0c087fff7fd0: 00 00 00 00 00 00 00 00 00 00 00 00 00 00 00 00
  0x0c087fff7fe0: 00 00 00 00 00 00 00 00 00 00 00 00 00 00 00 00
  0x0c087fff7ff0: 00 00 00 00 00 00 00 00 00 00 00 00 00 00 00 00
  0x0c087fff8000: fa fa 00 00 00 00 00 00 fa fa 00 00 00 00 00 00
=>0x0c087fff8010: fa fa 00 00 00 00 00 05 fa fa 00 00 00 00 00[05]
  0x0c087fff8020: fa fa 00 00 00 00 00 fa fa fa 00 00 00 00 00 fa
  0x0c087fff8030: fa fa 00 00 00 00 00 fa fa fa 00 00 00 00 00 fa
  0x0c087fff8040: fa fa 00 00 00 00 00 fa fa fa 00 00 00 00 00 fa
  0x0c087fff8050: fa fa 00 00 00 00 00 fa fa fa 00 00 00 00 00 fa
  0x0c087fff8060: fa fa 00 00 00 00 00 fa fa fa 00 00 00 00 00 fa
Shadow byte legend (one shadow byte represents 8 application bytes):
  Addressable:           00
  Partially addressable: 01 02 03 04 05 06 07 
  Heap left redzone:       fa
  Freed heap region:       fd
  Stack left redzone:      f1
  Stack mid redzone:       f2
  Stack right redzone:     f3
  Stack after return:      f5
  Stack use after scope:   f8
  Global redzone:          f9
  Global init order:       f6
  Poisoned by user:        f7
  Container overflow:      fc
  Array cookie:            ac
  Intra object redzone:    bb
  ASan internal:           fe
  Left alloca redzone:     ca
  Right alloca redzone:    cb
==12==ABORTING
