INFO: Running with entropic power schedule (0xFF, 100).
INFO: Seed: 2215851947
INFO: Loaded 1 modules   (67220 inline 8-bit counters): 67220 [0x11c4bb0, 0x11d5244), 
INFO: Loaded 1 PC tables (67220 PCs): 67220 [0x11d5248,0x12dbb88), 
/out/FuzzPDF: Running 1 inputs 1 time(s) each.
Running: /tmp/poc
[31m[[34mparse_value[0m @ /src/serenity/Userland/Libraries/LibPDF/Parser.cpp:104] Parser error at offset 835: Unexpected char "ÿ"[0m
VERIFICATION FAILED: !is_error() at /src/serenity/Meta/Lagom/../../AK/Error.h:202
=================================================================
==13==ERROR: AddressSanitizer: stack-buffer-overflow on address 0x73103f3b0060 at pc 0x000000506753 bp 0x7ffc212d4db0 sp 0x7ffc212d4580
WRITE of size 2560 at 0x73103f3b0060 thread T0
SCARINESS: 60 (multi-byte-write-stack-buffer-overflow)
    #0 0x506752 in backtrace /src/llvm-project/compiler-rt/lib/asan/../sanitizer_common/sanitizer_common_interceptors.inc:4279:5
    #1 0x6770b5 in dump_backtrace /src/serenity/AK/Assertions.cpp:29:28
    #2 0x6770b5 in ak_verification_failed /src/serenity/AK/Assertions.cpp:69:5
    #3 0x5ae828 in release_value_but_fixme_should_propagate_errors /src/serenity/Meta/Lagom/../../AK/Error.h:202:9
    #4 0x5ae828 in PDF::Error::Error(PDF::Error::Type, AK::DeprecatedString const&) /src/serenity/Meta/Lagom/../../Userland/Libraries/LibPDF/Error.h:31:63
    #5 0x65aa05 in PDF::Parser::error(AK::DeprecatedString const&, AK::SourceLocation) const /src/serenity/Userland/Libraries/LibPDF/Parser.cpp:565:12
    #6 0x64800d in PDF::Parser::parse_value(PDF::Parser::CanBeIndirectValue) /src/serenity/Userland/Libraries/LibPDF/Parser.cpp:104:12
    #7 0x65b173 in PDF::Parser::parse_indirect_value(unsigned int, unsigned int) /src/serenity/Userland/Libraries/LibPDF/Parser.cpp:148:18
    #8 0x64a0e1 in PDF::Parser::parse_possible_indirect_value_or_ref() /src/serenity/Userland/Libraries/LibPDF/Parser.cpp:133:16
    #9 0x64728d in PDF::Parser::parse_value(PDF::Parser::CanBeIndirectValue) /src/serenity/Userland/Libraries/LibPDF/Parser.cpp:83:20
    #10 0x65b173 in PDF::Parser::parse_indirect_value(unsigned int, unsigned int) /src/serenity/Userland/Libraries/LibPDF/Parser.cpp:148:18
    #11 0x64a0e1 in PDF::Parser::parse_possible_indirect_value_or_ref() /src/serenity/Userland/Libraries/LibPDF/Parser.cpp:133:16
    #12 0x64728d in PDF::Parser::parse_value(PDF::Parser::CanBeIndirectValue) /src/serenity/Userland/Libraries/LibPDF/Parser.cpp:83:20
    #13 0x65b173 in PDF::Parser::parse_indirect_value(unsigned int, unsigned int) /src/serenity/Userland/Libraries/LibPDF/Parser.cpp:148:18
    #14 0x64a0e1 in PDF::Parser::parse_possible_indirect_value_or_ref() /src/serenity/Userland/Libraries/LibPDF/Parser.cpp:133:16
    #15 0x64728d in PDF::Parser::parse_value(PDF::Parser::CanBeIndirectValue) /src/serenity/Userland/Libraries/LibPDF/Parser.cpp:83:20
    #16 0x65b173 in PDF::Parser::parse_indirect_value(unsigned int, unsigned int) /src/serenity/Userland/Libraries/LibPDF/Parser.cpp:148:18
    #17 0x64a0e1 in PDF::Parser::parse_possible_indirect_value_or_ref() /src/serenity/Userland/Libraries/LibPDF/Parser.cpp:133:16
    #18 0x64728d in PDF::Parser::parse_value(PDF::Parser::CanBeIndirectValue) /src/serenity/Userland/Libraries/LibPDF/Parser.cpp:83:20
    #19 0x65b173 in PDF::Parser::parse_indirect_value(unsigned int, unsigned int) /src/serenity/Userland/Libraries/LibPDF/Parser.cpp:148:18
    #20 0x64a0e1 in PDF::Parser::parse_possible_indirect_value_or_ref() /src/serenity/Userland/Libraries/LibPDF/Parser.cpp:133:16
    #21 0x64728d in PDF::Parser::parse_value(PDF::Parser::CanBeIndirectValue) /src/serenity/Userland/Libraries/LibPDF/Parser.cpp:83:20
    #22 0x65b173 in PDF::Parser::parse_indirect_value(unsigned int, unsigned int) /src/serenity/Userland/Libraries/LibPDF/Parser.cpp:148:18
    #23 0x64a0e1 in PDF::Parser::parse_possible_indirect_value_or_ref() /src/serenity/Userland/Libraries/LibPDF/Parser.cpp:133:16
    #24 0x64728d in PDF::Parser::parse_value(PDF::Parser::CanBeIndirectValue) /src/serenity/Userland/Libraries/LibPDF/Parser.cpp:83:20
    #25 0x65b173 in PDF::Parser::parse_indirect_value(unsigned int, unsigned int) /src/serenity/Userland/Libraries/LibPDF/Parser.cpp:148:18
    #26 0x64a0e1 in PDF::Parser::parse_possible_indirect_value_or_ref() /src/serenity/Userland/Libraries/LibPDF/Parser.cpp:133:16
    #27 0x64728d in PDF::Parser::parse_value(PDF::Parser::CanBeIndirectValue) /src/serenity/Userland/Libraries/LibPDF/Parser.cpp:83:20
    #28 0x65b173 in PDF::Parser::parse_indirect_value(unsigned int, unsigned int) /src/serenity/Userland/Libraries/LibPDF/Parser.cpp:148:18
    #29 0x64a0e1 in PDF::Parser::parse_possible_indirect_value_or_ref() /src/serenity/Userland/Libraries/LibPDF/Parser.cpp:133:16
    #30 0x64728d in PDF::Parser::parse_value(PDF::Parser::CanBeIndirectValue) /src/serenity/Userland/Libraries/LibPDF/Parser.cpp:83:20
    #31 0x65b173 in PDF::Parser::parse_indirect_value(unsigned int, unsigned int) /src/serenity/Userland/Libraries/LibPDF/Parser.cpp:148:18
    #32 0x64a0e1 in PDF::Parser::parse_possible_indirect_value_or_ref() /src/serenity/Userland/Libraries/LibPDF/Parser.cpp:133:16
    #33 0x64728d in PDF::Parser::parse_value(PDF::Parser::CanBeIndirectValue) /src/serenity/Userland/Libraries/LibPDF/Parser.cpp:83:20
    #34 0x65b173 in PDF::Parser::parse_indirect_value(unsigned int, unsigned int) /src/serenity/Userland/Libraries/LibPDF/Parser.cpp:148:18
    #35 0x64a0e1 in PDF::Parser::parse_possible_indirect_value_or_ref() /src/serenity/Userland/Libraries/LibPDF/Parser.cpp:133:16
    #36 0x64728d in PDF::Parser::parse_value(PDF::Parser::CanBeIndirectValue) /src/serenity/Userland/Libraries/LibPDF/Parser.cpp:83:20
    #37 0x65b173 in PDF::Parser::parse_indirect_value(unsigned int, unsigned int) /src/serenity/Userland/Libraries/LibPDF/Parser.cpp:148:18
    #38 0x64a0e1 in PDF::Parser::parse_possible_indirect_value_or_ref() /src/serenity/Userland/Libraries/LibPDF/Parser.cpp:133:16
    #39 0x64728d in PDF::Parser::parse_value(PDF::Parser::CanBeIndirectValue) /src/serenity/Userland/Libraries/LibPDF/Parser.cpp:83:20
    #40 0x65b173 in PDF::Parser::parse_indirect_value(unsigned int, unsigned int) /src/serenity/Userland/Libraries/LibPDF/Parser.cpp:148:18
    #41 0x64a0e1 in PDF::Parser::parse_possible_indirect_value_or_ref() /src/serenity/Userland/Libraries/LibPDF/Parser.cpp:133:16
    #42 0x64728d in PDF::Parser::parse_value(PDF::Parser::CanBeIndirectValue) /src/serenity/Userland/Libraries/LibPDF/Parser.cpp:83:20
    #43 0x65b173 in PDF::Parser::parse_indirect_value(unsigned int, unsigned int) /src/serenity/Userland/Libraries/LibPDF/Parser.cpp:148:18
    #44 0x64a0e1 in PDF::Parser::parse_possible_indirect_value_or_ref() /src/serenity/Userland/Libraries/LibPDF/Parser.cpp:133:16
    #45 0x64728d in PDF::Parser::parse_value(PDF::Parser::CanBeIndirectValue) /src/serenity/Userland/Libraries/LibPDF/Parser.cpp:83:20
    #46 0x65b173 in PDF::Parser::parse_indirect_value(unsigned int, unsigned int) /src/serenity/Userland/Libraries/LibPDF/Parser.cpp:148:18
    #47 0x64a0e1 in PDF::Parser::parse_possible_indirect_value_or_ref() /src/serenity/Userland/Libraries/LibPDF/Parser.cpp:133:16
    #48 0x64728d in PDF::Parser::parse_value(PDF::Parser::CanBeIndirectValue) /src/serenity/Userland/Libraries/LibPDF/Parser.cpp:83:20
    #49 0x65b173 in PDF::Parser::parse_indirect_value(unsigned int, unsigned int) /src/serenity/Userland/Libraries/LibPDF/Parser.cpp:148:18
    #50 0x64a0e1 in PDF::Parser::parse_possible_indirect_value_or_ref() /src/serenity/Userland/Libraries/LibPDF/Parser.cpp:133:16
    #51 0x64728d in PDF::Parser::parse_value(PDF::Parser::CanBeIndirectValue) /src/serenity/Userland/Libraries/LibPDF/Parser.cpp:83:20
    #52 0x65b173 in PDF::Parser::parse_indirect_value(unsigned int, unsigned int) /src/serenity/Userland/Libraries/LibPDF/Parser.cpp:148:18
    #53 0x64a0e1 in PDF::Parser::parse_possible_indirect_value_or_ref() /src/serenity/Userland/Libraries/LibPDF/Parser.cpp:133:16
    #54 0x64728d in PDF::Parser::parse_value(PDF::Parser::CanBeIndirectValue) /src/serenity/Userland/Libraries/LibPDF/Parser.cpp:83:20
    #55 0x65b173 in PDF::Parser::parse_indirect_value(unsigned int, unsigned int) /src/serenity/Userland/Libraries/LibPDF/Parser.cpp:148:18
    #56 0x64a0e1 in PDF::Parser::parse_possible_indirect_value_or_ref() /src/serenity/Userland/Libraries/LibPDF/Parser.cpp:133:16
    #57 0x64728d in PDF::Parser::parse_value(PDF::Parser::CanBeIndirectValue) /src/serenity/Userland/Libraries/LibPDF/Parser.cpp:83:20
    #58 0x65b173 in PDF::Parser::parse_indirect_value(unsigned int, unsigned int) /src/serenity/Userland/Libraries/LibPDF/Parser.cpp:148:18
    #59 0x64a0e1 in PDF::Parser::parse_possible_indirect_value_or_ref() /src/serenity/Userland/Libraries/LibPDF/Parser.cpp:133:16
    #60 0x64728d in PDF::Parser::parse_value(PDF::Parser::CanBeIndirectValue) /src/serenity/Userland/Libraries/LibPDF/Parser.cpp:83:20
    #61 0x65b173 in PDF::Parser::parse_indirect_value(unsigned int, unsigned int) /src/serenity/Userland/Libraries/LibPDF/Parser.cpp:148:18
    #62 0x64a0e1 in PDF::Parser::parse_possible_indirect_value_or_ref() /src/serenity/Userland/Libraries/LibPDF/Parser.cpp:133:16
    #63 0x64728d in PDF::Parser::parse_value(PDF::Parser::CanBeIndirectValue) /src/serenity/Userland/Libraries/LibPDF/Parser.cpp:83:20
    #64 0x65b173 in PDF::Parser::parse_indirect_value(unsigned int, unsigned int) /src/serenity/Userland/Libraries/LibPDF/Parser.cpp:148:18
    #65 0x64a0e1 in PDF::Parser::parse_possible_indirect_value_or_ref() /src/serenity/Userland/Libraries/LibPDF/Parser.cpp:133:16
    #66 0x64728d in PDF::Parser::parse_value(PDF::Parser::CanBeIndirectValue) /src/serenity/Userland/Libraries/LibPDF/Parser.cpp:83:20
    #67 0x65b173 in PDF::Parser::parse_indirect_value(unsigned int, unsigned int) /src/serenity/Userland/Libraries/LibPDF/Parser.cpp:148:18
    #68 0x64a0e1 in PDF::Parser::parse_possible_indirect_value_or_ref() /src/serenity/Userland/Libraries/LibPDF/Parser.cpp:133:16
    #69 0x64728d in PDF::Parser::parse_value(PDF::Parser::CanBeIndirectValue) /src/serenity/Userland/Libraries/LibPDF/Parser.cpp:83:20
    #70 0x65b173 in PDF::Parser::parse_indirect_value(unsigned int, unsigned int) /src/serenity/Userland/Libraries/LibPDF/Parser.cpp:148:18
    #71 0x64a0e1 in PDF::Parser::parse_possible_indirect_value_or_ref() /src/serenity/Userland/Libraries/LibPDF/Parser.cpp:133:16
    #72 0x64728d in PDF::Parser::parse_value(PDF::Parser::CanBeIndirectValue) /src/serenity/Userland/Libraries/LibPDF/Parser.cpp:83:20
    #73 0x65b173 in PDF::Parser::parse_indirect_value(unsigned int, unsigned int) /src/serenity/Userland/Libraries/LibPDF/Parser.cpp:148:18
    #74 0x64a0e1 in PDF::Parser::parse_possible_indirect_value_or_ref() /src/serenity/Userland/Libraries/LibPDF/Parser.cpp:133:16
    #75 0x64728d in PDF::Parser::parse_value(PDF::Parser::CanBeIndirectValue) /src/serenity/Userland/Libraries/LibPDF/Parser.cpp:83:20
    #76 0x65b173 in PDF::Parser::parse_indirect_value(unsigned int, unsigned int) /src/serenity/Userland/Libraries/LibPDF/Parser.cpp:148:18
    #77 0x64a0e1 in PDF::Parser::parse_possible_indirect_value_or_ref() /src/serenity/Userland/Libraries/LibPDF/Parser.cpp:133:16
    #78 0x64728d in PDF::Parser::parse_value(PDF::Parser::CanBeIndirectValue) /src/serenity/Userland/Libraries/LibPDF/Parser.cpp:83:20
    #79 0x65b173 in PDF::Parser::parse_indirect_value(unsigned int, unsigned int) /src/serenity/Userland/Libraries/LibPDF/Parser.cpp:148:18
    #80 0x64a0e1 in PDF::Parser::parse_possible_indirect_value_or_ref() /src/serenity/Userland/Libraries/LibPDF/Parser.cpp:133:16
    #81 0x64728d in PDF::Parser::parse_value(PDF::Parser::CanBeIndirectValue) /src/serenity/Userland/Libraries/LibPDF/Parser.cpp:83:20
    #82 0x65b173 in PDF::Parser::parse_indirect_value(unsigned int, unsigned int) /src/serenity/Userland/Libraries/LibPDF/Parser.cpp:148:18
    #83 0x64a0e1 in PDF::Parser::parse_possible_indirect_value_or_ref() /src/serenity/Userland/Libraries/LibPDF/Parser.cpp:133:16
    #84 0x64728d in PDF::Parser::parse_value(PDF::Parser::CanBeIndirectValue) /src/serenity/Userland/Libraries/LibPDF/Parser.cpp:83:20
    #85 0x65b173 in PDF::Parser::parse_indirect_value(unsigned int, unsigned int) /src/serenity/Userland/Libraries/LibPDF/Parser.cpp:148:18
    #86 0x64a0e1 in PDF::Parser::parse_possible_indirect_value_or_ref() /src/serenity/Userland/Libraries/LibPDF/Parser.cpp:133:16
    #87 0x64728d in PDF::Parser::parse_value(PDF::Parser::CanBeIndirectValue) /src/serenity/Userland/Libraries/LibPDF/Parser.cpp:83:20
    #88 0x65b173 in PDF::Parser::parse_indirect_value(unsigned int, unsigned int) /src/serenity/Userland/Libraries/LibPDF/Parser.cpp:148:18
    #89 0x64a0e1 in PDF::Parser::parse_possible_indirect_value_or_ref() /src/serenity/Userland/Libraries/LibPDF/Parser.cpp:133:16
    #90 0x64728d in PDF::Parser::parse_value(PDF::Parser::CanBeIndirectValue) /src/serenity/Userland/Libraries/LibPDF/Parser.cpp:83:20
    #91 0x65b173 in PDF::Parser::parse_indirect_value(unsigned int, unsigned int) /src/serenity/Userland/Libraries/LibPDF/Parser.cpp:148:18
    #92 0x64a0e1 in PDF::Parser::parse_possible_indirect_value_or_ref() /src/serenity/Userland/Libraries/LibPDF/Parser.cpp:133:16
    #93 0x64728d in PDF::Parser::parse_value(PDF::Parser::CanBeIndirectValue) /src/serenity/Userland/Libraries/LibPDF/Parser.cpp:83:20
    #94 0x65b173 in PDF::Parser::parse_indirect_value(unsigned int, unsigned int) /src/serenity/Userland/Libraries/LibPDF/Parser.cpp:148:18
    #95 0x64a0e1 in PDF::Parser::parse_possible_indirect_value_or_ref() /src/serenity/Userland/Libraries/LibPDF/Parser.cpp:133:16
    #96 0x64728d in PDF::Parser::parse_value(PDF::Parser::CanBeIndirectValue) /src/serenity/Userland/Libraries/LibPDF/Parser.cpp:83:20
    #97 0x65b173 in PDF::Parser::parse_indirect_value(unsigned int, unsigned int) /src/serenity/Userland/Libraries/LibPDF/Parser.cpp:148:18
    #98 0x64a0e1 in PDF::Parser::parse_possible_indirect_value_or_ref() /src/serenity/Userland/Libraries/LibPDF/Parser.cpp:133:16
    #99 0x64728d in PDF::Parser::parse_value(PDF::Parser::CanBeIndirectValue) /src/serenity/Userland/Libraries/LibPDF/Parser.cpp:83:20
    #100 0x65b173 in PDF::Parser::parse_indirect_value(unsigned int, unsigned int) /src/serenity/Userland/Libraries/LibPDF/Parser.cpp:148:18
    #101 0x64a0e1 in PDF::Parser::parse_possible_indirect_value_or_ref() /src/serenity/Userland/Libraries/LibPDF/Parser.cpp:133:16
    #102 0x64728d in PDF::Parser::parse_value(PDF::Parser::CanBeIndirectValue) /src/serenity/Userland/Libraries/LibPDF/Parser.cpp:83:20
    #103 0x65b173 in PDF::Parser::parse_indirect_value(unsigned int, unsigned int) /src/serenity/Userland/Libraries/LibPDF/Parser.cpp:148:18
    #104 0x64a0e1 in PDF::Parser::parse_possible_indirect_value_or_ref() /src/serenity/Userland/Libraries/LibPDF/Parser.cpp:133:16
    #105 0x64728d in PDF::Parser::parse_value(PDF::Parser::CanBeIndirectValue) /src/serenity/Userland/Libraries/LibPDF/Parser.cpp:83:20
    #106 0x65b173 in PDF::Parser::parse_indirect_value(unsigned int, unsigned int) /src/serenity/Userland/Libraries/LibPDF/Parser.cpp:148:18
    #107 0x64a0e1 in PDF::Parser::parse_possible_indirect_value_or_ref() /src/serenity/Userland/Libraries/LibPDF/Parser.cpp:133:16
    #108 0x64728d in PDF::Parser::parse_value(PDF::Parser::CanBeIndirectValue) /src/serenity/Userland/Libraries/LibPDF/Parser.cpp:83:20
    #109 0x65b173 in PDF::Parser::parse_indirect_value(unsigned int, unsigned int) /src/serenity/Userland/Libraries/LibPDF/Parser.cpp:148:18
    #110 0x64a0e1 in PDF::Parser::parse_possible_indirect_value_or_ref() /src/serenity/Userland/Libraries/LibPDF/Parser.cpp:133:16
    #111 0x64728d in PDF::Parser::parse_value(PDF::Parser::CanBeIndirectValue) /src/serenity/Userland/Libraries/LibPDF/Parser.cpp:83:20
    #112 0x65b173 in PDF::Parser::parse_indirect_value(unsigned int, unsigned int) /src/serenity/Userland/Libraries/LibPDF/Parser.cpp:148:18
    #113 0x64a0e1 in PDF::Parser::parse_possible_indirect_value_or_ref() /src/serenity/Userland/Libraries/LibPDF/Parser.cpp:133:16
    #114 0x64728d in PDF::Parser::parse_value(PDF::Parser::CanBeIndirectValue) /src/serenity/Userland/Libraries/LibPDF/Parser.cpp:83:20
    #115 0x65b173 in PDF::Parser::parse_indirect_value(unsigned int, unsigned int) /src/serenity/Userland/Libraries/LibPDF/Parser.cpp:148:18
    #116 0x64a0e1 in PDF::Parser::parse_possible_indirect_value_or_ref() /src/serenity/Userland/Libraries/LibPDF/Parser.cpp:133:16
    #117 0x64728d in PDF::Parser::parse_value(PDF::Parser::CanBeIndirectValue) /src/serenity/Userland/Libraries/LibPDF/Parser.cpp:83:20
    #118 0x65b173 in PDF::Parser::parse_indirect_value(unsigned int, unsigned int) /src/serenity/Userland/Libraries/LibPDF/Parser.cpp:148:18
    #119 0x64a0e1 in PDF::Parser::parse_possible_indirect_value_or_ref() /src/serenity/Userland/Libraries/LibPDF/Parser.cpp:133:16
    #120 0x64728d in PDF::Parser::parse_value(PDF::Parser::CanBeIndirectValue) /src/serenity/Userland/Libraries/LibPDF/Parser.cpp:83:20
    #121 0x65b173 in PDF::Parser::parse_indirect_value(unsigned int, unsigned int) /src/serenity/Userland/Libraries/LibPDF/Parser.cpp:148:18
    #122 0x64a0e1 in PDF::Parser::parse_possible_indirect_value_or_ref() /src/serenity/Userland/Libraries/LibPDF/Parser.cpp:133:16
    #123 0x64728d in PDF::Parser::parse_value(PDF::Parser::CanBeIndirectValue) /src/serenity/Userland/Libraries/LibPDF/Parser.cpp:83:20
    #124 0x65b173 in PDF::Parser::parse_indirect_value(unsigned int, unsigned int) /src/serenity/Userland/Libraries/LibPDF/Parser.cpp:148:18
    #125 0x64a0e1 in PDF::Parser::parse_possible_indirect_value_or_ref() /src/serenity/Userland/Libraries/LibPDF/Parser.cpp:133:16
    #126 0x64728d in PDF::Parser::parse_value(PDF::Parser::CanBeIndirectValue) /src/serenity/Userland/Libraries/LibPDF/Parser.cpp:83:20
    #127 0x65b173 in PDF::Parser::parse_indirect_value(unsigned int, unsigned int) /src/serenity/Userland/Libraries/LibPDF/Parser.cpp:148:18
    #128 0x64a0e1 in PDF::Parser::parse_possible_indirect_value_or_ref() /src/serenity/Userland/Libraries/LibPDF/Parser.cpp:133:16
    #129 0x64728d in PDF::Parser::parse_value(PDF::Parser::CanBeIndirectValue) /src/serenity/Userland/Libraries/LibPDF/Parser.cpp:83:20
    #130 0x65b173 in PDF::Parser::parse_indirect_value(unsigned int, unsigned int) /src/serenity/Userland/Libraries/LibPDF/Parser.cpp:148:18
    #131 0x64a0e1 in PDF::Parser::parse_possible_indirect_value_or_ref() /src/serenity/Userland/Libraries/LibPDF/Parser.cpp:133:16
    #132 0x64728d in PDF::Parser::parse_value(PDF::Parser::CanBeIndirectValue) /src/serenity/Userland/Libraries/LibPDF/Parser.cpp:83:20
    #133 0x65b173 in PDF::Parser::parse_indirect_value(unsigned int, unsigned int) /src/serenity/Userland/Libraries/LibPDF/Parser.cpp:148:18
    #134 0x64a0e1 in PDF::Parser::parse_possible_indirect_value_or_ref() /src/serenity/Userland/Libraries/LibPDF/Parser.cpp:133:16
    #135 0x64728d in PDF::Parser::parse_value(PDF::Parser::CanBeIndirectValue) /src/serenity/Userland/Libraries/LibPDF/Parser.cpp:83:20
    #136 0x65b173 in PDF::Parser::parse_indirect_value(unsigned int, unsigned int) /src/serenity/Userland/Libraries/LibPDF/Parser.cpp:148:18
    #137 0x64a0e1 in PDF::Parser::parse_possible_indirect_value_or_ref() /src/serenity/Userland/Libraries/LibPDF/Parser.cpp:133:16
    #138 0x64728d in PDF::Parser::parse_value(PDF::Parser::CanBeIndirectValue) /src/serenity/Userland/Libraries/LibPDF/Parser.cpp:83:20
    #139 0x65b173 in PDF::Parser::parse_indirect_value(unsigned int, unsigned int) /src/serenity/Userland/Libraries/LibPDF/Parser.cpp:148:18
    #140 0x64a0e1 in PDF::Parser::parse_possible_indirect_value_or_ref() /src/serenity/Userland/Libraries/LibPDF/Parser.cpp:133:16
    #141 0x64728d in PDF::Parser::parse_value(PDF::Parser::CanBeIndirectValue) /src/serenity/Userland/Libraries/LibPDF/Parser.cpp:83:20
    #142 0x65b173 in PDF::Parser::parse_indirect_value(unsigned int, unsigned int) /src/serenity/Userland/Libraries/LibPDF/Parser.cpp:148:18
    #143 0x64a0e1 in PDF::Parser::parse_possible_indirect_value_or_ref() /src/serenity/Userland/Libraries/LibPDF/Parser.cpp:133:16
    #144 0x64728d in PDF::Parser::parse_value(PDF::Parser::CanBeIndirectValue) /src/serenity/Userland/Libraries/LibPDF/Parser.cpp:83:20
    #145 0x65b173 in PDF::Parser::parse_indirect_value(unsigned int, unsigned int) /src/serenity/Userland/Libraries/LibPDF/Parser.cpp:148:18
    #146 0x64a0e1 in PDF::Parser::parse_possible_indirect_value_or_ref() /src/serenity/Userland/Libraries/LibPDF/Parser.cpp:133:16
    #147 0x64728d in PDF::Parser::parse_value(PDF::Parser::CanBeIndirectValue) /src/serenity/Userland/Libraries/LibPDF/Parser.cpp:83:20
    #148 0x65b173 in PDF::Parser::parse_indirect_value(unsigned int, unsigned int) /src/serenity/Userland/Libraries/LibPDF/Parser.cpp:148:18
    #149 0x64a0e1 in PDF::Parser::parse_possible_indirect_value_or_ref() /src/serenity/Userland/Libraries/LibPDF/Parser.cpp:133:16
    #150 0x64728d in PDF::Parser::parse_value(PDF::Parser::CanBeIndirectValue) /src/serenity/Userland/Libraries/LibPDF/Parser.cpp:83:20
    #151 0x65b173 in PDF::Parser::parse_indirect_value(unsigned int, unsigned int) /src/serenity/Userland/Libraries/LibPDF/Parser.cpp:148:18
    #152 0x64a0e1 in PDF::Parser::parse_possible_indirect_value_or_ref() /src/serenity/Userland/Libraries/LibPDF/Parser.cpp:133:16
    #153 0x64728d in PDF::Parser::parse_value(PDF::Parser::CanBeIndirectValue) /src/serenity/Userland/Libraries/LibPDF/Parser.cpp:83:20
    #154 0x65b173 in PDF::Parser::parse_indirect_value(unsigned int, unsigned int) /src/serenity/Userland/Libraries/LibPDF/Parser.cpp:148:18
    #155 0x64a0e1 in PDF::Parser::parse_possible_indirect_value_or_ref() /src/serenity/Userland/Libraries/LibPDF/Parser.cpp:133:16
    #156 0x64728d in PDF::Parser::parse_value(PDF::Parser::CanBeIndirectValue) /src/serenity/Userland/Libraries/LibPDF/Parser.cpp:83:20
    #157 0x65b173 in PDF::Parser::parse_indirect_value(unsigned int, unsigned int) /src/serenity/Userland/Libraries/LibPDF/Parser.cpp:148:18
    #158 0x64a0e1 in PDF::Parser::parse_possible_indirect_value_or_ref() /src/serenity/Userland/Libraries/LibPDF/Parser.cpp:133:16
    #159 0x64728d in PDF::Parser::parse_value(PDF::Parser::CanBeIndirectValue) /src/serenity/Userland/Libraries/LibPDF/Parser.cpp:83:20
    #160 0x65b173 in PDF::Parser::parse_indirect_value(unsigned int, unsigned int) /src/serenity/Userland/Libraries/LibPDF/Parser.cpp:148:18
    #161 0x64a0e1 in PDF::Parser::parse_possible_indirect_value_or_ref() /src/serenity/Userland/Libraries/LibPDF/Parser.cpp:133:16
    #162 0x64728d in PDF::Parser::parse_value(PDF::Parser::CanBeIndirectValue) /src/serenity/Userland/Libraries/LibPDF/Parser.cpp:83:20
    #163 0x65b173 in PDF::Parser::parse_indirect_value(unsigned int, unsigned int) /src/serenity/Userland/Libraries/LibPDF/Parser.cpp:148:18
    #164 0x64a0e1 in PDF::Parser::parse_possible_indirect_value_or_ref() /src/serenity/Userland/Libraries/LibPDF/Parser.cpp:133:16
    #165 0x64728d in PDF::Parser::parse_value(PDF::Parser::CanBeIndirectValue) /src/serenity/Userland/Libraries/LibPDF/Parser.cpp:83:20
    #166 0x65b173 in PDF::Parser::parse_indirect_value(unsigned int, unsigned int) /src/serenity/Userland/Libraries/LibPDF/Parser.cpp:148:18
    #167 0x64a0e1 in PDF::Parser::parse_possible_indirect_value_or_ref() /src/serenity/Userland/Libraries/LibPDF/Parser.cpp:133:16
    #168 0x64728d in PDF::Parser::parse_value(PDF::Parser::CanBeIndirectValue) /src/serenity/Userland/Libraries/LibPDF/Parser.cpp:83:20
    #169 0x65b173 in PDF::Parser::parse_indirect_value(unsigned int, unsigned int) /src/serenity/Userland/Libraries/LibPDF/Parser.cpp:148:18
    #170 0x64a0e1 in PDF::Parser::parse_possible_indirect_value_or_ref() /src/serenity/Userland/Libraries/LibPDF/Parser.cpp:133:16
    #171 0x64728d in PDF::Parser::parse_value(PDF::Parser::CanBeIndirectValue) /src/serenity/Userland/Libraries/LibPDF/Parser.cpp:83:20
    #172 0x65b173 in PDF::Parser::parse_indirect_value(unsigned int, unsigned int) /src/serenity/Userland/Libraries/LibPDF/Parser.cpp:148:18
    #173 0x64a0e1 in PDF::Parser::parse_possible_indirect_value_or_ref() /src/serenity/Userland/Libraries/LibPDF/Parser.cpp:133:16
    #174 0x64728d in PDF::Parser::parse_value(PDF::Parser::CanBeIndirectValue) /src/serenity/Userland/Libraries/LibPDF/Parser.cpp:83:20
    #175 0x65b173 in PDF::Parser::parse_indirect_value(unsigned int, unsigned int) /src/serenity/Userland/Libraries/LibPDF/Parser.cpp:148:18
    #176 0x64a0e1 in PDF::Parser::parse_possible_indirect_value_or_ref() /src/serenity/Userland/Libraries/LibPDF/Parser.cpp:133:16
    #177 0x64728d in PDF::Parser::parse_value(PDF::Parser::CanBeIndirectValue) /src/serenity/Userland/Libraries/LibPDF/Parser.cpp:83:20
    #178 0x65b173 in PDF::Parser::parse_indirect_value(unsigned int, unsigned int) /src/serenity/Userland/Libraries/LibPDF/Parser.cpp:148:18
    #179 0x64a0e1 in PDF::Parser::parse_possible_indirect_value_or_ref() /src/serenity/Userland/Libraries/LibPDF/Parser.cpp:133:16
    #180 0x64728d in PDF::Parser::parse_value(PDF::Parser::CanBeIndirectValue) /src/serenity/Userland/Libraries/LibPDF/Parser.cpp:83:20
    #181 0x65b173 in PDF::Parser::parse_indirect_value(unsigned int, unsigned int) /src/serenity/Userland/Libraries/LibPDF/Parser.cpp:148:18
    #182 0x64a0e1 in PDF::Parser::parse_possible_indirect_value_or_ref() /src/serenity/Userland/Libraries/LibPDF/Parser.cpp:133:16
    #183 0x64728d in PDF::Parser::parse_value(PDF::Parser::CanBeIndirectValue) /src/serenity/Userland/Libraries/LibPDF/Parser.cpp:83:20
    #184 0x65b173 in PDF::Parser::parse_indirect_value(unsigned int, unsigned int) /src/serenity/Userland/Libraries/LibPDF/Parser.cpp:148:18
    #185 0x64a0e1 in PDF::Parser::parse_possible_indirect_value_or_ref() /src/serenity/Userland/Libraries/LibPDF/Parser.cpp:133:16
    #186 0x64728d in PDF::Parser::parse_value(PDF::Parser::CanBeIndirectValue) /src/serenity/Userland/Libraries/LibPDF/Parser.cpp:83:20
    #187 0x65b173 in PDF::Parser::parse_indirect_value(unsigned int, unsigned int) /src/serenity/Userland/Libraries/LibPDF/Parser.cpp:148:18
    #188 0x64a0e1 in PDF::Parser::parse_possible_indirect_value_or_ref() /src/serenity/Userland/Libraries/LibPDF/Parser.cpp:133:16
    #189 0x64728d in PDF::Parser::parse_value(PDF::Parser::CanBeIndirectValue) /src/serenity/Userland/Libraries/LibPDF/Parser.cpp:83:20
    #190 0x65b173 in PDF::Parser::parse_indirect_value(unsigned int, unsigned int) /src/serenity/Userland/Libraries/LibPDF/Parser.cpp:148:18
    #191 0x64a0e1 in PDF::Parser::parse_possible_indirect_value_or_ref() /src/serenity/Userland/Libraries/LibPDF/Parser.cpp:133:16
    #192 0x64728d in PDF::Parser::parse_value(PDF::Parser::CanBeIndirectValue) /src/serenity/Userland/Libraries/LibPDF/Parser.cpp:83:20
    #193 0x65b173 in PDF::Parser::parse_indirect_value(unsigned int, unsigned int) /src/serenity/Userland/Libraries/LibPDF/Parser.cpp:148:18
    #194 0x64a0e1 in PDF::Parser::parse_possible_indirect_value_or_ref() /src/serenity/Userland/Libraries/LibPDF/Parser.cpp:133:16
    #195 0x64728d in PDF::Parser::parse_value(PDF::Parser::CanBeIndirectValue) /src/serenity/Userland/Libraries/LibPDF/Parser.cpp:83:20
    #196 0x65b173 in PDF::Parser::parse_indirect_value(unsigned int, unsigned int) /src/serenity/Userland/Libraries/LibPDF/Parser.cpp:148:18
    #197 0x64a0e1 in PDF::Parser::parse_possible_indirect_value_or_ref() /src/serenity/Userland/Libraries/LibPDF/Parser.cpp:133:16
    #198 0x64728d in PDF::Parser::parse_value(PDF::Parser::CanBeIndirectValue) /src/serenity/Userland/Libraries/LibPDF/Parser.cpp:83:20
    #199 0x65b173 in PDF::Parser::parse_indirect_value(unsigned int, unsigned int) /src/serenity/Userland/Libraries/LibPDF/Parser.cpp:148:18
    #200 0x64a0e1 in PDF::Parser::parse_possible_indirect_value_or_ref() /src/serenity/Userland/Libraries/LibPDF/Parser.cpp:133:16
    #201 0x64728d in PDF::Parser::parse_value(PDF::Parser::CanBeIndirectValue) /src/serenity/Userland/Libraries/LibPDF/Parser.cpp:83:20
    #202 0x65b173 in PDF::Parser::parse_indirect_value(unsigned int, unsigned int) /src/serenity/Userland/Libraries/LibPDF/Parser.cpp:148:18
    #203 0x64a0e1 in PDF::Parser::parse_possible_indirect_value_or_ref() /src/serenity/Userland/Libraries/LibPDF/Parser.cpp:133:16
    #204 0x64728d in PDF::Parser::parse_value(PDF::Parser::CanBeIndirectValue) /src/serenity/Userland/Libraries/LibPDF/Parser.cpp:83:20
    #205 0x65b173 in PDF::Parser::parse_indirect_value(unsigned int, unsigned int) /src/serenity/Userland/Libraries/LibPDF/Parser.cpp:148:18
    #206 0x64a0e1 in PDF::Parser::parse_possible_indirect_value_or_ref() /src/serenity/Userland/Libraries/LibPDF/Parser.cpp:133:16
    #207 0x64728d in PDF::Parser::parse_value(PDF::Parser::CanBeIndirectValue) /src/serenity/Userland/Libraries/LibPDF/Parser.cpp:83:20
    #208 0x65b173 in PDF::Parser::parse_indirect_value(unsigned int, unsigned int) /src/serenity/Userland/Libraries/LibPDF/Parser.cpp:148:18
    #209 0x64a0e1 in PDF::Parser::parse_possible_indirect_value_or_ref() /src/serenity/Userland/Libraries/LibPDF/Parser.cpp:133:16
    #210 0x64728d in PDF::Parser::parse_value(PDF::Parser::CanBeIndirectValue) /src/serenity/Userland/Libraries/LibPDF/Parser.cpp:83:20
    #211 0x65b173 in PDF::Parser::parse_indirect_value(unsigned int, unsigned int) /src/serenity/Userland/Libraries/LibPDF/Parser.cpp:148:18
    #212 0x64a0e1 in PDF::Parser::parse_possible_indirect_value_or_ref() /src/serenity/Userland/Libraries/LibPDF/Parser.cpp:133:16
    #213 0x64728d in PDF::Parser::parse_value(PDF::Parser::CanBeIndirectValue) /src/serenity/Userland/Libraries/LibPDF/Parser.cpp:83:20
    #214 0x65b173 in PDF::Parser::parse_indirect_value(unsigned int, unsigned int) /src/serenity/Userland/Libraries/LibPDF/Parser.cpp:148:18
    #215 0x64a0e1 in PDF::Parser::parse_possible_indirect_value_or_ref() /src/serenity/Userland/Libraries/LibPDF/Parser.cpp:133:16
    #216 0x64728d in PDF::Parser::parse_value(PDF::Parser::CanBeIndirectValue) /src/serenity/Userland/Libraries/LibPDF/Parser.cpp:83:20
    #217 0x65b173 in PDF::Parser::parse_indirect_value(unsigned int, unsigned int) /src/serenity/Userland/Libraries/LibPDF/Parser.cpp:148:18
    #218 0x64a0e1 in PDF::Parser::parse_possible_indirect_value_or_ref() /src/serenity/Userland/Libraries/LibPDF/Parser.cpp:133:16
    #219 0x64728d in PDF::Parser::parse_value(PDF::Parser::CanBeIndirectValue) /src/serenity/Userland/Libraries/LibPDF/Parser.cpp:83:20
    #220 0x65b173 in PDF::Parser::parse_indirect_value(unsigned int, unsigned int) /src/serenity/Userland/Libraries/LibPDF/Parser.cpp:148:18
    #221 0x64a0e1 in PDF::Parser::parse_possible_indirect_value_or_ref() /src/serenity/Userland/Libraries/LibPDF/Parser.cpp:133:16
    #222 0x64728d in PDF::Parser::parse_value(PDF::Parser::CanBeIndirectValue) /src/serenity/Userland/Libraries/LibPDF/Parser.cpp:83:20
    #223 0x65b173 in PDF::Parser::parse_indirect_value(unsigned int, unsigned int) /src/serenity/Userland/Libraries/LibPDF/Parser.cpp:148:18
    #224 0x64a0e1 in PDF::Parser::parse_possible_indirect_value_or_ref() /src/serenity/Userland/Libraries/LibPDF/Parser.cpp:133:16
    #225 0x64728d in PDF::Parser::parse_value(PDF::Parser::CanBeIndirectValue) /src/serenity/Userland/Libraries/LibPDF/Parser.cpp:83:20
    #226 0x65b173 in PDF::Parser::parse_indirect_value(unsigned int, unsigned int) /src/serenity/Userland/Libraries/LibPDF/Parser.cpp:148:18
    #227 0x64a0e1 in PDF::Parser::parse_possible_indirect_value_or_ref() /src/serenity/Userland/Libraries/LibPDF/Parser.cpp:133:16
    #228 0x64728d in PDF::Parser::parse_value(PDF::Parser::CanBeIndirectValue) /src/serenity/Userland/Libraries/LibPDF/Parser.cpp:83:20
    #229 0x65b173 in PDF::Parser::parse_indirect_value(unsigned int, unsigned int) /src/serenity/Userland/Libraries/LibPDF/Parser.cpp:148:18
    #230 0x64a0e1 in PDF::Parser::parse_possible_indirect_value_or_ref() /src/serenity/Userland/Libraries/LibPDF/Parser.cpp:133:16
    #231 0x64728d in PDF::Parser::parse_value(PDF::Parser::CanBeIndirectValue) /src/serenity/Userland/Libraries/LibPDF/Parser.cpp:83:20
    #232 0x65b173 in PDF::Parser::parse_indirect_value(unsigned int, unsigned int) /src/serenity/Userland/Libraries/LibPDF/Parser.cpp:148:18
    #233 0x64a0e1 in PDF::Parser::parse_possible_indirect_value_or_ref() /src/serenity/Userland/Libraries/LibPDF/Parser.cpp:133:16
    #234 0x64728d in PDF::Parser::parse_value(PDF::Parser::CanBeIndirectValue) /src/serenity/Userland/Libraries/LibPDF/Parser.cpp:83:20
    #235 0x65b173 in PDF::Parser::parse_indirect_value(unsigned int, unsigned int) /src/serenity/Userland/Libraries/LibPDF/Parser.cpp:148:18
    #236 0x64a0e1 in PDF::Parser::parse_possible_indirect_value_or_ref() /src/serenity/Userland/Libraries/LibPDF/Parser.cpp:133:16
    #237 0x64728d in PDF::Parser::parse_value(PDF::Parser::CanBeIndirectValue) /src/serenity/Userland/Libraries/LibPDF/Parser.cpp:83:20
    #238 0x65b173 in PDF::Parser::parse_indirect_value(unsigned int, unsigned int) /src/serenity/Userland/Libraries/LibPDF/Parser.cpp:148:18
    #239 0x64a0e1 in PDF::Parser::parse_possible_indirect_value_or_ref() /src/serenity/Userland/Libraries/LibPDF/Parser.cpp:133:16
    #240 0x64728d in PDF::Parser::parse_value(PDF::Parser::CanBeIndirectValue) /src/serenity/Userland/Libraries/LibPDF/Parser.cpp:83:20
    #241 0x65b173 in PDF::Parser::parse_indirect_value(unsigned int, unsigned int) /src/serenity/Userland/Libraries/LibPDF/Parser.cpp:148:18
    #242 0x64a0e1 in PDF::Parser::parse_possible_indirect_value_or_ref() /src/serenity/Userland/Libraries/LibPDF/Parser.cpp:133:16
    #243 0x64728d in PDF::Parser::parse_value(PDF::Parser::CanBeIndirectValue) /src/serenity/Userland/Libraries/LibPDF/Parser.cpp:83:20
    #244 0x65b173 in PDF::Parser::parse_indirect_value(unsigned int, unsigned int) /src/serenity/Userland/Libraries/LibPDF/Parser.cpp:148:18
    #245 0x64a0e1 in PDF::Parser::parse_possible_indirect_value_or_ref() /src/serenity/Userland/Libraries/LibPDF/Parser.cpp:133:16
    #246 0x64728d in PDF::Parser::parse_value(PDF::Parser::CanBeIndirectValue) /src/serenity/Userland/Libraries/LibPDF/Parser.cpp:83:20
    #247 0x65b173 in PDF::Parser::parse_indirect_value(unsigned int, unsigned int) /src/serenity/Userland/Libraries/LibPDF/Parser.cpp:148:18
    #248 0x64a0e1 in PDF::Parser::parse_possible_indirect_value_or_ref() /src/serenity/Userland/Libraries/LibPDF/Parser.cpp:133:16
    #249 0x64728d in PDF::Parser::parse_value(PDF::Parser::CanBeIndirectValue) /src/serenity/Userland/Libraries/LibPDF/Parser.cpp:83:20
    #250 0x65b173 in PDF::Parser::parse_indirect_value(unsigned int, unsigned int) /src/serenity/Userland/Libraries/LibPDF/Parser.cpp:148:18

DEDUP_TOKEN: backtrace--dump_backtrace--ak_verification_failed
Address 0x73103f3b0060 is located in stack of thread T0 at offset 2144 in frame
    #0 0x676e9f in ak_verification_failed /src/serenity/AK/Assertions.cpp:66

DEDUP_TOKEN: ak_verification_failed
  This frame has 6 object(s):
    [32, 64) 'variadic_format_params.i'
    [96, 2144) 'trace.i' (line 28)
    [2272, 2288) 'idx.i' (line 35) <== Memory access at offset 2144 partially underflows this variable
    [2304, 2320) 'ref.tmp.i' (line 41) <== Memory access at offset 2144 partially underflows this variable
    [2336, 2344) 'buf_size.i' (line 44) <== Memory access at offset 2144 partially underflows this variable
    [2368, 2376) 'message.addr' <== Memory access at offset 2144 partially underflows this variable
HINT: this may be a false positive if your program uses some custom stack unwind mechanism, swapcontext or vfork
      (longjmp and C++ exceptions *are* supported)
SUMMARY: AddressSanitizer: stack-buffer-overflow /src/llvm-project/compiler-rt/lib/asan/../sanitizer_common/sanitizer_common_interceptors.inc:4279:5 in backtrace
Shadow bytes around the buggy address:
  0x0e6287e6dfb0: 00 00 00 00 00 00 00 00 00 00 00 00 00 00 00 00
  0x0e6287e6dfc0: 00 00 00 00 00 00 00 00 00 00 00 00 00 00 00 00
  0x0e6287e6dfd0: 00 00 00 00 00 00 00 00 00 00 00 00 00 00 00 00
  0x0e6287e6dfe0: 00 00 00 00 00 00 00 00 00 00 00 00 00 00 00 00
  0x0e6287e6dff0: 00 00 00 00 00 00 00 00 00 00 00 00 00 00 00 00
=>0x0e6287e6e000: 00 00 00 00 00 00 00 00 00 00 00 00[f2]f2 f2 f2
  0x0e6287e6e010: f2 f2 f2 f2 f2 f2 f2 f2 f2 f2 f2 f2 f8 f8 f2 f2
  0x0e6287e6e020: f8 f8 f2 f2 f8 f2 f2 f2 00 f3 f3 f3 00 00 00 00
  0x0e6287e6e030: 00 00 00 00 00 00 00 00 00 00 00 00 00 00 00 00
  0x0e6287e6e040: 00 00 00 00 00 00 00 00 00 00 00 00 00 00 00 00
  0x0e6287e6e050: 00 00 00 00 00 00 00 00 00 00 00 00 00 00 00 00
Shadow byte legend (one shadow byte represents 8 application bytes):
  Addressable:           00
  Partially addressable: 01 02 03 04 05 06 07 
  Heap left redzone:       fa
  Freed heap region:       fd
  Stack left redzone:      f1
  Stack mid redzone:       f2
  Stack right redzone:     f3
  Stack after return:      f5
  Stack use after scope:   f8
  Global redzone:          f9
  Global init order:       f6
  Poisoned by user:        f7
  Container overflow:      fc
  Array cookie:            ac
  Intra object redzone:    bb
  ASan internal:           fe
  Left alloca redzone:     ca
  Right alloca redzone:    cb
==13==ABORTING
