HDF5-DIAG: Error detected in HDF5 (1.15.0) thread 0:
  #000: /src/hdf5/src/H5D.c line 402 in H5Dopen2(): unable to synchronously open dataset
    major: Dataset
    minor: Can't open object
  #001: /src/hdf5/src/H5D.c line 363 in H5D__open_api_common(): unable to open dataset
    major: Dataset
    minor: Can't open object
  #002: /src/hdf5/src/H5VLcallback.c line 1980 in H5VL_dataset_open(): dataset open failed
    major: Virtual Object Layer
    minor: Can't open object
  #003: /src/hdf5/src/H5VLcallback.c line 1947 in H5VL__dataset_open(): dataset open failed
    major: Virtual Object Layer
    minor: Can't open object
  #004: /src/hdf5/src/H5VLnative_dataset.c line 319 in H5VL__native_dataset_open(): unable to open dataset
    major: Dataset
    minor: Can't open object
  #005: /src/hdf5/src/H5Dint.c line 1423 in H5D__open_name(): not found
    major: Dataset
    minor: Object not found
  #006: /src/hdf5/src/H5Gloc.c line 438 in H5G_loc_find(): can't find object
    major: Symbol table
    minor: Object not found
  #007: /src/hdf5/src/H5Gtraverse.c line 836 in H5G_traverse(): internal path traversal failed
    major: Symbol table
    minor: Object not found
  #008: /src/hdf5/src/H5Gtraverse.c line 568 in H5G__traverse_real(): can't look up component
    major: Symbol table
    minor: Object not found
  #009: /src/hdf5/src/H5Gobj.c line 1095 in H5G__obj_lookup(): can't check for link info message
    major: Symbol table
    minor: Can't get value
  #010: /src/hdf5/src/H5Gobj.c line 304 in H5G__obj_get_linfo(): unable to read object header
    major: Symbol table
    minor: Can't get value
  #011: /src/hdf5/src/H5Omessage.c line 844 in H5O_msg_exists(): unable to protect object header
    major: Object header
    minor: Unable to protect metadata
  #012: /src/hdf5/src/H5Oint.c line 1047 in H5O_protect(): unable to load object header
    major: Object header
    minor: Unable to protect metadata
  #013: /src/hdf5/src/H5AC.c line 1395 in H5AC_protect(): H5C_protect() failed
    major: Object cache
    minor: Unable to protect metadata
  #014: /src/hdf5/src/H5C.c line 2335 in H5C_protect(): can't load entry
    major: Object cache
    minor: Unable to load metadata into cache
  #015: /src/hdf5/src/H5C.c line 7285 in H5C__load_entry(): incorrect metadata checksum after all read attempts
    major: Object cache
    minor: Read failed
  #016: /src/hdf5/src/H5Ocache.c line 202 in H5O__cache_get_final_load_size(): can't deserialize object header prefix
    major: Object header
    minor: Unable to decode value
  #017: /src/hdf5/src/H5Ocache.c line 1201 in H5O__prefix_deserialize(): bad object header version number
    major: Object header
    minor: Wrong version number
=================================================================
==13==ERROR: AddressSanitizer: heap-buffer-overflow on address 0x616000000657 at pc 0x00000049f27f bp 0x7fff17c7ff30 sp 0x7fff17c7f700
READ of size 361 at 0x616000000657 thread T0
SCARINESS: 36 (multi-byte-read-heap-buffer-overflow-far-from-bounds)
    #0 0x49f27e in __asan_memmove /src/llvm-project/compiler-rt/lib/asan/asan_interceptors_memintrinsics.cpp:30:3
    #1 0xfce0f0 in H5F__accum_free /src/hdf5/src/H5Faccum.c:898:17
    #2 0x86f8eb in H5MF_xfree /src/hdf5/src/H5MF.c:1127:13
    #3 0x887083 in H5MF__aggr_reset /src/hdf5/src/H5MFaggr.c:748:21
    #4 0x887083 in H5MF_free_aggrs /src/hdf5/src/H5MFaggr.c:815:13
    #5 0x873db8 in H5MF__close_aggrfs /src/hdf5/src/H5MF.c:1776:9
    #6 0x873db8 in H5MF_close /src/hdf5/src/H5MF.c:1555:26
    #7 0x6f3815 in H5F__dest /src/hdf5/src/H5Fint.c:1437:21
    #8 0x6f7dab in H5F_try_close /src/hdf5/src/H5Fint.c:2521:9
    #9 0x6f737e in H5F__close /src/hdf5/src/H5Fint.c:2323:9
    #10 0xe176fd in H5VL__native_file_close /src/hdf5/src/H5VLnative_file.c:782:13
    #11 0xdd4bf8 in H5VL__file_close /src/hdf5/src/H5VLcallback.c:4309:9
    #12 0xdd4bf8 in H5VL_file_close /src/hdf5/src/H5VLcallback.c:4340:9
    #13 0x701bc2 in H5F__close_cb /src/hdf5/src/H5Fint.c:215:9
    #14 0x857989 in H5I__dec_ref /src/hdf5/src/H5Iint.c:1034:43
    #15 0x857db1 in H5I__dec_app_ref /src/hdf5/src/H5Iint.c:1106:22
    #16 0x857c6d in H5I_dec_app_ref /src/hdf5/src/H5Iint.c:1154:22
    #17 0x6c8125 in H5Fclose /src/hdf5/src/H5F.c:1059:9
    #18 0x4dd841 in LLVMFuzzerTestOneInput /src/h5_extended_fuzzer.c:37:7
    #19 0x4dd52a in ExecuteFilesOnyByOne /src/aflplusplus/utils/aflpp_driver/aflpp_driver.c:234:7
    #20 0x4dd2fc in main /src/aflplusplus/utils/aflpp_driver/aflpp_driver.c:318:12
    #21 0x7f6022020082 in __libc_start_main (/lib/x86_64-linux-gnu/libc.so.6+0x24082) (BuildId: 87b331c034a6458c64ce09c03939e947212e18ce)
    #22 0x41e6ad in _start (/out/h5_extended_fuzzer+0x41e6ad)

DEDUP_TOKEN: __asan_memmove--H5F__accum_free--H5MF_xfree
0x616000000657 is located 41 bytes to the left of 520-byte region [0x616000000680,0x616000000888)
allocated by thread T0 here:
    #0 0x49fae6 in __interceptor_malloc /src/llvm-project/compiler-rt/lib/asan/asan_malloc_linux.cpp:69:3
    #1 0x761881 in H5FL__malloc /src/hdf5/src/H5FL.c:237:30
    #2 0x761881 in H5FL_blk_malloc /src/hdf5/src/H5FL.c:888:40
    #3 0x762f7e in H5FL_blk_realloc /src/hdf5/src/H5FL.c:1159:21
    #4 0xfcb0b8 in H5F__accum_write /src/hdf5/src/H5Faccum.c:710:47
    #5 0x9ea2ad in H5PB_write /src/hdf5/src/H5PB.c:1016:13
    #6 0x703eb1 in H5F_block_write /src/hdf5/src/H5Fio.c:233:9
    #7 0x572b01 in H5C__flush_single_entry /src/hdf5/src/H5C.c:6610:21
    #8 0x5770ca in H5C__flush_ring /src/hdf5/src/H5C.c:6232:25
    #9 0x5770ca in H5C_flush_cache /src/hdf5/src/H5C.c:1152:17
    #10 0x59c36e in H5C__flush_marked_entries /src/hdf5/src/H5C.c:8033:9
    #11 0x5ce5d7 in H5C_flush_tagged_entries /src/hdf5/src/H5Ctag.c:739:9
    #12 0x5215bb in H5AC_flush_tagged_metadata /src/hdf5/src/H5AC.c:2390:9
    #13 0x7045d2 in H5F_flush_tagged_metadata /src/hdf5/src/H5Fio.c:429:9
    #14 0x6eb93e in H5F_open /src/hdf5/src/H5Fint.c:2052:17
    #15 0xe121ec in H5VL__native_file_open /src/hdf5/src/H5VLnative_file.c:127:29
    #16 0xdcf3fc in H5VL__file_open /src/hdf5/src/H5VLcallback.c:3674:30
    #17 0xdcf3fc in H5VL_file_open /src/hdf5/src/H5VLcallback.c:3823:30
    #18 0x6c5a34 in H5F__open_api_common /src/hdf5/src/H5F.c:794:29
    #19 0x6c4dfb in H5Fopen /src/hdf5/src/H5F.c:835:22
    #20 0x4dd706 in LLVMFuzzerTestOneInput /src/h5_extended_fuzzer.c:27:24
    #21 0x4dd52a in ExecuteFilesOnyByOne /src/aflplusplus/utils/aflpp_driver/aflpp_driver.c:234:7

DEDUP_TOKEN: __interceptor_malloc--H5FL__malloc--H5FL_blk_malloc
SUMMARY: AddressSanitizer: heap-buffer-overflow /src/llvm-project/compiler-rt/lib/asan/asan_interceptors_memintrinsics.cpp:30:3 in __asan_memmove
Shadow bytes around the buggy address:
  0x0c2c7fff8070: 00 00 00 00 00 00 00 00 00 00 00 00 00 00 00 00
  0x0c2c7fff8080: 00 00 00 00 00 00 00 00 00 00 00 00 00 00 00 00
  0x0c2c7fff8090: 00 00 00 00 00 00 00 00 00 00 00 00 00 00 00 00
  0x0c2c7fff80a0: 00 00 00 00 00 00 00 00 00 00 00 00 00 00 00 00
  0x0c2c7fff80b0: 00 00 00 00 00 fa fa fa fa fa fa fa fa fa fa fa
=>0x0c2c7fff80c0: fa fa fa fa fa fa fa fa fa fa[fa]fa fa fa fa fa
  0x0c2c7fff80d0: 00 00 00 00 00 00 00 00 00 00 00 00 00 00 00 00
  0x0c2c7fff80e0: 00 00 00 00 00 00 00 00 00 00 00 00 00 00 00 00
  0x0c2c7fff80f0: 00 00 00 00 00 00 00 00 00 00 00 00 00 00 00 00
  0x0c2c7fff8100: 00 00 00 00 00 00 00 00 00 00 00 00 00 00 00 00
  0x0c2c7fff8110: 00 fa fa fa fa fa fa fa fa fa fa fa fa fa fa fa
Shadow byte legend (one shadow byte represents 8 application bytes):
  Addressable:           00
  Partially addressable: 01 02 03 04 05 06 07 
  Heap left redzone:       fa
  Freed heap region:       fd
  Stack left redzone:      f1
  Stack mid redzone:       f2
  Stack right redzone:     f3
  Stack after return:      f5
  Stack use after scope:   f8
  Global redzone:          f9
  Global init order:       f6
  Poisoned by user:        f7
  Container overflow:      fc
  Array cookie:            ac
  Intra object redzone:    bb
  ASan internal:           fe
  Left alloca redzone:     ca
  Right alloca redzone:    cb
==13==ABORTING
