INFO: Running with entropic power schedule (0xFF, 100).
INFO: Seed: 2239772219
INFO: Loaded 1 modules   (23409 inline 8-bit counters): 23409 [0x87882f0, 0x878de61), 
INFO: Loaded 1 PC tables (23409 PCs): 23409 [0x86dc294,0x8709e1c), 
/out/xaac_enc_fuzzer: Running 1 inputs 1 time(s) each.
Running: /tmp/poc
=================================================================
==13==ERROR: AddressSanitizer: global-buffer-overflow on address 0x0860f544 at pc 0x083b3b3b bp 0xfff61758 sp 0xfff61750
READ of size 4 at 0x0860f544 thread T0
SCARINESS: 17 (4-byte-read-global-buffer-overflow)
    #0 0x83b3b3a in iusace_quantize_lines /src/libxaac/encoder/ixheaace_fd_qc_adjthr.c:982:15
    #1 0x83c93dd in iusace_quantize_spec /src/libxaac/encoder/ixheaace_fd_quant.c:547:13
    #2 0x83a4774 in iusace_fd_encode /src/libxaac/encoder/ixheaace_fd_enc.c:96:14
    #3 0x8309305 in ixheaace_usac_encode /src/libxaac/encoder/iusace_enc_main.c:1288:13
    #4 0x81fd24b in iusace_process /src/libxaac/encoder/ixheaace_api.c:3244:7
    #5 0x81fd24b in ixheaace_process /src/libxaac/encoder/ixheaace_api.c:3581:13
    #6 0x81d2486 in LLVMFuzzerTestOneInput /src/libxaac/fuzzer/xaac_enc_fuzzer.cpp:408:5
    #7 0x808fa1e in fuzzer::Fuzzer::ExecuteCallback(unsigned char const*, unsigned int) /src/llvm-project/compiler-rt/lib/fuzzer/FuzzerLoop.cpp:611:15
    #8 0x807a97e in fuzzer::RunOneTest(fuzzer::Fuzzer*, char const*, unsigned int) /src/llvm-project/compiler-rt/lib/fuzzer/FuzzerDriver.cpp:324:6
    #9 0x8080580 in fuzzer::FuzzerDriver(int*, char***, int (*)(unsigned char const*, unsigned int)) /src/llvm-project/compiler-rt/lib/fuzzer/FuzzerDriver.cpp:860:9
    #10 0x80aa167 in main /src/llvm-project/compiler-rt/lib/fuzzer/FuzzerMain.cpp:20:10
    #11 0xf2b7aed4 in __libc_start_main (/lib32/libc.so.6+0x1aed4) (BuildId: d56935956a210bf85f6592f3178b979ad4f7b35f)
    #12 0x8071ac5 in _start (/out/xaac_enc_fuzzer+0x8071ac5)

DEDUP_TOKEN: iusace_quantize_lines--iusace_quantize_spec--iusace_fd_encode
0x0860f544 is located 0 bytes to the right of global variable 'ixheaace_fd_quant_table' defined in '/src/libxaac/encoder/ixheaace_rom.c:1681:15' (0x860f140) of size 1028
SUMMARY: AddressSanitizer: global-buffer-overflow /src/libxaac/encoder/ixheaace_fd_qc_adjthr.c:982:15 in iusace_quantize_lines
Shadow bytes around the buggy address:
  0x210c1e50: 00 00 00 00 00 00 00 00 00 00 00 00 00 00 00 00
  0x210c1e60: 00 00 00 00 00 00 00 00 00 00 00 00 00 00 00 00
  0x210c1e70: 00 00 00 00 00 00 00 00 00 00 00 00 00 00 00 00
  0x210c1e80: 00 00 00 00 00 00 00 00 00 00 00 00 00 00 00 00
  0x210c1e90: 00 00 00 00 00 00 00 00 00 00 00 00 00 00 00 00
=>0x210c1ea0: 00 00 00 00 00 00 00 00[04]f9 f9 f9 f9 f9 f9 f9
  0x210c1eb0: f9 f9 f9 f9 f9 f9 f9 f9 f9 f9 f9 f9 f9 f9 f9 f9
  0x210c1ec0: f9 f9 f9 f9 f9 f9 f9 f9 f9 f9 f9 f9 00 00 00 00
  0x210c1ed0: 00 00 00 00 00 00 00 00 00 00 00 00 00 00 00 00
  0x210c1ee0: 00 00 00 00 00 00 00 00 00 00 00 00 00 00 00 00
  0x210c1ef0: 00 00 00 00 00 00 00 00 00 00 00 00 00 00 00 00
Shadow byte legend (one shadow byte represents 8 application bytes):
  Addressable:           00
  Partially addressable: 01 02 03 04 05 06 07 
  Heap left redzone:       fa
  Freed heap region:       fd
  Stack left redzone:      f1
  Stack mid redzone:       f2
  Stack right redzone:     f3
  Stack after return:      f5
  Stack use after scope:   f8
  Global redzone:          f9
  Global init order:       f6
  Poisoned by user:        f7
  Container overflow:      fc
  Array cookie:            ac
  Intra object redzone:    bb
  ASan internal:           fe
  Left alloca redzone:     ca
  Right alloca redzone:    cb
==13==ABORTING
