=================================================================
==13==ERROR: AddressSanitizer: heap-buffer-overflow on address 0x60300000041d at pc 0x00000069d3f1 bp 0x7ffe91aead10 sp 0x7ffe91aead08
READ of size 1 at 0x60300000041d thread T0
SCARINESS: 12 (1-byte-read-heap-buffer-overflow)
    #0 0x69d3f0 in read_tmpl /src/mruby/mrbgems/mruby-pack/src/pack.c:1220:7
    #1 0x695a4e in mrb_pack_pack /src/mruby/mrbgems/mruby-pack/src/pack.c:1513:11
    #2 0x511ab1 in mrb_vm_exec /src/mruby/src/vm.c
    #3 0x50028a in mrb_vm_run /src/mruby/src/vm.c:1312:12
    #4 0x4fce41 in mrb_top_run /src/mruby/src/vm.c:3136:10
    #5 0x596ccd in mrb_load_exec /src/mruby/mrbgems/mruby-compiler/core/parse.y:6919:7
    #6 0x59820f in mrb_load_nstring_cxt /src/mruby/mrbgems/mruby-compiler/core/parse.y:6991:10
    #7 0x5983d1 in mrb_load_string_cxt /src/mruby/mrbgems/mruby-compiler/core/parse.y:7003:10
    #8 0x5983d1 in mrb_load_string /src/mruby/mrbgems/mruby-compiler/core/parse.y:7009:10
    #9 0x4dd289 in LLVMFuzzerTestOneInput /src/mruby/oss-fuzz/mruby_fuzzer.c:14:5
    #10 0x4dd9fd in ExecuteFilesOnyByOne /src/aflplusplus/utils/aflpp_driver/aflpp_driver.c:255:7
    #11 0x4dd808 in LLVMFuzzerRunDriver /src/aflplusplus/utils/aflpp_driver/aflpp_driver.c
    #12 0x4dd3c8 in main /src/aflplusplus/utils/aflpp_driver/aflpp_driver.c:300:10
    #13 0x7e083e201082 in __libc_start_main (/lib/x86_64-linux-gnu/libc.so.6+0x24082) (BuildId: 87b331c034a6458c64ce09c03939e947212e18ce)
    #14 0x41e98d in _start (/out/mruby_fuzzer+0x41e98d)

DEDUP_TOKEN: read_tmpl--mrb_pack_pack--mrb_vm_exec
0x60300000041d is located 0 bytes to the right of 29-byte region [0x603000000400,0x60300000041d)
allocated by thread T0 here:
    #0 0x4a01cc in __interceptor_realloc /src/llvm-project/compiler-rt/lib/asan/asan_malloc_linux.cpp:85:3
    #1 0x4ddc02 in mrb_default_allocf /src/mruby/src/state.c:69:12
    #2 0x4e9765 in mrb_realloc_simple /src/mruby/src/gc.c:191:8
    #3 0x4e9765 in mrb_realloc /src/mruby/src/gc.c:205:8
    #4 0x4e9765 in mrb_malloc /src/mruby/src/gc.c:221:10
    #5 0x53392c in str_init_normal_capa /src/mruby/src/string.c:53:22
    #6 0x533da3 in str_init_normal /src/mruby/src/string.c:66:10
    #7 0x533da3 in str_new /src/mruby/src/string.c:147:10
    #8 0x533b15 in mrb_str_new /src/mruby/src/string.c:182:24
    #9 0x506460 in mrb_vm_exec /src/mruby/src/vm.c:2842:19
    #10 0x50028a in mrb_vm_run /src/mruby/src/vm.c:1312:12
    #11 0x4fce41 in mrb_top_run /src/mruby/src/vm.c:3136:10
    #12 0x596ccd in mrb_load_exec /src/mruby/mrbgems/mruby-compiler/core/parse.y:6919:7
    #13 0x59820f in mrb_load_nstring_cxt /src/mruby/mrbgems/mruby-compiler/core/parse.y:6991:10
    #14 0x5983d1 in mrb_load_string_cxt /src/mruby/mrbgems/mruby-compiler/core/parse.y:7003:10
    #15 0x5983d1 in mrb_load_string /src/mruby/mrbgems/mruby-compiler/core/parse.y:7009:10
    #16 0x4dd289 in LLVMFuzzerTestOneInput /src/mruby/oss-fuzz/mruby_fuzzer.c:14:5
    #17 0x4dd9fd in ExecuteFilesOnyByOne /src/aflplusplus/utils/aflpp_driver/aflpp_driver.c:255:7

DEDUP_TOKEN: __interceptor_realloc--mrb_default_allocf--mrb_realloc_simple
SUMMARY: AddressSanitizer: heap-buffer-overflow /src/mruby/mrbgems/mruby-pack/src/pack.c:1220:7 in read_tmpl
Shadow bytes around the buggy address:
  0x0c067fff8030: fa fa 00 00 00 00 fa fa 00 00 00 00 fa fa 00 00
  0x0c067fff8040: 00 fa fa fa 00 00 00 fa fa fa 00 00 00 fa fa fa
  0x0c067fff8050: 00 00 00 fa fa fa 00 00 00 00 fa fa 00 00 00 00
  0x0c067fff8060: fa fa 00 00 00 00 fa fa 00 00 00 fa fa fa 00 00
  0x0c067fff8070: 00 00 fa fa 00 00 00 fa fa fa 00 00 00 05 fa fa
=>0x0c067fff8080: 00 00 00[05]fa fa fa fa fa fa fa fa fa fa fa fa
  0x0c067fff8090: fa fa fa fa fa fa fa fa fa fa fa fa fa fa fa fa
  0x0c067fff80a0: fa fa fa fa fa fa fa fa fa fa fa fa fa fa fa fa
  0x0c067fff80b0: fa fa fa fa fa fa fa fa fa fa fa fa fa fa fa fa
  0x0c067fff80c0: fa fa fa fa fa fa fa fa fa fa fa fa fa fa fa fa
  0x0c067fff80d0: fa fa fa fa fa fa fa fa fa fa fa fa fa fa fa fa
Shadow byte legend (one shadow byte represents 8 application bytes):
  Addressable:           00
  Partially addressable: 01 02 03 04 05 06 07 
  Heap left redzone:       fa
  Freed heap region:       fd
  Stack left redzone:      f1
  Stack mid redzone:       f2
  Stack right redzone:     f3
  Stack after return:      f5
  Stack use after scope:   f8
  Global redzone:          f9
  Global init order:       f6
  Poisoned by user:        f7
  Container overflow:      fc
  Array cookie:            ac
  Intra object redzone:    bb
  ASan internal:           fe
  Left alloca redzone:     ca
  Right alloca redzone:    cb
==13==ABORTING
