INFO: Running with entropic power schedule (0xFF, 100).
INFO: Seed: 2327288460
INFO: Loaded 1 modules   (5687 inline 8-bit counters): 5687 [0x5a9218, 0x5aa84f), 
INFO: Loaded 1 PC tables (5687 PCs): 5687 [0x549a70,0x55fde0), 
/out/fuzz: Running 1 inputs 1 time(s) each.
Running: /tmp/poc
UndefinedBehaviorSanitizer:DEADLYSIGNAL
==13==ERROR: UndefinedBehaviorSanitizer: SEGV on unknown address 0x000002cc2000 (pc 0x7bea575bdbf5 bp 0x7ffd48565c50 sp 0x7ffd48565bb8 T13)
==13==The signal is caused by a READ memory access.
    #0 0x7bea575bdbf5  (/lib/x86_64-linux-gnu/libc.so.6+0x18bbf5) (BuildId: 87b331c034a6458c64ce09c03939e947212e18ce)
    #1 0x4edf1d in deliver_chunked_chunks(mg_connection*, unsigned long, mg_http_message*, bool*) /src/mongoose/src/http.c:998:5
    #2 0x4cecf6 in http_cb(mg_connection*, int, void*, void*) /src/mongoose/src/http.c:1062:9
    #3 0x4ebac1 in LLVMFuzzerTestOneInput /src/mongoose/test/fuzz.c:112:5
    #4 0x426233 in fuzzer::Fuzzer::ExecuteCallback(unsigned char const*, unsigned long) /src/llvm-project/compiler-rt/lib/fuzzer/FuzzerLoop.cpp:611:15
    #5 0x411992 in fuzzer::RunOneTest(fuzzer::Fuzzer*, char const*, unsigned long) /src/llvm-project/compiler-rt/lib/fuzzer/FuzzerDriver.cpp:324:6
    #6 0x41723c in fuzzer::FuzzerDriver(int*, char***, int (*)(unsigned char const*, unsigned long)) /src/llvm-project/compiler-rt/lib/fuzzer/FuzzerDriver.cpp:860:9
    #7 0x440772 in main /src/llvm-project/compiler-rt/lib/fuzzer/FuzzerMain.cpp:20:10
    #8 0x7bea57456082 in __libc_start_main (/lib/x86_64-linux-gnu/libc.so.6+0x24082) (BuildId: 87b331c034a6458c64ce09c03939e947212e18ce)
    #9 0x407b5d in _start (/out/fuzz+0x407b5d)

DEDUP_TOKEN: deliver_chunked_chunks(mg_connection*, unsigned long, mg_http_message*, bool*)--http_cb(mg_connection*, int, void*, void*)
UndefinedBehaviorSanitizer can not provide additional info.
SUMMARY: UndefinedBehaviorSanitizer: SEGV (/lib/x86_64-linux-gnu/libc.so.6+0x18bbf5) (BuildId: 87b331c034a6458c64ce09c03939e947212e18ce) 
==13==ABORTING
