INFO: Seed: 2232921582
INFO: Loaded 1 modules   (85756 inline 8-bit counters): 85756 [0x1e59b08, 0x1e6ea04), 
INFO: Loaded 1 PC tables (85756 PCs): 85756 [0x1e6ea08,0x1fbd9c8), 
/out/animated_image_decode: Running 1 inputs 1 time(s) each.
Running: /tmp/poc
==12==WARNING: MemorySanitizer: use-of-uninitialized-value
    #0 0x91185e in SkAnimatedImage::decodeNextFrame() /src/skia/out/Fuzz/../../src/android/SkAnimatedImage.cpp:214:13
    #1 0x90fd30 in SkAnimatedImage::SkAnimatedImage(std::__1::unique_ptr<SkAndroidCodec, std::__1::default_delete<SkAndroidCodec> >, SkISize, SkImageInfo, SkIRect, sk_sp<SkPicture>) /src/skia/out/Fuzz/../../src/android/SkAnimatedImage.cpp:85:11
    #2 0x90efda in SkAnimatedImage::Make(std::__1::unique_ptr<SkAndroidCodec, std::__1::default_delete<SkAndroidCodec> >) /src/skia/out/Fuzz/../../src/android/SkAnimatedImage.cpp:49:45
    #3 0x6ddc5b in FuzzAnimatedImage(sk_sp<SkData>) /src/skia/out/Fuzz/../../fuzz/oss_fuzz/FuzzAnimatedImage.cpp:20:17
    #4 0x6de9fa in LLVMFuzzerTestOneInput /src/skia/out/Fuzz/../../fuzz/oss_fuzz/FuzzAnimatedImage.cpp:44:5
    #5 0x64b933 in fuzzer::Fuzzer::ExecuteCallback(unsigned char const*, unsigned long) /src/libfuzzer/FuzzerLoop.cpp:515:13
    #6 0x604fc4 in fuzzer::RunOneTest(fuzzer::Fuzzer*, char const*, unsigned long) /src/libfuzzer/FuzzerDriver.cpp:280:6
    #7 0x617445 in fuzzer::FuzzerDriver(int*, char***, int (*)(unsigned char const*, unsigned long)) /src/libfuzzer/FuzzerDriver.cpp:703:9
    #8 0x6040c1 in main /src/libfuzzer/FuzzerMain.cpp:20:10
    #9 0x7a393a18b83f in __libc_start_main (/lib/x86_64-linux-gnu/libc.so.6+0x2083f)
    #10 0x593998 in _start (/out/animated_image_decode+0x593998)

DEDUP_TOKEN: SkAnimatedImage::decodeNextFrame()--SkAnimatedImage::SkAnimatedImage(std::__1::unique_ptr<SkAndroidCodec, std::__1::default_delete<SkAndroidCodec> >, SkISize, SkImageInfo, SkIRect, sk_sp<SkPicture>)--SkAnimatedImage::Make(std::__1::unique_ptr<SkAndroidCodec, std::__1::default_delete<SkAndroidCodec> >)
  Uninitialized value was created by an allocation of 'frameInfo' in the stack frame of function '_ZN15SkAnimatedImage15decodeNextFrameEv'
    #0 0x910470 in SkAnimatedImage::decodeNextFrame() /src/skia/out/Fuzz/../../src/android/SkAnimatedImage.cpp:157

DEDUP_TOKEN: SkAnimatedImage::decodeNextFrame()
SUMMARY: MemorySanitizer: use-of-uninitialized-value /src/skia/out/Fuzz/../../src/android/SkAnimatedImage.cpp:214:13 in SkAnimatedImage::decodeNextFrame()
Unique heap origins: 54
Stack depot allocated bytes: 4320
Unique origin histories: 10
History depot allocated bytes: 240
Exiting
