INFO: Running with entropic power schedule (0xFF, 100).
INFO: Seed: 2252434110
INFO: Loaded 1 modules   (10986 inline 8-bit counters): 10986 [0x6f5060, 0x6f7b4a), 
INFO: Loaded 1 PC tables (10986 PCs): 10986 [0x66d480,0x698320), 
/out/read_pajek: Running 1 inputs 1 time(s) each.
Running: /tmp/poc
AddressSanitizer:DEADLYSIGNAL
=================================================================
==13==ERROR: AddressSanitizer: SEGV on unknown address (pc 0x0000004b0c02 bp 0x7fff2d396b50 sp 0x7fff2d3962e0 T0)
==13==The signal is caused by a READ memory access.
==13==Hint: this fault was caused by a dereference of a high value address (see register values below).  Disassemble the provided pc to learn which register was used.
SCARINESS: 20 (wild-addr-read)
    #0 0x4b0c02 in atomic_load<__sanitizer::atomic_uint8_t> /src/llvm-project/compiler-rt/lib/asan/../sanitizer_common/sanitizer_atomic_clang_x86.h:46:14
    #1 0x4b0c02 in __asan::Allocator::Reallocate(void*, unsigned long, __sanitizer::BufferedStackTrace*) /src/llvm-project/compiler-rt/lib/asan/asan_allocator.cpp:717:24
    #2 0x4b0b15 in __asan::asan_realloc(void*, unsigned long, __sanitizer::BufferedStackTrace*) /src/llvm-project/compiler-rt/lib/asan/asan_allocator.cpp:982:34
    #3 0x52f50d in __interceptor_realloc /src/llvm-project/compiler-rt/lib/asan/asan_malloc_linux.cpp:86:10
    #4 0x5c5f0e in igraph_strvector_set_len /src/igraph/src/core/strvector.c:187:11
    #5 0x5b3478 in igraph_i_pajek_add_string_attribute /src/igraph/src/io/pajek-parser.y:678:3
    #6 0x5ae5e4 in igraph_i_pajek_add_string_vertex_attribute /src/igraph/src/io/pajek-parser.y:688:10
    #7 0x5ae5e4 in igraph_pajek_yyparse /src/igraph/src/io/pajek-parser.y:337:10
    #8 0x5a31e6 in igraph_read_graph_pajek /src/igraph/src/io/pajek.c:204:15
    #9 0x56c614 in LLVMFuzzerTestOneInput /src/igraph/./fuzzing/read_pajek.cpp:41:9
    #10 0x43df13 in fuzzer::Fuzzer::ExecuteCallback(unsigned char const*, unsigned long) /src/llvm-project/compiler-rt/lib/fuzzer/FuzzerLoop.cpp:611:15
    #11 0x429672 in fuzzer::RunOneTest(fuzzer::Fuzzer*, char const*, unsigned long) /src/llvm-project/compiler-rt/lib/fuzzer/FuzzerDriver.cpp:324:6
    #12 0x42ef1c in fuzzer::FuzzerDriver(int*, char***, int (*)(unsigned char const*, unsigned long)) /src/llvm-project/compiler-rt/lib/fuzzer/FuzzerDriver.cpp:860:9
    #13 0x458452 in main /src/llvm-project/compiler-rt/lib/fuzzer/FuzzerMain.cpp:20:10
    #14 0x716c25a34082 in __libc_start_main (/lib/x86_64-linux-gnu/libc.so.6+0x24082) (BuildId: 87b331c034a6458c64ce09c03939e947212e18ce)
    #15 0x41f83d in _start (/out/read_pajek+0x41f83d)

DEDUP_TOKEN: atomic_load<__sanitizer::atomic_uint8_t>--__asan::Allocator::Reallocate(void*, unsigned long, __sanitizer::BufferedStackTrace*)--__asan::asan_realloc(void*, unsigned long, __sanitizer::BufferedStackTrace*)
AddressSanitizer can not provide additional info.
SUMMARY: AddressSanitizer: SEGV /src/llvm-project/compiler-rt/lib/asan/../sanitizer_common/sanitizer_atomic_clang_x86.h:46:14 in atomic_load<__sanitizer::atomic_uint8_t>
==13==ABORTING
