AddressSanitizer:DEADLYSIGNAL
=================================================================
==12==ERROR: AddressSanitizer: SEGV on unknown address (pc 0x75c9c733452c bp 0x7ffc970bf430 sp 0x7ffc970bf3d0 T0)
==12==The signal is caused by a READ memory access.
==12==Hint: this fault was caused by a dereference of a high value address (see register values below).  Disassemble the provided pc to learn which register was used.
SCARINESS: 20 (wild-addr-read)
    #0 0x75c9c733452c in (anonymous namespace)::FunctionCompiler::stackPop() /src/WasmEdge/lib/aot/compiler.cpp:4785:18
    #1 0x75c9c733452c in (anonymous namespace)::FunctionCompiler::compileReturn() /src/WasmEdge/lib/aot/compiler.cpp:3501:25
    #2 0x75c9c731affe in (anonymous namespace)::FunctionCompiler::compile(WasmEdge::AST::CodeSegment const&, std::__1::pair<std::__1::vector<WasmEdge::ValType, std::__1::allocator<WasmEdge::ValType> >, std::__1::vector<WasmEdge::ValType, std::__1::allocator<WasmEdge::ValType> > >) /src/WasmEdge/lib/aot/compiler.cpp:679:5
    #3 0x75c9c731affe in WasmEdge::AOT::Compiler::compile(WasmEdge::AST::FunctionSection const&, WasmEdge::AST::CodeSection const&) /src/WasmEdge/lib/aot/compiler.cpp:5684:8
    #4 0x75c9c73096d1 in WasmEdge::AOT::Compiler::compile(cxx20::span<unsigned char const, 18446744073709551615ul>, WasmEdge::AST::Module const&, std::__1::__fs::filesystem::path) /src/WasmEdge/lib/aot/compiler.cpp:5218:3
    #5 0x75c9c6ea3c47 in WasmEdge::Driver::FuzzTool(unsigned char const*, unsigned long) /src/WasmEdge/lib/driver/fuzzTool.cpp:41:27
    #6 0x316e2d in ExecuteFilesOnyByOne /src/aflplusplus/utils/aflpp_driver/aflpp_driver.c:255:7
    #7 0x316c38 in LLVMFuzzerRunDriver /src/aflplusplus/utils/aflpp_driver/aflpp_driver.c
    #8 0x3167f8 in main /src/aflplusplus/utils/aflpp_driver/aflpp_driver.c:300:10
    #9 0x75c9c66d1082 in __libc_start_main (/lib/x86_64-linux-gnu/libc.so.6+0x24082) (BuildId: 87b331c034a6458c64ce09c03939e947212e18ce)
    #10 0x257ddd in _start (/out/wasmedge-fuzztool+0x257ddd)

DEDUP_TOKEN: (anonymous namespace)::FunctionCompiler::stackPop()--(anonymous namespace)::FunctionCompiler::compileReturn()--(anonymous namespace)::FunctionCompiler::compile(WasmEdge::AST::CodeSegment const&, std::__1::pair<std::__1::vector<WasmEdge::ValType, std::__1::allocator<WasmEdge::ValType> >, std::__1::vector<WasmEdge::ValType, std::__1::allocator<WasmEdge::ValType> > >)
AddressSanitizer can not provide additional info.
SUMMARY: AddressSanitizer: SEGV /src/WasmEdge/lib/aot/compiler.cpp:4785:18 in (anonymous namespace)::FunctionCompiler::stackPop()
==12==ABORTING
