INFO: Running with entropic power schedule (0xFF, 100).
INFO: Seed: 2201463386
INFO: Loaded 1 modules   (9056 inline 8-bit counters): 9056 [0x6fc390, 0x6fe6f0), 
INFO: Loaded 1 PC tables (9056 PCs): 9056 [0x67c9c8,0x69ffc8), 
/out/cms_cgats_fuzzer: Running 1 inputs 1 time(s) each.
Running: /tmp/poc
AddressSanitizer:DEADLYSIGNAL
=================================================================
==13==ERROR: AddressSanitizer: SEGV on unknown address 0x629f37f87d98 (pc 0x0000005c409a bp 0x7fffcf95b4d0 sp 0x7fffcf95b4a0 T0)
==13==The signal is caused by a READ memory access.
SCARINESS: 20 (wild-addr-read)
    #0 0x5c409a in GetData /src/lcms/src/cmscgats.c:1678:12
    #1 0x5c409a in cmsIT8GetDataRowCol /src/lcms/src/cmscgats.c:2719:12
    #2 0x5c409a in cmsIT8GetDataRowColDbl /src/lcms/src/cmscgats.c:2727:14
    #3 0x56c7ea in LLVMFuzzerTestOneInput /src/cms_cgats_fuzzer.c:70:5
    #4 0x43deb3 in fuzzer::Fuzzer::ExecuteCallback(unsigned char const*, unsigned long) /src/llvm-project/compiler-rt/lib/fuzzer/FuzzerLoop.cpp:611:15
    #5 0x429612 in fuzzer::RunOneTest(fuzzer::Fuzzer*, char const*, unsigned long) /src/llvm-project/compiler-rt/lib/fuzzer/FuzzerDriver.cpp:324:6
    #6 0x42eebc in fuzzer::FuzzerDriver(int*, char***, int (*)(unsigned char const*, unsigned long)) /src/llvm-project/compiler-rt/lib/fuzzer/FuzzerDriver.cpp:860:9
    #7 0x4583f2 in main /src/llvm-project/compiler-rt/lib/fuzzer/FuzzerMain.cpp:20:10
    #8 0x7e6dee1a1082 in __libc_start_main (/lib/x86_64-linux-gnu/libc.so.6+0x24082) (BuildId: 87b331c034a6458c64ce09c03939e947212e18ce)
    #9 0x41f7dd in _start (/out/cms_cgats_fuzzer+0x41f7dd)

DEDUP_TOKEN: GetData--cmsIT8GetDataRowCol--cmsIT8GetDataRowColDbl
AddressSanitizer can not provide additional info.
SUMMARY: AddressSanitizer: SEGV /src/lcms/src/cmscgats.c:1678:12 in GetData
==13==ABORTING
