INFO: Running with entropic power schedule (0xFF, 100).
INFO: Seed: 2228493295
INFO: Loaded 1 modules   (37620 inline 8-bit counters): 37620 [0xae3ea8, 0xaed19c), 
INFO: Loaded 1 PC tables (37620 PCs): 37620 [0xaed1a0,0xb800e0), 
/out/FuzzTarget: Running 1 inputs 1 time(s) each.
Running: /tmp/poc
Read 0 packets successfully and 0 packets could not be read
IPv4 Layer, Src: 223.253.147.98, Dst: 233.0.246.0
GRE Layer, version 1
Payload Layer, Data length: 1 [Bytes]
=================================================================
==13==ERROR: AddressSanitizer: heap-buffer-overflow on address 0x603000001dc9 at pc 0x000000637803 bp 0x7ffcbc21e070 sp 0x7ffcbc21e068
WRITE of size 2 at 0x603000001dc9 thread T0
SCARINESS: 33 (2-byte-write-heap-buffer-overflow)
    #0 0x637802 in pcpp::GREv1Layer::computeCalculateFields() /src/PcapPlusPlus/Packet++/src/GreLayer.cpp:542:32
    #1 0x677847 in pcpp::Packet::computeCalculateFields() /src/PcapPlusPlus/Packet++/src/Packet.cpp:661:13
    #2 0x5ab4f1 in LLVMFuzzerTestOneInput /src/PcapPlusPlus/Tests/Fuzzers/FuzzTarget.cpp:70:17
    #3 0x47bab3 in fuzzer::Fuzzer::ExecuteCallback(unsigned char const*, unsigned long) /src/llvm-project/compiler-rt/lib/fuzzer/FuzzerLoop.cpp:611:15
    #4 0x467212 in fuzzer::RunOneTest(fuzzer::Fuzzer*, char const*, unsigned long) /src/llvm-project/compiler-rt/lib/fuzzer/FuzzerDriver.cpp:324:6
    #5 0x46cabc in fuzzer::FuzzerDriver(int*, char***, int (*)(unsigned char const*, unsigned long)) /src/llvm-project/compiler-rt/lib/fuzzer/FuzzerDriver.cpp:860:9
    #6 0x495ff2 in main /src/llvm-project/compiler-rt/lib/fuzzer/FuzzerMain.cpp:20:10
    #7 0x7b5c4bc74082 in __libc_start_main (/lib/x86_64-linux-gnu/libc.so.6+0x24082) (BuildId: 87b331c034a6458c64ce09c03939e947212e18ce)
    #8 0x45d3dd in _start (/out/FuzzTarget+0x45d3dd)

DEDUP_TOKEN: pcpp::GREv1Layer::computeCalculateFields()--pcpp::Packet::computeCalculateFields()--LLVMFuzzerTestOneInput
0x603000001dc9 is located 0 bytes to the right of 25-byte region [0x603000001db0,0x603000001dc9)
allocated by thread T0 here:
    #0 0x5a7b9d in operator new[](unsigned long) /src/llvm-project/compiler-rt/lib/asan/asan_new_delete.cpp:98:3
    #1 0x5c5c9c in pcpp::PcapFileReaderDevice::getNextPacket(pcpp::RawPacket&) /src/PcapPlusPlus/Pcap++/src/PcapFileDevice.cpp:307:27
    #2 0x5c0d6c in pcpp::IFileReaderDevice::getNextPackets(pcpp::PointerVector<pcpp::RawPacket>&, int) /src/PcapPlusPlus/Pcap++/src/PcapFileDevice.cpp:107:21
    #3 0x5aaf70 in LLVMFuzzerTestOneInput /src/PcapPlusPlus/Tests/Fuzzers/FuzzTarget.cpp:47:14
    #4 0x47bab3 in fuzzer::Fuzzer::ExecuteCallback(unsigned char const*, unsigned long) /src/llvm-project/compiler-rt/lib/fuzzer/FuzzerLoop.cpp:611:15
    #5 0x467212 in fuzzer::RunOneTest(fuzzer::Fuzzer*, char const*, unsigned long) /src/llvm-project/compiler-rt/lib/fuzzer/FuzzerDriver.cpp:324:6
    #6 0x46cabc in fuzzer::FuzzerDriver(int*, char***, int (*)(unsigned char const*, unsigned long)) /src/llvm-project/compiler-rt/lib/fuzzer/FuzzerDriver.cpp:860:9
    #7 0x495ff2 in main /src/llvm-project/compiler-rt/lib/fuzzer/FuzzerMain.cpp:20:10
    #8 0x7b5c4bc74082 in __libc_start_main (/lib/x86_64-linux-gnu/libc.so.6+0x24082) (BuildId: 87b331c034a6458c64ce09c03939e947212e18ce)

DEDUP_TOKEN: operator new[](unsigned long)--pcpp::PcapFileReaderDevice::getNextPacket(pcpp::RawPacket&)--pcpp::IFileReaderDevice::getNextPackets(pcpp::PointerVector<pcpp::RawPacket>&, int)
SUMMARY: AddressSanitizer: heap-buffer-overflow /src/PcapPlusPlus/Packet++/src/GreLayer.cpp:542:32 in pcpp::GREv1Layer::computeCalculateFields()
Shadow bytes around the buggy address:
  0x0c067fff8360: fa fa 00 00 00 00 fa fa 00 00 00 00 fa fa 00 00
  0x0c067fff8370: 00 00 fa fa 00 00 00 00 fa fa 00 00 00 00 fa fa
  0x0c067fff8380: 00 00 00 00 fa fa 00 00 00 00 fa fa 00 00 00 00
  0x0c067fff8390: fa fa 00 00 00 00 fa fa 00 00 00 00 fa fa 00 00
  0x0c067fff83a0: 00 fa fa fa 00 00 00 fa fa fa 00 00 00 fa fa fa
=>0x0c067fff83b0: 00 00 00 00 fa fa 00 00 00[01]fa fa 00 00 01 fa
  0x0c067fff83c0: fa fa 00 00 04 fa fa fa fd fd fd fa fa fa fd fd
  0x0c067fff83d0: fd fd fa fa fd fd fd fd fa fa fd fd fd fd fa fa
  0x0c067fff83e0: fa fa fa fa fa fa fa fa fa fa fa fa fa fa fa fa
  0x0c067fff83f0: fa fa fa fa fa fa fa fa fa fa fa fa fa fa fa fa
  0x0c067fff8400: fa fa fa fa fa fa fa fa fa fa fa fa fa fa fa fa
Shadow byte legend (one shadow byte represents 8 application bytes):
  Addressable:           00
  Partially addressable: 01 02 03 04 05 06 07 
  Heap left redzone:       fa
  Freed heap region:       fd
  Stack left redzone:      f1
  Stack mid redzone:       f2
  Stack right redzone:     f3
  Stack after return:      f5
  Stack use after scope:   f8
  Global redzone:          f9
  Global init order:       f6
  Poisoned by user:        f7
  Container overflow:      fc
  Array cookie:            ac
  Intra object redzone:    bb
  ASan internal:           fe
  Left alloca redzone:     ca
  Right alloca redzone:    cb
==13==ABORTING
