INFO: Running with entropic power schedule (0xFF, 100).
INFO: Seed: 2265360120
INFO: Loaded 1 modules   (16557 inline 8-bit counters): 16557 [0x89dfa0, 0x8a204d), 
INFO: Loaded 1 PC tables (16557 PCs): 16557 [0x801ec8,0x842998), 
/out/svc_dec_fuzzer: Running 1 inputs 1 time(s) each.
Running: /tmp/poc
=================================================================
==13==ERROR: AddressSanitizer: heap-buffer-overflow on address 0x62400000deb4 at pc 0x0000005f7f04 bp 0x7ffc14a2e2b0 sp 0x7ffc14a2e2a8
WRITE of size 1 at 0x62400000deb4 thread T0
SCARINESS: 31 (1-byte-write-heap-buffer-overflow)
    #0 0x5f7f03 in isvcd_populate_res_prms /src/libavc/decoder/svc/isvcd_intra_resamp.c:4802:37
    #1 0x5a26f9 in isvcd_parse_interlayer_resamp_func_init /src/libavc/decoder/svc/isvcd_parse_epslice.c:3216:15
    #2 0x5afc39 in isvcd_mark_err_slice_skip /src/libavc/decoder/svc/isvcd_parse_epslice.c:2973:11
    #3 0x583856 in isvcd_video_decode /src/libavc/decoder/svc/isvcd_api.c:5356:28
    #4 0x59003f in isvcd_api_function /src/libavc/decoder/svc/isvcd_api.c:7267:26
    #5 0x56f072 in Codec::decodeFrame(unsigned char const*, unsigned long, unsigned long*) /src/libavc/fuzzer/svc_dec_fuzzer.cpp:375:11
    #6 0x57018d in LLVMFuzzerTestOneInput /src/libavc/fuzzer/svc_dec_fuzzer.cpp:437:22
    #7 0x43de33 in fuzzer::Fuzzer::ExecuteCallback(unsigned char const*, unsigned long) /src/llvm-project/compiler-rt/lib/fuzzer/FuzzerLoop.cpp:611:15
    #8 0x429592 in fuzzer::RunOneTest(fuzzer::Fuzzer*, char const*, unsigned long) /src/llvm-project/compiler-rt/lib/fuzzer/FuzzerDriver.cpp:324:6
    #9 0x42ee3c in fuzzer::FuzzerDriver(int*, char***, int (*)(unsigned char const*, unsigned long)) /src/llvm-project/compiler-rt/lib/fuzzer/FuzzerDriver.cpp:860:9
    #10 0x458372 in main /src/llvm-project/compiler-rt/lib/fuzzer/FuzzerMain.cpp:20:10
    #11 0x7992d522d082 in __libc_start_main (/lib/x86_64-linux-gnu/libc.so.6+0x24082) (BuildId: 87b331c034a6458c64ce09c03939e947212e18ce)
    #12 0x41f75d in _start (/out/svc_dec_fuzzer+0x41f75d)

DEDUP_TOKEN: isvcd_populate_res_prms--isvcd_parse_interlayer_resamp_func_init--isvcd_mark_err_slice_skip
0x62400000deb4 is located 4 bytes to the right of 7600-byte region [0x62400000c100,0x62400000deb0)
allocated by thread T0 here:
    #0 0x52fb17 in posix_memalign /src/llvm-project/compiler-rt/lib/asan/asan_malloc_linux.cpp:145:3
    #1 0x56c4d5 in iv_aligned_malloc(void*, int, int) /src/libavc/fuzzer/svc_dec_fuzzer.cpp:85:13
    #2 0x5e350e in isvcd_allocate_dynamic_bufs /src/libavc/decoder/svc/isvcd_utils.c:178:14
    #3 0x5e6a45 in isvcd_init_pic /src/libavc/decoder/svc/isvcd_utils.c:843:15
    #4 0x5bccc4 in isvcd_start_of_pic /src/libavc/decoder/svc/isvcd_parse_slice.c:283:11
    #5 0x5ca464 in isvcd_parse_decode_slice /src/libavc/decoder/svc/isvcd_parse_slice.c:2390:19
    #6 0x5b818b in isvcd_parse_nal_unit /src/libavc/decoder/svc/isvcd_parse_headers.c:1005:40
    #7 0x5831a3 in isvcd_video_decode /src/libavc/decoder/svc/isvcd_api.c:5292:27
    #8 0x59003f in isvcd_api_function /src/libavc/decoder/svc/isvcd_api.c:7267:26
    #9 0x56f072 in Codec::decodeFrame(unsigned char const*, unsigned long, unsigned long*) /src/libavc/fuzzer/svc_dec_fuzzer.cpp:375:11
    #10 0x57018d in LLVMFuzzerTestOneInput /src/libavc/fuzzer/svc_dec_fuzzer.cpp:437:22
    #11 0x43de33 in fuzzer::Fuzzer::ExecuteCallback(unsigned char const*, unsigned long) /src/llvm-project/compiler-rt/lib/fuzzer/FuzzerLoop.cpp:611:15
    #12 0x429592 in fuzzer::RunOneTest(fuzzer::Fuzzer*, char const*, unsigned long) /src/llvm-project/compiler-rt/lib/fuzzer/FuzzerDriver.cpp:324:6
    #13 0x42ee3c in fuzzer::FuzzerDriver(int*, char***, int (*)(unsigned char const*, unsigned long)) /src/llvm-project/compiler-rt/lib/fuzzer/FuzzerDriver.cpp:860:9
    #14 0x458372 in main /src/llvm-project/compiler-rt/lib/fuzzer/FuzzerMain.cpp:20:10
    #15 0x7992d522d082 in __libc_start_main (/lib/x86_64-linux-gnu/libc.so.6+0x24082) (BuildId: 87b331c034a6458c64ce09c03939e947212e18ce)

DEDUP_TOKEN: posix_memalign--iv_aligned_malloc(void*, int, int)--isvcd_allocate_dynamic_bufs
SUMMARY: AddressSanitizer: heap-buffer-overflow /src/libavc/decoder/svc/isvcd_intra_resamp.c:4802:37 in isvcd_populate_res_prms
Shadow bytes around the buggy address:
  0x0c487fff9b80: 00 00 00 00 00 00 00 00 00 00 00 00 00 00 00 00
  0x0c487fff9b90: 00 00 00 00 00 00 00 00 00 00 00 00 00 00 00 00
  0x0c487fff9ba0: 00 00 00 00 00 00 00 00 00 00 00 00 00 00 00 00
  0x0c487fff9bb0: 00 00 00 00 00 00 00 00 00 00 00 00 00 00 00 00
  0x0c487fff9bc0: 00 00 00 00 00 00 00 00 00 00 00 00 00 00 00 00
=>0x0c487fff9bd0: 00 00 00 00 00 00[fa]fa fa fa fa fa fa fa fa fa
  0x0c487fff9be0: fa fa fa fa fa fa fa fa fa fa fa fa fa fa fa fa
  0x0c487fff9bf0: fa fa fa fa fa fa fa fa fa fa fa fa fa fa fa fa
  0x0c487fff9c00: fa fa fa fa fa fa fa fa fa fa fa fa fa fa fa fa
  0x0c487fff9c10: fa fa fa fa fa fa fa fa fa fa fa fa fa fa fa fa
  0x0c487fff9c20: fa fa fa fa fa fa fa fa fa fa fa fa fa fa fa fa
Shadow byte legend (one shadow byte represents 8 application bytes):
  Addressable:           00
  Partially addressable: 01 02 03 04 05 06 07 
  Heap left redzone:       fa
  Freed heap region:       fd
  Stack left redzone:      f1
  Stack mid redzone:       f2
  Stack right redzone:     f3
  Stack after return:      f5
  Stack use after scope:   f8
  Global redzone:          f9
  Global init order:       f6
  Poisoned by user:        f7
  Container overflow:      fc
  Array cookie:            ac
  Intra object redzone:    bb
  ASan internal:           fe
  Left alloca redzone:     ca
  Right alloca redzone:    cb
==13==ABORTING
