Accepting input from '/tmp/poc'
Usage for fuzzing: honggfuzz -P [flags] -- /out/svc_dec_fuzzer
=================================================================
==13==ERROR: AddressSanitizer: heap-buffer-overflow on address 0x61a000000b30 at pc 0x00000049de5c bp 0x7ae7cddfed70 sp 0x7ae7cddfe540
WRITE of size 640 at 0x61a000000b30 thread T40
SCARINESS: 45 (multi-byte-write-heap-buffer-overflow)
    #0 0x49de5b in __asan_memcpy /src/llvm-project/compiler-rt/lib/asan/asan_interceptors_memintrinsics.cpp:22:3
    #1 0x61942e in ih264d_fmt_conv_420sp_to_420sp /src/libavc/decoder/ih264d_format_conv.c:400:9
    #2 0x61942e in ih264d_format_convert /src/libavc/decoder/ih264d_format_conv.c:752:13
    #3 0x68a29a in ih264d_decode_picture_thread /src/libavc/decoder/ih264d_thread_parse_decode.c:644:13
    #4 0x7ae7d0ac3608 in start_thread (/lib/x86_64-linux-gnu/libpthread.so.0+0x8608) (BuildId: c6d0d79d906d62bb768421fc6dada0d5e729f177)
    #5 0x7ae7d09bd352 in __clone (/lib/x86_64-linux-gnu/libc.so.6+0x11f352) (BuildId: 87b331c034a6458c64ce09c03939e947212e18ce)

DEDUP_TOKEN: __asan_memcpy--ih264d_fmt_conv_420sp_to_420sp--ih264d_format_convert
0x61a000000b30 is located 0 bytes to the right of 1200-byte region [0x61a000000680,0x61a000000b30)
allocated by thread T0 here:
    #0 0x49f567 in posix_memalign /src/llvm-project/compiler-rt/lib/asan/asan_malloc_linux.cpp:145:3
    #1 0x4e7986 in iv_aligned_malloc /src/libavc/fuzzer/svc_dec_fuzzer.cpp:85:13
    #2 0x4e7986 in Codec::allocFrame() /src/libavc/fuzzer/svc_dec_fuzzer.cpp:308:48
    #3 0x4e8bee in Codec::decodeFrame(unsigned char const*, unsigned long, unsigned long*) /src/libavc/fuzzer/svc_dec_fuzzer.cpp:399:9
    #4 0x4e9932 in LLVMFuzzerTestOneInput /src/libavc/fuzzer/svc_dec_fuzzer.cpp:437:22
    #5 0x4dc3cb in main (/out/svc_dec_fuzzer+0x4dc3cb)

DEDUP_TOKEN: posix_memalign--iv_aligned_malloc--Codec::allocFrame()
Thread T40 created by T0 here:
    #0 0x48810c in pthread_create /src/llvm-project/compiler-rt/lib/asan/asan_interceptors.cpp:208:3
    #1 0x5b895c in ithread_create /src/libavc/common/ithread.c:80:12
    #2 0x544777 in isvcd_parse_decode_slice /src/libavc/decoder/svc/isvcd_parse_slice.c
    #3 0x532137 in isvcd_parse_nal_unit /src/libavc/decoder/svc/isvcd_parse_headers.c:1005:40
    #4 0x4fc5f1 in isvcd_video_decode /src/libavc/decoder/svc/isvcd_api.c:5292:27
    #5 0x509435 in isvcd_api_function /src/libavc/decoder/svc/isvcd_api.c:7267:26
    #6 0x4e88ae in Codec::decodeFrame(unsigned char const*, unsigned long, unsigned long*) /src/libavc/fuzzer/svc_dec_fuzzer.cpp:375:11
    #7 0x4e9932 in LLVMFuzzerTestOneInput /src/libavc/fuzzer/svc_dec_fuzzer.cpp:437:22
    #8 0x4dc3cb in main (/out/svc_dec_fuzzer+0x4dc3cb)

DEDUP_TOKEN: pthread_create--ithread_create--isvcd_parse_decode_slice
SUMMARY: AddressSanitizer: heap-buffer-overflow /src/llvm-project/compiler-rt/lib/asan/asan_interceptors_memintrinsics.cpp:22:3 in __asan_memcpy
Shadow bytes around the buggy address:
  0x0c347fff8110: 00 00 00 00 00 00 00 00 00 00 00 00 00 00 00 00
  0x0c347fff8120: 00 00 00 00 00 00 00 00 00 00 00 00 00 00 00 00
  0x0c347fff8130: 00 00 00 00 00 00 00 00 00 00 00 00 00 00 00 00
  0x0c347fff8140: 00 00 00 00 00 00 00 00 00 00 00 00 00 00 00 00
  0x0c347fff8150: 00 00 00 00 00 00 00 00 00 00 00 00 00 00 00 00
=>0x0c347fff8160: 00 00 00 00 00 00[fa]fa fa fa fa fa fa fa fa fa
  0x0c347fff8170: fa fa fa fa fa fa fa fa fa fa fa fa fa fa fa fa
  0x0c347fff8180: fa fa fa fa fa fa fa fa fa fa fa fa fa fa fa fa
  0x0c347fff8190: fa fa fa fa fa fa fa fa fa fa fa fa fa fa fa fa
  0x0c347fff81a0: fa fa fa fa fa fa fa fa fa fa fa fa fa fa fa fa
  0x0c347fff81b0: fa fa fa fa fa fa fa fa fa fa fa fa fa fa fa fa
Shadow byte legend (one shadow byte represents 8 application bytes):
  Addressable:           00
  Partially addressable: 01 02 03 04 05 06 07 
  Heap left redzone:       fa
  Freed heap region:       fd
  Stack left redzone:      f1
  Stack mid redzone:       f2
  Stack right redzone:     f3
  Stack after return:      f5
  Stack use after scope:   f8
  Global redzone:          f9
  Global init order:       f6
  Poisoned by user:        f7
  Container overflow:      fc
  Array cookie:            ac
  Intra object redzone:    bb
  ASan internal:           fe
  Left alloca redzone:     ca
  Right alloca redzone:    cb
==13==ABORTING
