INFO: Running with entropic power schedule (0xFF, 100).
INFO: Seed: 2208020898
INFO: Loaded 1 modules   (16557 inline 8-bit counters): 16557 [0x9d9b70, 0x9ddc1d), 
INFO: Loaded 1 PC tables (16557 PCs): 16557 [0x93e480,0x97ef50), 
/out/svc_dec_fuzzer: Running 1 inputs 1 time(s) each.
Running: /tmp/poc
MemorySanitizer:DEADLYSIGNAL
==13==ERROR: MemorySanitizer: SEGV on unknown address 0x722fffffe790 (pc 0x0000006e20e3 bp 0x7fffccb0a6a0 sp 0x7fffccb0a570 T13)
==13==The signal is caused by a READ memory access.
    #0 0x6e20e3 in ih264d_fill_bs1_16x16mb_pslice /src/libavc/decoder/ih264d_compute_bs.c
    #1 0x6e9588 in ih264d_compute_bs_non_mbaff /src/libavc/decoder/ih264d_compute_bs.c:1319:9
    #2 0x7bb7a9 in ih264d_mv_pred_ref_tfr_nby2_pmb /src/libavc/decoder/ih264d_process_pslice.c:321:17
    #3 0x59014c in isvcd_parse_inter_slice_data_cabac /src/libavc/decoder/svc/isvcd_parse_epslice.c:751:19
    #4 0x59ad11 in isvcd_parse_pslice /src/libavc/decoder/svc/isvcd_parse_epslice.c:3526:11
    #5 0x5c167d in isvcd_parse_decode_slice /src/libavc/decoder/svc/isvcd_parse_slice.c:2705:15
    #6 0x5a3117 in isvcd_parse_nal_unit /src/libavc/decoder/svc/isvcd_parse_headers.c:1005:40
    #7 0x5564cb in isvcd_video_decode /src/libavc/decoder/svc/isvcd_api.c:5292:27
    #8 0x5659ca in isvcd_api_function /src/libavc/decoder/svc/isvcd_api.c:7267:26
    #9 0x536c53 in Codec::decodeFrame(unsigned char const*, unsigned long, unsigned long*) /src/libavc/fuzzer/svc_dec_fuzzer.cpp:375:11
    #10 0x5382bc in LLVMFuzzerTestOneInput /src/libavc/fuzzer/svc_dec_fuzzer.cpp:437:22
    #11 0x43dc53 in fuzzer::Fuzzer::ExecuteCallback(unsigned char const*, unsigned long) /src/llvm-project/compiler-rt/lib/fuzzer/FuzzerLoop.cpp:611:15
    #12 0x4293b2 in fuzzer::RunOneTest(fuzzer::Fuzzer*, char const*, unsigned long) /src/llvm-project/compiler-rt/lib/fuzzer/FuzzerDriver.cpp:324:6
    #13 0x42ec5c in fuzzer::FuzzerDriver(int*, char***, int (*)(unsigned char const*, unsigned long)) /src/llvm-project/compiler-rt/lib/fuzzer/FuzzerDriver.cpp:860:9
    #14 0x458192 in main /src/llvm-project/compiler-rt/lib/fuzzer/FuzzerMain.cpp:20:10
    #15 0x7971cb399082 in __libc_start_main (/lib/x86_64-linux-gnu/libc.so.6+0x24082) (BuildId: 87b331c034a6458c64ce09c03939e947212e18ce)
    #16 0x41f57d in _start (/out/svc_dec_fuzzer+0x41f57d)

DEDUP_TOKEN: ih264d_fill_bs1_16x16mb_pslice--ih264d_compute_bs_non_mbaff--ih264d_mv_pred_ref_tfr_nby2_pmb
MemorySanitizer can not provide additional info.
SUMMARY: MemorySanitizer: SEGV /src/libavc/decoder/ih264d_compute_bs.c in ih264d_fill_bs1_16x16mb_pslice
==13==ABORTING
