INFO: Running with entropic power schedule (0xFF, 100).
INFO: Seed: 2252394293
INFO: Loaded 1 modules   (152816 inline 8-bit counters): 152816 [0xdb5ac8, 0xddafb8), 
INFO: Loaded 1 PC tables (152816 PCs): 152816 [0xddafb8,0x102feb8), 
/out/matio_fuzzer: Running 1 inputs 1 time(s) each.
Running: /tmp/poc
HDF5-DIAG: Error detected in HDF5 (1.14.3-1) thread 0:
  #000: H5Rdeprec.c line 647 in H5Rdereference2(): unable to open object by token
    major: References
    minor: Can't open object
  #001: H5VLcallback.c line 5780 in H5VL_object_open(): object open failed
    major: Virtual Object Layer
    minor: Can't open object
  #002: H5VLcallback.c line 5747 in H5VL__object_open(): object open failed
    major: Virtual Object Layer
    minor: Can't open object
  #003: H5VLnative_object.c line 114 in H5VL__native_object_open(): unable to open object by address
    major: Object header
    minor: Can't open object
  #004: H5Oint.c line 693 in H5O__open_by_addr(): unable to open object
    major: Object header
    minor: Can't open object
  #005: H5Oint.c line 721 in H5O_open_by_loc(): unable to determine object class
    major: Object header
    minor: Can't get value
  #006: H5Oint.c line 1649 in H5O__obj_class(): unable to load object header
    major: Object header
    minor: Unable to protect metadata
  #007: H5Oint.c line 1002 in H5O_protect(): unable to load object header
    major: Object header
    minor: Unable to protect metadata
  #008: H5AC.c line 1277 in H5AC_protect(): H5C_protect() failed
    major: Object cache
    minor: Unable to protect metadata
  #009: H5Centry.c line 3125 in H5C_protect(): can't load entry
    major: Object cache
    minor: Unable to load metadata into cache
  #010: H5Centry.c line 1204 in H5C__load_entry(): Can't deserialize image
    major: Object cache
    minor: Unable to load metadata into cache
  #011: H5Ocache.c line 312 in H5O__cache_deserialize(): can't deserialize first object header chunk
    major: Object header
    minor: Unable to initialize object
  #012: H5Ocache.c line 1324 in H5O__chunk_deserialize(): corrupt object header
    major: Object header
    minor: Unable to initialize object
HDF5-DIAG: Error detected in HDF5 (1.14.3-1) thread 0:
  #000: H5L.c line 1647 in H5Literate2(): synchronous link iteration failed
    major: Links
    minor: Iteration failed
  #001: H5L.c line 1612 in H5L__iterate_api_common(): link iteration failed
    major: Links
    minor: Iteration failed
  #002: H5VLcallback.c line 5517 in H5VL_link_specific(): unable to execute link specific callback
    major: Virtual Object Layer
    minor: Can't operate on object
  #003: H5VLcallback.c line 5483 in H5VL__link_specific(): unable to execute link specific callback
    major: Virtual Object Layer
    minor: Can't operate on object
  #004: H5VLnative_link.c line 368 in H5VL__native_link_specific(): error iterating over links
    major: Links
    minor: Iteration failed
  #005: H5Lint.c line 2146 in H5L_iterate(): link iteration failed
    major: Links
    minor: Iteration failed
  #006: H5Gint.c line 869 in H5G_iterate(): error iterating over links
    major: Symbol table
    minor: Iteration failed
  #007: H5Gobj.c line 649 in H5G__obj_iterate(): can't iterate over symbol table
    major: Symbol table
    minor: Iteration failed
  #008: H5Gstab.c line 507 in H5G__stab_iterate(): iteration operator failed
    major: Symbol table
    minor: Can't move to next iterator location
  #009: H5B.c line 1171 in H5B_iterate(): B-tree iteration failed
    major: B-Tree node
    minor: Iteration failed
  #010: H5B.c line 1133 in H5B__iterate_helper(): B-tree iteration failed
    major: B-Tree node
    minor: Iteration failed
  #011: H5Gnode.c line 941 in H5G__node_iterate(): iteration operator failed
    major: Symbol table
    minor: Can't move to next iterator location
HDF5-DIAG: Error detected in HDF5 (1.14.3-1) thread 0:
  #000: H5Rdeprec.c line 647 in H5Rdereference2(): unable to open object by token
    major: References
    minor: Can't open object
  #001: H5VLcallback.c line 5780 in H5VL_object_open(): object open failed
    major: Virtual Object Layer
    minor: Can't open object
  #002: H5VLcallback.c line 5747 in H5VL__object_open(): object open failed
    major: Virtual Object Layer
    minor: Can't open object
  #003: H5VLnative_object.c line 114 in H5VL__native_object_open(): unable to open object by address
    major: Object header
    minor: Can't open object
  #004: H5Oint.c line 693 in H5O__open_by_addr(): unable to open object
    major: Object header
    minor: Can't open object
  #005: H5Oint.c line 721 in H5O_open_by_loc(): unable to determine object class
    major: Object header
    minor: Can't get value
  #006: H5Oint.c line 1649 in H5O__obj_class(): unable to load object header
    major: Object header
    minor: Unable to protect metadata
  #007: H5Oint.c line 1002 in H5O_protect(): unable to load object header
    major: Object header
    minor: Unable to protect metadata
  #008: H5AC.c line 1277 in H5AC_protect(): H5C_protect() failed
    major: Object cache
    minor: Unable to protect metadata
  #009: H5Centry.c line 3125 in H5C_protect(): can't load entry
    major: Object cache
    minor: Unable to load metadata into cache
  #010: H5Centry.c line 1204 in H5C__load_entry(): Can't deserialize image
    major: Object cache
    minor: Unable to load metadata into cache
  #011: H5Ocache.c line 312 in H5O__cache_deserialize(): can't deserialize first object header chunk
    major: Object header
    minor: Unable to initialize object
  #012: H5Ocache.c line 1324 in H5O__chunk_deserialize(): corrupt object header
    major: Object header
    minor: Unable to initialize object
HDF5-DIAG: Error detected in HDF5 (1.14.3-1) thread 0:
  #000: H5L.c line 1647 in H5Literate2(): synchronous link iteration failed
    major: Links
    minor: Iteration failed
  #001: H5L.c line 1612 in H5L__iterate_api_common(): link iteration failed
    major: Links
    minor: Iteration failed
  #002: H5VLcallback.c line 5517 in H5VL_link_specific(): unable to execute link specific callback
    major: Virtual Object Layer
    minor: Can't operate on object
  #003: H5VLcallback.c line 5483 in H5VL__link_specific(): unable to execute link specific callback
    major: Virtual Object Layer
    minor: Can't operate on object
  #004: H5VLnative_link.c line 368 in H5VL__native_link_specific(): error iterating over links
    major: Links
    minor: Iteration failed
  #005: H5Lint.c line 2146 in H5L_iterate(): link iteration failed
    major: Links
    minor: Iteration failed
  #006: H5Gint.c line 869 in H5G_iterate(): error iterating over links
    major: Symbol table
    minor: Iteration failed
  #007: H5Gobj.c line 649 in H5G__obj_iterate(): can't iterate over symbol table
    major: Symbol table
    minor: Iteration failed
  #008: H5Gstab.c line 507 in H5G__stab_iterate(): iteration operator failed
    major: Symbol table
    minor: Can't move to next iterator location
  #009: H5B.c line 1171 in H5B_iterate(): B-tree iteration failed
    major: B-Tree node
    minor: Iteration failed
  #010: H5B.c line 1133 in H5B__iterate_helper(): B-tree iteration failed
    major: B-Tree node
    minor: Iteration failed
  #011: H5Gnode.c line 941 in H5G__node_iterate(): iteration operator failed
    major: Symbol table
    minor: Can't move to next iterator location
HDF5-DIAG: Error detected in HDF5 (1.14.3-1) thread 0:
  #000: H5Rdeprec.c line 647 in H5Rdereference2(): unable to open object by token
    major: References
    minor: Can't open object
  #001: H5VLcallback.c line 5780 in H5VL_object_open(): object open failed
    major: Virtual Object Layer
    minor: Can't open object
  #002: H5VLcallback.c line 5747 in H5VL__object_open(): object open failed
    major: Virtual Object Layer
    minor: Can't open object
  #003: H5VLnative_object.c line 114 in H5VL__native_object_open(): unable to open object by address
    major: Object header
    minor: Can't open object
  #004: H5Oint.c line 693 in H5O__open_by_addr(): unable to open object
    major: Object header
    minor: Can't open object
  #005: H5Oint.c line 721 in H5O_open_by_loc(): unable to determine object class
    major: Object header
    minor: Can't get value
  #006: H5Oint.c line 1649 in H5O__obj_class(): unable to load object header
    major: Object header
    minor: Unable to protect metadata
  #007: H5Oint.c line 1002 in H5O_protect(): unable to load object header
    major: Object header
    minor: Unable to protect metadata
  #008: H5AC.c line 1277 in H5AC_protect(): H5C_protect() failed
    major: Object cache
    minor: Unable to protect metadata
  #009: H5Centry.c line 3125 in H5C_protect(): can't load entry
    major: Object cache
    minor: Unable to load metadata into cache
  #010: H5Centry.c line 1204 in H5C__load_entry(): Can't deserialize image
    major: Object cache
    minor: Unable to load metadata into cache
  #011: H5Ocache.c line 312 in H5O__cache_deserialize(): can't deserialize first object header chunk
    major: Object header
    minor: Unable to initialize object
  #012: H5Ocache.c line 1324 in H5O__chunk_deserialize(): corrupt object header
    major: Object header
    minor: Unable to initialize object
HDF5-DIAG: Error detected in HDF5 (1.14.3-1) thread 0:
  #000: H5L.c line 1647 in H5Literate2(): synchronous link iteration failed
    major: Links
    minor: Iteration failed
  #001: H5L.c line 1612 in H5L__iterate_api_common(): link iteration failed
    major: Links
    minor: Iteration failed
  #002: H5VLcallback.c line 5517 in H5VL_link_specific(): unable to execute link specific callback
    major: Virtual Object Layer
    minor: Can't operate on object
  #003: H5VLcallback.c line 5483 in H5VL__link_specific(): unable to execute link specific callback
    major: Virtual Object Layer
    minor: Can't operate on object
  #004: H5VLnative_link.c line 368 in H5VL__native_link_specific(): error iterating over links
    major: Links
    minor: Iteration failed
  #005: H5Lint.c line 2146 in H5L_iterate(): link iteration failed
    major: Links
    minor: Iteration failed
  #006: H5Gint.c line 869 in H5G_iterate(): error iterating over links
    major: Symbol table
    minor: Iteration failed
  #007: H5Gobj.c line 649 in H5G__obj_iterate(): can't iterate over symbol table
    major: Symbol table
    minor: Iteration failed
  #008: H5Gstab.c line 507 in H5G__stab_iterate(): iteration operator failed
    major: Symbol table
    minor: Can't move to next iterator location
  #009: H5B.c line 1171 in H5B_iterate(): B-tree iteration failed
    major: B-Tree node
    minor: Iteration failed
  #010: H5B.c line 1133 in H5B__iterate_helper(): B-tree iteration failed
    major: B-Tree node
    minor: Iteration failed
  #011: H5Gnode.c line 941 in H5G__node_iterate(): iteration operator failed
    major: Symbol table
    minor: Can't move to next iterator location
HDF5-DIAG: Error detected in HDF5 (1.14.3-1) thread 0:
  #000: H5O.c line 1178 in H5Oget_info_by_name3(): can't synchronously retrieve object info
    major: Object header
    minor: Can't get value
  #001: H5O.c line 1152 in H5O__get_info_by_name_api_common(): can't get data model info for object
    major: Object header
    minor: Can't get value
  #002: H5VLcallback.c line 5992 in H5VL_object_get(): get failed
    major: Virtual Object Layer
    minor: Can't get value
  #003: H5VLcallback.c line 5960 in H5VL__object_get(): get failed
    major: Virtual Object Layer
    minor: Can't get value
  #004: H5VLnative_object.c line 270 in H5VL__native_object_get(): object not found
    major: Object header
    minor: Object not found
  #005: H5Gloc.c line 761 in H5G_loc_info(): can't find object
    major: Symbol table
    minor: Object not found
  #006: H5Gtraverse.c line 816 in H5G_traverse(): internal path traversal failed
    major: Symbol table
    minor: Object not found
  #007: H5Gtraverse.c line 596 in H5G__traverse_real(): traversal operator failed
    major: Symbol table
    minor: Callback failed
  #008: H5Gloc.c line 722 in H5G__loc_info_cb(): can't get object info
    major: Symbol table
    minor: Can't get value
  #009: H5Oint.c line 2085 in H5O_get_info(): unable to load object header
    major: Object header
    minor: Unable to protect metadata
  #010: H5Oint.c line 1002 in H5O_protect(): unable to load object header
    major: Object header
    minor: Unable to protect metadata
  #011: H5AC.c line 1277 in H5AC_protect(): H5C_protect() failed
    major: Object cache
    minor: Unable to protect metadata
  #012: H5Centry.c line 3125 in H5C_protect(): can't load entry
    major: Object cache
    minor: Unable to load metadata into cache
  #013: H5Centry.c line 1190 in H5C__load_entry(): incorrect metadata checksum after all read attempts
    major: Object cache
    minor: Read failed
  #014: H5Ocache.c line 187 in H5O__cache_get_final_load_size(): can't deserialize object header prefix
    major: Object header
    minor: Unable to decode value
  #015: H5Ocache.c line 1100 in H5O__prefix_deserialize(): bad object header version number
    major: Object header
    minor: Wrong version number
HDF5-DIAG: Error detected in HDF5 (1.14.3-1) thread 0:
  #000: H5L.c line 1647 in H5Literate2(): synchronous link iteration failed
    major: Links
    minor: Iteration failed
  #001: H5L.c line 1612 in H5L__iterate_api_common(): link iteration failed
    major: Links
    minor: Iteration failed
  #002: H5VLcallback.c line 5517 in H5VL_link_specific(): unable to execute link specific callback
    major: Virtual Object Layer
    minor: Can't operate on object
  #003: H5VLcallback.c line 5483 in H5VL__link_specific(): unable to execute link specific callback
    major: Virtual Object Layer
    minor: Can't operate on object
  #004: H5VLnative_link.c line 368 in H5VL__native_link_specific(): error iterating over links
    major: Links
    minor: Iteration failed
  #005: H5Lint.c line 2146 in H5L_iterate(): link iteration failed
    major: Links
    minor: Iteration failed
  #006: H5Gint.c line 869 in H5G_iterate(): error iterating over links
    major: Symbol table
    minor: Iteration failed
  #007: H5Gobj.c line 649 in H5G__obj_iterate(): can't iterate over symbol table
    major: Symbol table
    minor: Iteration failed
  #008: H5Gstab.c line 507 in H5G__stab_iterate(): iteration operator failed
    major: Symbol table
    minor: Can't move to next iterator location
  #009: H5B.c line 1171 in H5B_iterate(): B-tree iteration failed
    major: B-Tree node
    minor: Iteration failed
  #010: H5B.c line 1133 in H5B__iterate_helper(): B-tree iteration failed
    major: B-Tree node
    minor: Iteration failed
  #011: H5Gnode.c line 941 in H5G__node_iterate(): iteration operator failed
    major: Symbol table
    minor: Can't move to next iterator location
  #012: H5O.c line 1178 in H5Oget_info_by_name3(): can't synchronously retrieve object info
    major: Object header
    minor: Can't get value
  #013: H5O.c line 1152 in H5O__get_info_by_name_api_common(): can't get data model info for object
    major: Object header
    minor: Can't get value
  #014: H5VLcallback.c line 5992 in H5VL_object_get(): get failed
    major: Virtual Object Layer
    minor: Can't get value
  #015: H5VLcallback.c line 5960 in H5VL__object_get(): get failed
    major: Virtual Object Layer
    minor: Can't get value
  #016: H5VLnative_object.c line 270 in H5VL__native_object_get(): object not found
    major: Object header
    minor: Object not found
  #017: H5Gloc.c line 761 in H5G_loc_info(): can't find object
    major: Symbol table
    minor: Object not found
  #018: H5Gtraverse.c line 816 in H5G_traverse(): internal path traversal failed
    major: Symbol table
    minor: Object not found
  #019: H5Gtraverse.c line 596 in H5G__traverse_real(): traversal operator failed
    major: Symbol table
    minor: Callback failed
  #020: H5Gloc.c line 722 in H5G__loc_info_cb(): can't get object info
    major: Symbol table
    minor: Can't get value
  #021: H5Oint.c line 2085 in H5O_get_info(): unable to load object header
    major: Object header
    minor: Unable to protect metadata
  #022: H5Oint.c line 1002 in H5O_protect(): unable to load object header
    major: Object header
    minor: Unable to protect metadata
  #023: H5AC.c line 1277 in H5AC_protect(): H5C_protect() failed
    major: Object cache
    minor: Unable to protect metadata
  #024: H5Centry.c line 3125 in H5C_protect(): can't load entry
    major: Object cache
    minor: Unable to load metadata into cache
  #025: H5Centry.c line 1190 in H5C__load_entry(): incorrect metadata checksum after all read attempts
    major: Object cache
    minor: Read failed
  #026: H5Ocache.c line 187 in H5O__cache_get_final_load_size(): can't deserialize object header prefix
    major: Object header
    minor: Unable to decode value
  #027: H5Ocache.c line 1100 in H5O__prefix_deserialize(): bad object header version number
    major: Object header
    minor: Wrong version number
HDF5-DIAG: Error detected in HDF5 (1.14.3-1) thread 0:
  #000: H5A.c line 1043 in H5Aread(): can't synchronously read data
    major: Attribute
    minor: Read failed
  #001: H5A.c line 1011 in H5A__read_api_common(): unable to read attribute
    major: Attribute
    minor: Read failed
  #002: H5VLcallback.c line 1236 in H5VL_attr_read(): attribute read failed
    major: Virtual Object Layer
    minor: Read failed
  #003: H5VLcallback.c line 1205 in H5VL__attr_read(): attribute read failed
    major: Virtual Object Layer
    minor: Read failed
  #004: H5VLnative_attr.c line 211 in H5VL__native_attr_read(): unable to read attribute
    major: Attribute
    minor: Read failed
  #005: H5Aint.c line 754 in H5A__read(): datatype conversion failed
    major: Attribute
    minor: Unable to encode value
  #006: H5T.c line 5298 in H5T_convert(): datatype conversion failed
    major: Datatype
    minor: Can't convert datatypes
  #007: H5Tconv.c line 3326 in H5T__conv_vlen(): can't read VL data
    major: Datatype
    minor: Read failed
  #008: H5Tvlen.c line 834 in H5T__vlen_disk_read(): unable to get blob
    major: Datatype
    minor: Can't get value
  #009: H5VLcallback.c line 7396 in H5VL_blob_get(): blob get failed
    major: Virtual Object Layer
    minor: Can't get value
  #010: H5VLcallback.c line 7367 in H5VL__blob_get(): blob get callback failed
    major: Virtual Object Layer
    minor: Can't get value
  #011: H5VLnative_blob.c line 119 in H5VL__native_blob_get(): unable to read VL information
    major: Virtual Object Layer
    minor: Read failed
  #012: H5HG.c line 560 in H5HG_read(): unable to protect global heap
    major: Heap
    minor: Unable to protect metadata
  #013: H5HG.c line 235 in H5HG__protect(): unable to protect global heap
    major: Heap
    minor: Unable to protect metadata
  #014: H5AC.c line 1277 in H5AC_protect(): H5C_protect() failed
    major: Object cache
    minor: Unable to protect metadata
  #015: H5Centry.c line 3125 in H5C_protect(): can't load entry
    major: Object cache
    minor: Unable to load metadata into cache
  #016: H5Centry.c line 1190 in H5C__load_entry(): incorrect metadata checksum after all read attempts
    major: Object cache
    minor: Read failed
  #017: H5HGcache.c line 195 in H5HG__cache_heap_get_final_load_size(): can't decode global heap prefix
    major: Heap
    minor: Unable to decode value
  #018: H5HGcache.c line 120 in H5HG__hdr_deserialize(): bad global heap collection signature
    major: Heap
    minor: Bad value
HDF5-DIAG: Error detected in HDF5 (1.14.3-1) thread 0:
  #000: H5L.c line 1647 in H5Literate2(): synchronous link iteration failed
    major: Links
    minor: Iteration failed
  #001: H5L.c line 1612 in H5L__iterate_api_common(): link iteration failed
    major: Links
    minor: Iteration failed
  #002: H5VLcallback.c line 5517 in H5VL_link_specific(): unable to execute link specific callback
    major: Virtual Object Layer
    minor: Can't operate on object
  #003: H5VLcallback.c line 5483 in H5VL__link_specific(): unable to execute link specific callback
    major: Virtual Object Layer
    minor: Can't operate on object
  #004: H5VLnative_link.c line 368 in H5VL__native_link_specific(): error iterating over links
    major: Links
    minor: Iteration failed
  #005: H5Lint.c line 2146 in H5L_iterate(): link iteration failed
    major: Links
    minor: Iteration failed
  #006: H5Gint.c line 869 in H5G_iterate(): error iterating over links
    major: Symbol table
    minor: Iteration failed
  #007: H5Gobj.c line 649 in H5G__obj_iterate(): can't iterate over symbol table
    major: Symbol table
    minor: Iteration failed
  #008: H5Gstab.c line 507 in H5G__stab_iterate(): iteration operator failed
    major: Symbol table
    minor: Can't move to next iterator location
  #009: H5B.c line 1171 in H5B_iterate(): B-tree iteration failed
    major: B-Tree node
    minor: Iteration failed
  #010: H5B.c line 1133 in H5B__iterate_helper(): B-tree iteration failed
    major: B-Tree node
    minor: Iteration failed
  #011: H5Gnode.c line 941 in H5G__node_iterate(): iteration operator failed
    major: Symbol table
    minor: Can't move to next iterator location
HDF5-DIAG: Error detected in HDF5 (1.14.3-1) thread 0:
  #000: H5A.c line 1043 in H5Aread(): can't synchronously read data
    major: Attribute
    minor: Read failed
  #001: H5A.c line 1011 in H5A__read_api_common(): unable to read attribute
    major: Attribute
    minor: Read failed
  #002: H5VLcallback.c line 1236 in H5VL_attr_read(): attribute read failed
    major: Virtual Object Layer
    minor: Read failed
  #003: H5VLcallback.c line 1205 in H5VL__attr_read(): attribute read failed
    major: Virtual Object Layer
    minor: Read failed
  #004: H5VLnative_attr.c line 211 in H5VL__native_attr_read(): unable to read attribute
    major: Attribute
    minor: Read failed
  #005: H5Aint.c line 754 in H5A__read(): datatype conversion failed
    major: Attribute
    minor: Unable to encode value
  #006: H5T.c line 5298 in H5T_convert(): datatype conversion failed
    major: Datatype
    minor: Can't convert datatypes
  #007: H5Tconv.c line 3326 in H5T__conv_vlen(): can't read VL data
    major: Datatype
    minor: Read failed
  #008: H5Tvlen.c line 834 in H5T__vlen_disk_read(): unable to get blob
    major: Datatype
    minor: Can't get value
  #009: H5VLcallback.c line 7396 in H5VL_blob_get(): blob get failed
    major: Virtual Object Layer
    minor: Can't get value
  #010: H5VLcallback.c line 7367 in H5VL__blob_get(): blob get callback failed
    major: Virtual Object Layer
    minor: Can't get value
  #011: H5VLnative_blob.c line 119 in H5VL__native_blob_get(): unable to read VL information
    major: Virtual Object Layer
    minor: Read failed
  #012: H5HG.c line 560 in H5HG_read(): unable to protect global heap
    major: Heap
    minor: Unable to protect metadata
  #013: H5HG.c line 235 in H5HG__protect(): unable to protect global heap
    major: Heap
    minor: Unable to protect metadata
  #014: H5AC.c line 1277 in H5AC_protect(): H5C_protect() failed
    major: Object cache
    minor: Unable to protect metadata
  #015: H5Centry.c line 3125 in H5C_protect(): can't load entry
    major: Object cache
    minor: Unable to load metadata into cache
  #016: H5Centry.c line 1190 in H5C__load_entry(): incorrect metadata checksum after all read attempts
    major: Object cache
    minor: Read failed
  #017: H5HGcache.c line 195 in H5HG__cache_heap_get_final_load_size(): can't decode global heap prefix
    major: Heap
    minor: Unable to decode value
  #018: H5HGcache.c line 120 in H5HG__hdr_deserialize(): bad global heap collection signature
    major: Heap
    minor: Bad value
HDF5-DIAG: Error detected in HDF5 (1.14.3-1) thread 0:
  #000: H5L.c line 1647 in H5Literate2(): synchronous link iteration failed
    major: Links
    minor: Iteration failed
  #001: H5L.c line 1612 in H5L__iterate_api_common(): link iteration failed
    major: Links
    minor: Iteration failed
  #002: H5VLcallback.c line 5517 in H5VL_link_specific(): unable to execute link specific callback
    major: Virtual Object Layer
    minor: Can't operate on object
  #003: H5VLcallback.c line 5483 in H5VL__link_specific(): unable to execute link specific callback
    major: Virtual Object Layer
    minor: Can't operate on object
  #004: H5VLnative_link.c line 368 in H5VL__native_link_specific(): error iterating over links
    major: Links
    minor: Iteration failed
  #005: H5Lint.c line 2146 in H5L_iterate(): link iteration failed
    major: Links
    minor: Iteration failed
  #006: H5Gint.c line 869 in H5G_iterate(): error iterating over links
    major: Symbol table
    minor: Iteration failed
  #007: H5Gobj.c line 649 in H5G__obj_iterate(): can't iterate over symbol table
    major: Symbol table
    minor: Iteration failed
  #008: H5Gstab.c line 507 in H5G__stab_iterate(): iteration operator failed
    major: Symbol table
    minor: Can't move to next iterator location
  #009: H5B.c line 1171 in H5B_iterate(): B-tree iteration failed
    major: B-Tree node
    minor: Iteration failed
  #010: H5B.c line 1133 in H5B__iterate_helper(): B-tree iteration failed
    major: B-Tree node
    minor: Iteration failed
  #011: H5Gnode.c line 941 in H5G__node_iterate(): iteration operator failed
    major: Symbol table
    minor: Can't move to next iterator location
HDF5-DIAG: Error detected in HDF5 (1.14.3-1) thread 0:
  #000: H5D.c line 403 in H5Dopen2(): unable to synchronously open dataset
    major: Dataset
    minor: Can't open object
  #001: H5D.c line 364 in H5D__open_api_common(): unable to open dataset
    major: Dataset
    minor: Can't open object
  #002: H5VLcallback.c line 1980 in H5VL_dataset_open(): dataset open failed
    major: Virtual Object Layer
    minor: Can't open object
  #003: H5VLcallback.c line 1947 in H5VL__dataset_open(): dataset open failed
    major: Virtual Object Layer
    minor: Can't open object
  #004: H5VLnative_dataset.c line 331 in H5VL__native_dataset_open(): unable to open dataset
    major: Dataset
    minor: Can't open object
  #005: H5Dint.c line 1429 in H5D__open_name(): can't open dataset
    major: Dataset
    minor: Unable to initialize object
  #006: H5Dint.c line 1494 in H5D_open(): not found
    major: Dataset
    minor: Object not found
  #007: H5Dint.c line 1700 in H5D__open_oid(): can't cache dataspace info
    major: Dataset
    minor: Unable to copy object
  #008: H5Dint.c line 586 in H5D__cache_dataspace_info(): unable to get the next power of 2
    major: Dataset
    minor: Can't get value
HDF5-DIAG: Error detected in HDF5 (1.14.3-1) thread 0:
  #000: H5A.c line 679 in H5Aopen_by_name(): unable to synchronously open attribute
    major: Attribute
    minor: Can't open object
  #001: H5A.c line 633 in H5A__open_by_name_api_common(): can't set object access arguments
    major: Attribute
    minor: Can't set value
  #002: H5VLint.c line 2677 in H5VL_setup_name_args(): invalid location identifier
    major: Invalid arguments to routine
    minor: Inappropriate type
  #003: H5VLint.c line 1741 in H5VL_vol_object(): invalid identifier type to function
    major: Invalid arguments to routine
    minor: Inappropriate type
HDF5-DIAG: Error detected in HDF5 (1.14.3-1) thread 0:
  #000: H5L.c line 1647 in H5Literate2(): synchronous link iteration failed
    major: Links
    minor: Iteration failed
  #001: H5L.c line 1612 in H5L__iterate_api_common(): link iteration failed
    major: Links
    minor: Iteration failed
  #002: H5VLcallback.c line 5517 in H5VL_link_specific(): unable to execute link specific callback
    major: Virtual Object Layer
    minor: Can't operate on object
  #003: H5VLcallback.c line 5483 in H5VL__link_specific(): unable to execute link specific callback
    major: Virtual Object Layer
    minor: Can't operate on object
  #004: H5VLnative_link.c line 368 in H5VL__native_link_specific(): error iterating over links
    major: Links
    minor: Iteration failed
  #005: H5Lint.c line 2146 in H5L_iterate(): link iteration failed
    major: Links
    minor: Iteration failed
  #006: H5Gint.c line 869 in H5G_iterate(): error iterating over links
    major: Symbol table
    minor: Iteration failed
  #007: H5Gobj.c line 649 in H5G__obj_iterate(): can't iterate over symbol table
    major: Symbol table
    minor: Iteration failed
  #008: H5Gstab.c line 507 in H5G__stab_iterate(): iteration operator failed
    major: Symbol table
    minor: Can't move to next iterator location
  #009: H5B.c line 1171 in H5B_iterate(): B-tree iteration failed
    major: B-Tree node
    minor: Iteration failed
  #010: H5B.c line 1133 in H5B__iterate_helper(): B-tree iteration failed
    major: B-Tree node
    minor: Iteration failed
  #011: H5Gnode.c line 941 in H5G__node_iterate(): iteration operator failed
    major: Symbol table
    minor: Can't move to next iterator location
  #012: H5A.c line 679 in H5Aopen_by_name(): unable to synchronously open attribute
    major: Attribute
    minor: Can't open object
  #013: H5A.c line 633 in H5A__open_by_name_api_common(): can't set object access arguments
    major: Attribute
    minor: Can't set value
  #014: H5VLint.c line 2677 in H5VL_setup_name_args(): invalid location identifier
    major: Invalid arguments to routine
    minor: Inappropriate type
  #015: H5VLint.c line 1741 in H5VL_vol_object(): invalid identifier type to function
    major: Invalid arguments to routine
    minor: Inappropriate type
UndefinedBehaviorSanitizer:DEADLYSIGNAL
==13==ERROR: UndefinedBehaviorSanitizer: SEGV on unknown address 0x000002f14000 (pc 0x7df3900fb963 bp 0x7ffc2e6d54e0 sp 0x7ffc2e6d5438 T13)
==13==The signal is caused by a READ memory access.
    #0 0x7df3900fb963  (/lib/x86_64-linux-gnu/libc.so.6+0x18b963) (BuildId: 87b331c034a6458c64ce09c03939e947212e18ce)
    #1 0x9f88ca in H5VM_memcpyvv /src/hdf5/src/H5VM.c:1470:13
    #2 0xa619b9 in H5D__compact_readvv /src/hdf5/src/H5Dcompact.c:334:26
    #3 0x65d363 in H5D__gather_file /src/hdf5/src/H5Dscatgath.c:253:13
    #4 0x65c76b in H5D__scatgath_read /src/hdf5/src/H5Dscatgath.c:562:13
    #5 0xa64bd7 in H5D__contig_read /src/hdf5/src/H5Dcontig.c:841:13
    #6 0x6551e4 in H5D__read /src/hdf5/src/H5Dio.c:400:17
    #7 0x9e4643 in H5VL__native_dataset_read /src/hdf5/src/H5VLnative_dataset.c:372:9
    #8 0x9c83ee in H5VL__dataset_read /src/hdf5/src/H5VLcallback.c:2047:9
    #9 0x9c81f1 in H5VL_dataset_read_direct /src/hdf5/src/H5VLcallback.c:2090:9
    #10 0x637a2b in H5D__read_api_common /src/hdf5/src/H5D.c:1006:9
    #11 0x637317 in H5Dread /src/hdf5/src/H5D.c:1059:9
    #12 0x4cb851 in Mat_VarRead73 /src/matio/src/mat73.c:2882:39
    #13 0x4c9ab4 in ReadData /src/matio/src/mat.c:112:16
    #14 0x4ca15a in Mat_VarRead /src/matio/src/mat.c:2718:29
    #15 0x4c17bc in MatioRead(char const*) /src/matio/ossfuzz/./matio_wrap.h:49:18
    #16 0x4c185a in LLVMFuzzerTestOneInput /src/matio/ossfuzz/./matio_fuzzer.cpp:30:12
    #17 0x4275d3 in fuzzer::Fuzzer::ExecuteCallback(unsigned char const*, unsigned long) /src/llvm-project/compiler-rt/lib/fuzzer/FuzzerLoop.cpp:611:15
    #18 0x412d32 in fuzzer::RunOneTest(fuzzer::Fuzzer*, char const*, unsigned long) /src/llvm-project/compiler-rt/lib/fuzzer/FuzzerDriver.cpp:324:6
    #19 0x4185dc in fuzzer::FuzzerDriver(int*, char***, int (*)(unsigned char const*, unsigned long)) /src/llvm-project/compiler-rt/lib/fuzzer/FuzzerDriver.cpp:860:9
    #20 0x441b12 in main /src/llvm-project/compiler-rt/lib/fuzzer/FuzzerMain.cpp:20:10
    #21 0x7df38ff94082 in __libc_start_main (/lib/x86_64-linux-gnu/libc.so.6+0x24082) (BuildId: 87b331c034a6458c64ce09c03939e947212e18ce)
    #22 0x408efd in _start (/out/matio_fuzzer+0x408efd)

DEDUP_TOKEN: H5VM_memcpyvv--H5D__compact_readvv
UndefinedBehaviorSanitizer can not provide additional info.
SUMMARY: UndefinedBehaviorSanitizer: SEGV (/lib/x86_64-linux-gnu/libc.so.6+0x18b963) (BuildId: 87b331c034a6458c64ce09c03939e947212e18ce) 
==13==ABORTING
