INFO: Running with entropic power schedule (0xFF, 100).
INFO: Seed: 2260059325
INFO: Loaded 1 modules   (264157 inline 8-bit counters): 264157 [0x2d392c0, 0x2d79a9d), 
INFO: Loaded 1 PC tables (264157 PCs): 264157 [0x2d79aa0,0x3181870), 
/out/ia_fuzz: Running 1 inputs 1 time(s) each.
Running: /tmp/poc
=================================================================
==13==ERROR: AddressSanitizer: heap-buffer-overflow on address 0x6110000b632c at pc 0x00000073bee8 bp 0x7fff9cef9850 sp 0x7fff9cef9848
READ of size 4 at 0x6110000b632c thread T0
SCARINESS: 27 (4-byte-read-heap-buffer-overflow-far-from-bounds)
    #0 0x73bee7 in r_bin_xcoff_init_ldsyms /src/radare2/libr/../libr/bin/p/../format/coff/coff.c:305:59
    #1 0x73bee7 in r_bin_coff_init /src/radare2/libr/../libr/bin/p/../format/coff/coff.c:406:8
    #2 0x73bee7 in r_bin_coff_new_buf /src/radare2/libr/../libr/bin/p/../format/coff/coff.c:433:2
    #3 0x73270c in load /src/radare2/libr/../libr/bin/p/bin_coff.c:19:20
    #4 0x6e9242 in r_bin_object_new /src/radare2/libr/bin/bobj.c:161:8
    #5 0x6dfe42 in r_bin_file_new_from_buffer /src/radare2/libr/bin/bfile.c:613:19
    #6 0x6b8c2e in r_bin_open_buf /src/radare2/libr/bin/bin.c:310:8
    #7 0x6b81a6 in r_bin_open_io /src/radare2/libr/bin/bin.c:376:13
    #8 0x12544ae in cmd_open_bin /src/radare2/libr/core/./cmd_open.inc.c:276:6
    #9 0x116dd66 in cmd_open /src/radare2/libr/core/./cmd_open.inc.c:2148:3
    #10 0x13408be in r_cmd_call /src/radare2/libr/core/cmd_api.c:520:11
    #11 0x11be87b in r_core_cmd_subst_i /src/radare2/libr/core/cmd.c:5051:8
    #12 0x11b6fba in r_core_cmd_subst /src/radare2/libr/core/cmd.c:3858:10
    #13 0x1113bb6 in run_cmd_depth /src/radare2/libr/core/cmd.c:5999:9
    #14 0x1108f7f in r_core_cmd /src/radare2/libr/core/cmd.c:6092:8
    #15 0x10e87b1 in r_core_cmd0 /src/radare2/libr/core/cmd.c:6266:9
    #16 0x56ea42 in LLVMFuzzerTestOneInput /src/radare2/targets/ia_fuzz.cc:13:2
    #17 0x440403 in fuzzer::Fuzzer::ExecuteCallback(unsigned char const*, unsigned long) /src/llvm-project/compiler-rt/lib/fuzzer/FuzzerLoop.cpp:611:15
    #18 0x42bb62 in fuzzer::RunOneTest(fuzzer::Fuzzer*, char const*, unsigned long) /src/llvm-project/compiler-rt/lib/fuzzer/FuzzerDriver.cpp:324:6
    #19 0x43140c in fuzzer::FuzzerDriver(int*, char***, int (*)(unsigned char const*, unsigned long)) /src/llvm-project/compiler-rt/lib/fuzzer/FuzzerDriver.cpp:860:9
    #20 0x45a942 in main /src/llvm-project/compiler-rt/lib/fuzzer/FuzzerMain.cpp:20:10
    #21 0x76b8d4b44082 in __libc_start_main (/lib/x86_64-linux-gnu/libc.so.6+0x24082) (BuildId: 87b331c034a6458c64ce09c03939e947212e18ce)
    #22 0x421d2d in _start (/out/ia_fuzz+0x421d2d)

DEDUP_TOKEN: r_bin_xcoff_init_ldsyms--r_bin_coff_init--r_bin_coff_new_buf
0x6110000b632c is located 20 bytes to the left of 200-byte region [0x6110000b6340,0x6110000b6408)
allocated by thread T0 here:
    #0 0x53176e in __interceptor_calloc /src/llvm-project/compiler-rt/lib/asan/asan_malloc_linux.cpp:77:3
    #1 0x73b164 in r_bin_coff_init_scn_hdr /src/radare2/libr/../libr/bin/p/../format/coff/coff.c:265:18
    #2 0x73b164 in r_bin_coff_init /src/radare2/libr/../libr/bin/p/../format/coff/coff.c:392:7
    #3 0x73b164 in r_bin_coff_new_buf /src/radare2/libr/../libr/bin/p/../format/coff/coff.c:433:2
    #4 0x73270c in load /src/radare2/libr/../libr/bin/p/bin_coff.c:19:20
    #5 0x6e9242 in r_bin_object_new /src/radare2/libr/bin/bobj.c:161:8
    #6 0x6dfe42 in r_bin_file_new_from_buffer /src/radare2/libr/bin/bfile.c:613:19
    #7 0x6b8c2e in r_bin_open_buf /src/radare2/libr/bin/bin.c:310:8
    #8 0x6b81a6 in r_bin_open_io /src/radare2/libr/bin/bin.c:376:13
    #9 0x12544ae in cmd_open_bin /src/radare2/libr/core/./cmd_open.inc.c:276:6
    #10 0x116dd66 in cmd_open /src/radare2/libr/core/./cmd_open.inc.c:2148:3
    #11 0x13408be in r_cmd_call /src/radare2/libr/core/cmd_api.c:520:11
    #12 0x11be87b in r_core_cmd_subst_i /src/radare2/libr/core/cmd.c:5051:8
    #13 0x11b6fba in r_core_cmd_subst /src/radare2/libr/core/cmd.c:3858:10
    #14 0x1113bb6 in run_cmd_depth /src/radare2/libr/core/cmd.c:5999:9
    #15 0x1108f7f in r_core_cmd /src/radare2/libr/core/cmd.c:6092:8
    #16 0x10e87b1 in r_core_cmd0 /src/radare2/libr/core/cmd.c:6266:9
    #17 0x56ea42 in LLVMFuzzerTestOneInput /src/radare2/targets/ia_fuzz.cc:13:2
    #18 0x440403 in fuzzer::Fuzzer::ExecuteCallback(unsigned char const*, unsigned long) /src/llvm-project/compiler-rt/lib/fuzzer/FuzzerLoop.cpp:611:15
    #19 0x42bb62 in fuzzer::RunOneTest(fuzzer::Fuzzer*, char const*, unsigned long) /src/llvm-project/compiler-rt/lib/fuzzer/FuzzerDriver.cpp:324:6
    #20 0x43140c in fuzzer::FuzzerDriver(int*, char***, int (*)(unsigned char const*, unsigned long)) /src/llvm-project/compiler-rt/lib/fuzzer/FuzzerDriver.cpp:860:9
    #21 0x45a942 in main /src/llvm-project/compiler-rt/lib/fuzzer/FuzzerMain.cpp:20:10
    #22 0x76b8d4b44082 in __libc_start_main (/lib/x86_64-linux-gnu/libc.so.6+0x24082) (BuildId: 87b331c034a6458c64ce09c03939e947212e18ce)

DEDUP_TOKEN: __interceptor_calloc--r_bin_coff_init_scn_hdr--r_bin_coff_init
SUMMARY: AddressSanitizer: heap-buffer-overflow /src/radare2/libr/../libr/bin/p/../format/coff/coff.c:305:59 in r_bin_xcoff_init_ldsyms
Shadow bytes around the buggy address:
  0x0c228000ec10: fa fa fa fa fa fa fa fa fa fa fa fa fa fa fa fa
  0x0c228000ec20: fa fa fa fa fa fa fa fa fa fa fa fa fa fa fa fa
  0x0c228000ec30: fa fa fa fa fa fa fa fa fa fa fa fa fa fa fa fa
  0x0c228000ec40: fa fa fa fa fa fa fa fa fa fa fa fa fa fa fa fa
  0x0c228000ec50: fa fa fa fa fa fa fa fa fa fa fa fa fa fa fa fa
=>0x0c228000ec60: fa fa fa fa fa[fa]fa fa 00 00 00 00 00 00 00 00
  0x0c228000ec70: 00 00 00 00 00 00 00 00 00 00 00 00 00 00 00 00
  0x0c228000ec80: 00 fa fa fa fa fa fa fa fa fa fa fa fa fa fa fa
  0x0c228000ec90: fd fd fd fd fd fd fd fd fd fd fd fd fd fd fd fd
  0x0c228000eca0: fd fd fd fd fd fd fd fd fd fd fd fd fd fd fa fa
  0x0c228000ecb0: fa fa fa fa fa fa fa fa fa fa fa fa fa fa fa fa
Shadow byte legend (one shadow byte represents 8 application bytes):
  Addressable:           00
  Partially addressable: 01 02 03 04 05 06 07 
  Heap left redzone:       fa
  Freed heap region:       fd
  Stack left redzone:      f1
  Stack mid redzone:       f2
  Stack right redzone:     f3
  Stack after return:      f5
  Stack use after scope:   f8
  Global redzone:          f9
  Global init order:       f6
  Poisoned by user:        f7
  Container overflow:      fc
  Array cookie:            ac
  Intra object redzone:    bb
  ASan internal:           fe
  Left alloca redzone:     ca
  Right alloca redzone:    cb
==13==ABORTING
