INFO: Running with entropic power schedule (0xFF, 100).
INFO: Seed: 2318501797
INFO: Loaded 1 modules   (162093 inline 8-bit counters): 162093 [0x3b3e2a0, 0x3b65bcd), 
INFO: Loaded 1 PC tables (162093 PCs): 162093 [0x172f620,0x19a88f0), 
/out/pdf_fuzzer: Running 1 inputs 1 time(s) each.
Running: /tmp/poc
warning: treating invalid subimage as end of file
warning: ... repeated 2 times...
warning: Suspect BMP header; bitcount=32, colors=538976288
AddressSanitizer:DEADLYSIGNAL
=================================================================
==13==ERROR: AddressSanitizer: SEGV on unknown address 0x6190202025be (pc 0x700bdbe34aeb bp 0x7ffe6beff0c0 sp 0x7ffe6befe888 T0)
==13==The signal is caused by a READ memory access.
SCARINESS: 20 (wild-addr-read)
    #0 0x700bdbe34aeb in memcpy (/lib/x86_64-linux-gnu/libc.so.6+0xbbaeb) (BuildId: 87b331c034a6458c64ce09c03939e947212e18ce)
    #1 0x52f448 in __asan_memcpy /src/llvm-project/compiler-rt/lib/asan/asan_interceptors_memintrinsics.cpp:22:3
    #2 0x798bff in fz_new_buffer_from_copied_data /src/mupdf/source/fitz/buffer.c:97:2
    #3 0x62f6a5 in bmp_read_color_profile /src/mupdf/source/fitz/load-bmp.c:815:13
    #4 0x62c80a in bmp_read_image /src/mupdf/source/fitz/load-bmp.c:1183:14
    #5 0x62edd1 in fz_load_bmp_subimage /src/mupdf/source/fitz/load-bmp.c:1297:11
    #6 0x78b7d1 in img_load_page /src/mupdf/source/cbz/muimg.c:137:13
    #7 0x581445 in fz_load_chapter_page /src/mupdf/source/fitz/document.c:657:10
    #8 0x581074 in fz_load_page /src/mupdf/source/fitz/document.c:519:11
    #9 0x6d8bbb in fz_new_pixmap_from_page_number_with_separations /src/mupdf/source/fitz/util.c:254:9
    #10 0x6d8a94 in fz_new_pixmap_from_page_number /src/mupdf/source/fitz/util.c:245:9
    #11 0x56d9d3 in LLVMFuzzerTestOneInput /src/pdf_fuzzer.cc:146:13
    #12 0x43f093 in fuzzer::Fuzzer::ExecuteCallback(unsigned char const*, unsigned long) /src/llvm-project/compiler-rt/lib/fuzzer/FuzzerLoop.cpp:611:15
    #13 0x42a7f2 in fuzzer::RunOneTest(fuzzer::Fuzzer*, char const*, unsigned long) /src/llvm-project/compiler-rt/lib/fuzzer/FuzzerDriver.cpp:324:6
    #14 0x43009c in fuzzer::FuzzerDriver(int*, char***, int (*)(unsigned char const*, unsigned long)) /src/llvm-project/compiler-rt/lib/fuzzer/FuzzerDriver.cpp:860:9
    #15 0x4595d2 in main /src/llvm-project/compiler-rt/lib/fuzzer/FuzzerMain.cpp:20:10
    #16 0x700bdbd9d082 in __libc_start_main (/lib/x86_64-linux-gnu/libc.so.6+0x24082) (BuildId: 87b331c034a6458c64ce09c03939e947212e18ce)
    #17 0x4209bd in _start (/out/pdf_fuzzer+0x4209bd)

DEDUP_TOKEN: memcpy--__asan_memcpy--fz_new_buffer_from_copied_data
AddressSanitizer can not provide additional info.
SUMMARY: AddressSanitizer: SEGV (/lib/x86_64-linux-gnu/libc.so.6+0xbbaeb) (BuildId: 87b331c034a6458c64ce09c03939e947212e18ce) in memcpy
==13==ABORTING
