INFO: Running with entropic power schedule (0xFF, 100).
INFO: Seed: 2333377631
INFO: Loaded 1 modules   (16557 inline 8-bit counters): 16557 [0x89dfa0, 0x8a204d), 
INFO: Loaded 1 PC tables (16557 PCs): 16557 [0x801ec8,0x842998), 
/out/svc_dec_fuzzer: Running 1 inputs 1 time(s) each.
Running: /tmp/poc
=================================================================
==13==ERROR: AddressSanitizer: heap-buffer-overflow on address 0x61a000000b30 at pc 0x00000052e40c bp 0x7c8237bffdb0 sp 0x7c8237bff580
WRITE of size 640 at 0x61a000000b30 thread T17
SCARINESS: 45 (multi-byte-write-heap-buffer-overflow)
    #0 0x52e40b in __asan_memcpy /src/llvm-project/compiler-rt/lib/asan/asan_interceptors_memintrinsics.cpp:22:3
    #1 0x69d7ee in ih264d_fmt_conv_420sp_to_420p /src/libavc/decoder/ih264d_format_conv.c:611:13
    #2 0x69d7ee in ih264d_format_convert /src/libavc/decoder/ih264d_format_conv.c:724:9
    #3 0x70f62b in ih264d_decode_picture_thread /src/libavc/decoder/ih264d_thread_parse_decode.c:644:13
    #4 0x7c823c9fc608 in start_thread (/lib/x86_64-linux-gnu/libpthread.so.0+0x8608) (BuildId: c6d0d79d906d62bb768421fc6dada0d5e729f177)
    #5 0x7c823c8f6352 in __clone (/lib/x86_64-linux-gnu/libc.so.6+0x11f352) (BuildId: 87b331c034a6458c64ce09c03939e947212e18ce)

DEDUP_TOKEN: __asan_memcpy--ih264d_fmt_conv_420sp_to_420p--ih264d_format_convert
0x61a000000b30 is located 0 bytes to the right of 1200-byte region [0x61a000000680,0x61a000000b30)
allocated by thread T0 here:
    #0 0x52fb17 in posix_memalign /src/llvm-project/compiler-rt/lib/asan/asan_malloc_linux.cpp:145:3
    #1 0x56e141 in iv_aligned_malloc /src/libavc/fuzzer/svc_dec_fuzzer.cpp:85:13
    #2 0x56e141 in Codec::allocFrame() /src/libavc/fuzzer/svc_dec_fuzzer.cpp:308:48
    #3 0x56f3d5 in Codec::decodeFrame(unsigned char const*, unsigned long, unsigned long*) /src/libavc/fuzzer/svc_dec_fuzzer.cpp:399:9
    #4 0x57018d in LLVMFuzzerTestOneInput /src/libavc/fuzzer/svc_dec_fuzzer.cpp:437:22
    #5 0x43de33 in fuzzer::Fuzzer::ExecuteCallback(unsigned char const*, unsigned long) /src/llvm-project/compiler-rt/lib/fuzzer/FuzzerLoop.cpp:611:15
    #6 0x429592 in fuzzer::RunOneTest(fuzzer::Fuzzer*, char const*, unsigned long) /src/llvm-project/compiler-rt/lib/fuzzer/FuzzerDriver.cpp:324:6
    #7 0x42ee3c in fuzzer::FuzzerDriver(int*, char***, int (*)(unsigned char const*, unsigned long)) /src/llvm-project/compiler-rt/lib/fuzzer/FuzzerDriver.cpp:860:9
    #8 0x458372 in main /src/llvm-project/compiler-rt/lib/fuzzer/FuzzerMain.cpp:20:10
    #9 0x7c823c7fb082 in __libc_start_main (/lib/x86_64-linux-gnu/libc.so.6+0x24082) (BuildId: 87b331c034a6458c64ce09c03939e947212e18ce)

DEDUP_TOKEN: posix_memalign--iv_aligned_malloc--Codec::allocFrame()
Thread T17 created by T0 here:
    #0 0x5186bc in pthread_create /src/llvm-project/compiler-rt/lib/asan/asan_interceptors.cpp:208:3
    #1 0x63e401 in ithread_create /src/libavc/common/ithread.c:80:12
    #2 0x5ca660 in isvcd_parse_decode_slice /src/libavc/decoder/svc/isvcd_parse_slice.c
    #3 0x5b818b in isvcd_parse_nal_unit /src/libavc/decoder/svc/isvcd_parse_headers.c:1005:40
    #4 0x5831a3 in isvcd_video_decode /src/libavc/decoder/svc/isvcd_api.c:5292:27
    #5 0x59003f in isvcd_api_function /src/libavc/decoder/svc/isvcd_api.c:7267:26
    #6 0x56f072 in Codec::decodeFrame(unsigned char const*, unsigned long, unsigned long*) /src/libavc/fuzzer/svc_dec_fuzzer.cpp:375:11
    #7 0x57018d in LLVMFuzzerTestOneInput /src/libavc/fuzzer/svc_dec_fuzzer.cpp:437:22
    #8 0x43de33 in fuzzer::Fuzzer::ExecuteCallback(unsigned char const*, unsigned long) /src/llvm-project/compiler-rt/lib/fuzzer/FuzzerLoop.cpp:611:15
    #9 0x429592 in fuzzer::RunOneTest(fuzzer::Fuzzer*, char const*, unsigned long) /src/llvm-project/compiler-rt/lib/fuzzer/FuzzerDriver.cpp:324:6
    #10 0x42ee3c in fuzzer::FuzzerDriver(int*, char***, int (*)(unsigned char const*, unsigned long)) /src/llvm-project/compiler-rt/lib/fuzzer/FuzzerDriver.cpp:860:9
    #11 0x458372 in main /src/llvm-project/compiler-rt/lib/fuzzer/FuzzerMain.cpp:20:10
    #12 0x7c823c7fb082 in __libc_start_main (/lib/x86_64-linux-gnu/libc.so.6+0x24082) (BuildId: 87b331c034a6458c64ce09c03939e947212e18ce)

DEDUP_TOKEN: pthread_create--ithread_create--isvcd_parse_decode_slice
SUMMARY: AddressSanitizer: heap-buffer-overflow /src/llvm-project/compiler-rt/lib/asan/asan_interceptors_memintrinsics.cpp:22:3 in __asan_memcpy
Shadow bytes around the buggy address:
  0x0c347fff8110: 00 00 00 00 00 00 00 00 00 00 00 00 00 00 00 00
  0x0c347fff8120: 00 00 00 00 00 00 00 00 00 00 00 00 00 00 00 00
  0x0c347fff8130: 00 00 00 00 00 00 00 00 00 00 00 00 00 00 00 00
  0x0c347fff8140: 00 00 00 00 00 00 00 00 00 00 00 00 00 00 00 00
  0x0c347fff8150: 00 00 00 00 00 00 00 00 00 00 00 00 00 00 00 00
=>0x0c347fff8160: 00 00 00 00 00 00[fa]fa fa fa fa fa fa fa fa fa
  0x0c347fff8170: fa fa fa fa fa fa fa fa fa fa fa fa fa fa fa fa
  0x0c347fff8180: fa fa fa fa fa fa fa fa fa fa fa fa fa fa fa fa
  0x0c347fff8190: fa fa fa fa fa fa fa fa fa fa fa fa fa fa fa fa
  0x0c347fff81a0: fa fa fa fa fa fa fa fa fa fa fa fa fa fa fa fa
  0x0c347fff81b0: fa fa fa fa fa fa fa fa fa fa fa fa fa fa fa fa
Shadow byte legend (one shadow byte represents 8 application bytes):
  Addressable:           00
  Partially addressable: 01 02 03 04 05 06 07 
  Heap left redzone:       fa
  Freed heap region:       fd
  Stack left redzone:      f1
  Stack mid redzone:       f2
  Stack right redzone:     f3
  Stack after return:      f5
  Stack use after scope:   f8
  Global redzone:          f9
  Global init order:       f6
  Poisoned by user:        f7
  Container overflow:      fc
  Array cookie:            ac
  Intra object redzone:    bb
  ASan internal:           fe
  Left alloca redzone:     ca
  Right alloca redzone:    cb
==13==ABORTING
