INFO: Running with entropic power schedule (0xFF, 100).
INFO: Seed: 2215302874
INFO: Loaded 1 modules   (16557 inline 8-bit counters): 16557 [0x9d9b70, 0x9ddc1d), 
INFO: Loaded 1 PC tables (16557 PCs): 16557 [0x93e480,0x97ef50), 
/out/svc_dec_fuzzer: Running 1 inputs 1 time(s) each.
Running: /tmp/poc
MemorySanitizer:DEADLYSIGNAL
==13==ERROR: MemorySanitizer: SEGV on unknown address (pc 0x0000007ead4a bp 0x7ffd834ea310 sp 0x7ffd834ea180 T13)
==13==The signal is caused by a READ memory access.
==13==Hint: this fault was caused by a dereference of a high value address (see register values below).  Disassemble the provided pc to learn which register was used.
    #0 0x7ead4a in isvcd_compute_bs_non_mbaff_target_lyr_no_inter_layer /src/libavc/decoder/svc/isvcd_compute_bs.c:501:37
    #1 0x808027 in isvcd_parse_islice_data_cabac /src/libavc/decoder/svc/isvcd_parse_eislice.c:244:21
    #2 0x817b2f in isvcd_parse_islice /src/libavc/decoder/svc/isvcd_parse_eislice.c:2085:15
    #3 0x5c12e2 in isvcd_parse_decode_slice /src/libavc/decoder/svc/isvcd_parse_slice.c:2697:15
    #4 0x5a3117 in isvcd_parse_nal_unit /src/libavc/decoder/svc/isvcd_parse_headers.c:1005:40
    #5 0x5564cb in isvcd_video_decode /src/libavc/decoder/svc/isvcd_api.c:5292:27
    #6 0x5659ca in isvcd_api_function /src/libavc/decoder/svc/isvcd_api.c:7267:26
    #7 0x536c53 in Codec::decodeFrame(unsigned char const*, unsigned long, unsigned long*) /src/libavc/fuzzer/svc_dec_fuzzer.cpp:375:11
    #8 0x5382bc in LLVMFuzzerTestOneInput /src/libavc/fuzzer/svc_dec_fuzzer.cpp:437:22
    #9 0x43dc53 in fuzzer::Fuzzer::ExecuteCallback(unsigned char const*, unsigned long) /src/llvm-project/compiler-rt/lib/fuzzer/FuzzerLoop.cpp:611:15
    #10 0x4293b2 in fuzzer::RunOneTest(fuzzer::Fuzzer*, char const*, unsigned long) /src/llvm-project/compiler-rt/lib/fuzzer/FuzzerDriver.cpp:324:6
    #11 0x42ec5c in fuzzer::FuzzerDriver(int*, char***, int (*)(unsigned char const*, unsigned long)) /src/llvm-project/compiler-rt/lib/fuzzer/FuzzerDriver.cpp:860:9
    #12 0x458192 in main /src/llvm-project/compiler-rt/lib/fuzzer/FuzzerMain.cpp:20:10
    #13 0x7b5fff870082 in __libc_start_main (/lib/x86_64-linux-gnu/libc.so.6+0x24082) (BuildId: 87b331c034a6458c64ce09c03939e947212e18ce)
    #14 0x41f57d in _start (/out/svc_dec_fuzzer+0x41f57d)

DEDUP_TOKEN: isvcd_compute_bs_non_mbaff_target_lyr_no_inter_layer--isvcd_parse_islice_data_cabac--isvcd_parse_islice
MemorySanitizer can not provide additional info.
SUMMARY: MemorySanitizer: SEGV /src/libavc/decoder/svc/isvcd_compute_bs.c:501:37 in isvcd_compute_bs_non_mbaff_target_lyr_no_inter_layer
==13==ABORTING
