INFO: Running with entropic power schedule (0xFF, 100).
INFO: Seed: 2273627702
INFO: Loaded 1 modules   (236924 inline 8-bit counters): 236924 [0x1f52a80, 0x1f8c7fc), 
INFO: Loaded 1 PC tables (236924 PCs): 236924 [0x1f8c800,0x2329fc0), 
/out/fuzz_probe_analyze: Running 1 inputs 1 time(s) each.
Running: /tmp/poc
=================================================================
==13==ERROR: AddressSanitizer: heap-buffer-overflow on address 0x602000000ef9 at pc 0x000000d75183 bp 0x7ffc1965eef0 sp 0x7ffc1965eee8
READ of size 1 at 0x602000000ef9 thread T0
SCARINESS: 12 (1-byte-read-heap-buffer-overflow)
    #0 0xd75182 in gf_url_to_fs_path /src/gpac/src/utils/url.c:432:26
    #1 0x587cb7 in gf_fs_load_source_dest_internal /src/gpac/src/filter_core/filter_session.c:3356:4
    #2 0x5acd87 in gf_filter_connect_source /src/gpac/src/filter_core/filter.c:4007:16
    #3 0x73f21b in filelist_load_next /src/gpac/src/filters/filelist.c:1360:12
    #4 0x73f21b in filelist_process /src/gpac/src/filters/filelist.c:1949:10
    #5 0x5a6f13 in gf_filter_process_task /src/gpac/src/filter_core/filter.c:2971:7
    #6 0x57ea01 in gf_fs_thread_proc /src/gpac/src/filter_core/filter_session.c:2105:3
    #7 0x57c2e4 in gf_fs_run /src/gpac/src/filter_core/filter_session.c:2405:3
    #8 0x56ee2f in LLVMFuzzerTestOneInput /src/testsuite/oss-fuzzers/fuzz_probe_analyze.c:21:5
    #9 0x4406d3 in fuzzer::Fuzzer::ExecuteCallback(unsigned char const*, unsigned long) /src/llvm-project/compiler-rt/lib/fuzzer/FuzzerLoop.cpp:611:15
    #10 0x42be32 in fuzzer::RunOneTest(fuzzer::Fuzzer*, char const*, unsigned long) /src/llvm-project/compiler-rt/lib/fuzzer/FuzzerDriver.cpp:324:6
    #11 0x4316dc in fuzzer::FuzzerDriver(int*, char***, int (*)(unsigned char const*, unsigned long)) /src/llvm-project/compiler-rt/lib/fuzzer/FuzzerDriver.cpp:860:9
    #12 0x45ac12 in main /src/llvm-project/compiler-rt/lib/fuzzer/FuzzerMain.cpp:20:10
    #13 0x75b5f4a01082 in __libc_start_main (/lib/x86_64-linux-gnu/libc.so.6+0x24082) (BuildId: 87b331c034a6458c64ce09c03939e947212e18ce)
    #14 0x421ffd in _start (/out/fuzz_probe_analyze+0x421ffd)

DEDUP_TOKEN: gf_url_to_fs_path--gf_fs_load_source_dest_internal--gf_filter_connect_source
0x602000000ef9 is located 0 bytes to the right of 9-byte region [0x602000000ef0,0x602000000ef9)
allocated by thread T0 here:
    #0 0x51c4c3 in __interceptor_strdup /src/llvm-project/compiler-rt/lib/asan/asan_interceptors.cpp:440:3
    #1 0xd727ef in gf_strdup /src/gpac/src/utils/alloc.c:170:2
    #2 0xd73a30 in gf_url_concatenate_ex /src/gpac/src/utils/url.c:208:14
    #3 0xd73111 in gf_url_concatenate /src/gpac/src/utils/url.c:419:9
    #4 0x586407 in gf_fs_load_source_dest_internal /src/gpac/src/filter_core/filter_session.c:3335:31
    #5 0x5acd87 in gf_filter_connect_source /src/gpac/src/filter_core/filter.c:4007:16
    #6 0x73f21b in filelist_load_next /src/gpac/src/filters/filelist.c:1360:12
    #7 0x73f21b in filelist_process /src/gpac/src/filters/filelist.c:1949:10
    #8 0x5a6f13 in gf_filter_process_task /src/gpac/src/filter_core/filter.c:2971:7
    #9 0x57ea01 in gf_fs_thread_proc /src/gpac/src/filter_core/filter_session.c:2105:3
    #10 0x57c2e4 in gf_fs_run /src/gpac/src/filter_core/filter_session.c:2405:3
    #11 0x56ee2f in LLVMFuzzerTestOneInput /src/testsuite/oss-fuzzers/fuzz_probe_analyze.c:21:5
    #12 0x4406d3 in fuzzer::Fuzzer::ExecuteCallback(unsigned char const*, unsigned long) /src/llvm-project/compiler-rt/lib/fuzzer/FuzzerLoop.cpp:611:15
    #13 0x42be32 in fuzzer::RunOneTest(fuzzer::Fuzzer*, char const*, unsigned long) /src/llvm-project/compiler-rt/lib/fuzzer/FuzzerDriver.cpp:324:6
    #14 0x4316dc in fuzzer::FuzzerDriver(int*, char***, int (*)(unsigned char const*, unsigned long)) /src/llvm-project/compiler-rt/lib/fuzzer/FuzzerDriver.cpp:860:9
    #15 0x45ac12 in main /src/llvm-project/compiler-rt/lib/fuzzer/FuzzerMain.cpp:20:10
    #16 0x75b5f4a01082 in __libc_start_main (/lib/x86_64-linux-gnu/libc.so.6+0x24082) (BuildId: 87b331c034a6458c64ce09c03939e947212e18ce)

DEDUP_TOKEN: __interceptor_strdup--gf_strdup--gf_url_concatenate_ex
SUMMARY: AddressSanitizer: heap-buffer-overflow /src/gpac/src/utils/url.c:432:26 in gf_url_to_fs_path
Shadow bytes around the buggy address:
  0x0c047fff8180: fa fa 00 00 fa fa 00 00 fa fa 00 00 fa fa 00 00
  0x0c047fff8190: fa fa 00 00 fa fa 06 fa fa fa 00 00 fa fa 00 00
  0x0c047fff81a0: fa fa 00 00 fa fa 00 00 fa fa 00 00 fa fa 00 00
  0x0c047fff81b0: fa fa 00 00 fa fa 00 00 fa fa 00 00 fa fa 00 00
  0x0c047fff81c0: fa fa 00 00 fa fa 00 00 fa fa 00 00 fa fa 00 00
=>0x0c047fff81d0: fa fa 00 00 fa fa 00 00 fa fa fd fd fa fa 00[01]
  0x0c047fff81e0: fa fa fa fa fa fa fa fa fa fa fa fa fa fa fa fa
  0x0c047fff81f0: fa fa fa fa fa fa fa fa fa fa fa fa fa fa fa fa
  0x0c047fff8200: fa fa fa fa fa fa fa fa fa fa fa fa fa fa fa fa
  0x0c047fff8210: fa fa fa fa fa fa fa fa fa fa fa fa fa fa fa fa
  0x0c047fff8220: fa fa fa fa fa fa fa fa fa fa fa fa fa fa fa fa
Shadow byte legend (one shadow byte represents 8 application bytes):
  Addressable:           00
  Partially addressable: 01 02 03 04 05 06 07 
  Heap left redzone:       fa
  Freed heap region:       fd
  Stack left redzone:      f1
  Stack mid redzone:       f2
  Stack right redzone:     f3
  Stack after return:      f5
  Stack use after scope:   f8
  Global redzone:          f9
  Global init order:       f6
  Poisoned by user:        f7
  Container overflow:      fc
  Array cookie:            ac
  Intra object redzone:    bb
  ASan internal:           fe
  Left alloca redzone:     ca
  Right alloca redzone:    cb
==13==ABORTING
