INFO: Running with entropic power schedule (0xFF, 100).
INFO: Seed: 2196764927
INFO: Loaded 1 modules   (20917 inline 8-bit counters): 20917 [0xc5d6e8, 0xc6289d), 
INFO: Loaded 1 PC tables (20917 PCs): 20917 [0xc628a0,0xcb43f0), 
/out/fuzz_quic_get_crypto_data: Running 1 inputs 1 time(s) each.
Running: /tmp/poc
=================================================================
==13==ERROR: AddressSanitizer: heap-buffer-overflow on address 0x604000000101 at pc 0x0000006299b2 bp 0x7ffe290100f0 sp 0x7ffe290100e8
READ of size 2 at 0x604000000101 thread T0
SCARINESS: 14 (2-byte-read-heap-buffer-overflow)
    #0 0x6299b1 in processClientServerHello /src/ndpi/src/lib/protocols/tls.c:2391:44
    #1 0x56f693 in process_tls /src/ndpi/src/lib/protocols/quic.c:1381:3
    #2 0x56c740 in LLVMFuzzerTestOneInput /src/ndpi/fuzz/fuzz_quic_get_crypto_data.c:46:7
    #3 0x43ded3 in fuzzer::Fuzzer::ExecuteCallback(unsigned char const*, unsigned long) /src/llvm-project/compiler-rt/lib/fuzzer/FuzzerLoop.cpp:611:15
    #4 0x429632 in fuzzer::RunOneTest(fuzzer::Fuzzer*, char const*, unsigned long) /src/llvm-project/compiler-rt/lib/fuzzer/FuzzerDriver.cpp:324:6
    #5 0x42eedc in fuzzer::FuzzerDriver(int*, char***, int (*)(unsigned char const*, unsigned long)) /src/llvm-project/compiler-rt/lib/fuzzer/FuzzerDriver.cpp:860:9
    #6 0x458412 in main /src/llvm-project/compiler-rt/lib/fuzzer/FuzzerMain.cpp:20:10
    #7 0x7ee9b2aec082 in __libc_start_main (/lib/x86_64-linux-gnu/libc.so.6+0x24082) (BuildId: 87b331c034a6458c64ce09c03939e947212e18ce)
    #8 0x41f7fd in _start (/out/fuzz_quic_get_crypto_data+0x41f7fd)

DEDUP_TOKEN: processClientServerHello--process_tls--LLVMFuzzerTestOneInput
0x604000000101 is located 1 bytes to the right of 48-byte region [0x6040000000d0,0x604000000100)
allocated by thread T0 here:
    #0 0x52f066 in __interceptor_malloc /src/llvm-project/compiler-rt/lib/asan/asan_malloc_linux.cpp:69:3
    #1 0x4ada67 in operator new(unsigned long) cxa_noexception.cpp
    #2 0x429632 in fuzzer::RunOneTest(fuzzer::Fuzzer*, char const*, unsigned long) /src/llvm-project/compiler-rt/lib/fuzzer/FuzzerDriver.cpp:324:6
    #3 0x42eedc in fuzzer::FuzzerDriver(int*, char***, int (*)(unsigned char const*, unsigned long)) /src/llvm-project/compiler-rt/lib/fuzzer/FuzzerDriver.cpp:860:9
    #4 0x458412 in main /src/llvm-project/compiler-rt/lib/fuzzer/FuzzerMain.cpp:20:10
    #5 0x7ee9b2aec082 in __libc_start_main (/lib/x86_64-linux-gnu/libc.so.6+0x24082) (BuildId: 87b331c034a6458c64ce09c03939e947212e18ce)

DEDUP_TOKEN: __interceptor_malloc--operator new(unsigned long)--fuzzer::RunOneTest(fuzzer::Fuzzer*, char const*, unsigned long)
SUMMARY: AddressSanitizer: heap-buffer-overflow /src/ndpi/src/lib/protocols/tls.c:2391:44 in processClientServerHello
Shadow bytes around the buggy address:
  0x0c087fff7fd0: 00 00 00 00 00 00 00 00 00 00 00 00 00 00 00 00
  0x0c087fff7fe0: 00 00 00 00 00 00 00 00 00 00 00 00 00 00 00 00
  0x0c087fff7ff0: 00 00 00 00 00 00 00 00 00 00 00 00 00 00 00 00
  0x0c087fff8000: fa fa 00 00 00 00 00 00 fa fa 00 00 00 00 00 00
  0x0c087fff8010: fa fa 00 00 00 00 00 00 fa fa 00 00 00 00 00 00
=>0x0c087fff8020:[fa]fa 00 00 00 00 00 fa fa fa 00 00 00 00 00 fa
  0x0c087fff8030: fa fa 00 00 00 00 00 fa fa fa 00 00 00 00 00 fa
  0x0c087fff8040: fa fa 00 00 00 00 00 fa fa fa 00 00 00 00 00 fa
  0x0c087fff8050: fa fa 00 00 00 00 00 fa fa fa 00 00 00 00 00 fa
  0x0c087fff8060: fa fa 00 00 00 00 00 fa fa fa 00 00 00 00 00 fa
  0x0c087fff8070: fa fa 00 00 00 00 00 fa fa fa 00 00 00 00 00 fa
Shadow byte legend (one shadow byte represents 8 application bytes):
  Addressable:           00
  Partially addressable: 01 02 03 04 05 06 07 
  Heap left redzone:       fa
  Freed heap region:       fd
  Stack left redzone:      f1
  Stack mid redzone:       f2
  Stack right redzone:     f3
  Stack after return:      f5
  Stack use after scope:   f8
  Global redzone:          f9
  Global init order:       f6
  Poisoned by user:        f7
  Container overflow:      fc
  Array cookie:            ac
  Intra object redzone:    bb
  ASan internal:           fe
  Left alloca redzone:     ca
  Right alloca redzone:    cb
==13==ABORTING
