INFO: Running with entropic power schedule (0xFF, 100).
INFO: Seed: 2309916584
INFO: Loaded 1 modules   (236924 inline 8-bit counters): 236924 [0x1f52a80, 0x1f8c7fc), 
INFO: Loaded 1 PC tables (236924 PCs): 236924 [0x1f8c800,0x2329fc0), 
/out/fuzz_probe_analyze: Running 1 inputs 1 time(s) each.
Running: /tmp/poc
=================================================================
==12==ERROR: AddressSanitizer: stack-buffer-overflow on address 0x7e0f2d17198e at pc 0x00000051c275 bp 0x7ffdc5bf11f0 sp 0x7ffdc5bf09b8
WRITE of size 109 at 0x7e0f2d17198e thread T0
SCARINESS: 60 (multi-byte-write-stack-buffer-overflow)
    #0 0x51c274 in __interceptor_strcpy /src/llvm-project/compiler-rt/lib/asan/asan_interceptors.cpp:426:5
    #1 0xdbed28 in gf_sk_connect /src/gpac/src/utils/os_net.c:1766:3
    #2 0x79c53f in sockin_initialize /src/gpac/src/filters/in_sock.c
    #3 0x596b0a in gf_filter_new_finalize /src/gpac/src/filter_core/filter.c:543:8
    #4 0x59485c in gf_filter_new /src/gpac/src/filter_core/filter.c:468:7
    #5 0x588262 in gf_fs_load_source_dest_internal /src/gpac/src/filter_core/filter_session.c:3548:12
    #6 0x5acd87 in gf_filter_connect_source /src/gpac/src/filter_core/filter.c:4007:16
    #7 0x73f21b in filelist_load_next /src/gpac/src/filters/filelist.c:1360:12
    #8 0x73f21b in filelist_process /src/gpac/src/filters/filelist.c:1949:10
    #9 0x5a6f13 in gf_filter_process_task /src/gpac/src/filter_core/filter.c:2971:7
    #10 0x57ea01 in gf_fs_thread_proc /src/gpac/src/filter_core/filter_session.c:2105:3
    #11 0x57c2e4 in gf_fs_run /src/gpac/src/filter_core/filter_session.c:2405:3
    #12 0x56ee2f in LLVMFuzzerTestOneInput /src/testsuite/oss-fuzzers/fuzz_probe_analyze.c:21:5
    #13 0x4406d3 in fuzzer::Fuzzer::ExecuteCallback(unsigned char const*, unsigned long) /src/llvm-project/compiler-rt/lib/fuzzer/FuzzerLoop.cpp:611:15
    #14 0x42be32 in fuzzer::RunOneTest(fuzzer::Fuzzer*, char const*, unsigned long) /src/llvm-project/compiler-rt/lib/fuzzer/FuzzerDriver.cpp:324:6
    #15 0x4316dc in fuzzer::FuzzerDriver(int*, char***, int (*)(unsigned char const*, unsigned long)) /src/llvm-project/compiler-rt/lib/fuzzer/FuzzerDriver.cpp:860:9
    #16 0x45ac12 in main /src/llvm-project/compiler-rt/lib/fuzzer/FuzzerMain.cpp:20:10
    #17 0x7e0f2d830082 in __libc_start_main (/lib/x86_64-linux-gnu/libc.so.6+0x24082) (BuildId: 87b331c034a6458c64ce09c03939e947212e18ce)
    #18 0x421ffd in _start (/out/fuzz_probe_analyze+0x421ffd)

DEDUP_TOKEN: __interceptor_strcpy--gf_sk_connect--sockin_initialize
Address 0x7e0f2d17198e is located in stack of thread T0 at offset 142 in frame
    #0 0xdbd96f in gf_sk_connect /src/gpac/src/utils/os_net.c:1748

DEDUP_TOKEN: gf_sk_connect
  This frame has 1 object(s):
    [32, 142) 'server_add' (line 1759) <== Memory access at offset 142 overflows this variable
HINT: this may be a false positive if your program uses some custom stack unwind mechanism, swapcontext or vfork
      (longjmp and C++ exceptions *are* supported)
SUMMARY: AddressSanitizer: stack-buffer-overflow /src/llvm-project/compiler-rt/lib/asan/asan_interceptors.cpp:426:5 in __interceptor_strcpy
Shadow bytes around the buggy address:
  0x0fc265a262e0: f5 f5 f5 f5 f5 f5 f5 f5 f5 f5 f5 f5 f5 f5 f5 f5
  0x0fc265a262f0: f5 f5 f5 f5 f5 f5 f5 f5 f5 f5 f5 f5 f5 f5 f5 f5
  0x0fc265a26300: f5 f5 f5 f5 f5 f5 f5 f5 f5 f5 f5 f5 f5 f5 f5 f5
  0x0fc265a26310: f5 f5 f5 f5 f5 f5 f5 f5 f5 f5 f5 f5 f5 f5 f5 f5
  0x0fc265a26320: f1 f1 f1 f1 00 00 00 00 00 00 00 00 00 00 00 00
=>0x0fc265a26330: 00[06]f3 f3 f3 f3 f3 f3 00 00 00 00 00 00 00 00
  0x0fc265a26340: 00 00 00 00 00 00 00 00 00 00 00 00 00 00 00 00
  0x0fc265a26350: 00 00 00 00 00 00 00 00 00 00 00 00 00 00 00 00
  0x0fc265a26360: 00 00 00 00 00 00 00 00 00 00 00 00 00 00 00 00
  0x0fc265a26370: 00 00 00 00 00 00 00 00 00 00 00 00 00 00 00 00
  0x0fc265a26380: 00 00 00 00 00 00 00 00 00 00 00 00 00 00 00 00
Shadow byte legend (one shadow byte represents 8 application bytes):
  Addressable:           00
  Partially addressable: 01 02 03 04 05 06 07 
  Heap left redzone:       fa
  Freed heap region:       fd
  Stack left redzone:      f1
  Stack mid redzone:       f2
  Stack right redzone:     f3
  Stack after return:      f5
  Stack use after scope:   f8
  Global redzone:          f9
  Global init order:       f6
  Poisoned by user:        f7
  Container overflow:      fc
  Array cookie:            ac
  Intra object redzone:    bb
  ASan internal:           fe
  Left alloca redzone:     ca
  Right alloca redzone:    cb
==12==ABORTING
