INFO: Running with entropic power schedule (0xFF, 100).
INFO: Seed: 2242301994
INFO: Loaded 1 modules   (237603 inline 8-bit counters): 237603 [0x1f67da0, 0x1fa1dc3), 
INFO: Loaded 1 PC tables (237603 PCs): 237603 [0x1fa1dc8,0x2341ff8), 
/out/fuzz_probe_analyze: Running 1 inputs 1 time(s) each.
Running: /tmp/poc
=================================================================
==13==ERROR: AddressSanitizer: heap-buffer-overflow on address 0x62200000d489 at pc 0x0000004caf58 bp 0x7ffdcd95add0 sp 0x7ffdcd95a5a0
READ of size 5000 at 0x62200000d489 thread T0
SCARINESS: 26 (multi-byte-read-heap-buffer-overflow)
    #0 0x4caf57 in memchr /src/llvm-project/compiler-rt/lib/asan/../sanitizer_common/sanitizer_common_interceptors.inc:931:3
    #1 0x81c28f in my_strstr /src/gpac/src/filters/load_bt_xmt.c:834:16
    #2 0x81c28f in ctxload_probe_data /src/gpac/src/filters/load_bt_xmt.c:896:6
    #3 0x5af886 in gf_filter_pid_raw_new /src/gpac/src/filter_core/filter.c:4402:13
    #4 0x76c405 in filein_process /src/gpac/src/filters/in_file.c:610:7
    #5 0x5a7072 in gf_filter_process_task /src/gpac/src/filter_core/filter.c:3010:7
    #6 0x57ea81 in gf_fs_thread_proc /src/gpac/src/filter_core/filter_session.c:2100:3
    #7 0x57c364 in gf_fs_run /src/gpac/src/filter_core/filter_session.c:2400:3
    #8 0x56ee2f in LLVMFuzzerTestOneInput /src/testsuite/oss-fuzzers/fuzz_probe_analyze.c:21:5
    #9 0x4406d3 in fuzzer::Fuzzer::ExecuteCallback(unsigned char const*, unsigned long) /src/llvm-project/compiler-rt/lib/fuzzer/FuzzerLoop.cpp:611:15
    #10 0x42be32 in fuzzer::RunOneTest(fuzzer::Fuzzer*, char const*, unsigned long) /src/llvm-project/compiler-rt/lib/fuzzer/FuzzerDriver.cpp:324:6
    #11 0x4316dc in fuzzer::FuzzerDriver(int*, char***, int (*)(unsigned char const*, unsigned long)) /src/llvm-project/compiler-rt/lib/fuzzer/FuzzerDriver.cpp:860:9
    #12 0x45ac12 in main /src/llvm-project/compiler-rt/lib/fuzzer/FuzzerMain.cpp:20:10
    #13 0x7af2a1ec5082 in __libc_start_main (/lib/x86_64-linux-gnu/libc.so.6+0x24082) (BuildId: 87b331c034a6458c64ce09c03939e947212e18ce)
    #14 0x421ffd in _start (/out/fuzz_probe_analyze+0x421ffd)

DEDUP_TOKEN: memchr--my_strstr--ctxload_probe_data
0x62200000d489 is located 0 bytes to the right of 5001-byte region [0x62200000c100,0x62200000d489)
allocated by thread T0 here:
    #0 0x531866 in malloc /src/llvm-project/compiler-rt/lib/asan/asan_malloc_linux.cpp:69:3
    #1 0xd7749f in gf_malloc /src/gpac/src/utils/alloc.c:150:9
    #2 0x7704c0 in filein_initialize_ex /src/gpac/src/filters/in_file.c:248:16
    #3 0x76de7a in filein_initialize /src/gpac/src/filters/in_file.c:259:9
    #4 0x596b4a in gf_filter_new_finalize /src/gpac/src/filter_core/filter.c:543:8
    #5 0x5948b1 in gf_filter_new /src/gpac/src/filter_core/filter.c:468:7
    #6 0x5882e2 in gf_fs_load_source_dest_internal /src/gpac/src/filter_core/filter_session.c:3543:12
    #7 0x589326 in gf_fs_load_source /src/gpac/src/filter_core/filter_session.c:3585:9
    #8 0x56ee16 in LLVMFuzzerTestOneInput /src/testsuite/oss-fuzzers/fuzz_probe_analyze.c:19:22
    #9 0x4406d3 in fuzzer::Fuzzer::ExecuteCallback(unsigned char const*, unsigned long) /src/llvm-project/compiler-rt/lib/fuzzer/FuzzerLoop.cpp:611:15
    #10 0x42be32 in fuzzer::RunOneTest(fuzzer::Fuzzer*, char const*, unsigned long) /src/llvm-project/compiler-rt/lib/fuzzer/FuzzerDriver.cpp:324:6
    #11 0x4316dc in fuzzer::FuzzerDriver(int*, char***, int (*)(unsigned char const*, unsigned long)) /src/llvm-project/compiler-rt/lib/fuzzer/FuzzerDriver.cpp:860:9
    #12 0x45ac12 in main /src/llvm-project/compiler-rt/lib/fuzzer/FuzzerMain.cpp:20:10
    #13 0x7af2a1ec5082 in __libc_start_main (/lib/x86_64-linux-gnu/libc.so.6+0x24082) (BuildId: 87b331c034a6458c64ce09c03939e947212e18ce)

DEDUP_TOKEN: malloc--gf_malloc--filein_initialize_ex
SUMMARY: AddressSanitizer: heap-buffer-overflow /src/llvm-project/compiler-rt/lib/asan/../sanitizer_common/sanitizer_common_interceptors.inc:931:3 in memchr
Shadow bytes around the buggy address:
  0x0c447fff9a40: 00 00 00 00 00 00 00 00 00 00 00 00 00 00 00 00
  0x0c447fff9a50: 00 00 00 00 00 00 00 00 00 00 00 00 00 00 00 00
  0x0c447fff9a60: 00 00 00 00 00 00 00 00 00 00 00 00 00 00 00 00
  0x0c447fff9a70: 00 00 00 00 00 00 00 00 00 00 00 00 00 00 00 00
  0x0c447fff9a80: 00 00 00 00 00 00 00 00 00 00 00 00 00 00 00 00
=>0x0c447fff9a90: 00[01]fa fa fa fa fa fa fa fa fa fa fa fa fa fa
  0x0c447fff9aa0: fa fa fa fa fa fa fa fa fa fa fa fa fa fa fa fa
  0x0c447fff9ab0: fa fa fa fa fa fa fa fa fa fa fa fa fa fa fa fa
  0x0c447fff9ac0: fa fa fa fa fa fa fa fa fa fa fa fa fa fa fa fa
  0x0c447fff9ad0: fa fa fa fa fa fa fa fa fa fa fa fa fa fa fa fa
  0x0c447fff9ae0: fa fa fa fa fa fa fa fa fa fa fa fa fa fa fa fa
Shadow byte legend (one shadow byte represents 8 application bytes):
  Addressable:           00
  Partially addressable: 01 02 03 04 05 06 07 
  Heap left redzone:       fa
  Freed heap region:       fd
  Stack left redzone:      f1
  Stack mid redzone:       f2
  Stack right redzone:     f3
  Stack after return:      f5
  Stack use after scope:   f8
  Global redzone:          f9
  Global init order:       f6
  Poisoned by user:        f7
  Container overflow:      fc
  Array cookie:            ac
  Intra object redzone:    bb
  ASan internal:           fe
  Left alloca redzone:     ca
  Right alloca redzone:    cb
==13==ABORTING
