=================================================================
==13==ERROR: AddressSanitizer: heap-buffer-overflow on address 0x603000000328 at pc 0x000000533cca bp 0x7ffe177def10 sp 0x7ffe177def08
READ of size 8 at 0x603000000328 thread T0
SCARINESS: 23 (8-byte-read-heap-buffer-overflow)
    #0 0x533cc9 in mrb_memsearch_ss /src/mruby/src/string.c:619:24
    #1 0x533cc9 in mrb_memsearch /src/mruby/src/string.c:662:10
    #2 0x537470 in mrb_str_index /src/mruby/src/string.c:764:9
    #3 0x537470 in str_index_str /src/mruby/src/string.c:778:10
    #4 0x537470 in str_convert_range /src/mruby/src/string.c:1210:16
    #5 0x53648d in mrb_str_aref /src/mruby/src/string.c:1235:11
    #6 0x51941c in mrb_vm_exec /src/mruby/src/vm.c:1588:16
    #7 0x50057a in mrb_vm_run /src/mruby/src/vm.c:1331:12
    #8 0x4fcf61 in mrb_top_run /src/mruby/src/vm.c:3121:10
    #9 0x59538d in mrb_load_exec /src/mruby/mrbgems/mruby-compiler/core/parse.y:6919:7
    #10 0x5968cf in mrb_load_nstring_cxt /src/mruby/mrbgems/mruby-compiler/core/parse.y:6991:10
    #11 0x596a91 in mrb_load_string_cxt /src/mruby/mrbgems/mruby-compiler/core/parse.y:7003:10
    #12 0x596a91 in mrb_load_string /src/mruby/mrbgems/mruby-compiler/core/parse.y:7009:10
    #13 0x4dd289 in LLVMFuzzerTestOneInput /src/mruby/oss-fuzz/mruby_fuzzer.c:14:5
    #14 0x4dd9fd in ExecuteFilesOnyByOne /src/aflplusplus/utils/aflpp_driver/aflpp_driver.c:255:7
    #15 0x4dd808 in LLVMFuzzerRunDriver /src/aflplusplus/utils/aflpp_driver/aflpp_driver.c
    #16 0x4dd3c8 in main /src/aflplusplus/utils/aflpp_driver/aflpp_driver.c:300:10
    #17 0x7b7619106082 in __libc_start_main (/lib/x86_64-linux-gnu/libc.so.6+0x24082) (BuildId: 87b331c034a6458c64ce09c03939e947212e18ce)
    #18 0x41e98d in _start (/out/mruby_fuzzer+0x41e98d)

DEDUP_TOKEN: mrb_memsearch_ss--mrb_memsearch--mrb_str_index
0x60300000032d is located 0 bytes to the right of 29-byte region [0x603000000310,0x60300000032d)
allocated by thread T0 here:
    #0 0x4a01cc in __interceptor_realloc /src/llvm-project/compiler-rt/lib/asan/asan_malloc_linux.cpp:85:3
    #1 0x4df0e2 in mrb_default_allocf /src/mruby/src/allocf.c:28:12
    #2 0x4e9695 in mrb_realloc_simple /src/mruby/src/gc.c:200:8
    #3 0x4e9695 in mrb_realloc /src/mruby/src/gc.c:214:8
    #4 0x4e9695 in mrb_malloc /src/mruby/src/gc.c:230:10
    #5 0x53234f in str_init_normal_capa /src/mruby/src/string.c:57:22
    #6 0x53234f in str_init_normal /src/mruby/src/string.c:70:10
    #7 0x53234f in str_new /src/mruby/src/string.c:151:10
    #8 0x5320d5 in mrb_str_new /src/mruby/src/string.c:186:24
    #9 0x505783 in mrb_vm_exec /src/mruby/src/vm.c:2827:19
    #10 0x50057a in mrb_vm_run /src/mruby/src/vm.c:1331:12
    #11 0x4fcf61 in mrb_top_run /src/mruby/src/vm.c:3121:10
    #12 0x59538d in mrb_load_exec /src/mruby/mrbgems/mruby-compiler/core/parse.y:6919:7
    #13 0x5968cf in mrb_load_nstring_cxt /src/mruby/mrbgems/mruby-compiler/core/parse.y:6991:10
    #14 0x596a91 in mrb_load_string_cxt /src/mruby/mrbgems/mruby-compiler/core/parse.y:7003:10
    #15 0x596a91 in mrb_load_string /src/mruby/mrbgems/mruby-compiler/core/parse.y:7009:10
    #16 0x4dd289 in LLVMFuzzerTestOneInput /src/mruby/oss-fuzz/mruby_fuzzer.c:14:5
    #17 0x4dd9fd in ExecuteFilesOnyByOne /src/aflplusplus/utils/aflpp_driver/aflpp_driver.c:255:7

DEDUP_TOKEN: __interceptor_realloc--mrb_default_allocf--mrb_realloc_simple
SUMMARY: AddressSanitizer: heap-buffer-overflow /src/mruby/src/string.c:619:24 in mrb_memsearch_ss
Shadow bytes around the buggy address:
  0x0c067fff8010: 00 fa fa fa 00 00 00 fa fa fa 00 00 00 fa fa fa
  0x0c067fff8020: 00 00 00 fa fa fa 00 00 00 fa fa fa 00 00 00 fa
  0x0c067fff8030: fa fa 00 00 00 fa fa fa 00 00 00 fa fa fa 00 00
  0x0c067fff8040: 00 fa fa fa 00 00 00 00 fa fa 00 00 00 00 fa fa
  0x0c067fff8050: 00 00 00 00 fa fa 00 00 00 fa fa fa 00 00 00 05
=>0x0c067fff8060: fa fa 00 00 00[05]fa fa fa fa fa fa fa fa fa fa
  0x0c067fff8070: fa fa fa fa fa fa fa fa fa fa fa fa fa fa fa fa
  0x0c067fff8080: fa fa fa fa fa fa fa fa fa fa fa fa fa fa fa fa
  0x0c067fff8090: fa fa fa fa fa fa fa fa fa fa fa fa fa fa fa fa
  0x0c067fff80a0: fa fa fa fa fa fa fa fa fa fa fa fa fa fa fa fa
  0x0c067fff80b0: fa fa fa fa fa fa fa fa fa fa fa fa fa fa fa fa
Shadow byte legend (one shadow byte represents 8 application bytes):
  Addressable:           00
  Partially addressable: 01 02 03 04 05 06 07 
  Heap left redzone:       fa
  Freed heap region:       fd
  Stack left redzone:      f1
  Stack mid redzone:       f2
  Stack right redzone:     f3
  Stack after return:      f5
  Stack use after scope:   f8
  Global redzone:          f9
  Global init order:       f6
  Poisoned by user:        f7
  Container overflow:      fc
  Array cookie:            ac
  Intra object redzone:    bb
  ASan internal:           fe
  Left alloca redzone:     ca
  Right alloca redzone:    cb
==13==ABORTING
