INFO: Seed: 2178585524
INFO: Loaded 1 modules   (5764 guards): 5764 [0x93a180, 0x93fb90), 
/out/cmsIT8_load_fuzzer: Running 1 inputs 1 time(s) each.
Running: /tmp/poc
=================================================================
==13==ERROR: AddressSanitizer: heap-buffer-overflow on address 0x76148a189418 at pc 0x0000004dcb0d bp 0x7ffd367a7b90 sp 0x7ffd367a7340
WRITE of size 24 at 0x76148a189418 thread T0
SCARINESS: 55 (multi-byte-write-heap-buffer-overflow-far-from-bounds)
    #0 0x4dcb0c in __asan_memset /src/llvm/projects/compiler-rt/lib/asan/asan_interceptors_memintrinsics.cc:27
    #1 0x588975 in AllocTable /src/lcms/src/cmscgats.c:1252:19
    #2 0x58c6b2 in ParseIT8 /src/lcms/src/cmscgats.c:2079:29
    #3 0x58c132 in cmsIT8LoadFromMem /src/lcms/src/cmscgats.c:2324:10
    #4 0x5186d1 in LLVMFuzzerTestOneInput /src/cmsIT8_load_fuzzer.c:26:22
    #5 0x53ad4e in fuzzer::Fuzzer::ExecuteCallback(unsigned char const*, unsigned long) /src/libfuzzer/FuzzerLoop.cpp:494:13
    #6 0x5191a0 in fuzzer::RunOneTest(fuzzer::Fuzzer*, char const*, unsigned long) /src/libfuzzer/FuzzerDriver.cpp:273:6
    #7 0x5243b1 in fuzzer::FuzzerDriver(int*, char***, int (*)(unsigned char const*, unsigned long)) /src/libfuzzer/FuzzerDriver.cpp:690:9
    #8 0x518808 in main /src/libfuzzer/FuzzerMain.cpp:20:10
    #9 0x76148920483f in __libc_start_main (/lib/x86_64-linux-gnu/libc.so.6+0x2083f)
    #10 0x41c5c8 in _start (/out/cmsIT8_load_fuzzer+0x41c5c8)

DEDUP_TOKEN: __asan_memset--AllocTable--ParseIT8
0x76148a189418 is located 560 bytes to the right of 272872-byte region [0x76148a146800,0x76148a1891e8)
allocated by thread T0 here:
    #0 0x4dd648 in malloc /src/llvm/projects/compiler-rt/lib/asan/asan_malloc_linux.cc:88
    #1 0x5945b1 in _cmsMallocZeroDefaultFn /src/lcms/src/cmserr.c:106:16
    #2 0x588db3 in cmsIT8Alloc /src/lcms/src/cmscgats.c:1288:21
    #3 0x58c038 in cmsIT8LoadFromMem /src/lcms/src/cmscgats.c:2312:12
    #4 0x5186d1 in LLVMFuzzerTestOneInput /src/cmsIT8_load_fuzzer.c:26:22
    #5 0x53ad4e in fuzzer::Fuzzer::ExecuteCallback(unsigned char const*, unsigned long) /src/libfuzzer/FuzzerLoop.cpp:494:13
    #6 0x5191a0 in fuzzer::RunOneTest(fuzzer::Fuzzer*, char const*, unsigned long) /src/libfuzzer/FuzzerDriver.cpp:273:6
    #7 0x5243b1 in fuzzer::FuzzerDriver(int*, char***, int (*)(unsigned char const*, unsigned long)) /src/libfuzzer/FuzzerDriver.cpp:690:9
    #8 0x518808 in main /src/libfuzzer/FuzzerMain.cpp:20:10
    #9 0x76148920483f in __libc_start_main (/lib/x86_64-linux-gnu/libc.so.6+0x2083f)

DEDUP_TOKEN: malloc--_cmsMallocZeroDefaultFn--cmsIT8Alloc
SUMMARY: AddressSanitizer: heap-buffer-overflow /src/llvm/projects/compiler-rt/lib/asan/asan_interceptors_memintrinsics.cc:27 in __asan_memset
Shadow bytes around the buggy address:
  0x0ec311429230: 00 00 00 00 00 00 00 00 00 00 00 00 00 fa fa fa
  0x0ec311429240: fa fa fa fa fa fa fa fa fa fa fa fa fa fa fa fa
  0x0ec311429250: fa fa fa fa fa fa fa fa fa fa fa fa fa fa fa fa
  0x0ec311429260: fa fa fa fa fa fa fa fa fa fa fa fa fa fa fa fa
  0x0ec311429270: fa fa fa fa fa fa fa fa fa fa fa fa fa fa fa fa
=>0x0ec311429280: fa fa fa[fa]fa fa fa fa fa fa fa fa fa fa fa fa
  0x0ec311429290: fa fa fa fa fa fa fa fa fa fa fa fa fa fa fa fa
  0x0ec3114292a0: fa fa fa fa fa fa fa fa fa fa fa fa fa fa fa fa
  0x0ec3114292b0: fa fa fa fa fa fa fa fa fa fa fa fa fa fa fa fa
  0x0ec3114292c0: fa fa fa fa fa fa fa fa fa fa fa fa fa fa fa fa
  0x0ec3114292d0: fa fa fa fa fa fa fa fa fa fa fa fa fa fa fa fa
Shadow byte legend (one shadow byte represents 8 application bytes):
  Addressable:           00
  Partially addressable: 01 02 03 04 05 06 07 
  Heap left redzone:       fa
  Freed heap region:       fd
  Stack left redzone:      f1
  Stack mid redzone:       f2
  Stack right redzone:     f3
  Stack after return:      f5
  Stack use after scope:   f8
  Global redzone:          f9
  Global init order:       f6
  Poisoned by user:        f7
  Container overflow:      fc
  Array cookie:            ac
  Intra object redzone:    bb
  ASan internal:           fe
  Left alloca redzone:     ca
  Right alloca redzone:    cb
==13==ABORTING
