INFO: Seed: 2285306584
INFO: Loaded 1 modules   (11824 inline 8-bit counters): 11824 [0xc74940, 0xc77770), 
INFO: Loaded 1 PC tables (11824 PCs): 11824 [0xc77770,0xca5a70), 
/out/TiffDecoderFuzzer-DngDecoder: Running 1 inputs 1 time(s) each.
Running: /tmp/poc
Uninitialized bytes in __msan_check_mem_is_initialized at offset 8 inside [0x732000000000, 24)
==13==WARNING: MemorySanitizer: use-of-uninitialized-value
    #0 0x4ef993 in rawspeed::RawImageData::checkRowIsInitialized(int) /src/librawspeed/src/librawspeed/common/RawImage.cpp:174:3
    #1 0x4ef993 in rawspeed::RawImageData::checkMemIsInitialized() /src/librawspeed/src/librawspeed/common/RawImage.cpp:188
    #2 0x5b1ad4 in rawspeed::RawDecoder::decodeRaw() /src/librawspeed/src/librawspeed/decoders/RawDecoder.cpp:269:10
    #3 0x4e9b3c in LLVMFuzzerTestOneInput /src/librawspeed/fuzz/librawspeed/decoders/TiffDecoders/main.cpp:76:14
    #4 0x795346 in fuzzer::Fuzzer::ExecuteCallback(unsigned char const*, unsigned long) /src/libfuzzer/FuzzerLoop.cpp:515:13
    #5 0x7548bc in fuzzer::RunOneTest(fuzzer::Fuzzer*, char const*, unsigned long) /src/libfuzzer/FuzzerDriver.cpp:280:6
    #6 0x768c91 in fuzzer::FuzzerDriver(int*, char***, int (*)(unsigned char const*, unsigned long)) /src/libfuzzer/FuzzerDriver.cpp:703:9
    #7 0x753a11 in main /src/libfuzzer/FuzzerMain.cpp:20:10
    #8 0x7bfcfe3ed83f in __libc_start_main (/lib/x86_64-linux-gnu/libc.so.6+0x2083f)
    #9 0x46c298 in _start (/out/TiffDecoderFuzzer-DngDecoder+0x46c298)

DEDUP_TOKEN: rawspeed::RawImageData::checkRowIsInitialized(int)--rawspeed::RawImageData::checkMemIsInitialized()--rawspeed::RawDecoder::decodeRaw()
  Uninitialized value was created by a heap allocation
    #0 0x4a9f34 in __interceptor_posix_memalign /src/llvm/projects/compiler-rt/lib/msan/msan_interceptors.cc:173
    #1 0x5f42b8 in rawspeed::alignedMalloc(unsigned long, unsigned long) /src/librawspeed/src/librawspeed/common/Memory.cpp:62:12
    #2 0x4ed35d in unsigned char* rawspeed::alignedMalloc<unsigned char, 16ul>(unsigned long) /src/librawspeed/src/librawspeed/common/Memory.h:60:31
    #3 0x4ed35d in unsigned char* rawspeed::alignedMallocArray<unsigned char, 16ul, false>(unsigned long, unsigned long) /src/librawspeed/src/librawspeed/common/Memory.h:78
    #4 0x4ed35d in rawspeed::RawImageData::createData() /src/librawspeed/src/librawspeed/common/RawImage.cpp:100
    #5 0x543fd0 in rawspeed::DngDecoder::decodeData(rawspeed::TiffIFD const*, unsigned int) /src/librawspeed/src/librawspeed/decoders/DngDecoder.cpp:323:9
    #6 0x547814 in rawspeed::DngDecoder::decodeRawInternal() /src/librawspeed/src/librawspeed/decoders/DngDecoder.cpp:407:3
    #7 0x5b1a8a in rawspeed::RawDecoder::decodeRaw() /src/librawspeed/src/librawspeed/decoders/RawDecoder.cpp:268:20
    #8 0x4e9b3c in LLVMFuzzerTestOneInput /src/librawspeed/fuzz/librawspeed/decoders/TiffDecoders/main.cpp:76:14
    #9 0x795346 in fuzzer::Fuzzer::ExecuteCallback(unsigned char const*, unsigned long) /src/libfuzzer/FuzzerLoop.cpp:515:13
    #10 0x7548bc in fuzzer::RunOneTest(fuzzer::Fuzzer*, char const*, unsigned long) /src/libfuzzer/FuzzerDriver.cpp:280:6
    #11 0x768c91 in fuzzer::FuzzerDriver(int*, char***, int (*)(unsigned char const*, unsigned long)) /src/libfuzzer/FuzzerDriver.cpp:703:9
    #12 0x753a11 in main /src/libfuzzer/FuzzerMain.cpp:20:10
    #13 0x7bfcfe3ed83f in __libc_start_main (/lib/x86_64-linux-gnu/libc.so.6+0x2083f)

DEDUP_TOKEN: __interceptor_posix_memalign--rawspeed::alignedMalloc(unsigned long, unsigned long)--unsigned char* rawspeed::alignedMalloc<unsigned char, 16ul>(unsigned long)
SUMMARY: MemorySanitizer: use-of-uninitialized-value /src/librawspeed/src/librawspeed/common/RawImage.cpp:174:3 in rawspeed::RawImageData::checkRowIsInitialized(int)
Exiting
