INFO: Seed: 2227214613
INFO: Loaded 1 modules   (1729 inline 8-bit counters): 1729 [0xa1c9e0, 0xa1d0a1), 
INFO: Loaded 1 PC tables (1729 PCs): 1729 [0xa1d0a8,0xa23cb8), 
/out/Cr2DecompressorFuzzer: Running 1 inputs 1 time(s) each.
Running: /tmp/poc
Uninitialized bytes in __msan_check_mem_is_initialized at offset 64 inside [0x718000000000, 1022)
==13==WARNING: MemorySanitizer: use-of-uninitialized-value
    #0 0x4dcdff in rawspeed::RawImageData::checkRowIsInitialized(int) /src/librawspeed/src/librawspeed/common/RawImage.cpp:174:3
    #1 0x4dcdff in rawspeed::RawImageData::checkMemIsInitialized() /src/librawspeed/src/librawspeed/common/RawImage.cpp:188
    #2 0x4d73d7 in LLVMFuzzerTestOneInput /src/librawspeed/fuzz/librawspeed/decompressors/Cr2Decompressor.cpp:58:11
    #3 0x578df3 in fuzzer::Fuzzer::ExecuteCallback(unsigned char const*, unsigned long) /src/libfuzzer/FuzzerLoop.cpp:517:13
    #4 0x532273 in fuzzer::RunOneTest(fuzzer::Fuzzer*, char const*, unsigned long) /src/libfuzzer/FuzzerDriver.cpp:280:6
    #5 0x5447cf in fuzzer::FuzzerDriver(int*, char***, int (*)(unsigned char const*, unsigned long)) /src/libfuzzer/FuzzerDriver.cpp:703:9
    #6 0x5313b1 in main /src/libfuzzer/FuzzerMain.cpp:20:10
    #7 0x7cfc2a5c183f in __libc_start_main (/lib/x86_64-linux-gnu/libc.so.6+0x2083f)
    #8 0x456f58 in _start (/out/Cr2DecompressorFuzzer+0x456f58)

DEDUP_TOKEN: rawspeed::RawImageData::checkRowIsInitialized(int)--rawspeed::RawImageData::checkMemIsInitialized()--LLVMFuzzerTestOneInput
  Uninitialized value was created by a heap allocation
    #0 0x4a0854 in __interceptor_posix_memalign /src/llvm/projects/compiler-rt/lib/msan/msan_interceptors.cc:165
    #1 0x50546e in rawspeed::alignedMalloc(unsigned long, unsigned long) /src/librawspeed/src/librawspeed/common/Memory.cpp:62:12
    #2 0x4da5ff in unsigned char* rawspeed::alignedMalloc<unsigned char, 16ul>(unsigned long) /src/librawspeed/src/librawspeed/common/Memory.h:60:31
    #3 0x4da5ff in unsigned char* rawspeed::alignedMallocArray<unsigned char, 16ul, false>(unsigned long, unsigned long) /src/librawspeed/src/librawspeed/common/Memory.h:78
    #4 0x4da5ff in rawspeed::RawImageData::createData() /src/librawspeed/src/librawspeed/common/RawImage.cpp:100
    #5 0x4d7383 in LLVMFuzzerTestOneInput /src/librawspeed/fuzz/librawspeed/decompressors/Cr2Decompressor.cpp:55:11
    #6 0x578df3 in fuzzer::Fuzzer::ExecuteCallback(unsigned char const*, unsigned long) /src/libfuzzer/FuzzerLoop.cpp:517:13
    #7 0x532273 in fuzzer::RunOneTest(fuzzer::Fuzzer*, char const*, unsigned long) /src/libfuzzer/FuzzerDriver.cpp:280:6
    #8 0x5447cf in fuzzer::FuzzerDriver(int*, char***, int (*)(unsigned char const*, unsigned long)) /src/libfuzzer/FuzzerDriver.cpp:703:9
    #9 0x5313b1 in main /src/libfuzzer/FuzzerMain.cpp:20:10
    #10 0x7cfc2a5c183f in __libc_start_main (/lib/x86_64-linux-gnu/libc.so.6+0x2083f)

DEDUP_TOKEN: __interceptor_posix_memalign--rawspeed::alignedMalloc(unsigned long, unsigned long)--unsigned char* rawspeed::alignedMalloc<unsigned char, 16ul>(unsigned long)
SUMMARY: MemorySanitizer: use-of-uninitialized-value /src/librawspeed/src/librawspeed/common/RawImage.cpp:174:3 in rawspeed::RawImageData::checkRowIsInitialized(int)
Exiting
