INFO: Seed: 2270766367
INFO: Loaded 1 modules   (120602 inline 8-bit counters): 120602 [0x31b75f0, 0x31d4d0a), 
INFO: Loaded 1 PC tables (120602 PCs): 120602 [0x31d4d10,0x33abeb0), 
/out/api_raster_n32_canvas: Running 1 inputs 1 time(s) each.
Running: /tmp/poc
Uninitialized bytes in __msan_check_mem_is_initialized at offset 384 inside [0x73100003bc00, 512)
==13==WARNING: MemorySanitizer: use-of-uninitialized-value
    #0 0xb42546 in sse2::blit_row_s32a_opaque(unsigned int*, unsigned int const*, int, unsigned int) /src/skia/out/Fuzz/../../src/opts/SkBlitRow_opts.h:83:5
    #1 0x14b2cb8 in Sprite_D32_S32::blitRect(int, int, int, int) /src/skia/out/Fuzz/../../src/core/SkSpriteBlitter_ARGB32.cpp:47:13
    #2 0xaa3240 in SkDraw::drawBitmap(SkBitmap const&, SkMatrix const&, SkRect const*, SkPaint const&) const /src/skia/out/Fuzz/../../src/core/SkDraw.cpp:1280:17
    #3 0x13624e9 in SkBitmapDevice::drawBitmapRect(SkBitmap const&, SkRect const*, SkRect const&, SkPaint const&, SkCanvas::SrcRectConstraint) /src/skia/out/Fuzz/../../src/core/SkBitmapDevice.cpp:431:13
    #4 0xa0f729 in SkCanvas::internalDrawBitmapRect(SkBitmap const&, SkRect const*, SkRect const&, SkPaint const*, SkCanvas::SrcRectConstraint) /src/skia/out/Fuzz/../../src/core/SkCanvas.cpp:2270:23
    #5 0xa03737 in SkCanvas::drawBitmapRect(SkBitmap const&, SkRect const&, SkRect const&, SkPaint const*, SkCanvas::SrcRectConstraint) /src/skia/out/Fuzz/../../src/core/SkCanvas.cpp:1773:11
    #6 0xa03a44 in SkCanvas::drawBitmapRect(SkBitmap const&, SkIRect const&, SkRect const&, SkPaint const*, SkCanvas::SrcRectConstraint) /src/skia/out/Fuzz/../../src/core/SkCanvas.cpp:1778:11
    #7 0xda9eb0 in SkSpecialImage_Raster::onDraw(SkCanvas*, float, float, SkPaint const*) const /src/skia/out/Fuzz/../../src/core/SkSpecialImage.cpp:229:17
    #8 0xfad700 in SkMergeImageFilter::onFilterImage(SkSpecialImage*, SkImageFilter::Context const&, SkIPoint*) const /src/skia/out/Fuzz/../../src/effects/SkMergeImageFilter.cpp:87:20
    #9 0xae683f in SkImageFilter::filterImage(SkSpecialImage*, SkImageFilter::Context const&, SkIPoint*) const /src/skia/out/Fuzz/../../src/core/SkImageFilter.cpp:220:40
    #10 0x1365305 in SkBitmapDevice::drawSpecial(SkSpecialImage*, int, int, SkPaint const&, SkImage*, SkMatrix const&) /src/skia/out/Fuzz/../../src/core/SkBitmapDevice.cpp:536:33
    #11 0x9f153c in SkCanvas::DrawDeviceWithFilter(SkBaseDevice*, SkImageFilter const*, SkBaseDevice*, SkIPoint const&, SkMatrix const&) /src/skia/out/Fuzz/../../src/core/SkCanvas.cpp:961:14
    #12 0x9f069f in SkCanvas::internalSaveLayer(SkCanvas::SaveLayerRec const&, SkCanvas::SaveLayerStrategy) /src/skia/out/Fuzz/../../src/core/SkCanvas.cpp:1072:9
    #13 0x9ef194 in SkCanvas::saveLayer(SkCanvas::SaveLayerRec const&) /src/skia/out/Fuzz/../../src/core/SkCanvas.cpp:936:11
    #14 0x79d318 in fuzz_canvas(Fuzz*, SkCanvas*, int) /src/skia/out/Fuzz/../../fuzz/FuzzCanvas.cpp:1169:25
    #15 0x7a0535 in fuzz_RasterN32Canvas(Fuzz*) /src/skia/out/Fuzz/../../fuzz/FuzzCanvas.cpp:1711:5
    #16 0x7cb9a1 in LLVMFuzzerTestOneInput /src/skia/out/Fuzz/../../fuzz/oss_fuzz/FuzzRasterN32Canvas.cpp:14:5
    #17 0x704763 in fuzzer::Fuzzer::ExecuteCallback(unsigned char const*, unsigned long) /src/libfuzzer/FuzzerLoop.cpp:517:13
    #18 0x6bdbb3 in fuzzer::RunOneTest(fuzzer::Fuzzer*, char const*, unsigned long) /src/libfuzzer/FuzzerDriver.cpp:280:6
    #19 0x6d010f in fuzzer::FuzzerDriver(int*, char***, int (*)(unsigned char const*, unsigned long)) /src/libfuzzer/FuzzerDriver.cpp:703:9
    #20 0x6bccf1 in main /src/libfuzzer/FuzzerMain.cpp:20:10
    #21 0x7a24a677a83f in __libc_start_main (/lib/x86_64-linux-gnu/libc.so.6+0x2083f)
    #22 0x64b868 in _start (/out/api_raster_n32_canvas+0x64b868)

DEDUP_TOKEN: sse2::blit_row_s32a_opaque(unsigned int*, unsigned int const*, int, unsigned int)--Sprite_D32_S32::blitRect(int, int, int, int)--SkDraw::drawBitmap(SkBitmap const&, SkMatrix const&, SkRect const*, SkPaint const&) const
  Uninitialized value was created by a heap allocation
    #0 0x67abd0 in __interceptor_malloc /src/llvm/projects/compiler-rt/lib/msan/msan_interceptors.cc:915
    #1 0xead17b in sk_malloc_flags(unsigned long, unsigned int) /src/skia/out/Fuzz/../../src/ports/SkMemory_malloc.cpp:69:13
    #2 0xaf703e in sk_malloc_canfail(unsigned long) /src/skia/out/Fuzz/../../include/private/SkMalloc.h:93:12
    #3 0xaf7917 in SkMallocPixelRef::MakeUsing(void* (*)(unsigned long), SkImageInfo const&, unsigned long) /src/skia/out/Fuzz/../../src/core/SkMallocPixelRef.cpp:81:18
    #4 0xaf7c08 in SkMallocPixelRef::MakeAllocate(SkImageInfo const&, unsigned long) /src/skia/out/Fuzz/../../src/core/SkMallocPixelRef.cpp:91:12
    #5 0x9c7f8b in SkBitmap::tryAllocPixels(SkImageInfo const&, unsigned long) /src/skia/out/Fuzz/../../src/core/SkBitmap.cpp:235:28
    #6 0xf6ea41 in SkDisplacementMapEffect::onFilterImage(SkSpecialImage*, SkImageFilter::Context const&, SkIPoint*) const /src/skia/out/Fuzz/../../src/effects/SkDisplacementMapEffect.cpp:351:14
    #7 0xae683f in SkImageFilter::filterImage(SkSpecialImage*, SkImageFilter::Context const&, SkIPoint*) const /src/skia/out/Fuzz/../../src/core/SkImageFilter.cpp:220:40
    #8 0xaebd29 in SkImageFilter::filterInput(int, SkSpecialImage*, SkImageFilter::Context const&, SkIPoint*) const /src/skia/out/Fuzz/../../src/core/SkImageFilter.cpp:521:41
    #9 0xfacc9f in SkMergeImageFilter::onFilterImage(SkSpecialImage*, SkImageFilter::Context const&, SkIPoint*) const /src/skia/out/Fuzz/../../src/effects/SkMergeImageFilter.cpp:47:27
    #10 0xae683f in SkImageFilter::filterImage(SkSpecialImage*, SkImageFilter::Context const&, SkIPoint*) const /src/skia/out/Fuzz/../../src/core/SkImageFilter.cpp:220:40
    #11 0x1365305 in SkBitmapDevice::drawSpecial(SkSpecialImage*, int, int, SkPaint const&, SkImage*, SkMatrix const&) /src/skia/out/Fuzz/../../src/core/SkBitmapDevice.cpp:536:33
    #12 0x9f153c in SkCanvas::DrawDeviceWithFilter(SkBaseDevice*, SkImageFilter const*, SkBaseDevice*, SkIPoint const&, SkMatrix const&) /src/skia/out/Fuzz/../../src/core/SkCanvas.cpp:961:14
    #13 0x9f069f in SkCanvas::internalSaveLayer(SkCanvas::SaveLayerRec const&, SkCanvas::SaveLayerStrategy) /src/skia/out/Fuzz/../../src/core/SkCanvas.cpp:1072:9
    #14 0x9ef194 in SkCanvas::saveLayer(SkCanvas::SaveLayerRec const&) /src/skia/out/Fuzz/../../src/core/SkCanvas.cpp:936:11
    #15 0x79d318 in fuzz_canvas(Fuzz*, SkCanvas*, int) /src/skia/out/Fuzz/../../fuzz/FuzzCanvas.cpp:1169:25
    #16 0x7a0535 in fuzz_RasterN32Canvas(Fuzz*) /src/skia/out/Fuzz/../../fuzz/FuzzCanvas.cpp:1711:5
    #17 0x7cb9a1 in LLVMFuzzerTestOneInput /src/skia/out/Fuzz/../../fuzz/oss_fuzz/FuzzRasterN32Canvas.cpp:14:5
    #18 0x704763 in fuzzer::Fuzzer::ExecuteCallback(unsigned char const*, unsigned long) /src/libfuzzer/FuzzerLoop.cpp:517:13
    #19 0x6bdbb3 in fuzzer::RunOneTest(fuzzer::Fuzzer*, char const*, unsigned long) /src/libfuzzer/FuzzerDriver.cpp:280:6

DEDUP_TOKEN: __interceptor_malloc--sk_malloc_flags(unsigned long, unsigned int)--sk_malloc_canfail(unsigned long)
SUMMARY: MemorySanitizer: use-of-uninitialized-value /src/skia/out/Fuzz/../../src/opts/SkBlitRow_opts.h:83:5 in sse2::blit_row_s32a_opaque(unsigned int*, unsigned int const*, int, unsigned int)
Exiting
