INFO: Seed: 2309916539
INFO: Loaded 1 modules   (186292 inline 8-bit counters): 186292 [0x4038730, 0x4065ee4), 
INFO: Loaded 1 PC tables (186292 PCs): 186292 [0x4065ee8,0x433da28), 
/out/api_raster_n32_canvas: Running 1 inputs 1 time(s) each.
Running: /tmp/poc
==13==WARNING: MemorySanitizer: use-of-uninitialized-value
    #0 0x1e832c9 in SkDashPath::InternalFilter(SkPath*, SkPath const&, SkStrokeRec*, SkRect const*, float const*, int, float, int, float, SkDashPath::StrokeRecApplication) /src/skia/out/Fuzz_mem_constraints/../../src/utils/SkDashPath.cpp:483:29
    #1 0x181f08c in SkDashImpl::filterPath(SkPath*, SkPath const&, SkStrokeRec*, SkRect const*) const /src/skia/out/Fuzz_mem_constraints/../../src/effects/SkDashPathEffect.cpp:45:12
    #2 0xd7faa6 in SkPaint::getFillPath(SkPath const&, SkPath*, SkRect const*, float) const /src/skia/out/Fuzz_mem_constraints/../../src/core/SkPaint.cpp:1330:37
    #3 0xc096df in SkDraw::drawPath(SkPath const&, SkPaint const&, SkMatrix const*, bool, bool, SkBlitter*, SkInitOnceData*) const /src/skia/out/Fuzz_mem_constraints/../../src/core/SkDraw.cpp:1134:25
    #4 0xc02de8 in SkDraw::drawPath(SkPath const&, SkPaint const&, SkMatrix const*, bool) const /src/skia/out/Fuzz_mem_constraints/../../src/core/SkDraw.h:58:15
    #5 0x1ca938b in SkBitmapDevice::drawPath(SkPath const&, SkPaint const&, SkMatrix const*, bool) /src/skia/out/Fuzz_mem_constraints/../../src/core/SkBitmapDevice.cpp:409:15
    #6 0xb8ae33 in SkCanvas::onDrawPath(SkPath const&, SkPaint const&) /src/skia/out/Fuzz_mem_constraints/../../src/core/SkCanvas.cpp:2157:23
    #7 0xb7f934 in SkCanvas::drawPath(SkPath const&, SkPaint const&) /src/skia/out/Fuzz_mem_constraints/../../src/core/SkCanvas.cpp:1716:11
    #8 0x8dafcb in fuzz_canvas(Fuzz*, SkCanvas*, int) /src/skia/out/Fuzz_mem_constraints/../../fuzz/FuzzCanvas.cpp:1349:25
    #9 0x8e0c35 in fuzz_RasterN32Canvas(Fuzz*) /src/skia/out/Fuzz_mem_constraints/../../fuzz/FuzzCanvas.cpp:1729:5
    #10 0x90e171 in LLVMFuzzerTestOneInput /src/skia/out/Fuzz_mem_constraints/../../fuzz/oss_fuzz/FuzzRasterN32Canvas.cpp:14:5
    #11 0x83d13c in fuzzer::Fuzzer::ExecuteCallback(unsigned char const*, unsigned long) /src/libfuzzer/FuzzerLoop.cpp:526:13
    #12 0x7f74a6 in fuzzer::RunOneTest(fuzzer::Fuzzer*, char const*, unsigned long) /src/libfuzzer/FuzzerDriver.cpp:280:6
    #13 0x807e40 in fuzzer::FuzzerDriver(int*, char***, int (*)(unsigned char const*, unsigned long)) /src/libfuzzer/FuzzerDriver.cpp:707:9
    #14 0x7f65f1 in main /src/libfuzzer/FuzzerMain.cpp:20:10
    #15 0x7aa86bf6183f in __libc_start_main (/lib/x86_64-linux-gnu/libc.so.6+0x2083f)
    #16 0x7830b8 in _start (/out/api_raster_n32_canvas+0x7830b8)

DEDUP_TOKEN: SkDashPath::InternalFilter(SkPath*, SkPath const&, SkStrokeRec*, SkRect const*, float const*, int, float, int, float, SkDashPath::StrokeRecApplication)--SkDashImpl::filterPath(SkPath*, SkPath const&, SkStrokeRec*, SkRect const*) const--SkPaint::getFillPath(SkPath const&, SkPath*, SkRect const*, float) const
  Uninitialized value was created by an allocation of 'meas' in the stack frame of function '_ZN10SkDashPath14InternalFilterEP6SkPathRKS0_P11SkStrokeRecPK6SkRectPKfififNS_20StrokeRecApplicationE'
    #0 0x1e816d0 in SkDashPath::InternalFilter(SkPath*, SkPath const&, SkStrokeRec*, SkRect const*, float const*, int, float, int, float, SkDashPath::StrokeRecApplication) /src/skia/out/Fuzz_mem_constraints/../../src/utils/SkDashPath.cpp:363

DEDUP_TOKEN: SkDashPath::InternalFilter(SkPath*, SkPath const&, SkStrokeRec*, SkRect const*, float const*, int, float, int, float, SkDashPath::StrokeRecApplication)
SUMMARY: MemorySanitizer: use-of-uninitialized-value /src/skia/out/Fuzz_mem_constraints/../../src/utils/SkDashPath.cpp:483:29 in SkDashPath::InternalFilter(SkPath*, SkPath const&, SkStrokeRec*, SkRect const*, float const*, int, float, int, float, SkDashPath::StrokeRecApplication)
Unique heap origins: 189
Stack depot allocated bytes: 27256
Unique origin histories: 15
History depot allocated bytes: 360
Exiting
